Now loading data using DB:  etcd
core
Using request distribution 'uniform' a keyrange of [0 99999]
***************** properties *****************
"readproportion"="0.5"
"etcd.endpoints"="192.168.37.11:2379"
"requestdistribution"="uniform"
"insertproportion"="0"
"updateproportion"="0.5"
"command"="run"
"readallfields"="true"
"operationcount"="50000"
"recordcount"="100000"
"dotransactions"="true"
"scanproportion"="0"
"workload"="core"
"etcd.dial_timeout"="1s"
"threadcount"="5"
"docollectingdata"="false"
**********************************************
READ   - Takes(s): 9.8, Count: 127, OPS: 12.9, Avg(us): 125576, Min(us): 89152, Max(us): 236287, 50th(us): 123967, 90th(us): 153215, 95th(us): 161407, 99th(us): 236159, 99.9th(us): 236287, 99.99th(us): 236287
READ_ERROR - Takes(s): 9.6, Count: 84, OPS: 8.8, Avg(us): 127965, Min(us): 89920, Max(us): 183039, 50th(us): 123967, 90th(us): 156159, 95th(us): 165759, 99th(us): 178303, 99.9th(us): 183039, 99.99th(us): 183039
TOTAL  - Takes(s): 9.8, Count: 347, OPS: 35.3, Avg(us): 111585, Min(us): 86016, Max(us): 236287, 50th(us): 106303, 90th(us): 136575, 95th(us): 152831, 99th(us): 182143, 99.9th(us): 236287, 99.99th(us): 236287
UPDATE - Takes(s): 9.8, Count: 220, OPS: 22.4, Avg(us): 103509, Min(us): 86016, Max(us): 182143, 50th(us): 100735, 90th(us): 116287, 95th(us): 121535, 99th(us): 142847, 99.9th(us): 182143, 99.99th(us): 182143
READ   - Takes(s): 19.8, Count: 253, OPS: 12.8, Avg(us): 129981, Min(us): 89152, Max(us): 236287, 50th(us): 126143, 90th(us): 160895, 95th(us): 168191, 99th(us): 184575, 99.9th(us): 236287, 99.99th(us): 236287
READ_ERROR - Takes(s): 19.6, Count: 166, OPS: 8.5, Avg(us): 130433, Min(us): 89920, Max(us): 183807, 50th(us): 126079, 90th(us): 159999, 95th(us): 172031, 99th(us): 181503, 99.9th(us): 183807, 99.99th(us): 183807
TOTAL  - Takes(s): 19.8, Count: 678, OPS: 34.2, Avg(us): 114913, Min(us): 86016, Max(us): 236287, 50th(us): 110399, 90th(us): 142975, 95th(us): 158847, 99th(us): 178687, 99.9th(us): 236159, 99.99th(us): 236287
UPDATE - Takes(s): 19.8, Count: 425, OPS: 21.4, Avg(us): 105942, Min(us): 86016, Max(us): 182143, 50th(us): 104447, 90th(us): 120319, 95th(us): 124159, 99th(us): 132863, 99.9th(us): 182143, 99.99th(us): 182143
READ   - Takes(s): 29.8, Count: 397, OPS: 13.3, Avg(us): 133202, Min(us): 89152, Max(us): 236287, 50th(us): 129087, 90th(us): 163583, 95th(us): 174975, 99th(us): 195711, 99.9th(us): 236287, 99.99th(us): 236287
READ_ERROR - Takes(s): 29.6, Count: 235, OPS: 7.9, Avg(us): 132948, Min(us): 89920, Max(us): 183807, 50th(us): 130815, 90th(us): 162303, 95th(us): 170239, 99th(us): 181503, 99.9th(us): 183807, 99.99th(us): 183807
TOTAL  - Takes(s): 29.8, Count: 1010, OPS: 33.9, Avg(us): 117182, Min(us): 86016, Max(us): 236287, 50th(us): 111807, 90th(us): 148607, 95th(us): 160383, 99th(us): 184063, 99.9th(us): 236159, 99.99th(us): 236287
UPDATE - Takes(s): 29.8, Count: 613, OPS: 20.6, Avg(us): 106808, Min(us): 86016, Max(us): 182143, 50th(us): 105535, 90th(us): 121087, 95th(us): 124799, 99th(us): 133247, 99.9th(us): 181887, 99.99th(us): 182143
READ   - Takes(s): 39.8, Count: 520, OPS: 13.1, Avg(us): 136088, Min(us): 89152, Max(us): 236287, 50th(us): 132479, 90th(us): 168191, 95th(us): 177663, 99th(us): 199679, 99.9th(us): 236159, 99.99th(us): 236287
READ_ERROR - Takes(s): 39.6, Count: 312, OPS: 7.9, Avg(us): 135234, Min(us): 89920, Max(us): 189695, 50th(us): 134399, 90th(us): 164223, 95th(us): 173183, 99th(us): 184319, 99.9th(us): 189695, 99.99th(us): 189695
TOTAL  - Takes(s): 39.8, Count: 1327, OPS: 33.3, Avg(us): 118646, Min(us): 86016, Max(us): 236287, 50th(us): 112895, 90th(us): 151167, 95th(us): 163967, 99th(us): 188799, 99.9th(us): 236159, 99.99th(us): 236287
UPDATE - Takes(s): 39.8, Count: 807, OPS: 20.3, Avg(us): 107406, Min(us): 86016, Max(us): 182143, 50th(us): 106367, 90th(us): 121471, 95th(us): 125119, 99th(us): 133247, 99.9th(us): 181887, 99.99th(us): 182143
READ   - Takes(s): 49.8, Count: 635, OPS: 12.7, Avg(us): 137591, Min(us): 89152, Max(us): 236287, 50th(us): 133503, 90th(us): 171903, 95th(us): 182527, 99th(us): 199295, 99.9th(us): 236159, 99.99th(us): 236287
READ_ERROR - Takes(s): 49.6, Count: 397, OPS: 8.0, Avg(us): 136850, Min(us): 89920, Max(us): 202751, 50th(us): 136319, 90th(us): 166783, 95th(us): 176383, 99th(us): 188927, 99.9th(us): 202751, 99.99th(us): 202751
TOTAL  - Takes(s): 49.8, Count: 1635, OPS: 32.8, Avg(us): 119572, Min(us): 86016, Max(us): 236287, 50th(us): 113471, 90th(us): 153087, 95th(us): 166399, 99th(us): 188799, 99.9th(us): 221951, 99.99th(us): 236287
UPDATE - Takes(s): 49.8, Count: 1000, OPS: 20.1, Avg(us): 108130, Min(us): 86016, Max(us): 182143, 50th(us): 107135, 90th(us): 122303, 95th(us): 125503, 99th(us): 133247, 99.9th(us): 181887, 99.99th(us): 182143
READ   - Takes(s): 59.8, Count: 748, OPS: 12.5, Avg(us): 138436, Min(us): 89152, Max(us): 236287, 50th(us): 134143, 90th(us): 171903, 95th(us): 182783, 99th(us): 199295, 99.9th(us): 236159, 99.99th(us): 236287
READ_ERROR - Takes(s): 59.6, Count: 475, OPS: 8.0, Avg(us): 137560, Min(us): 88896, Max(us): 202751, 50th(us): 136447, 90th(us): 170111, 95th(us): 178815, 99th(us): 194815, 99.9th(us): 202751, 99.99th(us): 202751
TOTAL  - Takes(s): 59.8, Count: 1947, OPS: 32.5, Avg(us): 120283, Min(us): 86016, Max(us): 236287, 50th(us): 114175, 90th(us): 154111, 95th(us): 167551, 99th(us): 189055, 99.9th(us): 221951, 99.99th(us): 236287
UPDATE - Takes(s): 59.8, Count: 1199, OPS: 20.0, Avg(us): 108959, Min(us): 86016, Max(us): 182143, 50th(us): 108287, 90th(us): 123135, 95th(us): 127231, 99th(us): 133887, 99.9th(us): 181887, 99.99th(us): 182143
READ   - Takes(s): 69.8, Count: 875, OPS: 12.5, Avg(us): 139480, Min(us): 89152, Max(us): 236287, 50th(us): 135807, 90th(us): 172671, 95th(us): 183679, 99th(us): 198783, 99.9th(us): 236159, 99.99th(us): 236287
READ_ERROR - Takes(s): 69.6, Count: 543, OPS: 7.8, Avg(us): 138768, Min(us): 88896, Max(us): 215039, 50th(us): 136831, 90th(us): 172031, 95th(us): 182911, 99th(us): 201343, 99.9th(us): 204415, 99.99th(us): 215039
TOTAL  - Takes(s): 69.8, Count: 2265, OPS: 32.4, Avg(us): 121086, Min(us): 86016, Max(us): 236287, 50th(us): 115135, 90th(us): 155391, 95th(us): 168447, 99th(us): 189695, 99.9th(us): 221951, 99.99th(us): 236287
UPDATE - Takes(s): 69.8, Count: 1390, OPS: 19.9, Avg(us): 109506, Min(us): 86016, Max(us): 182143, 50th(us): 108799, 90th(us): 123903, 95th(us): 127871, 99th(us): 134911, 99.9th(us): 181887, 99.99th(us): 182143
READ   - Takes(s): 79.8, Count: 1024, OPS: 12.8, Avg(us): 139136, Min(us): 89152, Max(us): 236287, 50th(us): 135935, 90th(us): 172543, 95th(us): 182783, 99th(us): 198783, 99.9th(us): 236159, 99.99th(us): 236287
READ_ERROR - Takes(s): 79.6, Count: 614, OPS: 7.7, Avg(us): 138446, Min(us): 88896, Max(us): 215039, 50th(us): 136575, 90th(us): 171647, 95th(us): 181503, 99th(us): 198015, 99.9th(us): 204415, 99.99th(us): 215039
TOTAL  - Takes(s): 79.8, Count: 2601, OPS: 32.6, Avg(us): 121027, Min(us): 86016, Max(us): 236287, 50th(us): 114815, 90th(us): 155647, 95th(us): 168447, 99th(us): 190079, 99.9th(us): 205567, 99.99th(us): 236287
UPDATE - Takes(s): 79.8, Count: 1577, OPS: 19.8, Avg(us): 109268, Min(us): 86016, Max(us): 182143, 50th(us): 108479, 90th(us): 123583, 95th(us): 127423, 99th(us): 134911, 99.9th(us): 145151, 99.99th(us): 182143
READ   - Takes(s): 89.8, Count: 1165, OPS: 13.0, Avg(us): 138470, Min(us): 89152, Max(us): 236287, 50th(us): 135295, 90th(us): 171391, 95th(us): 181247, 99th(us): 198527, 99.9th(us): 236159, 99.99th(us): 236287
READ_ERROR - Takes(s): 89.6, Count: 677, OPS: 7.6, Avg(us): 137980, Min(us): 88896, Max(us): 215039, 50th(us): 135679, 90th(us): 170879, 95th(us): 180351, 99th(us): 195199, 99.9th(us): 204415, 99.99th(us): 215039
TOTAL  - Takes(s): 89.8, Count: 2954, OPS: 32.9, Avg(us): 120577, Min(us): 86016, Max(us): 236287, 50th(us): 114431, 90th(us): 154495, 95th(us): 167423, 99th(us): 188799, 99.9th(us): 205567, 99.99th(us): 236287
UPDATE - Takes(s): 89.8, Count: 1789, OPS: 19.9, Avg(us): 108925, Min(us): 86016, Max(us): 182143, 50th(us): 108031, 90th(us): 123007, 95th(us): 127231, 99th(us): 134783, 99.9th(us): 145151, 99.99th(us): 182143
READ   - Takes(s): 99.8, Count: 1282, OPS: 12.8, Avg(us): 137759, Min(us): 89152, Max(us): 236287, 50th(us): 134143, 90th(us): 170367, 95th(us): 179327, 99th(us): 198143, 99.9th(us): 236159, 99.99th(us): 236287
READ_ERROR - Takes(s): 99.6, Count: 772, OPS: 7.8, Avg(us): 136915, Min(us): 88896, Max(us): 215039, 50th(us): 134527, 90th(us): 170239, 95th(us): 178815, 99th(us): 194943, 99.9th(us): 204415, 99.99th(us): 215039
TOTAL  - Takes(s): 99.8, Count: 3281, OPS: 32.9, Avg(us): 120053, Min(us): 86016, Max(us): 236287, 50th(us): 113855, 90th(us): 153599, 95th(us): 166527, 99th(us): 188287, 99.9th(us): 205567, 99.99th(us): 236287
UPDATE - Takes(s): 99.8, Count: 1999, OPS: 20.0, Avg(us): 108698, Min(us): 86016, Max(us): 182143, 50th(us): 107839, 90th(us): 122495, 95th(us): 126527, 99th(us): 134143, 99.9th(us): 145151, 99.99th(us): 182143
READ   - Takes(s): 109.8, Count: 1419, OPS: 12.9, Avg(us): 137136, Min(us): 89152, Max(us): 236287, 50th(us): 133631, 90th(us): 169087, 95th(us): 178687, 99th(us): 197247, 99.9th(us): 236159, 99.99th(us): 236287
READ_ERROR - Takes(s): 109.6, Count: 845, OPS: 7.7, Avg(us): 136176, Min(us): 88896, Max(us): 215039, 50th(us): 133759, 90th(us): 169471, 95th(us): 178303, 99th(us): 194943, 99.9th(us): 204415, 99.99th(us): 215039
TOTAL  - Takes(s): 109.8, Count: 3631, OPS: 33.1, Avg(us): 119663, Min(us): 86016, Max(us): 236287, 50th(us): 113471, 90th(us): 152703, 95th(us): 165759, 99th(us): 187519, 99.9th(us): 204031, 99.99th(us): 236287
UPDATE - Takes(s): 109.8, Count: 2212, OPS: 20.1, Avg(us): 108453, Min(us): 86016, Max(us): 182143, 50th(us): 107519, 90th(us): 122047, 95th(us): 125695, 99th(us): 133759, 99.9th(us): 145151, 99.99th(us): 182143
READ   - Takes(s): 119.8, Count: 1564, OPS: 13.1, Avg(us): 136377, Min(us): 87232, Max(us): 236287, 50th(us): 132991, 90th(us): 167807, 95th(us): 177791, 99th(us): 196351, 99.9th(us): 221951, 99.99th(us): 236287
READ_ERROR - Takes(s): 119.6, Count: 920, OPS: 7.7, Avg(us): 135846, Min(us): 88896, Max(us): 215039, 50th(us): 133503, 90th(us): 167167, 95th(us): 177919, 99th(us): 194815, 99.9th(us): 204415, 99.99th(us): 215039
TOTAL  - Takes(s): 119.8, Count: 3984, OPS: 33.2, Avg(us): 119164, Min(us): 86016, Max(us): 236287, 50th(us): 113087, 90th(us): 151551, 95th(us): 164223, 99th(us): 186111, 99.9th(us): 204031, 99.99th(us): 236287
UPDATE - Takes(s): 119.8, Count: 2420, OPS: 20.2, Avg(us): 108039, Min(us): 86016, Max(us): 182143, 50th(us): 107071, 90th(us): 121215, 95th(us): 125375, 99th(us): 133375, 99.9th(us): 145151, 99.99th(us): 182143
READ   - Takes(s): 129.8, Count: 1724, OPS: 13.3, Avg(us): 135643, Min(us): 87232, Max(us): 236287, 50th(us): 132735, 90th(us): 166783, 95th(us): 177407, 99th(us): 195839, 99.9th(us): 221951, 99.99th(us): 236287
READ_ERROR - Takes(s): 129.6, Count: 982, OPS: 7.6, Avg(us): 134995, Min(us): 88896, Max(us): 215039, 50th(us): 132479, 90th(us): 166399, 95th(us): 176895, 99th(us): 194815, 99.9th(us): 204415, 99.99th(us): 215039
TOTAL  - Takes(s): 129.8, Count: 4351, OPS: 33.5, Avg(us): 118840, Min(us): 86016, Max(us): 236287, 50th(us): 112767, 90th(us): 150911, 95th(us): 163711, 99th(us): 184575, 99.9th(us): 204031, 99.99th(us): 236287
UPDATE - Takes(s): 129.8, Count: 2627, OPS: 20.2, Avg(us): 107813, Min(us): 86016, Max(us): 182143, 50th(us): 106879, 90th(us): 120767, 95th(us): 124863, 99th(us): 133247, 99.9th(us): 143103, 99.99th(us): 182143
READ   - Takes(s): 139.8, Count: 1892, OPS: 13.5, Avg(us): 135374, Min(us): 87232, Max(us): 236287, 50th(us): 132479, 90th(us): 165887, 95th(us): 176767, 99th(us): 195199, 99.9th(us): 221951, 99.99th(us): 236287
READ_ERROR - Takes(s): 139.6, Count: 1040, OPS: 7.5, Avg(us): 134583, Min(us): 88896, Max(us): 215039, 50th(us): 131839, 90th(us): 165759, 95th(us): 176511, 99th(us): 194815, 99.9th(us): 204415, 99.99th(us): 215039
TOTAL  - Takes(s): 139.8, Count: 4713, OPS: 33.7, Avg(us): 118755, Min(us): 86016, Max(us): 236287, 50th(us): 112831, 90th(us): 150527, 95th(us): 162815, 99th(us): 184063, 99.9th(us): 202495, 99.99th(us): 236287
UPDATE - Takes(s): 139.8, Count: 2821, OPS: 20.2, Avg(us): 107610, Min(us): 86016, Max(us): 182143, 50th(us): 106559, 90th(us): 120511, 95th(us): 124799, 99th(us): 133119, 99.9th(us): 143103, 99.99th(us): 182143
READ   - Takes(s): 149.8, Count: 2040, OPS: 13.6, Avg(us): 135015, Min(us): 87232, Max(us): 236287, 50th(us): 132223, 90th(us): 165247, 95th(us): 175999, 99th(us): 194943, 99.9th(us): 221951, 99.99th(us): 236287
READ_ERROR - Takes(s): 149.6, Count: 1107, OPS: 7.4, Avg(us): 134274, Min(us): 88896, Max(us): 215039, 50th(us): 131455, 90th(us): 164607, 95th(us): 176255, 99th(us): 194175, 99.9th(us): 204415, 99.99th(us): 215039
TOTAL  - Takes(s): 149.8, Count: 5068, OPS: 33.8, Avg(us): 118583, Min(us): 86016, Max(us): 236287, 50th(us): 112767, 90th(us): 150143, 95th(us): 162431, 99th(us): 183679, 99.9th(us): 202495, 99.99th(us): 236159
UPDATE - Takes(s): 149.8, Count: 3028, OPS: 20.2, Avg(us): 107513, Min(us): 86016, Max(us): 182143, 50th(us): 106495, 90th(us): 120319, 95th(us): 124543, 99th(us): 133119, 99.9th(us): 143103, 99.99th(us): 182143
READ   - Takes(s): 159.8, Count: 2193, OPS: 13.7, Avg(us): 134298, Min(us): 87232, Max(us): 236287, 50th(us): 131327, 90th(us): 164223, 95th(us): 173695, 99th(us): 193023, 99.9th(us): 221951, 99.99th(us): 236287
READ_ERROR - Takes(s): 159.6, Count: 1162, OPS: 7.3, Avg(us): 133841, Min(us): 88896, Max(us): 215039, 50th(us): 131199, 90th(us): 164351, 95th(us): 175999, 99th(us): 192895, 99.9th(us): 204415, 99.99th(us): 215039
TOTAL  - Takes(s): 159.8, Count: 5448, OPS: 34.1, Avg(us): 118196, Min(us): 86016, Max(us): 236287, 50th(us): 112447, 90th(us): 148991, 95th(us): 161535, 99th(us): 182911, 99.9th(us): 202495, 99.99th(us): 236159
UPDATE - Takes(s): 159.8, Count: 3255, OPS: 20.4, Avg(us): 107347, Min(us): 86016, Max(us): 182143, 50th(us): 106367, 90th(us): 119935, 95th(us): 124223, 99th(us): 132863, 99.9th(us): 143103, 99.99th(us): 182143
READ   - Takes(s): 169.8, Count: 2353, OPS: 13.9, Avg(us): 134139, Min(us): 87232, Max(us): 236287, 50th(us): 131199, 90th(us): 164095, 95th(us): 173439, 99th(us): 193919, 99.9th(us): 221951, 99.99th(us): 236287
READ_ERROR - Takes(s): 169.6, Count: 1213, OPS: 7.2, Avg(us): 133570, Min(us): 88896, Max(us): 215039, 50th(us): 130943, 90th(us): 164095, 95th(us): 174975, 99th(us): 192895, 99.9th(us): 204415, 99.99th(us): 215039
TOTAL  - Takes(s): 169.8, Count: 5821, OPS: 34.3, Avg(us): 118108, Min(us): 86016, Max(us): 236287, 50th(us): 112191, 90th(us): 148735, 95th(us): 161407, 99th(us): 182911, 99.9th(us): 200319, 99.99th(us): 236159
UPDATE - Takes(s): 169.8, Count: 3468, OPS: 20.4, Avg(us): 107231, Min(us): 86016, Max(us): 182143, 50th(us): 106239, 90th(us): 119551, 95th(us): 123967, 99th(us): 132607, 99.9th(us): 143103, 99.99th(us): 182143
READ   - Takes(s): 179.8, Count: 2502, OPS: 13.9, Avg(us): 134123, Min(us): 87232, Max(us): 236287, 50th(us): 131327, 90th(us): 164223, 95th(us): 174463, 99th(us): 193023, 99.9th(us): 205567, 99.99th(us): 236287
READ_ERROR - Takes(s): 179.6, Count: 1266, OPS: 7.0, Avg(us): 133532, Min(us): 88896, Max(us): 215039, 50th(us): 130943, 90th(us): 163967, 95th(us): 174719, 99th(us): 192895, 99.9th(us): 204415, 99.99th(us): 215039
TOTAL  - Takes(s): 179.8, Count: 6188, OPS: 34.4, Avg(us): 118067, Min(us): 86016, Max(us): 236287, 50th(us): 112063, 90th(us): 148479, 95th(us): 161663, 99th(us): 182527, 99.9th(us): 200319, 99.99th(us): 236159
UPDATE - Takes(s): 179.8, Count: 3686, OPS: 20.5, Avg(us): 107168, Min(us): 86016, Max(us): 182143, 50th(us): 106239, 90th(us): 119487, 95th(us): 123775, 99th(us): 132351, 99.9th(us): 143103, 99.99th(us): 182143
READ   - Takes(s): 189.8, Count: 2666, OPS: 14.0, Avg(us): 133880, Min(us): 87232, Max(us): 236287, 50th(us): 131071, 90th(us): 163967, 95th(us): 173055, 99th(us): 191487, 99.9th(us): 205567, 99.99th(us): 236287
READ_ERROR - Takes(s): 189.6, Count: 1318, OPS: 7.0, Avg(us): 133426, Min(us): 88896, Max(us): 215039, 50th(us): 130815, 90th(us): 163711, 95th(us): 174463, 99th(us): 192895, 99.9th(us): 204415, 99.99th(us): 215039
TOTAL  - Takes(s): 189.8, Count: 6558, OPS: 34.5, Avg(us): 117980, Min(us): 86016, Max(us): 236287, 50th(us): 111935, 90th(us): 148351, 95th(us): 161151, 99th(us): 181631, 99.9th(us): 199679, 99.99th(us): 236159
UPDATE - Takes(s): 189.8, Count: 3892, OPS: 20.5, Avg(us): 107089, Min(us): 86016, Max(us): 182143, 50th(us): 106175, 90th(us): 119231, 95th(us): 123455, 99th(us): 131839, 99.9th(us): 143103, 99.99th(us): 182143
READ   - Takes(s): 199.8, Count: 2820, OPS: 14.1, Avg(us): 133769, Min(us): 87232, Max(us): 236287, 50th(us): 130943, 90th(us): 164223, 95th(us): 172927, 99th(us): 190719, 99.9th(us): 205567, 99.99th(us): 236287
READ_ERROR - Takes(s): 199.6, Count: 1374, OPS: 6.9, Avg(us): 133220, Min(us): 88896, Max(us): 215039, 50th(us): 130559, 90th(us): 163583, 95th(us): 173183, 99th(us): 192767, 99.9th(us): 204415, 99.99th(us): 215039
TOTAL  - Takes(s): 199.8, Count: 6924, OPS: 34.6, Avg(us): 117941, Min(us): 86016, Max(us): 236287, 50th(us): 111871, 90th(us): 148223, 95th(us): 161663, 99th(us): 181119, 99.9th(us): 199679, 99.99th(us): 236159
UPDATE - Takes(s): 199.8, Count: 4104, OPS: 20.5, Avg(us): 107065, Min(us): 86016, Max(us): 182143, 50th(us): 106175, 90th(us): 118911, 95th(us): 123327, 99th(us): 131583, 99.9th(us): 143103, 99.99th(us): 182143
READ   - Takes(s): 209.8, Count: 2972, OPS: 14.2, Avg(us): 133590, Min(us): 87232, Max(us): 236287, 50th(us): 130879, 90th(us): 163967, 95th(us): 172799, 99th(us): 190207, 99.9th(us): 205567, 99.99th(us): 236287
READ_ERROR - Takes(s): 209.6, Count: 1435, OPS: 6.8, Avg(us): 133050, Min(us): 88896, Max(us): 215039, 50th(us): 130239, 90th(us): 163455, 95th(us): 173183, 99th(us): 192767, 99.9th(us): 204415, 99.99th(us): 215039
TOTAL  - Takes(s): 209.8, Count: 7288, OPS: 34.7, Avg(us): 117828, Min(us): 86016, Max(us): 236287, 50th(us): 111807, 90th(us): 148095, 95th(us): 161535, 99th(us): 181119, 99.9th(us): 199679, 99.99th(us): 236159
UPDATE - Takes(s): 209.8, Count: 4316, OPS: 20.6, Avg(us): 106974, Min(us): 86016, Max(us): 182143, 50th(us): 105983, 90th(us): 118719, 95th(us): 123135, 99th(us): 131711, 99.9th(us): 143103, 99.99th(us): 182143
READ   - Takes(s): 219.8, Count: 3137, OPS: 14.3, Avg(us): 133037, Min(us): 87232, Max(us): 236287, 50th(us): 130239, 90th(us): 163583, 95th(us): 172159, 99th(us): 190079, 99.9th(us): 205567, 99.99th(us): 236287
READ_ERROR - Takes(s): 219.6, Count: 1490, OPS: 6.8, Avg(us): 132595, Min(us): 88576, Max(us): 215039, 50th(us): 129727, 90th(us): 162559, 95th(us): 173183, 99th(us): 190975, 99.9th(us): 204415, 99.99th(us): 215039
TOTAL  - Takes(s): 219.8, Count: 7678, OPS: 34.9, Avg(us): 117483, Min(us): 86016, Max(us): 236287, 50th(us): 111487, 90th(us): 147455, 95th(us): 160639, 99th(us): 179967, 99.9th(us): 199295, 99.99th(us): 236159
UPDATE - Takes(s): 219.8, Count: 4541, OPS: 20.7, Avg(us): 106738, Min(us): 86016, Max(us): 182143, 50th(us): 105791, 90th(us): 118271, 95th(us): 122815, 99th(us): 131327, 99.9th(us): 143103, 99.99th(us): 182143
READ   - Takes(s): 229.8, Count: 3314, OPS: 14.4, Avg(us): 132475, Min(us): 87232, Max(us): 236287, 50th(us): 129663, 90th(us): 162943, 95th(us): 171775, 99th(us): 189311, 99.9th(us): 205567, 99.99th(us): 236287
READ_ERROR - Takes(s): 229.6, Count: 1547, OPS: 6.7, Avg(us): 132244, Min(us): 88576, Max(us): 215039, 50th(us): 129215, 90th(us): 162175, 95th(us): 172799, 99th(us): 190975, 99.9th(us): 204159, 99.99th(us): 215039
TOTAL  - Takes(s): 229.8, Count: 8063, OPS: 35.1, Avg(us): 117209, Min(us): 86016, Max(us): 236287, 50th(us): 111359, 90th(us): 146559, 95th(us): 159871, 99th(us): 179327, 99.9th(us): 199295, 99.99th(us): 236159
UPDATE - Takes(s): 229.8, Count: 4749, OPS: 20.7, Avg(us): 106555, Min(us): 86016, Max(us): 182143, 50th(us): 105535, 90th(us): 118015, 95th(us): 122623, 99th(us): 131327, 99.9th(us): 143103, 99.99th(us): 182143
READ   - Takes(s): 239.8, Count: 3484, OPS: 14.5, Avg(us): 132049, Min(us): 87232, Max(us): 236287, 50th(us): 129215, 90th(us): 162431, 95th(us): 171135, 99th(us): 188799, 99.9th(us): 205567, 99.99th(us): 236287
READ_ERROR - Takes(s): 239.6, Count: 1582, OPS: 6.6, Avg(us): 132076, Min(us): 88576, Max(us): 215039, 50th(us): 129215, 90th(us): 161791, 95th(us): 172287, 99th(us): 189695, 99.9th(us): 204159, 99.99th(us): 215039
TOTAL  - Takes(s): 239.8, Count: 8474, OPS: 35.3, Avg(us): 116903, Min(us): 86016, Max(us): 236287, 50th(us): 111039, 90th(us): 146047, 95th(us): 159359, 99th(us): 178687, 99.9th(us): 199295, 99.99th(us): 236159
UPDATE - Takes(s): 239.8, Count: 4990, OPS: 20.8, Avg(us): 106328, Min(us): 86016, Max(us): 182143, 50th(us): 105279, 90th(us): 117631, 95th(us): 122367, 99th(us): 130943, 99.9th(us): 143103, 99.99th(us): 182143
READ   - Takes(s): 249.8, Count: 3653, OPS: 14.6, Avg(us): 131766, Min(us): 87232, Max(us): 236287, 50th(us): 129087, 90th(us): 161919, 95th(us): 170367, 99th(us): 188671, 99.9th(us): 204031, 99.99th(us): 236287
READ_ERROR - Takes(s): 249.6, Count: 1629, OPS: 6.5, Avg(us): 131845, Min(us): 88576, Max(us): 215039, 50th(us): 128895, 90th(us): 161791, 95th(us): 172031, 99th(us): 189695, 99.9th(us): 204159, 99.99th(us): 215039
TOTAL  - Takes(s): 249.8, Count: 8866, OPS: 35.5, Avg(us): 116720, Min(us): 86016, Max(us): 236287, 50th(us): 110783, 90th(us): 145791, 95th(us): 158847, 99th(us): 178431, 99.9th(us): 199295, 99.99th(us): 236159
UPDATE - Takes(s): 249.8, Count: 5213, OPS: 20.9, Avg(us): 106176, Min(us): 86016, Max(us): 182143, 50th(us): 105087, 90th(us): 117439, 95th(us): 122175, 99th(us): 130751, 99.9th(us): 143103, 99.99th(us): 181887
READ   - Takes(s): 259.8, Count: 3827, OPS: 14.7, Avg(us): 131482, Min(us): 87232, Max(us): 236287, 50th(us): 128767, 90th(us): 161663, 95th(us): 170111, 99th(us): 188287, 99.9th(us): 204031, 99.99th(us): 236287
READ_ERROR - Takes(s): 259.6, Count: 1672, OPS: 6.4, Avg(us): 131783, Min(us): 88576, Max(us): 215039, 50th(us): 128895, 90th(us): 161535, 95th(us): 171647, 99th(us): 189311, 99.9th(us): 204159, 99.99th(us): 215039
TOTAL  - Takes(s): 259.8, Count: 9261, OPS: 35.6, Avg(us): 116537, Min(us): 86016, Max(us): 236287, 50th(us): 110527, 90th(us): 145279, 95th(us): 158591, 99th(us): 178047, 99.9th(us): 199295, 99.99th(us): 236159
UPDATE - Takes(s): 259.8, Count: 5434, OPS: 20.9, Avg(us): 106011, Min(us): 86016, Max(us): 182143, 50th(us): 104959, 90th(us): 117183, 95th(us): 121983, 99th(us): 130623, 99.9th(us): 143103, 99.99th(us): 181887
READ   - Takes(s): 269.8, Count: 4011, OPS: 14.9, Avg(us): 131338, Min(us): 87232, Max(us): 236287, 50th(us): 128639, 90th(us): 160895, 95th(us): 169471, 99th(us): 188159, 99.9th(us): 204031, 99.99th(us): 236287
READ_ERROR - Takes(s): 269.6, Count: 1718, OPS: 6.4, Avg(us): 131691, Min(us): 88576, Max(us): 215039, 50th(us): 128831, 90th(us): 161151, 95th(us): 171647, 99th(us): 189311, 99.9th(us): 204159, 99.99th(us): 215039
TOTAL  - Takes(s): 269.8, Count: 9643, OPS: 35.7, Avg(us): 116494, Min(us): 85568, Max(us): 236287, 50th(us): 110527, 90th(us): 145279, 95th(us): 158335, 99th(us): 177791, 99.9th(us): 198911, 99.99th(us): 236159
UPDATE - Takes(s): 269.8, Count: 5632, OPS: 20.9, Avg(us): 105923, Min(us): 85568, Max(us): 182143, 50th(us): 104895, 90th(us): 116991, 95th(us): 121663, 99th(us): 130367, 99.9th(us): 142847, 99.99th(us): 181887
READ   - Takes(s): 279.8, Count: 4175, OPS: 14.9, Avg(us): 131130, Min(us): 87232, Max(us): 236287, 50th(us): 128447, 90th(us): 160639, 95th(us): 169087, 99th(us): 186751, 99.9th(us): 204031, 99.99th(us): 236287
READ_ERROR - Takes(s): 279.6, Count: 1772, OPS: 6.3, Avg(us): 131512, Min(us): 88576, Max(us): 215039, 50th(us): 128767, 90th(us): 161023, 95th(us): 170751, 99th(us): 188927, 99.9th(us): 204159, 99.99th(us): 215039
TOTAL  - Takes(s): 279.8, Count: 10028, OPS: 35.8, Avg(us): 116329, Min(us): 85568, Max(us): 236287, 50th(us): 110399, 90th(us): 145151, 95th(us): 157823, 99th(us): 177663, 99.9th(us): 198911, 99.99th(us): 236159
UPDATE - Takes(s): 279.8, Count: 5853, OPS: 20.9, Avg(us): 105770, Min(us): 85568, Max(us): 182143, 50th(us): 104767, 90th(us): 116799, 95th(us): 121471, 99th(us): 130239, 99.9th(us): 142847, 99.99th(us): 181887
READ   - Takes(s): 289.8, Count: 4354, OPS: 15.0, Avg(us): 130910, Min(us): 87232, Max(us): 236287, 50th(us): 128255, 90th(us): 160127, 95th(us): 168703, 99th(us): 186111, 99.9th(us): 204031, 99.99th(us): 236287
READ_ERROR - Takes(s): 289.6, Count: 1812, OPS: 6.3, Avg(us): 131349, Min(us): 88576, Max(us): 215039, 50th(us): 128575, 90th(us): 160895, 95th(us): 170495, 99th(us): 188927, 99.9th(us): 204159, 99.99th(us): 215039
TOTAL  - Takes(s): 289.8, Count: 10428, OPS: 36.0, Avg(us): 116200, Min(us): 85568, Max(us): 236287, 50th(us): 110271, 90th(us): 144767, 95th(us): 157311, 99th(us): 177535, 99.9th(us): 198911, 99.99th(us): 236159
UPDATE - Takes(s): 289.8, Count: 6074, OPS: 21.0, Avg(us): 105656, Min(us): 85568, Max(us): 182143, 50th(us): 104639, 90th(us): 116607, 95th(us): 121279, 99th(us): 130111, 99.9th(us): 142847, 99.99th(us): 181887
READ   - Takes(s): 299.8, Count: 4540, OPS: 15.1, Avg(us): 130756, Min(us): 87232, Max(us): 236287, 50th(us): 128127, 90th(us): 159743, 95th(us): 168319, 99th(us): 185599, 99.9th(us): 202495, 99.99th(us): 236287
READ_ERROR - Takes(s): 299.6, Count: 1860, OPS: 6.2, Avg(us): 131225, Min(us): 88576, Max(us): 215039, 50th(us): 128447, 90th(us): 160511, 95th(us): 170367, 99th(us): 188543, 99.9th(us): 204159, 99.99th(us): 215039
TOTAL  - Takes(s): 299.8, Count: 10812, OPS: 36.1, Avg(us): 116122, Min(us): 85568, Max(us): 236287, 50th(us): 110143, 90th(us): 144767, 95th(us): 157055, 99th(us): 177407, 99.9th(us): 198783, 99.99th(us): 236159
UPDATE - Takes(s): 299.8, Count: 6272, OPS: 20.9, Avg(us): 105529, Min(us): 85568, Max(us): 182143, 50th(us): 104511, 90th(us): 116479, 95th(us): 121087, 99th(us): 130047, 99.9th(us): 142847, 99.99th(us): 181887
READ   - Takes(s): 309.8, Count: 4708, OPS: 15.2, Avg(us): 130592, Min(us): 87232, Max(us): 236287, 50th(us): 127935, 90th(us): 159487, 95th(us): 168191, 99th(us): 185471, 99.9th(us): 202495, 99.99th(us): 236287
READ_ERROR - Takes(s): 309.6, Count: 1904, OPS: 6.2, Avg(us): 131156, Min(us): 88576, Max(us): 215039, 50th(us): 128319, 90th(us): 160511, 95th(us): 170367, 99th(us): 188543, 99.9th(us): 204159, 99.99th(us): 215039
TOTAL  - Takes(s): 309.8, Count: 11202, OPS: 36.2, Avg(us): 116017, Min(us): 85568, Max(us): 236287, 50th(us): 110015, 90th(us): 144511, 95th(us): 156927, 99th(us): 177279, 99.9th(us): 198783, 99.99th(us): 236159
UPDATE - Takes(s): 309.8, Count: 6494, OPS: 21.0, Avg(us): 105451, Min(us): 85568, Max(us): 182143, 50th(us): 104383, 90th(us): 116415, 95th(us): 121023, 99th(us): 130047, 99.9th(us): 142847, 99.99th(us): 181887
READ   - Takes(s): 319.8, Count: 4890, OPS: 15.3, Avg(us): 130493, Min(us): 87232, Max(us): 236287, 50th(us): 127871, 90th(us): 159231, 95th(us): 167935, 99th(us): 184575, 99.9th(us): 202495, 99.99th(us): 236287
READ_ERROR - Takes(s): 319.6, Count: 1941, OPS: 6.1, Avg(us): 131030, Min(us): 88576, Max(us): 215039, 50th(us): 128255, 90th(us): 160255, 95th(us): 170239, 99th(us): 188543, 99.9th(us): 204159, 99.99th(us): 215039
TOTAL  - Takes(s): 319.8, Count: 11600, OPS: 36.3, Avg(us): 115957, Min(us): 85568, Max(us): 236287, 50th(us): 109951, 90th(us): 144511, 95th(us): 156799, 99th(us): 177023, 99.9th(us): 198655, 99.99th(us): 236159
UPDATE - Takes(s): 319.8, Count: 6710, OPS: 21.0, Avg(us): 105364, Min(us): 85568, Max(us): 182143, 50th(us): 104319, 90th(us): 116287, 95th(us): 120831, 99th(us): 129919, 99.9th(us): 139391, 99.99th(us): 181887
READ   - Takes(s): 329.8, Count: 5070, OPS: 15.4, Avg(us): 130421, Min(us): 87232, Max(us): 236287, 50th(us): 127807, 90th(us): 159231, 95th(us): 167807, 99th(us): 184319, 99.9th(us): 202495, 99.99th(us): 236159
READ_ERROR - Takes(s): 329.6, Count: 1970, OPS: 6.0, Avg(us): 130913, Min(us): 87424, Max(us): 215039, 50th(us): 128255, 90th(us): 160255, 95th(us): 170239, 99th(us): 188415, 99.9th(us): 204159, 99.99th(us): 215039
TOTAL  - Takes(s): 329.8, Count: 12008, OPS: 36.4, Avg(us): 115877, Min(us): 85056, Max(us): 236287, 50th(us): 109759, 90th(us): 144639, 95th(us): 156799, 99th(us): 176767, 99.9th(us): 198655, 99.99th(us): 236159
UPDATE - Takes(s): 329.8, Count: 6938, OPS: 21.0, Avg(us): 105250, Min(us): 85056, Max(us): 182143, 50th(us): 104255, 90th(us): 116095, 95th(us): 120639, 99th(us): 129855, 99.9th(us): 139391, 99.99th(us): 181887
READ   - Takes(s): 339.8, Count: 5272, OPS: 15.5, Avg(us): 130196, Min(us): 85312, Max(us): 236287, 50th(us): 127551, 90th(us): 158847, 95th(us): 167551, 99th(us): 184191, 99.9th(us): 202495, 99.99th(us): 236159
READ_ERROR - Takes(s): 339.6, Count: 2008, OPS: 5.9, Avg(us): 130754, Min(us): 87424, Max(us): 215039, 50th(us): 127999, 90th(us): 159871, 95th(us): 170111, 99th(us): 188415, 99.9th(us): 204159, 99.99th(us): 215039
TOTAL  - Takes(s): 339.8, Count: 12412, OPS: 36.5, Avg(us): 115777, Min(us): 85056, Max(us): 236287, 50th(us): 109759, 90th(us): 144383, 95th(us): 156543, 99th(us): 176639, 99.9th(us): 198655, 99.99th(us): 236159
UPDATE - Takes(s): 339.8, Count: 7140, OPS: 21.0, Avg(us): 105130, Min(us): 85056, Max(us): 182143, 50th(us): 104127, 90th(us): 116031, 95th(us): 120511, 99th(us): 129727, 99.9th(us): 139391, 99.99th(us): 181887
READ   - Takes(s): 349.8, Count: 5471, OPS: 15.6, Avg(us): 129904, Min(us): 85312, Max(us): 236287, 50th(us): 127231, 90th(us): 158591, 95th(us): 167039, 99th(us): 183935, 99.9th(us): 202495, 99.99th(us): 236159
READ_ERROR - Takes(s): 349.6, Count: 2039, OPS: 5.8, Avg(us): 130662, Min(us): 87424, Max(us): 215039, 50th(us): 127935, 90th(us): 159615, 95th(us): 169599, 99th(us): 188415, 99.9th(us): 204159, 99.99th(us): 215039
TOTAL  - Takes(s): 349.8, Count: 12825, OPS: 36.7, Avg(us): 115637, Min(us): 85056, Max(us): 236287, 50th(us): 109631, 90th(us): 143999, 95th(us): 156287, 99th(us): 176511, 99.9th(us): 198527, 99.99th(us): 236159
UPDATE - Takes(s): 349.8, Count: 7354, OPS: 21.0, Avg(us): 105023, Min(us): 85056, Max(us): 182143, 50th(us): 103999, 90th(us): 115839, 95th(us): 120383, 99th(us): 129343, 99.9th(us): 139391, 99.99th(us): 181887
READ   - Takes(s): 359.8, Count: 5660, OPS: 15.7, Avg(us): 129726, Min(us): 85312, Max(us): 236287, 50th(us): 126975, 90th(us): 158335, 95th(us): 166783, 99th(us): 183679, 99.9th(us): 200319, 99.99th(us): 236159
READ_ERROR - Takes(s): 359.6, Count: 2077, OPS: 5.8, Avg(us): 130535, Min(us): 87424, Max(us): 215039, 50th(us): 127807, 90th(us): 159487, 95th(us): 169599, 99th(us): 188415, 99.9th(us): 204159, 99.99th(us): 215039
TOTAL  - Takes(s): 359.8, Count: 13228, OPS: 36.8, Avg(us): 115545, Min(us): 85056, Max(us): 236287, 50th(us): 109503, 90th(us): 143871, 95th(us): 156031, 99th(us): 175999, 99.9th(us): 198527, 99.99th(us): 236159
UPDATE - Takes(s): 359.8, Count: 7568, OPS: 21.0, Avg(us): 104939, Min(us): 85056, Max(us): 182143, 50th(us): 103935, 90th(us): 115775, 95th(us): 120319, 99th(us): 129215, 99.9th(us): 139263, 99.99th(us): 181887
READ   - Takes(s): 369.8, Count: 5833, OPS: 15.8, Avg(us): 129547, Min(us): 85312, Max(us): 236287, 50th(us): 126783, 90th(us): 157951, 95th(us): 166655, 99th(us): 183679, 99.9th(us): 200319, 99.99th(us): 236159
READ_ERROR - Takes(s): 369.6, Count: 2114, OPS: 5.7, Avg(us): 130388, Min(us): 87424, Max(us): 215039, 50th(us): 127743, 90th(us): 159487, 95th(us): 169599, 99th(us): 188415, 99.9th(us): 204159, 99.99th(us): 215039
TOTAL  - Takes(s): 369.8, Count: 13636, OPS: 36.9, Avg(us): 115426, Min(us): 85056, Max(us): 236287, 50th(us): 109375, 90th(us): 143743, 95th(us): 155903, 99th(us): 175231, 99.9th(us): 198399, 99.99th(us): 236159
UPDATE - Takes(s): 369.8, Count: 7803, OPS: 21.1, Avg(us): 104871, Min(us): 85056, Max(us): 182143, 50th(us): 103871, 90th(us): 115583, 95th(us): 120063, 99th(us): 129023, 99.9th(us): 139263, 99.99th(us): 181887
READ   - Takes(s): 379.8, Count: 6023, OPS: 15.9, Avg(us): 129337, Min(us): 84480, Max(us): 236287, 50th(us): 126527, 90th(us): 157567, 95th(us): 166143, 99th(us): 183679, 99.9th(us): 200319, 99.99th(us): 236159
READ_ERROR - Takes(s): 379.6, Count: 2143, OPS: 5.6, Avg(us): 130270, Min(us): 87424, Max(us): 215039, 50th(us): 127615, 90th(us): 159487, 95th(us): 169471, 99th(us): 188415, 99.9th(us): 204159, 99.99th(us): 215039
TOTAL  - Takes(s): 379.8, Count: 14048, OPS: 37.0, Avg(us): 115322, Min(us): 83456, Max(us): 236287, 50th(us): 109311, 90th(us): 143615, 95th(us): 155519, 99th(us): 174975, 99.9th(us): 198399, 99.99th(us): 236159
UPDATE - Takes(s): 379.8, Count: 8025, OPS: 21.1, Avg(us): 104804, Min(us): 83456, Max(us): 182143, 50th(us): 103807, 90th(us): 115455, 95th(us): 119999, 99th(us): 128639, 99.9th(us): 139263, 99.99th(us): 181887
READ   - Takes(s): 389.8, Count: 6213, OPS: 15.9, Avg(us): 129173, Min(us): 84480, Max(us): 236287, 50th(us): 126335, 90th(us): 157311, 95th(us): 165887, 99th(us): 183167, 99.9th(us): 200319, 99.99th(us): 236159
READ_ERROR - Takes(s): 389.6, Count: 2173, OPS: 5.6, Avg(us): 130193, Min(us): 87424, Max(us): 215039, 50th(us): 127359, 90th(us): 159231, 95th(us): 169471, 99th(us): 187007, 99.9th(us): 204159, 99.99th(us): 215039
TOTAL  - Takes(s): 389.8, Count: 14463, OPS: 37.1, Avg(us): 115235, Min(us): 83456, Max(us): 236287, 50th(us): 109247, 90th(us): 143359, 95th(us): 155391, 99th(us): 174591, 99.9th(us): 198399, 99.99th(us): 236159
UPDATE - Takes(s): 389.8, Count: 8250, OPS: 21.2, Avg(us): 104739, Min(us): 83456, Max(us): 182143, 50th(us): 103743, 90th(us): 115391, 95th(us): 119871, 99th(us): 128511, 99.9th(us): 139263, 99.99th(us): 181887
READ   - Takes(s): 399.8, Count: 6397, OPS: 16.0, Avg(us): 128953, Min(us): 84480, Max(us): 236287, 50th(us): 126143, 90th(us): 157055, 95th(us): 165759, 99th(us): 182911, 99.9th(us): 200319, 99.99th(us): 236159
READ_ERROR - Takes(s): 399.6, Count: 2210, OPS: 5.5, Avg(us): 130072, Min(us): 87424, Max(us): 215039, 50th(us): 127039, 90th(us): 159103, 95th(us): 169471, 99th(us): 188415, 99.9th(us): 204159, 99.99th(us): 215039
TOTAL  - Takes(s): 399.8, Count: 14874, OPS: 37.2, Avg(us): 115113, Min(us): 83456, Max(us): 236287, 50th(us): 109119, 90th(us): 143103, 95th(us): 155135, 99th(us): 174335, 99.9th(us): 198143, 99.99th(us): 236159
UPDATE - Takes(s): 399.8, Count: 8477, OPS: 21.2, Avg(us): 104669, Min(us): 83456, Max(us): 182143, 50th(us): 103679, 90th(us): 115263, 95th(us): 119743, 99th(us): 128511, 99.9th(us): 139263, 99.99th(us): 181887
READ   - Takes(s): 409.8, Count: 6582, OPS: 16.1, Avg(us): 128803, Min(us): 84480, Max(us): 236287, 50th(us): 126015, 90th(us): 156927, 95th(us): 165631, 99th(us): 182783, 99.9th(us): 199679, 99.99th(us): 236159
READ_ERROR - Takes(s): 409.6, Count: 2240, OPS: 5.5, Avg(us): 130052, Min(us): 87424, Max(us): 215039, 50th(us): 127039, 90th(us): 159103, 95th(us): 169343, 99th(us): 188415, 99.9th(us): 204159, 99.99th(us): 215039
TOTAL  - Takes(s): 409.8, Count: 15287, OPS: 37.3, Avg(us): 115018, Min(us): 83456, Max(us): 236287, 50th(us): 109055, 90th(us): 142847, 95th(us): 154879, 99th(us): 173439, 99.9th(us): 198143, 99.99th(us): 221951
UPDATE - Takes(s): 409.8, Count: 8705, OPS: 21.2, Avg(us): 104596, Min(us): 83456, Max(us): 182143, 50th(us): 103615, 90th(us): 115135, 95th(us): 119615, 99th(us): 128447, 99.9th(us): 139263, 99.99th(us): 181887
READ   - Takes(s): 419.8, Count: 6781, OPS: 16.2, Avg(us): 128616, Min(us): 84480, Max(us): 236287, 50th(us): 125823, 90th(us): 156799, 95th(us): 165375, 99th(us): 182143, 99.9th(us): 199679, 99.99th(us): 236159
READ_ERROR - Takes(s): 419.6, Count: 2270, OPS: 5.4, Avg(us): 129914, Min(us): 87424, Max(us): 215039, 50th(us): 126975, 90th(us): 158975, 95th(us): 169215, 99th(us): 187007, 99.9th(us): 204159, 99.99th(us): 215039
TOTAL  - Takes(s): 419.8, Count: 15701, OPS: 37.4, Avg(us): 114933, Min(us): 83456, Max(us): 236287, 50th(us): 108991, 90th(us): 142719, 95th(us): 154751, 99th(us): 173183, 99.9th(us): 197247, 99.99th(us): 221951
UPDATE - Takes(s): 419.8, Count: 8920, OPS: 21.2, Avg(us): 104531, Min(us): 83456, Max(us): 182143, 50th(us): 103551, 90th(us): 114943, 95th(us): 119551, 99th(us): 128191, 99.9th(us): 139263, 99.99th(us): 181887
READ   - Takes(s): 429.8, Count: 6985, OPS: 16.3, Avg(us): 128408, Min(us): 84480, Max(us): 236287, 50th(us): 125567, 90th(us): 156543, 95th(us): 164991, 99th(us): 181631, 99.9th(us): 199679, 99.99th(us): 236159
READ_ERROR - Takes(s): 429.6, Count: 2298, OPS: 5.3, Avg(us): 129837, Min(us): 87424, Max(us): 215039, 50th(us): 126847, 90th(us): 158719, 95th(us): 168575, 99th(us): 187007, 99.9th(us): 204159, 99.99th(us): 215039
TOTAL  - Takes(s): 429.8, Count: 16121, OPS: 37.5, Avg(us): 114829, Min(us): 83456, Max(us): 236287, 50th(us): 108927, 90th(us): 142463, 95th(us): 154495, 99th(us): 173055, 99.9th(us): 197247, 99.99th(us): 221951
UPDATE - Takes(s): 429.8, Count: 9136, OPS: 21.3, Avg(us): 104448, Min(us): 83456, Max(us): 182143, 50th(us): 103487, 90th(us): 114815, 95th(us): 119423, 99th(us): 128127, 99.9th(us): 139263, 99.99th(us): 181887
READ   - Takes(s): 439.8, Count: 7173, OPS: 16.3, Avg(us): 128347, Min(us): 84480, Max(us): 236287, 50th(us): 125503, 90th(us): 156543, 95th(us): 164735, 99th(us): 181247, 99.9th(us): 199679, 99.99th(us): 236159
READ_ERROR - Takes(s): 439.6, Count: 2328, OPS: 5.3, Avg(us): 129864, Min(us): 87424, Max(us): 215039, 50th(us): 126975, 90th(us): 158719, 95th(us): 168447, 99th(us): 187007, 99.9th(us): 204159, 99.99th(us): 215039
TOTAL  - Takes(s): 439.8, Count: 16527, OPS: 37.6, Avg(us): 114790, Min(us): 83456, Max(us): 236287, 50th(us): 108927, 90th(us): 142463, 95th(us): 154495, 99th(us): 172799, 99.9th(us): 196479, 99.99th(us): 221951
UPDATE - Takes(s): 439.8, Count: 9354, OPS: 21.3, Avg(us): 104395, Min(us): 83456, Max(us): 182143, 50th(us): 103423, 90th(us): 114687, 95th(us): 119295, 99th(us): 128063, 99.9th(us): 139263, 99.99th(us): 181887
READ   - Takes(s): 449.8, Count: 7366, OPS: 16.4, Avg(us): 128204, Min(us): 84480, Max(us): 236287, 50th(us): 125439, 90th(us): 156287, 95th(us): 164607, 99th(us): 181119, 99.9th(us): 199679, 99.99th(us): 236159
READ_ERROR - Takes(s): 449.6, Count: 2354, OPS: 5.2, Avg(us): 129788, Min(us): 87424, Max(us): 215039, 50th(us): 126847, 90th(us): 158591, 95th(us): 168447, 99th(us): 186879, 99.9th(us): 204159, 99.99th(us): 215039
TOTAL  - Takes(s): 449.8, Count: 16945, OPS: 37.7, Avg(us): 114724, Min(us): 83456, Max(us): 236287, 50th(us): 108863, 90th(us): 142335, 95th(us): 154239, 99th(us): 172671, 99.9th(us): 196479, 99.99th(us): 221951
UPDATE - Takes(s): 449.8, Count: 9579, OPS: 21.3, Avg(us): 104358, Min(us): 83456, Max(us): 182143, 50th(us): 103423, 90th(us): 114559, 95th(us): 119295, 99th(us): 128063, 99.9th(us): 139263, 99.99th(us): 181887
READ   - Takes(s): 459.8, Count: 7548, OPS: 16.4, Avg(us): 128041, Min(us): 84480, Max(us): 236287, 50th(us): 125247, 90th(us): 156159, 95th(us): 164479, 99th(us): 181119, 99.9th(us): 199295, 99.99th(us): 236159
READ_ERROR - Takes(s): 459.6, Count: 2388, OPS: 5.2, Avg(us): 129740, Min(us): 87424, Max(us): 215039, 50th(us): 126847, 90th(us): 158335, 95th(us): 168319, 99th(us): 186879, 99.9th(us): 204159, 99.99th(us): 215039
TOTAL  - Takes(s): 459.8, Count: 17359, OPS: 37.8, Avg(us): 114617, Min(us): 83456, Max(us): 236287, 50th(us): 108735, 90th(us): 142335, 95th(us): 154239, 99th(us): 172543, 99.9th(us): 196479, 99.99th(us): 221951
UPDATE - Takes(s): 459.8, Count: 9811, OPS: 21.3, Avg(us): 104290, Min(us): 83456, Max(us): 182143, 50th(us): 103359, 90th(us): 114495, 95th(us): 119103, 99th(us): 128063, 99.9th(us): 139263, 99.99th(us): 181887
READ   - Takes(s): 469.8, Count: 7755, OPS: 16.5, Avg(us): 127924, Min(us): 84480, Max(us): 236287, 50th(us): 125119, 90th(us): 155903, 95th(us): 164095, 99th(us): 179967, 99.9th(us): 199295, 99.99th(us): 236159
READ_ERROR - Takes(s): 469.6, Count: 2415, OPS: 5.1, Avg(us): 129634, Min(us): 87424, Max(us): 215039, 50th(us): 126719, 90th(us): 158335, 95th(us): 168191, 99th(us): 186879, 99.9th(us): 204159, 99.99th(us): 215039
TOTAL  - Takes(s): 469.8, Count: 17775, OPS: 37.8, Avg(us): 114559, Min(us): 83456, Max(us): 236287, 50th(us): 108671, 90th(us): 142207, 95th(us): 153983, 99th(us): 172415, 99.9th(us): 196351, 99.99th(us): 221951
UPDATE - Takes(s): 469.8, Count: 10020, OPS: 21.3, Avg(us): 104214, Min(us): 83456, Max(us): 182143, 50th(us): 103231, 90th(us): 114303, 95th(us): 119039, 99th(us): 127999, 99.9th(us): 139263, 99.99th(us): 181887
READ   - Takes(s): 479.8, Count: 7961, OPS: 16.6, Avg(us): 127829, Min(us): 84480, Max(us): 236287, 50th(us): 125055, 90th(us): 155519, 95th(us): 163967, 99th(us): 179711, 99.9th(us): 199295, 99.99th(us): 236159
READ_ERROR - Takes(s): 479.6, Count: 2436, OPS: 5.1, Avg(us): 129582, Min(us): 87424, Max(us): 215039, 50th(us): 126719, 90th(us): 158207, 95th(us): 167423, 99th(us): 186879, 99.9th(us): 204159, 99.99th(us): 215039
TOTAL  - Takes(s): 479.8, Count: 18197, OPS: 37.9, Avg(us): 114518, Min(us): 83456, Max(us): 236287, 50th(us): 108671, 90th(us): 142207, 95th(us): 153983, 99th(us): 172159, 99.9th(us): 196351, 99.99th(us): 221951
UPDATE - Takes(s): 479.8, Count: 10236, OPS: 21.3, Avg(us): 104165, Min(us): 83456, Max(us): 182143, 50th(us): 103231, 90th(us): 114303, 95th(us): 118911, 99th(us): 127999, 99.9th(us): 139263, 99.99th(us): 181887
READ   - Takes(s): 489.8, Count: 8152, OPS: 16.6, Avg(us): 127706, Min(us): 84480, Max(us): 236287, 50th(us): 124991, 90th(us): 155391, 95th(us): 163839, 99th(us): 179455, 99.9th(us): 199295, 99.99th(us): 236159
READ_ERROR - Takes(s): 489.6, Count: 2456, OPS: 5.0, Avg(us): 129578, Min(us): 87424, Max(us): 215039, 50th(us): 126719, 90th(us): 158335, 95th(us): 167167, 99th(us): 184575, 99.9th(us): 204159, 99.99th(us): 215039
TOTAL  - Takes(s): 489.8, Count: 18628, OPS: 38.0, Avg(us): 114415, Min(us): 83456, Max(us): 236287, 50th(us): 108543, 90th(us): 142079, 95th(us): 153855, 99th(us): 172031, 99.9th(us): 195839, 99.99th(us): 221951
UPDATE - Takes(s): 489.8, Count: 10476, OPS: 21.4, Avg(us): 104072, Min(us): 83456, Max(us): 182143, 50th(us): 103103, 90th(us): 114111, 95th(us): 118847, 99th(us): 127935, 99.9th(us): 139263, 99.99th(us): 181887
READ   - Takes(s): 499.8, Count: 8358, OPS: 16.7, Avg(us): 127585, Min(us): 84480, Max(us): 236287, 50th(us): 124863, 90th(us): 155135, 95th(us): 163711, 99th(us): 179327, 99.9th(us): 199295, 99.99th(us): 236159
READ_ERROR - Takes(s): 499.6, Count: 2480, OPS: 5.0, Avg(us): 129491, Min(us): 87424, Max(us): 215039, 50th(us): 126655, 90th(us): 157951, 95th(us): 167039, 99th(us): 184575, 99.9th(us): 204159, 99.99th(us): 215039
TOTAL  - Takes(s): 499.8, Count: 19049, OPS: 38.1, Avg(us): 114349, Min(us): 83456, Max(us): 236287, 50th(us): 108479, 90th(us): 141951, 95th(us): 153727, 99th(us): 171903, 99.9th(us): 195839, 99.99th(us): 221951
UPDATE - Takes(s): 499.8, Count: 10691, OPS: 21.4, Avg(us): 104002, Min(us): 83456, Max(us): 182143, 50th(us): 103039, 90th(us): 114047, 95th(us): 118719, 99th(us): 127871, 99.9th(us): 139135, 99.99th(us): 181887
READ   - Takes(s): 509.8, Count: 8562, OPS: 16.8, Avg(us): 127533, Min(us): 84480, Max(us): 236287, 50th(us): 124863, 90th(us): 155135, 95th(us): 163711, 99th(us): 178815, 99.9th(us): 199295, 99.99th(us): 236159
READ_ERROR - Takes(s): 509.6, Count: 2503, OPS: 4.9, Avg(us): 129452, Min(us): 87424, Max(us): 215039, 50th(us): 126591, 90th(us): 157695, 95th(us): 167039, 99th(us): 184575, 99.9th(us): 202751, 99.99th(us): 215039
TOTAL  - Takes(s): 509.8, Count: 19466, OPS: 38.2, Avg(us): 114329, Min(us): 83456, Max(us): 236287, 50th(us): 108415, 90th(us): 141951, 95th(us): 153727, 99th(us): 171775, 99.9th(us): 195839, 99.99th(us): 221951
UPDATE - Takes(s): 509.8, Count: 10904, OPS: 21.4, Avg(us): 103960, Min(us): 83456, Max(us): 182143, 50th(us): 102975, 90th(us): 113983, 95th(us): 118591, 99th(us): 127871, 99.9th(us): 139263, 99.99th(us): 181887
READ   - Takes(s): 519.8, Count: 8758, OPS: 16.8, Avg(us): 127464, Min(us): 84480, Max(us): 236287, 50th(us): 124799, 90th(us): 155007, 95th(us): 163711, 99th(us): 178815, 99.9th(us): 199295, 99.99th(us): 236159
READ_ERROR - Takes(s): 519.6, Count: 2528, OPS: 4.9, Avg(us): 129414, Min(us): 87424, Max(us): 215039, 50th(us): 126527, 90th(us): 157567, 95th(us): 167039, 99th(us): 184575, 99.9th(us): 202751, 99.99th(us): 215039
TOTAL  - Takes(s): 519.8, Count: 19880, OPS: 38.2, Avg(us): 114306, Min(us): 83456, Max(us): 236287, 50th(us): 108415, 90th(us): 141823, 95th(us): 153727, 99th(us): 171647, 99.9th(us): 195711, 99.99th(us): 221951
UPDATE - Takes(s): 519.8, Count: 11122, OPS: 21.4, Avg(us): 103945, Min(us): 83456, Max(us): 182143, 50th(us): 102975, 90th(us): 113919, 95th(us): 118527, 99th(us): 127423, 99.9th(us): 139263, 99.99th(us): 181887
READ   - Takes(s): 529.8, Count: 8978, OPS: 16.9, Avg(us): 127357, Min(us): 84480, Max(us): 236287, 50th(us): 124671, 90th(us): 154879, 95th(us): 163455, 99th(us): 178687, 99.9th(us): 199295, 99.99th(us): 236159
READ_ERROR - Takes(s): 529.6, Count: 2552, OPS: 4.8, Avg(us): 129344, Min(us): 87424, Max(us): 215039, 50th(us): 126527, 90th(us): 157567, 95th(us): 166911, 99th(us): 184575, 99.9th(us): 202751, 99.99th(us): 215039
TOTAL  - Takes(s): 529.8, Count: 20295, OPS: 38.3, Avg(us): 114277, Min(us): 83456, Max(us): 236287, 50th(us): 108415, 90th(us): 141695, 95th(us): 153471, 99th(us): 171391, 99.9th(us): 195711, 99.99th(us): 221951
UPDATE - Takes(s): 529.8, Count: 11317, OPS: 21.4, Avg(us): 103901, Min(us): 83456, Max(us): 182143, 50th(us): 102911, 90th(us): 113855, 95th(us): 118527, 99th(us): 127871, 99.9th(us): 139263, 99.99th(us): 181887
READ   - Takes(s): 539.8, Count: 9179, OPS: 17.0, Avg(us): 127333, Min(us): 84480, Max(us): 236287, 50th(us): 124671, 90th(us): 154879, 95th(us): 163455, 99th(us): 178687, 99.9th(us): 199295, 99.99th(us): 236159
READ_ERROR - Takes(s): 539.6, Count: 2572, OPS: 4.8, Avg(us): 129366, Min(us): 87424, Max(us): 215039, 50th(us): 126527, 90th(us): 157567, 95th(us): 166911, 99th(us): 184575, 99.9th(us): 202751, 99.99th(us): 215039
TOTAL  - Takes(s): 539.8, Count: 20710, OPS: 38.4, Avg(us): 114279, Min(us): 83456, Max(us): 236287, 50th(us): 108415, 90th(us): 141695, 95th(us): 153471, 99th(us): 171519, 99.9th(us): 195199, 99.99th(us): 221951
UPDATE - Takes(s): 539.8, Count: 11531, OPS: 21.4, Avg(us): 103887, Min(us): 83456, Max(us): 182143, 50th(us): 102911, 90th(us): 113855, 95th(us): 118527, 99th(us): 127871, 99.9th(us): 139135, 99.99th(us): 181887
READ   - Takes(s): 549.8, Count: 9377, OPS: 17.1, Avg(us): 127345, Min(us): 84480, Max(us): 236287, 50th(us): 124735, 90th(us): 154879, 95th(us): 163327, 99th(us): 178431, 99.9th(us): 199295, 99.99th(us): 236159
READ_ERROR - Takes(s): 549.6, Count: 2596, OPS: 4.7, Avg(us): 129371, Min(us): 87424, Max(us): 215039, 50th(us): 126527, 90th(us): 157567, 95th(us): 166783, 99th(us): 184575, 99.9th(us): 202751, 99.99th(us): 215039
TOTAL  - Takes(s): 549.8, Count: 21116, OPS: 38.4, Avg(us): 114304, Min(us): 83456, Max(us): 236287, 50th(us): 108415, 90th(us): 141695, 95th(us): 153471, 99th(us): 171391, 99.9th(us): 195199, 99.99th(us): 221951
UPDATE - Takes(s): 549.8, Count: 11739, OPS: 21.4, Avg(us): 103887, Min(us): 83456, Max(us): 182143, 50th(us): 102911, 90th(us): 113855, 95th(us): 118527, 99th(us): 127743, 99.9th(us): 139135, 99.99th(us): 181887
READ   - Takes(s): 559.8, Count: 9579, OPS: 17.1, Avg(us): 127259, Min(us): 84480, Max(us): 236287, 50th(us): 124671, 90th(us): 154751, 95th(us): 163327, 99th(us): 178431, 99.9th(us): 198911, 99.99th(us): 236159
READ_ERROR - Takes(s): 559.6, Count: 2620, OPS: 4.7, Avg(us): 129323, Min(us): 87424, Max(us): 215039, 50th(us): 126399, 90th(us): 157439, 95th(us): 166783, 99th(us): 184575, 99.9th(us): 202751, 99.99th(us): 215039
TOTAL  - Takes(s): 559.8, Count: 21536, OPS: 38.5, Avg(us): 114255, Min(us): 83456, Max(us): 236287, 50th(us): 108351, 90th(us): 141567, 95th(us): 153215, 99th(us): 171263, 99.9th(us): 194943, 99.99th(us): 221951
UPDATE - Takes(s): 559.8, Count: 11957, OPS: 21.4, Avg(us): 103838, Min(us): 83456, Max(us): 182143, 50th(us): 102847, 90th(us): 113791, 95th(us): 118399, 99th(us): 127423, 99.9th(us): 139135, 99.99th(us): 181887
READ   - Takes(s): 569.8, Count: 9786, OPS: 17.2, Avg(us): 127262, Min(us): 84480, Max(us): 236287, 50th(us): 124671, 90th(us): 154623, 95th(us): 163199, 99th(us): 178431, 99.9th(us): 198911, 99.99th(us): 236159
READ_ERROR - Takes(s): 569.6, Count: 2642, OPS: 4.6, Avg(us): 129308, Min(us): 83264, Max(us): 215039, 50th(us): 126463, 90th(us): 157439, 95th(us): 166783, 99th(us): 184575, 99.9th(us): 202751, 99.99th(us): 215039
TOTAL  - Takes(s): 569.8, Count: 21943, OPS: 38.5, Avg(us): 114282, Min(us): 83456, Max(us): 236287, 50th(us): 108415, 90th(us): 141695, 95th(us): 153215, 99th(us): 171135, 99.9th(us): 194943, 99.99th(us): 221951
UPDATE - Takes(s): 569.8, Count: 12157, OPS: 21.3, Avg(us): 103833, Min(us): 83456, Max(us): 182143, 50th(us): 102847, 90th(us): 113791, 95th(us): 118271, 99th(us): 127423, 99.9th(us): 139135, 99.99th(us): 181887
READ   - Takes(s): 579.8, Count: 9996, OPS: 17.2, Avg(us): 127154, Min(us): 82688, Max(us): 236287, 50th(us): 124607, 90th(us): 154623, 95th(us): 163071, 99th(us): 178175, 99.9th(us): 198911, 99.99th(us): 236159
READ_ERROR - Takes(s): 579.6, Count: 2658, OPS: 4.6, Avg(us): 129268, Min(us): 83264, Max(us): 215039, 50th(us): 126399, 90th(us): 157311, 95th(us): 166655, 99th(us): 184319, 99.9th(us): 202751, 99.99th(us): 215039
TOTAL  - Takes(s): 579.8, Count: 22380, OPS: 38.6, Avg(us): 114204, Min(us): 82688, Max(us): 236287, 50th(us): 108287, 90th(us): 141567, 95th(us): 153087, 99th(us): 171007, 99.9th(us): 194943, 99.99th(us): 221951
UPDATE - Takes(s): 579.8, Count: 12384, OPS: 21.4, Avg(us): 103751, Min(us): 83456, Max(us): 182143, 50th(us): 102783, 90th(us): 113663, 95th(us): 118143, 99th(us): 127423, 99.9th(us): 139135, 99.99th(us): 181887
READ   - Takes(s): 589.8, Count: 10202, OPS: 17.3, Avg(us): 127082, Min(us): 82688, Max(us): 236287, 50th(us): 124479, 90th(us): 154495, 95th(us): 162815, 99th(us): 178175, 99.9th(us): 198911, 99.99th(us): 236159
READ_ERROR - Takes(s): 589.6, Count: 2671, OPS: 4.5, Avg(us): 129206, Min(us): 83264, Max(us): 215039, 50th(us): 126399, 90th(us): 157055, 95th(us): 166527, 99th(us): 184319, 99.9th(us): 202751, 99.99th(us): 215039
TOTAL  - Takes(s): 589.8, Count: 22813, OPS: 38.7, Avg(us): 114156, Min(us): 82688, Max(us): 236287, 50th(us): 108287, 90th(us): 141567, 95th(us): 153087, 99th(us): 171007, 99.9th(us): 194175, 99.99th(us): 221951
UPDATE - Takes(s): 589.8, Count: 12611, OPS: 21.4, Avg(us): 103699, Min(us): 83456, Max(us): 182143, 50th(us): 102719, 90th(us): 113599, 95th(us): 118015, 99th(us): 127359, 99.9th(us): 138111, 99.99th(us): 181887
READ   - Takes(s): 599.8, Count: 10417, OPS: 17.4, Avg(us): 127028, Min(us): 82688, Max(us): 236287, 50th(us): 124415, 90th(us): 154367, 95th(us): 162687, 99th(us): 178175, 99.9th(us): 198911, 99.99th(us): 236159
READ_ERROR - Takes(s): 599.6, Count: 2687, OPS: 4.5, Avg(us): 129150, Min(us): 83264, Max(us): 215039, 50th(us): 126335, 90th(us): 157055, 95th(us): 166527, 99th(us): 184319, 99.9th(us): 202751, 99.99th(us): 215039
TOTAL  - Takes(s): 599.8, Count: 23238, OPS: 38.7, Avg(us): 114137, Min(us): 82688, Max(us): 236287, 50th(us): 108223, 90th(us): 141567, 95th(us): 153087, 99th(us): 171007, 99.9th(us): 194175, 99.99th(us): 221951
UPDATE - Takes(s): 599.8, Count: 12821, OPS: 21.4, Avg(us): 103663, Min(us): 83456, Max(us): 182143, 50th(us): 102719, 90th(us): 113535, 95th(us): 117951, 99th(us): 127295, 99.9th(us): 138111, 99.99th(us): 181887
READ   - Takes(s): 609.8, Count: 10623, OPS: 17.4, Avg(us): 127069, Min(us): 82688, Max(us): 236287, 50th(us): 124543, 90th(us): 154367, 95th(us): 162687, 99th(us): 177919, 99.9th(us): 198783, 99.99th(us): 236159
READ_ERROR - Takes(s): 609.6, Count: 2703, OPS: 4.4, Avg(us): 129173, Min(us): 83264, Max(us): 215039, 50th(us): 126399, 90th(us): 157055, 95th(us): 166655, 99th(us): 184319, 99.9th(us): 202751, 99.99th(us): 215039
TOTAL  - Takes(s): 609.8, Count: 23651, OPS: 38.8, Avg(us): 114175, Min(us): 82688, Max(us): 236287, 50th(us): 108287, 90th(us): 141567, 95th(us): 153087, 99th(us): 170751, 99.9th(us): 194175, 99.99th(us): 221951
UPDATE - Takes(s): 609.8, Count: 13028, OPS: 21.4, Avg(us): 103661, Min(us): 83456, Max(us): 182143, 50th(us): 102719, 90th(us): 113535, 95th(us): 117887, 99th(us): 127295, 99.9th(us): 138111, 99.99th(us): 181887
READ   - Takes(s): 619.8, Count: 10839, OPS: 17.5, Avg(us): 127027, Min(us): 82688, Max(us): 236287, 50th(us): 124479, 90th(us): 154367, 95th(us): 162431, 99th(us): 177791, 99.9th(us): 198783, 99.99th(us): 236159
READ_ERROR - Takes(s): 619.6, Count: 2716, OPS: 4.4, Avg(us): 129166, Min(us): 83264, Max(us): 215039, 50th(us): 126399, 90th(us): 156927, 95th(us): 166527, 99th(us): 184319, 99.9th(us): 202751, 99.99th(us): 215039
TOTAL  - Takes(s): 619.8, Count: 24076, OPS: 38.8, Avg(us): 114166, Min(us): 82688, Max(us): 236287, 50th(us): 108287, 90th(us): 141567, 95th(us): 153087, 99th(us): 170623, 99.9th(us): 194175, 99.99th(us): 221951
UPDATE - Takes(s): 619.8, Count: 13237, OPS: 21.4, Avg(us): 103635, Min(us): 83456, Max(us): 182143, 50th(us): 102719, 90th(us): 113471, 95th(us): 117823, 99th(us): 127231, 99.9th(us): 138111, 99.99th(us): 181887
READ   - Takes(s): 629.8, Count: 11050, OPS: 17.5, Avg(us): 126968, Min(us): 82688, Max(us): 236287, 50th(us): 124351, 90th(us): 154367, 95th(us): 162431, 99th(us): 177791, 99.9th(us): 198783, 99.99th(us): 236159
READ_ERROR - Takes(s): 629.6, Count: 2733, OPS: 4.3, Avg(us): 129100, Min(us): 83264, Max(us): 215039, 50th(us): 126335, 90th(us): 156927, 95th(us): 166527, 99th(us): 184319, 99.9th(us): 202751, 99.99th(us): 215039
TOTAL  - Takes(s): 629.8, Count: 24500, OPS: 38.9, Avg(us): 114148, Min(us): 82688, Max(us): 236287, 50th(us): 108287, 90th(us): 141567, 95th(us): 152959, 99th(us): 170495, 99.9th(us): 194175, 99.99th(us): 221951
UPDATE - Takes(s): 629.8, Count: 13450, OPS: 21.4, Avg(us): 103615, Min(us): 83456, Max(us): 182143, 50th(us): 102655, 90th(us): 113471, 95th(us): 117695, 99th(us): 127039, 99.9th(us): 138111, 99.99th(us): 181887
READ   - Takes(s): 639.8, Count: 11252, OPS: 17.6, Avg(us): 126916, Min(us): 82688, Max(us): 236287, 50th(us): 124351, 90th(us): 154239, 95th(us): 162303, 99th(us): 177535, 99.9th(us): 198783, 99.99th(us): 236159
READ_ERROR - Takes(s): 639.6, Count: 2755, OPS: 4.3, Avg(us): 129066, Min(us): 83264, Max(us): 215039, 50th(us): 126271, 90th(us): 156927, 95th(us): 166527, 99th(us): 184319, 99.9th(us): 202751, 99.99th(us): 215039
TOTAL  - Takes(s): 639.8, Count: 24922, OPS: 39.0, Avg(us): 114113, Min(us): 82688, Max(us): 236287, 50th(us): 108287, 90th(us): 141439, 95th(us): 152959, 99th(us): 170495, 99.9th(us): 193919, 99.99th(us): 221951
UPDATE - Takes(s): 639.8, Count: 13670, OPS: 21.4, Avg(us): 103575, Min(us): 83456, Max(us): 182143, 50th(us): 102655, 90th(us): 113407, 95th(us): 117631, 99th(us): 126975, 99.9th(us): 137215, 99.99th(us): 181887
READ   - Takes(s): 649.8, Count: 11466, OPS: 17.6, Avg(us): 126815, Min(us): 82688, Max(us): 236287, 50th(us): 124287, 90th(us): 154111, 95th(us): 162175, 99th(us): 177535, 99.9th(us): 198783, 99.99th(us): 236159
READ_ERROR - Takes(s): 649.6, Count: 2769, OPS: 4.3, Avg(us): 129036, Min(us): 83264, Max(us): 215039, 50th(us): 126143, 90th(us): 156927, 95th(us): 166527, 99th(us): 184319, 99.9th(us): 202751, 99.99th(us): 215039
TOTAL  - Takes(s): 649.8, Count: 25355, OPS: 39.0, Avg(us): 114062, Min(us): 82688, Max(us): 236287, 50th(us): 108223, 90th(us): 141311, 95th(us): 152959, 99th(us): 170367, 99.9th(us): 193919, 99.99th(us): 205567
UPDATE - Takes(s): 649.8, Count: 13889, OPS: 21.4, Avg(us): 103535, Min(us): 83456, Max(us): 182143, 50th(us): 102591, 90th(us): 113343, 95th(us): 117567, 99th(us): 126975, 99.9th(us): 137215, 99.99th(us): 181887
READ   - Takes(s): 659.8, Count: 11685, OPS: 17.7, Avg(us): 126690, Min(us): 82688, Max(us): 236287, 50th(us): 124159, 90th(us): 154111, 95th(us): 162047, 99th(us): 177535, 99.9th(us): 198655, 99.99th(us): 236159
READ_ERROR - Takes(s): 659.6, Count: 2782, OPS: 4.2, Avg(us): 129026, Min(us): 83264, Max(us): 215039, 50th(us): 126143, 90th(us): 156927, 95th(us): 166527, 99th(us): 184319, 99.9th(us): 202751, 99.99th(us): 215039
TOTAL  - Takes(s): 659.8, Count: 25799, OPS: 39.1, Avg(us): 113976, Min(us): 82688, Max(us): 236287, 50th(us): 108159, 90th(us): 141183, 95th(us): 152831, 99th(us): 170111, 99.9th(us): 193919, 99.99th(us): 205567
UPDATE - Takes(s): 659.8, Count: 14114, OPS: 21.4, Avg(us): 103450, Min(us): 83456, Max(us): 182143, 50th(us): 102527, 90th(us): 113279, 95th(us): 117503, 99th(us): 126847, 99.9th(us): 137215, 99.99th(us): 181887
READ   - Takes(s): 669.8, Count: 11899, OPS: 17.8, Avg(us): 126617, Min(us): 82688, Max(us): 236287, 50th(us): 124095, 90th(us): 153983, 95th(us): 161919, 99th(us): 177407, 99.9th(us): 198655, 99.99th(us): 236159
READ_ERROR - Takes(s): 669.6, Count: 2796, OPS: 4.2, Avg(us): 129003, Min(us): 83264, Max(us): 215039, 50th(us): 126143, 90th(us): 156927, 95th(us): 166399, 99th(us): 184319, 99.9th(us): 202751, 99.99th(us): 215039
TOTAL  - Takes(s): 669.8, Count: 26236, OPS: 39.2, Avg(us): 113919, Min(us): 82688, Max(us): 236287, 50th(us): 108095, 90th(us): 141183, 95th(us): 152703, 99th(us): 170111, 99.9th(us): 193919, 99.99th(us): 205567
UPDATE - Takes(s): 669.8, Count: 14337, OPS: 21.4, Avg(us): 103379, Min(us): 83456, Max(us): 182143, 50th(us): 102463, 90th(us): 113151, 95th(us): 117375, 99th(us): 126847, 99.9th(us): 137215, 99.99th(us): 181887
READ   - Takes(s): 679.8, Count: 12109, OPS: 17.8, Avg(us): 126484, Min(us): 82688, Max(us): 236287, 50th(us): 123903, 90th(us): 153855, 95th(us): 161791, 99th(us): 177407, 99.9th(us): 198655, 99.99th(us): 236159
READ_ERROR - Takes(s): 679.6, Count: 2810, OPS: 4.1, Avg(us): 129005, Min(us): 83264, Max(us): 215039, 50th(us): 126143, 90th(us): 156927, 95th(us): 166399, 99th(us): 184319, 99.9th(us): 202751, 99.99th(us): 215039
TOTAL  - Takes(s): 679.8, Count: 26685, OPS: 39.3, Avg(us): 113810, Min(us): 82688, Max(us): 236287, 50th(us): 108031, 90th(us): 140927, 95th(us): 152575, 99th(us): 169983, 99.9th(us): 193023, 99.99th(us): 205567
UPDATE - Takes(s): 679.8, Count: 14576, OPS: 21.4, Avg(us): 103281, Min(us): 83456, Max(us): 182143, 50th(us): 102335, 90th(us): 113087, 95th(us): 117247, 99th(us): 126783, 99.9th(us): 136959, 99.99th(us): 181887
READ   - Takes(s): 689.8, Count: 12318, OPS: 17.9, Avg(us): 126417, Min(us): 82688, Max(us): 236287, 50th(us): 123839, 90th(us): 153727, 95th(us): 161663, 99th(us): 177407, 99.9th(us): 198655, 99.99th(us): 236159
READ_ERROR - Takes(s): 689.6, Count: 2823, OPS: 4.1, Avg(us): 128978, Min(us): 83264, Max(us): 215039, 50th(us): 126143, 90th(us): 156927, 95th(us): 166399, 99th(us): 184319, 99.9th(us): 202751, 99.99th(us): 215039
TOTAL  - Takes(s): 689.8, Count: 27123, OPS: 39.3, Avg(us): 113754, Min(us): 82688, Max(us): 236287, 50th(us): 107967, 90th(us): 140927, 95th(us): 152575, 99th(us): 169855, 99.9th(us): 193023, 99.99th(us): 205567
UPDATE - Takes(s): 689.8, Count: 14805, OPS: 21.5, Avg(us): 103218, Min(us): 83456, Max(us): 182143, 50th(us): 102271, 90th(us): 113023, 95th(us): 117183, 99th(us): 126655, 99.9th(us): 136959, 99.99th(us): 181887
READ   - Takes(s): 699.8, Count: 12519, OPS: 17.9, Avg(us): 126352, Min(us): 82688, Max(us): 236287, 50th(us): 123775, 90th(us): 153599, 95th(us): 161663, 99th(us): 177407, 99.9th(us): 198527, 99.99th(us): 236159
READ_ERROR - Takes(s): 699.6, Count: 2846, OPS: 4.1, Avg(us): 128906, Min(us): 83264, Max(us): 215039, 50th(us): 126015, 90th(us): 156799, 95th(us): 166399, 99th(us): 184319, 99.9th(us): 202751, 99.99th(us): 215039
TOTAL  - Takes(s): 699.8, Count: 27548, OPS: 39.4, Avg(us): 113710, Min(us): 82688, Max(us): 236287, 50th(us): 107967, 90th(us): 140927, 95th(us): 152447, 99th(us): 169727, 99.9th(us): 192895, 99.99th(us): 205567
UPDATE - Takes(s): 699.8, Count: 15029, OPS: 21.5, Avg(us): 103179, Min(us): 83456, Max(us): 182143, 50th(us): 102271, 90th(us): 112959, 95th(us): 117183, 99th(us): 126591, 99.9th(us): 136959, 99.99th(us): 145151
READ   - Takes(s): 709.8, Count: 12728, OPS: 17.9, Avg(us): 126237, Min(us): 82688, Max(us): 236287, 50th(us): 123711, 90th(us): 153343, 95th(us): 161535, 99th(us): 177407, 99.9th(us): 198527, 99.99th(us): 236159
READ_ERROR - Takes(s): 709.6, Count: 2857, OPS: 4.0, Avg(us): 128873, Min(us): 83264, Max(us): 215039, 50th(us): 125951, 90th(us): 156799, 95th(us): 166271, 99th(us): 183807, 99.9th(us): 202751, 99.99th(us): 215039
TOTAL  - Takes(s): 709.8, Count: 27994, OPS: 39.4, Avg(us): 113639, Min(us): 82688, Max(us): 236287, 50th(us): 107903, 90th(us): 140799, 95th(us): 152191, 99th(us): 169599, 99.9th(us): 192895, 99.99th(us): 205567
UPDATE - Takes(s): 709.8, Count: 15266, OPS: 21.5, Avg(us): 103135, Min(us): 83456, Max(us): 182143, 50th(us): 102207, 90th(us): 112959, 95th(us): 117055, 99th(us): 126527, 99.9th(us): 136959, 99.99th(us): 145151
READ   - Takes(s): 719.8, Count: 12955, OPS: 18.0, Avg(us): 126180, Min(us): 82688, Max(us): 236287, 50th(us): 123583, 90th(us): 153215, 95th(us): 161407, 99th(us): 177279, 99.9th(us): 198527, 99.99th(us): 236159
READ_ERROR - Takes(s): 719.6, Count: 2869, OPS: 4.0, Avg(us): 128853, Min(us): 83264, Max(us): 215039, 50th(us): 125951, 90th(us): 156799, 95th(us): 166271, 99th(us): 183807, 99.9th(us): 202751, 99.99th(us): 215039
TOTAL  - Takes(s): 719.8, Count: 28424, OPS: 39.5, Avg(us): 113627, Min(us): 82688, Max(us): 236287, 50th(us): 107903, 90th(us): 140799, 95th(us): 152191, 99th(us): 169471, 99.9th(us): 192895, 99.99th(us): 205567
UPDATE - Takes(s): 719.8, Count: 15469, OPS: 21.5, Avg(us): 103114, Min(us): 83456, Max(us): 182143, 50th(us): 102207, 90th(us): 112959, 95th(us): 116991, 99th(us): 126463, 99.9th(us): 136959, 99.99th(us): 145151
READ   - Takes(s): 729.8, Count: 13175, OPS: 18.1, Avg(us): 126093, Min(us): 82688, Max(us): 236287, 50th(us): 123519, 90th(us): 153215, 95th(us): 161023, 99th(us): 177151, 99.9th(us): 198527, 99.99th(us): 236159
READ_ERROR - Takes(s): 729.6, Count: 2880, OPS: 3.9, Avg(us): 128813, Min(us): 83264, Max(us): 215039, 50th(us): 125887, 90th(us): 156671, 95th(us): 166015, 99th(us): 183807, 99.9th(us): 202751, 99.99th(us): 215039
TOTAL  - Takes(s): 729.8, Count: 28869, OPS: 39.6, Avg(us): 113563, Min(us): 82688, Max(us): 236287, 50th(us): 107839, 90th(us): 140671, 95th(us): 152191, 99th(us): 169471, 99.9th(us): 191487, 99.99th(us): 205567
UPDATE - Takes(s): 729.8, Count: 15694, OPS: 21.5, Avg(us): 103044, Min(us): 83456, Max(us): 182143, 50th(us): 102079, 90th(us): 112895, 95th(us): 116991, 99th(us): 126335, 99.9th(us): 136319, 99.99th(us): 145151
READ   - Takes(s): 739.8, Count: 13383, OPS: 18.1, Avg(us): 125955, Min(us): 82688, Max(us): 236287, 50th(us): 123391, 90th(us): 153087, 95th(us): 160895, 99th(us): 177151, 99.9th(us): 198527, 99.99th(us): 236159
READ_ERROR - Takes(s): 739.6, Count: 2888, OPS: 3.9, Avg(us): 128803, Min(us): 83264, Max(us): 215039, 50th(us): 125887, 90th(us): 156671, 95th(us): 166015, 99th(us): 183807, 99.9th(us): 202751, 99.99th(us): 215039
TOTAL  - Takes(s): 739.8, Count: 29322, OPS: 39.6, Avg(us): 113475, Min(us): 82688, Max(us): 236287, 50th(us): 107711, 90th(us): 140543, 95th(us): 151935, 99th(us): 169215, 99.9th(us): 191487, 99.99th(us): 205567
UPDATE - Takes(s): 739.8, Count: 15939, OPS: 21.5, Avg(us): 102997, Min(us): 83456, Max(us): 182143, 50th(us): 102079, 90th(us): 112767, 95th(us): 116863, 99th(us): 126143, 99.9th(us): 136319, 99.99th(us): 145151
READ   - Takes(s): 749.8, Count: 13587, OPS: 18.1, Avg(us): 125847, Min(us): 82688, Max(us): 236287, 50th(us): 123263, 90th(us): 152959, 95th(us): 160767, 99th(us): 176895, 99.9th(us): 198399, 99.99th(us): 236159
READ_ERROR - Takes(s): 749.6, Count: 2906, OPS: 3.9, Avg(us): 128742, Min(us): 83264, Max(us): 215039, 50th(us): 125887, 90th(us): 156543, 95th(us): 166015, 99th(us): 183807, 99.9th(us): 202751, 99.99th(us): 215039
TOTAL  - Takes(s): 749.8, Count: 29766, OPS: 39.7, Avg(us): 113390, Min(us): 82688, Max(us): 236287, 50th(us): 107647, 90th(us): 140415, 95th(us): 151807, 99th(us): 168959, 99.9th(us): 190719, 99.99th(us): 205567
UPDATE - Takes(s): 749.8, Count: 16179, OPS: 21.6, Avg(us): 102929, Min(us): 83456, Max(us): 182143, 50th(us): 102015, 90th(us): 112703, 95th(us): 116799, 99th(us): 125951, 99.9th(us): 136319, 99.99th(us): 145151
READ   - Takes(s): 759.8, Count: 13800, OPS: 18.2, Avg(us): 125802, Min(us): 82688, Max(us): 236287, 50th(us): 123263, 90th(us): 152959, 95th(us): 160639, 99th(us): 177151, 99.9th(us): 198399, 99.99th(us): 236159
READ_ERROR - Takes(s): 759.6, Count: 2917, OPS: 3.8, Avg(us): 128763, Min(us): 83264, Max(us): 215039, 50th(us): 125887, 90th(us): 156543, 95th(us): 165887, 99th(us): 183807, 99.9th(us): 202751, 99.99th(us): 215039
TOTAL  - Takes(s): 759.8, Count: 30198, OPS: 39.7, Avg(us): 113378, Min(us): 82688, Max(us): 236287, 50th(us): 107647, 90th(us): 140415, 95th(us): 151807, 99th(us): 169087, 99.9th(us): 190719, 99.99th(us): 205567
UPDATE - Takes(s): 759.8, Count: 16398, OPS: 21.6, Avg(us): 102922, Min(us): 83456, Max(us): 182143, 50th(us): 102015, 90th(us): 112703, 95th(us): 116863, 99th(us): 125887, 99.9th(us): 136319, 99.99th(us): 145151
READ   - Takes(s): 769.8, Count: 14001, OPS: 18.2, Avg(us): 125775, Min(us): 82688, Max(us): 236287, 50th(us): 123199, 90th(us): 152959, 95th(us): 160639, 99th(us): 176895, 99.9th(us): 198399, 99.99th(us): 236159
READ_ERROR - Takes(s): 769.6, Count: 2933, OPS: 3.8, Avg(us): 128680, Min(us): 83264, Max(us): 215039, 50th(us): 125823, 90th(us): 156543, 95th(us): 165759, 99th(us): 183807, 99.9th(us): 202751, 99.99th(us): 215039
TOTAL  - Takes(s): 769.8, Count: 30624, OPS: 39.8, Avg(us): 113371, Min(us): 82688, Max(us): 236287, 50th(us): 107647, 90th(us): 140415, 95th(us): 151807, 99th(us): 169087, 99.9th(us): 190591, 99.99th(us): 205567
UPDATE - Takes(s): 769.8, Count: 16623, OPS: 21.6, Avg(us): 102923, Min(us): 83456, Max(us): 182143, 50th(us): 102015, 90th(us): 112703, 95th(us): 116863, 99th(us): 125887, 99.9th(us): 136959, 99.99th(us): 145151
READ   - Takes(s): 779.8, Count: 14217, OPS: 18.2, Avg(us): 125706, Min(us): 82688, Max(us): 236287, 50th(us): 123199, 90th(us): 152831, 95th(us): 160511, 99th(us): 176895, 99.9th(us): 198399, 99.99th(us): 236159
READ_ERROR - Takes(s): 779.6, Count: 2946, OPS: 3.8, Avg(us): 128672, Min(us): 83264, Max(us): 215039, 50th(us): 125823, 90th(us): 156543, 95th(us): 165759, 99th(us): 183807, 99.9th(us): 202751, 99.99th(us): 215039
TOTAL  - Takes(s): 779.8, Count: 31060, OPS: 39.8, Avg(us): 113336, Min(us): 82688, Max(us): 236287, 50th(us): 107647, 90th(us): 140287, 95th(us): 151679, 99th(us): 168959, 99.9th(us): 190591, 99.99th(us): 205567
UPDATE - Takes(s): 779.8, Count: 16843, OPS: 21.6, Avg(us): 102894, Min(us): 83456, Max(us): 182143, 50th(us): 101951, 90th(us): 112639, 95th(us): 116799, 99th(us): 125823, 99.9th(us): 136959, 99.99th(us): 145151
READ   - Takes(s): 789.8, Count: 14422, OPS: 18.3, Avg(us): 125597, Min(us): 82688, Max(us): 236287, 50th(us): 123007, 90th(us): 152703, 95th(us): 160255, 99th(us): 176767, 99.9th(us): 198399, 99.99th(us): 236159
READ_ERROR - Takes(s): 789.6, Count: 2956, OPS: 3.7, Avg(us): 128643, Min(us): 83264, Max(us): 215039, 50th(us): 125759, 90th(us): 156287, 95th(us): 165631, 99th(us): 183551, 99.9th(us): 202751, 99.99th(us): 215039
TOTAL  - Takes(s): 789.8, Count: 31515, OPS: 39.9, Avg(us): 113250, Min(us): 82688, Max(us): 236287, 50th(us): 107519, 90th(us): 140159, 95th(us): 151679, 99th(us): 168703, 99.9th(us): 190207, 99.99th(us): 205567
UPDATE - Takes(s): 789.8, Count: 17093, OPS: 21.6, Avg(us): 102832, Min(us): 83456, Max(us): 182143, 50th(us): 101887, 90th(us): 112575, 95th(us): 116735, 99th(us): 125695, 99.9th(us): 136959, 99.99th(us): 145151
READ   - Takes(s): 799.8, Count: 14623, OPS: 18.3, Avg(us): 125526, Min(us): 82688, Max(us): 236287, 50th(us): 122943, 90th(us): 152703, 95th(us): 160255, 99th(us): 176639, 99.9th(us): 198143, 99.99th(us): 236159
READ_ERROR - Takes(s): 799.6, Count: 2970, OPS: 3.7, Avg(us): 128596, Min(us): 83264, Max(us): 215039, 50th(us): 125695, 90th(us): 156287, 95th(us): 165631, 99th(us): 183551, 99.9th(us): 202751, 99.99th(us): 215039
TOTAL  - Takes(s): 799.8, Count: 31962, OPS: 40.0, Avg(us): 113174, Min(us): 82688, Max(us): 236287, 50th(us): 107391, 90th(us): 140159, 95th(us): 151551, 99th(us): 168447, 99.9th(us): 190207, 99.99th(us): 205567
UPDATE - Takes(s): 799.8, Count: 17339, OPS: 21.7, Avg(us): 102756, Min(us): 83456, Max(us): 182143, 50th(us): 101823, 90th(us): 112511, 95th(us): 116671, 99th(us): 125695, 99.9th(us): 136959, 99.99th(us): 145151
READ   - Takes(s): 809.8, Count: 14832, OPS: 18.3, Avg(us): 125445, Min(us): 82688, Max(us): 236287, 50th(us): 122879, 90th(us): 152575, 95th(us): 160127, 99th(us): 176639, 99.9th(us): 198143, 99.99th(us): 236159
READ_ERROR - Takes(s): 809.6, Count: 2982, OPS: 3.7, Avg(us): 128546, Min(us): 83264, Max(us): 215039, 50th(us): 125631, 90th(us): 156287, 95th(us): 165631, 99th(us): 183551, 99.9th(us): 202751, 99.99th(us): 215039
TOTAL  - Takes(s): 809.8, Count: 32413, OPS: 40.0, Avg(us): 113102, Min(us): 82688, Max(us): 236287, 50th(us): 107327, 90th(us): 140031, 95th(us): 151423, 99th(us): 168447, 99.9th(us): 190207, 99.99th(us): 205567
UPDATE - Takes(s): 809.8, Count: 17581, OPS: 21.7, Avg(us): 102690, Min(us): 83456, Max(us): 182143, 50th(us): 101759, 90th(us): 112319, 95th(us): 116607, 99th(us): 125503, 99.9th(us): 136319, 99.99th(us): 145151
READ   - Takes(s): 819.8, Count: 15062, OPS: 18.4, Avg(us): 125343, Min(us): 82688, Max(us): 236287, 50th(us): 122687, 90th(us): 152447, 95th(us): 159999, 99th(us): 176511, 99.9th(us): 198143, 99.99th(us): 221951
READ_ERROR - Takes(s): 819.6, Count: 2999, OPS: 3.7, Avg(us): 128485, Min(us): 83264, Max(us): 215039, 50th(us): 125631, 90th(us): 156159, 95th(us): 165631, 99th(us): 183551, 99.9th(us): 202751, 99.99th(us): 215039
TOTAL  - Takes(s): 819.8, Count: 32855, OPS: 40.1, Avg(us): 113039, Min(us): 82688, Max(us): 236287, 50th(us): 107263, 90th(us): 139903, 95th(us): 151295, 99th(us): 168319, 99.9th(us): 190079, 99.99th(us): 205567
UPDATE - Takes(s): 819.8, Count: 17793, OPS: 21.7, Avg(us): 102623, Min(us): 83456, Max(us): 182143, 50th(us): 101695, 90th(us): 112255, 95th(us): 116543, 99th(us): 125503, 99.9th(us): 136319, 99.99th(us): 145151
READ   - Takes(s): 829.8, Count: 15288, OPS: 18.4, Avg(us): 125215, Min(us): 82688, Max(us): 236287, 50th(us): 122559, 90th(us): 152319, 95th(us): 159871, 99th(us): 176383, 99.9th(us): 198143, 99.99th(us): 221951
READ_ERROR - Takes(s): 829.6, Count: 3003, OPS: 3.6, Avg(us): 128466, Min(us): 83264, Max(us): 215039, 50th(us): 125631, 90th(us): 156159, 95th(us): 165631, 99th(us): 183551, 99.9th(us): 202751, 99.99th(us): 215039
TOTAL  - Takes(s): 829.8, Count: 33315, OPS: 40.1, Avg(us): 112966, Min(us): 82688, Max(us): 236287, 50th(us): 107135, 90th(us): 139775, 95th(us): 151295, 99th(us): 168191, 99.9th(us): 190079, 99.99th(us): 205567
UPDATE - Takes(s): 829.8, Count: 18027, OPS: 21.7, Avg(us): 102578, Min(us): 83456, Max(us): 182143, 50th(us): 101631, 90th(us): 112127, 95th(us): 116479, 99th(us): 125439, 99.9th(us): 136319, 99.99th(us): 145151
READ   - Takes(s): 839.8, Count: 15489, OPS: 18.4, Avg(us): 125110, Min(us): 82688, Max(us): 236287, 50th(us): 122495, 90th(us): 152191, 95th(us): 159743, 99th(us): 175999, 99.9th(us): 198143, 99.99th(us): 221951
READ_ERROR - Takes(s): 839.6, Count: 3016, OPS: 3.6, Avg(us): 128434, Min(us): 83264, Max(us): 215039, 50th(us): 125631, 90th(us): 156031, 95th(us): 165503, 99th(us): 183551, 99.9th(us): 202751, 99.99th(us): 215039
TOTAL  - Takes(s): 839.8, Count: 33768, OPS: 40.2, Avg(us): 112880, Min(us): 82688, Max(us): 236287, 50th(us): 107071, 90th(us): 139647, 95th(us): 151167, 99th(us): 168191, 99.9th(us): 190079, 99.99th(us): 205567
UPDATE - Takes(s): 839.8, Count: 18279, OPS: 21.8, Avg(us): 102516, Min(us): 83456, Max(us): 182143, 50th(us): 101567, 90th(us): 112127, 95th(us): 116351, 99th(us): 125375, 99.9th(us): 136319, 99.99th(us): 145151
READ   - Takes(s): 849.8, Count: 15713, OPS: 18.5, Avg(us): 125027, Min(us): 82688, Max(us): 236287, 50th(us): 122367, 90th(us): 152063, 95th(us): 159615, 99th(us): 175999, 99.9th(us): 197247, 99.99th(us): 221951
READ_ERROR - Takes(s): 849.6, Count: 3027, OPS: 3.6, Avg(us): 128411, Min(us): 83264, Max(us): 215039, 50th(us): 125567, 90th(us): 156031, 95th(us): 165503, 99th(us): 183551, 99.9th(us): 202751, 99.99th(us): 215039
TOTAL  - Takes(s): 849.8, Count: 34218, OPS: 40.3, Avg(us): 112819, Min(us): 82688, Max(us): 236287, 50th(us): 107007, 90th(us): 139519, 95th(us): 151039, 99th(us): 167935, 99.9th(us): 190079, 99.99th(us): 205567
UPDATE - Takes(s): 849.8, Count: 18505, OPS: 21.8, Avg(us): 102452, Min(us): 83456, Max(us): 182143, 50th(us): 101503, 90th(us): 111999, 95th(us): 116287, 99th(us): 125311, 99.9th(us): 136063, 99.99th(us): 145151
READ   - Takes(s): 859.8, Count: 15944, OPS: 18.5, Avg(us): 124914, Min(us): 82688, Max(us): 236287, 50th(us): 122239, 90th(us): 151935, 95th(us): 159487, 99th(us): 175871, 99.9th(us): 197247, 99.99th(us): 221951
READ_ERROR - Takes(s): 859.6, Count: 3037, OPS: 3.5, Avg(us): 128369, Min(us): 83264, Max(us): 215039, 50th(us): 125439, 90th(us): 156031, 95th(us): 165247, 99th(us): 183551, 99.9th(us): 202751, 99.99th(us): 215039
TOTAL  - Takes(s): 859.8, Count: 34673, OPS: 40.3, Avg(us): 112747, Min(us): 82688, Max(us): 236287, 50th(us): 106943, 90th(us): 139519, 95th(us): 150911, 99th(us): 167935, 99.9th(us): 189695, 99.99th(us): 205567
UPDATE - Takes(s): 859.8, Count: 18729, OPS: 21.8, Avg(us): 102389, Min(us): 83456, Max(us): 182143, 50th(us): 101439, 90th(us): 111935, 95th(us): 116159, 99th(us): 125247, 99.9th(us): 136063, 99.99th(us): 145151
READ   - Takes(s): 869.8, Count: 16162, OPS: 18.6, Avg(us): 124823, Min(us): 82688, Max(us): 236287, 50th(us): 122175, 90th(us): 151935, 95th(us): 159359, 99th(us): 175487, 99.9th(us): 197247, 99.99th(us): 221951
READ_ERROR - Takes(s): 869.6, Count: 3044, OPS: 3.5, Avg(us): 128353, Min(us): 83264, Max(us): 215039, 50th(us): 125375, 90th(us): 156031, 95th(us): 165247, 99th(us): 183551, 99.9th(us): 202751, 99.99th(us): 215039
TOTAL  - Takes(s): 869.8, Count: 35132, OPS: 40.4, Avg(us): 112680, Min(us): 82688, Max(us): 236287, 50th(us): 106879, 90th(us): 139391, 95th(us): 150911, 99th(us): 167807, 99.9th(us): 189695, 99.99th(us): 204031
UPDATE - Takes(s): 869.8, Count: 18970, OPS: 21.8, Avg(us): 102335, Min(us): 83456, Max(us): 182143, 50th(us): 101375, 90th(us): 111871, 95th(us): 116095, 99th(us): 125183, 99.9th(us): 136063, 99.99th(us): 145151
READ   - Takes(s): 879.8, Count: 16379, OPS: 18.6, Avg(us): 124724, Min(us): 82688, Max(us): 236287, 50th(us): 122111, 90th(us): 151807, 95th(us): 159231, 99th(us): 175487, 99.9th(us): 197247, 99.99th(us): 221951
READ_ERROR - Takes(s): 879.6, Count: 3055, OPS: 3.5, Avg(us): 128302, Min(us): 83264, Max(us): 215039, 50th(us): 125247, 90th(us): 156031, 95th(us): 165247, 99th(us): 183423, 99.9th(us): 202751, 99.99th(us): 215039
TOTAL  - Takes(s): 879.8, Count: 35582, OPS: 40.4, Avg(us): 112618, Min(us): 82688, Max(us): 236287, 50th(us): 106815, 90th(us): 139263, 95th(us): 150783, 99th(us): 167679, 99.9th(us): 189311, 99.99th(us): 204031
UPDATE - Takes(s): 879.8, Count: 19203, OPS: 21.8, Avg(us): 102291, Min(us): 83456, Max(us): 182143, 50th(us): 101375, 90th(us): 111807, 95th(us): 116031, 99th(us): 125183, 99.9th(us): 136063, 99.99th(us): 145151
READ   - Takes(s): 889.8, Count: 16620, OPS: 18.7, Avg(us): 124677, Min(us): 82688, Max(us): 236287, 50th(us): 122047, 90th(us): 151679, 95th(us): 159231, 99th(us): 175359, 99.9th(us): 196479, 99.99th(us): 221951
READ_ERROR - Takes(s): 889.6, Count: 3062, OPS: 3.4, Avg(us): 128272, Min(us): 83264, Max(us): 215039, 50th(us): 125183, 90th(us): 156031, 95th(us): 165247, 99th(us): 183423, 99.9th(us): 202751, 99.99th(us): 215039
TOTAL  - Takes(s): 889.8, Count: 36030, OPS: 40.5, Avg(us): 112588, Min(us): 82688, Max(us): 236287, 50th(us): 106815, 90th(us): 139263, 95th(us): 150783, 99th(us): 167551, 99.9th(us): 189311, 99.99th(us): 204031
UPDATE - Takes(s): 889.8, Count: 19410, OPS: 21.8, Avg(us): 102236, Min(us): 83456, Max(us): 182143, 50th(us): 101311, 90th(us): 111743, 95th(us): 115967, 99th(us): 125119, 99.9th(us): 136063, 99.99th(us): 145151
READ   - Takes(s): 899.8, Count: 16828, OPS: 18.7, Avg(us): 124625, Min(us): 82688, Max(us): 236287, 50th(us): 121983, 90th(us): 151679, 95th(us): 159103, 99th(us): 175103, 99.9th(us): 196479, 99.99th(us): 221951
READ_ERROR - Takes(s): 899.6, Count: 3073, OPS: 3.4, Avg(us): 128212, Min(us): 83264, Max(us): 215039, 50th(us): 125183, 90th(us): 155903, 95th(us): 165119, 99th(us): 183423, 99.9th(us): 202751, 99.99th(us): 215039
TOTAL  - Takes(s): 899.8, Count: 36480, OPS: 40.5, Avg(us): 112531, Min(us): 82688, Max(us): 236287, 50th(us): 106751, 90th(us): 139263, 95th(us): 150655, 99th(us): 167423, 99.9th(us): 189311, 99.99th(us): 204031
UPDATE - Takes(s): 899.8, Count: 19652, OPS: 21.8, Avg(us): 102175, Min(us): 83456, Max(us): 182143, 50th(us): 101247, 90th(us): 111679, 95th(us): 115903, 99th(us): 125119, 99.9th(us): 135935, 99.99th(us): 145151
READ   - Takes(s): 909.8, Count: 17049, OPS: 18.7, Avg(us): 124550, Min(us): 82688, Max(us): 236287, 50th(us): 121919, 90th(us): 151551, 95th(us): 158975, 99th(us): 175103, 99.9th(us): 196479, 99.99th(us): 221951
READ_ERROR - Takes(s): 909.6, Count: 3083, OPS: 3.4, Avg(us): 128192, Min(us): 83264, Max(us): 215039, 50th(us): 125183, 90th(us): 155903, 95th(us): 165119, 99th(us): 183423, 99.9th(us): 202751, 99.99th(us): 215039
TOTAL  - Takes(s): 909.8, Count: 36934, OPS: 40.6, Avg(us): 112473, Min(us): 82688, Max(us): 236287, 50th(us): 106687, 90th(us): 139135, 95th(us): 150527, 99th(us): 167295, 99.9th(us): 189055, 99.99th(us): 204031
UPDATE - Takes(s): 909.8, Count: 19885, OPS: 21.9, Avg(us): 102119, Min(us): 83456, Max(us): 182143, 50th(us): 101183, 90th(us): 111551, 95th(us): 115839, 99th(us): 125055, 99.9th(us): 135935, 99.99th(us): 145151
READ   - Takes(s): 919.8, Count: 17265, OPS: 18.8, Avg(us): 124471, Min(us): 82688, Max(us): 236287, 50th(us): 121855, 90th(us): 151423, 95th(us): 158975, 99th(us): 174847, 99.9th(us): 196479, 99.99th(us): 221951
READ_ERROR - Takes(s): 919.6, Count: 3102, OPS: 3.4, Avg(us): 128092, Min(us): 83264, Max(us): 215039, 50th(us): 124991, 90th(us): 155903, 95th(us): 164991, 99th(us): 183423, 99.9th(us): 202751, 99.99th(us): 215039
TOTAL  - Takes(s): 919.8, Count: 37381, OPS: 40.6, Avg(us): 112410, Min(us): 82688, Max(us): 236287, 50th(us): 106623, 90th(us): 139007, 95th(us): 150527, 99th(us): 167039, 99.9th(us): 189055, 99.99th(us): 204031
UPDATE - Takes(s): 919.8, Count: 20116, OPS: 21.9, Avg(us): 102058, Min(us): 83456, Max(us): 182143, 50th(us): 101119, 90th(us): 111487, 95th(us): 115839, 99th(us): 125055, 99.9th(us): 135935, 99.99th(us): 145151
READ   - Takes(s): 929.8, Count: 17477, OPS: 18.8, Avg(us): 124387, Min(us): 82688, Max(us): 236287, 50th(us): 121727, 90th(us): 151295, 95th(us): 158847, 99th(us): 174719, 99.9th(us): 196479, 99.99th(us): 221951
READ_ERROR - Takes(s): 929.6, Count: 3114, OPS: 3.3, Avg(us): 128065, Min(us): 83264, Max(us): 215039, 50th(us): 124991, 90th(us): 155903, 95th(us): 164735, 99th(us): 183423, 99.9th(us): 202751, 99.99th(us): 215039
TOTAL  - Takes(s): 929.8, Count: 37835, OPS: 40.7, Avg(us): 112341, Min(us): 82688, Max(us): 236287, 50th(us): 106559, 90th(us): 138879, 95th(us): 150399, 99th(us): 166911, 99.9th(us): 188799, 99.99th(us): 204031
UPDATE - Takes(s): 929.8, Count: 20358, OPS: 21.9, Avg(us): 102000, Min(us): 83456, Max(us): 182143, 50th(us): 101055, 90th(us): 111423, 95th(us): 115775, 99th(us): 124863, 99.9th(us): 135935, 99.99th(us): 145151
READ   - Takes(s): 939.8, Count: 17712, OPS: 18.8, Avg(us): 124295, Min(us): 82688, Max(us): 236287, 50th(us): 121663, 90th(us): 151167, 95th(us): 158719, 99th(us): 174591, 99.9th(us): 196351, 99.99th(us): 221951
READ_ERROR - Takes(s): 939.6, Count: 3125, OPS: 3.3, Avg(us): 128033, Min(us): 83264, Max(us): 215039, 50th(us): 124927, 90th(us): 155775, 95th(us): 164735, 99th(us): 183423, 99.9th(us): 202751, 99.99th(us): 215039
TOTAL  - Takes(s): 939.8, Count: 38289, OPS: 40.7, Avg(us): 112283, Min(us): 82688, Max(us): 236287, 50th(us): 106495, 90th(us): 138879, 95th(us): 150271, 99th(us): 166911, 99.9th(us): 188799, 99.99th(us): 204031
UPDATE - Takes(s): 939.8, Count: 20577, OPS: 21.9, Avg(us): 101943, Min(us): 83456, Max(us): 182143, 50th(us): 100991, 90th(us): 111359, 95th(us): 115711, 99th(us): 124799, 99.9th(us): 135295, 99.99th(us): 145151
READ   - Takes(s): 949.8, Count: 17939, OPS: 18.9, Avg(us): 124216, Min(us): 82688, Max(us): 236287, 50th(us): 121599, 90th(us): 151039, 95th(us): 158591, 99th(us): 174591, 99.9th(us): 196351, 99.99th(us): 221951
READ_ERROR - Takes(s): 949.6, Count: 3136, OPS: 3.3, Avg(us): 127986, Min(us): 83264, Max(us): 215039, 50th(us): 124927, 90th(us): 155775, 95th(us): 164607, 99th(us): 183423, 99.9th(us): 202751, 99.99th(us): 215039
TOTAL  - Takes(s): 949.8, Count: 38742, OPS: 40.8, Avg(us): 112224, Min(us): 82688, Max(us): 236287, 50th(us): 106431, 90th(us): 138751, 95th(us): 150271, 99th(us): 166783, 99.9th(us): 188799, 99.99th(us): 204031
UPDATE - Takes(s): 949.8, Count: 20803, OPS: 21.9, Avg(us): 101884, Min(us): 83456, Max(us): 182143, 50th(us): 100927, 90th(us): 111295, 95th(us): 115647, 99th(us): 124799, 99.9th(us): 135295, 99.99th(us): 145151
READ   - Takes(s): 959.8, Count: 18174, OPS: 18.9, Avg(us): 124123, Min(us): 82688, Max(us): 236287, 50th(us): 121471, 90th(us): 150911, 95th(us): 158591, 99th(us): 174463, 99.9th(us): 196351, 99.99th(us): 221951
READ_ERROR - Takes(s): 959.6, Count: 3149, OPS: 3.3, Avg(us): 127935, Min(us): 83264, Max(us): 215039, 50th(us): 124863, 90th(us): 155775, 95th(us): 164607, 99th(us): 183423, 99.9th(us): 202751, 99.99th(us): 215039
TOTAL  - Takes(s): 959.8, Count: 39194, OPS: 40.8, Avg(us): 112168, Min(us): 82688, Max(us): 236287, 50th(us): 106431, 90th(us): 138623, 95th(us): 150143, 99th(us): 166655, 99.9th(us): 188799, 99.99th(us): 204031
UPDATE - Takes(s): 959.8, Count: 21020, OPS: 21.9, Avg(us): 101831, Min(us): 83392, Max(us): 182143, 50th(us): 100863, 90th(us): 111231, 95th(us): 115583, 99th(us): 124799, 99.9th(us): 135295, 99.99th(us): 145151
READ   - Takes(s): 969.8, Count: 18389, OPS: 19.0, Avg(us): 124039, Min(us): 82688, Max(us): 236287, 50th(us): 121343, 90th(us): 150911, 95th(us): 158463, 99th(us): 174207, 99.9th(us): 196351, 99.99th(us): 221951
READ_ERROR - Takes(s): 969.6, Count: 3159, OPS: 3.3, Avg(us): 127932, Min(us): 83264, Max(us): 215039, 50th(us): 124863, 90th(us): 155647, 95th(us): 164607, 99th(us): 183167, 99.9th(us): 202751, 99.99th(us): 215039
TOTAL  - Takes(s): 969.8, Count: 39654, OPS: 40.9, Avg(us): 112097, Min(us): 82560, Max(us): 236287, 50th(us): 106367, 90th(us): 138623, 95th(us): 150015, 99th(us): 166399, 99.9th(us): 188671, 99.99th(us): 204031
UPDATE - Takes(s): 969.8, Count: 21265, OPS: 21.9, Avg(us): 101770, Min(us): 82560, Max(us): 182143, 50th(us): 100863, 90th(us): 111167, 95th(us): 115519, 99th(us): 124799, 99.9th(us): 135295, 99.99th(us): 145151
READ   - Takes(s): 979.8, Count: 18599, OPS: 19.0, Avg(us): 123977, Min(us): 82688, Max(us): 236287, 50th(us): 121343, 90th(us): 150783, 95th(us): 158463, 99th(us): 174079, 99.9th(us): 195839, 99.99th(us): 221951
READ_ERROR - Takes(s): 979.6, Count: 3166, OPS: 3.2, Avg(us): 127899, Min(us): 83264, Max(us): 215039, 50th(us): 124863, 90th(us): 155519, 95th(us): 164607, 99th(us): 183167, 99.9th(us): 202751, 99.99th(us): 215039
TOTAL  - Takes(s): 979.8, Count: 40114, OPS: 40.9, Avg(us): 112036, Min(us): 82560, Max(us): 236287, 50th(us): 106303, 90th(us): 138495, 95th(us): 149887, 99th(us): 166271, 99.9th(us): 188671, 99.99th(us): 204031
UPDATE - Takes(s): 979.8, Count: 21515, OPS: 22.0, Avg(us): 101713, Min(us): 82560, Max(us): 182143, 50th(us): 100799, 90th(us): 111103, 95th(us): 115519, 99th(us): 124735, 99.9th(us): 135167, 99.99th(us): 145151
READ   - Takes(s): 989.8, Count: 18833, OPS: 19.0, Avg(us): 123897, Min(us): 82688, Max(us): 236287, 50th(us): 121215, 90th(us): 150655, 95th(us): 158335, 99th(us): 173695, 99.9th(us): 195839, 99.99th(us): 221951
READ_ERROR - Takes(s): 989.6, Count: 3170, OPS: 3.2, Avg(us): 127886, Min(us): 83264, Max(us): 215039, 50th(us): 124799, 90th(us): 155519, 95th(us): 164607, 99th(us): 183167, 99.9th(us): 202751, 99.99th(us): 215039
TOTAL  - Takes(s): 989.8, Count: 40575, OPS: 41.0, Avg(us): 111984, Min(us): 82560, Max(us): 236287, 50th(us): 106239, 90th(us): 138367, 95th(us): 149887, 99th(us): 166143, 99.9th(us): 188287, 99.99th(us): 204031
UPDATE - Takes(s): 989.8, Count: 21742, OPS: 22.0, Avg(us): 101664, Min(us): 82560, Max(us): 182143, 50th(us): 100735, 90th(us): 111103, 95th(us): 115455, 99th(us): 124671, 99.9th(us): 135167, 99.99th(us): 145151
READ   - Takes(s): 999.8, Count: 19068, OPS: 19.1, Avg(us): 123819, Min(us): 82688, Max(us): 236287, 50th(us): 121151, 90th(us): 150655, 95th(us): 158207, 99th(us): 173567, 99.9th(us): 195839, 99.99th(us): 221951
READ_ERROR - Takes(s): 999.6, Count: 3177, OPS: 3.2, Avg(us): 127887, Min(us): 83264, Max(us): 215039, 50th(us): 124863, 90th(us): 155519, 95th(us): 164479, 99th(us): 183167, 99.9th(us): 202751, 99.99th(us): 215039
TOTAL  - Takes(s): 999.8, Count: 41032, OPS: 41.0, Avg(us): 111934, Min(us): 82560, Max(us): 236287, 50th(us): 106175, 90th(us): 138367, 95th(us): 149759, 99th(us): 166015, 99.9th(us): 188287, 99.99th(us): 204031
UPDATE - Takes(s): 999.8, Count: 21964, OPS: 22.0, Avg(us): 101615, Min(us): 82560, Max(us): 182143, 50th(us): 100671, 90th(us): 110975, 95th(us): 115391, 99th(us): 124543, 99.9th(us): 135167, 99.99th(us): 145151
READ   - Takes(s): 1009.8, Count: 19292, OPS: 19.1, Avg(us): 123734, Min(us): 82688, Max(us): 236287, 50th(us): 121023, 90th(us): 150527, 95th(us): 157951, 99th(us): 173439, 99.9th(us): 195839, 99.99th(us): 221951
READ_ERROR - Takes(s): 1009.6, Count: 3188, OPS: 3.2, Avg(us): 127881, Min(us): 83264, Max(us): 215039, 50th(us): 124799, 90th(us): 155519, 95th(us): 164607, 99th(us): 183167, 99.9th(us): 202751, 99.99th(us): 215039
TOTAL  - Takes(s): 1009.8, Count: 41488, OPS: 41.1, Avg(us): 111874, Min(us): 82560, Max(us): 236287, 50th(us): 106175, 90th(us): 138239, 95th(us): 149631, 99th(us): 165887, 99.9th(us): 188287, 99.99th(us): 204031
UPDATE - Takes(s): 1009.8, Count: 22196, OPS: 22.0, Avg(us): 101566, Min(us): 82560, Max(us): 182143, 50th(us): 100671, 90th(us): 110911, 95th(us): 115327, 99th(us): 124543, 99.9th(us): 135167, 99.99th(us): 145151
READ   - Takes(s): 1019.8, Count: 19513, OPS: 19.1, Avg(us): 123666, Min(us): 82688, Max(us): 236287, 50th(us): 120959, 90th(us): 150399, 95th(us): 157823, 99th(us): 173439, 99.9th(us): 195711, 99.99th(us): 221951
READ_ERROR - Takes(s): 1019.6, Count: 3197, OPS: 3.1, Avg(us): 127877, Min(us): 83264, Max(us): 215039, 50th(us): 124799, 90th(us): 155519, 95th(us): 164479, 99th(us): 183167, 99.9th(us): 202751, 99.99th(us): 215039
TOTAL  - Takes(s): 1019.8, Count: 41945, OPS: 41.1, Avg(us): 111818, Min(us): 82560, Max(us): 236287, 50th(us): 106111, 90th(us): 138239, 95th(us): 149503, 99th(us): 165887, 99.9th(us): 188159, 99.99th(us): 204031
UPDATE - Takes(s): 1019.8, Count: 22432, OPS: 22.0, Avg(us): 101513, Min(us): 82560, Max(us): 182143, 50th(us): 100607, 90th(us): 110847, 95th(us): 115199, 99th(us): 124479, 99.9th(us): 135167, 99.99th(us): 145151
READ   - Takes(s): 1029.8, Count: 19739, OPS: 19.2, Avg(us): 123605, Min(us): 82688, Max(us): 236287, 50th(us): 120895, 90th(us): 150399, 95th(us): 157695, 99th(us): 173439, 99.9th(us): 195711, 99.99th(us): 221951
READ_ERROR - Takes(s): 1029.6, Count: 3206, OPS: 3.1, Avg(us): 127846, Min(us): 83264, Max(us): 215039, 50th(us): 124799, 90th(us): 155519, 95th(us): 164479, 99th(us): 183167, 99.9th(us): 202751, 99.99th(us): 215039
TOTAL  - Takes(s): 1029.8, Count: 42401, OPS: 41.2, Avg(us): 111770, Min(us): 82560, Max(us): 236287, 50th(us): 106047, 90th(us): 138111, 95th(us): 149503, 99th(us): 165887, 99.9th(us): 188159, 99.99th(us): 204031
UPDATE - Takes(s): 1029.8, Count: 22662, OPS: 22.0, Avg(us): 101463, Min(us): 82560, Max(us): 182143, 50th(us): 100543, 90th(us): 110783, 95th(us): 115135, 99th(us): 124415, 99.9th(us): 134911, 99.99th(us): 145151
READ   - Takes(s): 1039.8, Count: 19946, OPS: 19.2, Avg(us): 123538, Min(us): 82688, Max(us): 236287, 50th(us): 120831, 90th(us): 150399, 95th(us): 157567, 99th(us): 173311, 99.9th(us): 195711, 99.99th(us): 221951
READ_ERROR - Takes(s): 1039.6, Count: 3212, OPS: 3.1, Avg(us): 127829, Min(us): 83264, Max(us): 215039, 50th(us): 124799, 90th(us): 155519, 95th(us): 164479, 99th(us): 183167, 99.9th(us): 202751, 99.99th(us): 215039
TOTAL  - Takes(s): 1039.8, Count: 42867, OPS: 41.2, Avg(us): 111704, Min(us): 82560, Max(us): 236287, 50th(us): 105983, 90th(us): 138111, 95th(us): 149503, 99th(us): 165759, 99.9th(us): 188159, 99.99th(us): 204031
UPDATE - Takes(s): 1039.8, Count: 22921, OPS: 22.0, Avg(us): 101405, Min(us): 82560, Max(us): 182143, 50th(us): 100479, 90th(us): 110719, 95th(us): 115007, 99th(us): 124351, 99.9th(us): 134911, 99.99th(us): 145151
READ   - Takes(s): 1049.8, Count: 20161, OPS: 19.2, Avg(us): 123465, Min(us): 82688, Max(us): 236287, 50th(us): 120767, 90th(us): 150271, 95th(us): 157439, 99th(us): 173183, 99.9th(us): 195711, 99.99th(us): 221951
READ_ERROR - Takes(s): 1049.6, Count: 3219, OPS: 3.1, Avg(us): 127809, Min(us): 83264, Max(us): 215039, 50th(us): 124799, 90th(us): 155391, 95th(us): 164479, 99th(us): 183167, 99.9th(us): 202751, 99.99th(us): 215039
TOTAL  - Takes(s): 1049.8, Count: 43332, OPS: 41.3, Avg(us): 111642, Min(us): 82560, Max(us): 236287, 50th(us): 105919, 90th(us): 137983, 95th(us): 149375, 99th(us): 165631, 99.9th(us): 188159, 99.99th(us): 204031
UPDATE - Takes(s): 1049.8, Count: 23171, OPS: 22.1, Avg(us): 101355, Min(us): 82560, Max(us): 182143, 50th(us): 100415, 90th(us): 110655, 95th(us): 114943, 99th(us): 124287, 99.9th(us): 134911, 99.99th(us): 145151
READ   - Takes(s): 1059.8, Count: 20374, OPS: 19.2, Avg(us): 123397, Min(us): 82176, Max(us): 236287, 50th(us): 120639, 90th(us): 150271, 95th(us): 157439, 99th(us): 173055, 99.9th(us): 195711, 99.99th(us): 221951
READ_ERROR - Takes(s): 1059.6, Count: 3225, OPS: 3.0, Avg(us): 127795, Min(us): 83264, Max(us): 215039, 50th(us): 124735, 90th(us): 155391, 95th(us): 164479, 99th(us): 183167, 99.9th(us): 202751, 99.99th(us): 215039
TOTAL  - Takes(s): 1059.8, Count: 43798, OPS: 41.3, Avg(us): 111580, Min(us): 82176, Max(us): 236287, 50th(us): 105855, 90th(us): 137855, 95th(us): 149247, 99th(us): 165631, 99.9th(us): 187519, 99.99th(us): 204031
UPDATE - Takes(s): 1059.8, Count: 23424, OPS: 22.1, Avg(us): 101302, Min(us): 82560, Max(us): 182143, 50th(us): 100351, 90th(us): 110591, 95th(us): 114879, 99th(us): 124287, 99.9th(us): 134911, 99.99th(us): 145151
READ   - Takes(s): 1069.8, Count: 20602, OPS: 19.3, Avg(us): 123323, Min(us): 82176, Max(us): 236287, 50th(us): 120575, 90th(us): 150143, 95th(us): 157311, 99th(us): 173055, 99.9th(us): 195199, 99.99th(us): 221951
READ_ERROR - Takes(s): 1069.6, Count: 3233, OPS: 3.0, Avg(us): 127752, Min(us): 83264, Max(us): 215039, 50th(us): 124735, 90th(us): 155391, 95th(us): 164479, 99th(us): 183167, 99.9th(us): 202751, 99.99th(us): 215039
TOTAL  - Takes(s): 1069.8, Count: 44257, OPS: 41.4, Avg(us): 111529, Min(us): 82176, Max(us): 236287, 50th(us): 105791, 90th(us): 137855, 95th(us): 149247, 99th(us): 165503, 99.9th(us): 187519, 99.99th(us): 204031
UPDATE - Takes(s): 1069.8, Count: 23655, OPS: 22.1, Avg(us): 101258, Min(us): 82560, Max(us): 182143, 50th(us): 100351, 90th(us): 110527, 95th(us): 114815, 99th(us): 124159, 99.9th(us): 134911, 99.99th(us): 145151
READ   - Takes(s): 1079.8, Count: 20822, OPS: 19.3, Avg(us): 123261, Min(us): 82176, Max(us): 236287, 50th(us): 120575, 90th(us): 150143, 95th(us): 157183, 99th(us): 172927, 99.9th(us): 195199, 99.99th(us): 221951
READ_ERROR - Takes(s): 1079.6, Count: 3243, OPS: 3.0, Avg(us): 127693, Min(us): 83264, Max(us): 215039, 50th(us): 124735, 90th(us): 155263, 95th(us): 164479, 99th(us): 183167, 99.9th(us): 202751, 99.99th(us): 215039
TOTAL  - Takes(s): 1079.8, Count: 44719, OPS: 41.4, Avg(us): 111474, Min(us): 80960, Max(us): 236287, 50th(us): 105727, 90th(us): 137727, 95th(us): 149247, 99th(us): 165503, 99.9th(us): 186751, 99.99th(us): 204031
UPDATE - Takes(s): 1079.8, Count: 23897, OPS: 22.1, Avg(us): 101203, Min(us): 80960, Max(us): 182143, 50th(us): 100287, 90th(us): 110463, 95th(us): 114751, 99th(us): 124159, 99.9th(us): 134911, 99.99th(us): 145151
READ   - Takes(s): 1089.8, Count: 21030, OPS: 19.3, Avg(us): 123200, Min(us): 82176, Max(us): 236287, 50th(us): 120511, 90th(us): 150015, 95th(us): 157055, 99th(us): 172799, 99.9th(us): 195199, 99.99th(us): 221951
READ_ERROR - Takes(s): 1089.6, Count: 3256, OPS: 3.0, Avg(us): 127648, Min(us): 83264, Max(us): 215039, 50th(us): 124671, 90th(us): 155263, 95th(us): 164479, 99th(us): 183039, 99.9th(us): 202751, 99.99th(us): 215039
TOTAL  - Takes(s): 1089.8, Count: 45177, OPS: 41.5, Avg(us): 111418, Min(us): 80832, Max(us): 236287, 50th(us): 105663, 90th(us): 137599, 95th(us): 149119, 99th(us): 165375, 99.9th(us): 186751, 99.99th(us): 202495
UPDATE - Takes(s): 1089.8, Count: 24147, OPS: 22.2, Avg(us): 101158, Min(us): 80832, Max(us): 182143, 50th(us): 100223, 90th(us): 110399, 95th(us): 114687, 99th(us): 124159, 99.9th(us): 134911, 99.99th(us): 145151
READ   - Takes(s): 1099.8, Count: 21261, OPS: 19.3, Avg(us): 123132, Min(us): 82176, Max(us): 236287, 50th(us): 120447, 90th(us): 149887, 95th(us): 156927, 99th(us): 172671, 99.9th(us): 195199, 99.99th(us): 221951
READ_ERROR - Takes(s): 1099.6, Count: 3269, OPS: 3.0, Avg(us): 127595, Min(us): 83264, Max(us): 215039, 50th(us): 124543, 90th(us): 155263, 95th(us): 164479, 99th(us): 183039, 99.9th(us): 202751, 99.99th(us): 215039
TOTAL  - Takes(s): 1099.8, Count: 45631, OPS: 41.5, Avg(us): 111373, Min(us): 80832, Max(us): 236287, 50th(us): 105663, 90th(us): 137471, 95th(us): 148991, 99th(us): 165247, 99.9th(us): 186111, 99.99th(us): 202495
UPDATE - Takes(s): 1099.8, Count: 24370, OPS: 22.2, Avg(us): 101114, Min(us): 80832, Max(us): 182143, 50th(us): 100223, 90th(us): 110335, 95th(us): 114559, 99th(us): 124031, 99.9th(us): 134911, 99.99th(us): 145151
READ   - Takes(s): 1109.8, Count: 21467, OPS: 19.3, Avg(us): 123085, Min(us): 82176, Max(us): 236287, 50th(us): 120383, 90th(us): 149887, 95th(us): 156927, 99th(us): 172671, 99.9th(us): 195199, 99.99th(us): 221951
READ_ERROR - Takes(s): 1109.6, Count: 3280, OPS: 3.0, Avg(us): 127561, Min(us): 83264, Max(us): 215039, 50th(us): 124543, 90th(us): 155263, 95th(us): 164351, 99th(us): 183039, 99.9th(us): 202751, 99.99th(us): 215039
TOTAL  - Takes(s): 1109.8, Count: 46089, OPS: 41.5, Avg(us): 111322, Min(us): 80832, Max(us): 236287, 50th(us): 105599, 90th(us): 137471, 95th(us): 148991, 99th(us): 165247, 99.9th(us): 186111, 99.99th(us): 202495
UPDATE - Takes(s): 1109.8, Count: 24622, OPS: 22.2, Avg(us): 101067, Min(us): 80832, Max(us): 182143, 50th(us): 100159, 90th(us): 110335, 95th(us): 114559, 99th(us): 123967, 99.9th(us): 134783, 99.99th(us): 145151
READ   - Takes(s): 1119.8, Count: 21674, OPS: 19.4, Avg(us): 123030, Min(us): 82176, Max(us): 236287, 50th(us): 120383, 90th(us): 149759, 95th(us): 156927, 99th(us): 172543, 99.9th(us): 194943, 99.99th(us): 221951
READ_ERROR - Takes(s): 1119.6, Count: 3291, OPS: 2.9, Avg(us): 127556, Min(us): 83264, Max(us): 215039, 50th(us): 124543, 90th(us): 155135, 95th(us): 164351, 99th(us): 183039, 99.9th(us): 202751, 99.99th(us): 215039
TOTAL  - Takes(s): 1119.8, Count: 46548, OPS: 41.6, Avg(us): 111268, Min(us): 80832, Max(us): 236287, 50th(us): 105471, 90th(us): 137471, 95th(us): 148863, 99th(us): 165119, 99.9th(us): 186111, 99.99th(us): 202495
UPDATE - Takes(s): 1119.8, Count: 24874, OPS: 22.2, Avg(us): 101019, Min(us): 80832, Max(us): 182143, 50th(us): 100095, 90th(us): 110271, 95th(us): 114431, 99th(us): 123903, 99.9th(us): 134783, 99.99th(us): 145151
**********************************************
Run finished, takes 18m44.586155523s
READ   - Takes(s): 1124.4, Count: 21747, OPS: 19.3, Avg(us): 122993, Min(us): 82176, Max(us): 236287, 50th(us): 120319, 90th(us): 149759, 95th(us): 156927, 99th(us): 172543, 99.9th(us): 194943, 99.99th(us): 221951
READ_ERROR - Takes(s): 1124.2, Count: 3294, OPS: 2.9, Avg(us): 127549, Min(us): 83264, Max(us): 215039, 50th(us): 124543, 90th(us): 155135, 95th(us): 164351, 99th(us): 183039, 99.9th(us): 202751, 99.99th(us): 215039
TOTAL  - Takes(s): 1124.4, Count: 46706, OPS: 41.5, Avg(us): 111241, Min(us): 80832, Max(us): 236287, 50th(us): 105471, 90th(us): 137343, 95th(us): 148863, 99th(us): 164991, 99.9th(us): 186111, 99.99th(us): 202495
UPDATE - Takes(s): 1124.4, Count: 24959, OPS: 22.2, Avg(us): 101002, Min(us): 80832, Max(us): 182143, 50th(us): 100095, 90th(us): 110207, 95th(us): 114431, 99th(us): 123903, 99.9th(us): 134783, 99.99th(us): 145151
