Now loading data using DB:  etcd
core
Using request distribution 'uniform' a keyrange of [0 99999]
***************** properties *****************
"workload"="core"
"command"="run"
"etcd.dial_timeout"="10s"
"recordcount"="100000"
"insertproportion"="0"
"readallfields"="true"
"docollectingdata"="false"
"requestdistribution"="uniform"
"etcd.endpoints"="192.168.37.17:2379"
"readproportion"="0.5"
"scanproportion"="0"
"threadcount"="5"
"operationcount"="50000"
"updateproportion"="0.5"
"dotransactions"="true"
**********************************************
READ   - Takes(s): 10.0, Count: 269, OPS: 27.0, Avg(us): 68351, Min(us): 28976, Max(us): 94847, 50th(us): 75007, 90th(us): 86207, 95th(us): 89663, 99th(us): 92991, 99.9th(us): 94847, 99.99th(us): 94847
READ_ERROR - Takes(s): 9.9, Count: 172, OPS: 17.3, Avg(us): 70227, Min(us): 28784, Max(us): 100799, 50th(us): 74943, 90th(us): 86399, 95th(us): 89215, 99th(us): 96575, 99.9th(us): 100799, 99.99th(us): 100799
TOTAL  - Takes(s): 10.0, Count: 752, OPS: 75.5, Avg(us): 50141, Min(us): 26352, Max(us): 94847, 50th(us): 42719, 90th(us): 80703, 95th(us): 84287, 99th(us): 91327, 99.9th(us): 94719, 99.99th(us): 94847
UPDATE - Takes(s): 10.0, Count: 483, OPS: 48.5, Avg(us): 39999, Min(us): 26352, Max(us): 55455, 50th(us): 40127, 90th(us): 45535, 95th(us): 47295, 99th(us): 50367, 99.9th(us): 55455, 99.99th(us): 55455
READ   - Takes(s): 20.0, Count: 526, OPS: 26.4, Avg(us): 69835, Min(us): 28976, Max(us): 104319, 50th(us): 75391, 90th(us): 88831, 95th(us): 91967, 99th(us): 97151, 99.9th(us): 103743, 99.99th(us): 104319
READ_ERROR - Takes(s): 19.9, Count: 337, OPS: 16.9, Avg(us): 69901, Min(us): 28784, Max(us): 107775, 50th(us): 75327, 90th(us): 88319, 95th(us): 91199, 99th(us): 96639, 99.9th(us): 107775, 99.99th(us): 107775
TOTAL  - Takes(s): 20.0, Count: 1496, OPS: 74.9, Avg(us): 50951, Min(us): 26352, Max(us): 104319, 50th(us): 43263, 90th(us): 81599, 95th(us): 86207, 99th(us): 94015, 99.9th(us): 103743, 99.99th(us): 104319
UPDATE - Takes(s): 20.0, Count: 970, OPS: 48.6, Avg(us): 40711, Min(us): 26352, Max(us): 57023, 50th(us): 40671, 90th(us): 46911, 95th(us): 48671, 99th(us): 51295, 99.9th(us): 55455, 99.99th(us): 57023
READ   - Takes(s): 30.0, Count: 816, OPS: 27.2, Avg(us): 70644, Min(us): 28880, Max(us): 105663, 50th(us): 75519, 90th(us): 89919, 95th(us): 92927, 99th(us): 100031, 99.9th(us): 105023, 99.99th(us): 105663
READ_ERROR - Takes(s): 29.9, Count: 502, OPS: 16.8, Avg(us): 70519, Min(us): 28784, Max(us): 107775, 50th(us): 75711, 90th(us): 89343, 95th(us): 92159, 99th(us): 97855, 99.9th(us): 100799, 99.99th(us): 107775
TOTAL  - Takes(s): 30.0, Count: 2199, OPS: 73.4, Avg(us): 52018, Min(us): 26352, Max(us): 105663, 50th(us): 43807, 90th(us): 82943, 95th(us): 88447, 99th(us): 95615, 99.9th(us): 104319, 99.99th(us): 105663
UPDATE - Takes(s): 30.0, Count: 1383, OPS: 46.2, Avg(us): 41027, Min(us): 26352, Max(us): 61759, 50th(us): 40831, 90th(us): 47295, 95th(us): 49279, 99th(us): 53727, 99.9th(us): 59583, 99.99th(us): 61759
READ   - Takes(s): 40.0, Count: 1104, OPS: 27.6, Avg(us): 70675, Min(us): 28880, Max(us): 105663, 50th(us): 75391, 90th(us): 90111, 95th(us): 93311, 99th(us): 99775, 99.9th(us): 105023, 99.99th(us): 105663
READ_ERROR - Takes(s): 39.9, Count: 660, OPS: 16.5, Avg(us): 70758, Min(us): 28784, Max(us): 107775, 50th(us): 75647, 90th(us): 89919, 95th(us): 92415, 99th(us): 97855, 99.9th(us): 103359, 99.99th(us): 107775
TOTAL  - Takes(s): 40.0, Count: 2925, OPS: 73.2, Avg(us): 52366, Min(us): 26352, Max(us): 105663, 50th(us): 44127, 90th(us): 83135, 95th(us): 88511, 99th(us): 95871, 99.9th(us): 103743, 99.99th(us): 105663
UPDATE - Takes(s): 40.0, Count: 1821, OPS: 45.6, Avg(us): 41266, Min(us): 26352, Max(us): 61759, 50th(us): 41055, 90th(us): 47807, 95th(us): 49567, 99th(us): 53919, 99.9th(us): 59583, 99.99th(us): 61759
READ   - Takes(s): 50.0, Count: 1399, OPS: 28.0, Avg(us): 70311, Min(us): 28880, Max(us): 116543, 50th(us): 74815, 90th(us): 89535, 95th(us): 93119, 99th(us): 100095, 99.9th(us): 116287, 99.99th(us): 116543
READ_ERROR - Takes(s): 49.9, Count: 812, OPS: 16.3, Avg(us): 70594, Min(us): 28784, Max(us): 107775, 50th(us): 75327, 90th(us): 89215, 95th(us): 92223, 99th(us): 97855, 99.9th(us): 104831, 99.99th(us): 107775
TOTAL  - Takes(s): 50.0, Count: 3673, OPS: 73.5, Avg(us): 52398, Min(us): 26352, Max(us): 116543, 50th(us): 44287, 90th(us): 82367, 95th(us): 87999, 99th(us): 96127, 99.9th(us): 105663, 99.99th(us): 116543
UPDATE - Takes(s): 50.0, Count: 2274, OPS: 45.5, Avg(us): 41378, Min(us): 26352, Max(us): 66751, 50th(us): 41055, 90th(us): 48031, 95th(us): 49951, 99th(us): 55551, 99.9th(us): 63199, 99.99th(us): 66751
READ   - Takes(s): 60.0, Count: 1701, OPS: 28.4, Avg(us): 69721, Min(us): 28880, Max(us): 116543, 50th(us): 73983, 90th(us): 89087, 95th(us): 92543, 99th(us): 100095, 99.9th(us): 112191, 99.99th(us): 116543
READ_ERROR - Takes(s): 59.9, Count: 962, OPS: 16.1, Avg(us): 70490, Min(us): 28784, Max(us): 116479, 50th(us): 74943, 90th(us): 89023, 95th(us): 92223, 99th(us): 99263, 99.9th(us): 107775, 99.99th(us): 116479
TOTAL  - Takes(s): 60.0, Count: 4431, OPS: 73.9, Avg(us): 52359, Min(us): 26352, Max(us): 116543, 50th(us): 44287, 90th(us): 81663, 95th(us): 87167, 99th(us): 95807, 99.9th(us): 111551, 99.99th(us): 116543
UPDATE - Takes(s): 60.0, Count: 2730, OPS: 45.5, Avg(us): 41541, Min(us): 26352, Max(us): 72255, 50th(us): 41119, 90th(us): 48223, 95th(us): 50335, 99th(us): 56383, 99.9th(us): 68927, 99.99th(us): 72255
READ   - Takes(s): 70.0, Count: 2022, OPS: 28.9, Avg(us): 69830, Min(us): 28880, Max(us): 116543, 50th(us): 73791, 90th(us): 88959, 95th(us): 92287, 99th(us): 100031, 99.9th(us): 112191, 99.99th(us): 116543
READ_ERROR - Takes(s): 69.9, Count: 1104, OPS: 15.8, Avg(us): 70161, Min(us): 28784, Max(us): 116479, 50th(us): 74623, 90th(us): 88767, 95th(us): 91903, 99th(us): 98495, 99.9th(us): 107775, 99.99th(us): 116479
TOTAL  - Takes(s): 70.0, Count: 5163, OPS: 73.8, Avg(us): 52731, Min(us): 26352, Max(us): 116543, 50th(us): 44767, 90th(us): 81791, 95th(us): 87103, 99th(us): 95615, 99.9th(us): 111551, 99.99th(us): 116287
UPDATE - Takes(s): 70.0, Count: 3141, OPS: 44.9, Avg(us): 41724, Min(us): 26352, Max(us): 72255, 50th(us): 41311, 90th(us): 48479, 95th(us): 50751, 99th(us): 57407, 99.9th(us): 69887, 99.99th(us): 72255
READ   - Takes(s): 80.0, Count: 2351, OPS: 29.4, Avg(us): 69375, Min(us): 28880, Max(us): 116543, 50th(us): 73151, 90th(us): 88191, 95th(us): 91967, 99th(us): 99775, 99.9th(us): 112191, 99.99th(us): 116543
READ_ERROR - Takes(s): 79.9, Count: 1243, OPS: 15.6, Avg(us): 69817, Min(us): 28720, Max(us): 116479, 50th(us): 74047, 90th(us): 88383, 95th(us): 91775, 99th(us): 98047, 99.9th(us): 107775, 99.99th(us): 116479
TOTAL  - Takes(s): 80.0, Count: 5956, OPS: 74.5, Avg(us): 52556, Min(us): 26352, Max(us): 116543, 50th(us): 44607, 90th(us): 81215, 95th(us): 86719, 99th(us): 94719, 99.9th(us): 105663, 99.99th(us): 116287
UPDATE - Takes(s): 80.0, Count: 3605, OPS: 45.1, Avg(us): 41587, Min(us): 26352, Max(us): 72255, 50th(us): 41183, 90th(us): 48351, 95th(us): 50559, 99th(us): 56383, 99.9th(us): 68927, 99.99th(us): 72255
READ   - Takes(s): 90.0, Count: 2683, OPS: 29.8, Avg(us): 69050, Min(us): 28880, Max(us): 116543, 50th(us): 72831, 90th(us): 87679, 95th(us): 91455, 99th(us): 99711, 99.9th(us): 112127, 99.99th(us): 116543
READ_ERROR - Takes(s): 89.9, Count: 1381, OPS: 15.4, Avg(us): 69449, Min(us): 28720, Max(us): 116479, 50th(us): 73663, 90th(us): 87935, 95th(us): 91391, 99th(us): 97855, 99.9th(us): 107775, 99.99th(us): 116479
TOTAL  - Takes(s): 90.0, Count: 6758, OPS: 75.1, Avg(us): 52364, Min(us): 26352, Max(us): 116543, 50th(us): 44351, 90th(us): 80575, 95th(us): 86015, 99th(us): 94335, 99.9th(us): 105599, 99.99th(us): 116287
UPDATE - Takes(s): 90.0, Count: 4075, OPS: 45.3, Avg(us): 41378, Min(us): 26352, Max(us): 72255, 50th(us): 40991, 90th(us): 48159, 95th(us): 50399, 99th(us): 55839, 99.9th(us): 68927, 99.99th(us): 72255
READ   - Takes(s): 100.0, Count: 3020, OPS: 30.2, Avg(us): 68431, Min(us): 28880, Max(us): 116543, 50th(us): 72063, 90th(us): 87103, 95th(us): 91135, 99th(us): 98751, 99.9th(us): 112127, 99.99th(us): 116543
READ_ERROR - Takes(s): 99.9, Count: 1520, OPS: 15.2, Avg(us): 68958, Min(us): 28720, Max(us): 116479, 50th(us): 72959, 90th(us): 87359, 95th(us): 91071, 99th(us): 97343, 99.9th(us): 104831, 99.99th(us): 116479
TOTAL  - Takes(s): 100.0, Count: 7591, OPS: 75.9, Avg(us): 52027, Min(us): 26352, Max(us): 116543, 50th(us): 44159, 90th(us): 79871, 95th(us): 85631, 99th(us): 93951, 99.9th(us): 105087, 99.99th(us): 116287
UPDATE - Takes(s): 100.0, Count: 4571, OPS: 45.7, Avg(us): 41189, Min(us): 26352, Max(us): 72255, 50th(us): 40831, 90th(us): 48031, 95th(us): 50207, 99th(us): 55743, 99.9th(us): 67071, 99.99th(us): 72255
READ   - Takes(s): 110.0, Count: 3372, OPS: 30.7, Avg(us): 68440, Min(us): 28880, Max(us): 116543, 50th(us): 71999, 90th(us): 86911, 95th(us): 91007, 99th(us): 97919, 99.9th(us): 112127, 99.99th(us): 116543
READ_ERROR - Takes(s): 109.9, Count: 1650, OPS: 15.0, Avg(us): 68874, Min(us): 28720, Max(us): 116479, 50th(us): 72831, 90th(us): 86975, 95th(us): 91007, 99th(us): 97151, 99.9th(us): 104831, 99.99th(us): 116479
TOTAL  - Takes(s): 110.0, Count: 8366, OPS: 76.1, Avg(us): 52117, Min(us): 26352, Max(us): 116543, 50th(us): 44159, 90th(us): 79871, 95th(us): 85503, 99th(us): 93631, 99.9th(us): 105087, 99.99th(us): 116287
UPDATE - Takes(s): 110.0, Count: 4994, OPS: 45.4, Avg(us): 41095, Min(us): 26352, Max(us): 72255, 50th(us): 40735, 90th(us): 47871, 95th(us): 50047, 99th(us): 55647, 99.9th(us): 67071, 99.99th(us): 72255
READ   - Takes(s): 120.0, Count: 3706, OPS: 30.9, Avg(us): 68217, Min(us): 28880, Max(us): 116543, 50th(us): 71743, 90th(us): 86335, 95th(us): 90367, 99th(us): 97919, 99.9th(us): 111935, 99.99th(us): 116543
READ_ERROR - Takes(s): 119.9, Count: 1788, OPS: 14.9, Avg(us): 68680, Min(us): 28720, Max(us): 116479, 50th(us): 72511, 90th(us): 86463, 95th(us): 90687, 99th(us): 96639, 99.9th(us): 104831, 99.99th(us): 116479
TOTAL  - Takes(s): 120.0, Count: 9158, OPS: 76.3, Avg(us): 52077, Min(us): 26352, Max(us): 116543, 50th(us): 44223, 90th(us): 79679, 95th(us): 84991, 99th(us): 93439, 99.9th(us): 105087, 99.99th(us): 116287
UPDATE - Takes(s): 120.0, Count: 5452, OPS: 45.4, Avg(us): 41105, Min(us): 26352, Max(us): 72255, 50th(us): 40799, 90th(us): 47935, 95th(us): 50079, 99th(us): 55551, 99.9th(us): 67071, 99.99th(us): 72191
READ   - Takes(s): 130.0, Count: 4050, OPS: 31.2, Avg(us): 67933, Min(us): 28880, Max(us): 116543, 50th(us): 71487, 90th(us): 86015, 95th(us): 90111, 99th(us): 97663, 99.9th(us): 111935, 99.99th(us): 116543
READ_ERROR - Takes(s): 129.9, Count: 1907, OPS: 14.7, Avg(us): 68492, Min(us): 28720, Max(us): 116479, 50th(us): 72191, 90th(us): 86079, 95th(us): 90495, 99th(us): 96639, 99.9th(us): 104831, 99.99th(us): 116479
TOTAL  - Takes(s): 130.0, Count: 9992, OPS: 76.9, Avg(us): 51944, Min(us): 26352, Max(us): 116543, 50th(us): 44159, 90th(us): 79231, 95th(us): 84543, 99th(us): 93119, 99.9th(us): 105023, 99.99th(us): 116287
UPDATE - Takes(s): 130.0, Count: 5942, OPS: 45.7, Avg(us): 41046, Min(us): 26352, Max(us): 72255, 50th(us): 40735, 90th(us): 47839, 95th(us): 49919, 99th(us): 55455, 99.9th(us): 66751, 99.99th(us): 72191
READ   - Takes(s): 140.0, Count: 4375, OPS: 31.3, Avg(us): 67813, Min(us): 26128, Max(us): 116543, 50th(us): 71423, 90th(us): 85823, 95th(us): 89855, 99th(us): 97151, 99.9th(us): 111935, 99.99th(us): 116543
READ_ERROR - Takes(s): 139.9, Count: 2034, OPS: 14.5, Avg(us): 68370, Min(us): 28720, Max(us): 116479, 50th(us): 72063, 90th(us): 86015, 95th(us): 90367, 99th(us): 96703, 99.9th(us): 104831, 99.99th(us): 116479
TOTAL  - Takes(s): 140.0, Count: 10803, OPS: 77.2, Avg(us): 51901, Min(us): 26128, Max(us): 116543, 50th(us): 44191, 90th(us): 78975, 95th(us): 84351, 99th(us): 92671, 99.9th(us): 104639, 99.99th(us): 116287
UPDATE - Takes(s): 140.0, Count: 6428, OPS: 45.9, Avg(us): 41072, Min(us): 26352, Max(us): 72255, 50th(us): 40799, 90th(us): 47807, 95th(us): 49791, 99th(us): 55359, 99.9th(us): 66751, 99.99th(us): 72191
READ   - Takes(s): 150.0, Count: 4731, OPS: 31.5, Avg(us): 67786, Min(us): 26128, Max(us): 116543, 50th(us): 71359, 90th(us): 85631, 95th(us): 89663, 99th(us): 96831, 99.9th(us): 111551, 99.99th(us): 116543
READ_ERROR - Takes(s): 149.9, Count: 2161, OPS: 14.4, Avg(us): 68449, Min(us): 28720, Max(us): 116479, 50th(us): 71999, 90th(us): 86015, 95th(us): 90495, 99th(us): 97279, 99.9th(us): 104831, 99.99th(us): 116479
TOTAL  - Takes(s): 150.0, Count: 11569, OPS: 77.1, Avg(us): 52017, Min(us): 26128, Max(us): 116543, 50th(us): 44287, 90th(us): 78975, 95th(us): 84287, 99th(us): 92671, 99.9th(us): 104447, 99.99th(us): 116287
UPDATE - Takes(s): 150.0, Count: 6838, OPS: 45.6, Avg(us): 41108, Min(us): 26352, Max(us): 72255, 50th(us): 40831, 90th(us): 47807, 95th(us): 49823, 99th(us): 55359, 99.9th(us): 64895, 99.99th(us): 72191
READ   - Takes(s): 160.0, Count: 5078, OPS: 31.7, Avg(us): 67931, Min(us): 26128, Max(us): 116543, 50th(us): 71487, 90th(us): 85567, 95th(us): 89599, 99th(us): 96703, 99.9th(us): 111551, 99.99th(us): 116287
READ_ERROR - Takes(s): 159.9, Count: 2276, OPS: 14.2, Avg(us): 68429, Min(us): 28720, Max(us): 116479, 50th(us): 72063, 90th(us): 86015, 95th(us): 90367, 99th(us): 97151, 99.9th(us): 104831, 99.99th(us): 116479
TOTAL  - Takes(s): 160.0, Count: 12339, OPS: 77.1, Avg(us): 52185, Min(us): 26128, Max(us): 116543, 50th(us): 44383, 90th(us): 79039, 95th(us): 84159, 99th(us): 92607, 99.9th(us): 104447, 99.99th(us): 116287
UPDATE - Takes(s): 160.0, Count: 7261, OPS: 45.4, Avg(us): 41172, Min(us): 26352, Max(us): 72255, 50th(us): 40895, 90th(us): 47839, 95th(us): 49887, 99th(us): 55519, 99.9th(us): 64895, 99.99th(us): 72191
READ   - Takes(s): 170.0, Count: 5425, OPS: 31.9, Avg(us): 68002, Min(us): 26128, Max(us): 116543, 50th(us): 71551, 90th(us): 85567, 95th(us): 89663, 99th(us): 96703, 99.9th(us): 111551, 99.99th(us): 116287
READ_ERROR - Takes(s): 169.9, Count: 2387, OPS: 14.0, Avg(us): 68475, Min(us): 28720, Max(us): 116479, 50th(us): 72063, 90th(us): 85951, 95th(us): 90303, 99th(us): 96703, 99.9th(us): 104831, 99.99th(us): 116479
TOTAL  - Takes(s): 170.0, Count: 13129, OPS: 77.2, Avg(us): 52266, Min(us): 26128, Max(us): 116543, 50th(us): 44447, 90th(us): 79103, 95th(us): 84159, 99th(us): 92671, 99.9th(us): 104319, 99.99th(us): 116287
UPDATE - Takes(s): 170.0, Count: 7704, OPS: 45.3, Avg(us): 41185, Min(us): 26352, Max(us): 72255, 50th(us): 40895, 90th(us): 47839, 95th(us): 49951, 99th(us): 55583, 99.9th(us): 63839, 99.99th(us): 72191
READ   - Takes(s): 180.0, Count: 5777, OPS: 32.1, Avg(us): 67733, Min(us): 26128, Max(us): 116543, 50th(us): 71231, 90th(us): 85183, 95th(us): 89407, 99th(us): 96255, 99.9th(us): 105663, 99.99th(us): 116287
READ_ERROR - Takes(s): 179.9, Count: 2510, OPS: 13.9, Avg(us): 68266, Min(us): 28720, Max(us): 116479, 50th(us): 71679, 90th(us): 85887, 95th(us): 90239, 99th(us): 96703, 99.9th(us): 103359, 99.99th(us): 116479
TOTAL  - Takes(s): 180.0, Count: 13977, OPS: 77.7, Avg(us): 52113, Min(us): 26128, Max(us): 116543, 50th(us): 44351, 90th(us): 78783, 95th(us): 83967, 99th(us): 92479, 99.9th(us): 104319, 99.99th(us): 116287
UPDATE - Takes(s): 180.0, Count: 8200, OPS: 45.6, Avg(us): 41108, Min(us): 26352, Max(us): 72255, 50th(us): 40831, 90th(us): 47775, 95th(us): 49887, 99th(us): 55455, 99.9th(us): 63839, 99.99th(us): 72191
READ   - Takes(s): 190.0, Count: 6134, OPS: 32.3, Avg(us): 67486, Min(us): 26128, Max(us): 116543, 50th(us): 70847, 90th(us): 84927, 95th(us): 89215, 99th(us): 96127, 99.9th(us): 105663, 99.99th(us): 116287
READ_ERROR - Takes(s): 189.9, Count: 2629, OPS: 13.8, Avg(us): 68112, Min(us): 28720, Max(us): 116479, 50th(us): 71551, 90th(us): 85759, 95th(us): 90175, 99th(us): 96703, 99.9th(us): 103359, 99.99th(us): 116479
TOTAL  - Takes(s): 190.0, Count: 14814, OPS: 78.0, Avg(us): 52021, Min(us): 26128, Max(us): 116543, 50th(us): 44351, 90th(us): 78399, 95th(us): 83711, 99th(us): 92351, 99.9th(us): 104255, 99.99th(us): 116287
UPDATE - Takes(s): 190.0, Count: 8680, OPS: 45.7, Avg(us): 41092, Min(us): 26352, Max(us): 72255, 50th(us): 40831, 90th(us): 47743, 95th(us): 49855, 99th(us): 55455, 99.9th(us): 63775, 99.99th(us): 72191
READ   - Takes(s): 200.0, Count: 6506, OPS: 32.5, Avg(us): 67356, Min(us): 26128, Max(us): 116543, 50th(us): 70719, 90th(us): 84671, 95th(us): 89087, 99th(us): 95999, 99.9th(us): 105663, 99.99th(us): 116287
READ_ERROR - Takes(s): 199.9, Count: 2737, OPS: 13.7, Avg(us): 68007, Min(us): 28720, Max(us): 124095, 50th(us): 71487, 90th(us): 85759, 95th(us): 90175, 99th(us): 96767, 99.9th(us): 104831, 99.99th(us): 124095
TOTAL  - Takes(s): 200.0, Count: 15649, OPS: 78.3, Avg(us): 51981, Min(us): 26128, Max(us): 116543, 50th(us): 44319, 90th(us): 78271, 95th(us): 83519, 99th(us): 92287, 99.9th(us): 104255, 99.99th(us): 116159
UPDATE - Takes(s): 200.0, Count: 9143, OPS: 45.7, Avg(us): 41040, Min(us): 26352, Max(us): 72255, 50th(us): 40767, 90th(us): 47647, 95th(us): 49855, 99th(us): 55455, 99.9th(us): 64415, 99.99th(us): 72191
READ   - Takes(s): 210.0, Count: 6870, OPS: 32.7, Avg(us): 67202, Min(us): 26128, Max(us): 116543, 50th(us): 70527, 90th(us): 84543, 95th(us): 88959, 99th(us): 95871, 99.9th(us): 105663, 99.99th(us): 116287
READ_ERROR - Takes(s): 209.9, Count: 2833, OPS: 13.5, Avg(us): 67925, Min(us): 28720, Max(us): 124095, 50th(us): 71295, 90th(us): 85631, 95th(us): 90175, 99th(us): 96703, 99.9th(us): 104831, 99.99th(us): 124095
TOTAL  - Takes(s): 210.0, Count: 16519, OPS: 78.7, Avg(us): 51893, Min(us): 26128, Max(us): 116543, 50th(us): 44223, 90th(us): 78079, 95th(us): 83391, 99th(us): 92223, 99.9th(us): 103807, 99.99th(us): 116159
UPDATE - Takes(s): 210.0, Count: 9649, OPS: 46.0, Avg(us): 40994, Min(us): 26352, Max(us): 72255, 50th(us): 40735, 90th(us): 47583, 95th(us): 49823, 99th(us): 55519, 99.9th(us): 63999, 99.99th(us): 72191
READ   - Takes(s): 220.0, Count: 7263, OPS: 33.0, Avg(us): 67218, Min(us): 26128, Max(us): 116543, 50th(us): 70591, 90th(us): 84479, 95th(us): 88895, 99th(us): 95999, 99.9th(us): 108863, 99.99th(us): 116287
READ_ERROR - Takes(s): 219.9, Count: 2905, OPS: 13.2, Avg(us): 67940, Min(us): 28720, Max(us): 124095, 50th(us): 71359, 90th(us): 85567, 95th(us): 90111, 99th(us): 96703, 99.9th(us): 104831, 99.99th(us): 124095
TOTAL  - Takes(s): 220.0, Count: 17363, OPS: 78.9, Avg(us): 51968, Min(us): 26128, Max(us): 116543, 50th(us): 44287, 90th(us): 78143, 95th(us): 83391, 99th(us): 92223, 99.9th(us): 104319, 99.99th(us): 116159
UPDATE - Takes(s): 220.0, Count: 10100, OPS: 45.9, Avg(us): 41002, Min(us): 26352, Max(us): 72255, 50th(us): 40735, 90th(us): 47615, 95th(us): 49855, 99th(us): 55647, 99.9th(us): 63999, 99.99th(us): 72191
READ   - Takes(s): 230.0, Count: 7646, OPS: 33.2, Avg(us): 67101, Min(us): 26128, Max(us): 116543, 50th(us): 70463, 90th(us): 84351, 95th(us): 88767, 99th(us): 95807, 99.9th(us): 108863, 99.99th(us): 116287
READ_ERROR - Takes(s): 229.9, Count: 3007, OPS: 13.1, Avg(us): 67846, Min(us): 28720, Max(us): 124095, 50th(us): 71167, 90th(us): 85503, 95th(us): 89983, 99th(us): 96639, 99.9th(us): 104831, 99.99th(us): 124095
TOTAL  - Takes(s): 230.0, Count: 18204, OPS: 79.2, Avg(us): 51943, Min(us): 26128, Max(us): 116543, 50th(us): 44287, 90th(us): 78079, 95th(us): 83327, 99th(us): 92223, 99.9th(us): 104255, 99.99th(us): 116159
UPDATE - Takes(s): 230.0, Count: 10558, OPS: 45.9, Avg(us): 40966, Min(us): 26352, Max(us): 72255, 50th(us): 40671, 90th(us): 47615, 95th(us): 49855, 99th(us): 55551, 99.9th(us): 63839, 99.99th(us): 72191
READ   - Takes(s): 240.0, Count: 8009, OPS: 33.4, Avg(us): 67058, Min(us): 26128, Max(us): 116543, 50th(us): 70399, 90th(us): 84223, 95th(us): 88447, 99th(us): 95807, 99.9th(us): 108863, 99.99th(us): 116287
READ_ERROR - Takes(s): 239.9, Count: 3096, OPS: 12.9, Avg(us): 67777, Min(us): 28240, Max(us): 124095, 50th(us): 71039, 90th(us): 85503, 95th(us): 89791, 99th(us): 96639, 99.9th(us): 104831, 99.99th(us): 124095
TOTAL  - Takes(s): 240.0, Count: 19053, OPS: 79.4, Avg(us): 51944, Min(us): 26128, Max(us): 116543, 50th(us): 44319, 90th(us): 77951, 95th(us): 83199, 99th(us): 92159, 99.9th(us): 104319, 99.99th(us): 116159
UPDATE - Takes(s): 240.0, Count: 11044, OPS: 46.0, Avg(us): 40984, Min(us): 26352, Max(us): 72255, 50th(us): 40703, 90th(us): 47647, 95th(us): 49887, 99th(us): 55743, 99.9th(us): 63999, 99.99th(us): 72191
READ   - Takes(s): 250.0, Count: 8386, OPS: 33.5, Avg(us): 67076, Min(us): 25648, Max(us): 116543, 50th(us): 70463, 90th(us): 84159, 95th(us): 88383, 99th(us): 95871, 99.9th(us): 108863, 99.99th(us): 116287
READ_ERROR - Takes(s): 249.9, Count: 3183, OPS: 12.7, Avg(us): 67786, Min(us): 28240, Max(us): 124095, 50th(us): 71039, 90th(us): 85503, 95th(us): 89791, 99th(us): 96703, 99.9th(us): 106239, 99.99th(us): 124095
TOTAL  - Takes(s): 250.0, Count: 19888, OPS: 79.6, Avg(us): 51981, Min(us): 25648, Max(us): 116543, 50th(us): 44351, 90th(us): 77951, 95th(us): 83199, 99th(us): 92095, 99.9th(us): 104255, 99.99th(us): 116159
UPDATE - Takes(s): 250.0, Count: 11502, OPS: 46.0, Avg(us): 40976, Min(us): 26352, Max(us): 72255, 50th(us): 40671, 90th(us): 47647, 95th(us): 49887, 99th(us): 55807, 99.9th(us): 63839, 99.99th(us): 72191
READ   - Takes(s): 260.0, Count: 8776, OPS: 33.8, Avg(us): 67038, Min(us): 25648, Max(us): 116543, 50th(us): 70399, 90th(us): 84159, 95th(us): 88319, 99th(us): 95999, 99.9th(us): 108863, 99.99th(us): 116287
READ_ERROR - Takes(s): 259.9, Count: 3266, OPS: 12.6, Avg(us): 67713, Min(us): 28240, Max(us): 124095, 50th(us): 70975, 90th(us): 85439, 95th(us): 89535, 99th(us): 96703, 99.9th(us): 107775, 99.99th(us): 124095
TOTAL  - Takes(s): 260.0, Count: 20744, OPS: 79.8, Avg(us): 51989, Min(us): 25648, Max(us): 116543, 50th(us): 44351, 90th(us): 77951, 95th(us): 83135, 99th(us): 92095, 99.9th(us): 104319, 99.99th(us): 116159
UPDATE - Takes(s): 260.0, Count: 11968, OPS: 46.0, Avg(us): 40953, Min(us): 26352, Max(us): 72255, 50th(us): 40639, 90th(us): 47615, 95th(us): 49855, 99th(us): 55807, 99.9th(us): 63839, 99.99th(us): 72191
READ   - Takes(s): 270.0, Count: 9155, OPS: 33.9, Avg(us): 67017, Min(us): 25648, Max(us): 116543, 50th(us): 70399, 90th(us): 84159, 95th(us): 88319, 99th(us): 95999, 99.9th(us): 108863, 99.99th(us): 116287
READ_ERROR - Takes(s): 269.9, Count: 3346, OPS: 12.4, Avg(us): 67697, Min(us): 28240, Max(us): 124095, 50th(us): 70975, 90th(us): 85375, 95th(us): 89471, 99th(us): 97087, 99.9th(us): 107775, 99.99th(us): 124095
TOTAL  - Takes(s): 270.0, Count: 21600, OPS: 80.0, Avg(us): 51995, Min(us): 25648, Max(us): 116543, 50th(us): 44319, 90th(us): 77887, 95th(us): 83199, 99th(us): 92159, 99.9th(us): 104319, 99.99th(us): 116159
UPDATE - Takes(s): 270.0, Count: 12445, OPS: 46.1, Avg(us): 40944, Min(us): 26352, Max(us): 72255, 50th(us): 40607, 90th(us): 47647, 95th(us): 49855, 99th(us): 55903, 99.9th(us): 63839, 99.99th(us): 72191
READ   - Takes(s): 280.0, Count: 9534, OPS: 34.1, Avg(us): 67068, Min(us): 25648, Max(us): 116543, 50th(us): 70399, 90th(us): 84287, 95th(us): 88511, 99th(us): 96767, 99.9th(us): 108991, 99.99th(us): 116287
READ_ERROR - Takes(s): 279.9, Count: 3422, OPS: 12.2, Avg(us): 67727, Min(us): 28240, Max(us): 124095, 50th(us): 70975, 90th(us): 85503, 95th(us): 89791, 99th(us): 97343, 99.9th(us): 107775, 99.99th(us): 124095
TOTAL  - Takes(s): 280.0, Count: 22429, OPS: 80.1, Avg(us): 52063, Min(us): 25648, Max(us): 116543, 50th(us): 44383, 90th(us): 77951, 95th(us): 83263, 99th(us): 92479, 99.9th(us): 104639, 99.99th(us): 116159
UPDATE - Takes(s): 280.0, Count: 12895, OPS: 46.1, Avg(us): 40969, Min(us): 26352, Max(us): 72255, 50th(us): 40639, 90th(us): 47711, 95th(us): 49983, 99th(us): 56127, 99.9th(us): 64319, 99.99th(us): 72191
READ   - Takes(s): 290.0, Count: 9919, OPS: 34.2, Avg(us): 67060, Min(us): 25648, Max(us): 116543, 50th(us): 70335, 90th(us): 84223, 95th(us): 88575, 99th(us): 96767, 99.9th(us): 108991, 99.99th(us): 116287
READ_ERROR - Takes(s): 289.9, Count: 3502, OPS: 12.1, Avg(us): 67719, Min(us): 28240, Max(us): 124095, 50th(us): 70911, 90th(us): 85375, 95th(us): 89471, 99th(us): 97279, 99.9th(us): 106239, 99.99th(us): 124095
TOTAL  - Takes(s): 290.0, Count: 23279, OPS: 80.3, Avg(us): 52083, Min(us): 25648, Max(us): 116543, 50th(us): 44415, 90th(us): 77951, 95th(us): 83263, 99th(us): 92607, 99.9th(us): 104447, 99.99th(us): 116159
UPDATE - Takes(s): 290.0, Count: 13360, OPS: 46.1, Avg(us): 40963, Min(us): 26352, Max(us): 72255, 50th(us): 40607, 90th(us): 47679, 95th(us): 49983, 99th(us): 56127, 99.9th(us): 64319, 99.99th(us): 72191
READ   - Takes(s): 300.0, Count: 10312, OPS: 34.4, Avg(us): 67004, Min(us): 25648, Max(us): 116543, 50th(us): 70271, 90th(us): 84223, 95th(us): 88575, 99th(us): 96831, 99.9th(us): 109183, 99.99th(us): 116287
READ_ERROR - Takes(s): 299.9, Count: 3582, OPS: 11.9, Avg(us): 67707, Min(us): 28240, Max(us): 124095, 50th(us): 70911, 90th(us): 85183, 95th(us): 89407, 99th(us): 97151, 99.9th(us): 106239, 99.99th(us): 124095
TOTAL  - Takes(s): 300.0, Count: 24137, OPS: 80.5, Avg(us): 52076, Min(us): 25648, Max(us): 116543, 50th(us): 44415, 90th(us): 77823, 95th(us): 83263, 99th(us): 92671, 99.9th(us): 105023, 99.99th(us): 116159
UPDATE - Takes(s): 300.0, Count: 13825, OPS: 46.1, Avg(us): 40942, Min(us): 26352, Max(us): 72255, 50th(us): 40575, 90th(us): 47583, 95th(us): 49919, 99th(us): 56127, 99.9th(us): 64255, 99.99th(us): 72191
READ   - Takes(s): 310.0, Count: 10740, OPS: 34.6, Avg(us): 66857, Min(us): 25648, Max(us): 116543, 50th(us): 70079, 90th(us): 84095, 95th(us): 88447, 99th(us): 96703, 99.9th(us): 109183, 99.99th(us): 116287
READ_ERROR - Takes(s): 309.9, Count: 3648, OPS: 11.8, Avg(us): 67677, Min(us): 28240, Max(us): 124095, 50th(us): 70847, 90th(us): 85119, 95th(us): 89343, 99th(us): 97151, 99.9th(us): 106239, 99.99th(us): 124095
TOTAL  - Takes(s): 310.0, Count: 25059, OPS: 80.8, Avg(us): 51985, Min(us): 25648, Max(us): 116543, 50th(us): 44287, 90th(us): 77695, 95th(us): 83071, 99th(us): 92543, 99.9th(us): 104639, 99.99th(us): 114047
UPDATE - Takes(s): 310.0, Count: 14319, OPS: 46.2, Avg(us): 40831, Min(us): 26352, Max(us): 72255, 50th(us): 40447, 90th(us): 47519, 95th(us): 49855, 99th(us): 56127, 99.9th(us): 64319, 99.99th(us): 72191
READ   - Takes(s): 320.0, Count: 11150, OPS: 34.8, Avg(us): 66730, Min(us): 25648, Max(us): 116543, 50th(us): 69951, 90th(us): 84031, 95th(us): 88319, 99th(us): 96575, 99.9th(us): 109183, 99.99th(us): 116287
READ_ERROR - Takes(s): 319.9, Count: 3719, OPS: 11.6, Avg(us): 67587, Min(us): 28240, Max(us): 124095, 50th(us): 70783, 90th(us): 85055, 95th(us): 89279, 99th(us): 97087, 99.9th(us): 106239, 99.99th(us): 124095
TOTAL  - Takes(s): 320.0, Count: 25956, OPS: 81.1, Avg(us): 51940, Min(us): 25648, Max(us): 116543, 50th(us): 44287, 90th(us): 77631, 95th(us): 82943, 99th(us): 92415, 99.9th(us): 104447, 99.99th(us): 114047
UPDATE - Takes(s): 320.0, Count: 14806, OPS: 46.3, Avg(us): 40803, Min(us): 26352, Max(us): 72255, 50th(us): 40415, 90th(us): 47487, 95th(us): 49791, 99th(us): 56095, 99.9th(us): 64255, 99.99th(us): 72191
READ   - Takes(s): 330.0, Count: 11549, OPS: 35.0, Avg(us): 66679, Min(us): 25648, Max(us): 116543, 50th(us): 69887, 90th(us): 83967, 95th(us): 88319, 99th(us): 96639, 99.9th(us): 108991, 99.99th(us): 116287
READ_ERROR - Takes(s): 329.9, Count: 3789, OPS: 11.5, Avg(us): 67512, Min(us): 28240, Max(us): 124095, 50th(us): 70655, 90th(us): 84991, 95th(us): 89215, 99th(us): 96767, 99.9th(us): 106239, 99.99th(us): 124095
TOTAL  - Takes(s): 330.0, Count: 26838, OPS: 81.3, Avg(us): 51930, Min(us): 25648, Max(us): 116543, 50th(us): 44287, 90th(us): 77567, 95th(us): 82879, 99th(us): 92415, 99.9th(us): 104447, 99.99th(us): 114047
UPDATE - Takes(s): 330.0, Count: 15289, OPS: 46.3, Avg(us): 40789, Min(us): 26352, Max(us): 72255, 50th(us): 40415, 90th(us): 47455, 95th(us): 49759, 99th(us): 56095, 99.9th(us): 64255, 99.99th(us): 71679
READ   - Takes(s): 340.0, Count: 11929, OPS: 35.1, Avg(us): 66587, Min(us): 25648, Max(us): 116543, 50th(us): 69759, 90th(us): 83903, 95th(us): 88319, 99th(us): 96575, 99.9th(us): 108991, 99.99th(us): 116287
READ_ERROR - Takes(s): 339.9, Count: 3853, OPS: 11.3, Avg(us): 67432, Min(us): 28240, Max(us): 124095, 50th(us): 70591, 90th(us): 84863, 95th(us): 89087, 99th(us): 96703, 99.9th(us): 106239, 99.99th(us): 124095
TOTAL  - Takes(s): 340.0, Count: 27742, OPS: 81.6, Avg(us): 51898, Min(us): 25648, Max(us): 116543, 50th(us): 44287, 90th(us): 77439, 95th(us): 82815, 99th(us): 92415, 99.9th(us): 104447, 99.99th(us): 114047
UPDATE - Takes(s): 340.0, Count: 15813, OPS: 46.5, Avg(us): 40817, Min(us): 26352, Max(us): 75967, 50th(us): 40415, 90th(us): 47519, 95th(us): 49919, 99th(us): 56127, 99.9th(us): 64415, 99.99th(us): 72191
READ   - Takes(s): 350.0, Count: 12349, OPS: 35.3, Avg(us): 66501, Min(us): 25648, Max(us): 116543, 50th(us): 69695, 90th(us): 83775, 95th(us): 88127, 99th(us): 96319, 99.9th(us): 108991, 99.99th(us): 116287
READ_ERROR - Takes(s): 349.9, Count: 3934, OPS: 11.2, Avg(us): 67365, Min(us): 28240, Max(us): 124095, 50th(us): 70527, 90th(us): 84735, 95th(us): 89023, 99th(us): 96703, 99.9th(us): 106239, 99.99th(us): 124095
TOTAL  - Takes(s): 350.0, Count: 28605, OPS: 81.7, Avg(us): 51895, Min(us): 25648, Max(us): 116543, 50th(us): 44319, 90th(us): 77311, 95th(us): 82687, 99th(us): 92287, 99.9th(us): 104447, 99.99th(us): 114047
UPDATE - Takes(s): 350.0, Count: 16256, OPS: 46.5, Avg(us): 40800, Min(us): 26352, Max(us): 75967, 50th(us): 40415, 90th(us): 47519, 95th(us): 49887, 99th(us): 56095, 99.9th(us): 64415, 99.99th(us): 72191
READ   - Takes(s): 360.0, Count: 12755, OPS: 35.4, Avg(us): 66445, Min(us): 25648, Max(us): 116543, 50th(us): 69567, 90th(us): 83647, 95th(us): 88063, 99th(us): 96255, 99.9th(us): 108991, 99.99th(us): 116287
READ_ERROR - Takes(s): 359.9, Count: 3993, OPS: 11.1, Avg(us): 67307, Min(us): 28240, Max(us): 124095, 50th(us): 70463, 90th(us): 84671, 95th(us): 88959, 99th(us): 96703, 99.9th(us): 106239, 99.99th(us): 124095
TOTAL  - Takes(s): 360.0, Count: 29496, OPS: 81.9, Avg(us): 51891, Min(us): 25648, Max(us): 116543, 50th(us): 44351, 90th(us): 77247, 95th(us): 82623, 99th(us): 92287, 99.9th(us): 104447, 99.99th(us): 114047
UPDATE - Takes(s): 360.0, Count: 16741, OPS: 46.5, Avg(us): 40801, Min(us): 26352, Max(us): 75967, 50th(us): 40415, 90th(us): 47519, 95th(us): 49919, 99th(us): 56095, 99.9th(us): 64319, 99.99th(us): 72191
READ   - Takes(s): 370.0, Count: 13169, OPS: 35.6, Avg(us): 66347, Min(us): 25648, Max(us): 116543, 50th(us): 69439, 90th(us): 83519, 95th(us): 87935, 99th(us): 96255, 99.9th(us): 108991, 99.99th(us): 116287
READ_ERROR - Takes(s): 369.9, Count: 4052, OPS: 11.0, Avg(us): 67230, Min(us): 28240, Max(us): 124095, 50th(us): 70335, 90th(us): 84543, 95th(us): 88895, 99th(us): 96639, 99.9th(us): 106239, 99.99th(us): 124095
TOTAL  - Takes(s): 370.0, Count: 30413, OPS: 82.2, Avg(us): 51854, Min(us): 25648, Max(us): 116543, 50th(us): 44351, 90th(us): 77119, 95th(us): 82431, 99th(us): 92223, 99.9th(us): 104447, 99.99th(us): 114047
UPDATE - Takes(s): 370.0, Count: 17244, OPS: 46.6, Avg(us): 40785, Min(us): 26352, Max(us): 75967, 50th(us): 40383, 90th(us): 47551, 95th(us): 49919, 99th(us): 56063, 99.9th(us): 64319, 99.99th(us): 72191
READ   - Takes(s): 380.0, Count: 13578, OPS: 35.7, Avg(us): 66249, Min(us): 25648, Max(us): 116543, 50th(us): 69311, 90th(us): 83327, 95th(us): 87743, 99th(us): 96191, 99.9th(us): 108991, 99.99th(us): 116287
READ_ERROR - Takes(s): 379.9, Count: 4120, OPS: 10.8, Avg(us): 67187, Min(us): 28240, Max(us): 124095, 50th(us): 70335, 90th(us): 84479, 95th(us): 88895, 99th(us): 96639, 99.9th(us): 106239, 99.99th(us): 124095
TOTAL  - Takes(s): 380.0, Count: 31308, OPS: 82.4, Avg(us): 51828, Min(us): 25648, Max(us): 116543, 50th(us): 44383, 90th(us): 76991, 95th(us): 82239, 99th(us): 92159, 99.9th(us): 104319, 99.99th(us): 114047
UPDATE - Takes(s): 380.0, Count: 17730, OPS: 46.7, Avg(us): 40784, Min(us): 26352, Max(us): 75967, 50th(us): 40351, 90th(us): 47551, 95th(us): 49919, 99th(us): 55999, 99.9th(us): 64255, 99.99th(us): 72191
READ   - Takes(s): 390.0, Count: 13974, OPS: 35.8, Avg(us): 66153, Min(us): 25648, Max(us): 116543, 50th(us): 69247, 90th(us): 83199, 95th(us): 87679, 99th(us): 96127, 99.9th(us): 108991, 99.99th(us): 116287
READ_ERROR - Takes(s): 389.9, Count: 4177, OPS: 10.7, Avg(us): 67101, Min(us): 28240, Max(us): 124095, 50th(us): 70271, 90th(us): 84415, 95th(us): 88831, 99th(us): 96639, 99.9th(us): 106239, 99.99th(us): 124095
TOTAL  - Takes(s): 390.0, Count: 32240, OPS: 82.7, Avg(us): 51765, Min(us): 25648, Max(us): 116543, 50th(us): 44351, 90th(us): 76927, 95th(us): 82111, 99th(us): 92159, 99.9th(us): 104319, 99.99th(us): 114047
UPDATE - Takes(s): 390.0, Count: 18266, OPS: 46.8, Avg(us): 40758, Min(us): 26352, Max(us): 75967, 50th(us): 40351, 90th(us): 47519, 95th(us): 49855, 99th(us): 55935, 99.9th(us): 64255, 99.99th(us): 72191
READ   - Takes(s): 400.0, Count: 14392, OPS: 36.0, Avg(us): 66064, Min(us): 25648, Max(us): 116543, 50th(us): 69183, 90th(us): 83071, 95th(us): 87551, 99th(us): 96127, 99.9th(us): 108991, 99.99th(us): 116287
READ_ERROR - Takes(s): 399.9, Count: 4241, OPS: 10.6, Avg(us): 66998, Min(us): 26224, Max(us): 124095, 50th(us): 70207, 90th(us): 84351, 95th(us): 88767, 99th(us): 96639, 99.9th(us): 106239, 99.99th(us): 124095
TOTAL  - Takes(s): 400.0, Count: 33168, OPS: 82.9, Avg(us): 51716, Min(us): 25648, Max(us): 116543, 50th(us): 44287, 90th(us): 76799, 95th(us): 81983, 99th(us): 92095, 99.9th(us): 104255, 99.99th(us): 114047
UPDATE - Takes(s): 400.0, Count: 18776, OPS: 46.9, Avg(us): 40718, Min(us): 26352, Max(us): 75967, 50th(us): 40319, 90th(us): 47455, 95th(us): 49791, 99th(us): 55903, 99.9th(us): 64223, 99.99th(us): 72191
READ   - Takes(s): 410.0, Count: 14807, OPS: 36.1, Avg(us): 66068, Min(us): 25648, Max(us): 116543, 50th(us): 69183, 90th(us): 83071, 95th(us): 87615, 99th(us): 96191, 99.9th(us): 108991, 99.99th(us): 116287
READ_ERROR - Takes(s): 409.9, Count: 4287, OPS: 10.5, Avg(us): 66977, Min(us): 26224, Max(us): 124095, 50th(us): 70207, 90th(us): 84351, 95th(us): 88767, 99th(us): 96639, 99.9th(us): 106239, 99.99th(us): 124095
TOTAL  - Takes(s): 410.0, Count: 34043, OPS: 83.0, Avg(us): 51766, Min(us): 25648, Max(us): 116543, 50th(us): 44351, 90th(us): 76863, 95th(us): 82047, 99th(us): 92223, 99.9th(us): 104639, 99.99th(us): 114047
UPDATE - Takes(s): 410.0, Count: 19236, OPS: 46.9, Avg(us): 40758, Min(us): 26352, Max(us): 75967, 50th(us): 40319, 90th(us): 47551, 95th(us): 49919, 99th(us): 56063, 99.9th(us): 64895, 99.99th(us): 72191
READ   - Takes(s): 420.0, Count: 15227, OPS: 36.3, Avg(us): 65971, Min(us): 25648, Max(us): 116543, 50th(us): 69055, 90th(us): 82943, 95th(us): 87551, 99th(us): 96191, 99.9th(us): 108991, 99.99th(us): 116159
READ_ERROR - Takes(s): 419.9, Count: 4332, OPS: 10.3, Avg(us): 66936, Min(us): 26224, Max(us): 124095, 50th(us): 70143, 90th(us): 84351, 95th(us): 88767, 99th(us): 96639, 99.9th(us): 106239, 99.99th(us): 124095
TOTAL  - Takes(s): 420.0, Count: 34982, OPS: 83.3, Avg(us): 51723, Min(us): 25648, Max(us): 116543, 50th(us): 44351, 90th(us): 76671, 95th(us): 81919, 99th(us): 92159, 99.9th(us): 104639, 99.99th(us): 114047
UPDATE - Takes(s): 420.0, Count: 19755, OPS: 47.0, Avg(us): 40741, Min(us): 26352, Max(us): 75967, 50th(us): 40319, 90th(us): 47519, 95th(us): 49919, 99th(us): 56095, 99.9th(us): 66751, 99.99th(us): 72191
READ   - Takes(s): 430.0, Count: 15638, OPS: 36.4, Avg(us): 65888, Min(us): 24800, Max(us): 116543, 50th(us): 68991, 90th(us): 82879, 95th(us): 87551, 99th(us): 96191, 99.9th(us): 108991, 99.99th(us): 116159
READ_ERROR - Takes(s): 429.9, Count: 4388, OPS: 10.2, Avg(us): 66955, Min(us): 26224, Max(us): 124095, 50th(us): 70079, 90th(us): 84351, 95th(us): 88767, 99th(us): 96767, 99.9th(us): 106239, 99.99th(us): 124095
TOTAL  - Takes(s): 430.0, Count: 35903, OPS: 83.5, Avg(us): 51683, Min(us): 24800, Max(us): 116543, 50th(us): 44319, 90th(us): 76607, 95th(us): 81855, 99th(us): 92159, 99.9th(us): 105023, 99.99th(us): 112319
UPDATE - Takes(s): 430.0, Count: 20265, OPS: 47.1, Avg(us): 40721, Min(us): 26352, Max(us): 75967, 50th(us): 40287, 90th(us): 47519, 95th(us): 49919, 99th(us): 56095, 99.9th(us): 66751, 99.99th(us): 72191
READ   - Takes(s): 440.0, Count: 16083, OPS: 36.6, Avg(us): 65736, Min(us): 24800, Max(us): 116543, 50th(us): 68799, 90th(us): 82687, 95th(us): 87359, 99th(us): 96191, 99.9th(us): 108991, 99.99th(us): 116159
READ_ERROR - Takes(s): 439.9, Count: 4442, OPS: 10.1, Avg(us): 66866, Min(us): 26224, Max(us): 124095, 50th(us): 69887, 90th(us): 84351, 95th(us): 88767, 99th(us): 96767, 99.9th(us): 106239, 99.99th(us): 124095
TOTAL  - Takes(s): 440.0, Count: 36859, OPS: 83.8, Avg(us): 51612, Min(us): 24800, Max(us): 116543, 50th(us): 44255, 90th(us): 76479, 95th(us): 81727, 99th(us): 92095, 99.9th(us): 104895, 99.99th(us): 112319
UPDATE - Takes(s): 440.0, Count: 20776, OPS: 47.2, Avg(us): 40678, Min(us): 26352, Max(us): 75967, 50th(us): 40255, 90th(us): 47455, 95th(us): 49855, 99th(us): 56095, 99.9th(us): 65791, 99.99th(us): 72191
READ   - Takes(s): 450.0, Count: 16500, OPS: 36.7, Avg(us): 65683, Min(us): 24800, Max(us): 116543, 50th(us): 68735, 90th(us): 82623, 95th(us): 87359, 99th(us): 96127, 99.9th(us): 108991, 99.99th(us): 116159
READ_ERROR - Takes(s): 449.9, Count: 4495, OPS: 10.0, Avg(us): 66854, Min(us): 26224, Max(us): 124095, 50th(us): 69887, 90th(us): 84351, 95th(us): 88767, 99th(us): 96703, 99.9th(us): 106239, 99.99th(us): 124095
TOTAL  - Takes(s): 450.0, Count: 37769, OPS: 83.9, Avg(us): 51598, Min(us): 24800, Max(us): 116543, 50th(us): 44255, 90th(us): 76415, 95th(us): 81663, 99th(us): 92031, 99.9th(us): 104639, 99.99th(us): 112319
UPDATE - Takes(s): 450.0, Count: 21269, OPS: 47.3, Avg(us): 40671, Min(us): 26352, Max(us): 75967, 50th(us): 40223, 90th(us): 47487, 95th(us): 49855, 99th(us): 56127, 99.9th(us): 66751, 99.99th(us): 72191
READ   - Takes(s): 460.0, Count: 16935, OPS: 36.8, Avg(us): 65614, Min(us): 24800, Max(us): 116543, 50th(us): 68671, 90th(us): 82495, 95th(us): 87167, 99th(us): 96127, 99.9th(us): 108863, 99.99th(us): 116159
READ_ERROR - Takes(s): 459.9, Count: 4547, OPS: 9.9, Avg(us): 66831, Min(us): 26224, Max(us): 124095, 50th(us): 69759, 90th(us): 84287, 95th(us): 88703, 99th(us): 96703, 99.9th(us): 105343, 99.99th(us): 124095
TOTAL  - Takes(s): 460.0, Count: 38706, OPS: 84.2, Avg(us): 51551, Min(us): 24800, Max(us): 116543, 50th(us): 44223, 90th(us): 76287, 95th(us): 81599, 99th(us): 92031, 99.9th(us): 104639, 99.99th(us): 112319
UPDATE - Takes(s): 460.0, Count: 21771, OPS: 47.3, Avg(us): 40612, Min(us): 26352, Max(us): 75967, 50th(us): 40159, 90th(us): 47423, 95th(us): 49823, 99th(us): 56095, 99.9th(us): 65791, 99.99th(us): 72191
READ   - Takes(s): 470.0, Count: 17350, OPS: 36.9, Avg(us): 65586, Min(us): 24800, Max(us): 116543, 50th(us): 68671, 90th(us): 82495, 95th(us): 87231, 99th(us): 96127, 99.9th(us): 108863, 99.99th(us): 116159
READ_ERROR - Takes(s): 469.9, Count: 4594, OPS: 9.8, Avg(us): 66836, Min(us): 26224, Max(us): 124095, 50th(us): 69759, 90th(us): 84351, 95th(us): 88703, 99th(us): 96703, 99.9th(us): 105343, 99.99th(us): 124095
TOTAL  - Takes(s): 470.0, Count: 39619, OPS: 84.3, Avg(us): 51548, Min(us): 24800, Max(us): 116543, 50th(us): 44223, 90th(us): 76287, 95th(us): 81599, 99th(us): 92031, 99.9th(us): 104447, 99.99th(us): 112319
UPDATE - Takes(s): 470.0, Count: 22269, OPS: 47.4, Avg(us): 40611, Min(us): 26352, Max(us): 83455, 50th(us): 40159, 90th(us): 47423, 95th(us): 49855, 99th(us): 56095, 99.9th(us): 67071, 99.99th(us): 75967
READ   - Takes(s): 480.0, Count: 17777, OPS: 37.0, Avg(us): 65537, Min(us): 24800, Max(us): 116543, 50th(us): 68607, 90th(us): 82367, 95th(us): 87103, 99th(us): 96063, 99.9th(us): 108863, 99.99th(us): 116159
READ_ERROR - Takes(s): 479.9, Count: 4654, OPS: 9.7, Avg(us): 66815, Min(us): 26224, Max(us): 124095, 50th(us): 69759, 90th(us): 84287, 95th(us): 88639, 99th(us): 96639, 99.9th(us): 105343, 99.99th(us): 124095
TOTAL  - Takes(s): 480.0, Count: 40513, OPS: 84.4, Avg(us): 51547, Min(us): 24800, Max(us): 116543, 50th(us): 44223, 90th(us): 76287, 95th(us): 81471, 99th(us): 91967, 99.9th(us): 104447, 99.99th(us): 112319
UPDATE - Takes(s): 480.0, Count: 22736, OPS: 47.4, Avg(us): 40608, Min(us): 26352, Max(us): 83455, 50th(us): 40159, 90th(us): 47423, 95th(us): 49823, 99th(us): 56095, 99.9th(us): 66751, 99.99th(us): 75967
READ   - Takes(s): 490.0, Count: 18211, OPS: 37.2, Avg(us): 65540, Min(us): 24800, Max(us): 116543, 50th(us): 68607, 90th(us): 82367, 95th(us): 87103, 99th(us): 96127, 99.9th(us): 108863, 99.99th(us): 116159
READ_ERROR - Takes(s): 489.9, Count: 4695, OPS: 9.6, Avg(us): 66802, Min(us): 26224, Max(us): 124095, 50th(us): 69759, 90th(us): 84223, 95th(us): 88575, 99th(us): 96639, 99.9th(us): 105343, 99.99th(us): 124095
TOTAL  - Takes(s): 490.0, Count: 41403, OPS: 84.5, Avg(us): 51583, Min(us): 24800, Max(us): 116543, 50th(us): 44255, 90th(us): 76287, 95th(us): 81535, 99th(us): 92031, 99.9th(us): 105023, 99.99th(us): 112319
UPDATE - Takes(s): 490.0, Count: 23192, OPS: 47.3, Avg(us): 40624, Min(us): 26352, Max(us): 83455, 50th(us): 40159, 90th(us): 47487, 95th(us): 49919, 99th(us): 56287, 99.9th(us): 66751, 99.99th(us): 75967
READ   - Takes(s): 500.0, Count: 18632, OPS: 37.3, Avg(us): 65559, Min(us): 24800, Max(us): 116543, 50th(us): 68607, 90th(us): 82367, 95th(us): 87167, 99th(us): 96127, 99.9th(us): 108159, 99.99th(us): 116159
READ_ERROR - Takes(s): 499.9, Count: 4744, OPS: 9.5, Avg(us): 66818, Min(us): 26224, Max(us): 124095, 50th(us): 69759, 90th(us): 84223, 95th(us): 88575, 99th(us): 96703, 99.9th(us): 105343, 99.99th(us): 124095
TOTAL  - Takes(s): 500.0, Count: 42291, OPS: 84.6, Avg(us): 51602, Min(us): 24800, Max(us): 116543, 50th(us): 44255, 90th(us): 76287, 95th(us): 81535, 99th(us): 92031, 99.9th(us): 104895, 99.99th(us): 112319
UPDATE - Takes(s): 500.0, Count: 23659, OPS: 47.3, Avg(us): 40610, Min(us): 26352, Max(us): 83455, 50th(us): 40159, 90th(us): 47455, 95th(us): 49951, 99th(us): 56351, 99.9th(us): 67071, 99.99th(us): 75967
READ   - Takes(s): 510.0, Count: 19048, OPS: 37.4, Avg(us): 65577, Min(us): 24800, Max(us): 116543, 50th(us): 68671, 90th(us): 82367, 95th(us): 87231, 99th(us): 96127, 99.9th(us): 108159, 99.99th(us): 116159
READ_ERROR - Takes(s): 509.9, Count: 4781, OPS: 9.4, Avg(us): 66780, Min(us): 26224, Max(us): 124095, 50th(us): 69695, 90th(us): 84223, 95th(us): 88575, 99th(us): 96703, 99.9th(us): 105343, 99.99th(us): 124095
TOTAL  - Takes(s): 510.0, Count: 43196, OPS: 84.7, Avg(us): 51626, Min(us): 24800, Max(us): 116543, 50th(us): 44255, 90th(us): 76287, 95th(us): 81599, 99th(us): 92095, 99.9th(us): 104639, 99.99th(us): 112319
UPDATE - Takes(s): 510.0, Count: 24148, OPS: 47.4, Avg(us): 40621, Min(us): 26352, Max(us): 83455, 50th(us): 40127, 90th(us): 47551, 95th(us): 50047, 99th(us): 56575, 99.9th(us): 67455, 99.99th(us): 75967
READ   - Takes(s): 520.0, Count: 19470, OPS: 37.4, Avg(us): 65652, Min(us): 24800, Max(us): 116543, 50th(us): 68671, 90th(us): 82559, 95th(us): 87359, 99th(us): 96191, 99.9th(us): 108159, 99.99th(us): 116159
READ_ERROR - Takes(s): 519.9, Count: 4833, OPS: 9.3, Avg(us): 66791, Min(us): 26224, Max(us): 124095, 50th(us): 69695, 90th(us): 84223, 95th(us): 88639, 99th(us): 96703, 99.9th(us): 105343, 99.99th(us): 124095
TOTAL  - Takes(s): 520.0, Count: 44031, OPS: 84.7, Avg(us): 51702, Min(us): 24800, Max(us): 116543, 50th(us): 44351, 90th(us): 76415, 95th(us): 81663, 99th(us): 92159, 99.9th(us): 104831, 99.99th(us): 112319
UPDATE - Takes(s): 520.0, Count: 24561, OPS: 47.2, Avg(us): 40644, Min(us): 26352, Max(us): 83455, 50th(us): 40159, 90th(us): 47583, 95th(us): 50175, 99th(us): 56767, 99.9th(us): 67583, 99.99th(us): 75967
READ   - Takes(s): 530.0, Count: 19889, OPS: 37.5, Avg(us): 65645, Min(us): 24800, Max(us): 116543, 50th(us): 68671, 90th(us): 82495, 95th(us): 87359, 99th(us): 96191, 99.9th(us): 108095, 99.99th(us): 116159
READ_ERROR - Takes(s): 529.9, Count: 4876, OPS: 9.2, Avg(us): 66771, Min(us): 26224, Max(us): 124095, 50th(us): 69695, 90th(us): 84223, 95th(us): 88639, 99th(us): 96703, 99.9th(us): 105343, 99.99th(us): 124095
TOTAL  - Takes(s): 530.0, Count: 44913, OPS: 84.7, Avg(us): 51715, Min(us): 24800, Max(us): 116543, 50th(us): 44351, 90th(us): 76415, 95th(us): 81663, 99th(us): 92159, 99.9th(us): 104639, 99.99th(us): 112319
UPDATE - Takes(s): 530.0, Count: 25024, OPS: 47.2, Avg(us): 40644, Min(us): 26352, Max(us): 83455, 50th(us): 40159, 90th(us): 47583, 95th(us): 50207, 99th(us): 56767, 99.9th(us): 67711, 99.99th(us): 72319
**********************************************
Run finished, takes 8m54.064829526s
READ   - Takes(s): 534.0, Count: 19993, OPS: 37.4, Avg(us): 65604, Min(us): 24800, Max(us): 116543, 50th(us): 68671, 90th(us): 82495, 95th(us): 87295, 99th(us): 96191, 99.9th(us): 108095, 99.99th(us): 116159
READ_ERROR - Takes(s): 534.0, Count: 4880, OPS: 9.1, Avg(us): 66768, Min(us): 26224, Max(us): 124095, 50th(us): 69695, 90th(us): 84223, 95th(us): 88639, 99th(us): 96703, 99.9th(us): 105343, 99.99th(us): 124095
TOTAL  - Takes(s): 534.0, Count: 45120, OPS: 84.5, Avg(us): 51707, Min(us): 24800, Max(us): 116543, 50th(us): 44351, 90th(us): 76415, 95th(us): 81663, 99th(us): 92095, 99.9th(us): 104639, 99.99th(us): 112191
UPDATE - Takes(s): 534.0, Count: 25127, OPS: 47.1, Avg(us): 40650, Min(us): 26352, Max(us): 83455, 50th(us): 40159, 90th(us): 47615, 95th(us): 50207, 99th(us): 56767, 99.9th(us): 67711, 99.99th(us): 72319
