Now loading data using DB:  etcd
core
Using request distribution 'uniform' a keyrange of [0 99999]
***************** properties *****************
"requestdistribution"="uniform"
"operationcount"="50000"
"dotransactions"="true"
"threadcount"="5"
"scanproportion"="0"
"etcd.dial_timeout"="10s"
"recordcount"="100000"
"workload"="core"
"etcd.endpoints"="192.168.37.19:2379"
"updateproportion"="0.5"
"readallfields"="true"
"readproportion"="0.5"
"docollectingdata"="false"
"command"="run"
"insertproportion"="0"
**********************************************
READ   - Takes(s): 9.9, Count: 207, OPS: 20.8, Avg(us): 92749, Min(us): 48960, Max(us): 145151, 50th(us): 98623, 90th(us): 122047, 95th(us): 125695, 99th(us): 131839, 99.9th(us): 145151, 99.99th(us): 145151
READ_ERROR - Takes(s): 9.7, Count: 122, OPS: 12.6, Avg(us): 92504, Min(us): 46176, Max(us): 145279, 50th(us): 101631, 90th(us): 122047, 95th(us): 131967, 99th(us): 137599, 99.9th(us): 145279, 99.99th(us): 145279
TOTAL  - Takes(s): 9.9, Count: 562, OPS: 56.5, Avg(us): 68652, Min(us): 42176, Max(us): 145151, 50th(us): 57279, 90th(us): 113535, 95th(us): 120959, 99th(us): 128703, 99.9th(us): 139775, 99.99th(us): 145151
UPDATE - Takes(s): 9.9, Count: 355, OPS: 35.7, Avg(us): 54601, Min(us): 42176, Max(us): 79679, 50th(us): 54655, 90th(us): 59807, 95th(us): 62047, 99th(us): 65343, 99.9th(us): 79679, 99.99th(us): 79679
READ   - Takes(s): 19.9, Count: 403, OPS: 20.2, Avg(us): 97474, Min(us): 48960, Max(us): 145151, 50th(us): 106879, 90th(us): 123583, 95th(us): 127039, 99th(us): 132095, 99.9th(us): 145151, 99.99th(us): 145151
READ_ERROR - Takes(s): 19.7, Count: 241, OPS: 12.2, Avg(us): 97642, Min(us): 46176, Max(us): 145279, 50th(us): 108287, 90th(us): 123839, 95th(us): 129855, 99th(us): 137599, 99.9th(us): 145279, 99.99th(us): 145279
TOTAL  - Takes(s): 19.9, Count: 1063, OPS: 53.3, Avg(us): 71786, Min(us): 41376, Max(us): 145151, 50th(us): 59167, 90th(us): 117375, 95th(us): 122303, 99th(us): 129791, 99.9th(us): 139775, 99.99th(us): 145151
UPDATE - Takes(s): 19.9, Count: 660, OPS: 33.1, Avg(us): 56101, Min(us): 41376, Max(us): 79679, 50th(us): 55935, 90th(us): 63519, 95th(us): 65535, 99th(us): 72383, 99.9th(us): 79615, 99.99th(us): 79679
READ   - Takes(s): 29.9, Count: 610, OPS: 20.4, Avg(us): 98571, Min(us): 47712, Max(us): 145151, 50th(us): 106623, 90th(us): 123391, 95th(us): 127039, 99th(us): 133247, 99.9th(us): 139775, 99.99th(us): 145151
READ_ERROR - Takes(s): 29.7, Count: 354, OPS: 11.9, Avg(us): 97001, Min(us): 45280, Max(us): 148735, 50th(us): 107455, 90th(us): 123775, 95th(us): 129727, 99th(us): 137599, 99.9th(us): 148735, 99.99th(us): 148735
TOTAL  - Takes(s): 29.9, Count: 1585, OPS: 52.9, Avg(us): 72877, Min(us): 41376, Max(us): 145151, 50th(us): 60863, 90th(us): 116607, 95th(us): 122111, 99th(us): 130111, 99.9th(us): 139519, 99.99th(us): 145151
UPDATE - Takes(s): 29.9, Count: 975, OPS: 32.6, Avg(us): 56803, Min(us): 41376, Max(us): 79679, 50th(us): 56415, 90th(us): 64895, 95th(us): 67135, 99th(us): 73471, 99.9th(us): 79615, 99.99th(us): 79679
READ   - Takes(s): 39.9, Count: 824, OPS: 20.6, Avg(us): 97839, Min(us): 39744, Max(us): 145151, 50th(us): 104447, 90th(us): 122303, 95th(us): 125631, 99th(us): 132607, 99.9th(us): 139775, 99.99th(us): 145151
READ_ERROR - Takes(s): 39.7, Count: 479, OPS: 12.1, Avg(us): 97259, Min(us): 45280, Max(us): 148735, 50th(us): 104639, 90th(us): 123455, 95th(us): 129663, 99th(us): 144127, 99.9th(us): 148735, 99.99th(us): 148735
TOTAL  - Takes(s): 39.9, Count: 2096, OPS: 52.5, Avg(us): 73110, Min(us): 39744, Max(us): 145151, 50th(us): 61471, 90th(us): 115263, 95th(us): 121023, 99th(us): 129791, 99.9th(us): 139519, 99.99th(us): 145151
UPDATE - Takes(s): 39.9, Count: 1272, OPS: 31.8, Avg(us): 57091, Min(us): 41376, Max(us): 82559, 50th(us): 56639, 90th(us): 65087, 95th(us): 67839, 99th(us): 73471, 99.9th(us): 79679, 99.99th(us): 82559
READ   - Takes(s): 49.9, Count: 1054, OPS: 21.1, Avg(us): 96730, Min(us): 39744, Max(us): 145151, 50th(us): 102207, 90th(us): 121087, 95th(us): 124351, 99th(us): 131839, 99.9th(us): 139775, 99.99th(us): 145151
READ_ERROR - Takes(s): 49.7, Count: 580, OPS: 11.7, Avg(us): 96503, Min(us): 45280, Max(us): 148735, 50th(us): 103103, 90th(us): 123071, 95th(us): 128191, 99th(us): 142335, 99.9th(us): 146815, 99.99th(us): 148735
TOTAL  - Takes(s): 49.9, Count: 2656, OPS: 53.2, Avg(us): 72959, Min(us): 39744, Max(us): 145151, 50th(us): 61535, 90th(us): 113343, 95th(us): 119679, 99th(us): 128447, 99.9th(us): 138367, 99.99th(us): 145151
UPDATE - Takes(s): 49.9, Count: 1602, OPS: 32.1, Avg(us): 57319, Min(us): 41376, Max(us): 82559, 50th(us): 56799, 90th(us): 65087, 95th(us): 67967, 99th(us): 74431, 99.9th(us): 79679, 99.99th(us): 82559
READ   - Takes(s): 59.9, Count: 1273, OPS: 21.2, Avg(us): 96505, Min(us): 39744, Max(us): 145151, 50th(us): 101887, 90th(us): 120255, 95th(us): 123711, 99th(us): 131711, 99.9th(us): 139775, 99.99th(us): 145151
READ_ERROR - Takes(s): 59.7, Count: 691, OPS: 11.6, Avg(us): 96033, Min(us): 45280, Max(us): 148735, 50th(us): 102527, 90th(us): 122111, 95th(us): 125887, 99th(us): 141183, 99.9th(us): 146815, 99.99th(us): 148735
TOTAL  - Takes(s): 59.9, Count: 3197, OPS: 53.3, Avg(us): 72993, Min(us): 39744, Max(us): 145151, 50th(us): 61663, 90th(us): 111551, 95th(us): 118463, 99th(us): 127615, 99.9th(us): 138367, 99.99th(us): 145151
UPDATE - Takes(s): 59.9, Count: 1924, OPS: 32.1, Avg(us): 57436, Min(us): 41376, Max(us): 82559, 50th(us): 56927, 90th(us): 65279, 95th(us): 67967, 99th(us): 73471, 99.9th(us): 79679, 99.99th(us): 82559
READ   - Takes(s): 69.9, Count: 1510, OPS: 21.6, Avg(us): 96014, Min(us): 39744, Max(us): 145151, 50th(us): 100927, 90th(us): 119039, 95th(us): 123327, 99th(us): 131327, 99.9th(us): 139519, 99.99th(us): 145151
READ_ERROR - Takes(s): 69.7, Count: 794, OPS: 11.4, Avg(us): 95696, Min(us): 45280, Max(us): 148735, 50th(us): 101695, 90th(us): 120895, 95th(us): 125631, 99th(us): 137599, 99.9th(us): 146815, 99.99th(us): 148735
TOTAL  - Takes(s): 69.9, Count: 3769, OPS: 53.9, Avg(us): 72633, Min(us): 39744, Max(us): 145151, 50th(us): 61311, 90th(us): 110271, 95th(us): 117247, 99th(us): 126015, 99.9th(us): 137215, 99.99th(us): 145151
UPDATE - Takes(s): 69.9, Count: 2259, OPS: 32.3, Avg(us): 57005, Min(us): 41376, Max(us): 82559, 50th(us): 56447, 90th(us): 65023, 95th(us): 67775, 99th(us): 73087, 99.9th(us): 79679, 99.99th(us): 82559
READ   - Takes(s): 79.9, Count: 1737, OPS: 21.7, Avg(us): 95453, Min(us): 39744, Max(us): 145151, 50th(us): 100543, 90th(us): 117823, 95th(us): 122303, 99th(us): 130303, 99.9th(us): 139519, 99.99th(us): 145151
READ_ERROR - Takes(s): 79.7, Count: 911, OPS: 11.4, Avg(us): 94991, Min(us): 43968, Max(us): 148735, 50th(us): 100671, 90th(us): 119999, 95th(us): 124031, 99th(us): 137087, 99.9th(us): 146815, 99.99th(us): 148735
TOTAL  - Takes(s): 79.9, Count: 4338, OPS: 54.3, Avg(us): 72217, Min(us): 39744, Max(us): 145151, 50th(us): 60927, 90th(us): 109183, 95th(us): 115775, 99th(us): 125631, 99.9th(us): 137215, 99.99th(us): 145151
UPDATE - Takes(s): 79.9, Count: 2601, OPS: 32.5, Avg(us): 56700, Min(us): 41376, Max(us): 82559, 50th(us): 56223, 90th(us): 64863, 95th(us): 67455, 99th(us): 72959, 99.9th(us): 79615, 99.99th(us): 82559
READ   - Takes(s): 89.9, Count: 1983, OPS: 22.0, Avg(us): 94444, Min(us): 39744, Max(us): 145151, 50th(us): 99519, 90th(us): 116927, 95th(us): 121471, 99th(us): 129983, 99.9th(us): 139519, 99.99th(us): 145151
READ_ERROR - Takes(s): 89.7, Count: 1009, OPS: 11.2, Avg(us): 94310, Min(us): 43776, Max(us): 148735, 50th(us): 99775, 90th(us): 119551, 95th(us): 123903, 99th(us): 136575, 99.9th(us): 146815, 99.99th(us): 148735
TOTAL  - Takes(s): 89.9, Count: 4949, OPS: 55.0, Avg(us): 71673, Min(us): 39744, Max(us): 145151, 50th(us): 60543, 90th(us): 107967, 95th(us): 114815, 99th(us): 124863, 99.9th(us): 136575, 99.99th(us): 145151
UPDATE - Takes(s): 89.9, Count: 2966, OPS: 33.0, Avg(us): 56449, Min(us): 41376, Max(us): 82559, 50th(us): 55935, 90th(us): 64607, 95th(us): 67327, 99th(us): 72831, 99.9th(us): 79615, 99.99th(us): 82559
READ   - Takes(s): 99.9, Count: 2205, OPS: 22.1, Avg(us): 94520, Min(us): 38304, Max(us): 145151, 50th(us): 99647, 90th(us): 116223, 95th(us): 121087, 99th(us): 129791, 99.9th(us): 139519, 99.99th(us): 145151
READ_ERROR - Takes(s): 99.7, Count: 1118, OPS: 11.2, Avg(us): 94452, Min(us): 43776, Max(us): 148735, 50th(us): 99967, 90th(us): 118143, 95th(us): 123519, 99th(us): 136319, 99.9th(us): 146815, 99.99th(us): 148735
TOTAL  - Takes(s): 99.9, Count: 5500, OPS: 55.0, Avg(us): 71630, Min(us): 38304, Max(us): 145151, 50th(us): 60287, 90th(us): 107775, 95th(us): 114367, 99th(us): 124415, 99.9th(us): 136575, 99.99th(us): 139775
UPDATE - Takes(s): 99.9, Count: 3295, OPS: 33.0, Avg(us): 56311, Min(us): 41376, Max(us): 82559, 50th(us): 55743, 90th(us): 64383, 95th(us): 67263, 99th(us): 72767, 99.9th(us): 79615, 99.99th(us): 82559
READ   - Takes(s): 109.9, Count: 2432, OPS: 22.1, Avg(us): 94232, Min(us): 38304, Max(us): 145151, 50th(us): 99391, 90th(us): 115647, 95th(us): 120959, 99th(us): 129535, 99.9th(us): 139519, 99.99th(us): 145151
READ_ERROR - Takes(s): 109.7, Count: 1222, OPS: 11.1, Avg(us): 94078, Min(us): 43776, Max(us): 148735, 50th(us): 99583, 90th(us): 117631, 95th(us): 123263, 99th(us): 134911, 99.9th(us): 146815, 99.99th(us): 148735
TOTAL  - Takes(s): 109.9, Count: 6086, OPS: 55.4, Avg(us): 71436, Min(us): 38304, Max(us): 145151, 50th(us): 60159, 90th(us): 107391, 95th(us): 113727, 99th(us): 124415, 99.9th(us): 133247, 99.99th(us): 139775
UPDATE - Takes(s): 109.9, Count: 3654, OPS: 33.2, Avg(us): 56264, Min(us): 41376, Max(us): 82559, 50th(us): 55743, 90th(us): 64127, 95th(us): 66943, 99th(us): 72383, 99.9th(us): 79615, 99.99th(us): 82559
READ   - Takes(s): 119.9, Count: 2667, OPS: 22.2, Avg(us): 93791, Min(us): 38304, Max(us): 145151, 50th(us): 98815, 90th(us): 115135, 95th(us): 120511, 99th(us): 128511, 99.9th(us): 138367, 99.99th(us): 145151
READ_ERROR - Takes(s): 119.7, Count: 1322, OPS: 11.0, Avg(us): 93667, Min(us): 43776, Max(us): 148735, 50th(us): 99327, 90th(us): 117503, 95th(us): 122815, 99th(us): 134399, 99.9th(us): 146815, 99.99th(us): 148735
TOTAL  - Takes(s): 119.9, Count: 6682, OPS: 55.7, Avg(us): 71220, Min(us): 38304, Max(us): 145151, 50th(us): 60031, 90th(us): 107007, 95th(us): 113407, 99th(us): 124159, 99.9th(us): 132735, 99.99th(us): 139775
UPDATE - Takes(s): 119.9, Count: 4015, OPS: 33.5, Avg(us): 56227, Min(us): 41376, Max(us): 82559, 50th(us): 55711, 90th(us): 64031, 95th(us): 66751, 99th(us): 72191, 99.9th(us): 79615, 99.99th(us): 82559
READ   - Takes(s): 129.9, Count: 2917, OPS: 22.4, Avg(us): 93598, Min(us): 38304, Max(us): 145151, 50th(us): 98623, 90th(us): 114815, 95th(us): 120255, 99th(us): 128447, 99.9th(us): 138367, 99.99th(us): 145151
READ_ERROR - Takes(s): 129.7, Count: 1402, OPS: 10.8, Avg(us): 93612, Min(us): 43776, Max(us): 148735, 50th(us): 99199, 90th(us): 116991, 95th(us): 122751, 99th(us): 133887, 99.9th(us): 146815, 99.99th(us): 148735
TOTAL  - Takes(s): 129.9, Count: 7281, OPS: 56.0, Avg(us): 71218, Min(us): 38304, Max(us): 145151, 50th(us): 60063, 90th(us): 106623, 95th(us): 113087, 99th(us): 123903, 99.9th(us): 132735, 99.99th(us): 139775
UPDATE - Takes(s): 129.9, Count: 4364, OPS: 33.6, Avg(us): 56259, Min(us): 41376, Max(us): 82559, 50th(us): 55711, 90th(us): 64063, 95th(us): 66687, 99th(us): 72191, 99.9th(us): 79615, 99.99th(us): 82559
READ   - Takes(s): 139.9, Count: 3143, OPS: 22.5, Avg(us): 93489, Min(us): 38304, Max(us): 145151, 50th(us): 98623, 90th(us): 114623, 95th(us): 120063, 99th(us): 128447, 99.9th(us): 139519, 99.99th(us): 145151
READ_ERROR - Takes(s): 139.7, Count: 1502, OPS: 10.8, Avg(us): 93687, Min(us): 43776, Max(us): 148735, 50th(us): 99071, 90th(us): 116799, 95th(us): 122687, 99th(us): 132863, 99.9th(us): 146687, 99.99th(us): 148735
TOTAL  - Takes(s): 139.9, Count: 7844, OPS: 56.0, Avg(us): 71268, Min(us): 38304, Max(us): 145151, 50th(us): 60255, 90th(us): 106623, 95th(us): 112767, 99th(us): 123839, 99.9th(us): 132735, 99.99th(us): 143231
UPDATE - Takes(s): 139.9, Count: 4701, OPS: 33.6, Avg(us): 56411, Min(us): 41376, Max(us): 82559, 50th(us): 55871, 90th(us): 64223, 95th(us): 66751, 99th(us): 72383, 99.9th(us): 79615, 99.99th(us): 82559
READ   - Takes(s): 149.9, Count: 3393, OPS: 22.6, Avg(us): 93608, Min(us): 38304, Max(us): 145151, 50th(us): 98687, 90th(us): 114303, 95th(us): 119615, 99th(us): 128255, 99.9th(us): 139519, 99.99th(us): 145151
READ_ERROR - Takes(s): 149.7, Count: 1584, OPS: 10.6, Avg(us): 93793, Min(us): 43776, Max(us): 148735, 50th(us): 99071, 90th(us): 116607, 95th(us): 122111, 99th(us): 132735, 99.9th(us): 146687, 99.99th(us): 148735
TOTAL  - Takes(s): 149.9, Count: 8413, OPS: 56.1, Avg(us): 71460, Min(us): 38304, Max(us): 145151, 50th(us): 60383, 90th(us): 106751, 95th(us): 112639, 99th(us): 123647, 99.9th(us): 132735, 99.99th(us): 143231
UPDATE - Takes(s): 149.9, Count: 5020, OPS: 33.5, Avg(us): 56491, Min(us): 41376, Max(us): 82559, 50th(us): 55999, 90th(us): 64255, 95th(us): 66943, 99th(us): 72447, 99.9th(us): 79615, 99.99th(us): 81343
READ   - Takes(s): 159.9, Count: 3658, OPS: 22.9, Avg(us): 93734, Min(us): 38304, Max(us): 145151, 50th(us): 98751, 90th(us): 114111, 95th(us): 119359, 99th(us): 127871, 99.9th(us): 138367, 99.99th(us): 145151
READ_ERROR - Takes(s): 159.7, Count: 1656, OPS: 10.4, Avg(us): 93992, Min(us): 43776, Max(us): 148735, 50th(us): 99135, 90th(us): 116543, 95th(us): 122047, 99th(us): 132735, 99.9th(us): 146687, 99.99th(us): 148735
TOTAL  - Takes(s): 159.9, Count: 8981, OPS: 56.1, Avg(us): 71703, Min(us): 38304, Max(us): 145151, 50th(us): 60543, 90th(us): 106879, 95th(us): 112639, 99th(us): 123455, 99.9th(us): 132607, 99.99th(us): 143231
UPDATE - Takes(s): 159.9, Count: 5323, OPS: 33.3, Avg(us): 56563, Min(us): 40960, Max(us): 83839, 50th(us): 56031, 90th(us): 64383, 95th(us): 67135, 99th(us): 72831, 99.9th(us): 79615, 99.99th(us): 82559
READ   - Takes(s): 169.9, Count: 3935, OPS: 23.2, Avg(us): 93374, Min(us): 38304, Max(us): 145151, 50th(us): 98495, 90th(us): 113535, 95th(us): 118719, 99th(us): 127615, 99.9th(us): 138367, 99.99th(us): 145151
READ_ERROR - Takes(s): 169.7, Count: 1728, OPS: 10.2, Avg(us): 93914, Min(us): 43776, Max(us): 148735, 50th(us): 99007, 90th(us): 116415, 95th(us): 121791, 99th(us): 132735, 99.9th(us): 146687, 99.99th(us): 148735
TOTAL  - Takes(s): 169.9, Count: 9599, OPS: 56.5, Avg(us): 71610, Min(us): 38304, Max(us): 145151, 50th(us): 60511, 90th(us): 106303, 95th(us): 112191, 99th(us): 123263, 99.9th(us): 132223, 99.99th(us): 143231
UPDATE - Takes(s): 169.9, Count: 5664, OPS: 33.3, Avg(us): 56489, Min(us): 40960, Max(us): 83839, 50th(us): 55935, 90th(us): 64287, 95th(us): 67071, 99th(us): 72831, 99.9th(us): 79615, 99.99th(us): 82559
READ   - Takes(s): 179.9, Count: 4215, OPS: 23.4, Avg(us): 93015, Min(us): 38304, Max(us): 145151, 50th(us): 98175, 90th(us): 113343, 95th(us): 118399, 99th(us): 127039, 99.9th(us): 138367, 99.99th(us): 145151
READ_ERROR - Takes(s): 179.7, Count: 1801, OPS: 10.0, Avg(us): 93752, Min(us): 42656, Max(us): 148735, 50th(us): 98815, 90th(us): 116223, 95th(us): 121215, 99th(us): 132479, 99.9th(us): 146687, 99.99th(us): 148735
TOTAL  - Takes(s): 179.9, Count: 10217, OPS: 56.8, Avg(us): 71523, Min(us): 38304, Max(us): 145151, 50th(us): 60511, 90th(us): 106047, 95th(us): 111871, 99th(us): 122879, 99.9th(us): 132223, 99.99th(us): 143231
UPDATE - Takes(s): 180.0, Count: 6002, OPS: 33.4, Avg(us): 56430, Min(us): 40960, Max(us): 83839, 50th(us): 55839, 90th(us): 64223, 95th(us): 66815, 99th(us): 72831, 99.9th(us): 79615, 99.99th(us): 82559
READ   - Takes(s): 189.9, Count: 4483, OPS: 23.6, Avg(us): 93096, Min(us): 38304, Max(us): 145151, 50th(us): 98047, 90th(us): 113343, 95th(us): 118463, 99th(us): 127039, 99.9th(us): 138367, 99.99th(us): 145151
READ_ERROR - Takes(s): 189.7, Count: 1877, OPS: 9.9, Avg(us): 93746, Min(us): 42656, Max(us): 148735, 50th(us): 98815, 90th(us): 116095, 95th(us): 121215, 99th(us): 132351, 99.9th(us): 146687, 99.99th(us): 148735
TOTAL  - Takes(s): 189.9, Count: 10801, OPS: 56.9, Avg(us): 71626, Min(us): 38304, Max(us): 145151, 50th(us): 60575, 90th(us): 106047, 95th(us): 111999, 99th(us): 122943, 99.9th(us): 132351, 99.99th(us): 143231
UPDATE - Takes(s): 189.9, Count: 6318, OPS: 33.3, Avg(us): 56392, Min(us): 40960, Max(us): 83839, 50th(us): 55775, 90th(us): 64223, 95th(us): 67007, 99th(us): 72831, 99.9th(us): 79615, 99.99th(us): 82559
READ   - Takes(s): 199.9, Count: 4760, OPS: 23.8, Avg(us): 92971, Min(us): 38304, Max(us): 145151, 50th(us): 98047, 90th(us): 113343, 95th(us): 118527, 99th(us): 127039, 99.9th(us): 137215, 99.99th(us): 145151
READ_ERROR - Takes(s): 199.7, Count: 1929, OPS: 9.7, Avg(us): 93779, Min(us): 42656, Max(us): 148735, 50th(us): 98815, 90th(us): 115903, 95th(us): 121215, 99th(us): 132351, 99.9th(us): 146687, 99.99th(us): 148735
TOTAL  - Takes(s): 199.9, Count: 11433, OPS: 57.2, Avg(us): 71610, Min(us): 38304, Max(us): 145151, 50th(us): 60543, 90th(us): 106047, 95th(us): 112063, 99th(us): 122879, 99.9th(us): 132351, 99.99th(us): 143231
UPDATE - Takes(s): 199.9, Count: 6673, OPS: 33.4, Avg(us): 56373, Min(us): 40960, Max(us): 83839, 50th(us): 55775, 90th(us): 64223, 95th(us): 67007, 99th(us): 72831, 99.9th(us): 79615, 99.99th(us): 82559
READ   - Takes(s): 209.9, Count: 5014, OPS: 23.9, Avg(us): 93027, Min(us): 38304, Max(us): 145151, 50th(us): 98111, 90th(us): 113407, 95th(us): 118527, 99th(us): 127039, 99.9th(us): 137215, 99.99th(us): 143231
READ_ERROR - Takes(s): 209.7, Count: 1985, OPS: 9.5, Avg(us): 93845, Min(us): 42656, Max(us): 148735, 50th(us): 98815, 90th(us): 115967, 95th(us): 121215, 99th(us): 131967, 99.9th(us): 146687, 99.99th(us): 148735
TOTAL  - Takes(s): 209.9, Count: 12048, OPS: 57.4, Avg(us): 71648, Min(us): 38304, Max(us): 145151, 50th(us): 60607, 90th(us): 106175, 95th(us): 112127, 99th(us): 122879, 99.9th(us): 132607, 99.99th(us): 143231
UPDATE - Takes(s): 209.9, Count: 7034, OPS: 33.5, Avg(us): 56409, Min(us): 40960, Max(us): 83839, 50th(us): 55807, 90th(us): 64255, 95th(us): 67071, 99th(us): 72959, 99.9th(us): 79679, 99.99th(us): 82559
READ   - Takes(s): 219.9, Count: 5276, OPS: 24.0, Avg(us): 93022, Min(us): 38304, Max(us): 145151, 50th(us): 98047, 90th(us): 113343, 95th(us): 118399, 99th(us): 127039, 99.9th(us): 137215, 99.99th(us): 143231
READ_ERROR - Takes(s): 219.7, Count: 2053, OPS: 9.3, Avg(us): 93709, Min(us): 42656, Max(us): 148735, 50th(us): 98623, 90th(us): 115711, 95th(us): 120959, 99th(us): 130495, 99.9th(us): 146687, 99.99th(us): 148735
TOTAL  - Takes(s): 219.9, Count: 12660, OPS: 57.6, Avg(us): 71667, Min(us): 38304, Max(us): 145151, 50th(us): 60607, 90th(us): 106111, 95th(us): 111999, 99th(us): 122879, 99.9th(us): 132479, 99.99th(us): 143231
UPDATE - Takes(s): 219.9, Count: 7384, OPS: 33.6, Avg(us): 56408, Min(us): 40960, Max(us): 83839, 50th(us): 55807, 90th(us): 64255, 95th(us): 67071, 99th(us): 72959, 99.9th(us): 79679, 99.99th(us): 82559
READ   - Takes(s): 229.9, Count: 5546, OPS: 24.1, Avg(us): 93054, Min(us): 38304, Max(us): 145151, 50th(us): 98047, 90th(us): 113343, 95th(us): 118463, 99th(us): 127295, 99.9th(us): 137087, 99.99th(us): 143231
READ_ERROR - Takes(s): 229.7, Count: 2125, OPS: 9.3, Avg(us): 93708, Min(us): 42656, Max(us): 148735, 50th(us): 98623, 90th(us): 115519, 95th(us): 120767, 99th(us): 130495, 99.9th(us): 146687, 99.99th(us): 148735
TOTAL  - Takes(s): 229.9, Count: 13246, OPS: 57.6, Avg(us): 71754, Min(us): 38304, Max(us): 145151, 50th(us): 60671, 90th(us): 106239, 95th(us): 112063, 99th(us): 122879, 99.9th(us): 132479, 99.99th(us): 143231
UPDATE - Takes(s): 229.9, Count: 7700, OPS: 33.5, Avg(us): 56413, Min(us): 40960, Max(us): 83839, 50th(us): 55807, 90th(us): 64255, 95th(us): 67071, 99th(us): 73151, 99.9th(us): 79615, 99.99th(us): 82559
READ   - Takes(s): 239.9, Count: 5820, OPS: 24.3, Avg(us): 93139, Min(us): 38304, Max(us): 145151, 50th(us): 98175, 90th(us): 113407, 95th(us): 118527, 99th(us): 127295, 99.9th(us): 137087, 99.99th(us): 143231
READ_ERROR - Takes(s): 239.7, Count: 2184, OPS: 9.1, Avg(us): 93781, Min(us): 42656, Max(us): 148735, 50th(us): 98687, 90th(us): 115455, 95th(us): 120895, 99th(us): 130495, 99.9th(us): 146687, 99.99th(us): 148735
TOTAL  - Takes(s): 239.9, Count: 13843, OPS: 57.7, Avg(us): 71866, Min(us): 38304, Max(us): 145151, 50th(us): 60735, 90th(us): 106367, 95th(us): 112255, 99th(us): 123007, 99.9th(us): 132735, 99.99th(us): 143231
UPDATE - Takes(s): 239.9, Count: 8023, OPS: 33.4, Avg(us): 56435, Min(us): 40960, Max(us): 83839, 50th(us): 55839, 90th(us): 64287, 95th(us): 67071, 99th(us): 73343, 99.9th(us): 79679, 99.99th(us): 83455
READ   - Takes(s): 249.9, Count: 6085, OPS: 24.3, Avg(us): 93036, Min(us): 38304, Max(us): 145151, 50th(us): 98111, 90th(us): 113407, 95th(us): 118655, 99th(us): 127807, 99.9th(us): 137087, 99.99th(us): 143231
READ_ERROR - Takes(s): 249.7, Count: 2256, OPS: 9.0, Avg(us): 93735, Min(us): 42656, Max(us): 148735, 50th(us): 98623, 90th(us): 115647, 95th(us): 121087, 99th(us): 131199, 99.9th(us): 146687, 99.99th(us): 148735
TOTAL  - Takes(s): 249.9, Count: 14451, OPS: 57.8, Avg(us): 71841, Min(us): 38304, Max(us): 145151, 50th(us): 60735, 90th(us): 106303, 95th(us): 112255, 99th(us): 123199, 99.9th(us): 134911, 99.99th(us): 143231
UPDATE - Takes(s): 249.9, Count: 8366, OPS: 33.5, Avg(us): 56426, Min(us): 40960, Max(us): 83839, 50th(us): 55807, 90th(us): 64287, 95th(us): 67135, 99th(us): 73343, 99.9th(us): 79871, 99.99th(us): 83455
READ   - Takes(s): 259.9, Count: 6353, OPS: 24.4, Avg(us): 93107, Min(us): 38304, Max(us): 145151, 50th(us): 98175, 90th(us): 113599, 95th(us): 118719, 99th(us): 127551, 99.9th(us): 137087, 99.99th(us): 143231
READ_ERROR - Takes(s): 259.7, Count: 2322, OPS: 8.9, Avg(us): 93691, Min(us): 42656, Max(us): 148735, 50th(us): 98687, 90th(us): 115839, 95th(us): 121087, 99th(us): 131199, 99.9th(us): 146687, 99.99th(us): 148735
TOTAL  - Takes(s): 259.9, Count: 15043, OPS: 57.9, Avg(us): 71933, Min(us): 38304, Max(us): 145151, 50th(us): 60799, 90th(us): 106431, 95th(us): 112447, 99th(us): 123199, 99.9th(us): 133247, 99.99th(us): 139775
UPDATE - Takes(s): 259.9, Count: 8690, OPS: 33.4, Avg(us): 56453, Min(us): 40960, Max(us): 84287, 50th(us): 55807, 90th(us): 64383, 95th(us): 67263, 99th(us): 74047, 99.9th(us): 79935, 99.99th(us): 83839
READ   - Takes(s): 269.9, Count: 6624, OPS: 24.5, Avg(us): 93078, Min(us): 38304, Max(us): 145151, 50th(us): 98175, 90th(us): 113791, 95th(us): 118911, 99th(us): 127807, 99.9th(us): 136703, 99.99th(us): 143231
READ_ERROR - Takes(s): 269.7, Count: 2378, OPS: 8.8, Avg(us): 93825, Min(us): 42656, Max(us): 148735, 50th(us): 98815, 90th(us): 115967, 95th(us): 121151, 99th(us): 130495, 99.9th(us): 146687, 99.99th(us): 148735
TOTAL  - Takes(s): 269.9, Count: 15650, OPS: 58.0, Avg(us): 71976, Min(us): 38304, Max(us): 145151, 50th(us): 60799, 90th(us): 106623, 95th(us): 112639, 99th(us): 123455, 99.9th(us): 132991, 99.99th(us): 139775
UPDATE - Takes(s): 269.9, Count: 9026, OPS: 33.4, Avg(us): 56491, Min(us): 40960, Max(us): 84287, 50th(us): 55839, 90th(us): 64415, 95th(us): 67391, 99th(us): 74111, 99.9th(us): 79935, 99.99th(us): 83839
READ   - Takes(s): 279.9, Count: 6913, OPS: 24.7, Avg(us): 93120, Min(us): 38304, Max(us): 145151, 50th(us): 98239, 90th(us): 113855, 95th(us): 119039, 99th(us): 127807, 99.9th(us): 137087, 99.99th(us): 143231
READ_ERROR - Takes(s): 279.7, Count: 2431, OPS: 8.7, Avg(us): 93820, Min(us): 42656, Max(us): 148735, 50th(us): 98815, 90th(us): 115775, 95th(us): 120959, 99th(us): 130495, 99.9th(us): 146687, 99.99th(us): 148735
TOTAL  - Takes(s): 279.9, Count: 16251, OPS: 58.1, Avg(us): 72089, Min(us): 38304, Max(us): 145151, 50th(us): 60863, 90th(us): 106623, 95th(us): 112703, 99th(us): 123519, 99.9th(us): 134783, 99.99th(us): 139775
UPDATE - Takes(s): 279.9, Count: 9338, OPS: 33.4, Avg(us): 56521, Min(us): 40960, Max(us): 89151, 50th(us): 55871, 90th(us): 64479, 95th(us): 67455, 99th(us): 74175, 99.9th(us): 80127, 99.99th(us): 84287
READ   - Takes(s): 289.9, Count: 7186, OPS: 24.8, Avg(us): 93125, Min(us): 38304, Max(us): 145151, 50th(us): 98303, 90th(us): 113855, 95th(us): 119039, 99th(us): 127807, 99.9th(us): 137087, 99.99th(us): 143231
READ_ERROR - Takes(s): 289.7, Count: 2489, OPS: 8.6, Avg(us): 93803, Min(us): 42656, Max(us): 148735, 50th(us): 98751, 90th(us): 115839, 95th(us): 120959, 99th(us): 130367, 99.9th(us): 146687, 99.99th(us): 148735
TOTAL  - Takes(s): 289.9, Count: 16861, OPS: 58.2, Avg(us): 72128, Min(us): 38304, Max(us): 145151, 50th(us): 60895, 90th(us): 106687, 95th(us): 112767, 99th(us): 123583, 99.9th(us): 133247, 99.99th(us): 139775
UPDATE - Takes(s): 289.9, Count: 9675, OPS: 33.4, Avg(us): 56532, Min(us): 40960, Max(us): 89599, 50th(us): 55871, 90th(us): 64447, 95th(us): 67455, 99th(us): 74175, 99.9th(us): 81087, 99.99th(us): 89471
READ   - Takes(s): 299.9, Count: 7481, OPS: 24.9, Avg(us): 92930, Min(us): 38304, Max(us): 145151, 50th(us): 97919, 90th(us): 113535, 95th(us): 118719, 99th(us): 127615, 99.9th(us): 137087, 99.99th(us): 143231
READ_ERROR - Takes(s): 299.7, Count: 2549, OPS: 8.5, Avg(us): 93646, Min(us): 42656, Max(us): 148735, 50th(us): 98623, 90th(us): 115647, 95th(us): 120703, 99th(us): 130367, 99.9th(us): 146687, 99.99th(us): 148735
TOTAL  - Takes(s): 299.9, Count: 17524, OPS: 58.4, Avg(us): 71954, Min(us): 38304, Max(us): 145151, 50th(us): 60735, 90th(us): 106367, 95th(us): 112383, 99th(us): 123455, 99.9th(us): 132991, 99.99th(us): 139775
UPDATE - Takes(s): 299.9, Count: 10043, OPS: 33.5, Avg(us): 56328, Min(us): 40960, Max(us): 89599, 50th(us): 55647, 90th(us): 64351, 95th(us): 67327, 99th(us): 74111, 99.9th(us): 81087, 99.99th(us): 89471
READ   - Takes(s): 309.9, Count: 7767, OPS: 25.1, Avg(us): 92775, Min(us): 38304, Max(us): 145151, 50th(us): 97791, 90th(us): 113407, 95th(us): 118527, 99th(us): 127295, 99.9th(us): 136703, 99.99th(us): 143231
READ_ERROR - Takes(s): 309.7, Count: 2591, OPS: 8.4, Avg(us): 93583, Min(us): 42656, Max(us): 148735, 50th(us): 98559, 90th(us): 115519, 95th(us): 120447, 99th(us): 130111, 99.9th(us): 146687, 99.99th(us): 148735
TOTAL  - Takes(s): 309.9, Count: 18189, OPS: 58.7, Avg(us): 71868, Min(us): 38304, Max(us): 145151, 50th(us): 60703, 90th(us): 106175, 95th(us): 112255, 99th(us): 123199, 99.9th(us): 132991, 99.99th(us): 139775
UPDATE - Takes(s): 309.9, Count: 10422, OPS: 33.6, Avg(us): 56288, Min(us): 40960, Max(us): 89599, 50th(us): 55615, 90th(us): 64287, 95th(us): 67263, 99th(us): 74047, 99.9th(us): 81087, 99.99th(us): 89471
READ   - Takes(s): 319.9, Count: 8067, OPS: 25.2, Avg(us): 92646, Min(us): 38304, Max(us): 145535, 50th(us): 97535, 90th(us): 113215, 95th(us): 118463, 99th(us): 127615, 99.9th(us): 137087, 99.99th(us): 145151
READ_ERROR - Takes(s): 319.7, Count: 2643, OPS: 8.3, Avg(us): 93580, Min(us): 42656, Max(us): 148735, 50th(us): 98495, 90th(us): 115455, 95th(us): 120447, 99th(us): 130367, 99.9th(us): 146687, 99.99th(us): 148735
TOTAL  - Takes(s): 319.9, Count: 18811, OPS: 58.8, Avg(us): 71881, Min(us): 38304, Max(us): 145535, 50th(us): 60735, 90th(us): 106047, 95th(us): 112063, 99th(us): 123199, 99.9th(us): 133503, 99.99th(us): 143231
UPDATE - Takes(s): 319.9, Count: 10744, OPS: 33.6, Avg(us): 56290, Min(us): 40960, Max(us): 89599, 50th(us): 55615, 90th(us): 64287, 95th(us): 67263, 99th(us): 74047, 99.9th(us): 81087, 99.99th(us): 89471
READ   - Takes(s): 329.9, Count: 8368, OPS: 25.4, Avg(us): 92517, Min(us): 38304, Max(us): 145535, 50th(us): 97343, 90th(us): 113087, 95th(us): 118399, 99th(us): 127295, 99.9th(us): 137087, 99.99th(us): 145151
READ_ERROR - Takes(s): 329.7, Count: 2691, OPS: 8.2, Avg(us): 93583, Min(us): 42656, Max(us): 148735, 50th(us): 98367, 90th(us): 115455, 95th(us): 120447, 99th(us): 130367, 99.9th(us): 146687, 99.99th(us): 148735
TOTAL  - Takes(s): 329.9, Count: 19440, OPS: 58.9, Avg(us): 71901, Min(us): 38304, Max(us): 145535, 50th(us): 60799, 90th(us): 105983, 95th(us): 111999, 99th(us): 123007, 99.9th(us): 133503, 99.99th(us): 143231
UPDATE - Takes(s): 329.9, Count: 11072, OPS: 33.6, Avg(us): 56320, Min(us): 40960, Max(us): 89599, 50th(us): 55647, 90th(us): 64319, 95th(us): 67327, 99th(us): 74175, 99.9th(us): 81343, 99.99th(us): 89471
READ   - Takes(s): 339.9, Count: 8677, OPS: 25.5, Avg(us): 92381, Min(us): 38304, Max(us): 145535, 50th(us): 97215, 90th(us): 112895, 95th(us): 118143, 99th(us): 127295, 99.9th(us): 136703, 99.99th(us): 145151
READ_ERROR - Takes(s): 339.7, Count: 2738, OPS: 8.1, Avg(us): 93484, Min(us): 42656, Max(us): 148735, 50th(us): 98367, 90th(us): 115327, 95th(us): 120319, 99th(us): 130367, 99.9th(us): 146687, 99.99th(us): 148735
TOTAL  - Takes(s): 339.9, Count: 20075, OPS: 59.1, Avg(us): 71907, Min(us): 38304, Max(us): 145535, 50th(us): 60831, 90th(us): 105791, 95th(us): 111807, 99th(us): 122879, 99.9th(us): 133247, 99.99th(us): 143231
UPDATE - Takes(s): 339.9, Count: 11398, OPS: 33.5, Avg(us): 56320, Min(us): 40960, Max(us): 89599, 50th(us): 55647, 90th(us): 64351, 95th(us): 67327, 99th(us): 74175, 99.9th(us): 81343, 99.99th(us): 89471
READ   - Takes(s): 349.9, Count: 8976, OPS: 25.7, Avg(us): 92323, Min(us): 38304, Max(us): 145535, 50th(us): 97087, 90th(us): 112703, 95th(us): 118015, 99th(us): 127295, 99.9th(us): 137087, 99.99th(us): 145151
READ_ERROR - Takes(s): 349.7, Count: 2777, OPS: 7.9, Avg(us): 93381, Min(us): 42656, Max(us): 148735, 50th(us): 98303, 90th(us): 115263, 95th(us): 120255, 99th(us): 130111, 99.9th(us): 146687, 99.99th(us): 148735
TOTAL  - Takes(s): 349.9, Count: 20723, OPS: 59.2, Avg(us): 71914, Min(us): 38304, Max(us): 145535, 50th(us): 60831, 90th(us): 105727, 95th(us): 111679, 99th(us): 122879, 99.9th(us): 133631, 99.99th(us): 143231
UPDATE - Takes(s): 349.9, Count: 11747, OPS: 33.6, Avg(us): 56320, Min(us): 40960, Max(us): 89599, 50th(us): 55647, 90th(us): 64351, 95th(us): 67327, 99th(us): 74239, 99.9th(us): 81343, 99.99th(us): 89471
READ   - Takes(s): 359.9, Count: 9283, OPS: 25.8, Avg(us): 92172, Min(us): 38304, Max(us): 145535, 50th(us): 96959, 90th(us): 112511, 95th(us): 117823, 99th(us): 127039, 99.9th(us): 137087, 99.99th(us): 145151
READ_ERROR - Takes(s): 359.7, Count: 2816, OPS: 7.8, Avg(us): 93352, Min(us): 42656, Max(us): 148735, 50th(us): 98175, 90th(us): 115135, 95th(us): 120255, 99th(us): 130111, 99.9th(us): 146687, 99.99th(us): 148735
TOTAL  - Takes(s): 359.9, Count: 21373, OPS: 59.4, Avg(us): 71890, Min(us): 38304, Max(us): 145535, 50th(us): 60863, 90th(us): 105535, 95th(us): 111551, 99th(us): 122815, 99.9th(us): 133631, 99.99th(us): 143231
UPDATE - Takes(s): 359.9, Count: 12090, OPS: 33.6, Avg(us): 56316, Min(us): 40960, Max(us): 89599, 50th(us): 55647, 90th(us): 64319, 95th(us): 67263, 99th(us): 74175, 99.9th(us): 81343, 99.99th(us): 89471
READ   - Takes(s): 369.9, Count: 9588, OPS: 25.9, Avg(us): 92115, Min(us): 38304, Max(us): 145535, 50th(us): 96895, 90th(us): 112383, 95th(us): 117695, 99th(us): 126847, 99.9th(us): 136703, 99.99th(us): 145151
READ_ERROR - Takes(s): 369.7, Count: 2854, OPS: 7.7, Avg(us): 93239, Min(us): 42656, Max(us): 148735, 50th(us): 98111, 90th(us): 115007, 95th(us): 120191, 99th(us): 130047, 99.9th(us): 146687, 99.99th(us): 148735
TOTAL  - Takes(s): 369.9, Count: 22024, OPS: 59.5, Avg(us): 71899, Min(us): 38304, Max(us): 145535, 50th(us): 60895, 90th(us): 105535, 95th(us): 111423, 99th(us): 122687, 99.9th(us): 133503, 99.99th(us): 143231
UPDATE - Takes(s): 369.9, Count: 12436, OPS: 33.6, Avg(us): 56312, Min(us): 40960, Max(us): 89599, 50th(us): 55647, 90th(us): 64319, 95th(us): 67263, 99th(us): 74047, 99.9th(us): 81343, 99.99th(us): 89471
READ   - Takes(s): 379.9, Count: 9896, OPS: 26.0, Avg(us): 91962, Min(us): 38304, Max(us): 145535, 50th(us): 96767, 90th(us): 112255, 95th(us): 117375, 99th(us): 126655, 99.9th(us): 136703, 99.99th(us): 145151
READ_ERROR - Takes(s): 379.7, Count: 2890, OPS: 7.6, Avg(us): 93073, Min(us): 42656, Max(us): 148735, 50th(us): 97919, 90th(us): 114879, 95th(us): 120191, 99th(us): 130047, 99.9th(us): 146687, 99.99th(us): 148735
TOTAL  - Takes(s): 379.9, Count: 22690, OPS: 59.7, Avg(us): 71862, Min(us): 38304, Max(us): 145535, 50th(us): 60895, 90th(us): 105407, 95th(us): 111295, 99th(us): 122431, 99.9th(us): 133247, 99.99th(us): 143231
UPDATE - Takes(s): 379.9, Count: 12794, OPS: 33.7, Avg(us): 56314, Min(us): 40960, Max(us): 89599, 50th(us): 55647, 90th(us): 64351, 95th(us): 67263, 99th(us): 74047, 99.9th(us): 81215, 99.99th(us): 89471
READ   - Takes(s): 389.9, Count: 10198, OPS: 26.2, Avg(us): 91923, Min(us): 38304, Max(us): 145535, 50th(us): 96767, 90th(us): 112127, 95th(us): 117311, 99th(us): 126527, 99.9th(us): 136703, 99.99th(us): 145151
READ_ERROR - Takes(s): 389.7, Count: 2929, OPS: 7.5, Avg(us): 93006, Min(us): 42656, Max(us): 148735, 50th(us): 97919, 90th(us): 114687, 95th(us): 120127, 99th(us): 130047, 99.9th(us): 146687, 99.99th(us): 148735
TOTAL  - Takes(s): 389.9, Count: 23343, OPS: 59.9, Avg(us): 71849, Min(us): 38304, Max(us): 145535, 50th(us): 60895, 90th(us): 105343, 95th(us): 111167, 99th(us): 122239, 99.9th(us): 133247, 99.99th(us): 143231
UPDATE - Takes(s): 389.9, Count: 13145, OPS: 33.7, Avg(us): 56275, Min(us): 40960, Max(us): 89599, 50th(us): 55583, 90th(us): 64319, 95th(us): 67199, 99th(us): 73983, 99.9th(us): 81215, 99.99th(us): 89471
READ   - Takes(s): 399.9, Count: 10474, OPS: 26.2, Avg(us): 91897, Min(us): 38304, Max(us): 145535, 50th(us): 96703, 90th(us): 112127, 95th(us): 117311, 99th(us): 126527, 99.9th(us): 137087, 99.99th(us): 145151
READ_ERROR - Takes(s): 399.7, Count: 2969, OPS: 7.4, Avg(us): 92953, Min(us): 42656, Max(us): 148735, 50th(us): 97855, 90th(us): 114687, 95th(us): 120063, 99th(us): 129855, 99.9th(us): 146687, 99.99th(us): 148735
TOTAL  - Takes(s): 399.9, Count: 23988, OPS: 60.0, Avg(us): 71848, Min(us): 38304, Max(us): 145535, 50th(us): 60927, 90th(us): 105343, 95th(us): 111167, 99th(us): 122239, 99.9th(us): 133631, 99.99th(us): 143231
UPDATE - Takes(s): 399.9, Count: 13514, OPS: 33.8, Avg(us): 56309, Min(us): 40960, Max(us): 89599, 50th(us): 55615, 90th(us): 64351, 95th(us): 67263, 99th(us): 74047, 99.9th(us): 81215, 99.99th(us): 89471
READ   - Takes(s): 409.9, Count: 10773, OPS: 26.3, Avg(us): 91800, Min(us): 38304, Max(us): 145535, 50th(us): 96639, 90th(us): 111999, 95th(us): 117183, 99th(us): 126271, 99.9th(us): 136703, 99.99th(us): 145151
READ_ERROR - Takes(s): 409.7, Count: 3017, OPS: 7.4, Avg(us): 92917, Min(us): 42336, Max(us): 148735, 50th(us): 97727, 90th(us): 114559, 95th(us): 120063, 99th(us): 129855, 99.9th(us): 146687, 99.99th(us): 148735
TOTAL  - Takes(s): 409.9, Count: 24629, OPS: 60.1, Avg(us): 71828, Min(us): 38304, Max(us): 145535, 50th(us): 60927, 90th(us): 105215, 95th(us): 111039, 99th(us): 122175, 99.9th(us): 133503, 99.99th(us): 143231
UPDATE - Takes(s): 409.9, Count: 13856, OPS: 33.8, Avg(us): 56301, Min(us): 40960, Max(us): 89599, 50th(us): 55615, 90th(us): 64383, 95th(us): 67263, 99th(us): 74047, 99.9th(us): 81215, 99.99th(us): 89471
READ   - Takes(s): 419.9, Count: 11096, OPS: 26.4, Avg(us): 91775, Min(us): 38304, Max(us): 145535, 50th(us): 96639, 90th(us): 111871, 95th(us): 116991, 99th(us): 126207, 99.9th(us): 136703, 99.99th(us): 145151
READ_ERROR - Takes(s): 419.7, Count: 3047, OPS: 7.3, Avg(us): 92858, Min(us): 42336, Max(us): 148735, 50th(us): 97599, 90th(us): 114431, 95th(us): 120063, 99th(us): 129855, 99.9th(us): 146687, 99.99th(us): 148735
TOTAL  - Takes(s): 419.9, Count: 25280, OPS: 60.2, Avg(us): 71860, Min(us): 38304, Max(us): 145535, 50th(us): 60927, 90th(us): 105151, 95th(us): 110847, 99th(us): 122111, 99.9th(us): 133503, 99.99th(us): 142591
UPDATE - Takes(s): 419.9, Count: 14184, OPS: 33.8, Avg(us): 56280, Min(us): 40960, Max(us): 89599, 50th(us): 55583, 90th(us): 64351, 95th(us): 67263, 99th(us): 74047, 99.9th(us): 81215, 99.99th(us): 89471
READ   - Takes(s): 429.9, Count: 11408, OPS: 26.5, Avg(us): 91690, Min(us): 38304, Max(us): 145535, 50th(us): 96511, 90th(us): 111743, 95th(us): 116863, 99th(us): 126143, 99.9th(us): 137087, 99.99th(us): 145151
READ_ERROR - Takes(s): 429.7, Count: 3091, OPS: 7.2, Avg(us): 92823, Min(us): 42336, Max(us): 148735, 50th(us): 97535, 90th(us): 114367, 95th(us): 119999, 99th(us): 129855, 99.9th(us): 146687, 99.99th(us): 148735
TOTAL  - Takes(s): 429.9, Count: 25921, OPS: 60.3, Avg(us): 71850, Min(us): 38304, Max(us): 145535, 50th(us): 60959, 90th(us): 104959, 95th(us): 110719, 99th(us): 122047, 99.9th(us): 133503, 99.99th(us): 143231
UPDATE - Takes(s): 429.9, Count: 14513, OPS: 33.8, Avg(us): 56254, Min(us): 40960, Max(us): 89599, 50th(us): 55551, 90th(us): 64319, 95th(us): 67199, 99th(us): 73983, 99.9th(us): 81215, 99.99th(us): 89471
READ   - Takes(s): 439.9, Count: 11716, OPS: 26.6, Avg(us): 91611, Min(us): 38304, Max(us): 145535, 50th(us): 96447, 90th(us): 111679, 95th(us): 116735, 99th(us): 126079, 99.9th(us): 136703, 99.99th(us): 145151
READ_ERROR - Takes(s): 439.7, Count: 3120, OPS: 7.1, Avg(us): 92815, Min(us): 42336, Max(us): 148735, 50th(us): 97535, 90th(us): 114303, 95th(us): 119999, 99th(us): 129855, 99.9th(us): 146687, 99.99th(us): 148735
TOTAL  - Takes(s): 439.9, Count: 26594, OPS: 60.4, Avg(us): 71817, Min(us): 38304, Max(us): 145535, 50th(us): 60927, 90th(us): 104831, 95th(us): 110591, 99th(us): 122047, 99.9th(us): 133503, 99.99th(us): 143231
UPDATE - Takes(s): 439.9, Count: 14878, OPS: 33.8, Avg(us): 56229, Min(us): 40960, Max(us): 89599, 50th(us): 55487, 90th(us): 64319, 95th(us): 67199, 99th(us): 73919, 99.9th(us): 81215, 99.99th(us): 89471
READ   - Takes(s): 449.9, Count: 12028, OPS: 26.7, Avg(us): 91546, Min(us): 38304, Max(us): 145535, 50th(us): 96383, 90th(us): 111551, 95th(us): 116671, 99th(us): 125951, 99.9th(us): 136703, 99.99th(us): 145151
READ_ERROR - Takes(s): 449.7, Count: 3158, OPS: 7.0, Avg(us): 92752, Min(us): 42336, Max(us): 148735, 50th(us): 97535, 90th(us): 114175, 95th(us): 119935, 99th(us): 129855, 99.9th(us): 146687, 99.99th(us): 148735
TOTAL  - Takes(s): 449.9, Count: 27268, OPS: 60.6, Avg(us): 71755, Min(us): 38304, Max(us): 145535, 50th(us): 60863, 90th(us): 104703, 95th(us): 110463, 99th(us): 121791, 99.9th(us): 133503, 99.99th(us): 143231
UPDATE - Takes(s): 449.9, Count: 15240, OPS: 33.9, Avg(us): 56136, Min(us): 40960, Max(us): 89599, 50th(us): 55359, 90th(us): 64255, 95th(us): 67135, 99th(us): 73983, 99.9th(us): 81663, 99.99th(us): 89151
READ   - Takes(s): 459.9, Count: 12330, OPS: 26.8, Avg(us): 91541, Min(us): 38304, Max(us): 145535, 50th(us): 96383, 90th(us): 111551, 95th(us): 116671, 99th(us): 125887, 99.9th(us): 136703, 99.99th(us): 145151
READ_ERROR - Takes(s): 459.7, Count: 3196, OPS: 7.0, Avg(us): 92753, Min(us): 42336, Max(us): 148735, 50th(us): 97535, 90th(us): 114175, 95th(us): 119871, 99th(us): 129855, 99.9th(us): 146687, 99.99th(us): 148735
TOTAL  - Takes(s): 459.9, Count: 27900, OPS: 60.7, Avg(us): 71792, Min(us): 38304, Max(us): 145535, 50th(us): 60895, 90th(us): 104703, 95th(us): 110527, 99th(us): 121727, 99.9th(us): 133503, 99.99th(us): 143231
UPDATE - Takes(s): 459.9, Count: 15570, OPS: 33.9, Avg(us): 56153, Min(us): 40960, Max(us): 92863, 50th(us): 55391, 90th(us): 64287, 95th(us): 67199, 99th(us): 73983, 99.9th(us): 81727, 99.99th(us): 89599
READ   - Takes(s): 469.9, Count: 12638, OPS: 26.9, Avg(us): 91556, Min(us): 38304, Max(us): 145535, 50th(us): 96383, 90th(us): 111551, 95th(us): 116607, 99th(us): 125759, 99.9th(us): 136575, 99.99th(us): 145151
READ_ERROR - Takes(s): 469.7, Count: 3226, OPS: 6.9, Avg(us): 92794, Min(us): 42336, Max(us): 148735, 50th(us): 97535, 90th(us): 114111, 95th(us): 119871, 99th(us): 129855, 99.9th(us): 146687, 99.99th(us): 148735
TOTAL  - Takes(s): 469.9, Count: 28538, OPS: 60.7, Avg(us): 71833, Min(us): 38304, Max(us): 145535, 50th(us): 60927, 90th(us): 104703, 95th(us): 110463, 99th(us): 121727, 99.9th(us): 133247, 99.99th(us): 143231
UPDATE - Takes(s): 469.9, Count: 15900, OPS: 33.8, Avg(us): 56156, Min(us): 40960, Max(us): 92863, 50th(us): 55391, 90th(us): 64255, 95th(us): 67199, 99th(us): 73983, 99.9th(us): 81727, 99.99th(us): 89599
READ   - Takes(s): 479.9, Count: 12963, OPS: 27.0, Avg(us): 91538, Min(us): 38304, Max(us): 145535, 50th(us): 96383, 90th(us): 111487, 95th(us): 116479, 99th(us): 125695, 99.9th(us): 136575, 99.99th(us): 145151
READ_ERROR - Takes(s): 479.7, Count: 3267, OPS: 6.8, Avg(us): 92786, Min(us): 42336, Max(us): 148735, 50th(us): 97535, 90th(us): 114111, 95th(us): 119871, 99th(us): 129855, 99.9th(us): 146687, 99.99th(us): 148735
TOTAL  - Takes(s): 479.9, Count: 29170, OPS: 60.8, Avg(us): 71866, Min(us): 38304, Max(us): 145535, 50th(us): 60959, 90th(us): 104639, 95th(us): 110463, 99th(us): 121535, 99.9th(us): 133247, 99.99th(us): 143231
UPDATE - Takes(s): 479.9, Count: 16207, OPS: 33.8, Avg(us): 56131, Min(us): 40064, Max(us): 92863, 50th(us): 55359, 90th(us): 64223, 95th(us): 67199, 99th(us): 73983, 99.9th(us): 82175, 99.99th(us): 89599
READ   - Takes(s): 489.9, Count: 13265, OPS: 27.1, Avg(us): 91554, Min(us): 38304, Max(us): 145535, 50th(us): 96383, 90th(us): 111551, 95th(us): 116479, 99th(us): 125951, 99.9th(us): 137087, 99.99th(us): 145151
READ_ERROR - Takes(s): 489.7, Count: 3302, OPS: 6.7, Avg(us): 92782, Min(us): 42336, Max(us): 148735, 50th(us): 97535, 90th(us): 114111, 95th(us): 119743, 99th(us): 129855, 99.9th(us): 146687, 99.99th(us): 148735
TOTAL  - Takes(s): 489.9, Count: 29814, OPS: 60.9, Avg(us): 71876, Min(us): 38304, Max(us): 145535, 50th(us): 60927, 90th(us): 104703, 95th(us): 110527, 99th(us): 121663, 99.9th(us): 133503, 99.99th(us): 143231
UPDATE - Takes(s): 489.9, Count: 16549, OPS: 33.8, Avg(us): 56102, Min(us): 40064, Max(us): 92863, 50th(us): 55295, 90th(us): 64223, 95th(us): 67199, 99th(us): 73983, 99.9th(us): 81727, 99.99th(us): 89599
READ   - Takes(s): 499.9, Count: 13572, OPS: 27.1, Avg(us): 91611, Min(us): 38304, Max(us): 145535, 50th(us): 96511, 90th(us): 111615, 95th(us): 116543, 99th(us): 126079, 99.9th(us): 137087, 99.99th(us): 145151
READ_ERROR - Takes(s): 499.7, Count: 3336, OPS: 6.7, Avg(us): 92781, Min(us): 42336, Max(us): 148735, 50th(us): 97535, 90th(us): 114111, 95th(us): 119807, 99th(us): 129855, 99.9th(us): 146687, 99.99th(us): 148735
TOTAL  - Takes(s): 499.9, Count: 30445, OPS: 60.9, Avg(us): 71924, Min(us): 38304, Max(us): 145535, 50th(us): 60959, 90th(us): 104895, 95th(us): 110655, 99th(us): 121855, 99.9th(us): 134143, 99.99th(us): 144255
UPDATE - Takes(s): 499.9, Count: 16873, OPS: 33.7, Avg(us): 56089, Min(us): 40064, Max(us): 92863, 50th(us): 55295, 90th(us): 64255, 95th(us): 67263, 99th(us): 73855, 99.9th(us): 81727, 99.99th(us): 89599
READ   - Takes(s): 509.9, Count: 13859, OPS: 27.2, Avg(us): 91639, Min(us): 38304, Max(us): 145535, 50th(us): 96511, 90th(us): 111743, 95th(us): 116735, 99th(us): 126335, 99.9th(us): 137087, 99.99th(us): 145151
READ_ERROR - Takes(s): 509.7, Count: 3370, OPS: 6.6, Avg(us): 92795, Min(us): 42336, Max(us): 148735, 50th(us): 97599, 90th(us): 114175, 95th(us): 119871, 99th(us): 129727, 99.9th(us): 146687, 99.99th(us): 148735
TOTAL  - Takes(s): 509.9, Count: 31081, OPS: 60.9, Avg(us): 71964, Min(us): 38304, Max(us): 145535, 50th(us): 60991, 90th(us): 104959, 95th(us): 110719, 99th(us): 122047, 99.9th(us): 134271, 99.99th(us): 144255
UPDATE - Takes(s): 509.9, Count: 17222, OPS: 33.8, Avg(us): 56132, Min(us): 40064, Max(us): 92863, 50th(us): 55327, 90th(us): 64319, 95th(us): 67391, 99th(us): 74175, 99.9th(us): 82559, 99.99th(us): 92543
READ   - Takes(s): 519.9, Count: 14157, OPS: 27.2, Avg(us): 91652, Min(us): 38304, Max(us): 145535, 50th(us): 96511, 90th(us): 111743, 95th(us): 116735, 99th(us): 126271, 99.9th(us): 137215, 99.99th(us): 145151
READ_ERROR - Takes(s): 519.7, Count: 3392, OPS: 6.5, Avg(us): 92798, Min(us): 42336, Max(us): 148735, 50th(us): 97599, 90th(us): 114111, 95th(us): 119743, 99th(us): 129727, 99.9th(us): 146687, 99.99th(us): 148735
TOTAL  - Takes(s): 519.9, Count: 31739, OPS: 61.0, Avg(us): 71982, Min(us): 38304, Max(us): 145535, 50th(us): 60991, 90th(us): 105023, 95th(us): 110719, 99th(us): 122047, 99.9th(us): 134271, 99.99th(us): 144255
UPDATE - Takes(s): 519.9, Count: 17582, OPS: 33.8, Avg(us): 56143, Min(us): 40064, Max(us): 92863, 50th(us): 55327, 90th(us): 64319, 95th(us): 67455, 99th(us): 74175, 99.9th(us): 82239, 99.99th(us): 92543
READ   - Takes(s): 529.9, Count: 14462, OPS: 27.3, Avg(us): 91613, Min(us): 38304, Max(us): 145535, 50th(us): 96511, 90th(us): 111615, 95th(us): 116607, 99th(us): 126143, 99.9th(us): 137215, 99.99th(us): 145151
READ_ERROR - Takes(s): 529.7, Count: 3422, OPS: 6.5, Avg(us): 92783, Min(us): 42336, Max(us): 148735, 50th(us): 97599, 90th(us): 114111, 95th(us): 119743, 99th(us): 129727, 99.9th(us): 146687, 99.99th(us): 148735
TOTAL  - Takes(s): 529.9, Count: 32397, OPS: 61.1, Avg(us): 71979, Min(us): 38304, Max(us): 145535, 50th(us): 60991, 90th(us): 104959, 95th(us): 110655, 99th(us): 121855, 99.9th(us): 134271, 99.99th(us): 144255
UPDATE - Takes(s): 529.9, Count: 17935, OPS: 33.8, Avg(us): 56146, Min(us): 40064, Max(us): 92863, 50th(us): 55327, 90th(us): 64319, 95th(us): 67391, 99th(us): 74175, 99.9th(us): 82239, 99.99th(us): 92543
READ   - Takes(s): 539.9, Count: 14791, OPS: 27.4, Avg(us): 91563, Min(us): 38304, Max(us): 145535, 50th(us): 96447, 90th(us): 111615, 95th(us): 116543, 99th(us): 126079, 99.9th(us): 137087, 99.99th(us): 145151
READ_ERROR - Takes(s): 539.7, Count: 3449, OPS: 6.4, Avg(us): 92769, Min(us): 42336, Max(us): 148735, 50th(us): 97599, 90th(us): 113983, 95th(us): 119679, 99th(us): 129727, 99.9th(us): 146687, 99.99th(us): 148735
TOTAL  - Takes(s): 539.9, Count: 33056, OPS: 61.2, Avg(us): 71981, Min(us): 38304, Max(us): 145535, 50th(us): 61023, 90th(us): 104895, 95th(us): 110591, 99th(us): 121727, 99.9th(us): 134271, 99.99th(us): 144255
UPDATE - Takes(s): 539.9, Count: 18265, OPS: 33.8, Avg(us): 56123, Min(us): 40064, Max(us): 92863, 50th(us): 55327, 90th(us): 64287, 95th(us): 67327, 99th(us): 74111, 99.9th(us): 82239, 99.99th(us): 92543
READ   - Takes(s): 549.9, Count: 15097, OPS: 27.5, Avg(us): 91581, Min(us): 38304, Max(us): 145535, 50th(us): 96447, 90th(us): 111615, 95th(us): 116543, 99th(us): 125951, 99.9th(us): 137087, 99.99th(us): 144511
READ_ERROR - Takes(s): 549.7, Count: 3480, OPS: 6.3, Avg(us): 92741, Min(us): 42336, Max(us): 148735, 50th(us): 97535, 90th(us): 113983, 95th(us): 119615, 99th(us): 129663, 99.9th(us): 146687, 99.99th(us): 148735
TOTAL  - Takes(s): 549.9, Count: 33690, OPS: 61.3, Avg(us): 72024, Min(us): 38304, Max(us): 145535, 50th(us): 61023, 90th(us): 104895, 95th(us): 110591, 99th(us): 121727, 99.9th(us): 134143, 99.99th(us): 144255
UPDATE - Takes(s): 549.9, Count: 18593, OPS: 33.8, Avg(us): 56144, Min(us): 40064, Max(us): 92863, 50th(us): 55327, 90th(us): 64319, 95th(us): 67391, 99th(us): 74111, 99.9th(us): 82239, 99.99th(us): 92543
READ   - Takes(s): 559.9, Count: 15431, OPS: 27.6, Avg(us): 91527, Min(us): 38304, Max(us): 145535, 50th(us): 96383, 90th(us): 111551, 95th(us): 116479, 99th(us): 126015, 99.9th(us): 137087, 99.99th(us): 144511
READ_ERROR - Takes(s): 559.7, Count: 3506, OPS: 6.3, Avg(us): 92731, Min(us): 42336, Max(us): 148735, 50th(us): 97535, 90th(us): 113919, 95th(us): 119615, 99th(us): 129663, 99.9th(us): 145279, 99.99th(us): 148735
TOTAL  - Takes(s): 559.9, Count: 34344, OPS: 61.3, Avg(us): 72042, Min(us): 38304, Max(us): 145535, 50th(us): 61087, 90th(us): 104895, 95th(us): 110591, 99th(us): 121727, 99.9th(us): 134143, 99.99th(us): 144255
UPDATE - Takes(s): 560.0, Count: 18913, OPS: 33.8, Avg(us): 56145, Min(us): 40064, Max(us): 92863, 50th(us): 55327, 90th(us): 64319, 95th(us): 67391, 99th(us): 74047, 99.9th(us): 82239, 99.99th(us): 92543
READ   - Takes(s): 569.9, Count: 15743, OPS: 27.6, Avg(us): 91546, Min(us): 38304, Max(us): 145535, 50th(us): 96383, 90th(us): 111551, 95th(us): 116479, 99th(us): 126079, 99.9th(us): 136959, 99.99th(us): 144511
READ_ERROR - Takes(s): 569.7, Count: 3535, OPS: 6.2, Avg(us): 92776, Min(us): 42336, Max(us): 148735, 50th(us): 97599, 90th(us): 113919, 95th(us): 119615, 99th(us): 129855, 99.9th(us): 145279, 99.99th(us): 148735
TOTAL  - Takes(s): 569.9, Count: 34964, OPS: 61.3, Avg(us): 72112, Min(us): 38304, Max(us): 145535, 50th(us): 61183, 90th(us): 104959, 95th(us): 110655, 99th(us): 121727, 99.9th(us): 134015, 99.99th(us): 144255
UPDATE - Takes(s): 569.9, Count: 19221, OPS: 33.7, Avg(us): 56194, Min(us): 40064, Max(us): 92863, 50th(us): 55391, 90th(us): 64415, 95th(us): 67583, 99th(us): 74303, 99.9th(us): 82559, 99.99th(us): 92543
READ   - Takes(s): 579.9, Count: 16057, OPS: 27.7, Avg(us): 91510, Min(us): 38304, Max(us): 145535, 50th(us): 96383, 90th(us): 111551, 95th(us): 116415, 99th(us): 125951, 99.9th(us): 136959, 99.99th(us): 144511
READ_ERROR - Takes(s): 579.7, Count: 3566, OPS: 6.2, Avg(us): 92751, Min(us): 42336, Max(us): 148735, 50th(us): 97599, 90th(us): 113855, 95th(us): 119615, 99th(us): 129727, 99.9th(us): 145279, 99.99th(us): 148735
TOTAL  - Takes(s): 579.9, Count: 35623, OPS: 61.4, Avg(us): 72106, Min(us): 38304, Max(us): 145535, 50th(us): 61183, 90th(us): 104895, 95th(us): 110591, 99th(us): 121663, 99.9th(us): 133631, 99.99th(us): 143231
UPDATE - Takes(s): 579.9, Count: 19566, OPS: 33.7, Avg(us): 56182, Min(us): 40064, Max(us): 92863, 50th(us): 55359, 90th(us): 64383, 95th(us): 67583, 99th(us): 74239, 99.9th(us): 82239, 99.99th(us): 92543
READ   - Takes(s): 589.9, Count: 16386, OPS: 27.8, Avg(us): 91484, Min(us): 38304, Max(us): 145535, 50th(us): 96319, 90th(us): 111487, 95th(us): 116415, 99th(us): 125887, 99.9th(us): 136959, 99.99th(us): 144511
READ_ERROR - Takes(s): 589.7, Count: 3586, OPS: 6.1, Avg(us): 92763, Min(us): 42336, Max(us): 148735, 50th(us): 97599, 90th(us): 113919, 95th(us): 119615, 99th(us): 129727, 99.9th(us): 145279, 99.99th(us): 148735
TOTAL  - Takes(s): 589.9, Count: 36280, OPS: 61.5, Avg(us): 72124, Min(us): 38304, Max(us): 145535, 50th(us): 61215, 90th(us): 104895, 95th(us): 110591, 99th(us): 121599, 99.9th(us): 134015, 99.99th(us): 143231
UPDATE - Takes(s): 589.9, Count: 19894, OPS: 33.7, Avg(us): 56177, Min(us): 40064, Max(us): 92863, 50th(us): 55359, 90th(us): 64415, 95th(us): 67583, 99th(us): 74431, 99.9th(us): 82239, 99.99th(us): 92543
READ   - Takes(s): 599.9, Count: 16708, OPS: 27.8, Avg(us): 91369, Min(us): 38304, Max(us): 145535, 50th(us): 96191, 90th(us): 111359, 95th(us): 116351, 99th(us): 125759, 99.9th(us): 136831, 99.99th(us): 144511
READ_ERROR - Takes(s): 599.7, Count: 3612, OPS: 6.0, Avg(us): 92667, Min(us): 42336, Max(us): 148735, 50th(us): 97535, 90th(us): 113855, 95th(us): 119551, 99th(us): 129727, 99.9th(us): 145279, 99.99th(us): 148735
TOTAL  - Takes(s): 599.9, Count: 36969, OPS: 61.6, Avg(us): 72076, Min(us): 38304, Max(us): 145535, 50th(us): 61215, 90th(us): 104767, 95th(us): 110527, 99th(us): 121471, 99.9th(us): 133631, 99.99th(us): 143231
UPDATE - Takes(s): 599.9, Count: 20261, OPS: 33.8, Avg(us): 56167, Min(us): 40064, Max(us): 92863, 50th(us): 55359, 90th(us): 64415, 95th(us): 67647, 99th(us): 74431, 99.9th(us): 82559, 99.99th(us): 92543
READ   - Takes(s): 609.9, Count: 17040, OPS: 27.9, Avg(us): 91351, Min(us): 38304, Max(us): 145535, 50th(us): 96191, 90th(us): 111295, 95th(us): 116287, 99th(us): 125823, 99.9th(us): 136959, 99.99th(us): 144511
READ_ERROR - Takes(s): 609.7, Count: 3631, OPS: 6.0, Avg(us): 92689, Min(us): 42336, Max(us): 148735, 50th(us): 97535, 90th(us): 113855, 95th(us): 119551, 99th(us): 129727, 99.9th(us): 145279, 99.99th(us): 148735
TOTAL  - Takes(s): 609.9, Count: 37628, OPS: 61.7, Avg(us): 72095, Min(us): 38304, Max(us): 145535, 50th(us): 61247, 90th(us): 104639, 95th(us): 110463, 99th(us): 121471, 99.9th(us): 133631, 99.99th(us): 143231
UPDATE - Takes(s): 609.9, Count: 20588, OPS: 33.8, Avg(us): 56158, Min(us): 40064, Max(us): 92863, 50th(us): 55327, 90th(us): 64447, 95th(us): 67647, 99th(us): 74495, 99.9th(us): 82239, 99.99th(us): 92543
READ   - Takes(s): 619.9, Count: 17374, OPS: 28.0, Avg(us): 91206, Min(us): 38304, Max(us): 145535, 50th(us): 96063, 90th(us): 111167, 95th(us): 116159, 99th(us): 125695, 99.9th(us): 136959, 99.99th(us): 144511
READ_ERROR - Takes(s): 619.7, Count: 3659, OPS: 5.9, Avg(us): 92642, Min(us): 42336, Max(us): 148735, 50th(us): 97471, 90th(us): 113727, 95th(us): 119423, 99th(us): 129663, 99.9th(us): 145279, 99.99th(us): 148735
TOTAL  - Takes(s): 619.9, Count: 38354, OPS: 61.9, Avg(us): 71969, Min(us): 38304, Max(us): 145535, 50th(us): 61151, 90th(us): 104511, 95th(us): 110335, 99th(us): 121343, 99.9th(us): 133631, 99.99th(us): 143231
UPDATE - Takes(s): 619.9, Count: 20980, OPS: 33.8, Avg(us): 56038, Min(us): 40064, Max(us): 92863, 50th(us): 55199, 90th(us): 64351, 95th(us): 67647, 99th(us): 74431, 99.9th(us): 82239, 99.99th(us): 92543
READ   - Takes(s): 629.9, Count: 17690, OPS: 28.1, Avg(us): 91197, Min(us): 38304, Max(us): 145535, 50th(us): 96063, 90th(us): 111167, 95th(us): 116223, 99th(us): 125631, 99.9th(us): 136831, 99.99th(us): 144511
READ_ERROR - Takes(s): 629.7, Count: 3686, OPS: 5.9, Avg(us): 92618, Min(us): 42336, Max(us): 148735, 50th(us): 97471, 90th(us): 113727, 95th(us): 119423, 99th(us): 129663, 99.9th(us): 145279, 99.99th(us): 148735
TOTAL  - Takes(s): 629.9, Count: 39039, OPS: 62.0, Avg(us): 71928, Min(us): 38304, Max(us): 145535, 50th(us): 61055, 90th(us): 104511, 95th(us): 110335, 99th(us): 121343, 99.9th(us): 133631, 99.99th(us): 143231
UPDATE - Takes(s): 629.9, Count: 21349, OPS: 33.9, Avg(us): 55961, Min(us): 38880, Max(us): 92863, 50th(us): 55103, 90th(us): 64287, 95th(us): 67519, 99th(us): 74367, 99.9th(us): 82239, 99.99th(us): 92543
READ   - Takes(s): 639.9, Count: 18026, OPS: 28.2, Avg(us): 91056, Min(us): 38304, Max(us): 145535, 50th(us): 95935, 90th(us): 111039, 95th(us): 116095, 99th(us): 125631, 99.9th(us): 136831, 99.99th(us): 144511
READ_ERROR - Takes(s): 639.7, Count: 3710, OPS: 5.8, Avg(us): 92550, Min(us): 42336, Max(us): 148735, 50th(us): 97471, 90th(us): 113663, 95th(us): 119359, 99th(us): 129663, 99.9th(us): 145279, 99.99th(us): 148735
TOTAL  - Takes(s): 639.9, Count: 39780, OPS: 62.2, Avg(us): 71795, Min(us): 38304, Max(us): 145535, 50th(us): 60927, 90th(us): 104383, 95th(us): 110207, 99th(us): 121151, 99.9th(us): 133503, 99.99th(us): 143231
UPDATE - Takes(s): 640.0, Count: 21754, OPS: 34.0, Avg(us): 55835, Min(us): 38880, Max(us): 92863, 50th(us): 54975, 90th(us): 64223, 95th(us): 67455, 99th(us): 74175, 99.9th(us): 82239, 99.99th(us): 92543
READ   - Takes(s): 649.9, Count: 18371, OPS: 28.3, Avg(us): 90961, Min(us): 38304, Max(us): 145535, 50th(us): 95807, 90th(us): 110911, 95th(us): 116031, 99th(us): 125375, 99.9th(us): 136831, 99.99th(us): 144511
READ_ERROR - Takes(s): 649.7, Count: 3725, OPS: 5.7, Avg(us): 92519, Min(us): 42336, Max(us): 148735, 50th(us): 97471, 90th(us): 113663, 95th(us): 119231, 99th(us): 129663, 99.9th(us): 145279, 99.99th(us): 148735
TOTAL  - Takes(s): 649.9, Count: 40480, OPS: 62.3, Avg(us): 71758, Min(us): 38304, Max(us): 145535, 50th(us): 60927, 90th(us): 104319, 95th(us): 110143, 99th(us): 121151, 99.9th(us): 133503, 99.99th(us): 143231
UPDATE - Takes(s): 649.9, Count: 22109, OPS: 34.0, Avg(us): 55801, Min(us): 38880, Max(us): 92863, 50th(us): 54943, 90th(us): 64159, 95th(us): 67391, 99th(us): 74175, 99.9th(us): 82239, 99.99th(us): 92543
READ   - Takes(s): 659.9, Count: 18723, OPS: 28.4, Avg(us): 90876, Min(us): 38304, Max(us): 145535, 50th(us): 95679, 90th(us): 110783, 95th(us): 115967, 99th(us): 125311, 99.9th(us): 136703, 99.99th(us): 144511
READ_ERROR - Takes(s): 659.7, Count: 3738, OPS: 5.7, Avg(us): 92487, Min(us): 42336, Max(us): 148735, 50th(us): 97407, 90th(us): 113599, 95th(us): 119231, 99th(us): 129663, 99.9th(us): 145279, 99.99th(us): 148735
TOTAL  - Takes(s): 659.9, Count: 41169, OPS: 62.4, Avg(us): 71743, Min(us): 38304, Max(us): 145535, 50th(us): 60927, 90th(us): 104255, 95th(us): 110015, 99th(us): 121087, 99.9th(us): 133503, 99.99th(us): 143231
UPDATE - Takes(s): 659.9, Count: 22446, OPS: 34.0, Avg(us): 55784, Min(us): 38880, Max(us): 92863, 50th(us): 54943, 90th(us): 64159, 95th(us): 67327, 99th(us): 74111, 99.9th(us): 82239, 99.99th(us): 92543
READ   - Takes(s): 669.9, Count: 19038, OPS: 28.4, Avg(us): 90852, Min(us): 38304, Max(us): 145535, 50th(us): 95615, 90th(us): 110719, 95th(us): 115903, 99th(us): 125311, 99.9th(us): 136703, 99.99th(us): 144511
READ_ERROR - Takes(s): 669.7, Count: 3758, OPS: 5.6, Avg(us): 92443, Min(us): 42336, Max(us): 148735, 50th(us): 97343, 90th(us): 113599, 95th(us): 119167, 99th(us): 129663, 99.9th(us): 145279, 99.99th(us): 148735
TOTAL  - Takes(s): 669.9, Count: 41839, OPS: 62.5, Avg(us): 71745, Min(us): 38304, Max(us): 145535, 50th(us): 60927, 90th(us): 104191, 95th(us): 109951, 99th(us): 121087, 99.9th(us): 133375, 99.99th(us): 143231
UPDATE - Takes(s): 669.9, Count: 22801, OPS: 34.0, Avg(us): 55791, Min(us): 38880, Max(us): 92863, 50th(us): 54943, 90th(us): 64159, 95th(us): 67327, 99th(us): 74111, 99.9th(us): 82175, 99.99th(us): 92543
READ   - Takes(s): 679.9, Count: 19378, OPS: 28.5, Avg(us): 90743, Min(us): 38304, Max(us): 145535, 50th(us): 95487, 90th(us): 110591, 95th(us): 115839, 99th(us): 125119, 99.9th(us): 136703, 99.99th(us): 144511
READ_ERROR - Takes(s): 679.7, Count: 3788, OPS: 5.6, Avg(us): 92430, Min(us): 42336, Max(us): 148735, 50th(us): 97279, 90th(us): 113535, 95th(us): 119167, 99th(us): 129663, 99.9th(us): 145279, 99.99th(us): 148735
TOTAL  - Takes(s): 679.9, Count: 42523, OPS: 62.5, Avg(us): 71707, Min(us): 38304, Max(us): 145535, 50th(us): 60927, 90th(us): 104063, 95th(us): 109887, 99th(us): 121023, 99.9th(us): 133247, 99.99th(us): 143231
UPDATE - Takes(s): 679.9, Count: 23145, OPS: 34.0, Avg(us): 55770, Min(us): 38880, Max(us): 92863, 50th(us): 54943, 90th(us): 64127, 95th(us): 67327, 99th(us): 74111, 99.9th(us): 82175, 99.99th(us): 92543
READ   - Takes(s): 689.9, Count: 19715, OPS: 28.6, Avg(us): 90669, Min(us): 38304, Max(us): 145535, 50th(us): 95423, 90th(us): 110527, 95th(us): 115775, 99th(us): 125055, 99.9th(us): 136575, 99.99th(us): 144511
READ_ERROR - Takes(s): 689.7, Count: 3805, OPS: 5.5, Avg(us): 92395, Min(us): 42336, Max(us): 148735, 50th(us): 97279, 90th(us): 113535, 95th(us): 119167, 99th(us): 129663, 99.9th(us): 145279, 99.99th(us): 148735
TOTAL  - Takes(s): 689.9, Count: 43211, OPS: 62.6, Avg(us): 71687, Min(us): 38304, Max(us): 145535, 50th(us): 60959, 90th(us): 103999, 95th(us): 109759, 99th(us): 120959, 99.9th(us): 133247, 99.99th(us): 143231
UPDATE - Takes(s): 689.9, Count: 23496, OPS: 34.1, Avg(us): 55759, Min(us): 38880, Max(us): 92863, 50th(us): 54911, 90th(us): 64127, 95th(us): 67263, 99th(us): 74047, 99.9th(us): 82175, 99.99th(us): 92543
READ   - Takes(s): 699.9, Count: 20048, OPS: 28.6, Avg(us): 90536, Min(us): 38304, Max(us): 145535, 50th(us): 95295, 90th(us): 110399, 95th(us): 115711, 99th(us): 124991, 99.9th(us): 136575, 99.99th(us): 144511
READ_ERROR - Takes(s): 699.7, Count: 3826, OPS: 5.5, Avg(us): 92346, Min(us): 41888, Max(us): 148735, 50th(us): 97215, 90th(us): 113407, 95th(us): 118975, 99th(us): 129663, 99.9th(us): 145279, 99.99th(us): 148735
TOTAL  - Takes(s): 699.9, Count: 43934, OPS: 62.8, Avg(us): 71605, Min(us): 38304, Max(us): 145535, 50th(us): 60895, 90th(us): 103807, 95th(us): 109631, 99th(us): 120767, 99.9th(us): 133247, 99.99th(us): 143231
UPDATE - Takes(s): 699.9, Count: 23886, OPS: 34.1, Avg(us): 55716, Min(us): 38880, Max(us): 92863, 50th(us): 54879, 90th(us): 64063, 95th(us): 67199, 99th(us): 73855, 99.9th(us): 82175, 99.99th(us): 92543
READ   - Takes(s): 709.9, Count: 20373, OPS: 28.7, Avg(us): 90439, Min(us): 38304, Max(us): 145535, 50th(us): 95167, 90th(us): 110271, 95th(us): 115519, 99th(us): 124927, 99.9th(us): 136575, 99.99th(us): 144511
READ_ERROR - Takes(s): 709.7, Count: 3857, OPS: 5.4, Avg(us): 92339, Min(us): 41888, Max(us): 148735, 50th(us): 97215, 90th(us): 113343, 95th(us): 118847, 99th(us): 129663, 99.9th(us): 145279, 99.99th(us): 148735
TOTAL  - Takes(s): 709.9, Count: 44631, OPS: 62.9, Avg(us): 71545, Min(us): 38304, Max(us): 145535, 50th(us): 60863, 90th(us): 103679, 95th(us): 109503, 99th(us): 120703, 99.9th(us): 133119, 99.99th(us): 143231
UPDATE - Takes(s): 709.9, Count: 24258, OPS: 34.2, Avg(us): 55677, Min(us): 38880, Max(us): 92863, 50th(us): 54847, 90th(us): 64031, 95th(us): 67199, 99th(us): 73791, 99.9th(us): 82175, 99.99th(us): 92543
READ   - Takes(s): 719.9, Count: 20692, OPS: 28.7, Avg(us): 90499, Min(us): 38304, Max(us): 145535, 50th(us): 95167, 90th(us): 110399, 95th(us): 115775, 99th(us): 125439, 99.9th(us): 136575, 99.99th(us): 144511
READ_ERROR - Takes(s): 719.7, Count: 3874, OPS: 5.4, Avg(us): 92349, Min(us): 41888, Max(us): 148735, 50th(us): 97215, 90th(us): 113343, 95th(us): 118847, 99th(us): 129663, 99.9th(us): 145279, 99.99th(us): 148735
TOTAL  - Takes(s): 719.9, Count: 45260, OPS: 62.9, Avg(us): 71617, Min(us): 38304, Max(us): 145535, 50th(us): 60959, 90th(us): 103743, 95th(us): 109631, 99th(us): 121023, 99.9th(us): 133247, 99.99th(us): 142591
UPDATE - Takes(s): 719.9, Count: 24568, OPS: 34.1, Avg(us): 55713, Min(us): 38880, Max(us): 92863, 50th(us): 54879, 90th(us): 64095, 95th(us): 67263, 99th(us): 74111, 99.9th(us): 82175, 99.99th(us): 92543
READ   - Takes(s): 729.9, Count: 21003, OPS: 28.8, Avg(us): 90440, Min(us): 38304, Max(us): 145535, 50th(us): 95103, 90th(us): 110399, 95th(us): 115711, 99th(us): 125375, 99.9th(us): 136575, 99.99th(us): 144511
READ_ERROR - Takes(s): 729.7, Count: 3890, OPS: 5.3, Avg(us): 92374, Min(us): 41888, Max(us): 148735, 50th(us): 97215, 90th(us): 113407, 95th(us): 118911, 99th(us): 129663, 99.9th(us): 145279, 99.99th(us): 148735
TOTAL  - Takes(s): 729.9, Count: 45928, OPS: 62.9, Avg(us): 71589, Min(us): 38304, Max(us): 145535, 50th(us): 60927, 90th(us): 103743, 95th(us): 109631, 99th(us): 121023, 99.9th(us): 133247, 99.99th(us): 142591
UPDATE - Takes(s): 729.9, Count: 24925, OPS: 34.1, Avg(us): 55704, Min(us): 38880, Max(us): 92863, 50th(us): 54847, 90th(us): 64095, 95th(us): 67263, 99th(us): 74047, 99.9th(us): 82175, 99.99th(us): 92543
**********************************************
Run finished, takes 12m14.547989388s
READ   - Takes(s): 734.5, Count: 21099, OPS: 28.7, Avg(us): 90364, Min(us): 38304, Max(us): 145535, 50th(us): 95103, 90th(us): 110335, 95th(us): 115711, 99th(us): 125375, 99.9th(us): 136575, 99.99th(us): 144511
READ_ERROR - Takes(s): 734.3, Count: 3893, OPS: 5.3, Avg(us): 92349, Min(us): 41888, Max(us): 148735, 50th(us): 97215, 90th(us): 113407, 95th(us): 118847, 99th(us): 129663, 99.9th(us): 145279, 99.99th(us): 148735
TOTAL  - Takes(s): 734.5, Count: 46107, OPS: 62.8, Avg(us): 71564, Min(us): 38304, Max(us): 145535, 50th(us): 60927, 90th(us): 103679, 95th(us): 109631, 99th(us): 120959, 99.9th(us): 133247, 99.99th(us): 142591
UPDATE - Takes(s): 734.5, Count: 25008, OPS: 34.0, Avg(us): 55702, Min(us): 38880, Max(us): 92863, 50th(us): 54847, 90th(us): 64095, 95th(us): 67263, 99th(us): 74047, 99.9th(us): 82175, 99.99th(us): 89599
