Now loading data using DB:  etcd
core
Using request distribution 'uniform' a keyrange of [0 99999]
***************** properties *****************
"requestdistribution"="uniform"
"docollectingdata"="false"
"command"="run"
"etcd.endpoints"="192.168.37.18:2379"
"scanproportion"="0"
"insertproportion"="0"
"dotransactions"="true"
"recordcount"="100000"
"readproportion"="0.5"
"operationcount"="50000"
"updateproportion"="0.5"
"readallfields"="true"
"workload"="core"
"threadcount"="5"
"etcd.dial_timeout"="10s"
**********************************************
READ   - Takes(s): 9.9, Count: 176, OPS: 17.9, Avg(us): 119216, Min(us): 60416, Max(us): 166783, 50th(us): 128447, 90th(us): 149887, 95th(us): 154239, 99th(us): 163839, 99.9th(us): 166783, 99.99th(us): 166783
READ_ERROR - Takes(s): 9.9, Count: 104, OPS: 10.5, Avg(us): 121786, Min(us): 65184, Max(us): 172159, 50th(us): 125887, 90th(us): 150271, 95th(us): 154367, 99th(us): 166399, 99.9th(us): 172159, 99.99th(us): 172159
TOTAL  - Takes(s): 9.9, Count: 424, OPS: 42.7, Avg(us): 87613, Min(us): 53888, Max(us): 166783, 50th(us): 69183, 90th(us): 140543, 95th(us): 148479, 99th(us): 159871, 99.9th(us): 166783, 99.99th(us): 166783
UPDATE - Takes(s): 9.9, Count: 248, OPS: 24.9, Avg(us): 65186, Min(us): 53888, Max(us): 82431, 50th(us): 64959, 90th(us): 71295, 95th(us): 73791, 99th(us): 80895, 99.9th(us): 82431, 99.99th(us): 82431
READ   - Takes(s): 19.9, Count: 358, OPS: 18.0, Avg(us): 119695, Min(us): 60416, Max(us): 178943, 50th(us): 128639, 90th(us): 151167, 95th(us): 159871, 99th(us): 166783, 99.9th(us): 178943, 99.99th(us): 178943
READ_ERROR - Takes(s): 19.9, Count: 206, OPS: 10.3, Avg(us): 120026, Min(us): 58592, Max(us): 178687, 50th(us): 128575, 90th(us): 150271, 95th(us): 158975, 99th(us): 172159, 99.9th(us): 178687, 99.99th(us): 178687
TOTAL  - Takes(s): 19.9, Count: 849, OPS: 42.6, Avg(us): 88359, Min(us): 51488, Max(us): 178943, 50th(us): 69503, 90th(us): 141183, 95th(us): 149119, 99th(us): 164735, 99.9th(us): 177151, 99.99th(us): 178943
UPDATE - Takes(s): 19.9, Count: 491, OPS: 24.6, Avg(us): 65511, Min(us): 51488, Max(us): 87935, 50th(us): 65407, 90th(us): 71679, 95th(us): 73791, 99th(us): 80255, 99.9th(us): 87935, 99.99th(us): 87935
READ   - Takes(s): 29.9, Count: 532, OPS: 17.8, Avg(us): 118514, Min(us): 58656, Max(us): 178943, 50th(us): 128511, 90th(us): 151551, 95th(us): 159871, 99th(us): 167679, 99.9th(us): 177151, 99.99th(us): 178943
READ_ERROR - Takes(s): 29.9, Count: 308, OPS: 10.3, Avg(us): 120409, Min(us): 58592, Max(us): 178687, 50th(us): 129279, 90th(us): 151295, 95th(us): 160383, 99th(us): 169727, 99.9th(us): 178687, 99.99th(us): 178687
TOTAL  - Takes(s): 29.9, Count: 1287, OPS: 43.0, Avg(us): 87503, Min(us): 51488, Max(us): 178943, 50th(us): 69439, 90th(us): 140671, 95th(us): 149887, 99th(us): 165631, 99.9th(us): 177151, 99.99th(us): 178943
UPDATE - Takes(s): 29.9, Count: 755, OPS: 25.2, Avg(us): 65651, Min(us): 51488, Max(us): 87935, 50th(us): 65471, 90th(us): 71679, 95th(us): 73407, 99th(us): 79743, 99.9th(us): 82431, 99.99th(us): 87935
READ   - Takes(s): 39.9, Count: 708, OPS: 17.8, Avg(us): 118400, Min(us): 55904, Max(us): 192895, 50th(us): 127743, 90th(us): 151167, 95th(us): 159359, 99th(us): 167679, 99.9th(us): 178943, 99.99th(us): 192895
READ_ERROR - Takes(s): 39.9, Count: 404, OPS: 10.1, Avg(us): 119792, Min(us): 58592, Max(us): 193535, 50th(us): 127167, 90th(us): 151295, 95th(us): 158719, 99th(us): 169727, 99.9th(us): 193535, 99.99th(us): 193535
TOTAL  - Takes(s): 39.9, Count: 1734, OPS: 43.4, Avg(us): 87217, Min(us): 51488, Max(us): 192895, 50th(us): 69439, 90th(us): 139519, 95th(us): 148095, 99th(us): 164735, 99.9th(us): 177151, 99.99th(us): 192895
UPDATE - Takes(s): 39.9, Count: 1026, OPS: 25.7, Avg(us): 65699, Min(us): 51488, Max(us): 87935, 50th(us): 65407, 90th(us): 71679, 95th(us): 73791, 99th(us): 80063, 99.9th(us): 87807, 99.99th(us): 87935
READ   - Takes(s): 49.9, Count: 891, OPS: 17.9, Avg(us): 117161, Min(us): 54144, Max(us): 192895, 50th(us): 125887, 90th(us): 148863, 95th(us): 158335, 99th(us): 167295, 99.9th(us): 178943, 99.99th(us): 192895
READ_ERROR - Takes(s): 49.9, Count: 499, OPS: 10.0, Avg(us): 118338, Min(us): 54112, Max(us): 193535, 50th(us): 125631, 90th(us): 150271, 95th(us): 155647, 99th(us): 167039, 99.9th(us): 193535, 99.99th(us): 193535
TOTAL  - Takes(s): 49.9, Count: 2201, OPS: 44.1, Avg(us): 86626, Min(us): 51488, Max(us): 192895, 50th(us): 69375, 90th(us): 137983, 95th(us): 146559, 99th(us): 163839, 99.9th(us): 177151, 99.99th(us): 192895
UPDATE - Takes(s): 49.9, Count: 1310, OPS: 26.2, Avg(us): 65858, Min(us): 51488, Max(us): 87935, 50th(us): 65727, 90th(us): 71871, 95th(us): 74623, 99th(us): 80895, 99.9th(us): 87807, 99.99th(us): 87935
READ   - Takes(s): 59.9, Count: 1094, OPS: 18.3, Avg(us): 116601, Min(us): 54144, Max(us): 192895, 50th(us): 124095, 90th(us): 146815, 95th(us): 155519, 99th(us): 166783, 99.9th(us): 178943, 99.99th(us): 192895
READ_ERROR - Takes(s): 59.9, Count: 587, OPS: 9.8, Avg(us): 118048, Min(us): 54112, Max(us): 193535, 50th(us): 124863, 90th(us): 149503, 95th(us): 154367, 99th(us): 166399, 99.9th(us): 178687, 99.99th(us): 193535
TOTAL  - Takes(s): 59.9, Count: 2654, OPS: 44.3, Avg(us): 86810, Min(us): 51488, Max(us): 192895, 50th(us): 69439, 90th(us): 135295, 95th(us): 145023, 99th(us): 161663, 99.9th(us): 175103, 99.99th(us): 192895
UPDATE - Takes(s): 59.9, Count: 1560, OPS: 26.0, Avg(us): 65918, Min(us): 51488, Max(us): 87935, 50th(us): 65663, 90th(us): 71999, 95th(us): 74815, 99th(us): 80639, 99.9th(us): 87679, 99.99th(us): 87935
READ   - Takes(s): 69.9, Count: 1282, OPS: 18.4, Avg(us): 115771, Min(us): 54144, Max(us): 192895, 50th(us): 123007, 90th(us): 145407, 95th(us): 153599, 99th(us): 166655, 99.9th(us): 178943, 99.99th(us): 192895
READ_ERROR - Takes(s): 69.9, Count: 682, OPS: 9.8, Avg(us): 117379, Min(us): 51968, Max(us): 193535, 50th(us): 124543, 90th(us): 146559, 95th(us): 152831, 99th(us): 165759, 99.9th(us): 178687, 99.99th(us): 193535
TOTAL  - Takes(s): 69.9, Count: 3121, OPS: 44.6, Avg(us): 86436, Min(us): 51488, Max(us): 192895, 50th(us): 69439, 90th(us): 134399, 95th(us): 142591, 99th(us): 160895, 99.9th(us): 175103, 99.99th(us): 192895
UPDATE - Takes(s): 69.9, Count: 1839, OPS: 26.3, Avg(us): 65985, Min(us): 51488, Max(us): 87935, 50th(us): 65663, 90th(us): 72255, 95th(us): 75071, 99th(us): 81151, 99.9th(us): 87679, 99.99th(us): 87935
READ   - Takes(s): 79.9, Count: 1464, OPS: 18.3, Avg(us): 114720, Min(us): 53472, Max(us): 192895, 50th(us): 122367, 90th(us): 143615, 95th(us): 151551, 99th(us): 166399, 99.9th(us): 178943, 99.99th(us): 192895
READ_ERROR - Takes(s): 79.9, Count: 777, OPS: 9.7, Avg(us): 116595, Min(us): 51968, Max(us): 193535, 50th(us): 123839, 90th(us): 145279, 95th(us): 151423, 99th(us): 164991, 99.9th(us): 178687, 99.99th(us): 193535
TOTAL  - Takes(s): 79.9, Count: 3611, OPS: 45.2, Avg(us): 85579, Min(us): 50848, Max(us): 192895, 50th(us): 68863, 90th(us): 133119, 95th(us): 140799, 99th(us): 159871, 99.9th(us): 171903, 99.99th(us): 192895
UPDATE - Takes(s): 79.9, Count: 2147, OPS: 26.9, Avg(us): 65708, Min(us): 50848, Max(us): 87935, 50th(us): 65311, 90th(us): 71999, 95th(us): 74943, 99th(us): 80895, 99.9th(us): 87679, 99.99th(us): 87935
READ   - Takes(s): 89.9, Count: 1684, OPS: 18.7, Avg(us): 113850, Min(us): 53472, Max(us): 192895, 50th(us): 121087, 90th(us): 141823, 95th(us): 150143, 99th(us): 165631, 99.9th(us): 177151, 99.99th(us): 192895
READ_ERROR - Takes(s): 89.9, Count: 859, OPS: 9.6, Avg(us): 116073, Min(us): 51968, Max(us): 193535, 50th(us): 123199, 90th(us): 144255, 95th(us): 151295, 99th(us): 162943, 99.9th(us): 178687, 99.99th(us): 193535
TOTAL  - Takes(s): 89.9, Count: 4096, OPS: 45.5, Avg(us): 85424, Min(us): 50848, Max(us): 192895, 50th(us): 68863, 90th(us): 131583, 95th(us): 139519, 99th(us): 159231, 99.9th(us): 171903, 99.99th(us): 192895
UPDATE - Takes(s): 89.9, Count: 2412, OPS: 26.8, Avg(us): 65578, Min(us): 50848, Max(us): 87935, 50th(us): 65215, 90th(us): 71935, 95th(us): 74495, 99th(us): 80639, 99.9th(us): 87679, 99.99th(us): 87935
READ   - Takes(s): 99.9, Count: 1891, OPS: 18.9, Avg(us): 113488, Min(us): 53472, Max(us): 192895, 50th(us): 120383, 90th(us): 140671, 95th(us): 148607, 99th(us): 164991, 99.9th(us): 177151, 99.99th(us): 192895
READ_ERROR - Takes(s): 99.9, Count: 941, OPS: 9.4, Avg(us): 115894, Min(us): 51968, Max(us): 193535, 50th(us): 122815, 90th(us): 143359, 95th(us): 151167, 99th(us): 162943, 99.9th(us): 178687, 99.99th(us): 193535
TOTAL  - Takes(s): 99.9, Count: 4584, OPS: 45.9, Avg(us): 85215, Min(us): 50848, Max(us): 192895, 50th(us): 68671, 90th(us): 130687, 95th(us): 138495, 99th(us): 157823, 99.9th(us): 169983, 99.99th(us): 192895
UPDATE - Takes(s): 99.9, Count: 2693, OPS: 26.9, Avg(us): 65363, Min(us): 50848, Max(us): 87935, 50th(us): 64927, 90th(us): 71679, 95th(us): 74303, 99th(us): 80447, 99.9th(us): 85375, 99.99th(us): 87935
READ   - Takes(s): 109.9, Count: 2091, OPS: 19.0, Avg(us): 113343, Min(us): 52960, Max(us): 192895, 50th(us): 120511, 90th(us): 140415, 95th(us): 147839, 99th(us): 164607, 99.9th(us): 177151, 99.99th(us): 192895
READ_ERROR - Takes(s): 109.9, Count: 1024, OPS: 9.3, Avg(us): 115556, Min(us): 51968, Max(us): 193535, 50th(us): 122495, 90th(us): 142591, 95th(us): 150399, 99th(us): 162815, 99.9th(us): 178687, 99.99th(us): 193535
TOTAL  - Takes(s): 109.9, Count: 5063, OPS: 46.1, Avg(us): 85202, Min(us): 50848, Max(us): 192895, 50th(us): 68671, 90th(us): 130687, 95th(us): 137983, 99th(us): 156415, 99.9th(us): 169983, 99.99th(us): 178943
UPDATE - Takes(s): 109.9, Count: 2972, OPS: 27.0, Avg(us): 65403, Min(us): 50848, Max(us): 87935, 50th(us): 64991, 90th(us): 71807, 95th(us): 74495, 99th(us): 80255, 99.9th(us): 85375, 99.99th(us): 87935
READ   - Takes(s): 119.9, Count: 2304, OPS: 19.2, Avg(us): 113024, Min(us): 52960, Max(us): 192895, 50th(us): 119935, 90th(us): 139263, 95th(us): 146815, 99th(us): 163327, 99.9th(us): 177151, 99.99th(us): 192895
READ_ERROR - Takes(s): 119.9, Count: 1113, OPS: 9.3, Avg(us): 114343, Min(us): 51968, Max(us): 193535, 50th(us): 121279, 90th(us): 141695, 95th(us): 150015, 99th(us): 162815, 99.9th(us): 178687, 99.99th(us): 193535
TOTAL  - Takes(s): 119.9, Count: 5549, OPS: 46.3, Avg(us): 85128, Min(us): 50848, Max(us): 192895, 50th(us): 68671, 90th(us): 129983, 95th(us): 136959, 99th(us): 155519, 99.9th(us): 169855, 99.99th(us): 178943
UPDATE - Takes(s): 119.9, Count: 3245, OPS: 27.1, Avg(us): 65322, Min(us): 50848, Max(us): 87935, 50th(us): 64927, 90th(us): 71743, 95th(us): 74303, 99th(us): 80063, 99.9th(us): 85375, 99.99th(us): 87935
READ   - Takes(s): 129.9, Count: 2515, OPS: 19.4, Avg(us): 112615, Min(us): 52960, Max(us): 192895, 50th(us): 119679, 90th(us): 138623, 95th(us): 146431, 99th(us): 162815, 99.9th(us): 175103, 99.99th(us): 192895
READ_ERROR - Takes(s): 129.9, Count: 1184, OPS: 9.1, Avg(us): 114192, Min(us): 51968, Max(us): 193535, 50th(us): 120959, 90th(us): 140927, 95th(us): 149759, 99th(us): 161663, 99.9th(us): 178687, 99.99th(us): 193535
TOTAL  - Takes(s): 129.9, Count: 6057, OPS: 46.6, Avg(us): 84946, Min(us): 50848, Max(us): 192895, 50th(us): 68607, 90th(us): 129535, 95th(us): 136703, 99th(us): 154495, 99.9th(us): 169855, 99.99th(us): 178943
UPDATE - Takes(s): 129.9, Count: 3542, OPS: 27.3, Avg(us): 65300, Min(us): 50848, Max(us): 87935, 50th(us): 64863, 90th(us): 71679, 95th(us): 74047, 99th(us): 79871, 99.9th(us): 84543, 99.99th(us): 87935
READ   - Takes(s): 139.9, Count: 2707, OPS: 19.4, Avg(us): 112577, Min(us): 52960, Max(us): 192895, 50th(us): 119679, 90th(us): 138111, 95th(us): 145663, 99th(us): 161663, 99.9th(us): 175103, 99.99th(us): 192895
READ_ERROR - Takes(s): 139.9, Count: 1261, OPS: 9.0, Avg(us): 114082, Min(us): 51968, Max(us): 193535, 50th(us): 120895, 90th(us): 140543, 95th(us): 149119, 99th(us): 161151, 99.9th(us): 178687, 99.99th(us): 193535
TOTAL  - Takes(s): 139.9, Count: 6549, OPS: 46.8, Avg(us): 84865, Min(us): 50848, Max(us): 192895, 50th(us): 68607, 90th(us): 129279, 95th(us): 136063, 99th(us): 153599, 99.9th(us): 167679, 99.99th(us): 178943
UPDATE - Takes(s): 139.9, Count: 3842, OPS: 27.5, Avg(us): 65340, Min(us): 50848, Max(us): 87935, 50th(us): 64959, 90th(us): 71615, 95th(us): 74047, 99th(us): 79871, 99.9th(us): 84543, 99.99th(us): 87935
READ   - Takes(s): 149.9, Count: 2916, OPS: 19.5, Avg(us): 112421, Min(us): 50880, Max(us): 192895, 50th(us): 119615, 90th(us): 137343, 95th(us): 145151, 99th(us): 161407, 99.9th(us): 175103, 99.99th(us): 192895
READ_ERROR - Takes(s): 149.9, Count: 1335, OPS: 8.9, Avg(us): 113951, Min(us): 51968, Max(us): 193535, 50th(us): 120703, 90th(us): 140031, 95th(us): 148351, 99th(us): 161151, 99.9th(us): 178687, 99.99th(us): 193535
TOTAL  - Takes(s): 149.9, Count: 7043, OPS: 47.0, Avg(us): 84822, Min(us): 50848, Max(us): 192895, 50th(us): 68543, 90th(us): 129151, 95th(us): 135551, 99th(us): 152831, 99.9th(us): 167679, 99.99th(us): 178943
UPDATE - Takes(s): 149.9, Count: 4127, OPS: 27.5, Avg(us): 65322, Min(us): 50848, Max(us): 87935, 50th(us): 64959, 90th(us): 71551, 95th(us): 73791, 99th(us): 79871, 99.9th(us): 84543, 99.99th(us): 87935
READ   - Takes(s): 159.9, Count: 3126, OPS: 19.6, Avg(us): 112231, Min(us): 50880, Max(us): 192895, 50th(us): 119615, 90th(us): 136831, 95th(us): 143999, 99th(us): 160895, 99.9th(us): 175103, 99.99th(us): 192895
READ_ERROR - Takes(s): 159.9, Count: 1410, OPS: 8.8, Avg(us): 113860, Min(us): 51968, Max(us): 193535, 50th(us): 120703, 90th(us): 139391, 95th(us): 147199, 99th(us): 161023, 99.9th(us): 178687, 99.99th(us): 193535
TOTAL  - Takes(s): 159.9, Count: 7535, OPS: 47.1, Avg(us): 84797, Min(us): 50848, Max(us): 192895, 50th(us): 68543, 90th(us): 128895, 95th(us): 135039, 99th(us): 151551, 99.9th(us): 167551, 99.99th(us): 178943
UPDATE - Takes(s): 159.9, Count: 4409, OPS: 27.6, Avg(us): 65346, Min(us): 50848, Max(us): 87935, 50th(us): 65023, 90th(us): 71551, 95th(us): 73791, 99th(us): 79807, 99.9th(us): 84543, 99.99th(us): 87935
READ   - Takes(s): 169.9, Count: 3357, OPS: 19.8, Avg(us): 112208, Min(us): 50880, Max(us): 192895, 50th(us): 119423, 90th(us): 136703, 95th(us): 143615, 99th(us): 160511, 99.9th(us): 175103, 99.99th(us): 192895
READ_ERROR - Takes(s): 169.9, Count: 1470, OPS: 8.7, Avg(us): 113825, Min(us): 51968, Max(us): 193535, 50th(us): 120511, 90th(us): 139135, 95th(us): 146815, 99th(us): 160895, 99.9th(us): 178687, 99.99th(us): 193535
TOTAL  - Takes(s): 169.9, Count: 8032, OPS: 47.3, Avg(us): 84927, Min(us): 50848, Max(us): 192895, 50th(us): 68607, 90th(us): 128767, 95th(us): 134911, 99th(us): 151167, 99.9th(us): 167551, 99.99th(us): 178943
UPDATE - Takes(s): 169.9, Count: 4675, OPS: 27.5, Avg(us): 65337, Min(us): 50848, Max(us): 92031, 50th(us): 64959, 90th(us): 71551, 95th(us): 73855, 99th(us): 80255, 99.9th(us): 87679, 99.99th(us): 92031
READ   - Takes(s): 179.9, Count: 3586, OPS: 19.9, Avg(us): 112148, Min(us): 50880, Max(us): 192895, 50th(us): 119039, 90th(us): 136063, 95th(us): 143103, 99th(us): 159871, 99.9th(us): 171903, 99.99th(us): 192895
READ_ERROR - Takes(s): 179.9, Count: 1541, OPS: 8.6, Avg(us): 113620, Min(us): 51968, Max(us): 193535, 50th(us): 120191, 90th(us): 138495, 95th(us): 146431, 99th(us): 160895, 99.9th(us): 177279, 99.99th(us): 193535
TOTAL  - Takes(s): 179.9, Count: 8526, OPS: 47.4, Avg(us): 84984, Min(us): 50848, Max(us): 192895, 50th(us): 68607, 90th(us): 128319, 95th(us): 134399, 99th(us): 150399, 99.9th(us): 167295, 99.99th(us): 178943
UPDATE - Takes(s): 179.9, Count: 4940, OPS: 27.5, Avg(us): 65266, Min(us): 50848, Max(us): 92031, 50th(us): 64863, 90th(us): 71487, 95th(us): 73855, 99th(us): 80255, 99.9th(us): 87679, 99.99th(us): 92031
READ   - Takes(s): 189.9, Count: 3824, OPS: 20.1, Avg(us): 111991, Min(us): 50880, Max(us): 192895, 50th(us): 118719, 90th(us): 135679, 95th(us): 142335, 99th(us): 159615, 99.9th(us): 171903, 99.99th(us): 192895
READ_ERROR - Takes(s): 189.9, Count: 1599, OPS: 8.4, Avg(us): 113387, Min(us): 51968, Max(us): 193535, 50th(us): 119871, 90th(us): 138239, 95th(us): 146431, 99th(us): 160767, 99.9th(us): 177279, 99.99th(us): 193535
TOTAL  - Takes(s): 189.9, Count: 9033, OPS: 47.6, Avg(us): 85035, Min(us): 50848, Max(us): 192895, 50th(us): 68607, 90th(us): 127935, 95th(us): 134271, 99th(us): 150143, 99.9th(us): 167295, 99.99th(us): 178943
UPDATE - Takes(s): 189.9, Count: 5209, OPS: 27.4, Avg(us): 65246, Min(us): 50848, Max(us): 92031, 50th(us): 64863, 90th(us): 71487, 95th(us): 73855, 99th(us): 80191, 99.9th(us): 87679, 99.99th(us): 88191
READ   - Takes(s): 199.9, Count: 4069, OPS: 20.4, Avg(us): 111701, Min(us): 50880, Max(us): 192895, 50th(us): 118527, 90th(us): 135295, 95th(us): 141823, 99th(us): 159231, 99.9th(us): 171903, 99.99th(us): 192895
READ_ERROR - Takes(s): 199.9, Count: 1659, OPS: 8.3, Avg(us): 113189, Min(us): 51968, Max(us): 193535, 50th(us): 119743, 90th(us): 137983, 95th(us): 145919, 99th(us): 160511, 99.9th(us): 177279, 99.99th(us): 193535
TOTAL  - Takes(s): 199.9, Count: 9551, OPS: 47.8, Avg(us): 84995, Min(us): 50848, Max(us): 192895, 50th(us): 68607, 90th(us): 127743, 95th(us): 134015, 99th(us): 149247, 99.9th(us): 166911, 99.99th(us): 178943
UPDATE - Takes(s): 199.9, Count: 5482, OPS: 27.4, Avg(us): 65173, Min(us): 50848, Max(us): 92031, 50th(us): 64799, 90th(us): 71423, 95th(us): 73727, 99th(us): 80063, 99.9th(us): 87679, 99.99th(us): 88191
READ   - Takes(s): 209.9, Count: 4288, OPS: 20.4, Avg(us): 111440, Min(us): 50880, Max(us): 192895, 50th(us): 118463, 90th(us): 135039, 95th(us): 141183, 99th(us): 159231, 99.9th(us): 171903, 99.99th(us): 192895
READ_ERROR - Takes(s): 209.9, Count: 1725, OPS: 8.2, Avg(us): 112943, Min(us): 51968, Max(us): 193535, 50th(us): 119679, 90th(us): 137471, 95th(us): 145535, 99th(us): 160511, 99.9th(us): 177279, 99.99th(us): 193535
TOTAL  - Takes(s): 209.9, Count: 10077, OPS: 48.0, Avg(us): 84840, Min(us): 50848, Max(us): 192895, 50th(us): 68543, 90th(us): 127359, 95th(us): 133759, 99th(us): 148735, 99.9th(us): 166911, 99.99th(us): 178943
UPDATE - Takes(s): 209.9, Count: 5789, OPS: 27.6, Avg(us): 65136, Min(us): 50848, Max(us): 92031, 50th(us): 64767, 90th(us): 71359, 95th(us): 73855, 99th(us): 80191, 99.9th(us): 87679, 99.99th(us): 88191
READ   - Takes(s): 219.9, Count: 4505, OPS: 20.5, Avg(us): 111428, Min(us): 50880, Max(us): 192895, 50th(us): 118463, 90th(us): 134911, 95th(us): 140927, 99th(us): 158847, 99.9th(us): 169983, 99.99th(us): 192895
READ_ERROR - Takes(s): 219.9, Count: 1798, OPS: 8.2, Avg(us): 112745, Min(us): 51968, Max(us): 193535, 50th(us): 119487, 90th(us): 137087, 95th(us): 145407, 99th(us): 160383, 99.9th(us): 177279, 99.99th(us): 193535
TOTAL  - Takes(s): 219.9, Count: 10571, OPS: 48.1, Avg(us): 84848, Min(us): 50848, Max(us): 192895, 50th(us): 68543, 90th(us): 127423, 95th(us): 133631, 99th(us): 148351, 99.9th(us): 166783, 99.99th(us): 178943
UPDATE - Takes(s): 219.9, Count: 6066, OPS: 27.6, Avg(us): 65107, Min(us): 50848, Max(us): 92031, 50th(us): 64735, 90th(us): 71359, 95th(us): 73855, 99th(us): 80191, 99.9th(us): 87679, 99.99th(us): 88191
READ   - Takes(s): 229.9, Count: 4732, OPS: 20.6, Avg(us): 111340, Min(us): 50880, Max(us): 192895, 50th(us): 118335, 90th(us): 134655, 95th(us): 140671, 99th(us): 157823, 99.9th(us): 169983, 99.99th(us): 192895
READ_ERROR - Takes(s): 229.9, Count: 1849, OPS: 8.0, Avg(us): 112713, Min(us): 51968, Max(us): 193535, 50th(us): 119487, 90th(us): 136831, 95th(us): 145151, 99th(us): 160383, 99.9th(us): 177279, 99.99th(us): 193535
TOTAL  - Takes(s): 229.9, Count: 11092, OPS: 48.2, Avg(us): 84853, Min(us): 50848, Max(us): 192895, 50th(us): 68543, 90th(us): 127295, 95th(us): 133247, 99th(us): 147839, 99.9th(us): 166783, 99.99th(us): 178943
UPDATE - Takes(s): 229.9, Count: 6360, OPS: 27.7, Avg(us): 65145, Min(us): 50848, Max(us): 92031, 50th(us): 64767, 90th(us): 71423, 95th(us): 74047, 99th(us): 80447, 99.9th(us): 87679, 99.99th(us): 88191
READ   - Takes(s): 239.9, Count: 4975, OPS: 20.7, Avg(us): 111268, Min(us): 50880, Max(us): 192895, 50th(us): 118207, 90th(us): 134527, 95th(us): 140287, 99th(us): 157183, 99.9th(us): 169983, 99.99th(us): 192895
READ_ERROR - Takes(s): 239.9, Count: 1909, OPS: 8.0, Avg(us): 112551, Min(us): 51968, Max(us): 193535, 50th(us): 119359, 90th(us): 136703, 95th(us): 144767, 99th(us): 158975, 99.9th(us): 177279, 99.99th(us): 193535
TOTAL  - Takes(s): 239.9, Count: 11594, OPS: 48.3, Avg(us): 84928, Min(us): 50848, Max(us): 192895, 50th(us): 68607, 90th(us): 127039, 95th(us): 133247, 99th(us): 147711, 99.9th(us): 166783, 99.99th(us): 178943
UPDATE - Takes(s): 239.9, Count: 6619, OPS: 27.6, Avg(us): 65131, Min(us): 50848, Max(us): 92031, 50th(us): 64735, 90th(us): 71423, 95th(us): 73983, 99th(us): 80575, 99.9th(us): 86591, 99.99th(us): 88191
READ   - Takes(s): 249.9, Count: 5207, OPS: 20.8, Avg(us): 111112, Min(us): 50304, Max(us): 192895, 50th(us): 118079, 90th(us): 134399, 95th(us): 140031, 99th(us): 156415, 99.9th(us): 169983, 99.99th(us): 178943
READ_ERROR - Takes(s): 249.9, Count: 1962, OPS: 7.9, Avg(us): 112507, Min(us): 51968, Max(us): 193535, 50th(us): 119295, 90th(us): 136575, 95th(us): 144511, 99th(us): 158719, 99.9th(us): 177279, 99.99th(us): 193535
TOTAL  - Takes(s): 249.9, Count: 12121, OPS: 48.5, Avg(us): 84874, Min(us): 50304, Max(us): 192895, 50th(us): 68543, 90th(us): 126847, 95th(us): 132991, 99th(us): 147711, 99.9th(us): 166783, 99.99th(us): 178943
UPDATE - Takes(s): 249.9, Count: 6914, OPS: 27.7, Avg(us): 65114, Min(us): 50848, Max(us): 92031, 50th(us): 64735, 90th(us): 71423, 95th(us): 73919, 99th(us): 80639, 99.9th(us): 86591, 99.99th(us): 88191
READ   - Takes(s): 259.9, Count: 5448, OPS: 21.0, Avg(us): 111007, Min(us): 50304, Max(us): 192895, 50th(us): 118015, 90th(us): 134271, 95th(us): 139775, 99th(us): 156159, 99.9th(us): 169983, 99.99th(us): 178943
READ_ERROR - Takes(s): 259.9, Count: 2012, OPS: 7.7, Avg(us): 112439, Min(us): 51968, Max(us): 193535, 50th(us): 119295, 90th(us): 136575, 95th(us): 144255, 99th(us): 158719, 99.9th(us): 177279, 99.99th(us): 193535
TOTAL  - Takes(s): 259.9, Count: 12644, OPS: 48.6, Avg(us): 84890, Min(us): 50304, Max(us): 192895, 50th(us): 68607, 90th(us): 126719, 95th(us): 132863, 99th(us): 147327, 99.9th(us): 166655, 99.99th(us): 178943
UPDATE - Takes(s): 259.9, Count: 7196, OPS: 27.7, Avg(us): 65116, Min(us): 50848, Max(us): 92031, 50th(us): 64735, 90th(us): 71359, 95th(us): 73983, 99th(us): 80575, 99.9th(us): 87679, 99.99th(us): 88191
READ   - Takes(s): 269.9, Count: 5671, OPS: 21.0, Avg(us): 110962, Min(us): 50304, Max(us): 192895, 50th(us): 118079, 90th(us): 134271, 95th(us): 139775, 99th(us): 155519, 99.9th(us): 169855, 99.99th(us): 178943
READ_ERROR - Takes(s): 269.9, Count: 2060, OPS: 7.6, Avg(us): 112400, Min(us): 51968, Max(us): 193535, 50th(us): 119295, 90th(us): 136319, 95th(us): 144255, 99th(us): 158335, 99.9th(us): 177279, 99.99th(us): 193535
TOTAL  - Takes(s): 269.9, Count: 13172, OPS: 48.8, Avg(us): 84880, Min(us): 50304, Max(us): 192895, 50th(us): 68607, 90th(us): 126655, 95th(us): 132863, 99th(us): 146943, 99.9th(us): 166655, 99.99th(us): 178943
UPDATE - Takes(s): 269.9, Count: 7501, OPS: 27.8, Avg(us): 65162, Min(us): 50848, Max(us): 96063, 50th(us): 64735, 90th(us): 71487, 95th(us): 74303, 99th(us): 80895, 99.9th(us): 88383, 99.99th(us): 92479
READ   - Takes(s): 279.9, Count: 5892, OPS: 21.1, Avg(us): 110888, Min(us): 50304, Max(us): 192895, 50th(us): 117951, 90th(us): 133887, 95th(us): 139519, 99th(us): 155263, 99.9th(us): 169855, 99.99th(us): 178943
READ_ERROR - Takes(s): 279.9, Count: 2128, OPS: 7.6, Avg(us): 112383, Min(us): 51968, Max(us): 193535, 50th(us): 119231, 90th(us): 136063, 95th(us): 143999, 99th(us): 158335, 99.9th(us): 177279, 99.99th(us): 193535
TOTAL  - Takes(s): 279.9, Count: 13677, OPS: 48.9, Avg(us): 84850, Min(us): 50304, Max(us): 192895, 50th(us): 68607, 90th(us): 126527, 95th(us): 132607, 99th(us): 146687, 99.9th(us): 166527, 99.99th(us): 178943
UPDATE - Takes(s): 279.9, Count: 7785, OPS: 27.8, Avg(us): 65144, Min(us): 50848, Max(us): 96063, 50th(us): 64703, 90th(us): 71487, 95th(us): 74303, 99th(us): 80895, 99.9th(us): 88383, 99.99th(us): 92479
READ   - Takes(s): 289.9, Count: 6132, OPS: 21.2, Avg(us): 110783, Min(us): 50304, Max(us): 192895, 50th(us): 117887, 90th(us): 133759, 95th(us): 139263, 99th(us): 155007, 99.9th(us): 169855, 99.99th(us): 178943
READ_ERROR - Takes(s): 289.9, Count: 2164, OPS: 7.5, Avg(us): 112283, Min(us): 51968, Max(us): 193535, 50th(us): 119231, 90th(us): 135935, 95th(us): 143615, 99th(us): 158335, 99.9th(us): 177279, 99.99th(us): 193535
TOTAL  - Takes(s): 289.9, Count: 14225, OPS: 49.1, Avg(us): 84827, Min(us): 50304, Max(us): 192895, 50th(us): 68607, 90th(us): 126463, 95th(us): 132607, 99th(us): 146687, 99.9th(us): 166527, 99.99th(us): 178943
UPDATE - Takes(s): 289.9, Count: 8093, OPS: 27.9, Avg(us): 65160, Min(us): 50848, Max(us): 96063, 50th(us): 64735, 90th(us): 71551, 95th(us): 74431, 99th(us): 80895, 99.9th(us): 88383, 99.99th(us): 92479
READ   - Takes(s): 299.9, Count: 6362, OPS: 21.2, Avg(us): 110600, Min(us): 50304, Max(us): 192895, 50th(us): 117823, 90th(us): 133631, 95th(us): 139263, 99th(us): 154367, 99.9th(us): 169855, 99.99th(us): 178943
READ_ERROR - Takes(s): 299.9, Count: 2219, OPS: 7.4, Avg(us): 112067, Min(us): 51968, Max(us): 193535, 50th(us): 119039, 90th(us): 135551, 95th(us): 143231, 99th(us): 158335, 99.9th(us): 177279, 99.99th(us): 193535
TOTAL  - Takes(s): 299.9, Count: 14770, OPS: 49.2, Avg(us): 84700, Min(us): 50304, Max(us): 192895, 50th(us): 68543, 90th(us): 126271, 95th(us): 132351, 99th(us): 146559, 99.9th(us): 166399, 99.99th(us): 178943
UPDATE - Takes(s): 299.9, Count: 8408, OPS: 28.0, Avg(us): 65102, Min(us): 50848, Max(us): 96063, 50th(us): 64639, 90th(us): 71487, 95th(us): 74367, 99th(us): 81023, 99.9th(us): 88767, 99.99th(us): 92479
READ   - Takes(s): 309.9, Count: 6600, OPS: 21.3, Avg(us): 110504, Min(us): 50304, Max(us): 192895, 50th(us): 117759, 90th(us): 133375, 95th(us): 139007, 99th(us): 154111, 99.9th(us): 167679, 99.99th(us): 178943
READ_ERROR - Takes(s): 309.9, Count: 2274, OPS: 7.3, Avg(us): 111905, Min(us): 51968, Max(us): 193535, 50th(us): 118911, 90th(us): 135423, 95th(us): 143103, 99th(us): 158207, 99.9th(us): 177279, 99.99th(us): 193535
TOTAL  - Takes(s): 309.9, Count: 15298, OPS: 49.4, Avg(us): 84643, Min(us): 50304, Max(us): 192895, 50th(us): 68479, 90th(us): 126143, 95th(us): 132223, 99th(us): 146175, 99.9th(us): 166399, 99.99th(us): 177151
UPDATE - Takes(s): 309.9, Count: 8698, OPS: 28.1, Avg(us): 65020, Min(us): 50848, Max(us): 96063, 50th(us): 64511, 90th(us): 71487, 95th(us): 74303, 99th(us): 80895, 99.9th(us): 88447, 99.99th(us): 92479
READ   - Takes(s): 319.9, Count: 6850, OPS: 21.4, Avg(us): 110521, Min(us): 50304, Max(us): 192895, 50th(us): 117759, 90th(us): 133247, 95th(us): 138751, 99th(us): 154239, 99.9th(us): 167679, 99.99th(us): 178943
READ_ERROR - Takes(s): 319.9, Count: 2320, OPS: 7.3, Avg(us): 111925, Min(us): 51968, Max(us): 193535, 50th(us): 118783, 90th(us): 135167, 95th(us): 142975, 99th(us): 158207, 99.9th(us): 177279, 99.99th(us): 193535
TOTAL  - Takes(s): 319.9, Count: 15815, OPS: 49.4, Avg(us): 84725, Min(us): 50304, Max(us): 192895, 50th(us): 68479, 90th(us): 126079, 95th(us): 132095, 99th(us): 146047, 99.9th(us): 166015, 99.99th(us): 177151
UPDATE - Takes(s): 319.9, Count: 8965, OPS: 28.0, Avg(us): 65015, Min(us): 50848, Max(us): 96063, 50th(us): 64511, 90th(us): 71487, 95th(us): 74239, 99th(us): 80895, 99.9th(us): 88447, 99.99th(us): 92479
READ   - Takes(s): 329.9, Count: 7097, OPS: 21.5, Avg(us): 110473, Min(us): 50304, Max(us): 192895, 50th(us): 117631, 90th(us): 133119, 95th(us): 138495, 99th(us): 153599, 99.9th(us): 167679, 99.99th(us): 178943
READ_ERROR - Takes(s): 329.9, Count: 2362, OPS: 7.2, Avg(us): 111996, Min(us): 51968, Max(us): 193535, 50th(us): 118783, 90th(us): 135039, 95th(us): 142719, 99th(us): 157823, 99.9th(us): 177279, 99.99th(us): 193535
TOTAL  - Takes(s): 329.9, Count: 16342, OPS: 49.5, Avg(us): 84755, Min(us): 50304, Max(us): 192895, 50th(us): 68543, 90th(us): 125951, 95th(us): 131967, 99th(us): 145663, 99.9th(us): 166015, 99.99th(us): 177151
UPDATE - Takes(s): 329.9, Count: 9245, OPS: 28.0, Avg(us): 65013, Min(us): 50848, Max(us): 96063, 50th(us): 64511, 90th(us): 71423, 95th(us): 74239, 99th(us): 81023, 99.9th(us): 88447, 99.99th(us): 92479
READ   - Takes(s): 339.9, Count: 7354, OPS: 21.6, Avg(us): 110412, Min(us): 50304, Max(us): 192895, 50th(us): 117567, 90th(us): 132991, 95th(us): 138367, 99th(us): 153215, 99.9th(us): 167679, 99.99th(us): 178943
READ_ERROR - Takes(s): 339.9, Count: 2406, OPS: 7.1, Avg(us): 112022, Min(us): 51968, Max(us): 193535, 50th(us): 118783, 90th(us): 134911, 95th(us): 142719, 99th(us): 157823, 99.9th(us): 177279, 99.99th(us): 193535
TOTAL  - Takes(s): 339.9, Count: 16859, OPS: 49.6, Avg(us): 84804, Min(us): 50304, Max(us): 192895, 50th(us): 68543, 90th(us): 125887, 95th(us): 131839, 99th(us): 145407, 99.9th(us): 165631, 99.99th(us): 177151
UPDATE - Takes(s): 339.9, Count: 9505, OPS: 28.0, Avg(us): 64992, Min(us): 50848, Max(us): 96063, 50th(us): 64479, 90th(us): 71423, 95th(us): 74239, 99th(us): 80959, 99.9th(us): 88383, 99.99th(us): 92479
READ   - Takes(s): 349.9, Count: 7603, OPS: 21.7, Avg(us): 110451, Min(us): 50304, Max(us): 192895, 50th(us): 117503, 90th(us): 132735, 95th(us): 138111, 99th(us): 152831, 99.9th(us): 167551, 99.99th(us): 178943
READ_ERROR - Takes(s): 349.9, Count: 2445, OPS: 7.0, Avg(us): 111983, Min(us): 51968, Max(us): 193535, 50th(us): 118719, 90th(us): 134783, 95th(us): 142463, 99th(us): 157823, 99.9th(us): 177279, 99.99th(us): 193535
TOTAL  - Takes(s): 349.9, Count: 17390, OPS: 49.7, Avg(us): 84864, Min(us): 50304, Max(us): 192895, 50th(us): 68543, 90th(us): 125759, 95th(us): 131711, 99th(us): 145279, 99.9th(us): 165631, 99.99th(us): 177151
UPDATE - Takes(s): 349.9, Count: 9787, OPS: 28.0, Avg(us): 64986, Min(us): 50848, Max(us): 96063, 50th(us): 64479, 90th(us): 71423, 95th(us): 74239, 99th(us): 80959, 99.9th(us): 88767, 99.99th(us): 92479
READ   - Takes(s): 359.9, Count: 7850, OPS: 21.8, Avg(us): 110251, Min(us): 50304, Max(us): 192895, 50th(us): 117311, 90th(us): 132607, 95th(us): 137983, 99th(us): 152575, 99.9th(us): 167551, 99.99th(us): 178943
READ_ERROR - Takes(s): 359.9, Count: 2481, OPS: 6.9, Avg(us): 111856, Min(us): 51968, Max(us): 193535, 50th(us): 118527, 90th(us): 134783, 95th(us): 142335, 99th(us): 157823, 99.9th(us): 177279, 99.99th(us): 193535
TOTAL  - Takes(s): 359.9, Count: 17953, OPS: 49.9, Avg(us): 84774, Min(us): 50304, Max(us): 192895, 50th(us): 68543, 90th(us): 125567, 95th(us): 131455, 99th(us): 145023, 99.9th(us): 165247, 99.99th(us): 177151
UPDATE - Takes(s): 359.9, Count: 10103, OPS: 28.1, Avg(us): 64979, Min(us): 50848, Max(us): 104063, 50th(us): 64447, 90th(us): 71423, 95th(us): 74239, 99th(us): 81087, 99.9th(us): 91903, 99.99th(us): 96063
READ   - Takes(s): 369.9, Count: 8098, OPS: 21.9, Avg(us): 110278, Min(us): 49952, Max(us): 192895, 50th(us): 117311, 90th(us): 132479, 95th(us): 137855, 99th(us): 151807, 99.9th(us): 167551, 99.99th(us): 178943
READ_ERROR - Takes(s): 369.9, Count: 2525, OPS: 6.8, Avg(us): 111830, Min(us): 51968, Max(us): 193535, 50th(us): 118527, 90th(us): 134655, 95th(us): 142207, 99th(us): 157823, 99.9th(us): 172159, 99.99th(us): 193535
TOTAL  - Takes(s): 369.9, Count: 18472, OPS: 49.9, Avg(us): 84842, Min(us): 49952, Max(us): 192895, 50th(us): 68607, 90th(us): 125503, 95th(us): 131455, 99th(us): 144767, 99.9th(us): 165247, 99.99th(us): 177151
UPDATE - Takes(s): 369.9, Count: 10374, OPS: 28.0, Avg(us): 64986, Min(us): 50848, Max(us): 104063, 50th(us): 64447, 90th(us): 71423, 95th(us): 74239, 99th(us): 81023, 99.9th(us): 91903, 99.99th(us): 96063
READ   - Takes(s): 379.9, Count: 8339, OPS: 22.0, Avg(us): 110235, Min(us): 49952, Max(us): 192895, 50th(us): 117247, 90th(us): 132351, 95th(us): 137599, 99th(us): 151551, 99.9th(us): 167551, 99.99th(us): 178943
READ_ERROR - Takes(s): 379.9, Count: 2570, OPS: 6.8, Avg(us): 111693, Min(us): 51968, Max(us): 193535, 50th(us): 118335, 90th(us): 134527, 95th(us): 142207, 99th(us): 157183, 99.9th(us): 172159, 99.99th(us): 193535
TOTAL  - Takes(s): 379.9, Count: 19010, OPS: 50.0, Avg(us): 84819, Min(us): 49952, Max(us): 192895, 50th(us): 68543, 90th(us): 125375, 95th(us): 131327, 99th(us): 144639, 99.9th(us): 165119, 99.99th(us): 177151
UPDATE - Takes(s): 379.9, Count: 10671, OPS: 28.1, Avg(us): 64958, Min(us): 50848, Max(us): 104063, 50th(us): 64415, 90th(us): 71359, 95th(us): 74047, 99th(us): 81023, 99.9th(us): 91647, 99.99th(us): 96063
READ   - Takes(s): 389.9, Count: 8607, OPS: 22.1, Avg(us): 110126, Min(us): 49952, Max(us): 192895, 50th(us): 117119, 90th(us): 132223, 95th(us): 137343, 99th(us): 151423, 99.9th(us): 167295, 99.99th(us): 178943
READ_ERROR - Takes(s): 389.9, Count: 2605, OPS: 6.7, Avg(us): 111679, Min(us): 51968, Max(us): 193535, 50th(us): 118271, 90th(us): 134399, 95th(us): 141695, 99th(us): 157183, 99.9th(us): 172159, 99.99th(us): 193535
TOTAL  - Takes(s): 389.9, Count: 19554, OPS: 50.1, Avg(us): 84823, Min(us): 49344, Max(us): 192895, 50th(us): 68543, 90th(us): 125311, 95th(us): 131199, 99th(us): 143999, 99.9th(us): 164991, 99.99th(us): 177151
UPDATE - Takes(s): 389.9, Count: 10947, OPS: 28.1, Avg(us): 64928, Min(us): 49344, Max(us): 104063, 50th(us): 64415, 90th(us): 71359, 95th(us): 73983, 99th(us): 81023, 99.9th(us): 91647, 99.99th(us): 96063
READ   - Takes(s): 399.9, Count: 8875, OPS: 22.2, Avg(us): 110077, Min(us): 49952, Max(us): 192895, 50th(us): 117055, 90th(us): 132223, 95th(us): 137215, 99th(us): 151295, 99.9th(us): 167295, 99.99th(us): 178943
READ_ERROR - Takes(s): 399.9, Count: 2640, OPS: 6.6, Avg(us): 111653, Min(us): 51968, Max(us): 193535, 50th(us): 118271, 90th(us): 134399, 95th(us): 141567, 99th(us): 157183, 99.9th(us): 172159, 99.99th(us): 193535
TOTAL  - Takes(s): 399.9, Count: 20088, OPS: 50.2, Avg(us): 84865, Min(us): 49344, Max(us): 192895, 50th(us): 68543, 90th(us): 125247, 95th(us): 131199, 99th(us): 143871, 99.9th(us): 164991, 99.99th(us): 177151
UPDATE - Takes(s): 399.9, Count: 11213, OPS: 28.0, Avg(us): 64911, Min(us): 49344, Max(us): 104063, 50th(us): 64383, 90th(us): 71295, 95th(us): 73983, 99th(us): 80895, 99.9th(us): 91647, 99.99th(us): 96063
READ   - Takes(s): 409.9, Count: 9122, OPS: 22.3, Avg(us): 110009, Min(us): 49952, Max(us): 192895, 50th(us): 116927, 90th(us): 132095, 95th(us): 137087, 99th(us): 151167, 99.9th(us): 167295, 99.99th(us): 178943
READ_ERROR - Takes(s): 409.9, Count: 2677, OPS: 6.5, Avg(us): 111458, Min(us): 51968, Max(us): 193535, 50th(us): 118143, 90th(us): 134143, 95th(us): 141183, 99th(us): 155647, 99.9th(us): 172159, 99.99th(us): 193535
TOTAL  - Takes(s): 409.9, Count: 20637, OPS: 50.3, Avg(us): 84853, Min(us): 49344, Max(us): 192895, 50th(us): 68607, 90th(us): 125183, 95th(us): 131071, 99th(us): 143743, 99.9th(us): 164735, 99.99th(us): 177151
UPDATE - Takes(s): 409.9, Count: 11515, OPS: 28.1, Avg(us): 64925, Min(us): 49344, Max(us): 104063, 50th(us): 64383, 90th(us): 71359, 95th(us): 74111, 99th(us): 81087, 99.9th(us): 91519, 99.99th(us): 96063
READ   - Takes(s): 419.9, Count: 9378, OPS: 22.3, Avg(us): 109913, Min(us): 49952, Max(us): 192895, 50th(us): 116863, 90th(us): 131967, 95th(us): 136959, 99th(us): 150783, 99.9th(us): 167295, 99.99th(us): 178943
READ_ERROR - Takes(s): 419.9, Count: 2711, OPS: 6.5, Avg(us): 111434, Min(us): 51968, Max(us): 193535, 50th(us): 118079, 90th(us): 134015, 95th(us): 141055, 99th(us): 155647, 99.9th(us): 172159, 99.99th(us): 193535
TOTAL  - Takes(s): 419.9, Count: 21188, OPS: 50.5, Avg(us): 84838, Min(us): 49344, Max(us): 192895, 50th(us): 68607, 90th(us): 125055, 95th(us): 130943, 99th(us): 143487, 99.9th(us): 164735, 99.99th(us): 177151
UPDATE - Takes(s): 419.9, Count: 11810, OPS: 28.1, Avg(us): 64927, Min(us): 49344, Max(us): 104063, 50th(us): 64383, 90th(us): 71423, 95th(us): 74239, 99th(us): 81023, 99.9th(us): 91519, 99.99th(us): 96063
READ   - Takes(s): 429.9, Count: 9624, OPS: 22.4, Avg(us): 109860, Min(us): 49952, Max(us): 192895, 50th(us): 116735, 90th(us): 131711, 95th(us): 136831, 99th(us): 150399, 99.9th(us): 166911, 99.99th(us): 178943
READ_ERROR - Takes(s): 429.9, Count: 2757, OPS: 6.4, Avg(us): 111409, Min(us): 51968, Max(us): 193535, 50th(us): 118015, 90th(us): 133887, 95th(us): 140927, 99th(us): 155647, 99.9th(us): 172159, 99.99th(us): 193535
TOTAL  - Takes(s): 429.9, Count: 21724, OPS: 50.5, Avg(us): 84810, Min(us): 49344, Max(us): 192895, 50th(us): 68543, 90th(us): 124927, 95th(us): 130815, 99th(us): 143231, 99.9th(us): 164607, 99.99th(us): 177151
UPDATE - Takes(s): 429.9, Count: 12100, OPS: 28.1, Avg(us): 64886, Min(us): 49344, Max(us): 104063, 50th(us): 64319, 90th(us): 71359, 95th(us): 74047, 99th(us): 81023, 99.9th(us): 91519, 99.99th(us): 96063
READ   - Takes(s): 439.9, Count: 9894, OPS: 22.5, Avg(us): 109836, Min(us): 49952, Max(us): 192895, 50th(us): 116607, 90th(us): 131583, 95th(us): 136703, 99th(us): 150399, 99.9th(us): 166911, 99.99th(us): 178943
READ_ERROR - Takes(s): 439.9, Count: 2784, OPS: 6.3, Avg(us): 111371, Min(us): 51968, Max(us): 193535, 50th(us): 118015, 90th(us): 133887, 95th(us): 140927, 99th(us): 155647, 99.9th(us): 172159, 99.99th(us): 193535
TOTAL  - Takes(s): 439.9, Count: 22265, OPS: 50.6, Avg(us): 84862, Min(us): 49344, Max(us): 192895, 50th(us): 68607, 90th(us): 124799, 95th(us): 130687, 99th(us): 143103, 99.9th(us): 164607, 99.99th(us): 177151
UPDATE - Takes(s): 439.9, Count: 12371, OPS: 28.1, Avg(us): 64888, Min(us): 49344, Max(us): 104063, 50th(us): 64351, 90th(us): 71359, 95th(us): 74175, 99th(us): 81279, 99.9th(us): 91519, 99.99th(us): 96063
READ   - Takes(s): 449.9, Count: 10167, OPS: 22.6, Avg(us): 109810, Min(us): 49952, Max(us): 192895, 50th(us): 116671, 90th(us): 131455, 95th(us): 136575, 99th(us): 150399, 99.9th(us): 166911, 99.99th(us): 178943
READ_ERROR - Takes(s): 449.9, Count: 2806, OPS: 6.2, Avg(us): 111418, Min(us): 51968, Max(us): 193535, 50th(us): 118015, 90th(us): 133759, 95th(us): 140799, 99th(us): 155647, 99.9th(us): 172159, 99.99th(us): 193535
TOTAL  - Takes(s): 449.9, Count: 22818, OPS: 50.7, Avg(us): 84874, Min(us): 49344, Max(us): 192895, 50th(us): 68607, 90th(us): 124799, 95th(us): 130687, 99th(us): 142975, 99.9th(us): 163839, 99.99th(us): 177151
UPDATE - Takes(s): 449.9, Count: 12651, OPS: 28.1, Avg(us): 64833, Min(us): 49344, Max(us): 104063, 50th(us): 64287, 90th(us): 71359, 95th(us): 74111, 99th(us): 81087, 99.9th(us): 88767, 99.99th(us): 96063
READ   - Takes(s): 459.9, Count: 10436, OPS: 22.7, Avg(us): 109756, Min(us): 49952, Max(us): 192895, 50th(us): 116607, 90th(us): 131327, 95th(us): 136447, 99th(us): 150015, 99.9th(us): 166911, 99.99th(us): 178943
READ_ERROR - Takes(s): 459.9, Count: 2837, OPS: 6.2, Avg(us): 111322, Min(us): 51968, Max(us): 193535, 50th(us): 117951, 90th(us): 133759, 95th(us): 140671, 99th(us): 155647, 99.9th(us): 172159, 99.99th(us): 193535
TOTAL  - Takes(s): 459.9, Count: 23375, OPS: 50.8, Avg(us): 84865, Min(us): 49344, Max(us): 192895, 50th(us): 68543, 90th(us): 124799, 95th(us): 130559, 99th(us): 142591, 99.9th(us): 163839, 99.99th(us): 177151
UPDATE - Takes(s): 459.9, Count: 12939, OPS: 28.1, Avg(us): 64790, Min(us): 49344, Max(us): 104063, 50th(us): 64223, 90th(us): 71295, 95th(us): 74047, 99th(us): 81087, 99.9th(us): 88767, 99.99th(us): 96063
READ   - Takes(s): 469.9, Count: 10695, OPS: 22.8, Avg(us): 109747, Min(us): 49952, Max(us): 192895, 50th(us): 116607, 90th(us): 131327, 95th(us): 136319, 99th(us): 149887, 99.9th(us): 166783, 99.99th(us): 178943
READ_ERROR - Takes(s): 469.9, Count: 2864, OPS: 6.1, Avg(us): 111298, Min(us): 51968, Max(us): 193535, 50th(us): 117951, 90th(us): 133759, 95th(us): 140543, 99th(us): 155263, 99.9th(us): 172159, 99.99th(us): 193535
TOTAL  - Takes(s): 469.9, Count: 23923, OPS: 50.9, Avg(us): 84888, Min(us): 49344, Max(us): 192895, 50th(us): 68607, 90th(us): 124735, 95th(us): 130495, 99th(us): 142591, 99.9th(us): 163327, 99.99th(us): 177151
UPDATE - Takes(s): 469.9, Count: 13228, OPS: 28.1, Avg(us): 64790, Min(us): 49344, Max(us): 104447, 50th(us): 64223, 90th(us): 71295, 95th(us): 73983, 99th(us): 81087, 99.9th(us): 91519, 99.99th(us): 104063
READ   - Takes(s): 479.9, Count: 10958, OPS: 22.8, Avg(us): 109772, Min(us): 49952, Max(us): 192895, 50th(us): 116607, 90th(us): 131199, 95th(us): 136191, 99th(us): 149247, 99.9th(us): 166783, 99.99th(us): 178943
READ_ERROR - Takes(s): 479.9, Count: 2892, OPS: 6.0, Avg(us): 111258, Min(us): 51968, Max(us): 193535, 50th(us): 117887, 90th(us): 133631, 95th(us): 140543, 99th(us): 155263, 99.9th(us): 172159, 99.99th(us): 193535
TOTAL  - Takes(s): 479.9, Count: 24456, OPS: 51.0, Avg(us): 84956, Min(us): 49344, Max(us): 192895, 50th(us): 68671, 90th(us): 124735, 95th(us): 130495, 99th(us): 142463, 99.9th(us): 163327, 99.99th(us): 177151
UPDATE - Takes(s): 479.9, Count: 13498, OPS: 28.1, Avg(us): 64810, Min(us): 49344, Max(us): 104447, 50th(us): 64255, 90th(us): 71295, 95th(us): 74047, 99th(us): 81343, 99.9th(us): 91839, 99.99th(us): 104063
READ   - Takes(s): 489.9, Count: 11224, OPS: 22.9, Avg(us): 109724, Min(us): 49952, Max(us): 192895, 50th(us): 116543, 90th(us): 131327, 95th(us): 136191, 99th(us): 149247, 99.9th(us): 166783, 99.99th(us): 178943
READ_ERROR - Takes(s): 489.9, Count: 2924, OPS: 6.0, Avg(us): 111257, Min(us): 51968, Max(us): 193535, 50th(us): 117887, 90th(us): 133631, 95th(us): 140543, 99th(us): 155263, 99.9th(us): 172159, 99.99th(us): 193535
TOTAL  - Takes(s): 489.9, Count: 25003, OPS: 51.0, Avg(us): 84952, Min(us): 49344, Max(us): 192895, 50th(us): 68671, 90th(us): 124735, 95th(us): 130559, 99th(us): 142335, 99.9th(us): 162943, 99.99th(us): 175103
UPDATE - Takes(s): 489.9, Count: 13779, OPS: 28.1, Avg(us): 64773, Min(us): 49344, Max(us): 104447, 50th(us): 64223, 90th(us): 71231, 95th(us): 73983, 99th(us): 81087, 99.9th(us): 91647, 99.99th(us): 104063
READ   - Takes(s): 499.9, Count: 11473, OPS: 23.0, Avg(us): 109785, Min(us): 49952, Max(us): 192895, 50th(us): 116671, 90th(us): 131327, 95th(us): 136319, 99th(us): 149887, 99.9th(us): 166783, 99.99th(us): 178943
READ_ERROR - Takes(s): 499.9, Count: 2948, OPS: 5.9, Avg(us): 111159, Min(us): 51968, Max(us): 193535, 50th(us): 117823, 90th(us): 133631, 95th(us): 140415, 99th(us): 155263, 99.9th(us): 172159, 99.99th(us): 193535
TOTAL  - Takes(s): 499.9, Count: 25557, OPS: 51.1, Avg(us): 84980, Min(us): 49344, Max(us): 192895, 50th(us): 68607, 90th(us): 124799, 95th(us): 130623, 99th(us): 142591, 99.9th(us): 162815, 99.99th(us): 175103
UPDATE - Takes(s): 499.9, Count: 14084, OPS: 28.2, Avg(us): 64773, Min(us): 49344, Max(us): 104447, 50th(us): 64191, 90th(us): 71295, 95th(us): 74239, 99th(us): 81535, 99.9th(us): 91647, 99.99th(us): 104063
READ   - Takes(s): 509.9, Count: 11720, OPS: 23.0, Avg(us): 109860, Min(us): 49952, Max(us): 192895, 50th(us): 116735, 90th(us): 131583, 95th(us): 136447, 99th(us): 150143, 99.9th(us): 166783, 99.99th(us): 178943
READ_ERROR - Takes(s): 509.9, Count: 2981, OPS: 5.8, Avg(us): 111138, Min(us): 51968, Max(us): 193535, 50th(us): 117887, 90th(us): 133631, 95th(us): 140287, 99th(us): 154495, 99.9th(us): 172159, 99.99th(us): 193535
TOTAL  - Takes(s): 509.9, Count: 26076, OPS: 51.1, Avg(us): 85060, Min(us): 49344, Max(us): 192895, 50th(us): 68671, 90th(us): 124927, 95th(us): 130751, 99th(us): 142975, 99.9th(us): 162815, 99.99th(us): 175103
UPDATE - Takes(s): 509.9, Count: 14356, OPS: 28.2, Avg(us): 64814, Min(us): 49344, Max(us): 104447, 50th(us): 64191, 90th(us): 71423, 95th(us): 74495, 99th(us): 81855, 99.9th(us): 91903, 99.99th(us): 104063
READ   - Takes(s): 519.9, Count: 11970, OPS: 23.0, Avg(us): 109843, Min(us): 49952, Max(us): 192895, 50th(us): 116735, 90th(us): 131455, 95th(us): 136319, 99th(us): 149887, 99.9th(us): 166783, 99.99th(us): 178943
READ_ERROR - Takes(s): 519.9, Count: 3002, OPS: 5.8, Avg(us): 111149, Min(us): 51968, Max(us): 193535, 50th(us): 117887, 90th(us): 133631, 95th(us): 140287, 99th(us): 154495, 99.9th(us): 172159, 99.99th(us): 193535
TOTAL  - Takes(s): 519.9, Count: 26643, OPS: 51.2, Avg(us): 85035, Min(us): 49344, Max(us): 192895, 50th(us): 68671, 90th(us): 124863, 95th(us): 130687, 99th(us): 142591, 99.9th(us): 161663, 99.99th(us): 175103
UPDATE - Takes(s): 519.9, Count: 14673, OPS: 28.2, Avg(us): 64798, Min(us): 49344, Max(us): 104447, 50th(us): 64191, 90th(us): 71423, 95th(us): 74431, 99th(us): 81663, 99.9th(us): 91839, 99.99th(us): 104063
READ   - Takes(s): 529.9, Count: 12211, OPS: 23.0, Avg(us): 109872, Min(us): 49952, Max(us): 192895, 50th(us): 116735, 90th(us): 131583, 95th(us): 136319, 99th(us): 149887, 99.9th(us): 166783, 99.99th(us): 178943
READ_ERROR - Takes(s): 529.9, Count: 3034, OPS: 5.7, Avg(us): 111111, Min(us): 51968, Max(us): 193535, 50th(us): 117887, 90th(us): 133631, 95th(us): 140159, 99th(us): 154495, 99.9th(us): 172159, 99.99th(us): 193535
TOTAL  - Takes(s): 529.9, Count: 27186, OPS: 51.3, Avg(us): 85059, Min(us): 49344, Max(us): 192895, 50th(us): 68671, 90th(us): 124927, 95th(us): 130751, 99th(us): 142463, 99.9th(us): 161663, 99.99th(us): 175103
UPDATE - Takes(s): 529.9, Count: 14975, OPS: 28.3, Avg(us): 64826, Min(us): 49344, Max(us): 104447, 50th(us): 64223, 90th(us): 71423, 95th(us): 74559, 99th(us): 81855, 99.9th(us): 91839, 99.99th(us): 104063
READ   - Takes(s): 539.9, Count: 12506, OPS: 23.2, Avg(us): 109817, Min(us): 49952, Max(us): 192895, 50th(us): 116607, 90th(us): 131327, 95th(us): 136191, 99th(us): 149759, 99.9th(us): 166655, 99.99th(us): 178943
READ_ERROR - Takes(s): 539.9, Count: 3051, OPS: 5.7, Avg(us): 111087, Min(us): 51968, Max(us): 193535, 50th(us): 117823, 90th(us): 133631, 95th(us): 140159, 99th(us): 154367, 99.9th(us): 172159, 99.99th(us): 193535
TOTAL  - Takes(s): 539.9, Count: 27741, OPS: 51.4, Avg(us): 85086, Min(us): 49344, Max(us): 192895, 50th(us): 68735, 90th(us): 124863, 95th(us): 130687, 99th(us): 142335, 99.9th(us): 161663, 99.99th(us): 175103
UPDATE - Takes(s): 539.9, Count: 15235, OPS: 28.2, Avg(us): 64785, Min(us): 49344, Max(us): 104447, 50th(us): 64191, 90th(us): 71423, 95th(us): 74367, 99th(us): 81791, 99.9th(us): 91839, 99.99th(us): 96063
READ   - Takes(s): 549.9, Count: 12775, OPS: 23.2, Avg(us): 109826, Min(us): 49952, Max(us): 192895, 50th(us): 116607, 90th(us): 131327, 95th(us): 136191, 99th(us): 149247, 99.9th(us): 166655, 99.99th(us): 178943
READ_ERROR - Takes(s): 549.9, Count: 3085, OPS: 5.6, Avg(us): 111094, Min(us): 51968, Max(us): 193535, 50th(us): 117823, 90th(us): 133631, 95th(us): 140159, 99th(us): 154367, 99.9th(us): 172159, 99.99th(us): 193535
TOTAL  - Takes(s): 549.9, Count: 28272, OPS: 51.4, Avg(us): 85127, Min(us): 49344, Max(us): 192895, 50th(us): 68735, 90th(us): 124799, 95th(us): 130559, 99th(us): 142335, 99.9th(us): 161663, 99.99th(us): 175103
UPDATE - Takes(s): 549.9, Count: 15497, OPS: 28.2, Avg(us): 64766, Min(us): 49344, Max(us): 104447, 50th(us): 64159, 90th(us): 71359, 95th(us): 74367, 99th(us): 81599, 99.9th(us): 91839, 99.99th(us): 96063
READ   - Takes(s): 559.9, Count: 13032, OPS: 23.3, Avg(us): 109761, Min(us): 49952, Max(us): 192895, 50th(us): 116543, 90th(us): 131199, 95th(us): 136191, 99th(us): 149247, 99.9th(us): 166655, 99.99th(us): 178943
READ_ERROR - Takes(s): 559.9, Count: 3109, OPS: 5.6, Avg(us): 111082, Min(us): 51968, Max(us): 193535, 50th(us): 117823, 90th(us): 133631, 95th(us): 140159, 99th(us): 154367, 99.9th(us): 172159, 99.99th(us): 193535
TOTAL  - Takes(s): 559.9, Count: 28841, OPS: 51.5, Avg(us): 85089, Min(us): 49344, Max(us): 192895, 50th(us): 68671, 90th(us): 124799, 95th(us): 130495, 99th(us): 142079, 99.9th(us): 161535, 99.99th(us): 175103
UPDATE - Takes(s): 559.9, Count: 15809, OPS: 28.2, Avg(us): 64751, Min(us): 49344, Max(us): 104447, 50th(us): 64159, 90th(us): 71359, 95th(us): 74367, 99th(us): 81599, 99.9th(us): 91647, 99.99th(us): 96063
READ   - Takes(s): 569.9, Count: 13292, OPS: 23.3, Avg(us): 109800, Min(us): 49952, Max(us): 192895, 50th(us): 116607, 90th(us): 131327, 95th(us): 136191, 99th(us): 149119, 99.9th(us): 166655, 99.99th(us): 178943
READ_ERROR - Takes(s): 569.9, Count: 3127, OPS: 5.5, Avg(us): 111080, Min(us): 51968, Max(us): 193535, 50th(us): 117823, 90th(us): 133631, 95th(us): 140159, 99th(us): 154367, 99.9th(us): 172159, 99.99th(us): 193535
TOTAL  - Takes(s): 569.9, Count: 29386, OPS: 51.6, Avg(us): 85141, Min(us): 49344, Max(us): 192895, 50th(us): 68735, 90th(us): 124799, 95th(us): 130559, 99th(us): 142207, 99.9th(us): 161535, 99.99th(us): 175103
UPDATE - Takes(s): 569.9, Count: 16094, OPS: 28.2, Avg(us): 64776, Min(us): 49344, Max(us): 104447, 50th(us): 64159, 90th(us): 71423, 95th(us): 74495, 99th(us): 81599, 99.9th(us): 91647, 99.99th(us): 96063
READ   - Takes(s): 579.9, Count: 13579, OPS: 23.4, Avg(us): 109800, Min(us): 49952, Max(us): 192895, 50th(us): 116607, 90th(us): 131327, 95th(us): 136063, 99th(us): 148735, 99.9th(us): 166527, 99.99th(us): 178943
READ_ERROR - Takes(s): 579.9, Count: 3142, OPS: 5.4, Avg(us): 111060, Min(us): 51968, Max(us): 193535, 50th(us): 117759, 90th(us): 133503, 95th(us): 140031, 99th(us): 154367, 99.9th(us): 172159, 99.99th(us): 193535
TOTAL  - Takes(s): 579.9, Count: 29933, OPS: 51.6, Avg(us): 85200, Min(us): 49344, Max(us): 192895, 50th(us): 68735, 90th(us): 124863, 95th(us): 130559, 99th(us): 142079, 99.9th(us): 161407, 99.99th(us): 175103
UPDATE - Takes(s): 579.9, Count: 16354, OPS: 28.2, Avg(us): 64775, Min(us): 49344, Max(us): 104447, 50th(us): 64159, 90th(us): 71423, 95th(us): 74687, 99th(us): 81535, 99.9th(us): 91647, 99.99th(us): 96063
READ   - Takes(s): 589.9, Count: 13843, OPS: 23.5, Avg(us): 109744, Min(us): 49952, Max(us): 192895, 50th(us): 116543, 90th(us): 131199, 95th(us): 136063, 99th(us): 148735, 99.9th(us): 166527, 99.99th(us): 178943
READ_ERROR - Takes(s): 589.9, Count: 3162, OPS: 5.4, Avg(us): 111030, Min(us): 51968, Max(us): 193535, 50th(us): 117759, 90th(us): 133503, 95th(us): 139903, 99th(us): 154367, 99.9th(us): 172159, 99.99th(us): 193535
TOTAL  - Takes(s): 589.9, Count: 30506, OPS: 51.7, Avg(us): 85170, Min(us): 49344, Max(us): 192895, 50th(us): 68735, 90th(us): 124799, 95th(us): 130495, 99th(us): 142079, 99.9th(us): 161151, 99.99th(us): 175103
UPDATE - Takes(s): 589.9, Count: 16663, OPS: 28.2, Avg(us): 64755, Min(us): 49344, Max(us): 104447, 50th(us): 64127, 90th(us): 71423, 95th(us): 74687, 99th(us): 81599, 99.9th(us): 91519, 99.99th(us): 96063
READ   - Takes(s): 599.9, Count: 14107, OPS: 23.5, Avg(us): 109693, Min(us): 49952, Max(us): 192895, 50th(us): 116543, 90th(us): 131199, 95th(us): 136063, 99th(us): 148479, 99.9th(us): 166527, 99.99th(us): 178943
READ_ERROR - Takes(s): 599.9, Count: 3184, OPS: 5.3, Avg(us): 111035, Min(us): 51968, Max(us): 193535, 50th(us): 117759, 90th(us): 133503, 95th(us): 139775, 99th(us): 154367, 99.9th(us): 172159, 99.99th(us): 193535
TOTAL  - Takes(s): 599.9, Count: 31066, OPS: 51.8, Avg(us): 85161, Min(us): 49344, Max(us): 192895, 50th(us): 68735, 90th(us): 124735, 95th(us): 130431, 99th(us): 141951, 99.9th(us): 161151, 99.99th(us): 175103
UPDATE - Takes(s): 599.9, Count: 16959, OPS: 28.3, Avg(us): 64755, Min(us): 49344, Max(us): 104447, 50th(us): 64127, 90th(us): 71423, 95th(us): 74687, 99th(us): 81599, 99.9th(us): 91519, 99.99th(us): 96063
READ   - Takes(s): 609.9, Count: 14390, OPS: 23.6, Avg(us): 109625, Min(us): 49952, Max(us): 192895, 50th(us): 116479, 90th(us): 131007, 95th(us): 135935, 99th(us): 148479, 99.9th(us): 166527, 99.99th(us): 178943
READ_ERROR - Takes(s): 609.9, Count: 3207, OPS: 5.3, Avg(us): 111021, Min(us): 51968, Max(us): 193535, 50th(us): 117695, 90th(us): 133375, 95th(us): 139775, 99th(us): 154367, 99.9th(us): 172159, 99.99th(us): 193535
TOTAL  - Takes(s): 609.9, Count: 31622, OPS: 51.8, Avg(us): 85167, Min(us): 49344, Max(us): 192895, 50th(us): 68799, 90th(us): 124671, 95th(us): 130367, 99th(us): 141951, 99.9th(us): 160895, 99.99th(us): 175103
UPDATE - Takes(s): 609.9, Count: 17232, OPS: 28.3, Avg(us): 64742, Min(us): 49344, Max(us): 104447, 50th(us): 64127, 90th(us): 71423, 95th(us): 74751, 99th(us): 81663, 99.9th(us): 91647, 99.99th(us): 96063
READ   - Takes(s): 619.9, Count: 14673, OPS: 23.7, Avg(us): 109568, Min(us): 49952, Max(us): 192895, 50th(us): 116415, 90th(us): 130879, 95th(us): 135807, 99th(us): 148223, 99.9th(us): 166399, 99.99th(us): 178943
READ_ERROR - Takes(s): 619.9, Count: 3235, OPS: 5.2, Avg(us): 110931, Min(us): 51968, Max(us): 193535, 50th(us): 117631, 90th(us): 133375, 95th(us): 139647, 99th(us): 154367, 99.9th(us): 172159, 99.99th(us): 193535
TOTAL  - Takes(s): 619.9, Count: 32187, OPS: 51.9, Avg(us): 85142, Min(us): 49344, Max(us): 192895, 50th(us): 68735, 90th(us): 124607, 95th(us): 130303, 99th(us): 141823, 99.9th(us): 160895, 99.99th(us): 175103
UPDATE - Takes(s): 619.9, Count: 17514, OPS: 28.3, Avg(us): 64679, Min(us): 49344, Max(us): 104447, 50th(us): 64063, 90th(us): 71359, 95th(us): 74687, 99th(us): 81599, 99.9th(us): 91519, 99.99th(us): 96063
READ   - Takes(s): 629.9, Count: 14953, OPS: 23.7, Avg(us): 109452, Min(us): 49952, Max(us): 192895, 50th(us): 116351, 90th(us): 130879, 95th(us): 135807, 99th(us): 148095, 99.9th(us): 166399, 99.99th(us): 178943
READ_ERROR - Takes(s): 629.9, Count: 3252, OPS: 5.2, Avg(us): 110898, Min(us): 51968, Max(us): 193535, 50th(us): 117631, 90th(us): 133375, 95th(us): 139519, 99th(us): 154367, 99.9th(us): 172159, 99.99th(us): 193535
TOTAL  - Takes(s): 629.9, Count: 32782, OPS: 52.0, Avg(us): 85072, Min(us): 49344, Max(us): 192895, 50th(us): 68671, 90th(us): 124607, 95th(us): 130303, 99th(us): 141567, 99.9th(us): 160639, 99.99th(us): 175103
UPDATE - Takes(s): 629.9, Count: 17829, OPS: 28.3, Avg(us): 64624, Min(us): 49344, Max(us): 104447, 50th(us): 63999, 90th(us): 71359, 95th(us): 74495, 99th(us): 81535, 99.9th(us): 91519, 99.99th(us): 96063
READ   - Takes(s): 639.9, Count: 15226, OPS: 23.8, Avg(us): 109353, Min(us): 49952, Max(us): 192895, 50th(us): 116287, 90th(us): 130815, 95th(us): 135679, 99th(us): 148095, 99.9th(us): 166399, 99.99th(us): 177151
READ_ERROR - Takes(s): 639.9, Count: 3279, OPS: 5.1, Avg(us): 110812, Min(us): 51968, Max(us): 193535, 50th(us): 117503, 90th(us): 133247, 95th(us): 139519, 99th(us): 154367, 99.9th(us): 172159, 99.99th(us): 193535
TOTAL  - Takes(s): 639.9, Count: 33366, OPS: 52.1, Avg(us): 84992, Min(us): 49344, Max(us): 192895, 50th(us): 68607, 90th(us): 124479, 95th(us): 130239, 99th(us): 141439, 99.9th(us): 160639, 99.99th(us): 175103
UPDATE - Takes(s): 639.9, Count: 18140, OPS: 28.3, Avg(us): 64545, Min(us): 49344, Max(us): 104447, 50th(us): 63935, 90th(us): 71295, 95th(us): 74367, 99th(us): 81535, 99.9th(us): 91519, 99.99th(us): 96063
READ   - Takes(s): 649.9, Count: 15508, OPS: 23.9, Avg(us): 109262, Min(us): 49952, Max(us): 192895, 50th(us): 116159, 90th(us): 130751, 95th(us): 135551, 99th(us): 148095, 99.9th(us): 166015, 99.99th(us): 177151
READ_ERROR - Takes(s): 649.9, Count: 3298, OPS: 5.1, Avg(us): 110770, Min(us): 51744, Max(us): 193535, 50th(us): 117439, 90th(us): 133247, 95th(us): 139519, 99th(us): 154367, 99.9th(us): 172159, 99.99th(us): 193535
TOTAL  - Takes(s): 649.9, Count: 33952, OPS: 52.2, Avg(us): 84943, Min(us): 49344, Max(us): 192895, 50th(us): 68607, 90th(us): 124415, 95th(us): 130175, 99th(us): 141311, 99.9th(us): 160639, 99.99th(us): 175103
UPDATE - Takes(s): 649.9, Count: 18444, OPS: 28.4, Avg(us): 64496, Min(us): 49344, Max(us): 104447, 50th(us): 63871, 90th(us): 71231, 95th(us): 74303, 99th(us): 81343, 99.9th(us): 91519, 99.99th(us): 96063
READ   - Takes(s): 659.9, Count: 15794, OPS: 23.9, Avg(us): 109177, Min(us): 47520, Max(us): 192895, 50th(us): 116031, 90th(us): 130687, 95th(us): 135551, 99th(us): 147839, 99.9th(us): 166015, 99.99th(us): 177151
READ_ERROR - Takes(s): 659.9, Count: 3316, OPS: 5.0, Avg(us): 110767, Min(us): 51744, Max(us): 193535, 50th(us): 117439, 90th(us): 133247, 95th(us): 139519, 99th(us): 154367, 99.9th(us): 172159, 99.99th(us): 193535
TOTAL  - Takes(s): 659.9, Count: 34524, OPS: 52.3, Avg(us): 84927, Min(us): 47520, Max(us): 192895, 50th(us): 68607, 90th(us): 124351, 95th(us): 130111, 99th(us): 141183, 99.9th(us): 160511, 99.99th(us): 175103
UPDATE - Takes(s): 659.9, Count: 18730, OPS: 28.4, Avg(us): 64478, Min(us): 49344, Max(us): 104447, 50th(us): 63871, 90th(us): 71231, 95th(us): 74303, 99th(us): 81471, 99.9th(us): 90623, 99.99th(us): 96063
READ   - Takes(s): 669.9, Count: 16070, OPS: 24.0, Avg(us): 109125, Min(us): 47520, Max(us): 192895, 50th(us): 115967, 90th(us): 130687, 95th(us): 135423, 99th(us): 147839, 99.9th(us): 166015, 99.99th(us): 177151
READ_ERROR - Takes(s): 669.9, Count: 3332, OPS: 5.0, Avg(us): 110718, Min(us): 51744, Max(us): 193535, 50th(us): 117375, 90th(us): 133247, 95th(us): 139391, 99th(us): 154367, 99.9th(us): 172159, 99.99th(us): 193535
TOTAL  - Takes(s): 669.9, Count: 35105, OPS: 52.4, Avg(us): 84900, Min(us): 47520, Max(us): 192895, 50th(us): 68543, 90th(us): 124287, 95th(us): 130047, 99th(us): 141183, 99.9th(us): 160511, 99.99th(us): 171903
UPDATE - Takes(s): 669.9, Count: 19035, OPS: 28.4, Avg(us): 64449, Min(us): 49344, Max(us): 104447, 50th(us): 63839, 90th(us): 71167, 95th(us): 74303, 99th(us): 81279, 99.9th(us): 90623, 99.99th(us): 96063
READ   - Takes(s): 679.9, Count: 16344, OPS: 24.0, Avg(us): 109079, Min(us): 47520, Max(us): 192895, 50th(us): 115967, 90th(us): 130559, 95th(us): 135295, 99th(us): 147839, 99.9th(us): 166015, 99.99th(us): 177151
READ_ERROR - Takes(s): 679.9, Count: 3352, OPS: 4.9, Avg(us): 110733, Min(us): 51744, Max(us): 193535, 50th(us): 117439, 90th(us): 133247, 95th(us): 139391, 99th(us): 154111, 99.9th(us): 172159, 99.99th(us): 193535
TOTAL  - Takes(s): 679.9, Count: 35666, OPS: 52.5, Avg(us): 84896, Min(us): 47520, Max(us): 192895, 50th(us): 68543, 90th(us): 124223, 95th(us): 129983, 99th(us): 141055, 99.9th(us): 160255, 99.99th(us): 171903
UPDATE - Takes(s): 679.9, Count: 19322, OPS: 28.4, Avg(us): 64440, Min(us): 49344, Max(us): 104447, 50th(us): 63839, 90th(us): 71231, 95th(us): 74303, 99th(us): 81279, 99.9th(us): 90623, 99.99th(us): 96063
READ   - Takes(s): 689.9, Count: 16642, OPS: 24.1, Avg(us): 109001, Min(us): 47520, Max(us): 192895, 50th(us): 115903, 90th(us): 130495, 95th(us): 135295, 99th(us): 147839, 99.9th(us): 165631, 99.99th(us): 177151
READ_ERROR - Takes(s): 689.9, Count: 3373, OPS: 4.9, Avg(us): 110707, Min(us): 51744, Max(us): 193535, 50th(us): 117375, 90th(us): 133119, 95th(us): 139391, 99th(us): 154111, 99.9th(us): 172159, 99.99th(us): 193535
TOTAL  - Takes(s): 689.9, Count: 36237, OPS: 52.5, Avg(us): 84883, Min(us): 47520, Max(us): 192895, 50th(us): 68543, 90th(us): 124159, 95th(us): 129855, 99th(us): 141055, 99.9th(us): 160255, 99.99th(us): 171903
UPDATE - Takes(s): 689.9, Count: 19595, OPS: 28.4, Avg(us): 64399, Min(us): 49344, Max(us): 104447, 50th(us): 63807, 90th(us): 71167, 95th(us): 74239, 99th(us): 81151, 99.9th(us): 89663, 99.99th(us): 96063
READ   - Takes(s): 699.9, Count: 16943, OPS: 24.2, Avg(us): 108888, Min(us): 47520, Max(us): 192895, 50th(us): 115775, 90th(us): 130431, 95th(us): 135167, 99th(us): 147711, 99.9th(us): 165631, 99.99th(us): 177151
READ_ERROR - Takes(s): 699.9, Count: 3389, OPS: 4.8, Avg(us): 110687, Min(us): 51744, Max(us): 193535, 50th(us): 117311, 90th(us): 132991, 95th(us): 139391, 99th(us): 154111, 99.9th(us): 172159, 99.99th(us): 193535
TOTAL  - Takes(s): 699.9, Count: 36823, OPS: 52.6, Avg(us): 84845, Min(us): 47520, Max(us): 192895, 50th(us): 68543, 90th(us): 124095, 95th(us): 129791, 99th(us): 140927, 99.9th(us): 160255, 99.99th(us): 171903
UPDATE - Takes(s): 699.9, Count: 19880, OPS: 28.4, Avg(us): 64354, Min(us): 49344, Max(us): 104447, 50th(us): 63743, 90th(us): 71103, 95th(us): 74111, 99th(us): 81087, 99.9th(us): 89663, 99.99th(us): 96063
READ   - Takes(s): 709.9, Count: 17222, OPS: 24.3, Avg(us): 108771, Min(us): 47520, Max(us): 192895, 50th(us): 115647, 90th(us): 130303, 95th(us): 135039, 99th(us): 147583, 99.9th(us): 165631, 99.99th(us): 177151
READ_ERROR - Takes(s): 709.9, Count: 3407, OPS: 4.8, Avg(us): 110628, Min(us): 51744, Max(us): 193535, 50th(us): 117311, 90th(us): 132991, 95th(us): 139391, 99th(us): 154111, 99.9th(us): 172159, 99.99th(us): 193535
TOTAL  - Takes(s): 709.9, Count: 37422, OPS: 52.7, Avg(us): 84771, Min(us): 47520, Max(us): 192895, 50th(us): 68479, 90th(us): 123967, 95th(us): 129599, 99th(us): 140799, 99.9th(us): 160255, 99.99th(us): 171903
UPDATE - Takes(s): 709.9, Count: 20200, OPS: 28.5, Avg(us): 64310, Min(us): 49120, Max(us): 104447, 50th(us): 63711, 90th(us): 71039, 95th(us): 74047, 99th(us): 81023, 99.9th(us): 89663, 99.99th(us): 96063
READ   - Takes(s): 719.9, Count: 17494, OPS: 24.3, Avg(us): 108729, Min(us): 47520, Max(us): 192895, 50th(us): 115583, 90th(us): 130303, 95th(us): 135039, 99th(us): 147455, 99.9th(us): 165631, 99.99th(us): 177151
READ_ERROR - Takes(s): 719.9, Count: 3428, OPS: 4.8, Avg(us): 110531, Min(us): 50752, Max(us): 193535, 50th(us): 117183, 90th(us): 132735, 95th(us): 139263, 99th(us): 154111, 99.9th(us): 172159, 99.99th(us): 193535
TOTAL  - Takes(s): 719.9, Count: 37996, OPS: 52.8, Avg(us): 84758, Min(us): 47520, Max(us): 192895, 50th(us): 68479, 90th(us): 123967, 95th(us): 129599, 99th(us): 140799, 99.9th(us): 159999, 99.99th(us): 171903
UPDATE - Takes(s): 719.9, Count: 20502, OPS: 28.5, Avg(us): 64305, Min(us): 49120, Max(us): 104447, 50th(us): 63679, 90th(us): 71103, 95th(us): 74111, 99th(us): 81215, 99.9th(us): 89663, 99.99th(us): 96063
READ   - Takes(s): 729.9, Count: 17765, OPS: 24.3, Avg(us): 108712, Min(us): 47520, Max(us): 192895, 50th(us): 115583, 90th(us): 130239, 95th(us): 135039, 99th(us): 147199, 99.9th(us): 165247, 99.99th(us): 177151
READ_ERROR - Takes(s): 729.9, Count: 3447, OPS: 4.7, Avg(us): 110461, Min(us): 50752, Max(us): 193535, 50th(us): 117183, 90th(us): 132735, 95th(us): 139263, 99th(us): 154111, 99.9th(us): 172159, 99.99th(us): 193535
TOTAL  - Takes(s): 729.9, Count: 38554, OPS: 52.8, Avg(us): 84773, Min(us): 47520, Max(us): 192895, 50th(us): 68543, 90th(us): 123967, 95th(us): 129535, 99th(us): 140799, 99.9th(us): 159871, 99.99th(us): 171903
UPDATE - Takes(s): 729.9, Count: 20789, OPS: 28.5, Avg(us): 64317, Min(us): 49120, Max(us): 104447, 50th(us): 63679, 90th(us): 71167, 95th(us): 74239, 99th(us): 81471, 99.9th(us): 90623, 99.99th(us): 99263
READ   - Takes(s): 739.9, Count: 18045, OPS: 24.4, Avg(us): 108643, Min(us): 47520, Max(us): 192895, 50th(us): 115519, 90th(us): 130239, 95th(us): 135039, 99th(us): 147071, 99.9th(us): 165247, 99.99th(us): 177151
READ_ERROR - Takes(s): 739.9, Count: 3462, OPS: 4.7, Avg(us): 110429, Min(us): 50752, Max(us): 193535, 50th(us): 117119, 90th(us): 132735, 95th(us): 139263, 99th(us): 154111, 99.9th(us): 172159, 99.99th(us): 193535
TOTAL  - Takes(s): 739.9, Count: 39145, OPS: 52.9, Avg(us): 84736, Min(us): 47520, Max(us): 192895, 50th(us): 68479, 90th(us): 123903, 95th(us): 129535, 99th(us): 140799, 99.9th(us): 159871, 99.99th(us): 171903
UPDATE - Takes(s): 739.9, Count: 21100, OPS: 28.5, Avg(us): 64290, Min(us): 47808, Max(us): 104447, 50th(us): 63679, 90th(us): 71103, 95th(us): 74175, 99th(us): 81343, 99.9th(us): 90623, 99.99th(us): 99263
READ   - Takes(s): 749.9, Count: 18339, OPS: 24.5, Avg(us): 108544, Min(us): 47520, Max(us): 192895, 50th(us): 115391, 90th(us): 130111, 95th(us): 134911, 99th(us): 146943, 99.9th(us): 165247, 99.99th(us): 177151
READ_ERROR - Takes(s): 749.9, Count: 3480, OPS: 4.6, Avg(us): 110436, Min(us): 50752, Max(us): 193535, 50th(us): 117119, 90th(us): 132735, 95th(us): 139135, 99th(us): 154111, 99.9th(us): 172159, 99.99th(us): 193535
TOTAL  - Takes(s): 749.9, Count: 39731, OPS: 53.0, Avg(us): 84693, Min(us): 47520, Max(us): 192895, 50th(us): 68479, 90th(us): 123775, 95th(us): 129407, 99th(us): 140671, 99.9th(us): 159871, 99.99th(us): 171903
UPDATE - Takes(s): 749.9, Count: 21392, OPS: 28.5, Avg(us): 64246, Min(us): 47808, Max(us): 104447, 50th(us): 63615, 90th(us): 71039, 95th(us): 74047, 99th(us): 81215, 99.9th(us): 90623, 99.99th(us): 99263
READ   - Takes(s): 759.9, Count: 18632, OPS: 24.5, Avg(us): 108461, Min(us): 47520, Max(us): 192895, 50th(us): 115327, 90th(us): 129983, 95th(us): 134783, 99th(us): 146943, 99.9th(us): 165119, 99.99th(us): 177151
READ_ERROR - Takes(s): 759.9, Count: 3498, OPS: 4.6, Avg(us): 110443, Min(us): 50752, Max(us): 193535, 50th(us): 117055, 90th(us): 132607, 95th(us): 139135, 99th(us): 154111, 99.9th(us): 172159, 99.99th(us): 193535
TOTAL  - Takes(s): 759.9, Count: 40319, OPS: 53.1, Avg(us): 84649, Min(us): 47520, Max(us): 192895, 50th(us): 68415, 90th(us): 123647, 95th(us): 129279, 99th(us): 140543, 99.9th(us): 159871, 99.99th(us): 171903
UPDATE - Takes(s): 759.9, Count: 21687, OPS: 28.5, Avg(us): 64191, Min(us): 47808, Max(us): 104447, 50th(us): 63551, 90th(us): 70975, 95th(us): 73983, 99th(us): 81151, 99.9th(us): 89663, 99.99th(us): 99263
READ   - Takes(s): 769.9, Count: 18926, OPS: 24.6, Avg(us): 108350, Min(us): 47520, Max(us): 192895, 50th(us): 115199, 90th(us): 129791, 95th(us): 134655, 99th(us): 146815, 99.9th(us): 165119, 99.99th(us): 177151
READ_ERROR - Takes(s): 769.9, Count: 3509, OPS: 4.6, Avg(us): 110420, Min(us): 50752, Max(us): 193535, 50th(us): 117055, 90th(us): 132607, 95th(us): 139135, 99th(us): 154111, 99.9th(us): 169727, 99.99th(us): 193535
TOTAL  - Takes(s): 769.9, Count: 40933, OPS: 53.2, Avg(us): 84575, Min(us): 47520, Max(us): 192895, 50th(us): 68351, 90th(us): 123519, 95th(us): 129151, 99th(us): 140543, 99.9th(us): 159871, 99.99th(us): 171903
UPDATE - Takes(s): 769.9, Count: 22007, OPS: 28.6, Avg(us): 64128, Min(us): 47808, Max(us): 104447, 50th(us): 63487, 90th(us): 70911, 95th(us): 73919, 99th(us): 81087, 99.9th(us): 89663, 99.99th(us): 99263
READ   - Takes(s): 779.9, Count: 19218, OPS: 24.6, Avg(us): 108315, Min(us): 47520, Max(us): 192895, 50th(us): 115135, 90th(us): 129663, 95th(us): 134527, 99th(us): 146815, 99.9th(us): 165119, 99.99th(us): 177151
READ_ERROR - Takes(s): 779.9, Count: 3532, OPS: 4.5, Avg(us): 110376, Min(us): 50752, Max(us): 193535, 50th(us): 116991, 90th(us): 132479, 95th(us): 139135, 99th(us): 154111, 99.9th(us): 169727, 99.99th(us): 193535
TOTAL  - Takes(s): 779.9, Count: 41500, OPS: 53.2, Avg(us): 84565, Min(us): 47520, Max(us): 192895, 50th(us): 68351, 90th(us): 123391, 95th(us): 129023, 99th(us): 140415, 99.9th(us): 159871, 99.99th(us): 171903
UPDATE - Takes(s): 779.9, Count: 22282, OPS: 28.6, Avg(us): 64081, Min(us): 47808, Max(us): 104447, 50th(us): 63423, 90th(us): 70847, 95th(us): 73919, 99th(us): 81023, 99.9th(us): 89663, 99.99th(us): 99263
READ   - Takes(s): 789.9, Count: 19504, OPS: 24.7, Avg(us): 108242, Min(us): 47520, Max(us): 192895, 50th(us): 115071, 90th(us): 129535, 95th(us): 134399, 99th(us): 146687, 99.9th(us): 164991, 99.99th(us): 177151
READ_ERROR - Takes(s): 789.9, Count: 3548, OPS: 4.5, Avg(us): 110309, Min(us): 50752, Max(us): 193535, 50th(us): 116991, 90th(us): 132479, 95th(us): 139135, 99th(us): 154111, 99.9th(us): 169727, 99.99th(us): 193535
TOTAL  - Takes(s): 789.9, Count: 42086, OPS: 53.3, Avg(us): 84532, Min(us): 47520, Max(us): 192895, 50th(us): 68351, 90th(us): 123263, 95th(us): 128959, 99th(us): 140287, 99.9th(us): 159743, 99.99th(us): 171903
UPDATE - Takes(s): 789.9, Count: 22582, OPS: 28.6, Avg(us): 64053, Min(us): 47808, Max(us): 104447, 50th(us): 63423, 90th(us): 70847, 95th(us): 73791, 99th(us): 80959, 99.9th(us): 89279, 99.99th(us): 99263
READ   - Takes(s): 799.9, Count: 19800, OPS: 24.8, Avg(us): 108162, Min(us): 47520, Max(us): 192895, 50th(us): 115007, 90th(us): 129471, 95th(us): 134271, 99th(us): 146559, 99.9th(us): 164991, 99.99th(us): 177151
READ_ERROR - Takes(s): 799.9, Count: 3567, OPS: 4.5, Avg(us): 110288, Min(us): 50752, Max(us): 193535, 50th(us): 116927, 90th(us): 132479, 95th(us): 139135, 99th(us): 154111, 99.9th(us): 169727, 99.99th(us): 193535
TOTAL  - Takes(s): 799.9, Count: 42675, OPS: 53.3, Avg(us): 84496, Min(us): 47520, Max(us): 192895, 50th(us): 68287, 90th(us): 123135, 95th(us): 128831, 99th(us): 140159, 99.9th(us): 159615, 99.99th(us): 171903
UPDATE - Takes(s): 799.9, Count: 22875, OPS: 28.6, Avg(us): 64011, Min(us): 47808, Max(us): 104447, 50th(us): 63359, 90th(us): 70783, 95th(us): 73727, 99th(us): 80895, 99.9th(us): 89279, 99.99th(us): 99263
READ   - Takes(s): 809.9, Count: 20092, OPS: 24.8, Avg(us): 108097, Min(us): 47520, Max(us): 192895, 50th(us): 114879, 90th(us): 129343, 95th(us): 134271, 99th(us): 146303, 99.9th(us): 164991, 99.99th(us): 177151
READ_ERROR - Takes(s): 809.9, Count: 3580, OPS: 4.4, Avg(us): 110248, Min(us): 50752, Max(us): 193535, 50th(us): 116927, 90th(us): 132479, 95th(us): 139135, 99th(us): 154111, 99.9th(us): 169727, 99.99th(us): 193535
TOTAL  - Takes(s): 809.9, Count: 43273, OPS: 53.4, Avg(us): 84452, Min(us): 47520, Max(us): 192895, 50th(us): 68287, 90th(us): 123071, 95th(us): 128767, 99th(us): 140159, 99.9th(us): 159615, 99.99th(us): 171903
UPDATE - Takes(s): 809.9, Count: 23181, OPS: 28.6, Avg(us): 63957, Min(us): 47808, Max(us): 104447, 50th(us): 63327, 90th(us): 70719, 95th(us): 73727, 99th(us): 80895, 99.9th(us): 89279, 99.99th(us): 99263
READ   - Takes(s): 819.9, Count: 20375, OPS: 24.9, Avg(us): 108016, Min(us): 47520, Max(us): 192895, 50th(us): 114815, 90th(us): 129151, 95th(us): 134143, 99th(us): 146175, 99.9th(us): 164991, 99.99th(us): 177151
READ_ERROR - Takes(s): 819.9, Count: 3594, OPS: 4.4, Avg(us): 110197, Min(us): 50752, Max(us): 193535, 50th(us): 116863, 90th(us): 132479, 95th(us): 139135, 99th(us): 154111, 99.9th(us): 169727, 99.99th(us): 193535
TOTAL  - Takes(s): 819.9, Count: 43886, OPS: 53.5, Avg(us): 84383, Min(us): 47520, Max(us): 192895, 50th(us): 68159, 90th(us): 122943, 95th(us): 128639, 99th(us): 140031, 99.9th(us): 159487, 99.99th(us): 171903
UPDATE - Takes(s): 819.9, Count: 23511, OPS: 28.7, Avg(us): 63902, Min(us): 47808, Max(us): 104447, 50th(us): 63263, 90th(us): 70655, 95th(us): 73663, 99th(us): 80831, 99.9th(us): 88767, 99.99th(us): 99263
READ   - Takes(s): 829.9, Count: 20666, OPS: 24.9, Avg(us): 107952, Min(us): 47520, Max(us): 192895, 50th(us): 114751, 90th(us): 129087, 95th(us): 134015, 99th(us): 146047, 99.9th(us): 164735, 99.99th(us): 177151
READ_ERROR - Takes(s): 829.9, Count: 3609, OPS: 4.3, Avg(us): 110196, Min(us): 50752, Max(us): 193535, 50th(us): 116799, 90th(us): 132479, 95th(us): 139135, 99th(us): 154111, 99.9th(us): 169727, 99.99th(us): 193535
TOTAL  - Takes(s): 829.9, Count: 44476, OPS: 53.6, Avg(us): 84349, Min(us): 47520, Max(us): 192895, 50th(us): 68159, 90th(us): 122879, 95th(us): 128511, 99th(us): 140031, 99.9th(us): 159487, 99.99th(us): 171903
UPDATE - Takes(s): 829.9, Count: 23810, OPS: 28.7, Avg(us): 63863, Min(us): 47808, Max(us): 104447, 50th(us): 63231, 90th(us): 70591, 95th(us): 73599, 99th(us): 80767, 99.9th(us): 88767, 99.99th(us): 99263
READ   - Takes(s): 839.9, Count: 20954, OPS: 24.9, Avg(us): 107885, Min(us): 47520, Max(us): 192895, 50th(us): 114687, 90th(us): 128959, 95th(us): 133887, 99th(us): 145663, 99.9th(us): 164735, 99.99th(us): 177151
READ_ERROR - Takes(s): 839.9, Count: 3623, OPS: 4.3, Avg(us): 110168, Min(us): 50752, Max(us): 193535, 50th(us): 116799, 90th(us): 132479, 95th(us): 139007, 99th(us): 154111, 99.9th(us): 169727, 99.99th(us): 193535
TOTAL  - Takes(s): 839.9, Count: 45073, OPS: 53.7, Avg(us): 84305, Min(us): 47520, Max(us): 192895, 50th(us): 68095, 90th(us): 122751, 95th(us): 128447, 99th(us): 139903, 99.9th(us): 159359, 99.99th(us): 169983
UPDATE - Takes(s): 839.9, Count: 24119, OPS: 28.7, Avg(us): 63819, Min(us): 47808, Max(us): 104447, 50th(us): 63167, 90th(us): 70527, 95th(us): 73535, 99th(us): 80639, 99.9th(us): 88767, 99.99th(us): 99263
READ   - Takes(s): 849.9, Count: 21257, OPS: 25.0, Avg(us): 107827, Min(us): 47520, Max(us): 192895, 50th(us): 114623, 90th(us): 128831, 95th(us): 133759, 99th(us): 145535, 99.9th(us): 164735, 99.99th(us): 177151
READ_ERROR - Takes(s): 849.9, Count: 3637, OPS: 4.3, Avg(us): 110164, Min(us): 50752, Max(us): 193535, 50th(us): 116799, 90th(us): 132351, 95th(us): 138879, 99th(us): 154111, 99.9th(us): 169727, 99.99th(us): 193535
TOTAL  - Takes(s): 849.9, Count: 45665, OPS: 53.7, Avg(us): 84278, Min(us): 47520, Max(us): 192895, 50th(us): 68095, 90th(us): 122687, 95th(us): 128319, 99th(us): 139775, 99.9th(us): 159231, 99.99th(us): 169983
UPDATE - Takes(s): 849.9, Count: 24408, OPS: 28.7, Avg(us): 63769, Min(us): 47808, Max(us): 104447, 50th(us): 63135, 90th(us): 70463, 95th(us): 73471, 99th(us): 80575, 99.9th(us): 88767, 99.99th(us): 99263
READ   - Takes(s): 859.9, Count: 21538, OPS: 25.0, Avg(us): 107727, Min(us): 47520, Max(us): 192895, 50th(us): 114559, 90th(us): 128767, 95th(us): 133759, 99th(us): 145535, 99.9th(us): 164607, 99.99th(us): 177151
READ_ERROR - Takes(s): 859.9, Count: 3653, OPS: 4.2, Avg(us): 110112, Min(us): 50752, Max(us): 193535, 50th(us): 116799, 90th(us): 132351, 95th(us): 138879, 99th(us): 153727, 99.9th(us): 169727, 99.99th(us): 193535
TOTAL  - Takes(s): 859.9, Count: 46248, OPS: 53.8, Avg(us): 84214, Min(us): 47520, Max(us): 192895, 50th(us): 68031, 90th(us): 122623, 95th(us): 128255, 99th(us): 139775, 99.9th(us): 159231, 99.99th(us): 169983
UPDATE - Takes(s): 859.9, Count: 24710, OPS: 28.7, Avg(us): 63719, Min(us): 47808, Max(us): 104447, 50th(us): 63071, 90th(us): 70399, 95th(us): 73407, 99th(us): 80511, 99.9th(us): 88703, 99.99th(us): 99263
**********************************************
Run finished, takes 14m23.502953456s
READ   - Takes(s): 863.4, Count: 21576, OPS: 25.0, Avg(us): 107675, Min(us): 47520, Max(us): 192895, 50th(us): 114559, 90th(us): 128767, 95th(us): 133631, 99th(us): 145407, 99.9th(us): 164607, 99.99th(us): 177151
READ_ERROR - Takes(s): 863.4, Count: 3657, OPS: 4.2, Avg(us): 110056, Min(us): 50752, Max(us): 193535, 50th(us): 116735, 90th(us): 132351, 95th(us): 138879, 99th(us): 153727, 99.9th(us): 169727, 99.99th(us): 193535
TOTAL  - Takes(s): 863.4, Count: 46343, OPS: 53.7, Avg(us): 84179, Min(us): 47520, Max(us): 192895, 50th(us): 68031, 90th(us): 122623, 95th(us): 128255, 99th(us): 139775, 99.9th(us): 159231, 99.99th(us): 169983
UPDATE - Takes(s): 863.4, Count: 24767, OPS: 28.7, Avg(us): 63710, Min(us): 47808, Max(us): 104447, 50th(us): 63071, 90th(us): 70399, 95th(us): 73407, 99th(us): 80447, 99.9th(us): 88703, 99.99th(us): 99263
