Now loading data using DB:  etcd
core
Using request distribution 'uniform' a keyrange of [0 99999]
***************** properties *****************
"docollectingdata"="false"
"etcd.endpoints"="192.168.37.13:2379"
"readproportion"="0.5"
"threadcount"="5"
"requestdistribution"="uniform"
"operationcount"="50000"
"command"="run"
"insertproportion"="0"
"readallfields"="true"
"workload"="core"
"dotransactions"="true"
"etcd.dial_timeout"="1s"
"scanproportion"="0"
"recordcount"="100000"
"updateproportion"="0.5"
**********************************************
READ   - Takes(s): 9.8, Count: 151, OPS: 15.4, Avg(us): 144371, Min(us): 68800, Max(us): 195071, 50th(us): 155263, 90th(us): 171903, 95th(us): 177407, 99th(us): 190207, 99.9th(us): 195071, 99.99th(us): 195071
READ_ERROR - Takes(s): 9.9, Count: 72, OPS: 7.3, Avg(us): 139228, Min(us): 66944, Max(us): 183423, 50th(us): 155647, 90th(us): 170751, 95th(us): 173311, 99th(us): 177791, 99.9th(us): 183423, 99.99th(us): 183423
TOTAL  - Takes(s): 9.9, Count: 369, OPS: 37.2, Avg(us): 107013, Min(us): 63328, Max(us): 195071, 50th(us): 86399, 90th(us): 164351, 95th(us): 169343, 99th(us): 185215, 99.9th(us): 195071, 99.99th(us): 195071
UPDATE - Takes(s): 9.9, Count: 218, OPS: 22.0, Avg(us): 81136, Min(us): 63328, Max(us): 106047, 50th(us): 81343, 90th(us): 90047, 95th(us): 93503, 99th(us): 98239, 99.9th(us): 106047, 99.99th(us): 106047
READ   - Takes(s): 19.8, Count: 281, OPS: 14.2, Avg(us): 146954, Min(us): 68800, Max(us): 195071, 50th(us): 158207, 90th(us): 173823, 95th(us): 177663, 99th(us): 185983, 99.9th(us): 195071, 99.99th(us): 195071
READ_ERROR - Takes(s): 19.9, Count: 166, OPS: 8.3, Avg(us): 141251, Min(us): 66944, Max(us): 183423, 50th(us): 156927, 90th(us): 172031, 95th(us): 175359, 99th(us): 180735, 99.9th(us): 183423, 99.99th(us): 183423
TOTAL  - Takes(s): 19.9, Count: 709, OPS: 35.6, Avg(us): 107668, Min(us): 63328, Max(us): 195071, 50th(us): 86271, 90th(us): 167167, 95th(us): 171903, 99th(us): 181247, 99.9th(us): 190719, 99.99th(us): 195071
UPDATE - Takes(s): 19.9, Count: 428, OPS: 21.5, Avg(us): 81875, Min(us): 63328, Max(us): 117439, 50th(us): 81919, 90th(us): 89599, 95th(us): 93055, 99th(us): 100031, 99.9th(us): 117439, 99.99th(us): 117439
READ   - Takes(s): 29.8, Count: 434, OPS: 14.5, Avg(us): 146668, Min(us): 68800, Max(us): 231039, 50th(us): 159487, 90th(us): 175103, 95th(us): 177919, 99th(us): 190719, 99.9th(us): 231039, 99.99th(us): 231039
READ_ERROR - Takes(s): 29.9, Count: 233, OPS: 7.8, Avg(us): 141666, Min(us): 66944, Max(us): 201215, 50th(us): 157823, 90th(us): 172031, 95th(us): 175615, 99th(us): 191743, 99.9th(us): 201215, 99.99th(us): 201215
TOTAL  - Takes(s): 29.9, Count: 1075, OPS: 35.9, Avg(us): 108581, Min(us): 63328, Max(us): 231039, 50th(us): 86719, 90th(us): 167935, 95th(us): 173439, 99th(us): 185215, 99.9th(us): 214399, 99.99th(us): 231039
UPDATE - Takes(s): 29.9, Count: 641, OPS: 21.4, Avg(us): 82793, Min(us): 63328, Max(us): 151807, 50th(us): 82559, 90th(us): 91583, 95th(us): 96063, 99th(us): 117439, 99.9th(us): 151679, 99.99th(us): 151807
READ   - Takes(s): 39.8, Count: 564, OPS: 14.2, Avg(us): 145693, Min(us): 68800, Max(us): 238591, 50th(us): 159487, 90th(us): 176255, 95th(us): 181375, 99th(us): 204799, 99.9th(us): 231039, 99.99th(us): 238591
READ_ERROR - Takes(s): 39.9, Count: 307, OPS: 7.7, Avg(us): 145991, Min(us): 66944, Max(us): 280319, 50th(us): 159231, 90th(us): 176767, 95th(us): 188415, 99th(us): 231807, 99.9th(us): 280319, 99.99th(us): 280319
TOTAL  - Takes(s): 39.9, Count: 1429, OPS: 35.8, Avg(us): 108276, Min(us): 63328, Max(us): 238591, 50th(us): 87231, 90th(us): 168063, 95th(us): 174079, 99th(us): 190463, 99.9th(us): 231039, 99.99th(us): 238591
UPDATE - Takes(s): 39.9, Count: 865, OPS: 21.7, Avg(us): 83879, Min(us): 63328, Max(us): 156415, 50th(us): 82943, 90th(us): 93567, 95th(us): 99519, 99th(us): 120447, 99.9th(us): 153727, 99.99th(us): 156415
READ   - Takes(s): 49.8, Count: 686, OPS: 13.8, Avg(us): 146148, Min(us): 68800, Max(us): 238591, 50th(us): 159615, 90th(us): 176511, 95th(us): 182783, 99th(us): 205311, 99.9th(us): 231039, 99.99th(us): 238591
READ_ERROR - Takes(s): 49.9, Count: 395, OPS: 7.9, Avg(us): 146475, Min(us): 66944, Max(us): 280319, 50th(us): 159615, 90th(us): 177535, 95th(us): 188415, 99th(us): 213503, 99.9th(us): 280319, 99.99th(us): 280319
TOTAL  - Takes(s): 49.9, Count: 1766, OPS: 35.4, Avg(us): 108658, Min(us): 63328, Max(us): 238591, 50th(us): 87615, 90th(us): 168831, 95th(us): 174719, 99th(us): 191871, 99.9th(us): 230911, 99.99th(us): 238591
UPDATE - Takes(s): 49.9, Count: 1080, OPS: 21.6, Avg(us): 84844, Min(us): 63328, Max(us): 156415, 50th(us): 83455, 90th(us): 95551, 95th(us): 106047, 99th(us): 123839, 99.9th(us): 153727, 99.99th(us): 156415
READ   - Takes(s): 59.8, Count: 829, OPS: 13.9, Avg(us): 147426, Min(us): 68800, Max(us): 238591, 50th(us): 160383, 90th(us): 177663, 95th(us): 188927, 99th(us): 206975, 99.9th(us): 231039, 99.99th(us): 238591
READ_ERROR - Takes(s): 59.9, Count: 470, OPS: 7.8, Avg(us): 146741, Min(us): 66944, Max(us): 280319, 50th(us): 159615, 90th(us): 177791, 95th(us): 188415, 99th(us): 213503, 99.9th(us): 280319, 99.99th(us): 280319
TOTAL  - Takes(s): 59.9, Count: 2102, OPS: 35.1, Avg(us): 109789, Min(us): 63328, Max(us): 238591, 50th(us): 88255, 90th(us): 169471, 95th(us): 176127, 99th(us): 197887, 99.9th(us): 230911, 99.99th(us): 238591
UPDATE - Takes(s): 59.9, Count: 1273, OPS: 21.2, Avg(us): 85279, Min(us): 63328, Max(us): 156415, 50th(us): 83583, 90th(us): 96511, 95th(us): 107967, 99th(us): 126975, 99.9th(us): 153727, 99.99th(us): 156415
READ   - Takes(s): 69.8, Count: 986, OPS: 14.1, Avg(us): 145577, Min(us): 62432, Max(us): 238591, 50th(us): 157311, 90th(us): 176639, 95th(us): 185471, 99th(us): 205183, 99.9th(us): 231039, 99.99th(us): 238591
READ_ERROR - Takes(s): 69.9, Count: 552, OPS: 7.9, Avg(us): 144556, Min(us): 66944, Max(us): 280319, 50th(us): 157311, 90th(us): 176511, 95th(us): 187007, 99th(us): 212351, 99.9th(us): 280319, 99.99th(us): 280319
TOTAL  - Takes(s): 69.9, Count: 2492, OPS: 35.6, Avg(us): 108296, Min(us): 62432, Max(us): 238591, 50th(us): 87551, 90th(us): 167935, 95th(us): 174719, 99th(us): 196607, 99.9th(us): 230911, 99.99th(us): 238591
UPDATE - Takes(s): 69.9, Count: 1506, OPS: 21.5, Avg(us): 83887, Min(us): 63328, Max(us): 156415, 50th(us): 82303, 90th(us): 95295, 95th(us): 105791, 99th(us): 124863, 99.9th(us): 151807, 99.99th(us): 156415
READ   - Takes(s): 79.8, Count: 1139, OPS: 14.3, Avg(us): 143593, Min(us): 62432, Max(us): 238591, 50th(us): 154367, 90th(us): 175615, 95th(us): 182015, 99th(us): 204799, 99.9th(us): 231039, 99.99th(us): 238591
READ_ERROR - Takes(s): 79.9, Count: 639, OPS: 8.0, Avg(us): 142877, Min(us): 66944, Max(us): 280319, 50th(us): 154239, 90th(us): 175359, 95th(us): 182655, 99th(us): 212351, 99.9th(us): 280319, 99.99th(us): 280319
TOTAL  - Takes(s): 79.9, Count: 2887, OPS: 36.1, Avg(us): 106774, Min(us): 62432, Max(us): 238591, 50th(us): 86783, 90th(us): 166399, 95th(us): 173183, 99th(us): 191999, 99.9th(us): 230911, 99.99th(us): 238591
UPDATE - Takes(s): 79.9, Count: 1748, OPS: 21.9, Avg(us): 82782, Min(us): 62688, Max(us): 156415, 50th(us): 81023, 90th(us): 93631, 95th(us): 102655, 99th(us): 124543, 99.9th(us): 151807, 99.99th(us): 156415
READ   - Takes(s): 89.8, Count: 1292, OPS: 14.4, Avg(us): 142632, Min(us): 62432, Max(us): 238591, 50th(us): 150399, 90th(us): 174463, 95th(us): 180991, 99th(us): 204159, 99.9th(us): 231039, 99.99th(us): 238591
READ_ERROR - Takes(s): 89.9, Count: 730, OPS: 8.1, Avg(us): 142142, Min(us): 61440, Max(us): 280319, 50th(us): 150143, 90th(us): 174207, 95th(us): 180863, 99th(us): 205183, 99.9th(us): 280319, 99.99th(us): 280319
TOTAL  - Takes(s): 89.9, Count: 3262, OPS: 36.3, Avg(us): 106054, Min(us): 62432, Max(us): 238591, 50th(us): 86143, 90th(us): 165119, 95th(us): 172031, 99th(us): 190591, 99.9th(us): 230911, 99.99th(us): 238591
UPDATE - Takes(s): 89.9, Count: 1970, OPS: 21.9, Avg(us): 82066, Min(us): 62688, Max(us): 156415, 50th(us): 80255, 90th(us): 92543, 95th(us): 100031, 99th(us): 123839, 99.9th(us): 151807, 99.99th(us): 156415
READ   - Takes(s): 99.8, Count: 1450, OPS: 14.5, Avg(us): 141413, Min(us): 62432, Max(us): 238591, 50th(us): 148479, 90th(us): 173055, 95th(us): 179199, 99th(us): 203903, 99.9th(us): 231039, 99.99th(us): 238591
READ_ERROR - Takes(s): 99.9, Count: 806, OPS: 8.1, Avg(us): 141020, Min(us): 57056, Max(us): 280319, 50th(us): 149119, 90th(us): 173567, 95th(us): 179967, 99th(us): 204543, 99.9th(us): 280319, 99.99th(us): 280319
TOTAL  - Takes(s): 99.9, Count: 3671, OPS: 36.7, Avg(us): 105070, Min(us): 62432, Max(us): 238591, 50th(us): 85439, 90th(us): 163839, 95th(us): 171263, 99th(us): 190207, 99.9th(us): 215807, 99.99th(us): 238591
UPDATE - Takes(s): 99.9, Count: 2221, OPS: 22.2, Avg(us): 81343, Min(us): 62688, Max(us): 156415, 50th(us): 79551, 90th(us): 91711, 95th(us): 98303, 99th(us): 123519, 99.9th(us): 151807, 99.99th(us): 156415
READ   - Takes(s): 109.8, Count: 1610, OPS: 14.7, Avg(us): 140512, Min(us): 62432, Max(us): 238591, 50th(us): 147327, 90th(us): 172159, 95th(us): 177919, 99th(us): 200831, 99.9th(us): 230911, 99.99th(us): 238591
READ_ERROR - Takes(s): 109.9, Count: 883, OPS: 8.0, Avg(us): 140376, Min(us): 57056, Max(us): 280319, 50th(us): 147839, 90th(us): 172415, 95th(us): 178815, 99th(us): 203903, 99.9th(us): 280319, 99.99th(us): 280319
TOTAL  - Takes(s): 109.9, Count: 4084, OPS: 37.2, Avg(us): 104204, Min(us): 60704, Max(us): 238591, 50th(us): 84671, 90th(us): 161919, 95th(us): 170111, 99th(us): 188927, 99.9th(us): 215807, 99.99th(us): 238591
UPDATE - Takes(s): 109.9, Count: 2474, OPS: 22.5, Avg(us): 80577, Min(us): 60704, Max(us): 156415, 50th(us): 78847, 90th(us): 91007, 95th(us): 97023, 99th(us): 123455, 99.9th(us): 151807, 99.99th(us): 156415
READ   - Takes(s): 119.8, Count: 1782, OPS: 14.9, Avg(us): 139412, Min(us): 62432, Max(us): 238591, 50th(us): 146047, 90th(us): 171647, 95th(us): 177407, 99th(us): 199295, 99.9th(us): 230911, 99.99th(us): 238591
READ_ERROR - Takes(s): 119.9, Count: 953, OPS: 7.9, Avg(us): 139390, Min(us): 57056, Max(us): 280319, 50th(us): 146943, 90th(us): 171775, 95th(us): 177791, 99th(us): 201215, 99.9th(us): 280319, 99.99th(us): 280319
TOTAL  - Takes(s): 119.9, Count: 4509, OPS: 37.6, Avg(us): 103559, Min(us): 60704, Max(us): 238591, 50th(us): 84223, 90th(us): 160255, 95th(us): 169215, 99th(us): 188159, 99.9th(us): 214399, 99.99th(us): 238591
UPDATE - Takes(s): 119.9, Count: 2727, OPS: 22.7, Avg(us): 80131, Min(us): 60704, Max(us): 156415, 50th(us): 78399, 90th(us): 90047, 95th(us): 96255, 99th(us): 123135, 99.9th(us): 151679, 99.99th(us): 156415
READ   - Takes(s): 129.8, Count: 1957, OPS: 15.1, Avg(us): 138897, Min(us): 62432, Max(us): 238591, 50th(us): 145023, 90th(us): 170623, 95th(us): 176639, 99th(us): 197887, 99.9th(us): 230911, 99.99th(us): 238591
READ_ERROR - Takes(s): 129.9, Count: 1018, OPS: 7.8, Avg(us): 138811, Min(us): 57056, Max(us): 280319, 50th(us): 145919, 90th(us): 171391, 95th(us): 177535, 99th(us): 201215, 99.9th(us): 280319, 99.99th(us): 280319
TOTAL  - Takes(s): 129.9, Count: 4930, OPS: 37.9, Avg(us): 103145, Min(us): 60704, Max(us): 238591, 50th(us): 83903, 90th(us): 159231, 95th(us): 168319, 99th(us): 185471, 99.9th(us): 214399, 99.99th(us): 238591
UPDATE - Takes(s): 129.9, Count: 2973, OPS: 22.9, Avg(us): 79610, Min(us): 60704, Max(us): 156415, 50th(us): 77823, 90th(us): 89535, 95th(us): 95551, 99th(us): 120319, 99.9th(us): 151679, 99.99th(us): 156415
READ   - Takes(s): 139.8, Count: 2126, OPS: 15.2, Avg(us): 138611, Min(us): 62432, Max(us): 238591, 50th(us): 144383, 90th(us): 169599, 95th(us): 176127, 99th(us): 197887, 99.9th(us): 230911, 99.99th(us): 238591
READ_ERROR - Takes(s): 139.9, Count: 1092, OPS: 7.8, Avg(us): 138430, Min(us): 57056, Max(us): 280319, 50th(us): 145535, 90th(us): 170495, 95th(us): 176511, 99th(us): 200703, 99.9th(us): 280319, 99.99th(us): 280319
TOTAL  - Takes(s): 139.9, Count: 5324, OPS: 38.1, Avg(us): 103028, Min(us): 60704, Max(us): 238591, 50th(us): 83711, 90th(us): 157951, 95th(us): 167423, 99th(us): 183295, 99.9th(us): 214399, 99.99th(us): 231039
UPDATE - Takes(s): 139.9, Count: 3198, OPS: 22.9, Avg(us): 79373, Min(us): 60704, Max(us): 156415, 50th(us): 77503, 90th(us): 89087, 95th(us): 95039, 99th(us): 120191, 99.9th(us): 151679, 99.99th(us): 156415
READ   - Takes(s): 149.8, Count: 2305, OPS: 15.4, Avg(us): 137840, Min(us): 62432, Max(us): 238591, 50th(us): 143487, 90th(us): 168959, 95th(us): 175615, 99th(us): 197503, 99.9th(us): 230911, 99.99th(us): 238591
READ_ERROR - Takes(s): 149.9, Count: 1160, OPS: 7.7, Avg(us): 137977, Min(us): 57056, Max(us): 280319, 50th(us): 144639, 90th(us): 169983, 95th(us): 175871, 99th(us): 197887, 99.9th(us): 280319, 99.99th(us): 280319
TOTAL  - Takes(s): 149.9, Count: 5746, OPS: 38.3, Avg(us): 102622, Min(us): 60704, Max(us): 238591, 50th(us): 83455, 90th(us): 156159, 95th(us): 166655, 99th(us): 182015, 99.9th(us): 209919, 99.99th(us): 231039
UPDATE - Takes(s): 149.9, Count: 3441, OPS: 23.0, Avg(us): 79031, Min(us): 60704, Max(us): 156415, 50th(us): 77183, 90th(us): 88639, 95th(us): 94207, 99th(us): 119615, 99.9th(us): 151679, 99.99th(us): 156415
READ   - Takes(s): 159.8, Count: 2493, OPS: 15.6, Avg(us): 137406, Min(us): 62432, Max(us): 238591, 50th(us): 143359, 90th(us): 168191, 95th(us): 175103, 99th(us): 196607, 99.9th(us): 230911, 99.99th(us): 238591
READ_ERROR - Takes(s): 159.9, Count: 1226, OPS: 7.7, Avg(us): 137485, Min(us): 57056, Max(us): 280319, 50th(us): 144511, 90th(us): 169599, 95th(us): 175615, 99th(us): 197887, 99.9th(us): 280319, 99.99th(us): 280319
TOTAL  - Takes(s): 159.9, Count: 6152, OPS: 38.5, Avg(us): 102574, Min(us): 60704, Max(us): 238591, 50th(us): 83199, 90th(us): 155263, 95th(us): 166015, 99th(us): 181247, 99.9th(us): 209919, 99.99th(us): 231039
UPDATE - Takes(s): 159.9, Count: 3659, OPS: 22.9, Avg(us): 78841, Min(us): 60704, Max(us): 156415, 50th(us): 77055, 90th(us): 88447, 95th(us): 93631, 99th(us): 117631, 99.9th(us): 151551, 99.99th(us): 156415
READ   - Takes(s): 169.8, Count: 2681, OPS: 15.8, Avg(us): 137136, Min(us): 62432, Max(us): 238591, 50th(us): 143231, 90th(us): 167423, 95th(us): 174207, 99th(us): 195071, 99.9th(us): 230911, 99.99th(us): 238591
READ_ERROR - Takes(s): 169.9, Count: 1286, OPS: 7.6, Avg(us): 137182, Min(us): 57056, Max(us): 280319, 50th(us): 144255, 90th(us): 169215, 95th(us): 175487, 99th(us): 197887, 99.9th(us): 280319, 99.99th(us): 280319
TOTAL  - Takes(s): 169.9, Count: 6564, OPS: 38.6, Avg(us): 102547, Min(us): 60704, Max(us): 238591, 50th(us): 83007, 90th(us): 154623, 95th(us): 165247, 99th(us): 180991, 99.9th(us): 208767, 99.99th(us): 231039
UPDATE - Takes(s): 169.9, Count: 3883, OPS: 22.9, Avg(us): 78664, Min(us): 60704, Max(us): 156415, 50th(us): 76991, 90th(us): 88191, 95th(us): 92991, 99th(us): 117439, 99.9th(us): 151551, 99.99th(us): 156415
READ   - Takes(s): 179.8, Count: 2861, OPS: 15.9, Avg(us): 136987, Min(us): 59744, Max(us): 238591, 50th(us): 143231, 90th(us): 166655, 95th(us): 173311, 99th(us): 191999, 99.9th(us): 230911, 99.99th(us): 238591
READ_ERROR - Takes(s): 179.9, Count: 1341, OPS: 7.5, Avg(us): 136823, Min(us): 57056, Max(us): 280319, 50th(us): 144255, 90th(us): 168959, 95th(us): 175359, 99th(us): 197887, 99.9th(us): 280319, 99.99th(us): 280319
TOTAL  - Takes(s): 179.9, Count: 6989, OPS: 38.8, Avg(us): 102454, Min(us): 59520, Max(us): 238591, 50th(us): 82751, 90th(us): 154239, 95th(us): 164607, 99th(us): 179839, 99.9th(us): 208767, 99.99th(us): 231039
UPDATE - Takes(s): 179.9, Count: 4128, OPS: 22.9, Avg(us): 78520, Min(us): 59520, Max(us): 156415, 50th(us): 76927, 90th(us): 87935, 95th(us): 92479, 99th(us): 117119, 99.9th(us): 151551, 99.99th(us): 156415
READ   - Takes(s): 189.8, Count: 3035, OPS: 16.0, Avg(us): 136799, Min(us): 59744, Max(us): 238591, 50th(us): 142975, 90th(us): 166271, 95th(us): 172671, 99th(us): 191871, 99.9th(us): 230911, 99.99th(us): 238591
READ_ERROR - Takes(s): 189.9, Count: 1404, OPS: 7.4, Avg(us): 136650, Min(us): 57056, Max(us): 280319, 50th(us): 143999, 90th(us): 168703, 95th(us): 174975, 99th(us): 196351, 99.9th(us): 280319, 99.99th(us): 280319
TOTAL  - Takes(s): 189.9, Count: 7401, OPS: 39.0, Avg(us): 102388, Min(us): 59520, Max(us): 238591, 50th(us): 82687, 90th(us): 153727, 95th(us): 164223, 99th(us): 178559, 99.9th(us): 208767, 99.99th(us): 231039
UPDATE - Takes(s): 189.9, Count: 4366, OPS: 23.0, Avg(us): 78468, Min(us): 59520, Max(us): 156415, 50th(us): 76927, 90th(us): 87871, 95th(us): 92223, 99th(us): 116479, 99.9th(us): 151551, 99.99th(us): 156415
READ   - Takes(s): 199.8, Count: 3225, OPS: 16.1, Avg(us): 136304, Min(us): 59744, Max(us): 238591, 50th(us): 142591, 90th(us): 165503, 95th(us): 172287, 99th(us): 190719, 99.9th(us): 230911, 99.99th(us): 238591
READ_ERROR - Takes(s): 199.9, Count: 1464, OPS: 7.3, Avg(us): 136397, Min(us): 57056, Max(us): 280319, 50th(us): 143743, 90th(us): 168319, 95th(us): 174335, 99th(us): 195839, 99.9th(us): 280319, 99.99th(us): 280319
TOTAL  - Takes(s): 199.9, Count: 7829, OPS: 39.2, Avg(us): 102174, Min(us): 59520, Max(us): 238591, 50th(us): 82559, 90th(us): 152959, 95th(us): 163327, 99th(us): 178047, 99.9th(us): 206975, 99.99th(us): 231039
UPDATE - Takes(s): 199.9, Count: 4604, OPS: 23.0, Avg(us): 78267, Min(us): 59520, Max(us): 156415, 50th(us): 76799, 90th(us): 87743, 95th(us): 92031, 99th(us): 116351, 99.9th(us): 135423, 99.99th(us): 156415
READ   - Takes(s): 209.8, Count: 3405, OPS: 16.2, Avg(us): 135886, Min(us): 59744, Max(us): 238591, 50th(us): 142079, 90th(us): 164991, 95th(us): 172031, 99th(us): 190591, 99.9th(us): 230911, 99.99th(us): 238591
READ_ERROR - Takes(s): 209.9, Count: 1526, OPS: 7.3, Avg(us): 136410, Min(us): 57056, Max(us): 280319, 50th(us): 143487, 90th(us): 167935, 95th(us): 174079, 99th(us): 195839, 99.9th(us): 280063, 99.99th(us): 280319
TOTAL  - Takes(s): 209.9, Count: 8257, OPS: 39.3, Avg(us): 101916, Min(us): 59520, Max(us): 238591, 50th(us): 82303, 90th(us): 152191, 95th(us): 162303, 99th(us): 177663, 99.9th(us): 206975, 99.99th(us): 231039
UPDATE - Takes(s): 209.9, Count: 4852, OPS: 23.1, Avg(us): 78077, Min(us): 59520, Max(us): 156415, 50th(us): 76543, 90th(us): 87487, 95th(us): 91711, 99th(us): 116095, 99.9th(us): 135423, 99.99th(us): 156415
READ   - Takes(s): 219.8, Count: 3598, OPS: 16.4, Avg(us): 135630, Min(us): 59744, Max(us): 238591, 50th(us): 141695, 90th(us): 164479, 95th(us): 171775, 99th(us): 190463, 99.9th(us): 215807, 99.99th(us): 238591
READ_ERROR - Takes(s): 219.9, Count: 1571, OPS: 7.1, Avg(us): 136255, Min(us): 57056, Max(us): 280319, 50th(us): 143231, 90th(us): 167551, 95th(us): 174079, 99th(us): 195327, 99.9th(us): 280063, 99.99th(us): 280319
TOTAL  - Takes(s): 219.9, Count: 8701, OPS: 39.6, Avg(us): 101782, Min(us): 59520, Max(us): 238591, 50th(us): 82175, 90th(us): 151935, 95th(us): 161791, 99th(us): 177663, 99.9th(us): 205311, 99.99th(us): 231039
UPDATE - Takes(s): 219.9, Count: 5103, OPS: 23.2, Avg(us): 77917, Min(us): 59520, Max(us): 156415, 50th(us): 76415, 90th(us): 87359, 95th(us): 91583, 99th(us): 115327, 99.9th(us): 135423, 99.99th(us): 153727
READ   - Takes(s): 229.8, Count: 3802, OPS: 16.5, Avg(us): 135276, Min(us): 59744, Max(us): 238591, 50th(us): 141567, 90th(us): 163967, 95th(us): 171391, 99th(us): 190207, 99.9th(us): 215807, 99.99th(us): 238591
READ_ERROR - Takes(s): 229.9, Count: 1626, OPS: 7.1, Avg(us): 135934, Min(us): 57056, Max(us): 280319, 50th(us): 142847, 90th(us): 167039, 95th(us): 173951, 99th(us): 195327, 99.9th(us): 280063, 99.99th(us): 280319
TOTAL  - Takes(s): 229.9, Count: 9130, OPS: 39.7, Avg(us): 101702, Min(us): 59520, Max(us): 238591, 50th(us): 81855, 90th(us): 151679, 95th(us): 161151, 99th(us): 177407, 99.9th(us): 205311, 99.99th(us): 231039
UPDATE - Takes(s): 229.9, Count: 5328, OPS: 23.2, Avg(us): 77744, Min(us): 59520, Max(us): 156415, 50th(us): 76223, 90th(us): 87231, 95th(us): 91199, 99th(us): 113663, 99.9th(us): 135423, 99.99th(us): 153727
READ   - Takes(s): 239.8, Count: 4001, OPS: 16.7, Avg(us): 135118, Min(us): 59744, Max(us): 238591, 50th(us): 141439, 90th(us): 163583, 95th(us): 170623, 99th(us): 189439, 99.9th(us): 215807, 99.99th(us): 238591
READ_ERROR - Takes(s): 239.9, Count: 1671, OPS: 7.0, Avg(us): 135895, Min(us): 57056, Max(us): 280319, 50th(us): 142719, 90th(us): 166783, 95th(us): 173311, 99th(us): 192767, 99.9th(us): 280063, 99.99th(us): 280319
TOTAL  - Takes(s): 239.9, Count: 9560, OPS: 39.8, Avg(us): 101707, Min(us): 59520, Max(us): 238591, 50th(us): 81791, 90th(us): 151295, 95th(us): 160511, 99th(us): 176895, 99.9th(us): 205183, 99.99th(us): 231039
UPDATE - Takes(s): 239.9, Count: 5559, OPS: 23.2, Avg(us): 77660, Min(us): 59520, Max(us): 156415, 50th(us): 76159, 90th(us): 87103, 95th(us): 91071, 99th(us): 112255, 99.9th(us): 134399, 99.99th(us): 153727
READ   - Takes(s): 249.8, Count: 4194, OPS: 16.8, Avg(us): 134998, Min(us): 59744, Max(us): 238591, 50th(us): 141311, 90th(us): 162815, 95th(us): 170239, 99th(us): 188927, 99.9th(us): 215807, 99.99th(us): 238591
READ_ERROR - Takes(s): 249.9, Count: 1729, OPS: 6.9, Avg(us): 135792, Min(us): 57056, Max(us): 280319, 50th(us): 142591, 90th(us): 166527, 95th(us): 173311, 99th(us): 192767, 99.9th(us): 280063, 99.99th(us): 280319
TOTAL  - Takes(s): 249.9, Count: 9978, OPS: 39.9, Avg(us): 101693, Min(us): 59520, Max(us): 238591, 50th(us): 81599, 90th(us): 150911, 95th(us): 159999, 99th(us): 176639, 99.9th(us): 205183, 99.99th(us): 231039
UPDATE - Takes(s): 249.9, Count: 5784, OPS: 23.1, Avg(us): 77544, Min(us): 59520, Max(us): 156415, 50th(us): 76095, 90th(us): 86911, 95th(us): 90815, 99th(us): 112063, 99.9th(us): 134399, 99.99th(us): 153727
READ   - Takes(s): 259.8, Count: 4375, OPS: 16.8, Avg(us): 134651, Min(us): 59744, Max(us): 238591, 50th(us): 141183, 90th(us): 162047, 95th(us): 169599, 99th(us): 188543, 99.9th(us): 215807, 99.99th(us): 238591
READ_ERROR - Takes(s): 259.9, Count: 1783, OPS: 6.9, Avg(us): 135604, Min(us): 57056, Max(us): 280319, 50th(us): 142463, 90th(us): 166143, 95th(us): 172543, 99th(us): 192639, 99.9th(us): 280063, 99.99th(us): 280319
TOTAL  - Takes(s): 259.9, Count: 10424, OPS: 40.1, Avg(us): 101456, Min(us): 59520, Max(us): 238591, 50th(us): 81471, 90th(us): 150527, 95th(us): 159615, 99th(us): 176383, 99.9th(us): 205183, 99.99th(us): 231039
UPDATE - Takes(s): 259.9, Count: 6049, OPS: 23.3, Avg(us): 77447, Min(us): 59520, Max(us): 156415, 50th(us): 76031, 90th(us): 86719, 95th(us): 90495, 99th(us): 109183, 99.9th(us): 134399, 99.99th(us): 153727
READ   - Takes(s): 269.8, Count: 4573, OPS: 16.9, Avg(us): 134413, Min(us): 59744, Max(us): 238591, 50th(us): 141055, 90th(us): 161279, 95th(us): 169343, 99th(us): 188159, 99.9th(us): 214399, 99.99th(us): 238591
READ_ERROR - Takes(s): 269.9, Count: 1834, OPS: 6.8, Avg(us): 135646, Min(us): 57056, Max(us): 280319, 50th(us): 142463, 90th(us): 166015, 95th(us): 172415, 99th(us): 192639, 99.9th(us): 280063, 99.99th(us): 280319
TOTAL  - Takes(s): 269.9, Count: 10856, OPS: 40.2, Avg(us): 101397, Min(us): 59520, Max(us): 238591, 50th(us): 81279, 90th(us): 150015, 95th(us): 159103, 99th(us): 176127, 99.9th(us): 204799, 99.99th(us): 231039
UPDATE - Takes(s): 269.9, Count: 6283, OPS: 23.3, Avg(us): 77366, Min(us): 59520, Max(us): 156415, 50th(us): 75967, 90th(us): 86591, 95th(us): 90303, 99th(us): 108095, 99.9th(us): 134399, 99.99th(us): 153727
READ   - Takes(s): 279.8, Count: 4777, OPS: 17.1, Avg(us): 134391, Min(us): 59744, Max(us): 238591, 50th(us): 141055, 90th(us): 161023, 95th(us): 169215, 99th(us): 186367, 99.9th(us): 214399, 99.99th(us): 238591
READ_ERROR - Takes(s): 279.9, Count: 1877, OPS: 6.7, Avg(us): 135612, Min(us): 57056, Max(us): 280319, 50th(us): 142335, 90th(us): 165887, 95th(us): 172031, 99th(us): 192639, 99.9th(us): 280063, 99.99th(us): 280319
TOTAL  - Takes(s): 279.9, Count: 11288, OPS: 40.3, Avg(us): 101434, Min(us): 59520, Max(us): 238591, 50th(us): 81279, 90th(us): 149887, 95th(us): 158975, 99th(us): 175871, 99.9th(us): 204799, 99.99th(us): 231039
UPDATE - Takes(s): 279.9, Count: 6511, OPS: 23.3, Avg(us): 77255, Min(us): 59520, Max(us): 156415, 50th(us): 75903, 90th(us): 86399, 95th(us): 90175, 99th(us): 107967, 99.9th(us): 131839, 99.99th(us): 153727
READ   - Takes(s): 289.8, Count: 4984, OPS: 17.2, Avg(us): 134364, Min(us): 59744, Max(us): 238591, 50th(us): 141055, 90th(us): 160511, 95th(us): 168831, 99th(us): 185471, 99.9th(us): 214399, 99.99th(us): 238591
READ_ERROR - Takes(s): 289.9, Count: 1924, OPS: 6.6, Avg(us): 135283, Min(us): 57056, Max(us): 280319, 50th(us): 142207, 90th(us): 165375, 95th(us): 172031, 99th(us): 192639, 99.9th(us): 280063, 99.99th(us): 280319
TOTAL  - Takes(s): 289.9, Count: 11713, OPS: 40.4, Avg(us): 101527, Min(us): 59520, Max(us): 238591, 50th(us): 81279, 90th(us): 149759, 95th(us): 158591, 99th(us): 175743, 99.9th(us): 204799, 99.99th(us): 231039
UPDATE - Takes(s): 289.9, Count: 6729, OPS: 23.2, Avg(us): 77205, Min(us): 59520, Max(us): 156415, 50th(us): 75839, 90th(us): 86271, 95th(us): 90047, 99th(us): 107903, 99.9th(us): 131839, 99.99th(us): 153727
READ   - Takes(s): 299.8, Count: 5174, OPS: 17.3, Avg(us): 134304, Min(us): 59744, Max(us): 238591, 50th(us): 140927, 90th(us): 160383, 95th(us): 168831, 99th(us): 184959, 99.9th(us): 214399, 99.99th(us): 231039
READ_ERROR - Takes(s): 299.9, Count: 1969, OPS: 6.6, Avg(us): 134961, Min(us): 57056, Max(us): 280319, 50th(us): 142079, 90th(us): 164479, 95th(us): 171775, 99th(us): 191743, 99.9th(us): 280063, 99.99th(us): 280319
TOTAL  - Takes(s): 299.9, Count: 12159, OPS: 40.5, Avg(us): 101468, Min(us): 59520, Max(us): 238591, 50th(us): 81279, 90th(us): 149759, 95th(us): 158591, 99th(us): 175743, 99.9th(us): 204799, 99.99th(us): 231039
UPDATE - Takes(s): 299.9, Count: 6985, OPS: 23.3, Avg(us): 77146, Min(us): 59520, Max(us): 156415, 50th(us): 75839, 90th(us): 86207, 95th(us): 89855, 99th(us): 107775, 99.9th(us): 131839, 99.99th(us): 153727
READ   - Takes(s): 309.8, Count: 5359, OPS: 17.3, Avg(us): 134142, Min(us): 59744, Max(us): 238591, 50th(us): 140799, 90th(us): 160127, 95th(us): 168575, 99th(us): 183679, 99.9th(us): 214399, 99.99th(us): 231039
READ_ERROR - Takes(s): 309.9, Count: 2011, OPS: 6.5, Avg(us): 134849, Min(us): 57056, Max(us): 280319, 50th(us): 141951, 90th(us): 164351, 95th(us): 171775, 99th(us): 191743, 99.9th(us): 280063, 99.99th(us): 280319
TOTAL  - Takes(s): 309.9, Count: 12619, OPS: 40.7, Avg(us): 101298, Min(us): 59520, Max(us): 238591, 50th(us): 81087, 90th(us): 149503, 95th(us): 158207, 99th(us): 175615, 99.9th(us): 204159, 99.99th(us): 231039
UPDATE - Takes(s): 309.9, Count: 7260, OPS: 23.4, Avg(us): 77055, Min(us): 59520, Max(us): 156415, 50th(us): 75775, 90th(us): 86079, 95th(us): 89663, 99th(us): 106367, 99.9th(us): 131839, 99.99th(us): 153727
READ   - Takes(s): 319.8, Count: 5562, OPS: 17.4, Avg(us): 133973, Min(us): 59744, Max(us): 238591, 50th(us): 140799, 90th(us): 159871, 95th(us): 168191, 99th(us): 182911, 99.9th(us): 209919, 99.99th(us): 231039
READ_ERROR - Takes(s): 319.9, Count: 2047, OPS: 6.4, Avg(us): 134772, Min(us): 57056, Max(us): 280319, 50th(us): 141823, 90th(us): 163967, 95th(us): 171647, 99th(us): 191743, 99.9th(us): 280063, 99.99th(us): 280319
TOTAL  - Takes(s): 319.9, Count: 13072, OPS: 40.9, Avg(us): 101251, Min(us): 59520, Max(us): 238591, 50th(us): 81023, 90th(us): 149503, 95th(us): 157823, 99th(us): 175487, 99.9th(us): 204159, 99.99th(us): 231039
UPDATE - Takes(s): 319.9, Count: 7510, OPS: 23.5, Avg(us): 77016, Min(us): 59520, Max(us): 156415, 50th(us): 75711, 90th(us): 86015, 95th(us): 89599, 99th(us): 105791, 99.9th(us): 131455, 99.99th(us): 153727
READ   - Takes(s): 329.8, Count: 5773, OPS: 17.5, Avg(us): 133924, Min(us): 59744, Max(us): 238591, 50th(us): 140671, 90th(us): 159487, 95th(us): 168063, 99th(us): 182783, 99.9th(us): 209919, 99.99th(us): 231039
READ_ERROR - Takes(s): 329.9, Count: 2081, OPS: 6.3, Avg(us): 134642, Min(us): 57056, Max(us): 280319, 50th(us): 141695, 90th(us): 163967, 95th(us): 171519, 99th(us): 188927, 99.9th(us): 280063, 99.99th(us): 280319
TOTAL  - Takes(s): 329.9, Count: 13525, OPS: 41.0, Avg(us): 101241, Min(us): 59520, Max(us): 238591, 50th(us): 80959, 90th(us): 149375, 95th(us): 157439, 99th(us): 175359, 99.9th(us): 203903, 99.99th(us): 231039
UPDATE - Takes(s): 329.9, Count: 7752, OPS: 23.5, Avg(us): 76902, Min(us): 59520, Max(us): 156415, 50th(us): 75647, 90th(us): 85759, 95th(us): 89343, 99th(us): 104895, 99.9th(us): 131455, 99.99th(us): 153727
READ   - Takes(s): 339.8, Count: 5984, OPS: 17.6, Avg(us): 133844, Min(us): 59744, Max(us): 238591, 50th(us): 140543, 90th(us): 159231, 95th(us): 167679, 99th(us): 182015, 99.9th(us): 209919, 99.99th(us): 231039
READ_ERROR - Takes(s): 339.9, Count: 2114, OPS: 6.2, Avg(us): 134593, Min(us): 57056, Max(us): 280319, 50th(us): 141439, 90th(us): 163583, 95th(us): 171391, 99th(us): 188927, 99.9th(us): 280063, 99.99th(us): 280319
TOTAL  - Takes(s): 339.9, Count: 13983, OPS: 41.1, Avg(us): 101201, Min(us): 59520, Max(us): 238591, 50th(us): 80895, 90th(us): 149247, 95th(us): 156927, 99th(us): 175103, 99.9th(us): 203903, 99.99th(us): 231039
UPDATE - Takes(s): 339.9, Count: 7999, OPS: 23.5, Avg(us): 76781, Min(us): 59520, Max(us): 156415, 50th(us): 75519, 90th(us): 85631, 95th(us): 89151, 99th(us): 103807, 99.9th(us): 131455, 99.99th(us): 153727
READ   - Takes(s): 349.8, Count: 6185, OPS: 17.7, Avg(us): 133661, Min(us): 59744, Max(us): 238591, 50th(us): 140415, 90th(us): 158847, 95th(us): 167423, 99th(us): 181375, 99.9th(us): 209919, 99.99th(us): 231039
READ_ERROR - Takes(s): 349.9, Count: 2144, OPS: 6.1, Avg(us): 134560, Min(us): 57056, Max(us): 280319, 50th(us): 141439, 90th(us): 163455, 95th(us): 171391, 99th(us): 188927, 99.9th(us): 280063, 99.99th(us): 280319
TOTAL  - Takes(s): 349.9, Count: 14452, OPS: 41.3, Avg(us): 101101, Min(us): 59520, Max(us): 238591, 50th(us): 80831, 90th(us): 148991, 95th(us): 156543, 99th(us): 174463, 99.9th(us): 203903, 99.99th(us): 231039
UPDATE - Takes(s): 349.9, Count: 8267, OPS: 23.6, Avg(us): 76741, Min(us): 59520, Max(us): 156415, 50th(us): 75519, 90th(us): 85503, 95th(us): 89023, 99th(us): 103167, 99.9th(us): 131455, 99.99th(us): 153727
READ   - Takes(s): 359.8, Count: 6403, OPS: 17.8, Avg(us): 133483, Min(us): 59744, Max(us): 238591, 50th(us): 140159, 90th(us): 158591, 95th(us): 167039, 99th(us): 181247, 99.9th(us): 209919, 99.99th(us): 231039
READ_ERROR - Takes(s): 359.9, Count: 2173, OPS: 6.0, Avg(us): 134473, Min(us): 57056, Max(us): 280319, 50th(us): 141311, 90th(us): 163199, 95th(us): 171391, 99th(us): 188799, 99.9th(us): 280063, 99.99th(us): 280319
TOTAL  - Takes(s): 359.9, Count: 14914, OPS: 41.4, Avg(us): 101065, Min(us): 59520, Max(us): 238591, 50th(us): 80767, 90th(us): 148735, 95th(us): 156287, 99th(us): 174207, 99.9th(us): 201215, 99.99th(us): 231039
UPDATE - Takes(s): 359.9, Count: 8511, OPS: 23.6, Avg(us): 76677, Min(us): 59520, Max(us): 156415, 50th(us): 75455, 90th(us): 85439, 95th(us): 88895, 99th(us): 103103, 99.9th(us): 130751, 99.99th(us): 153727
READ   - Takes(s): 369.8, Count: 6614, OPS: 17.9, Avg(us): 133294, Min(us): 59744, Max(us): 238591, 50th(us): 140031, 90th(us): 158207, 95th(us): 166655, 99th(us): 181247, 99.9th(us): 208767, 99.99th(us): 231039
READ_ERROR - Takes(s): 369.9, Count: 2202, OPS: 6.0, Avg(us): 134376, Min(us): 57056, Max(us): 280319, 50th(us): 141183, 90th(us): 163071, 95th(us): 171263, 99th(us): 188799, 99.9th(us): 280063, 99.99th(us): 280319
TOTAL  - Takes(s): 369.9, Count: 15384, OPS: 41.6, Avg(us): 100987, Min(us): 59520, Max(us): 238591, 50th(us): 80639, 90th(us): 148607, 95th(us): 156031, 99th(us): 173695, 99.9th(us): 201215, 99.99th(us): 230911
UPDATE - Takes(s): 369.9, Count: 8770, OPS: 23.7, Avg(us): 76623, Min(us): 59520, Max(us): 156415, 50th(us): 75391, 90th(us): 85247, 95th(us): 88895, 99th(us): 102655, 99.9th(us): 130751, 99.99th(us): 153727
READ   - Takes(s): 379.8, Count: 6832, OPS: 18.0, Avg(us): 133252, Min(us): 59744, Max(us): 238591, 50th(us): 140031, 90th(us): 157823, 95th(us): 166271, 99th(us): 181119, 99.9th(us): 208767, 99.99th(us): 231039
READ_ERROR - Takes(s): 379.9, Count: 2235, OPS: 5.9, Avg(us): 134260, Min(us): 57056, Max(us): 280319, 50th(us): 140927, 90th(us): 162943, 95th(us): 171135, 99th(us): 188799, 99.9th(us): 280063, 99.99th(us): 280319
TOTAL  - Takes(s): 379.9, Count: 15826, OPS: 41.7, Avg(us): 101058, Min(us): 59520, Max(us): 238591, 50th(us): 80703, 90th(us): 148479, 95th(us): 155903, 99th(us): 173311, 99.9th(us): 200831, 99.99th(us): 230911
UPDATE - Takes(s): 379.9, Count: 8994, OPS: 23.7, Avg(us): 76603, Min(us): 59520, Max(us): 156415, 50th(us): 75391, 90th(us): 85247, 95th(us): 88767, 99th(us): 102463, 99.9th(us): 130751, 99.99th(us): 153727
READ   - Takes(s): 389.8, Count: 7039, OPS: 18.1, Avg(us): 133086, Min(us): 59744, Max(us): 238591, 50th(us): 139903, 90th(us): 157183, 95th(us): 166015, 99th(us): 180991, 99.9th(us): 208767, 99.99th(us): 231039
READ_ERROR - Takes(s): 389.9, Count: 2273, OPS: 5.8, Avg(us): 134085, Min(us): 57056, Max(us): 280319, 50th(us): 140927, 90th(us): 162559, 95th(us): 170751, 99th(us): 188415, 99.9th(us): 280063, 99.99th(us): 280319
TOTAL  - Takes(s): 389.9, Count: 16287, OPS: 41.8, Avg(us): 100984, Min(us): 59520, Max(us): 238591, 50th(us): 80639, 90th(us): 148223, 95th(us): 155647, 99th(us): 173183, 99.9th(us): 200831, 99.99th(us): 230911
UPDATE - Takes(s): 389.9, Count: 9248, OPS: 23.7, Avg(us): 76550, Min(us): 59520, Max(us): 156415, 50th(us): 75327, 90th(us): 85183, 95th(us): 88703, 99th(us): 101887, 99.9th(us): 130751, 99.99th(us): 153727
READ   - Takes(s): 399.8, Count: 7255, OPS: 18.1, Avg(us): 132966, Min(us): 59744, Max(us): 238591, 50th(us): 139775, 90th(us): 156799, 95th(us): 165759, 99th(us): 180607, 99.9th(us): 208767, 99.99th(us): 231039
READ_ERROR - Takes(s): 399.9, Count: 2297, OPS: 5.7, Avg(us): 134012, Min(us): 57056, Max(us): 280319, 50th(us): 140799, 90th(us): 162303, 95th(us): 170495, 99th(us): 188415, 99.9th(us): 280063, 99.99th(us): 280319
TOTAL  - Takes(s): 399.9, Count: 16754, OPS: 41.9, Avg(us): 100958, Min(us): 59520, Max(us): 238591, 50th(us): 80639, 90th(us): 148095, 95th(us): 155391, 99th(us): 172799, 99.9th(us): 199807, 99.99th(us): 230911
UPDATE - Takes(s): 399.9, Count: 9499, OPS: 23.8, Avg(us): 76512, Min(us): 59520, Max(us): 156415, 50th(us): 75327, 90th(us): 85119, 95th(us): 88575, 99th(us): 100479, 99.9th(us): 130751, 99.99th(us): 153727
READ   - Takes(s): 409.8, Count: 7480, OPS: 18.3, Avg(us): 132819, Min(us): 59744, Max(us): 238591, 50th(us): 139647, 90th(us): 156543, 95th(us): 165375, 99th(us): 180351, 99.9th(us): 208767, 99.99th(us): 231039
READ_ERROR - Takes(s): 409.9, Count: 2321, OPS: 5.7, Avg(us): 133935, Min(us): 57056, Max(us): 280319, 50th(us): 140799, 90th(us): 162175, 95th(us): 170495, 99th(us): 188415, 99.9th(us): 280063, 99.99th(us): 280319
TOTAL  - Takes(s): 409.9, Count: 17224, OPS: 42.0, Avg(us): 100927, Min(us): 59520, Max(us): 238591, 50th(us): 80575, 90th(us): 148095, 95th(us): 155263, 99th(us): 172671, 99.9th(us): 199807, 99.99th(us): 230911
UPDATE - Takes(s): 409.9, Count: 9744, OPS: 23.8, Avg(us): 76446, Min(us): 59520, Max(us): 156415, 50th(us): 75263, 90th(us): 84991, 95th(us): 88511, 99th(us): 100223, 99.9th(us): 129791, 99.99th(us): 153727
READ   - Takes(s): 419.8, Count: 7706, OPS: 18.4, Avg(us): 132680, Min(us): 59744, Max(us): 238591, 50th(us): 139519, 90th(us): 156159, 95th(us): 165119, 99th(us): 179967, 99.9th(us): 206975, 99.99th(us): 231039
READ_ERROR - Takes(s): 419.9, Count: 2352, OPS: 5.6, Avg(us): 133879, Min(us): 57056, Max(us): 280319, 50th(us): 140671, 90th(us): 162047, 95th(us): 170367, 99th(us): 188415, 99.9th(us): 280063, 99.99th(us): 280319
TOTAL  - Takes(s): 419.9, Count: 17686, OPS: 42.1, Avg(us): 100908, Min(us): 59520, Max(us): 238591, 50th(us): 80511, 90th(us): 147967, 95th(us): 155007, 99th(us): 172415, 99.9th(us): 199295, 99.99th(us): 230911
UPDATE - Takes(s): 419.9, Count: 9980, OPS: 23.8, Avg(us): 76376, Min(us): 59520, Max(us): 156415, 50th(us): 75199, 90th(us): 84863, 95th(us): 88447, 99th(us): 100095, 99.9th(us): 129791, 99.99th(us): 153727
READ   - Takes(s): 429.8, Count: 7932, OPS: 18.5, Avg(us): 132589, Min(us): 59744, Max(us): 238591, 50th(us): 139519, 90th(us): 156031, 95th(us): 164863, 99th(us): 179839, 99.9th(us): 206975, 99.99th(us): 231039
READ_ERROR - Takes(s): 429.9, Count: 2379, OPS: 5.5, Avg(us): 133889, Min(us): 57056, Max(us): 280319, 50th(us): 140671, 90th(us): 161791, 95th(us): 170239, 99th(us): 188415, 99.9th(us): 280063, 99.99th(us): 280319
TOTAL  - Takes(s): 429.9, Count: 18140, OPS: 42.2, Avg(us): 100935, Min(us): 59520, Max(us): 238591, 50th(us): 80511, 90th(us): 147967, 95th(us): 154879, 99th(us): 172287, 99.9th(us): 199295, 99.99th(us): 230911
UPDATE - Takes(s): 429.9, Count: 10208, OPS: 23.7, Avg(us): 76339, Min(us): 59520, Max(us): 156415, 50th(us): 75135, 90th(us): 84799, 95th(us): 88447, 99th(us): 100095, 99.9th(us): 129791, 99.99th(us): 153727
READ   - Takes(s): 439.8, Count: 8143, OPS: 18.5, Avg(us): 132522, Min(us): 59744, Max(us): 238591, 50th(us): 139391, 90th(us): 156031, 95th(us): 164607, 99th(us): 179199, 99.9th(us): 206975, 99.99th(us): 231039
READ_ERROR - Takes(s): 439.9, Count: 2407, OPS: 5.5, Avg(us): 133865, Min(us): 57056, Max(us): 280319, 50th(us): 140543, 90th(us): 161663, 95th(us): 170239, 99th(us): 188415, 99.9th(us): 280063, 99.99th(us): 280319
TOTAL  - Takes(s): 439.9, Count: 18602, OPS: 42.3, Avg(us): 100909, Min(us): 59520, Max(us): 238591, 50th(us): 80511, 90th(us): 147839, 95th(us): 154879, 99th(us): 172159, 99.9th(us): 198399, 99.99th(us): 230911
UPDATE - Takes(s): 439.9, Count: 10459, OPS: 23.8, Avg(us): 76296, Min(us): 59520, Max(us): 156415, 50th(us): 75135, 90th(us): 84671, 95th(us): 88383, 99th(us): 99903, 99.9th(us): 129791, 99.99th(us): 153727
READ   - Takes(s): 449.8, Count: 8362, OPS: 18.6, Avg(us): 132407, Min(us): 59744, Max(us): 238591, 50th(us): 139263, 90th(us): 155775, 95th(us): 164351, 99th(us): 178559, 99.9th(us): 206975, 99.99th(us): 231039
READ_ERROR - Takes(s): 449.9, Count: 2437, OPS: 5.4, Avg(us): 133804, Min(us): 57056, Max(us): 280319, 50th(us): 140415, 90th(us): 161407, 95th(us): 170111, 99th(us): 188415, 99.9th(us): 280063, 99.99th(us): 280319
TOTAL  - Takes(s): 449.9, Count: 19067, OPS: 42.4, Avg(us): 100874, Min(us): 59520, Max(us): 238591, 50th(us): 80447, 90th(us): 147711, 95th(us): 154495, 99th(us): 172031, 99.9th(us): 198399, 99.99th(us): 230911
UPDATE - Takes(s): 449.9, Count: 10705, OPS: 23.8, Avg(us): 76243, Min(us): 59520, Max(us): 156415, 50th(us): 75135, 90th(us): 84543, 95th(us): 88319, 99th(us): 99903, 99.9th(us): 129471, 99.99th(us): 153727
READ   - Takes(s): 459.8, Count: 8581, OPS: 18.7, Avg(us): 132284, Min(us): 59744, Max(us): 238591, 50th(us): 139135, 90th(us): 155647, 95th(us): 164223, 99th(us): 178559, 99.9th(us): 205311, 99.99th(us): 231039
READ_ERROR - Takes(s): 459.9, Count: 2462, OPS: 5.4, Avg(us): 133701, Min(us): 57056, Max(us): 280319, 50th(us): 140415, 90th(us): 161279, 95th(us): 169983, 99th(us): 188415, 99.9th(us): 280063, 99.99th(us): 280319
TOTAL  - Takes(s): 459.9, Count: 19543, OPS: 42.5, Avg(us): 100817, Min(us): 59520, Max(us): 238591, 50th(us): 80383, 90th(us): 147583, 95th(us): 154239, 99th(us): 171903, 99.9th(us): 197887, 99.99th(us): 230911
UPDATE - Takes(s): 459.9, Count: 10962, OPS: 23.8, Avg(us): 76186, Min(us): 59520, Max(us): 156415, 50th(us): 75071, 90th(us): 84479, 95th(us): 88255, 99th(us): 99647, 99.9th(us): 129471, 99.99th(us): 153727
READ   - Takes(s): 469.8, Count: 8792, OPS: 18.7, Avg(us): 132255, Min(us): 59744, Max(us): 238591, 50th(us): 139007, 90th(us): 155519, 95th(us): 164095, 99th(us): 178047, 99.9th(us): 205311, 99.99th(us): 231039
READ_ERROR - Takes(s): 469.9, Count: 2490, OPS: 5.3, Avg(us): 133530, Min(us): 57056, Max(us): 280319, 50th(us): 140287, 90th(us): 161279, 95th(us): 169983, 99th(us): 188415, 99.9th(us): 280063, 99.99th(us): 280319
TOTAL  - Takes(s): 469.9, Count: 20008, OPS: 42.6, Avg(us): 100807, Min(us): 59520, Max(us): 238591, 50th(us): 80383, 90th(us): 147455, 95th(us): 154111, 99th(us): 171775, 99.9th(us): 197887, 99.99th(us): 230911
UPDATE - Takes(s): 469.9, Count: 11216, OPS: 23.9, Avg(us): 76156, Min(us): 59520, Max(us): 156415, 50th(us): 75071, 90th(us): 84415, 95th(us): 88191, 99th(us): 99519, 99.9th(us): 129471, 99.99th(us): 153727
READ   - Takes(s): 479.8, Count: 9025, OPS: 18.8, Avg(us): 132158, Min(us): 59744, Max(us): 238591, 50th(us): 139007, 90th(us): 155519, 95th(us): 163967, 99th(us): 178047, 99.9th(us): 205311, 99.99th(us): 231039
READ_ERROR - Takes(s): 479.9, Count: 2508, OPS: 5.2, Avg(us): 133560, Min(us): 57056, Max(us): 280319, 50th(us): 140287, 90th(us): 161279, 95th(us): 169983, 99th(us): 188415, 99.9th(us): 231807, 99.99th(us): 280319
TOTAL  - Takes(s): 479.9, Count: 20479, OPS: 42.7, Avg(us): 100802, Min(us): 59520, Max(us): 238591, 50th(us): 80319, 90th(us): 147455, 95th(us): 153983, 99th(us): 171647, 99.9th(us): 197887, 99.99th(us): 230911
UPDATE - Takes(s): 479.9, Count: 11454, OPS: 23.9, Avg(us): 76095, Min(us): 59520, Max(us): 156415, 50th(us): 74943, 90th(us): 84287, 95th(us): 88191, 99th(us): 99455, 99.9th(us): 129471, 99.99th(us): 153727
READ   - Takes(s): 489.8, Count: 9247, OPS: 18.9, Avg(us): 132127, Min(us): 59744, Max(us): 238591, 50th(us): 138879, 90th(us): 155391, 95th(us): 163839, 99th(us): 177919, 99.9th(us): 205311, 99.99th(us): 231039
READ_ERROR - Takes(s): 489.9, Count: 2537, OPS: 5.2, Avg(us): 133491, Min(us): 57056, Max(us): 280319, 50th(us): 140287, 90th(us): 161151, 95th(us): 169855, 99th(us): 188415, 99.9th(us): 231807, 99.99th(us): 280319
TOTAL  - Takes(s): 489.9, Count: 20938, OPS: 42.7, Avg(us): 100816, Min(us): 59520, Max(us): 238591, 50th(us): 80319, 90th(us): 147327, 95th(us): 153983, 99th(us): 171391, 99.9th(us): 197887, 99.99th(us): 230911
UPDATE - Takes(s): 489.9, Count: 11691, OPS: 23.9, Avg(us): 76050, Min(us): 59520, Max(us): 156415, 50th(us): 74943, 90th(us): 84159, 95th(us): 88127, 99th(us): 99263, 99.9th(us): 127807, 99.99th(us): 153727
READ   - Takes(s): 499.8, Count: 9465, OPS: 18.9, Avg(us): 132187, Min(us): 59744, Max(us): 238591, 50th(us): 138879, 90th(us): 155263, 95th(us): 163711, 99th(us): 177663, 99.9th(us): 205311, 99.99th(us): 231039
READ_ERROR - Takes(s): 499.9, Count: 2565, OPS: 5.1, Avg(us): 133493, Min(us): 57056, Max(us): 280319, 50th(us): 140159, 90th(us): 160895, 95th(us): 169855, 99th(us): 187903, 99.9th(us): 231807, 99.99th(us): 280319
TOTAL  - Takes(s): 499.9, Count: 21381, OPS: 42.8, Avg(us): 100886, Min(us): 59520, Max(us): 238591, 50th(us): 80319, 90th(us): 147327, 95th(us): 153855, 99th(us): 171263, 99.9th(us): 197887, 99.99th(us): 230911
UPDATE - Takes(s): 499.9, Count: 11916, OPS: 23.8, Avg(us): 76023, Min(us): 59520, Max(us): 156415, 50th(us): 74943, 90th(us): 84159, 95th(us): 88063, 99th(us): 99199, 99.9th(us): 127807, 99.99th(us): 153727
READ   - Takes(s): 509.8, Count: 9681, OPS: 19.0, Avg(us): 132169, Min(us): 59744, Max(us): 238591, 50th(us): 138879, 90th(us): 155135, 95th(us): 163327, 99th(us): 177663, 99.9th(us): 205183, 99.99th(us): 231039
READ_ERROR - Takes(s): 509.9, Count: 2592, OPS: 5.1, Avg(us): 133511, Min(us): 57056, Max(us): 280319, 50th(us): 140159, 90th(us): 160895, 95th(us): 169855, 99th(us): 187903, 99.9th(us): 231807, 99.99th(us): 280319
TOTAL  - Takes(s): 509.9, Count: 21834, OPS: 42.8, Avg(us): 100912, Min(us): 59520, Max(us): 238591, 50th(us): 80383, 90th(us): 147199, 95th(us): 153727, 99th(us): 171135, 99.9th(us): 197631, 99.99th(us): 230911
UPDATE - Takes(s): 509.9, Count: 12153, OPS: 23.8, Avg(us): 76013, Min(us): 59520, Max(us): 156415, 50th(us): 74943, 90th(us): 84159, 95th(us): 88063, 99th(us): 99007, 99.9th(us): 127807, 99.99th(us): 153727
READ   - Takes(s): 519.8, Count: 9906, OPS: 19.1, Avg(us): 132133, Min(us): 59744, Max(us): 238591, 50th(us): 138879, 90th(us): 155007, 95th(us): 163199, 99th(us): 177535, 99.9th(us): 205183, 99.99th(us): 231039
READ_ERROR - Takes(s): 519.9, Count: 2611, OPS: 5.0, Avg(us): 133478, Min(us): 57056, Max(us): 280319, 50th(us): 140159, 90th(us): 160767, 95th(us): 169727, 99th(us): 187903, 99.9th(us): 231807, 99.99th(us): 280319
TOTAL  - Takes(s): 519.9, Count: 22310, OPS: 42.9, Avg(us): 100902, Min(us): 59520, Max(us): 238591, 50th(us): 80319, 90th(us): 147199, 95th(us): 153727, 99th(us): 170751, 99.9th(us): 197631, 99.99th(us): 230911
UPDATE - Takes(s): 519.9, Count: 12404, OPS: 23.9, Avg(us): 75961, Min(us): 59520, Max(us): 156415, 50th(us): 74815, 90th(us): 84095, 95th(us): 87999, 99th(us): 98751, 99.9th(us): 127807, 99.99th(us): 153727
READ   - Takes(s): 529.8, Count: 10127, OPS: 19.1, Avg(us): 132130, Min(us): 59744, Max(us): 238591, 50th(us): 138879, 90th(us): 155135, 95th(us): 163199, 99th(us): 177535, 99.9th(us): 205183, 99.99th(us): 231039
READ_ERROR - Takes(s): 529.9, Count: 2628, OPS: 5.0, Avg(us): 133453, Min(us): 57056, Max(us): 280319, 50th(us): 140159, 90th(us): 160767, 95th(us): 169727, 99th(us): 187903, 99.9th(us): 231807, 99.99th(us): 280319
TOTAL  - Takes(s): 529.9, Count: 22774, OPS: 43.0, Avg(us): 100937, Min(us): 59520, Max(us): 238591, 50th(us): 80319, 90th(us): 147199, 95th(us): 153727, 99th(us): 170623, 99.9th(us): 197503, 99.99th(us): 230911
UPDATE - Takes(s): 529.9, Count: 12647, OPS: 23.9, Avg(us): 75960, Min(us): 59520, Max(us): 156415, 50th(us): 74815, 90th(us): 84095, 95th(us): 88063, 99th(us): 98751, 99.9th(us): 126975, 99.99th(us): 153727
READ   - Takes(s): 539.8, Count: 10345, OPS: 19.2, Avg(us): 132181, Min(us): 59744, Max(us): 238591, 50th(us): 139007, 90th(us): 155135, 95th(us): 163199, 99th(us): 177407, 99.9th(us): 205183, 99.99th(us): 231039
READ_ERROR - Takes(s): 539.9, Count: 2646, OPS: 4.9, Avg(us): 133454, Min(us): 57056, Max(us): 280319, 50th(us): 140159, 90th(us): 160767, 95th(us): 169599, 99th(us): 187903, 99.9th(us): 231807, 99.99th(us): 280319
TOTAL  - Takes(s): 539.9, Count: 23226, OPS: 43.0, Avg(us): 101016, Min(us): 59520, Max(us): 238591, 50th(us): 80383, 90th(us): 147455, 95th(us): 153855, 99th(us): 170623, 99.9th(us): 197503, 99.99th(us): 230911
UPDATE - Takes(s): 539.9, Count: 12881, OPS: 23.9, Avg(us): 75988, Min(us): 59520, Max(us): 156415, 50th(us): 74879, 90th(us): 84159, 95th(us): 88127, 99th(us): 98303, 99.9th(us): 126975, 99.99th(us): 153727
READ   - Takes(s): 549.8, Count: 10577, OPS: 19.2, Avg(us): 132110, Min(us): 59744, Max(us): 238591, 50th(us): 139007, 90th(us): 155007, 95th(us): 162559, 99th(us): 176895, 99.9th(us): 204799, 99.99th(us): 231039
READ_ERROR - Takes(s): 549.9, Count: 2661, OPS: 4.8, Avg(us): 133431, Min(us): 57056, Max(us): 280319, 50th(us): 140159, 90th(us): 160767, 95th(us): 169599, 99th(us): 187007, 99.9th(us): 231807, 99.99th(us): 280319
TOTAL  - Takes(s): 549.9, Count: 23701, OPS: 43.1, Avg(us): 101022, Min(us): 59520, Max(us): 238591, 50th(us): 80383, 90th(us): 147327, 95th(us): 153727, 99th(us): 170367, 99.9th(us): 196735, 99.99th(us): 230911
UPDATE - Takes(s): 549.9, Count: 13124, OPS: 23.9, Avg(us): 75968, Min(us): 59520, Max(us): 156415, 50th(us): 74879, 90th(us): 84159, 95th(us): 88063, 99th(us): 98303, 99.9th(us): 126975, 99.99th(us): 153727
READ   - Takes(s): 559.8, Count: 10798, OPS: 19.3, Avg(us): 132157, Min(us): 59744, Max(us): 238591, 50th(us): 139007, 90th(us): 155007, 95th(us): 162431, 99th(us): 176895, 99.9th(us): 204799, 99.99th(us): 231039
READ_ERROR - Takes(s): 559.9, Count: 2672, OPS: 4.8, Avg(us): 133442, Min(us): 57056, Max(us): 280319, 50th(us): 140159, 90th(us): 160639, 95th(us): 169599, 99th(us): 187007, 99.9th(us): 231807, 99.99th(us): 280319
TOTAL  - Takes(s): 559.9, Count: 24166, OPS: 43.2, Avg(us): 101084, Min(us): 59520, Max(us): 238591, 50th(us): 80447, 90th(us): 147455, 95th(us): 153727, 99th(us): 170239, 99.9th(us): 196735, 99.99th(us): 230911
UPDATE - Takes(s): 559.9, Count: 13368, OPS: 23.9, Avg(us): 75985, Min(us): 59520, Max(us): 156415, 50th(us): 74879, 90th(us): 84159, 95th(us): 88063, 99th(us): 98239, 99.9th(us): 126975, 99.99th(us): 153727
READ   - Takes(s): 569.8, Count: 11023, OPS: 19.3, Avg(us): 132002, Min(us): 59744, Max(us): 238591, 50th(us): 138879, 90th(us): 154879, 95th(us): 162175, 99th(us): 176767, 99.9th(us): 204799, 99.99th(us): 231039
READ_ERROR - Takes(s): 569.9, Count: 2696, OPS: 4.7, Avg(us): 133367, Min(us): 57056, Max(us): 280319, 50th(us): 140159, 90th(us): 160511, 95th(us): 169599, 99th(us): 187007, 99.9th(us): 231807, 99.99th(us): 280319
TOTAL  - Takes(s): 569.9, Count: 24655, OPS: 43.3, Avg(us): 100993, Min(us): 59520, Max(us): 238591, 50th(us): 80383, 90th(us): 147199, 95th(us): 153599, 99th(us): 170111, 99.9th(us): 196607, 99.99th(us): 230911
UPDATE - Takes(s): 569.9, Count: 13632, OPS: 23.9, Avg(us): 75919, Min(us): 59520, Max(us): 156415, 50th(us): 74815, 90th(us): 84095, 95th(us): 87935, 99th(us): 97855, 99.9th(us): 125503, 99.99th(us): 153727
READ   - Takes(s): 579.8, Count: 11262, OPS: 19.4, Avg(us): 131929, Min(us): 59744, Max(us): 238591, 50th(us): 138879, 90th(us): 154495, 95th(us): 161791, 99th(us): 176639, 99.9th(us): 204799, 99.99th(us): 231039
READ_ERROR - Takes(s): 579.9, Count: 2708, OPS: 4.7, Avg(us): 133333, Min(us): 57056, Max(us): 280319, 50th(us): 140159, 90th(us): 160383, 95th(us): 169599, 99th(us): 187007, 99.9th(us): 231807, 99.99th(us): 280319
TOTAL  - Takes(s): 579.9, Count: 25130, OPS: 43.3, Avg(us): 101002, Min(us): 59520, Max(us): 238591, 50th(us): 80383, 90th(us): 147199, 95th(us): 153471, 99th(us): 169983, 99.9th(us): 196607, 99.99th(us): 230911
UPDATE - Takes(s): 579.9, Count: 13868, OPS: 23.9, Avg(us): 75887, Min(us): 59520, Max(us): 156415, 50th(us): 74751, 90th(us): 84031, 95th(us): 87935, 99th(us): 97663, 99.9th(us): 125503, 99.99th(us): 153727
READ   - Takes(s): 589.8, Count: 11488, OPS: 19.5, Avg(us): 131831, Min(us): 59744, Max(us): 238591, 50th(us): 138751, 90th(us): 154367, 95th(us): 161663, 99th(us): 176511, 99.9th(us): 204799, 99.99th(us): 231039
READ_ERROR - Takes(s): 589.9, Count: 2721, OPS: 4.6, Avg(us): 133329, Min(us): 57056, Max(us): 280319, 50th(us): 140159, 90th(us): 160383, 95th(us): 169471, 99th(us): 187007, 99.9th(us): 231807, 99.99th(us): 280319
TOTAL  - Takes(s): 589.9, Count: 25622, OPS: 43.4, Avg(us): 100946, Min(us): 59520, Max(us): 238591, 50th(us): 80319, 90th(us): 147071, 95th(us): 153215, 99th(us): 169855, 99.9th(us): 196479, 99.99th(us): 230911
UPDATE - Takes(s): 589.9, Count: 14134, OPS: 24.0, Avg(us): 75842, Min(us): 59520, Max(us): 156415, 50th(us): 74751, 90th(us): 84031, 95th(us): 87871, 99th(us): 97535, 99.9th(us): 125503, 99.99th(us): 153727
READ   - Takes(s): 599.8, Count: 11706, OPS: 19.5, Avg(us): 131850, Min(us): 59744, Max(us): 238591, 50th(us): 138751, 90th(us): 154367, 95th(us): 161535, 99th(us): 176383, 99.9th(us): 204799, 99.99th(us): 231039
READ_ERROR - Takes(s): 599.9, Count: 2739, OPS: 4.6, Avg(us): 133297, Min(us): 57056, Max(us): 280319, 50th(us): 140159, 90th(us): 160383, 95th(us): 169343, 99th(us): 187007, 99.9th(us): 231807, 99.99th(us): 280319
TOTAL  - Takes(s): 599.9, Count: 26081, OPS: 43.5, Avg(us): 100995, Min(us): 59520, Max(us): 238591, 50th(us): 80383, 90th(us): 147199, 95th(us): 153343, 99th(us): 169727, 99.9th(us): 196479, 99.99th(us): 230911
UPDATE - Takes(s): 599.9, Count: 14375, OPS: 24.0, Avg(us): 75869, Min(us): 59520, Max(us): 156415, 50th(us): 74751, 90th(us): 84031, 95th(us): 87935, 99th(us): 97535, 99.9th(us): 125503, 99.99th(us): 153727
READ   - Takes(s): 609.8, Count: 11948, OPS: 19.6, Avg(us): 131852, Min(us): 59744, Max(us): 238591, 50th(us): 138751, 90th(us): 154367, 95th(us): 161407, 99th(us): 176255, 99.9th(us): 204799, 99.99th(us): 231039
READ_ERROR - Takes(s): 609.9, Count: 2751, OPS: 4.5, Avg(us): 133262, Min(us): 57056, Max(us): 280319, 50th(us): 140159, 90th(us): 160383, 95th(us): 169215, 99th(us): 187007, 99.9th(us): 231807, 99.99th(us): 280319
TOTAL  - Takes(s): 609.9, Count: 26547, OPS: 43.5, Avg(us): 101059, Min(us): 59520, Max(us): 238591, 50th(us): 80383, 90th(us): 147199, 95th(us): 153343, 99th(us): 169599, 99.9th(us): 195071, 99.99th(us): 230911
UPDATE - Takes(s): 609.9, Count: 14599, OPS: 23.9, Avg(us): 75857, Min(us): 59520, Max(us): 156415, 50th(us): 74751, 90th(us): 84031, 95th(us): 87935, 99th(us): 97535, 99.9th(us): 124863, 99.99th(us): 153727
READ   - Takes(s): 619.8, Count: 12164, OPS: 19.6, Avg(us): 131799, Min(us): 59744, Max(us): 238591, 50th(us): 138751, 90th(us): 154239, 95th(us): 161279, 99th(us): 176127, 99.9th(us): 204799, 99.99th(us): 231039
READ_ERROR - Takes(s): 619.9, Count: 2771, OPS: 4.5, Avg(us): 133270, Min(us): 57056, Max(us): 280319, 50th(us): 140159, 90th(us): 160255, 95th(us): 169215, 99th(us): 187007, 99.9th(us): 231807, 99.99th(us): 280319
TOTAL  - Takes(s): 619.9, Count: 27026, OPS: 43.6, Avg(us): 101015, Min(us): 59520, Max(us): 238591, 50th(us): 80319, 90th(us): 147071, 95th(us): 153087, 99th(us): 169471, 99.9th(us): 195071, 99.99th(us): 230911
UPDATE - Takes(s): 619.9, Count: 14862, OPS: 24.0, Avg(us): 75820, Min(us): 59520, Max(us): 156415, 50th(us): 74751, 90th(us): 83967, 95th(us): 87871, 99th(us): 97343, 99.9th(us): 124863, 99.99th(us): 153727
READ   - Takes(s): 629.8, Count: 12393, OPS: 19.7, Avg(us): 131771, Min(us): 59744, Max(us): 238591, 50th(us): 138751, 90th(us): 154111, 95th(us): 161151, 99th(us): 176127, 99.9th(us): 204799, 99.99th(us): 231039
READ_ERROR - Takes(s): 629.9, Count: 2786, OPS: 4.4, Avg(us): 133206, Min(us): 57056, Max(us): 280319, 50th(us): 140031, 90th(us): 160127, 95th(us): 169215, 99th(us): 187007, 99.9th(us): 231807, 99.99th(us): 280319
TOTAL  - Takes(s): 629.9, Count: 27502, OPS: 43.7, Avg(us): 101022, Min(us): 59520, Max(us): 238591, 50th(us): 80319, 90th(us): 147071, 95th(us): 153087, 99th(us): 169343, 99.9th(us): 191999, 99.99th(us): 230911
UPDATE - Takes(s): 629.9, Count: 15109, OPS: 24.0, Avg(us): 75800, Min(us): 59520, Max(us): 156415, 50th(us): 74687, 90th(us): 83967, 95th(us): 87871, 99th(us): 97279, 99.9th(us): 124863, 99.99th(us): 151807
READ   - Takes(s): 639.8, Count: 12615, OPS: 19.7, Avg(us): 131670, Min(us): 59744, Max(us): 238591, 50th(us): 138623, 90th(us): 154111, 95th(us): 161151, 99th(us): 175999, 99.9th(us): 204159, 99.99th(us): 231039
READ_ERROR - Takes(s): 639.9, Count: 2800, OPS: 4.4, Avg(us): 133186, Min(us): 57056, Max(us): 280319, 50th(us): 139903, 90th(us): 160127, 95th(us): 169215, 99th(us): 187007, 99.9th(us): 231807, 99.99th(us): 280319
TOTAL  - Takes(s): 639.9, Count: 27997, OPS: 43.8, Avg(us): 100951, Min(us): 59520, Max(us): 238591, 50th(us): 80319, 90th(us): 146943, 95th(us): 152959, 99th(us): 169343, 99.9th(us): 191999, 99.99th(us): 230911
UPDATE - Takes(s): 639.9, Count: 15382, OPS: 24.0, Avg(us): 75757, Min(us): 59520, Max(us): 156415, 50th(us): 74687, 90th(us): 83967, 95th(us): 87871, 99th(us): 97151, 99.9th(us): 124863, 99.99th(us): 151807
READ   - Takes(s): 649.8, Count: 12841, OPS: 19.8, Avg(us): 131571, Min(us): 59744, Max(us): 238591, 50th(us): 138495, 90th(us): 153983, 95th(us): 160767, 99th(us): 175871, 99.9th(us): 204159, 99.99th(us): 231039
READ_ERROR - Takes(s): 649.9, Count: 2823, OPS: 4.3, Avg(us): 133225, Min(us): 57056, Max(us): 280319, 50th(us): 139903, 90th(us): 160127, 95th(us): 169087, 99th(us): 187007, 99.9th(us): 231807, 99.99th(us): 280319
TOTAL  - Takes(s): 649.9, Count: 28482, OPS: 43.8, Avg(us): 100877, Min(us): 59520, Max(us): 238591, 50th(us): 80255, 90th(us): 146815, 95th(us): 152831, 99th(us): 169215, 99.9th(us): 191999, 99.99th(us): 230911
UPDATE - Takes(s): 649.9, Count: 15641, OPS: 24.1, Avg(us): 75676, Min(us): 59520, Max(us): 156415, 50th(us): 74559, 90th(us): 83903, 95th(us): 87807, 99th(us): 97023, 99.9th(us): 124735, 99.99th(us): 151807
READ   - Takes(s): 659.8, Count: 13082, OPS: 19.8, Avg(us): 131458, Min(us): 59744, Max(us): 238591, 50th(us): 138495, 90th(us): 153855, 95th(us): 160639, 99th(us): 175743, 99.9th(us): 204159, 99.99th(us): 231039
READ_ERROR - Takes(s): 659.9, Count: 2835, OPS: 4.3, Avg(us): 133091, Min(us): 57056, Max(us): 280319, 50th(us): 139903, 90th(us): 160127, 95th(us): 169087, 99th(us): 187007, 99.9th(us): 231807, 99.99th(us): 280319
TOTAL  - Takes(s): 659.9, Count: 28984, OPS: 43.9, Avg(us): 100819, Min(us): 59520, Max(us): 238591, 50th(us): 80191, 90th(us): 146815, 95th(us): 152831, 99th(us): 168959, 99.9th(us): 191999, 99.99th(us): 230911
UPDATE - Takes(s): 659.9, Count: 15902, OPS: 24.1, Avg(us): 75614, Min(us): 59520, Max(us): 156415, 50th(us): 74495, 90th(us): 83839, 95th(us): 87807, 99th(us): 96895, 99.9th(us): 124735, 99.99th(us): 151807
READ   - Takes(s): 669.8, Count: 13317, OPS: 19.9, Avg(us): 131362, Min(us): 59744, Max(us): 238591, 50th(us): 138367, 90th(us): 153727, 95th(us): 160511, 99th(us): 175743, 99.9th(us): 204159, 99.99th(us): 231039
READ_ERROR - Takes(s): 669.9, Count: 2854, OPS: 4.3, Avg(us): 132970, Min(us): 57056, Max(us): 280319, 50th(us): 139775, 90th(us): 159999, 95th(us): 168959, 99th(us): 183423, 99.9th(us): 231807, 99.99th(us): 280319
TOTAL  - Takes(s): 669.9, Count: 29474, OPS: 44.0, Avg(us): 100755, Min(us): 59520, Max(us): 238591, 50th(us): 80127, 90th(us): 146559, 95th(us): 152575, 99th(us): 168831, 99.9th(us): 191999, 99.99th(us): 230911
UPDATE - Takes(s): 669.9, Count: 16157, OPS: 24.1, Avg(us): 75528, Min(us): 59520, Max(us): 156415, 50th(us): 74431, 90th(us): 83775, 95th(us): 87743, 99th(us): 96767, 99.9th(us): 124735, 99.99th(us): 151807
READ   - Takes(s): 679.8, Count: 13559, OPS: 19.9, Avg(us): 131301, Min(us): 59744, Max(us): 238591, 50th(us): 138367, 90th(us): 153599, 95th(us): 160255, 99th(us): 175615, 99.9th(us): 203903, 99.99th(us): 231039
READ_ERROR - Takes(s): 679.9, Count: 2866, OPS: 4.2, Avg(us): 132954, Min(us): 57056, Max(us): 280319, 50th(us): 139775, 90th(us): 159999, 95th(us): 168959, 99th(us): 183423, 99.9th(us): 231807, 99.99th(us): 280319
TOTAL  - Takes(s): 679.9, Count: 29962, OPS: 44.1, Avg(us): 100738, Min(us): 59520, Max(us): 238591, 50th(us): 80127, 90th(us): 146559, 95th(us): 152575, 99th(us): 168703, 99.9th(us): 191871, 99.99th(us): 230911
UPDATE - Takes(s): 679.9, Count: 16403, OPS: 24.1, Avg(us): 75475, Min(us): 59520, Max(us): 156415, 50th(us): 74367, 90th(us): 83775, 95th(us): 87743, 99th(us): 96511, 99.9th(us): 124735, 99.99th(us): 151807
READ   - Takes(s): 689.8, Count: 13798, OPS: 20.0, Avg(us): 131173, Min(us): 59744, Max(us): 238591, 50th(us): 138239, 90th(us): 153471, 95th(us): 160255, 99th(us): 175615, 99.9th(us): 203903, 99.99th(us): 231039
READ_ERROR - Takes(s): 689.9, Count: 2881, OPS: 4.2, Avg(us): 132902, Min(us): 57056, Max(us): 280319, 50th(us): 139775, 90th(us): 159871, 95th(us): 168959, 99th(us): 183423, 99.9th(us): 231807, 99.99th(us): 280319
TOTAL  - Takes(s): 689.9, Count: 30451, OPS: 44.1, Avg(us): 100697, Min(us): 59520, Max(us): 238591, 50th(us): 80127, 90th(us): 146431, 95th(us): 152447, 99th(us): 168575, 99.9th(us): 191871, 99.99th(us): 230911
UPDATE - Takes(s): 689.9, Count: 16653, OPS: 24.1, Avg(us): 75446, Min(us): 59520, Max(us): 156415, 50th(us): 74303, 90th(us): 83711, 95th(us): 87679, 99th(us): 96447, 99.9th(us): 124543, 99.99th(us): 151807
READ   - Takes(s): 699.8, Count: 14043, OPS: 20.1, Avg(us): 131164, Min(us): 59744, Max(us): 238591, 50th(us): 138111, 90th(us): 153343, 95th(us): 160127, 99th(us): 175615, 99.9th(us): 203903, 99.99th(us): 231039
READ_ERROR - Takes(s): 699.9, Count: 2893, OPS: 4.1, Avg(us): 132909, Min(us): 57056, Max(us): 280319, 50th(us): 139647, 90th(us): 159871, 95th(us): 168831, 99th(us): 183423, 99.9th(us): 231807, 99.99th(us): 280319
TOTAL  - Takes(s): 699.9, Count: 30916, OPS: 44.2, Avg(us): 100742, Min(us): 58720, Max(us): 238591, 50th(us): 80127, 90th(us): 146303, 95th(us): 152319, 99th(us): 168447, 99.9th(us): 191743, 99.99th(us): 230911
UPDATE - Takes(s): 699.9, Count: 16873, OPS: 24.1, Avg(us): 75423, Min(us): 58720, Max(us): 156415, 50th(us): 74303, 90th(us): 83711, 95th(us): 87679, 99th(us): 96383, 99.9th(us): 124543, 99.99th(us): 151807
READ   - Takes(s): 709.8, Count: 14279, OPS: 20.1, Avg(us): 131135, Min(us): 59744, Max(us): 238591, 50th(us): 138111, 90th(us): 153215, 95th(us): 159999, 99th(us): 175359, 99.9th(us): 203903, 99.99th(us): 231039
READ_ERROR - Takes(s): 709.9, Count: 2909, OPS: 4.1, Avg(us): 132930, Min(us): 57056, Max(us): 280319, 50th(us): 139647, 90th(us): 159743, 95th(us): 168831, 99th(us): 183423, 99.9th(us): 231807, 99.99th(us): 280319
TOTAL  - Takes(s): 709.9, Count: 31390, OPS: 44.2, Avg(us): 100747, Min(us): 58720, Max(us): 238591, 50th(us): 80127, 90th(us): 146303, 95th(us): 152319, 99th(us): 168447, 99.9th(us): 191743, 99.99th(us): 230911
UPDATE - Takes(s): 709.9, Count: 17111, OPS: 24.1, Avg(us): 75388, Min(us): 58720, Max(us): 156415, 50th(us): 74239, 90th(us): 83647, 95th(us): 87615, 99th(us): 96383, 99.9th(us): 124543, 99.99th(us): 151807
READ   - Takes(s): 719.8, Count: 14511, OPS: 20.2, Avg(us): 131014, Min(us): 59744, Max(us): 238591, 50th(us): 137983, 90th(us): 153087, 95th(us): 159999, 99th(us): 175231, 99.9th(us): 201215, 99.99th(us): 231039
READ_ERROR - Takes(s): 719.9, Count: 2925, OPS: 4.1, Avg(us): 132906, Min(us): 57056, Max(us): 280319, 50th(us): 139647, 90th(us): 159743, 95th(us): 168831, 99th(us): 183423, 99.9th(us): 231807, 99.99th(us): 280319
TOTAL  - Takes(s): 719.9, Count: 31893, OPS: 44.3, Avg(us): 100665, Min(us): 58720, Max(us): 238591, 50th(us): 80063, 90th(us): 146175, 95th(us): 152191, 99th(us): 168191, 99.9th(us): 191231, 99.99th(us): 230911
UPDATE - Takes(s): 719.9, Count: 17382, OPS: 24.1, Avg(us): 75330, Min(us): 58720, Max(us): 156415, 50th(us): 74175, 90th(us): 83583, 95th(us): 87551, 99th(us): 96319, 99.9th(us): 124543, 99.99th(us): 151807
READ   - Takes(s): 729.8, Count: 14738, OPS: 20.2, Avg(us): 130914, Min(us): 59744, Max(us): 238591, 50th(us): 137855, 90th(us): 152959, 95th(us): 159871, 99th(us): 175103, 99.9th(us): 201215, 99.99th(us): 231039
READ_ERROR - Takes(s): 729.9, Count: 2936, OPS: 4.0, Avg(us): 132842, Min(us): 57056, Max(us): 280319, 50th(us): 139647, 90th(us): 159615, 95th(us): 168831, 99th(us): 183423, 99.9th(us): 231807, 99.99th(us): 280319
TOTAL  - Takes(s): 729.9, Count: 32401, OPS: 44.4, Avg(us): 100587, Min(us): 58720, Max(us): 238591, 50th(us): 80063, 90th(us): 146047, 95th(us): 152063, 99th(us): 168063, 99.9th(us): 191231, 99.99th(us): 230911
UPDATE - Takes(s): 729.9, Count: 17663, OPS: 24.2, Avg(us): 75282, Min(us): 58720, Max(us): 156415, 50th(us): 74111, 90th(us): 83519, 95th(us): 87487, 99th(us): 96255, 99.9th(us): 124415, 99.99th(us): 151807
READ   - Takes(s): 739.8, Count: 14978, OPS: 20.2, Avg(us): 130853, Min(us): 59744, Max(us): 238591, 50th(us): 137727, 90th(us): 152831, 95th(us): 159871, 99th(us): 174719, 99.9th(us): 201215, 99.99th(us): 231039
READ_ERROR - Takes(s): 739.9, Count: 2943, OPS: 4.0, Avg(us): 132771, Min(us): 57056, Max(us): 280319, 50th(us): 139647, 90th(us): 159615, 95th(us): 168831, 99th(us): 183423, 99.9th(us): 231807, 99.99th(us): 280319
TOTAL  - Takes(s): 739.9, Count: 32901, OPS: 44.5, Avg(us): 100555, Min(us): 58720, Max(us): 238591, 50th(us): 80063, 90th(us): 145919, 95th(us): 152063, 99th(us): 168063, 99.9th(us): 190719, 99.99th(us): 230911
UPDATE - Takes(s): 739.9, Count: 17923, OPS: 24.2, Avg(us): 75236, Min(us): 58720, Max(us): 156415, 50th(us): 74111, 90th(us): 83455, 95th(us): 87487, 99th(us): 96191, 99.9th(us): 124415, 99.99th(us): 151807
READ   - Takes(s): 749.8, Count: 15209, OPS: 20.3, Avg(us): 130829, Min(us): 59744, Max(us): 238591, 50th(us): 137727, 90th(us): 152703, 95th(us): 159871, 99th(us): 174463, 99.9th(us): 201215, 99.99th(us): 230911
READ_ERROR - Takes(s): 749.9, Count: 2955, OPS: 3.9, Avg(us): 132758, Min(us): 57056, Max(us): 280319, 50th(us): 139647, 90th(us): 159615, 95th(us): 168703, 99th(us): 183167, 99.9th(us): 231807, 99.99th(us): 280319
TOTAL  - Takes(s): 749.9, Count: 33387, OPS: 44.5, Avg(us): 100550, Min(us): 58720, Max(us): 238591, 50th(us): 80063, 90th(us): 145791, 95th(us): 152063, 99th(us): 167935, 99.9th(us): 190719, 99.99th(us): 230911
UPDATE - Takes(s): 749.9, Count: 18178, OPS: 24.2, Avg(us): 75217, Min(us): 58720, Max(us): 156415, 50th(us): 74047, 90th(us): 83455, 95th(us): 87487, 99th(us): 96127, 99.9th(us): 124415, 99.99th(us): 151807
READ   - Takes(s): 759.8, Count: 15430, OPS: 20.3, Avg(us): 130818, Min(us): 59744, Max(us): 238591, 50th(us): 137727, 90th(us): 152703, 95th(us): 159871, 99th(us): 174463, 99.9th(us): 201215, 99.99th(us): 230911
READ_ERROR - Takes(s): 759.9, Count: 2967, OPS: 3.9, Avg(us): 132724, Min(us): 57056, Max(us): 280319, 50th(us): 139647, 90th(us): 159487, 95th(us): 168703, 99th(us): 183167, 99.9th(us): 231807, 99.99th(us): 280319
TOTAL  - Takes(s): 759.9, Count: 33873, OPS: 44.6, Avg(us): 100544, Min(us): 58720, Max(us): 238591, 50th(us): 80063, 90th(us): 145791, 95th(us): 152063, 99th(us): 167935, 99.9th(us): 190591, 99.99th(us): 230911
UPDATE - Takes(s): 759.9, Count: 18443, OPS: 24.3, Avg(us): 75216, Min(us): 58720, Max(us): 156415, 50th(us): 74047, 90th(us): 83455, 95th(us): 87487, 99th(us): 96127, 99.9th(us): 124415, 99.99th(us): 151807
READ   - Takes(s): 769.8, Count: 15663, OPS: 20.3, Avg(us): 130750, Min(us): 59744, Max(us): 238591, 50th(us): 137599, 90th(us): 152575, 95th(us): 159743, 99th(us): 174079, 99.9th(us): 200831, 99.99th(us): 230911
READ_ERROR - Takes(s): 769.9, Count: 2990, OPS: 3.9, Avg(us): 132645, Min(us): 57056, Max(us): 280319, 50th(us): 139519, 90th(us): 159487, 95th(us): 168703, 99th(us): 183167, 99.9th(us): 231807, 99.99th(us): 280319
TOTAL  - Takes(s): 769.9, Count: 34350, OPS: 44.6, Avg(us): 100517, Min(us): 58720, Max(us): 238591, 50th(us): 79999, 90th(us): 145791, 95th(us): 151935, 99th(us): 167807, 99.9th(us): 190591, 99.99th(us): 230911
UPDATE - Takes(s): 769.9, Count: 18687, OPS: 24.3, Avg(us): 75177, Min(us): 58720, Max(us): 156415, 50th(us): 73983, 90th(us): 83455, 95th(us): 87487, 99th(us): 96127, 99.9th(us): 124351, 99.99th(us): 151807
READ   - Takes(s): 779.8, Count: 15897, OPS: 20.4, Avg(us): 130680, Min(us): 59744, Max(us): 238591, 50th(us): 137471, 90th(us): 152447, 95th(us): 159487, 99th(us): 173823, 99.9th(us): 200831, 99.99th(us): 230911
READ_ERROR - Takes(s): 779.9, Count: 3013, OPS: 3.9, Avg(us): 132628, Min(us): 57056, Max(us): 280319, 50th(us): 139519, 90th(us): 159487, 95th(us): 168575, 99th(us): 183167, 99.9th(us): 231807, 99.99th(us): 280319
TOTAL  - Takes(s): 779.9, Count: 34832, OPS: 44.7, Avg(us): 100477, Min(us): 58720, Max(us): 238591, 50th(us): 79999, 90th(us): 145663, 95th(us): 151935, 99th(us): 167679, 99.9th(us): 190591, 99.99th(us): 230911
UPDATE - Takes(s): 779.9, Count: 18935, OPS: 24.3, Avg(us): 75120, Min(us): 58720, Max(us): 156415, 50th(us): 73919, 90th(us): 83391, 95th(us): 87423, 99th(us): 96063, 99.9th(us): 124351, 99.99th(us): 151807
READ   - Takes(s): 789.8, Count: 16123, OPS: 20.4, Avg(us): 130578, Min(us): 59744, Max(us): 238591, 50th(us): 137471, 90th(us): 152319, 95th(us): 159487, 99th(us): 173695, 99.9th(us): 200831, 99.99th(us): 230911
READ_ERROR - Takes(s): 789.9, Count: 3030, OPS: 3.8, Avg(us): 132593, Min(us): 57056, Max(us): 280319, 50th(us): 139519, 90th(us): 159359, 95th(us): 168575, 99th(us): 183167, 99.9th(us): 231807, 99.99th(us): 280319
TOTAL  - Takes(s): 789.9, Count: 35341, OPS: 44.7, Avg(us): 100382, Min(us): 58720, Max(us): 238591, 50th(us): 79935, 90th(us): 145535, 95th(us): 151807, 99th(us): 167679, 99.9th(us): 190591, 99.99th(us): 215807
UPDATE - Takes(s): 789.9, Count: 19218, OPS: 24.3, Avg(us): 75050, Min(us): 58720, Max(us): 156415, 50th(us): 73855, 90th(us): 83263, 95th(us): 87359, 99th(us): 96063, 99.9th(us): 124351, 99.99th(us): 151807
READ   - Takes(s): 799.8, Count: 16365, OPS: 20.5, Avg(us): 130481, Min(us): 59744, Max(us): 238591, 50th(us): 137343, 90th(us): 152319, 95th(us): 159359, 99th(us): 173439, 99.9th(us): 200831, 99.99th(us): 230911
READ_ERROR - Takes(s): 799.9, Count: 3040, OPS: 3.8, Avg(us): 132597, Min(us): 57056, Max(us): 280319, 50th(us): 139519, 90th(us): 159359, 95th(us): 168575, 99th(us): 183167, 99.9th(us): 231807, 99.99th(us): 280319
TOTAL  - Takes(s): 799.9, Count: 35845, OPS: 44.8, Avg(us): 100320, Min(us): 58720, Max(us): 238591, 50th(us): 79871, 90th(us): 145407, 95th(us): 151679, 99th(us): 167423, 99.9th(us): 190591, 99.99th(us): 215807
UPDATE - Takes(s): 799.9, Count: 19480, OPS: 24.4, Avg(us): 74981, Min(us): 58720, Max(us): 156415, 50th(us): 73791, 90th(us): 83199, 95th(us): 87295, 99th(us): 96063, 99.9th(us): 124351, 99.99th(us): 151807
READ   - Takes(s): 809.8, Count: 16616, OPS: 20.5, Avg(us): 130394, Min(us): 59744, Max(us): 238591, 50th(us): 137215, 90th(us): 152063, 95th(us): 159103, 99th(us): 173183, 99.9th(us): 199807, 99.99th(us): 230911
READ_ERROR - Takes(s): 809.9, Count: 3048, OPS: 3.8, Avg(us): 132589, Min(us): 57056, Max(us): 280319, 50th(us): 139391, 90th(us): 159359, 95th(us): 168575, 99th(us): 183167, 99.9th(us): 231807, 99.99th(us): 280319
TOTAL  - Takes(s): 809.9, Count: 36351, OPS: 44.9, Avg(us): 100275, Min(us): 58720, Max(us): 238591, 50th(us): 79871, 90th(us): 145279, 95th(us): 151551, 99th(us): 167295, 99.9th(us): 190591, 99.99th(us): 215807
UPDATE - Takes(s): 809.9, Count: 19735, OPS: 24.4, Avg(us): 74917, Min(us): 58720, Max(us): 156415, 50th(us): 73663, 90th(us): 83135, 95th(us): 87231, 99th(us): 96063, 99.9th(us): 123839, 99.99th(us): 151807
READ   - Takes(s): 819.8, Count: 16850, OPS: 20.6, Avg(us): 130336, Min(us): 59744, Max(us): 238591, 50th(us): 137215, 90th(us): 152063, 95th(us): 158975, 99th(us): 173183, 99.9th(us): 199807, 99.99th(us): 230911
READ_ERROR - Takes(s): 819.9, Count: 3067, OPS: 3.7, Avg(us): 132549, Min(us): 57056, Max(us): 280319, 50th(us): 139391, 90th(us): 159231, 95th(us): 168447, 99th(us): 183039, 99.9th(us): 231807, 99.99th(us): 280319
TOTAL  - Takes(s): 819.9, Count: 36837, OPS: 44.9, Avg(us): 100244, Min(us): 58720, Max(us): 238591, 50th(us): 79807, 90th(us): 145151, 95th(us): 151423, 99th(us): 167295, 99.9th(us): 190463, 99.99th(us): 215807
UPDATE - Takes(s): 819.9, Count: 19987, OPS: 24.4, Avg(us): 74875, Min(us): 58720, Max(us): 156415, 50th(us): 73663, 90th(us): 83007, 95th(us): 87167, 99th(us): 95999, 99.9th(us): 123839, 99.99th(us): 151807
READ   - Takes(s): 829.8, Count: 17091, OPS: 20.6, Avg(us): 130255, Min(us): 59744, Max(us): 238591, 50th(us): 137087, 90th(us): 151935, 95th(us): 158847, 99th(us): 173055, 99.9th(us): 199807, 99.99th(us): 230911
READ_ERROR - Takes(s): 829.9, Count: 3085, OPS: 3.7, Avg(us): 132518, Min(us): 57056, Max(us): 280319, 50th(us): 139263, 90th(us): 159231, 95th(us): 168319, 99th(us): 183039, 99.9th(us): 231807, 99.99th(us): 280319
TOTAL  - Takes(s): 829.9, Count: 37331, OPS: 45.0, Avg(us): 100198, Min(us): 58720, Max(us): 238591, 50th(us): 79807, 90th(us): 145023, 95th(us): 151295, 99th(us): 167039, 99.9th(us): 190463, 99.99th(us): 215807
UPDATE - Takes(s): 829.9, Count: 20240, OPS: 24.4, Avg(us): 74817, Min(us): 58720, Max(us): 156415, 50th(us): 73599, 90th(us): 82943, 95th(us): 87103, 99th(us): 95999, 99.9th(us): 123839, 99.99th(us): 151807
READ   - Takes(s): 839.8, Count: 17337, OPS: 20.6, Avg(us): 130210, Min(us): 59744, Max(us): 238591, 50th(us): 136959, 90th(us): 151935, 95th(us): 158719, 99th(us): 172927, 99.9th(us): 199807, 99.99th(us): 230911
READ_ERROR - Takes(s): 839.9, Count: 3099, OPS: 3.7, Avg(us): 132461, Min(us): 57056, Max(us): 280319, 50th(us): 139263, 90th(us): 159231, 95th(us): 168319, 99th(us): 183039, 99.9th(us): 231807, 99.99th(us): 280319
TOTAL  - Takes(s): 839.9, Count: 37823, OPS: 45.0, Avg(us): 100175, Min(us): 58720, Max(us): 238591, 50th(us): 79743, 90th(us): 144895, 95th(us): 151295, 99th(us): 167039, 99.9th(us): 190207, 99.99th(us): 215807
UPDATE - Takes(s): 839.9, Count: 20486, OPS: 24.4, Avg(us): 74756, Min(us): 58720, Max(us): 156415, 50th(us): 73471, 90th(us): 82879, 95th(us): 87039, 99th(us): 95935, 99.9th(us): 123839, 99.99th(us): 151807
READ   - Takes(s): 849.8, Count: 17570, OPS: 20.7, Avg(us): 130126, Min(us): 59744, Max(us): 238591, 50th(us): 136959, 90th(us): 151807, 95th(us): 158591, 99th(us): 172671, 99.9th(us): 199295, 99.99th(us): 230911
READ_ERROR - Takes(s): 849.9, Count: 3112, OPS: 3.7, Avg(us): 132432, Min(us): 57056, Max(us): 280319, 50th(us): 139135, 90th(us): 159103, 95th(us): 168319, 99th(us): 183039, 99.9th(us): 231807, 99.99th(us): 280319
TOTAL  - Takes(s): 849.9, Count: 38332, OPS: 45.1, Avg(us): 100101, Min(us): 58720, Max(us): 238591, 50th(us): 79679, 90th(us): 144767, 95th(us): 151167, 99th(us): 166911, 99.9th(us): 190207, 99.99th(us): 215807
UPDATE - Takes(s): 849.9, Count: 20762, OPS: 24.4, Avg(us): 74692, Min(us): 58720, Max(us): 156415, 50th(us): 73407, 90th(us): 82751, 95th(us): 86911, 99th(us): 95935, 99.9th(us): 123775, 99.99th(us): 151807
READ   - Takes(s): 859.8, Count: 17822, OPS: 20.7, Avg(us): 130067, Min(us): 59744, Max(us): 238591, 50th(us): 136831, 90th(us): 151679, 95th(us): 158335, 99th(us): 172671, 99.9th(us): 199295, 99.99th(us): 230911
READ_ERROR - Takes(s): 859.9, Count: 3120, OPS: 3.6, Avg(us): 132398, Min(us): 57056, Max(us): 280319, 50th(us): 139135, 90th(us): 159103, 95th(us): 168319, 99th(us): 183039, 99.9th(us): 231807, 99.99th(us): 280319
TOTAL  - Takes(s): 859.9, Count: 38828, OPS: 45.2, Avg(us): 100087, Min(us): 58720, Max(us): 238591, 50th(us): 79679, 90th(us): 144639, 95th(us): 150911, 99th(us): 166655, 99.9th(us): 190207, 99.99th(us): 215807
UPDATE - Takes(s): 859.9, Count: 21006, OPS: 24.4, Avg(us): 74652, Min(us): 58720, Max(us): 156415, 50th(us): 73343, 90th(us): 82751, 95th(us): 86847, 99th(us): 95935, 99.9th(us): 123775, 99.99th(us): 151807
READ   - Takes(s): 869.8, Count: 18075, OPS: 20.8, Avg(us): 129975, Min(us): 59744, Max(us): 238591, 50th(us): 136831, 90th(us): 151551, 95th(us): 158079, 99th(us): 172415, 99.9th(us): 199295, 99.99th(us): 230911
READ_ERROR - Takes(s): 869.9, Count: 3139, OPS: 3.6, Avg(us): 132306, Min(us): 57056, Max(us): 280319, 50th(us): 139007, 90th(us): 158975, 95th(us): 168191, 99th(us): 183039, 99.9th(us): 231807, 99.99th(us): 280319
TOTAL  - Takes(s): 869.9, Count: 39315, OPS: 45.2, Avg(us): 100063, Min(us): 58720, Max(us): 238591, 50th(us): 79615, 90th(us): 144511, 95th(us): 150783, 99th(us): 166527, 99.9th(us): 190207, 99.99th(us): 215807
UPDATE - Takes(s): 869.9, Count: 21240, OPS: 24.4, Avg(us): 74608, Min(us): 58720, Max(us): 156415, 50th(us): 73343, 90th(us): 82687, 95th(us): 86783, 99th(us): 95871, 99.9th(us): 123775, 99.99th(us): 151807
READ   - Takes(s): 879.8, Count: 18331, OPS: 20.8, Avg(us): 129922, Min(us): 59744, Max(us): 238591, 50th(us): 136703, 90th(us): 151423, 95th(us): 157951, 99th(us): 172415, 99.9th(us): 199295, 99.99th(us): 230911
READ_ERROR - Takes(s): 879.9, Count: 3148, OPS: 3.6, Avg(us): 132296, Min(us): 57056, Max(us): 280319, 50th(us): 139007, 90th(us): 158975, 95th(us): 168191, 99th(us): 183039, 99.9th(us): 231807, 99.99th(us): 280319
TOTAL  - Takes(s): 879.9, Count: 39807, OPS: 45.2, Avg(us): 100052, Min(us): 58720, Max(us): 238591, 50th(us): 79615, 90th(us): 144511, 95th(us): 150655, 99th(us): 166399, 99.9th(us): 189951, 99.99th(us): 215807
UPDATE - Takes(s): 879.9, Count: 21476, OPS: 24.4, Avg(us): 74556, Min(us): 58720, Max(us): 156415, 50th(us): 73279, 90th(us): 82559, 95th(us): 86655, 99th(us): 95871, 99.9th(us): 123775, 99.99th(us): 151807
READ   - Takes(s): 889.8, Count: 18568, OPS: 20.9, Avg(us): 129855, Min(us): 59744, Max(us): 238591, 50th(us): 136703, 90th(us): 151423, 95th(us): 157823, 99th(us): 172287, 99.9th(us): 198399, 99.99th(us): 230911
READ_ERROR - Takes(s): 889.9, Count: 3158, OPS: 3.5, Avg(us): 132244, Min(us): 57056, Max(us): 280319, 50th(us): 139007, 90th(us): 158847, 95th(us): 168191, 99th(us): 182783, 99.9th(us): 231807, 99.99th(us): 280319
TOTAL  - Takes(s): 889.9, Count: 40318, OPS: 45.3, Avg(us): 99991, Min(us): 58720, Max(us): 238591, 50th(us): 79551, 90th(us): 144383, 95th(us): 150527, 99th(us): 166271, 99.9th(us): 189951, 99.99th(us): 215807
UPDATE - Takes(s): 889.9, Count: 21750, OPS: 24.4, Avg(us): 74497, Min(us): 58720, Max(us): 156415, 50th(us): 73151, 90th(us): 82495, 95th(us): 86591, 99th(us): 95807, 99.9th(us): 123519, 99.99th(us): 151807
READ   - Takes(s): 899.8, Count: 18804, OPS: 20.9, Avg(us): 129756, Min(us): 59744, Max(us): 238591, 50th(us): 136575, 90th(us): 151295, 95th(us): 157567, 99th(us): 172287, 99.9th(us): 198399, 99.99th(us): 230911
READ_ERROR - Takes(s): 899.9, Count: 3171, OPS: 3.5, Avg(us): 132215, Min(us): 57056, Max(us): 280319, 50th(us): 139007, 90th(us): 158847, 95th(us): 168063, 99th(us): 182783, 99.9th(us): 231807, 99.99th(us): 280319
TOTAL  - Takes(s): 899.9, Count: 40838, OPS: 45.4, Avg(us): 99906, Min(us): 58720, Max(us): 238591, 50th(us): 79487, 90th(us): 144255, 95th(us): 150399, 99th(us): 166143, 99.9th(us): 189439, 99.99th(us): 215807
UPDATE - Takes(s): 899.9, Count: 22034, OPS: 24.5, Avg(us): 74432, Min(us): 58720, Max(us): 156415, 50th(us): 73087, 90th(us): 82367, 95th(us): 86463, 99th(us): 95807, 99.9th(us): 123519, 99.99th(us): 151807
READ   - Takes(s): 909.8, Count: 19056, OPS: 20.9, Avg(us): 129673, Min(us): 59744, Max(us): 238591, 50th(us): 136575, 90th(us): 151167, 95th(us): 157311, 99th(us): 172159, 99.9th(us): 198399, 99.99th(us): 230911
READ_ERROR - Takes(s): 909.9, Count: 3181, OPS: 3.5, Avg(us): 132204, Min(us): 57056, Max(us): 280319, 50th(us): 139007, 90th(us): 158719, 95th(us): 168063, 99th(us): 182783, 99.9th(us): 231807, 99.99th(us): 280319
TOTAL  - Takes(s): 909.9, Count: 41340, OPS: 45.4, Avg(us): 99869, Min(us): 58720, Max(us): 238591, 50th(us): 79487, 90th(us): 144255, 95th(us): 150271, 99th(us): 166015, 99.9th(us): 189439, 99.99th(us): 215807
UPDATE - Takes(s): 909.9, Count: 22284, OPS: 24.5, Avg(us): 74382, Min(us): 58720, Max(us): 156415, 50th(us): 73087, 90th(us): 82303, 95th(us): 86399, 99th(us): 95743, 99.9th(us): 123519, 99.99th(us): 151807
READ   - Takes(s): 919.8, Count: 19297, OPS: 21.0, Avg(us): 129609, Min(us): 59744, Max(us): 238591, 50th(us): 136447, 90th(us): 150911, 95th(us): 157055, 99th(us): 172159, 99.9th(us): 198399, 99.99th(us): 230911
READ_ERROR - Takes(s): 919.9, Count: 3199, OPS: 3.5, Avg(us): 132166, Min(us): 57056, Max(us): 280319, 50th(us): 139007, 90th(us): 158591, 95th(us): 168063, 99th(us): 182783, 99.9th(us): 231807, 99.99th(us): 280319
TOTAL  - Takes(s): 919.9, Count: 41835, OPS: 45.5, Avg(us): 99828, Min(us): 58720, Max(us): 238591, 50th(us): 79423, 90th(us): 144127, 95th(us): 150143, 99th(us): 165887, 99.9th(us): 189183, 99.99th(us): 215807
UPDATE - Takes(s): 919.9, Count: 22538, OPS: 24.5, Avg(us): 74330, Min(us): 58720, Max(us): 156415, 50th(us): 73023, 90th(us): 82239, 95th(us): 86335, 99th(us): 95679, 99.9th(us): 123519, 99.99th(us): 151807
READ   - Takes(s): 929.8, Count: 19542, OPS: 21.0, Avg(us): 129526, Min(us): 59744, Max(us): 238591, 50th(us): 136447, 90th(us): 150783, 95th(us): 156927, 99th(us): 172031, 99.9th(us): 197887, 99.99th(us): 230911
READ_ERROR - Takes(s): 929.9, Count: 3211, OPS: 3.5, Avg(us): 132130, Min(us): 57056, Max(us): 280319, 50th(us): 138879, 90th(us): 158591, 95th(us): 167935, 99th(us): 182783, 99.9th(us): 231807, 99.99th(us): 280319
TOTAL  - Takes(s): 929.9, Count: 42346, OPS: 45.5, Avg(us): 99772, Min(us): 58720, Max(us): 238591, 50th(us): 79359, 90th(us): 143999, 95th(us): 150015, 99th(us): 165759, 99.9th(us): 189183, 99.99th(us): 215807
UPDATE - Takes(s): 929.9, Count: 22804, OPS: 24.5, Avg(us): 74274, Min(us): 58720, Max(us): 156415, 50th(us): 72959, 90th(us): 82175, 95th(us): 86207, 99th(us): 95551, 99.9th(us): 123519, 99.99th(us): 151807
READ   - Takes(s): 939.8, Count: 19781, OPS: 21.0, Avg(us): 129436, Min(us): 58752, Max(us): 238591, 50th(us): 136319, 90th(us): 150783, 95th(us): 156799, 99th(us): 172031, 99.9th(us): 197887, 99.99th(us): 230911
READ_ERROR - Takes(s): 939.9, Count: 3231, OPS: 3.4, Avg(us): 132033, Min(us): 57056, Max(us): 280319, 50th(us): 138879, 90th(us): 158463, 95th(us): 167935, 99th(us): 182783, 99.9th(us): 231807, 99.99th(us): 280319
TOTAL  - Takes(s): 939.9, Count: 42850, OPS: 45.6, Avg(us): 99709, Min(us): 58720, Max(us): 238591, 50th(us): 79295, 90th(us): 143871, 95th(us): 150015, 99th(us): 165631, 99.9th(us): 188927, 99.99th(us): 215807
UPDATE - Takes(s): 939.9, Count: 23069, OPS: 24.5, Avg(us): 74218, Min(us): 58720, Max(us): 156415, 50th(us): 72895, 90th(us): 82047, 95th(us): 86143, 99th(us): 95487, 99.9th(us): 123519, 99.99th(us): 151807
READ   - Takes(s): 949.8, Count: 20027, OPS: 21.1, Avg(us): 129349, Min(us): 58752, Max(us): 238591, 50th(us): 136319, 90th(us): 150527, 95th(us): 156671, 99th(us): 172031, 99.9th(us): 197887, 99.99th(us): 230911
READ_ERROR - Takes(s): 949.9, Count: 3244, OPS: 3.4, Avg(us): 131993, Min(us): 57056, Max(us): 280319, 50th(us): 138751, 90th(us): 158463, 95th(us): 167935, 99th(us): 182783, 99.9th(us): 231807, 99.99th(us): 280319
TOTAL  - Takes(s): 949.9, Count: 43360, OPS: 45.6, Avg(us): 99652, Min(us): 58720, Max(us): 238591, 50th(us): 79231, 90th(us): 143871, 95th(us): 149887, 99th(us): 165631, 99.9th(us): 188927, 99.99th(us): 215807
UPDATE - Takes(s): 949.9, Count: 23333, OPS: 24.6, Avg(us): 74163, Min(us): 58720, Max(us): 156415, 50th(us): 72831, 90th(us): 81983, 95th(us): 86079, 99th(us): 95487, 99.9th(us): 123519, 99.99th(us): 151807
READ   - Takes(s): 959.8, Count: 20276, OPS: 21.1, Avg(us): 129263, Min(us): 58752, Max(us): 238591, 50th(us): 136191, 90th(us): 150399, 95th(us): 156543, 99th(us): 172031, 99.9th(us): 197887, 99.99th(us): 230911
READ_ERROR - Takes(s): 959.9, Count: 3252, OPS: 3.4, Avg(us): 132001, Min(us): 57056, Max(us): 280319, 50th(us): 138751, 90th(us): 158463, 95th(us): 167935, 99th(us): 182655, 99.9th(us): 231807, 99.99th(us): 280319
TOTAL  - Takes(s): 959.9, Count: 43875, OPS: 45.7, Avg(us): 99599, Min(us): 58720, Max(us): 238591, 50th(us): 79167, 90th(us): 143743, 95th(us): 149759, 99th(us): 165503, 99.9th(us): 188927, 99.99th(us): 215807
UPDATE - Takes(s): 959.9, Count: 23599, OPS: 24.6, Avg(us): 74113, Min(us): 58720, Max(us): 156415, 50th(us): 72767, 90th(us): 81919, 95th(us): 85951, 99th(us): 95423, 99.9th(us): 123519, 99.99th(us): 151807
READ   - Takes(s): 969.8, Count: 20514, OPS: 21.2, Avg(us): 129212, Min(us): 58752, Max(us): 238591, 50th(us): 136191, 90th(us): 150271, 95th(us): 156415, 99th(us): 171903, 99.9th(us): 197887, 99.99th(us): 230911
READ_ERROR - Takes(s): 969.9, Count: 3266, OPS: 3.4, Avg(us): 131956, Min(us): 57056, Max(us): 280319, 50th(us): 138751, 90th(us): 158463, 95th(us): 167935, 99th(us): 182655, 99.9th(us): 231807, 99.99th(us): 280319
TOTAL  - Takes(s): 969.9, Count: 44380, OPS: 45.8, Avg(us): 99555, Min(us): 58720, Max(us): 238591, 50th(us): 79103, 90th(us): 143615, 95th(us): 149631, 99th(us): 165375, 99.9th(us): 188927, 99.99th(us): 215807
UPDATE - Takes(s): 969.9, Count: 23866, OPS: 24.6, Avg(us): 74063, Min(us): 58720, Max(us): 156415, 50th(us): 72767, 90th(us): 81791, 95th(us): 85887, 99th(us): 95295, 99.9th(us): 123519, 99.99th(us): 151807
READ   - Takes(s): 979.8, Count: 20762, OPS: 21.2, Avg(us): 129142, Min(us): 58752, Max(us): 238591, 50th(us): 136063, 90th(us): 150271, 95th(us): 156287, 99th(us): 171903, 99.9th(us): 197887, 99.99th(us): 230911
READ_ERROR - Takes(s): 979.9, Count: 3279, OPS: 3.3, Avg(us): 131947, Min(us): 57056, Max(us): 280319, 50th(us): 138751, 90th(us): 158463, 95th(us): 167807, 99th(us): 182655, 99.9th(us): 231807, 99.99th(us): 280319
TOTAL  - Takes(s): 979.9, Count: 44882, OPS: 45.8, Avg(us): 99517, Min(us): 58720, Max(us): 238591, 50th(us): 79039, 90th(us): 143615, 95th(us): 149631, 99th(us): 165247, 99.9th(us): 188543, 99.99th(us): 215807
UPDATE - Takes(s): 979.9, Count: 24120, OPS: 24.6, Avg(us): 74015, Min(us): 58720, Max(us): 156415, 50th(us): 72703, 90th(us): 81727, 95th(us): 85759, 99th(us): 95295, 99.9th(us): 123519, 99.99th(us): 151807
READ   - Takes(s): 989.8, Count: 21007, OPS: 21.2, Avg(us): 129042, Min(us): 58752, Max(us): 238591, 50th(us): 136063, 90th(us): 150143, 95th(us): 156287, 99th(us): 171775, 99.9th(us): 197887, 99.99th(us): 230911
READ_ERROR - Takes(s): 989.9, Count: 3291, OPS: 3.3, Avg(us): 131930, Min(us): 57056, Max(us): 280319, 50th(us): 138751, 90th(us): 158463, 95th(us): 167807, 99th(us): 182655, 99.9th(us): 231807, 99.99th(us): 280319
TOTAL  - Takes(s): 989.9, Count: 45394, OPS: 45.9, Avg(us): 99456, Min(us): 58144, Max(us): 238591, 50th(us): 78975, 90th(us): 143487, 95th(us): 149503, 99th(us): 165119, 99.9th(us): 188543, 99.99th(us): 214399
UPDATE - Takes(s): 989.9, Count: 24387, OPS: 24.6, Avg(us): 73971, Min(us): 58144, Max(us): 156415, 50th(us): 72639, 90th(us): 81663, 95th(us): 85695, 99th(us): 95103, 99.9th(us): 123519, 99.99th(us): 151807
READ   - Takes(s): 999.8, Count: 21241, OPS: 21.2, Avg(us): 129016, Min(us): 58752, Max(us): 238591, 50th(us): 136063, 90th(us): 150015, 95th(us): 156159, 99th(us): 171775, 99.9th(us): 197887, 99.99th(us): 230911
READ_ERROR - Takes(s): 999.9, Count: 3305, OPS: 3.3, Avg(us): 131889, Min(us): 57056, Max(us): 280319, 50th(us): 138623, 90th(us): 158463, 95th(us): 167807, 99th(us): 182655, 99.9th(us): 231807, 99.99th(us): 280319
TOTAL  - Takes(s): 999.9, Count: 45898, OPS: 45.9, Avg(us): 99420, Min(us): 58144, Max(us): 238591, 50th(us): 78911, 90th(us): 143487, 95th(us): 149375, 99th(us): 164991, 99.9th(us): 188287, 99.99th(us): 214399
UPDATE - Takes(s): 999.9, Count: 24657, OPS: 24.7, Avg(us): 73925, Min(us): 58144, Max(us): 156415, 50th(us): 72575, 90th(us): 81599, 95th(us): 85631, 99th(us): 95039, 99.9th(us): 123455, 99.99th(us): 151807
READ   - Takes(s): 1009.8, Count: 21495, OPS: 21.3, Avg(us): 128945, Min(us): 58752, Max(us): 238591, 50th(us): 135935, 90th(us): 149887, 95th(us): 156031, 99th(us): 171775, 99.9th(us): 197887, 99.99th(us): 230911
READ_ERROR - Takes(s): 1009.9, Count: 3316, OPS: 3.3, Avg(us): 131871, Min(us): 57056, Max(us): 280319, 50th(us): 138623, 90th(us): 158335, 95th(us): 167551, 99th(us): 182655, 99.9th(us): 231807, 99.99th(us): 280319
TOTAL  - Takes(s): 1009.9, Count: 46399, OPS: 45.9, Avg(us): 99390, Min(us): 58144, Max(us): 238591, 50th(us): 78911, 90th(us): 143359, 95th(us): 149247, 99th(us): 164863, 99.9th(us): 188287, 99.99th(us): 214399
UPDATE - Takes(s): 1009.9, Count: 24904, OPS: 24.7, Avg(us): 73881, Min(us): 58144, Max(us): 156415, 50th(us): 72575, 90th(us): 81535, 95th(us): 85503, 99th(us): 94911, 99.9th(us): 123455, 99.99th(us): 151807
**********************************************
Run finished, takes 16m57.10513828s
READ   - Takes(s): 1016.9, Count: 21622, OPS: 21.3, Avg(us): 128869, Min(us): 58752, Max(us): 238591, 50th(us): 135935, 90th(us): 149887, 95th(us): 156031, 99th(us): 171647, 99.9th(us): 197631, 99.99th(us): 230911
READ_ERROR - Takes(s): 1017.0, Count: 3323, OPS: 3.3, Avg(us): 131856, Min(us): 57056, Max(us): 280319, 50th(us): 138623, 90th(us): 158335, 95th(us): 167551, 99th(us): 182655, 99.9th(us): 231807, 99.99th(us): 280319
TOTAL  - Takes(s): 1017.0, Count: 46677, OPS: 45.9, Avg(us): 99338, Min(us): 58144, Max(us): 238591, 50th(us): 78847, 90th(us): 143359, 95th(us): 149247, 99th(us): 164735, 99.9th(us): 188159, 99.99th(us): 214399
UPDATE - Takes(s): 1017.0, Count: 25055, OPS: 24.6, Avg(us): 73853, Min(us): 58144, Max(us): 156415, 50th(us): 72511, 90th(us): 81471, 95th(us): 85503, 99th(us): 94847, 99.9th(us): 123455, 99.99th(us): 151679
