Now loading data using DB:  etcd
core
Using request distribution 'uniform' a keyrange of [0 99999]
***************** properties *****************
"etcd.endpoints"="192.168.37.15:2379"
"etcd.dial_timeout"="10s"
"dotransactions"="true"
"readproportion"="0.5"
"docollectingdata"="false"
"operationcount"="50000"
"readallfields"="true"
"command"="run"
"workload"="core"
"insertproportion"="0"
"requestdistribution"="uniform"
"scanproportion"="0"
"threadcount"="5"
"recordcount"="100000"
"updateproportion"="0.5"
**********************************************
READ   - Takes(s): 9.9, Count: 155, OPS: 15.7, Avg(us): 111396, Min(us): 58880, Max(us): 152831, 50th(us): 126399, 90th(us): 142079, 95th(us): 144383, 99th(us): 150527, 99.9th(us): 152831, 99.99th(us): 152831
READ_ERROR - Takes(s): 9.9, Count: 119, OPS: 12.0, Avg(us): 116441, Min(us): 60800, Max(us): 160767, 50th(us): 130687, 90th(us): 144895, 95th(us): 148991, 99th(us): 159103, 99.9th(us): 160767, 99.99th(us): 160767
TOTAL  - Takes(s): 9.9, Count: 433, OPS: 43.6, Avg(us): 82968, Min(us): 54432, Max(us): 152831, 50th(us): 70143, 90th(us): 134911, 95th(us): 139135, 99th(us): 147327, 99.9th(us): 152831, 99.99th(us): 152831
UPDATE - Takes(s): 9.9, Count: 278, OPS: 28.0, Avg(us): 67118, Min(us): 54432, Max(us): 77439, 50th(us): 67071, 90th(us): 72447, 95th(us): 73343, 99th(us): 75647, 99.9th(us): 77439, 99.99th(us): 77439
READ   - Takes(s): 19.9, Count: 307, OPS: 15.4, Avg(us): 114192, Min(us): 58880, Max(us): 184959, 50th(us): 128383, 90th(us): 147327, 95th(us): 152063, 99th(us): 167935, 99.9th(us): 184959, 99.99th(us): 184959
READ_ERROR - Takes(s): 19.9, Count: 225, OPS: 11.3, Avg(us): 112479, Min(us): 60800, Max(us): 172159, 50th(us): 127615, 90th(us): 144895, 95th(us): 148863, 99th(us): 160767, 99.9th(us): 172159, 99.99th(us): 172159
TOTAL  - Takes(s): 19.9, Count: 891, OPS: 44.7, Avg(us): 83323, Min(us): 54432, Max(us): 184959, 50th(us): 69439, 90th(us): 136831, 95th(us): 144255, 99th(us): 155775, 99.9th(us): 177791, 99.99th(us): 184959
UPDATE - Takes(s): 19.9, Count: 584, OPS: 29.3, Avg(us): 67095, Min(us): 54432, Max(us): 77439, 50th(us): 67007, 90th(us): 72383, 95th(us): 73407, 99th(us): 75711, 99.9th(us): 76223, 99.99th(us): 77439
READ   - Takes(s): 29.9, Count: 483, OPS: 16.2, Avg(us): 115197, Min(us): 58880, Max(us): 184959, 50th(us): 129151, 90th(us): 150399, 95th(us): 155775, 99th(us): 169343, 99.9th(us): 184959, 99.99th(us): 184959
READ_ERROR - Takes(s): 29.9, Count: 314, OPS: 10.5, Avg(us): 114457, Min(us): 60800, Max(us): 173439, 50th(us): 129279, 90th(us): 147455, 95th(us): 151935, 99th(us): 164735, 99.9th(us): 173439, 99.99th(us): 173439
TOTAL  - Takes(s): 29.9, Count: 1345, OPS: 44.9, Avg(us): 84606, Min(us): 54432, Max(us): 184959, 50th(us): 70207, 90th(us): 140671, 95th(us): 147455, 99th(us): 163327, 99.9th(us): 177791, 99.99th(us): 184959
UPDATE - Takes(s): 29.9, Count: 862, OPS: 28.8, Avg(us): 67465, Min(us): 54432, Max(us): 84351, 50th(us): 67263, 90th(us): 73087, 95th(us): 74751, 99th(us): 77375, 99.9th(us): 80895, 99.99th(us): 84351
READ   - Takes(s): 39.9, Count: 634, OPS: 15.9, Avg(us): 115543, Min(us): 58880, Max(us): 184959, 50th(us): 129215, 90th(us): 150911, 95th(us): 154879, 99th(us): 169343, 99.9th(us): 179711, 99.99th(us): 184959
READ_ERROR - Takes(s): 39.9, Count: 420, OPS: 10.5, Avg(us): 116247, Min(us): 58176, Max(us): 173439, 50th(us): 130431, 90th(us): 150015, 95th(us): 153471, 99th(us): 164095, 99.9th(us): 173439, 99.99th(us): 173439
TOTAL  - Takes(s): 39.9, Count: 1772, OPS: 44.4, Avg(us): 85087, Min(us): 54432, Max(us): 184959, 50th(us): 70719, 90th(us): 140799, 95th(us): 147967, 99th(us): 162559, 99.9th(us): 177791, 99.99th(us): 184959
UPDATE - Takes(s): 39.9, Count: 1138, OPS: 28.5, Avg(us): 68119, Min(us): 54432, Max(us): 89215, 50th(us): 67839, 90th(us): 74111, 95th(us): 75967, 99th(us): 80191, 99.9th(us): 86079, 99.99th(us): 89215
READ   - Takes(s): 49.9, Count: 798, OPS: 16.0, Avg(us): 116979, Min(us): 58880, Max(us): 184959, 50th(us): 130431, 90th(us): 151423, 95th(us): 156031, 99th(us): 172159, 99.9th(us): 181887, 99.99th(us): 184959
READ_ERROR - Takes(s): 49.9, Count: 513, OPS: 10.3, Avg(us): 116002, Min(us): 58176, Max(us): 178559, 50th(us): 130431, 90th(us): 150655, 95th(us): 153471, 99th(us): 164095, 99.9th(us): 173439, 99.99th(us): 178559
TOTAL  - Takes(s): 49.9, Count: 2215, OPS: 44.4, Avg(us): 85831, Min(us): 54432, Max(us): 184959, 50th(us): 71039, 90th(us): 141567, 95th(us): 148863, 99th(us): 163327, 99.9th(us): 181375, 99.99th(us): 184959
UPDATE - Takes(s): 49.9, Count: 1417, OPS: 28.4, Avg(us): 68290, Min(us): 54432, Max(us): 90303, 50th(us): 67967, 90th(us): 74239, 95th(us): 76095, 99th(us): 80511, 99.9th(us): 90175, 99.99th(us): 90303
READ   - Takes(s): 59.9, Count: 958, OPS: 16.0, Avg(us): 118203, Min(us): 57376, Max(us): 185343, 50th(us): 131711, 90th(us): 152063, 95th(us): 158591, 99th(us): 174591, 99.9th(us): 184959, 99.99th(us): 185343
READ_ERROR - Takes(s): 59.9, Count: 608, OPS: 10.1, Avg(us): 116421, Min(us): 58176, Max(us): 185087, 50th(us): 130687, 90th(us): 150655, 95th(us): 153471, 99th(us): 164735, 99.9th(us): 178559, 99.99th(us): 185087
TOTAL  - Takes(s): 59.9, Count: 2645, OPS: 44.1, Avg(us): 86585, Min(us): 54432, Max(us): 185343, 50th(us): 71423, 90th(us): 142335, 95th(us): 149887, 99th(us): 165247, 99.9th(us): 181375, 99.99th(us): 185343
UPDATE - Takes(s): 59.9, Count: 1687, OPS: 28.1, Avg(us): 68630, Min(us): 54432, Max(us): 90303, 50th(us): 68287, 90th(us): 74623, 95th(us): 76543, 99th(us): 82303, 99.9th(us): 89663, 99.99th(us): 90303
READ   - Takes(s): 69.9, Count: 1136, OPS: 16.3, Avg(us): 118748, Min(us): 56128, Max(us): 185343, 50th(us): 130623, 90th(us): 151167, 95th(us): 156543, 99th(us): 173823, 99.9th(us): 184959, 99.99th(us): 185343
READ_ERROR - Takes(s): 69.9, Count: 707, OPS: 10.1, Avg(us): 117001, Min(us): 57504, Max(us): 185087, 50th(us): 129599, 90th(us): 149631, 95th(us): 153471, 99th(us): 164095, 99.9th(us): 178559, 99.99th(us): 185087
TOTAL  - Takes(s): 69.9, Count: 3054, OPS: 43.7, Avg(us): 87360, Min(us): 54432, Max(us): 185343, 50th(us): 71615, 90th(us): 141823, 95th(us): 148351, 99th(us): 163071, 99.9th(us): 181375, 99.99th(us): 185343
UPDATE - Takes(s): 69.9, Count: 1918, OPS: 27.4, Avg(us): 68769, Min(us): 54432, Max(us): 90303, 50th(us): 68415, 90th(us): 74879, 95th(us): 77119, 99th(us): 83007, 99.9th(us): 89663, 99.99th(us): 90303
READ   - Takes(s): 79.9, Count: 1322, OPS: 16.6, Avg(us): 118978, Min(us): 56128, Max(us): 185343, 50th(us): 129279, 90th(us): 150143, 95th(us): 155391, 99th(us): 172159, 99.9th(us): 184959, 99.99th(us): 185343
READ_ERROR - Takes(s): 79.9, Count: 792, OPS: 9.9, Avg(us): 117087, Min(us): 57216, Max(us): 185087, 50th(us): 129023, 90th(us): 148991, 95th(us): 152575, 99th(us): 163967, 99.9th(us): 178559, 99.99th(us): 185087
TOTAL  - Takes(s): 79.9, Count: 3492, OPS: 43.7, Avg(us): 87896, Min(us): 54432, Max(us): 185343, 50th(us): 71999, 90th(us): 140415, 95th(us): 147327, 99th(us): 161791, 99.9th(us): 181375, 99.99th(us): 185343
UPDATE - Takes(s): 79.9, Count: 2170, OPS: 27.1, Avg(us): 68961, Min(us): 54432, Max(us): 90303, 50th(us): 68607, 90th(us): 75263, 95th(us): 77183, 99th(us): 83071, 99.9th(us): 89663, 99.99th(us): 90303
READ   - Takes(s): 89.9, Count: 1499, OPS: 16.7, Avg(us): 118920, Min(us): 56128, Max(us): 185343, 50th(us): 128895, 90th(us): 149247, 95th(us): 154239, 99th(us): 170623, 99.9th(us): 184959, 99.99th(us): 185343
READ_ERROR - Takes(s): 89.9, Count: 875, OPS: 9.7, Avg(us): 116862, Min(us): 57216, Max(us): 185087, 50th(us): 128831, 90th(us): 148479, 95th(us): 152575, 99th(us): 162431, 99.9th(us): 178559, 99.99th(us): 185087
TOTAL  - Takes(s): 89.9, Count: 3951, OPS: 43.9, Avg(us): 87933, Min(us): 54432, Max(us): 185343, 50th(us): 71999, 90th(us): 139775, 95th(us): 146815, 99th(us): 160511, 99.9th(us): 181375, 99.99th(us): 185343
UPDATE - Takes(s): 89.9, Count: 2452, OPS: 27.3, Avg(us): 68989, Min(us): 54432, Max(us): 91071, 50th(us): 68607, 90th(us): 75199, 95th(us): 77183, 99th(us): 83199, 99.9th(us): 90303, 99.99th(us): 91071
READ   - Takes(s): 99.9, Count: 1681, OPS: 16.8, Avg(us): 118627, Min(us): 56128, Max(us): 185343, 50th(us): 128511, 90th(us): 148095, 95th(us): 152831, 99th(us): 169343, 99.9th(us): 181887, 99.99th(us): 185343
READ_ERROR - Takes(s): 99.9, Count: 963, OPS: 9.6, Avg(us): 116976, Min(us): 57216, Max(us): 185087, 50th(us): 128447, 90th(us): 147455, 95th(us): 152191, 99th(us): 161535, 99.9th(us): 178559, 99.99th(us): 185087
TOTAL  - Takes(s): 99.9, Count: 4407, OPS: 44.1, Avg(us): 87862, Min(us): 54432, Max(us): 185343, 50th(us): 71871, 90th(us): 138495, 95th(us): 146175, 99th(us): 159999, 99.9th(us): 181375, 99.99th(us): 185343
UPDATE - Takes(s): 99.9, Count: 2726, OPS: 27.3, Avg(us): 68890, Min(us): 54432, Max(us): 91071, 50th(us): 68479, 90th(us): 75135, 95th(us): 77183, 99th(us): 83199, 99.9th(us): 90175, 99.99th(us): 91071
READ   - Takes(s): 109.9, Count: 1864, OPS: 17.0, Avg(us): 118313, Min(us): 56128, Max(us): 185343, 50th(us): 128127, 90th(us): 147455, 95th(us): 152447, 99th(us): 167935, 99.9th(us): 181887, 99.99th(us): 185343
READ_ERROR - Takes(s): 109.9, Count: 1046, OPS: 9.5, Avg(us): 116972, Min(us): 57216, Max(us): 185087, 50th(us): 127807, 90th(us): 147199, 95th(us): 152063, 99th(us): 161535, 99.9th(us): 178559, 99.99th(us): 185087
TOTAL  - Takes(s): 109.9, Count: 4861, OPS: 44.2, Avg(us): 87887, Min(us): 54432, Max(us): 185343, 50th(us): 71871, 90th(us): 137855, 95th(us): 145279, 99th(us): 158975, 99.9th(us): 179711, 99.99th(us): 185343
UPDATE - Takes(s): 109.9, Count: 2997, OPS: 27.3, Avg(us): 68963, Min(us): 54432, Max(us): 99135, 50th(us): 68543, 90th(us): 75199, 95th(us): 77247, 99th(us): 83519, 99.9th(us): 90303, 99.99th(us): 99135
READ   - Takes(s): 119.9, Count: 2063, OPS: 17.2, Avg(us): 118157, Min(us): 56128, Max(us): 185343, 50th(us): 127935, 90th(us): 146943, 95th(us): 152063, 99th(us): 167807, 99.9th(us): 181887, 99.99th(us): 185343
READ_ERROR - Takes(s): 119.9, Count: 1131, OPS: 9.4, Avg(us): 116927, Min(us): 57216, Max(us): 185087, 50th(us): 127679, 90th(us): 146943, 95th(us): 151679, 99th(us): 161535, 99.9th(us): 178559, 99.99th(us): 185087
TOTAL  - Takes(s): 119.9, Count: 5314, OPS: 44.3, Avg(us): 87973, Min(us): 54432, Max(us): 185343, 50th(us): 71807, 90th(us): 137471, 95th(us): 144255, 99th(us): 158463, 99.9th(us): 179711, 99.99th(us): 184959
UPDATE - Takes(s): 119.9, Count: 3251, OPS: 27.1, Avg(us): 68818, Min(us): 54432, Max(us): 99135, 50th(us): 68415, 90th(us): 75007, 95th(us): 77183, 99th(us): 83519, 99.9th(us): 90303, 99.99th(us): 99135
READ   - Takes(s): 129.9, Count: 2253, OPS: 17.3, Avg(us): 118210, Min(us): 56128, Max(us): 185343, 50th(us): 127743, 90th(us): 146431, 95th(us): 151551, 99th(us): 167551, 99.9th(us): 181887, 99.99th(us): 185343
READ_ERROR - Takes(s): 129.9, Count: 1207, OPS: 9.3, Avg(us): 117084, Min(us): 57216, Max(us): 185087, 50th(us): 127295, 90th(us): 146303, 95th(us): 151551, 99th(us): 161535, 99.9th(us): 178559, 99.99th(us): 185087
TOTAL  - Takes(s): 129.9, Count: 5764, OPS: 44.4, Avg(us): 88209, Min(us): 54432, Max(us): 185343, 50th(us): 71935, 90th(us): 137215, 95th(us): 143871, 99th(us): 156543, 99.9th(us): 179327, 99.99th(us): 184959
UPDATE - Takes(s): 129.9, Count: 3511, OPS: 27.0, Avg(us): 68958, Min(us): 54432, Max(us): 99135, 50th(us): 68543, 90th(us): 75327, 95th(us): 77439, 99th(us): 83711, 99.9th(us): 91007, 99.99th(us): 99135
READ   - Takes(s): 139.9, Count: 2455, OPS: 17.6, Avg(us): 117850, Min(us): 56128, Max(us): 185343, 50th(us): 126975, 90th(us): 145791, 95th(us): 151167, 99th(us): 167039, 99.9th(us): 181887, 99.99th(us): 185343
READ_ERROR - Takes(s): 139.9, Count: 1272, OPS: 9.1, Avg(us): 116968, Min(us): 57216, Max(us): 185087, 50th(us): 126783, 90th(us): 146047, 95th(us): 151167, 99th(us): 161023, 99.9th(us): 178559, 99.99th(us): 185087
TOTAL  - Takes(s): 139.9, Count: 6252, OPS: 44.7, Avg(us): 88126, Min(us): 54432, Max(us): 185343, 50th(us): 71935, 90th(us): 136575, 95th(us): 142975, 99th(us): 155519, 99.9th(us): 179327, 99.99th(us): 184959
UPDATE - Takes(s): 139.9, Count: 3797, OPS: 27.1, Avg(us): 68908, Min(us): 54432, Max(us): 99135, 50th(us): 68415, 90th(us): 75327, 95th(us): 77375, 99th(us): 83647, 99.9th(us): 91007, 99.99th(us): 99135
READ   - Takes(s): 149.9, Count: 2649, OPS: 17.7, Avg(us): 117816, Min(us): 56128, Max(us): 185343, 50th(us): 127039, 90th(us): 145279, 95th(us): 150911, 99th(us): 165247, 99.9th(us): 181375, 99.99th(us): 185343
READ_ERROR - Takes(s): 149.9, Count: 1340, OPS: 8.9, Avg(us): 117015, Min(us): 57216, Max(us): 185087, 50th(us): 126719, 90th(us): 145919, 95th(us): 151039, 99th(us): 161023, 99.9th(us): 178559, 99.99th(us): 185087
TOTAL  - Takes(s): 149.9, Count: 6721, OPS: 44.8, Avg(us): 88199, Min(us): 54432, Max(us): 185343, 50th(us): 71935, 90th(us): 136319, 95th(us): 142847, 99th(us): 155391, 99.9th(us): 178815, 99.99th(us): 184959
UPDATE - Takes(s): 149.9, Count: 4072, OPS: 27.2, Avg(us): 68931, Min(us): 54432, Max(us): 99135, 50th(us): 68543, 90th(us): 75199, 95th(us): 77247, 99th(us): 83647, 99.9th(us): 91007, 99.99th(us): 99135
READ   - Takes(s): 159.9, Count: 2845, OPS: 17.8, Avg(us): 117922, Min(us): 56128, Max(us): 185343, 50th(us): 127167, 90th(us): 144511, 95th(us): 150399, 99th(us): 164095, 99.9th(us): 181375, 99.99th(us): 185343
READ_ERROR - Takes(s): 159.9, Count: 1411, OPS: 8.8, Avg(us): 117257, Min(us): 57216, Max(us): 185087, 50th(us): 126655, 90th(us): 145791, 95th(us): 150783, 99th(us): 161535, 99.9th(us): 178559, 99.99th(us): 185087
TOTAL  - Takes(s): 159.9, Count: 7174, OPS: 44.9, Avg(us): 88385, Min(us): 54432, Max(us): 185343, 50th(us): 71999, 90th(us): 136191, 95th(us): 142463, 99th(us): 154879, 99.9th(us): 178815, 99.99th(us): 184959
UPDATE - Takes(s): 159.9, Count: 4329, OPS: 27.1, Avg(us): 68973, Min(us): 54432, Max(us): 99135, 50th(us): 68543, 90th(us): 75263, 95th(us): 77247, 99th(us): 83583, 99.9th(us): 91071, 99.99th(us): 99135
READ   - Takes(s): 169.9, Count: 3036, OPS: 17.9, Avg(us): 118156, Min(us): 56128, Max(us): 185343, 50th(us): 127231, 90th(us): 143999, 95th(us): 150015, 99th(us): 163327, 99.9th(us): 181375, 99.99th(us): 185343
READ_ERROR - Takes(s): 169.9, Count: 1481, OPS: 8.7, Avg(us): 117475, Min(us): 57216, Max(us): 185087, 50th(us): 126847, 90th(us): 145407, 95th(us): 150783, 99th(us): 161535, 99.9th(us): 178559, 99.99th(us): 185087
TOTAL  - Takes(s): 169.9, Count: 7622, OPS: 44.9, Avg(us): 88625, Min(us): 54432, Max(us): 185343, 50th(us): 72191, 90th(us): 136063, 95th(us): 142079, 99th(us): 154495, 99.9th(us): 177791, 99.99th(us): 184959
UPDATE - Takes(s): 169.9, Count: 4586, OPS: 27.0, Avg(us): 69075, Min(us): 54432, Max(us): 99135, 50th(us): 68671, 90th(us): 75391, 95th(us): 77439, 99th(us): 83519, 99.9th(us): 91007, 99.99th(us): 99135
READ   - Takes(s): 179.9, Count: 3253, OPS: 18.1, Avg(us): 118194, Min(us): 55392, Max(us): 185343, 50th(us): 127103, 90th(us): 143871, 95th(us): 149887, 99th(us): 163071, 99.9th(us): 181375, 99.99th(us): 185343
READ_ERROR - Takes(s): 179.9, Count: 1529, OPS: 8.5, Avg(us): 117573, Min(us): 57216, Max(us): 185087, 50th(us): 126847, 90th(us): 145151, 95th(us): 150783, 99th(us): 161535, 99.9th(us): 174591, 99.99th(us): 185087
TOTAL  - Takes(s): 179.9, Count: 8102, OPS: 45.0, Avg(us): 88829, Min(us): 54432, Max(us): 185343, 50th(us): 72255, 90th(us): 136063, 95th(us): 141951, 99th(us): 154367, 99.9th(us): 177791, 99.99th(us): 184959
UPDATE - Takes(s): 179.9, Count: 4849, OPS: 26.9, Avg(us): 69129, Min(us): 54432, Max(us): 99135, 50th(us): 68671, 90th(us): 75519, 95th(us): 77567, 99th(us): 83583, 99.9th(us): 91711, 99.99th(us): 99135
READ   - Takes(s): 189.9, Count: 3466, OPS: 18.3, Avg(us): 118064, Min(us): 55392, Max(us): 185343, 50th(us): 126847, 90th(us): 143231, 95th(us): 149247, 99th(us): 162943, 99.9th(us): 181375, 99.99th(us): 185343
READ_ERROR - Takes(s): 189.9, Count: 1599, OPS: 8.4, Avg(us): 117675, Min(us): 57216, Max(us): 185087, 50th(us): 126847, 90th(us): 144767, 95th(us): 150655, 99th(us): 161535, 99.9th(us): 174591, 99.99th(us): 185087
TOTAL  - Takes(s): 189.9, Count: 8561, OPS: 45.1, Avg(us): 88932, Min(us): 54432, Max(us): 185343, 50th(us): 72255, 90th(us): 135679, 95th(us): 141567, 99th(us): 154111, 99.9th(us): 176895, 99.99th(us): 184959
UPDATE - Takes(s): 189.9, Count: 5095, OPS: 26.8, Avg(us): 69114, Min(us): 54432, Max(us): 99135, 50th(us): 68671, 90th(us): 75519, 95th(us): 77567, 99th(us): 83583, 99.9th(us): 91711, 99.99th(us): 96767
READ   - Takes(s): 199.9, Count: 3675, OPS: 18.4, Avg(us): 117828, Min(us): 55392, Max(us): 185343, 50th(us): 126399, 90th(us): 142719, 95th(us): 148735, 99th(us): 161791, 99.9th(us): 181375, 99.99th(us): 185343
READ_ERROR - Takes(s): 199.9, Count: 1667, OPS: 8.3, Avg(us): 117648, Min(us): 57216, Max(us): 185087, 50th(us): 126527, 90th(us): 144383, 95th(us): 150399, 99th(us): 161023, 99.9th(us): 174591, 99.99th(us): 185087
TOTAL  - Takes(s): 199.9, Count: 9040, OPS: 45.2, Avg(us): 88889, Min(us): 54432, Max(us): 185343, 50th(us): 72255, 90th(us): 135295, 95th(us): 141183, 99th(us): 153343, 99.9th(us): 176895, 99.99th(us): 184959
UPDATE - Takes(s): 199.9, Count: 5365, OPS: 26.8, Avg(us): 69067, Min(us): 54432, Max(us): 99135, 50th(us): 68607, 90th(us): 75455, 95th(us): 77503, 99th(us): 83519, 99.9th(us): 91711, 99.99th(us): 96767
READ   - Takes(s): 209.9, Count: 3886, OPS: 18.5, Avg(us): 117899, Min(us): 54208, Max(us): 185343, 50th(us): 126143, 90th(us): 142463, 95th(us): 148607, 99th(us): 161535, 99.9th(us): 181375, 99.99th(us): 185343
READ_ERROR - Takes(s): 209.9, Count: 1726, OPS: 8.2, Avg(us): 117723, Min(us): 57216, Max(us): 185087, 50th(us): 126463, 90th(us): 144127, 95th(us): 149887, 99th(us): 161023, 99.9th(us): 174591, 99.99th(us): 185087
TOTAL  - Takes(s): 209.9, Count: 9503, OPS: 45.3, Avg(us): 89058, Min(us): 54208, Max(us): 185343, 50th(us): 72383, 90th(us): 135039, 95th(us): 141055, 99th(us): 153471, 99.9th(us): 174591, 99.99th(us): 184959
UPDATE - Takes(s): 209.9, Count: 5617, OPS: 26.8, Avg(us): 69106, Min(us): 54432, Max(us): 99135, 50th(us): 68607, 90th(us): 75519, 95th(us): 77759, 99th(us): 83903, 99.9th(us): 91903, 99.99th(us): 96767
READ   - Takes(s): 219.9, Count: 4096, OPS: 18.6, Avg(us): 117744, Min(us): 54208, Max(us): 185343, 50th(us): 126015, 90th(us): 142335, 95th(us): 148095, 99th(us): 160639, 99.9th(us): 181375, 99.99th(us): 185343
READ_ERROR - Takes(s): 219.9, Count: 1781, OPS: 8.1, Avg(us): 117695, Min(us): 57216, Max(us): 185087, 50th(us): 126399, 90th(us): 144127, 95th(us): 149503, 99th(us): 160767, 99.9th(us): 174591, 99.99th(us): 185087
TOTAL  - Takes(s): 219.9, Count: 10006, OPS: 45.5, Avg(us): 88956, Min(us): 54208, Max(us): 185343, 50th(us): 72255, 90th(us): 134783, 95th(us): 140799, 99th(us): 152959, 99.9th(us): 174591, 99.99th(us): 184959
UPDATE - Takes(s): 219.9, Count: 5910, OPS: 26.9, Avg(us): 69004, Min(us): 54432, Max(us): 99135, 50th(us): 68479, 90th(us): 75455, 95th(us): 77695, 99th(us): 83839, 99.9th(us): 91903, 99.99th(us): 96767
READ   - Takes(s): 229.9, Count: 4297, OPS: 18.7, Avg(us): 117730, Min(us): 54208, Max(us): 185343, 50th(us): 126015, 90th(us): 142207, 95th(us): 147967, 99th(us): 160511, 99.9th(us): 181375, 99.99th(us): 185343
READ_ERROR - Takes(s): 229.9, Count: 1846, OPS: 8.0, Avg(us): 117701, Min(us): 57216, Max(us): 185087, 50th(us): 126335, 90th(us): 143871, 95th(us): 149119, 99th(us): 160767, 99.9th(us): 174591, 99.99th(us): 185087
TOTAL  - Takes(s): 229.9, Count: 10472, OPS: 45.5, Avg(us): 89024, Min(us): 54208, Max(us): 185343, 50th(us): 72319, 90th(us): 134783, 95th(us): 140671, 99th(us): 152831, 99.9th(us): 174591, 99.99th(us): 184959
UPDATE - Takes(s): 229.9, Count: 6175, OPS: 26.9, Avg(us): 69048, Min(us): 54432, Max(us): 99135, 50th(us): 68543, 90th(us): 75519, 95th(us): 77887, 99th(us): 84159, 99.9th(us): 91903, 99.99th(us): 96767
READ   - Takes(s): 239.9, Count: 4509, OPS: 18.8, Avg(us): 117556, Min(us): 52928, Max(us): 185343, 50th(us): 126015, 90th(us): 141951, 95th(us): 147583, 99th(us): 160255, 99.9th(us): 179711, 99.99th(us): 185343
READ_ERROR - Takes(s): 239.9, Count: 1901, OPS: 7.9, Avg(us): 117570, Min(us): 57216, Max(us): 185087, 50th(us): 126271, 90th(us): 143615, 95th(us): 148991, 99th(us): 160767, 99.9th(us): 174591, 99.99th(us): 185087
TOTAL  - Takes(s): 239.9, Count: 10974, OPS: 45.7, Avg(us): 88944, Min(us): 52064, Max(us): 185343, 50th(us): 72255, 90th(us): 134783, 95th(us): 140415, 99th(us): 152703, 99.9th(us): 173823, 99.99th(us): 184959
UPDATE - Takes(s): 239.9, Count: 6465, OPS: 26.9, Avg(us): 68989, Min(us): 52064, Max(us): 99135, 50th(us): 68479, 90th(us): 75455, 95th(us): 77823, 99th(us): 84031, 99.9th(us): 91903, 99.99th(us): 96767
READ   - Takes(s): 249.9, Count: 4707, OPS: 18.8, Avg(us): 117446, Min(us): 51296, Max(us): 185343, 50th(us): 125887, 90th(us): 141823, 95th(us): 147583, 99th(us): 159999, 99.9th(us): 179711, 99.99th(us): 185343
READ_ERROR - Takes(s): 249.9, Count: 1961, OPS: 7.8, Avg(us): 117534, Min(us): 57216, Max(us): 185087, 50th(us): 126143, 90th(us): 143615, 95th(us): 148863, 99th(us): 160639, 99.9th(us): 174591, 99.99th(us): 185087
TOTAL  - Takes(s): 249.9, Count: 11464, OPS: 45.9, Avg(us): 88888, Min(us): 51296, Max(us): 185343, 50th(us): 72255, 90th(us): 134527, 95th(us): 140415, 99th(us): 152447, 99.9th(us): 173823, 99.99th(us): 184959
UPDATE - Takes(s): 249.9, Count: 6757, OPS: 27.0, Avg(us): 68994, Min(us): 52064, Max(us): 99135, 50th(us): 68479, 90th(us): 75519, 95th(us): 77887, 99th(us): 84223, 99.9th(us): 92095, 99.99th(us): 96767
READ   - Takes(s): 259.9, Count: 4922, OPS: 18.9, Avg(us): 117293, Min(us): 51296, Max(us): 185343, 50th(us): 125631, 90th(us): 141567, 95th(us): 147327, 99th(us): 159871, 99.9th(us): 179711, 99.99th(us): 185343
READ_ERROR - Takes(s): 259.9, Count: 2011, OPS: 7.7, Avg(us): 117580, Min(us): 57216, Max(us): 185087, 50th(us): 126143, 90th(us): 143487, 95th(us): 148863, 99th(us): 160639, 99.9th(us): 174591, 99.99th(us): 185087
TOTAL  - Takes(s): 259.9, Count: 11965, OPS: 46.0, Avg(us): 88858, Min(us): 51296, Max(us): 185343, 50th(us): 72255, 90th(us): 134271, 95th(us): 140287, 99th(us): 152319, 99.9th(us): 172799, 99.99th(us): 184959
UPDATE - Takes(s): 259.9, Count: 7043, OPS: 27.1, Avg(us): 68987, Min(us): 52064, Max(us): 99135, 50th(us): 68415, 90th(us): 75519, 95th(us): 77951, 99th(us): 84351, 99.9th(us): 92095, 99.99th(us): 96767
READ   - Takes(s): 269.9, Count: 5133, OPS: 19.0, Avg(us): 117222, Min(us): 51296, Max(us): 185343, 50th(us): 125567, 90th(us): 141439, 95th(us): 147199, 99th(us): 159743, 99.9th(us): 179711, 99.99th(us): 184959
READ_ERROR - Takes(s): 269.9, Count: 2056, OPS: 7.6, Avg(us): 117509, Min(us): 57216, Max(us): 185087, 50th(us): 126079, 90th(us): 143359, 95th(us): 148735, 99th(us): 160127, 99.9th(us): 174591, 99.99th(us): 185087
TOTAL  - Takes(s): 269.9, Count: 12475, OPS: 46.2, Avg(us): 88821, Min(us): 51296, Max(us): 185343, 50th(us): 72191, 90th(us): 134143, 95th(us): 140031, 99th(us): 152191, 99.9th(us): 172799, 99.99th(us): 184959
UPDATE - Takes(s): 269.9, Count: 7342, OPS: 27.2, Avg(us): 68965, Min(us): 52064, Max(us): 99135, 50th(us): 68415, 90th(us): 75455, 95th(us): 77887, 99th(us): 84287, 99.9th(us): 92095, 99.99th(us): 96767
READ   - Takes(s): 279.9, Count: 5345, OPS: 19.1, Avg(us): 117144, Min(us): 51296, Max(us): 185343, 50th(us): 125567, 90th(us): 141439, 95th(us): 147199, 99th(us): 159615, 99.9th(us): 179711, 99.99th(us): 184959
READ_ERROR - Takes(s): 279.9, Count: 2113, OPS: 7.5, Avg(us): 117466, Min(us): 57216, Max(us): 185087, 50th(us): 126079, 90th(us): 143359, 95th(us): 148479, 99th(us): 160127, 99.9th(us): 174591, 99.99th(us): 185087
TOTAL  - Takes(s): 279.9, Count: 12960, OPS: 46.3, Avg(us): 88842, Min(us): 51296, Max(us): 185343, 50th(us): 72255, 90th(us): 134271, 95th(us): 140031, 99th(us): 152319, 99.9th(us): 172159, 99.99th(us): 184959
UPDATE - Takes(s): 279.9, Count: 7615, OPS: 27.2, Avg(us): 68976, Min(us): 52064, Max(us): 99135, 50th(us): 68415, 90th(us): 75519, 95th(us): 77951, 99th(us): 84415, 99.9th(us): 94143, 99.99th(us): 96767
READ   - Takes(s): 289.9, Count: 5567, OPS: 19.2, Avg(us): 117287, Min(us): 51296, Max(us): 185343, 50th(us): 125695, 90th(us): 141567, 95th(us): 147199, 99th(us): 158975, 99.9th(us): 179327, 99.99th(us): 184959
READ_ERROR - Takes(s): 289.9, Count: 2156, OPS: 7.4, Avg(us): 117319, Min(us): 57216, Max(us): 185087, 50th(us): 126079, 90th(us): 143359, 95th(us): 148479, 99th(us): 159871, 99.9th(us): 174591, 99.99th(us): 185087
TOTAL  - Takes(s): 289.9, Count: 13444, OPS: 46.4, Avg(us): 89006, Min(us): 51296, Max(us): 185343, 50th(us): 72319, 90th(us): 134399, 95th(us): 140159, 99th(us): 152191, 99.9th(us): 172159, 99.99th(us): 184959
UPDATE - Takes(s): 289.9, Count: 7877, OPS: 27.2, Avg(us): 69019, Min(us): 52064, Max(us): 99135, 50th(us): 68479, 90th(us): 75583, 95th(us): 78207, 99th(us): 84415, 99.9th(us): 94143, 99.99th(us): 96767
READ   - Takes(s): 299.9, Count: 5798, OPS: 19.3, Avg(us): 117329, Min(us): 51296, Max(us): 185343, 50th(us): 125759, 90th(us): 141439, 95th(us): 147071, 99th(us): 158591, 99.9th(us): 179327, 99.99th(us): 184959
READ_ERROR - Takes(s): 299.9, Count: 2197, OPS: 7.3, Avg(us): 117210, Min(us): 57216, Max(us): 185087, 50th(us): 126015, 90th(us): 143103, 95th(us): 148351, 99th(us): 159871, 99.9th(us): 174591, 99.99th(us): 185087
TOTAL  - Takes(s): 299.9, Count: 13939, OPS: 46.5, Avg(us): 89115, Min(us): 51296, Max(us): 185343, 50th(us): 72383, 90th(us): 134399, 95th(us): 140031, 99th(us): 152063, 99.9th(us): 171263, 99.99th(us): 184959
UPDATE - Takes(s): 299.9, Count: 8141, OPS: 27.1, Avg(us): 69020, Min(us): 52064, Max(us): 99135, 50th(us): 68479, 90th(us): 75647, 95th(us): 78207, 99th(us): 84799, 99.9th(us): 94143, 99.99th(us): 96767
READ   - Takes(s): 309.9, Count: 6012, OPS: 19.4, Avg(us): 117309, Min(us): 51296, Max(us): 185343, 50th(us): 125695, 90th(us): 141439, 95th(us): 146815, 99th(us): 158463, 99.9th(us): 179327, 99.99th(us): 184959
READ_ERROR - Takes(s): 309.9, Count: 2235, OPS: 7.2, Avg(us): 117128, Min(us): 57216, Max(us): 185087, 50th(us): 126015, 90th(us): 143103, 95th(us): 148223, 99th(us): 159871, 99.9th(us): 174591, 99.99th(us): 185087
TOTAL  - Takes(s): 309.9, Count: 14449, OPS: 46.6, Avg(us): 89110, Min(us): 51296, Max(us): 185343, 50th(us): 72319, 90th(us): 134399, 95th(us): 140031, 99th(us): 151935, 99.9th(us): 171263, 99.99th(us): 184959
UPDATE - Takes(s): 309.9, Count: 8437, OPS: 27.2, Avg(us): 69017, Min(us): 52064, Max(us): 99135, 50th(us): 68479, 90th(us): 75647, 95th(us): 78207, 99th(us): 84607, 99.9th(us): 94143, 99.99th(us): 96767
READ   - Takes(s): 319.9, Count: 6250, OPS: 19.5, Avg(us): 117220, Min(us): 51296, Max(us): 185343, 50th(us): 125567, 90th(us): 141311, 95th(us): 146815, 99th(us): 157823, 99.9th(us): 179327, 99.99th(us): 184959
READ_ERROR - Takes(s): 319.9, Count: 2268, OPS: 7.1, Avg(us): 117162, Min(us): 57216, Max(us): 185087, 50th(us): 125951, 90th(us): 142719, 95th(us): 148095, 99th(us): 159871, 99.9th(us): 174591, 99.99th(us): 185087
TOTAL  - Takes(s): 319.9, Count: 14969, OPS: 46.8, Avg(us): 89107, Min(us): 51296, Max(us): 185343, 50th(us): 72255, 90th(us): 134271, 95th(us): 139903, 99th(us): 151551, 99.9th(us): 170623, 99.99th(us): 184959
UPDATE - Takes(s): 319.9, Count: 8719, OPS: 27.3, Avg(us): 68955, Min(us): 52064, Max(us): 99135, 50th(us): 68415, 90th(us): 75583, 95th(us): 78143, 99th(us): 84415, 99.9th(us): 93823, 99.99th(us): 96767
READ   - Takes(s): 329.9, Count: 6478, OPS: 19.6, Avg(us): 116962, Min(us): 51296, Max(us): 185343, 50th(us): 125375, 90th(us): 141055, 95th(us): 146431, 99th(us): 156927, 99.9th(us): 179327, 99.99th(us): 184959
READ_ERROR - Takes(s): 329.9, Count: 2306, OPS: 7.0, Avg(us): 116962, Min(us): 57216, Max(us): 185087, 50th(us): 125887, 90th(us): 142591, 95th(us): 148095, 99th(us): 159871, 99.9th(us): 174591, 99.99th(us): 185087
TOTAL  - Takes(s): 329.9, Count: 15511, OPS: 47.0, Avg(us): 88959, Min(us): 51296, Max(us): 185343, 50th(us): 72191, 90th(us): 133887, 95th(us): 139775, 99th(us): 151423, 99.9th(us): 169343, 99.99th(us): 181887
UPDATE - Takes(s): 329.9, Count: 9033, OPS: 27.4, Avg(us): 68876, Min(us): 52064, Max(us): 99135, 50th(us): 68287, 90th(us): 75519, 95th(us): 78143, 99th(us): 84415, 99.9th(us): 93823, 99.99th(us): 96767
READ   - Takes(s): 339.9, Count: 6696, OPS: 19.7, Avg(us): 116902, Min(us): 51296, Max(us): 185343, 50th(us): 125247, 90th(us): 140927, 95th(us): 146175, 99th(us): 156927, 99.9th(us): 178815, 99.99th(us): 184959
READ_ERROR - Takes(s): 339.9, Count: 2352, OPS: 6.9, Avg(us): 116875, Min(us): 57216, Max(us): 185087, 50th(us): 125695, 90th(us): 142591, 95th(us): 148095, 99th(us): 159103, 99.9th(us): 174591, 99.99th(us): 185087
TOTAL  - Takes(s): 339.9, Count: 16016, OPS: 47.1, Avg(us): 88952, Min(us): 51296, Max(us): 185343, 50th(us): 72191, 90th(us): 133887, 95th(us): 139775, 99th(us): 151423, 99.9th(us): 169343, 99.99th(us): 181887
UPDATE - Takes(s): 339.9, Count: 9320, OPS: 27.4, Avg(us): 68872, Min(us): 52064, Max(us): 99135, 50th(us): 68287, 90th(us): 75519, 95th(us): 78143, 99th(us): 84415, 99.9th(us): 93823, 99.99th(us): 96767
READ   - Takes(s): 349.9, Count: 6934, OPS: 19.8, Avg(us): 116988, Min(us): 51296, Max(us): 185343, 50th(us): 125119, 90th(us): 140799, 95th(us): 146047, 99th(us): 156799, 99.9th(us): 178815, 99.99th(us): 184959
READ_ERROR - Takes(s): 349.9, Count: 2392, OPS: 6.8, Avg(us): 116911, Min(us): 57216, Max(us): 185087, 50th(us): 125567, 90th(us): 142463, 95th(us): 147967, 99th(us): 159103, 99.9th(us): 174591, 99.99th(us): 185087
TOTAL  - Takes(s): 349.9, Count: 16497, OPS: 47.1, Avg(us): 89098, Min(us): 51296, Max(us): 185343, 50th(us): 72255, 90th(us): 133759, 95th(us): 139519, 99th(us): 151423, 99.9th(us): 169343, 99.99th(us): 181887
UPDATE - Takes(s): 349.9, Count: 9563, OPS: 27.3, Avg(us): 68875, Min(us): 52064, Max(us): 99135, 50th(us): 68287, 90th(us): 75519, 95th(us): 78079, 99th(us): 84415, 99.9th(us): 92351, 99.99th(us): 96767
READ   - Takes(s): 359.9, Count: 7162, OPS: 19.9, Avg(us): 116941, Min(us): 51296, Max(us): 185343, 50th(us): 125119, 90th(us): 140671, 95th(us): 145919, 99th(us): 156799, 99.9th(us): 178815, 99.99th(us): 184959
READ_ERROR - Takes(s): 359.9, Count: 2427, OPS: 6.7, Avg(us): 116922, Min(us): 57216, Max(us): 185087, 50th(us): 125503, 90th(us): 142463, 95th(us): 147967, 99th(us): 159103, 99.9th(us): 174591, 99.99th(us): 185087
TOTAL  - Takes(s): 359.9, Count: 17006, OPS: 47.2, Avg(us): 89123, Min(us): 51296, Max(us): 185343, 50th(us): 72255, 90th(us): 133631, 95th(us): 139391, 99th(us): 151295, 99.9th(us): 169343, 99.99th(us): 181887
UPDATE - Takes(s): 359.9, Count: 9844, OPS: 27.3, Avg(us): 68884, Min(us): 52064, Max(us): 99135, 50th(us): 68287, 90th(us): 75583, 95th(us): 78207, 99th(us): 84671, 99.9th(us): 92351, 99.99th(us): 96767
READ   - Takes(s): 369.9, Count: 7420, OPS: 20.1, Avg(us): 116951, Min(us): 51296, Max(us): 185343, 50th(us): 125119, 90th(us): 140543, 95th(us): 145663, 99th(us): 156543, 99.9th(us): 178815, 99.99th(us): 184959
READ_ERROR - Takes(s): 369.9, Count: 2459, OPS: 6.6, Avg(us): 116968, Min(us): 57216, Max(us): 185087, 50th(us): 125503, 90th(us): 142463, 95th(us): 147967, 99th(us): 158975, 99.9th(us): 174591, 99.99th(us): 185087
TOTAL  - Takes(s): 369.9, Count: 17497, OPS: 47.3, Avg(us): 89272, Min(us): 51296, Max(us): 185343, 50th(us): 72255, 90th(us): 133503, 95th(us): 139263, 99th(us): 151167, 99.9th(us): 169343, 99.99th(us): 181887
UPDATE - Takes(s): 369.9, Count: 10077, OPS: 27.2, Avg(us): 68891, Min(us): 52064, Max(us): 99135, 50th(us): 68287, 90th(us): 75583, 95th(us): 78271, 99th(us): 84799, 99.9th(us): 92351, 99.99th(us): 96767
READ   - Takes(s): 379.9, Count: 7653, OPS: 20.1, Avg(us): 116849, Min(us): 51296, Max(us): 185343, 50th(us): 125055, 90th(us): 140415, 95th(us): 145407, 99th(us): 156031, 99.9th(us): 177791, 99.99th(us): 184959
READ_ERROR - Takes(s): 379.9, Count: 2486, OPS: 6.5, Avg(us): 116972, Min(us): 57216, Max(us): 185087, 50th(us): 125439, 90th(us): 142463, 95th(us): 147839, 99th(us): 158975, 99.9th(us): 174591, 99.99th(us): 185087
TOTAL  - Takes(s): 379.9, Count: 18024, OPS: 47.4, Avg(us): 89258, Min(us): 51296, Max(us): 185343, 50th(us): 72319, 90th(us): 133247, 95th(us): 139135, 99th(us): 151167, 99.9th(us): 169215, 99.99th(us): 181887
UPDATE - Takes(s): 379.9, Count: 10371, OPS: 27.3, Avg(us): 68897, Min(us): 52064, Max(us): 99135, 50th(us): 68287, 90th(us): 75647, 95th(us): 78399, 99th(us): 84991, 99.9th(us): 92543, 99.99th(us): 96767
READ   - Takes(s): 389.9, Count: 7872, OPS: 20.2, Avg(us): 116788, Min(us): 51296, Max(us): 185343, 50th(us): 124991, 90th(us): 140287, 95th(us): 145279, 99th(us): 155775, 99.9th(us): 177791, 99.99th(us): 184959
READ_ERROR - Takes(s): 389.9, Count: 2520, OPS: 6.5, Avg(us): 116943, Min(us): 57216, Max(us): 185087, 50th(us): 125375, 90th(us): 142335, 95th(us): 147583, 99th(us): 158975, 99.9th(us): 173439, 99.99th(us): 185087
TOTAL  - Takes(s): 389.9, Count: 18545, OPS: 47.6, Avg(us): 89223, Min(us): 51296, Max(us): 185343, 50th(us): 72255, 90th(us): 133247, 95th(us): 139135, 99th(us): 151167, 99.9th(us): 167935, 99.99th(us): 181887
UPDATE - Takes(s): 389.9, Count: 10673, OPS: 27.4, Avg(us): 68892, Min(us): 52064, Max(us): 99135, 50th(us): 68287, 90th(us): 75583, 95th(us): 78399, 99th(us): 84927, 99.9th(us): 92479, 99.99th(us): 96767
READ   - Takes(s): 399.9, Count: 8128, OPS: 20.3, Avg(us): 116783, Min(us): 51296, Max(us): 185343, 50th(us): 124927, 90th(us): 140159, 95th(us): 145151, 99th(us): 155775, 99.9th(us): 177791, 99.99th(us): 184959
READ_ERROR - Takes(s): 399.9, Count: 2554, OPS: 6.4, Avg(us): 116867, Min(us): 57216, Max(us): 185087, 50th(us): 125311, 90th(us): 142207, 95th(us): 147455, 99th(us): 158847, 99.9th(us): 173439, 99.99th(us): 185087
TOTAL  - Takes(s): 399.9, Count: 19048, OPS: 47.6, Avg(us): 89312, Min(us): 51296, Max(us): 185343, 50th(us): 72255, 90th(us): 133119, 95th(us): 139007, 99th(us): 150911, 99.9th(us): 167935, 99.99th(us): 181887
UPDATE - Takes(s): 399.9, Count: 10920, OPS: 27.3, Avg(us): 68865, Min(us): 52064, Max(us): 99135, 50th(us): 68287, 90th(us): 75583, 95th(us): 78335, 99th(us): 84799, 99.9th(us): 92479, 99.99th(us): 96767
READ   - Takes(s): 409.9, Count: 8376, OPS: 20.4, Avg(us): 116707, Min(us): 51296, Max(us): 185343, 50th(us): 124799, 90th(us): 139903, 95th(us): 145023, 99th(us): 155647, 99.9th(us): 177791, 99.99th(us): 184959
READ_ERROR - Takes(s): 409.9, Count: 2588, OPS: 6.3, Avg(us): 116978, Min(us): 57216, Max(us): 185087, 50th(us): 125375, 90th(us): 142207, 95th(us): 147455, 99th(us): 158847, 99.9th(us): 173439, 99.99th(us): 185087
TOTAL  - Takes(s): 409.9, Count: 19550, OPS: 47.7, Avg(us): 89345, Min(us): 51296, Max(us): 185343, 50th(us): 72255, 90th(us): 132991, 95th(us): 138879, 99th(us): 150911, 99.9th(us): 167935, 99.99th(us): 181887
UPDATE - Takes(s): 409.9, Count: 11174, OPS: 27.3, Avg(us): 68834, Min(us): 52064, Max(us): 99135, 50th(us): 68223, 90th(us): 75519, 95th(us): 78207, 99th(us): 84607, 99.9th(us): 92479, 99.99th(us): 96767
READ   - Takes(s): 419.9, Count: 8609, OPS: 20.5, Avg(us): 116637, Min(us): 51296, Max(us): 185343, 50th(us): 124799, 90th(us): 139903, 95th(us): 145023, 99th(us): 155647, 99.9th(us): 176895, 99.99th(us): 184959
READ_ERROR - Takes(s): 419.9, Count: 2614, OPS: 6.2, Avg(us): 116994, Min(us): 57216, Max(us): 185087, 50th(us): 125375, 90th(us): 142207, 95th(us): 147455, 99th(us): 158847, 99.9th(us): 173439, 99.99th(us): 185087
TOTAL  - Takes(s): 419.9, Count: 20080, OPS: 47.8, Avg(us): 89325, Min(us): 51296, Max(us): 185343, 50th(us): 72255, 90th(us): 132991, 95th(us): 138879, 99th(us): 150783, 99.9th(us): 167935, 99.99th(us): 181887
UPDATE - Takes(s): 419.9, Count: 11471, OPS: 27.3, Avg(us): 68828, Min(us): 52064, Max(us): 104895, 50th(us): 68223, 90th(us): 75519, 95th(us): 78207, 99th(us): 84799, 99.9th(us): 93823, 99.99th(us): 104895
READ   - Takes(s): 429.9, Count: 8846, OPS: 20.6, Avg(us): 116641, Min(us): 51296, Max(us): 185343, 50th(us): 124735, 90th(us): 139903, 95th(us): 144895, 99th(us): 155775, 99.9th(us): 176895, 99.99th(us): 184959
READ_ERROR - Takes(s): 429.9, Count: 2643, OPS: 6.1, Avg(us): 116906, Min(us): 57216, Max(us): 185087, 50th(us): 125311, 90th(us): 141951, 95th(us): 147455, 99th(us): 158847, 99.9th(us): 173439, 99.99th(us): 185087
TOTAL  - Takes(s): 429.9, Count: 20595, OPS: 47.9, Avg(us): 89360, Min(us): 51296, Max(us): 185343, 50th(us): 72255, 90th(us): 132991, 95th(us): 138879, 99th(us): 150911, 99.9th(us): 167807, 99.99th(us): 181887
UPDATE - Takes(s): 429.9, Count: 11749, OPS: 27.3, Avg(us): 68821, Min(us): 52064, Max(us): 104895, 50th(us): 68223, 90th(us): 75519, 95th(us): 78207, 99th(us): 84927, 99.9th(us): 93823, 99.99th(us): 104895
READ   - Takes(s): 439.9, Count: 9081, OPS: 20.6, Avg(us): 116624, Min(us): 51296, Max(us): 185343, 50th(us): 124671, 90th(us): 139903, 95th(us): 144767, 99th(us): 155775, 99.9th(us): 176895, 99.99th(us): 184959
READ_ERROR - Takes(s): 439.9, Count: 2676, OPS: 6.1, Avg(us): 116827, Min(us): 57216, Max(us): 185087, 50th(us): 125247, 90th(us): 141951, 95th(us): 147199, 99th(us): 158591, 99.9th(us): 173439, 99.99th(us): 185087
TOTAL  - Takes(s): 439.9, Count: 21113, OPS: 48.0, Avg(us): 89371, Min(us): 51296, Max(us): 185343, 50th(us): 72191, 90th(us): 132991, 95th(us): 138879, 99th(us): 150783, 99.9th(us): 167807, 99.99th(us): 181887
UPDATE - Takes(s): 439.9, Count: 12032, OPS: 27.3, Avg(us): 68801, Min(us): 52064, Max(us): 104895, 50th(us): 68159, 90th(us): 75519, 95th(us): 78207, 99th(us): 84991, 99.9th(us): 93823, 99.99th(us): 104895
READ   - Takes(s): 449.9, Count: 9325, OPS: 20.7, Avg(us): 116566, Min(us): 51296, Max(us): 185343, 50th(us): 124543, 90th(us): 139775, 95th(us): 144639, 99th(us): 155647, 99.9th(us): 176895, 99.99th(us): 184959
READ_ERROR - Takes(s): 449.9, Count: 2704, OPS: 6.0, Avg(us): 116780, Min(us): 57216, Max(us): 185087, 50th(us): 125183, 90th(us): 141951, 95th(us): 147199, 99th(us): 158591, 99.9th(us): 173439, 99.99th(us): 185087
TOTAL  - Takes(s): 449.9, Count: 21638, OPS: 48.1, Avg(us): 89371, Min(us): 51296, Max(us): 185343, 50th(us): 72191, 90th(us): 132863, 95th(us): 138623, 99th(us): 150527, 99.9th(us): 167807, 99.99th(us): 181887
UPDATE - Takes(s): 449.9, Count: 12313, OPS: 27.4, Avg(us): 68776, Min(us): 52064, Max(us): 104895, 50th(us): 68159, 90th(us): 75455, 95th(us): 78143, 99th(us): 84927, 99.9th(us): 93823, 99.99th(us): 104895
READ   - Takes(s): 459.9, Count: 9562, OPS: 20.8, Avg(us): 116551, Min(us): 51296, Max(us): 185343, 50th(us): 124479, 90th(us): 139775, 95th(us): 144639, 99th(us): 155775, 99.9th(us): 174591, 99.99th(us): 184959
READ_ERROR - Takes(s): 459.9, Count: 2733, OPS: 5.9, Avg(us): 116789, Min(us): 57216, Max(us): 185087, 50th(us): 125183, 90th(us): 141951, 95th(us): 147199, 99th(us): 158847, 99.9th(us): 173439, 99.99th(us): 185087
TOTAL  - Takes(s): 459.9, Count: 22149, OPS: 48.2, Avg(us): 89402, Min(us): 51296, Max(us): 185343, 50th(us): 72255, 90th(us): 132735, 95th(us): 138623, 99th(us): 150783, 99.9th(us): 167807, 99.99th(us): 181887
UPDATE - Takes(s): 459.9, Count: 12587, OPS: 27.4, Avg(us): 68778, Min(us): 52064, Max(us): 104895, 50th(us): 68159, 90th(us): 75455, 95th(us): 78143, 99th(us): 84991, 99.9th(us): 92543, 99.99th(us): 104895
READ   - Takes(s): 469.9, Count: 9816, OPS: 20.9, Avg(us): 116523, Min(us): 51296, Max(us): 185343, 50th(us): 124415, 90th(us): 139647, 95th(us): 144383, 99th(us): 155647, 99.9th(us): 174591, 99.99th(us): 184959
READ_ERROR - Takes(s): 469.9, Count: 2757, OPS: 5.9, Avg(us): 116784, Min(us): 57216, Max(us): 185087, 50th(us): 125183, 90th(us): 141823, 95th(us): 147199, 99th(us): 158591, 99.9th(us): 173439, 99.99th(us): 185087
TOTAL  - Takes(s): 469.9, Count: 22675, OPS: 48.3, Avg(us): 89416, Min(us): 51296, Max(us): 185343, 50th(us): 72191, 90th(us): 132735, 95th(us): 138495, 99th(us): 150399, 99.9th(us): 167551, 99.99th(us): 181887
UPDATE - Takes(s): 469.9, Count: 12859, OPS: 27.4, Avg(us): 68723, Min(us): 52064, Max(us): 104895, 50th(us): 68095, 90th(us): 75391, 95th(us): 78079, 99th(us): 84927, 99.9th(us): 92543, 99.99th(us): 104895
READ   - Takes(s): 479.9, Count: 10063, OPS: 21.0, Avg(us): 116479, Min(us): 51296, Max(us): 185343, 50th(us): 124415, 90th(us): 139647, 95th(us): 144511, 99th(us): 156287, 99.9th(us): 177791, 99.99th(us): 184959
READ_ERROR - Takes(s): 479.9, Count: 2789, OPS: 5.8, Avg(us): 116744, Min(us): 57216, Max(us): 185087, 50th(us): 125183, 90th(us): 141823, 95th(us): 147199, 99th(us): 158591, 99.9th(us): 173439, 99.99th(us): 185087
TOTAL  - Takes(s): 479.9, Count: 23186, OPS: 48.3, Avg(us): 89442, Min(us): 51296, Max(us): 185343, 50th(us): 72191, 90th(us): 132735, 95th(us): 138623, 99th(us): 150783, 99.9th(us): 167807, 99.99th(us): 181887
UPDATE - Takes(s): 479.9, Count: 13123, OPS: 27.3, Avg(us): 68710, Min(us): 52064, Max(us): 104895, 50th(us): 68095, 90th(us): 75391, 95th(us): 78079, 99th(us): 84927, 99.9th(us): 93823, 99.99th(us): 104895
READ   - Takes(s): 489.9, Count: 10313, OPS: 21.1, Avg(us): 116401, Min(us): 51296, Max(us): 185343, 50th(us): 124351, 90th(us): 139519, 95th(us): 144383, 99th(us): 156287, 99.9th(us): 177791, 99.99th(us): 184959
READ_ERROR - Takes(s): 489.9, Count: 2815, OPS: 5.7, Avg(us): 116720, Min(us): 57216, Max(us): 185087, 50th(us): 125119, 90th(us): 141823, 95th(us): 147071, 99th(us): 158591, 99.9th(us): 173439, 99.99th(us): 185087
TOTAL  - Takes(s): 489.9, Count: 23712, OPS: 48.4, Avg(us): 89443, Min(us): 51296, Max(us): 185343, 50th(us): 72191, 90th(us): 132735, 95th(us): 138495, 99th(us): 150527, 99.9th(us): 167807, 99.99th(us): 181887
UPDATE - Takes(s): 489.9, Count: 13399, OPS: 27.3, Avg(us): 68693, Min(us): 52064, Max(us): 104895, 50th(us): 68095, 90th(us): 75391, 95th(us): 78015, 99th(us): 84671, 99.9th(us): 93823, 99.99th(us): 104895
READ   - Takes(s): 499.9, Count: 10573, OPS: 21.2, Avg(us): 116402, Min(us): 51296, Max(us): 185343, 50th(us): 124351, 90th(us): 139391, 95th(us): 144255, 99th(us): 156031, 99.9th(us): 176895, 99.99th(us): 184959
READ_ERROR - Takes(s): 499.9, Count: 2829, OPS: 5.7, Avg(us): 116683, Min(us): 57216, Max(us): 185087, 50th(us): 125119, 90th(us): 141823, 95th(us): 147199, 99th(us): 158591, 99.9th(us): 173439, 99.99th(us): 185087
TOTAL  - Takes(s): 499.9, Count: 24237, OPS: 48.5, Avg(us): 89513, Min(us): 51296, Max(us): 185343, 50th(us): 72191, 90th(us): 132735, 95th(us): 138495, 99th(us): 150527, 99.9th(us): 167807, 99.99th(us): 181887
UPDATE - Takes(s): 499.9, Count: 13664, OPS: 27.3, Avg(us): 68706, Min(us): 52064, Max(us): 104895, 50th(us): 68095, 90th(us): 75391, 95th(us): 78143, 99th(us): 84799, 99.9th(us): 92543, 99.99th(us): 104895
READ   - Takes(s): 509.9, Count: 10812, OPS: 21.2, Avg(us): 116415, Min(us): 51296, Max(us): 185343, 50th(us): 124351, 90th(us): 139519, 95th(us): 144383, 99th(us): 156031, 99.9th(us): 176895, 99.99th(us): 184959
READ_ERROR - Takes(s): 509.9, Count: 2856, OPS: 5.6, Avg(us): 116607, Min(us): 57216, Max(us): 185087, 50th(us): 125055, 90th(us): 141695, 95th(us): 147071, 99th(us): 158591, 99.9th(us): 173439, 99.99th(us): 185087
TOTAL  - Takes(s): 509.9, Count: 24756, OPS: 48.5, Avg(us): 89526, Min(us): 51296, Max(us): 185343, 50th(us): 72191, 90th(us): 132735, 95th(us): 138495, 99th(us): 150527, 99.9th(us): 167551, 99.99th(us): 181887
UPDATE - Takes(s): 509.9, Count: 13944, OPS: 27.3, Avg(us): 68676, Min(us): 52064, Max(us): 104895, 50th(us): 68031, 90th(us): 75391, 95th(us): 78143, 99th(us): 84671, 99.9th(us): 93823, 99.99th(us): 104895
READ   - Takes(s): 519.9, Count: 11062, OPS: 21.3, Avg(us): 116439, Min(us): 51296, Max(us): 185343, 50th(us): 124351, 90th(us): 139519, 95th(us): 144511, 99th(us): 156031, 99.9th(us): 176895, 99.99th(us): 184959
READ_ERROR - Takes(s): 519.9, Count: 2881, OPS: 5.5, Avg(us): 116699, Min(us): 57216, Max(us): 185087, 50th(us): 125119, 90th(us): 141823, 95th(us): 147199, 99th(us): 158591, 99.9th(us): 173439, 99.99th(us): 185087
TOTAL  - Takes(s): 519.9, Count: 25259, OPS: 48.6, Avg(us): 89602, Min(us): 51296, Max(us): 185343, 50th(us): 72255, 90th(us): 132735, 95th(us): 138495, 99th(us): 150655, 99.9th(us): 167679, 99.99th(us): 181375
UPDATE - Takes(s): 519.9, Count: 14197, OPS: 27.3, Avg(us): 68690, Min(us): 52064, Max(us): 104895, 50th(us): 68031, 90th(us): 75391, 95th(us): 78207, 99th(us): 84991, 99.9th(us): 93823, 99.99th(us): 104895
READ   - Takes(s): 529.9, Count: 11299, OPS: 21.3, Avg(us): 116582, Min(us): 51296, Max(us): 185343, 50th(us): 124479, 90th(us): 139775, 95th(us): 144639, 99th(us): 156031, 99.9th(us): 176895, 99.99th(us): 184959
READ_ERROR - Takes(s): 529.9, Count: 2902, OPS: 5.5, Avg(us): 116732, Min(us): 57216, Max(us): 185087, 50th(us): 125183, 90th(us): 141951, 95th(us): 147199, 99th(us): 158591, 99.9th(us): 173439, 99.99th(us): 185087
TOTAL  - Takes(s): 529.9, Count: 25753, OPS: 48.6, Avg(us): 89727, Min(us): 51296, Max(us): 185343, 50th(us): 72319, 90th(us): 132991, 95th(us): 138751, 99th(us): 150783, 99.9th(us): 167551, 99.99th(us): 181375
UPDATE - Takes(s): 529.9, Count: 14454, OPS: 27.3, Avg(us): 68733, Min(us): 52064, Max(us): 104895, 50th(us): 68031, 90th(us): 75519, 95th(us): 78463, 99th(us): 85695, 99.9th(us): 93951, 99.99th(us): 104895
READ   - Takes(s): 539.9, Count: 11557, OPS: 21.4, Avg(us): 116498, Min(us): 51296, Max(us): 185343, 50th(us): 124479, 90th(us): 139647, 95th(us): 144639, 99th(us): 156031, 99.9th(us): 174591, 99.99th(us): 184959
READ_ERROR - Takes(s): 539.9, Count: 2930, OPS: 5.4, Avg(us): 116723, Min(us): 57216, Max(us): 185087, 50th(us): 125119, 90th(us): 141823, 95th(us): 147199, 99th(us): 158591, 99.9th(us): 173439, 99.99th(us): 185087
TOTAL  - Takes(s): 539.9, Count: 26267, OPS: 48.6, Avg(us): 89747, Min(us): 51296, Max(us): 185343, 50th(us): 72319, 90th(us): 132863, 95th(us): 138623, 99th(us): 150783, 99.9th(us): 167551, 99.99th(us): 181375
UPDATE - Takes(s): 539.9, Count: 14710, OPS: 27.2, Avg(us): 68730, Min(us): 52064, Max(us): 104895, 50th(us): 68031, 90th(us): 75519, 95th(us): 78463, 99th(us): 85823, 99.9th(us): 93823, 99.99th(us): 104895
READ   - Takes(s): 549.9, Count: 11807, OPS: 21.5, Avg(us): 116590, Min(us): 51296, Max(us): 185343, 50th(us): 124479, 90th(us): 139775, 95th(us): 144639, 99th(us): 156031, 99.9th(us): 174591, 99.99th(us): 184959
READ_ERROR - Takes(s): 549.9, Count: 2953, OPS: 5.4, Avg(us): 116695, Min(us): 57216, Max(us): 185087, 50th(us): 125119, 90th(us): 141823, 95th(us): 147199, 99th(us): 158463, 99.9th(us): 173439, 99.99th(us): 185087
TOTAL  - Takes(s): 549.9, Count: 26766, OPS: 48.7, Avg(us): 89848, Min(us): 51296, Max(us): 185343, 50th(us): 72383, 90th(us): 132991, 95th(us): 138751, 99th(us): 150911, 99.9th(us): 167551, 99.99th(us): 181375
UPDATE - Takes(s): 549.9, Count: 14959, OPS: 27.2, Avg(us): 68741, Min(us): 52064, Max(us): 104895, 50th(us): 68031, 90th(us): 75519, 95th(us): 78463, 99th(us): 85759, 99.9th(us): 93823, 99.99th(us): 104895
READ   - Takes(s): 559.9, Count: 12057, OPS: 21.5, Avg(us): 116445, Min(us): 51296, Max(us): 185343, 50th(us): 124415, 90th(us): 139519, 95th(us): 144511, 99th(us): 155903, 99.9th(us): 174591, 99.99th(us): 184959
READ_ERROR - Takes(s): 559.9, Count: 2981, OPS: 5.3, Avg(us): 116735, Min(us): 57216, Max(us): 185087, 50th(us): 125119, 90th(us): 141823, 95th(us): 147199, 99th(us): 158463, 99.9th(us): 173439, 99.99th(us): 185087
TOTAL  - Takes(s): 559.9, Count: 27304, OPS: 48.8, Avg(us): 89781, Min(us): 51296, Max(us): 185343, 50th(us): 72319, 90th(us): 132863, 95th(us): 138623, 99th(us): 150783, 99.9th(us): 167551, 99.99th(us): 181375
UPDATE - Takes(s): 559.9, Count: 15247, OPS: 27.2, Avg(us): 68696, Min(us): 52064, Max(us): 104895, 50th(us): 68031, 90th(us): 75519, 95th(us): 78399, 99th(us): 85695, 99.9th(us): 93823, 99.99th(us): 103999
READ   - Takes(s): 569.9, Count: 12294, OPS: 21.6, Avg(us): 116414, Min(us): 51296, Max(us): 185343, 50th(us): 124415, 90th(us): 139519, 95th(us): 144383, 99th(us): 155775, 99.9th(us): 174591, 99.99th(us): 184959
READ_ERROR - Takes(s): 569.9, Count: 3007, OPS: 5.3, Avg(us): 116732, Min(us): 57216, Max(us): 185087, 50th(us): 125119, 90th(us): 141695, 95th(us): 147199, 99th(us): 158463, 99.9th(us): 173439, 99.99th(us): 185087
TOTAL  - Takes(s): 569.9, Count: 27833, OPS: 48.8, Avg(us): 89767, Min(us): 51296, Max(us): 185343, 50th(us): 72319, 90th(us): 132735, 95th(us): 138495, 99th(us): 150655, 99.9th(us): 167295, 99.99th(us): 181375
UPDATE - Takes(s): 569.9, Count: 15539, OPS: 27.3, Avg(us): 68684, Min(us): 52064, Max(us): 104895, 50th(us): 68031, 90th(us): 75519, 95th(us): 78463, 99th(us): 85695, 99.9th(us): 92543, 99.99th(us): 103999
READ   - Takes(s): 579.9, Count: 12540, OPS: 21.6, Avg(us): 116341, Min(us): 51296, Max(us): 185343, 50th(us): 124351, 90th(us): 139391, 95th(us): 144255, 99th(us): 155775, 99.9th(us): 173823, 99.99th(us): 184959
READ_ERROR - Takes(s): 579.9, Count: 3030, OPS: 5.2, Avg(us): 116747, Min(us): 57216, Max(us): 185087, 50th(us): 125119, 90th(us): 141567, 95th(us): 147071, 99th(us): 158463, 99.9th(us): 173439, 99.99th(us): 185087
TOTAL  - Takes(s): 579.9, Count: 28366, OPS: 48.9, Avg(us): 89745, Min(us): 51296, Max(us): 185343, 50th(us): 72319, 90th(us): 132735, 95th(us): 138495, 99th(us): 150399, 99.9th(us): 167295, 99.99th(us): 181375
UPDATE - Takes(s): 579.9, Count: 15826, OPS: 27.3, Avg(us): 68670, Min(us): 52064, Max(us): 104895, 50th(us): 68031, 90th(us): 75455, 95th(us): 78399, 99th(us): 85695, 99.9th(us): 92671, 99.99th(us): 103999
READ   - Takes(s): 589.9, Count: 12781, OPS: 21.7, Avg(us): 116407, Min(us): 51296, Max(us): 185343, 50th(us): 124415, 90th(us): 139519, 95th(us): 144383, 99th(us): 155775, 99.9th(us): 173823, 99.99th(us): 184959
READ_ERROR - Takes(s): 589.9, Count: 3047, OPS: 5.2, Avg(us): 116736, Min(us): 57216, Max(us): 185087, 50th(us): 125055, 90th(us): 141567, 95th(us): 147071, 99th(us): 158463, 99.9th(us): 173439, 99.99th(us): 185087
TOTAL  - Takes(s): 589.9, Count: 28874, OPS: 48.9, Avg(us): 89822, Min(us): 51296, Max(us): 185343, 50th(us): 72383, 90th(us): 132735, 95th(us): 138495, 99th(us): 150527, 99.9th(us): 167167, 99.99th(us): 181375
UPDATE - Takes(s): 589.9, Count: 16093, OPS: 27.3, Avg(us): 68709, Min(us): 52064, Max(us): 104895, 50th(us): 68031, 90th(us): 75583, 95th(us): 78527, 99th(us): 85823, 99.9th(us): 93823, 99.99th(us): 103999
READ   - Takes(s): 599.9, Count: 13030, OPS: 21.7, Avg(us): 116379, Min(us): 51296, Max(us): 185343, 50th(us): 124351, 90th(us): 139391, 95th(us): 144255, 99th(us): 155647, 99.9th(us): 173823, 99.99th(us): 184959
READ_ERROR - Takes(s): 599.9, Count: 3066, OPS: 5.1, Avg(us): 116730, Min(us): 57216, Max(us): 185087, 50th(us): 125055, 90th(us): 141567, 95th(us): 147071, 99th(us): 157951, 99.9th(us): 173439, 99.99th(us): 185087
TOTAL  - Takes(s): 599.9, Count: 29400, OPS: 49.0, Avg(us): 89843, Min(us): 51296, Max(us): 185343, 50th(us): 72383, 90th(us): 132735, 95th(us): 138495, 99th(us): 150399, 99.9th(us): 167167, 99.99th(us): 181375
UPDATE - Takes(s): 599.9, Count: 16370, OPS: 27.3, Avg(us): 68721, Min(us): 52064, Max(us): 104895, 50th(us): 68031, 90th(us): 75583, 95th(us): 78591, 99th(us): 85887, 99.9th(us): 94143, 99.99th(us): 103999
READ   - Takes(s): 609.9, Count: 13288, OPS: 21.8, Avg(us): 116369, Min(us): 51296, Max(us): 185343, 50th(us): 124287, 90th(us): 139391, 95th(us): 144255, 99th(us): 155519, 99.9th(us): 173823, 99.99th(us): 184959
READ_ERROR - Takes(s): 609.9, Count: 3084, OPS: 5.1, Avg(us): 116723, Min(us): 57216, Max(us): 185087, 50th(us): 125055, 90th(us): 141567, 95th(us): 147071, 99th(us): 157951, 99.9th(us): 173439, 99.99th(us): 185087
TOTAL  - Takes(s): 609.9, Count: 29924, OPS: 49.1, Avg(us): 89868, Min(us): 51296, Max(us): 185343, 50th(us): 72383, 90th(us): 132607, 95th(us): 138495, 99th(us): 150271, 99.9th(us): 167039, 99.99th(us): 181375
UPDATE - Takes(s): 609.9, Count: 16636, OPS: 27.3, Avg(us): 68701, Min(us): 52064, Max(us): 104895, 50th(us): 68031, 90th(us): 75583, 95th(us): 78591, 99th(us): 85887, 99.9th(us): 94143, 99.99th(us): 103999
READ   - Takes(s): 619.9, Count: 13548, OPS: 21.9, Avg(us): 116298, Min(us): 51296, Max(us): 185343, 50th(us): 124223, 90th(us): 139391, 95th(us): 144255, 99th(us): 155519, 99.9th(us): 172799, 99.99th(us): 184959
READ_ERROR - Takes(s): 619.9, Count: 3105, OPS: 5.0, Avg(us): 116685, Min(us): 57216, Max(us): 185087, 50th(us): 124991, 90th(us): 141439, 95th(us): 146943, 99th(us): 157951, 99.9th(us): 173439, 99.99th(us): 185087
TOTAL  - Takes(s): 619.9, Count: 30452, OPS: 49.1, Avg(us): 89878, Min(us): 51296, Max(us): 185343, 50th(us): 72447, 90th(us): 132607, 95th(us): 138367, 99th(us): 150271, 99.9th(us): 167039, 99.99th(us): 181375
UPDATE - Takes(s): 619.9, Count: 16904, OPS: 27.3, Avg(us): 68703, Min(us): 52064, Max(us): 104895, 50th(us): 68031, 90th(us): 75647, 95th(us): 78655, 99th(us): 85887, 99.9th(us): 94143, 99.99th(us): 103999
READ   - Takes(s): 629.9, Count: 13796, OPS: 21.9, Avg(us): 116299, Min(us): 51296, Max(us): 185343, 50th(us): 124159, 90th(us): 139263, 95th(us): 144127, 99th(us): 155519, 99.9th(us): 172799, 99.99th(us): 184959
READ_ERROR - Takes(s): 629.9, Count: 3127, OPS: 5.0, Avg(us): 116661, Min(us): 57216, Max(us): 185087, 50th(us): 124991, 90th(us): 141439, 95th(us): 146943, 99th(us): 157951, 99.9th(us): 173439, 99.99th(us): 185087
TOTAL  - Takes(s): 629.9, Count: 30977, OPS: 49.2, Avg(us): 89892, Min(us): 51296, Max(us): 185343, 50th(us): 72447, 90th(us): 132607, 95th(us): 138367, 99th(us): 150143, 99.9th(us): 166399, 99.99th(us): 181375
UPDATE - Takes(s): 629.9, Count: 17181, OPS: 27.3, Avg(us): 68687, Min(us): 52064, Max(us): 104895, 50th(us): 67967, 90th(us): 75647, 95th(us): 78655, 99th(us): 85887, 99.9th(us): 95679, 99.99th(us): 103999
READ   - Takes(s): 639.9, Count: 14060, OPS: 22.0, Avg(us): 116206, Min(us): 51296, Max(us): 185343, 50th(us): 124031, 90th(us): 139135, 95th(us): 144127, 99th(us): 155391, 99.9th(us): 172799, 99.99th(us): 184959
READ_ERROR - Takes(s): 639.9, Count: 3142, OPS: 4.9, Avg(us): 116599, Min(us): 55040, Max(us): 185087, 50th(us): 124927, 90th(us): 141439, 95th(us): 146943, 99th(us): 157951, 99.9th(us): 173439, 99.99th(us): 185087
TOTAL  - Takes(s): 639.9, Count: 31531, OPS: 49.3, Avg(us): 89840, Min(us): 51296, Max(us): 185343, 50th(us): 72383, 90th(us): 132479, 95th(us): 138239, 99th(us): 150015, 99.9th(us): 166015, 99.99th(us): 181375
UPDATE - Takes(s): 639.9, Count: 17471, OPS: 27.3, Avg(us): 68622, Min(us): 52064, Max(us): 104895, 50th(us): 67903, 90th(us): 75583, 95th(us): 78591, 99th(us): 85823, 99.9th(us): 95679, 99.99th(us): 103999
READ   - Takes(s): 649.9, Count: 14313, OPS: 22.0, Avg(us): 116125, Min(us): 51296, Max(us): 185343, 50th(us): 124031, 90th(us): 139135, 95th(us): 144127, 99th(us): 155135, 99.9th(us): 172799, 99.99th(us): 184959
READ_ERROR - Takes(s): 649.9, Count: 3163, OPS: 4.9, Avg(us): 116543, Min(us): 55040, Max(us): 185087, 50th(us): 124863, 90th(us): 141311, 95th(us): 146815, 99th(us): 157695, 99.9th(us): 173439, 99.99th(us): 185087
TOTAL  - Takes(s): 649.9, Count: 32082, OPS: 49.4, Avg(us): 89795, Min(us): 51296, Max(us): 185343, 50th(us): 72383, 90th(us): 132479, 95th(us): 138239, 99th(us): 149887, 99.9th(us): 166015, 99.99th(us): 181375
UPDATE - Takes(s): 649.9, Count: 17769, OPS: 27.3, Avg(us): 68586, Min(us): 52064, Max(us): 104895, 50th(us): 67903, 90th(us): 75519, 95th(us): 78591, 99th(us): 85823, 99.9th(us): 95615, 99.99th(us): 103999
READ   - Takes(s): 659.9, Count: 14580, OPS: 22.1, Avg(us): 115986, Min(us): 51296, Max(us): 185343, 50th(us): 123903, 90th(us): 139007, 95th(us): 143999, 99th(us): 155007, 99.9th(us): 172159, 99.99th(us): 184959
READ_ERROR - Takes(s): 659.9, Count: 3185, OPS: 4.8, Avg(us): 116465, Min(us): 55040, Max(us): 185087, 50th(us): 124863, 90th(us): 141311, 95th(us): 146815, 99th(us): 157695, 99.9th(us): 173439, 99.99th(us): 185087
TOTAL  - Takes(s): 659.9, Count: 32642, OPS: 49.5, Avg(us): 89715, Min(us): 51296, Max(us): 185343, 50th(us): 72319, 90th(us): 132351, 95th(us): 138111, 99th(us): 149887, 99.9th(us): 165375, 99.99th(us): 181375
UPDATE - Takes(s): 659.9, Count: 18062, OPS: 27.4, Avg(us): 68508, Min(us): 52064, Max(us): 104895, 50th(us): 67839, 90th(us): 75519, 95th(us): 78527, 99th(us): 85759, 99.9th(us): 95615, 99.99th(us): 103999
READ   - Takes(s): 669.9, Count: 14838, OPS: 22.2, Avg(us): 115906, Min(us): 51296, Max(us): 185343, 50th(us): 123839, 90th(us): 138879, 95th(us): 143999, 99th(us): 154879, 99.9th(us): 172159, 99.99th(us): 184959
READ_ERROR - Takes(s): 669.9, Count: 3206, OPS: 4.8, Avg(us): 116400, Min(us): 55040, Max(us): 185087, 50th(us): 124799, 90th(us): 141311, 95th(us): 146559, 99th(us): 157695, 99.9th(us): 173439, 99.99th(us): 185087
TOTAL  - Takes(s): 669.9, Count: 33184, OPS: 49.5, Avg(us): 89684, Min(us): 51296, Max(us): 185343, 50th(us): 72255, 90th(us): 132223, 95th(us): 137983, 99th(us): 149631, 99.9th(us): 165375, 99.99th(us): 181375
UPDATE - Takes(s): 669.9, Count: 18346, OPS: 27.4, Avg(us): 68475, Min(us): 52064, Max(us): 104895, 50th(us): 67775, 90th(us): 75455, 95th(us): 78527, 99th(us): 85823, 99.9th(us): 95615, 99.99th(us): 103999
READ   - Takes(s): 679.9, Count: 15095, OPS: 22.2, Avg(us): 115900, Min(us): 51296, Max(us): 185343, 50th(us): 123839, 90th(us): 138879, 95th(us): 143999, 99th(us): 154879, 99.9th(us): 172159, 99.99th(us): 181887
READ_ERROR - Takes(s): 679.9, Count: 3227, OPS: 4.7, Avg(us): 116391, Min(us): 55040, Max(us): 185087, 50th(us): 124799, 90th(us): 141311, 95th(us): 146687, 99th(us): 157695, 99.9th(us): 173439, 99.99th(us): 185087
TOTAL  - Takes(s): 679.9, Count: 33712, OPS: 49.6, Avg(us): 89692, Min(us): 51296, Max(us): 185343, 50th(us): 72319, 90th(us): 132223, 95th(us): 137983, 99th(us): 149631, 99.9th(us): 165247, 99.99th(us): 181375
UPDATE - Takes(s): 679.9, Count: 18617, OPS: 27.4, Avg(us): 68443, Min(us): 52064, Max(us): 104895, 50th(us): 67775, 90th(us): 75455, 95th(us): 78527, 99th(us): 85759, 99.9th(us): 95167, 99.99th(us): 103999
READ   - Takes(s): 689.9, Count: 15358, OPS: 22.3, Avg(us): 115874, Min(us): 51296, Max(us): 185343, 50th(us): 123839, 90th(us): 138751, 95th(us): 143871, 99th(us): 154495, 99.9th(us): 172159, 99.99th(us): 181887
READ_ERROR - Takes(s): 689.9, Count: 3249, OPS: 4.7, Avg(us): 116376, Min(us): 55040, Max(us): 185087, 50th(us): 124799, 90th(us): 141183, 95th(us): 146559, 99th(us): 157695, 99.9th(us): 173439, 99.99th(us): 185087
TOTAL  - Takes(s): 689.9, Count: 34231, OPS: 49.6, Avg(us): 89723, Min(us): 51296, Max(us): 185343, 50th(us): 72319, 90th(us): 132223, 95th(us): 137983, 99th(us): 149631, 99.9th(us): 165247, 99.99th(us): 181375
UPDATE - Takes(s): 689.9, Count: 18873, OPS: 27.4, Avg(us): 68443, Min(us): 52064, Max(us): 104895, 50th(us): 67775, 90th(us): 75455, 95th(us): 78527, 99th(us): 85759, 99.9th(us): 95679, 99.99th(us): 103999
READ   - Takes(s): 699.9, Count: 15626, OPS: 22.3, Avg(us): 115809, Min(us): 51296, Max(us): 185343, 50th(us): 123711, 90th(us): 138623, 95th(us): 143871, 99th(us): 154495, 99.9th(us): 171263, 99.99th(us): 181887
READ_ERROR - Takes(s): 699.9, Count: 3270, OPS: 4.7, Avg(us): 116332, Min(us): 55040, Max(us): 185087, 50th(us): 124735, 90th(us): 141055, 95th(us): 146559, 99th(us): 157695, 99.9th(us): 173439, 99.99th(us): 185087
TOTAL  - Takes(s): 699.9, Count: 34761, OPS: 49.7, Avg(us): 89727, Min(us): 51296, Max(us): 185343, 50th(us): 72319, 90th(us): 132095, 95th(us): 137855, 99th(us): 149503, 99.9th(us): 164991, 99.99th(us): 181375
UPDATE - Takes(s): 699.9, Count: 19135, OPS: 27.3, Avg(us): 68427, Min(us): 52064, Max(us): 104895, 50th(us): 67711, 90th(us): 75455, 95th(us): 78527, 99th(us): 85759, 99.9th(us): 95679, 99.99th(us): 103999
READ   - Takes(s): 709.9, Count: 15883, OPS: 22.4, Avg(us): 115733, Min(us): 51296, Max(us): 185343, 50th(us): 123647, 90th(us): 138495, 95th(us): 143743, 99th(us): 154367, 99.9th(us): 171263, 99.99th(us): 181887
READ_ERROR - Takes(s): 709.9, Count: 3292, OPS: 4.6, Avg(us): 116265, Min(us): 55040, Max(us): 185087, 50th(us): 124671, 90th(us): 141055, 95th(us): 146559, 99th(us): 157695, 99.9th(us): 173439, 99.99th(us): 185087
TOTAL  - Takes(s): 709.9, Count: 35310, OPS: 49.7, Avg(us): 89680, Min(us): 51296, Max(us): 185343, 50th(us): 72319, 90th(us): 131967, 95th(us): 137855, 99th(us): 149247, 99.9th(us): 164991, 99.99th(us): 181375
UPDATE - Takes(s): 709.9, Count: 19427, OPS: 27.4, Avg(us): 68380, Min(us): 52064, Max(us): 104895, 50th(us): 67711, 90th(us): 75391, 95th(us): 78463, 99th(us): 85695, 99.9th(us): 95679, 99.99th(us): 103999
READ   - Takes(s): 719.9, Count: 16141, OPS: 22.4, Avg(us): 115671, Min(us): 51296, Max(us): 185343, 50th(us): 123519, 90th(us): 138367, 95th(us): 143615, 99th(us): 154367, 99.9th(us): 171263, 99.99th(us): 181887
READ_ERROR - Takes(s): 719.9, Count: 3309, OPS: 4.6, Avg(us): 116252, Min(us): 55040, Max(us): 185087, 50th(us): 124671, 90th(us): 140927, 95th(us): 146559, 99th(us): 157695, 99.9th(us): 173439, 99.99th(us): 185087
TOTAL  - Takes(s): 719.9, Count: 35857, OPS: 49.8, Avg(us): 89651, Min(us): 51296, Max(us): 185343, 50th(us): 72255, 90th(us): 131839, 95th(us): 137727, 99th(us): 149247, 99.9th(us): 164607, 99.99th(us): 181375
UPDATE - Takes(s): 719.9, Count: 19716, OPS: 27.4, Avg(us): 68349, Min(us): 52064, Max(us): 104895, 50th(us): 67647, 90th(us): 75327, 95th(us): 78399, 99th(us): 85567, 99.9th(us): 95615, 99.99th(us): 103999
READ   - Takes(s): 729.9, Count: 16412, OPS: 22.5, Avg(us): 115598, Min(us): 51296, Max(us): 185343, 50th(us): 123455, 90th(us): 138367, 95th(us): 143615, 99th(us): 154239, 99.9th(us): 171263, 99.99th(us): 181887
READ_ERROR - Takes(s): 729.9, Count: 3321, OPS: 4.5, Avg(us): 116207, Min(us): 55040, Max(us): 185087, 50th(us): 124607, 90th(us): 140927, 95th(us): 146431, 99th(us): 157695, 99.9th(us): 173439, 99.99th(us): 185087
TOTAL  - Takes(s): 729.9, Count: 36411, OPS: 49.9, Avg(us): 89628, Min(us): 51296, Max(us): 185343, 50th(us): 72255, 90th(us): 131839, 95th(us): 137599, 99th(us): 149119, 99.9th(us): 164607, 99.99th(us): 181375
UPDATE - Takes(s): 729.9, Count: 19999, OPS: 27.4, Avg(us): 68315, Min(us): 52064, Max(us): 104895, 50th(us): 67647, 90th(us): 75327, 95th(us): 78335, 99th(us): 85375, 99.9th(us): 95615, 99.99th(us): 103999
READ   - Takes(s): 739.9, Count: 16657, OPS: 22.5, Avg(us): 115536, Min(us): 51296, Max(us): 185343, 50th(us): 123391, 90th(us): 138367, 95th(us): 143615, 99th(us): 154367, 99.9th(us): 170623, 99.99th(us): 181887
READ_ERROR - Takes(s): 739.9, Count: 3338, OPS: 4.5, Avg(us): 116220, Min(us): 55040, Max(us): 185087, 50th(us): 124607, 90th(us): 141055, 95th(us): 146431, 99th(us): 157695, 99.9th(us): 173439, 99.99th(us): 185087
TOTAL  - Takes(s): 739.9, Count: 36956, OPS: 49.9, Avg(us): 89602, Min(us): 51296, Max(us): 185343, 50th(us): 72255, 90th(us): 131711, 95th(us): 137599, 99th(us): 149119, 99.9th(us): 164351, 99.99th(us): 181375
UPDATE - Takes(s): 739.9, Count: 20299, OPS: 27.4, Avg(us): 68321, Min(us): 52064, Max(us): 104895, 50th(us): 67647, 90th(us): 75327, 95th(us): 78463, 99th(us): 85695, 99.9th(us): 95743, 99.99th(us): 104127
READ   - Takes(s): 749.9, Count: 16908, OPS: 22.5, Avg(us): 115521, Min(us): 51296, Max(us): 185343, 50th(us): 123327, 90th(us): 138367, 95th(us): 143615, 99th(us): 154495, 99.9th(us): 170623, 99.99th(us): 181887
READ_ERROR - Takes(s): 749.9, Count: 3351, OPS: 4.5, Avg(us): 116233, Min(us): 55040, Max(us): 185087, 50th(us): 124607, 90th(us): 141055, 95th(us): 146559, 99th(us): 157695, 99.9th(us): 173439, 99.99th(us): 185087
TOTAL  - Takes(s): 749.9, Count: 37491, OPS: 50.0, Avg(us): 89615, Min(us): 51296, Max(us): 185343, 50th(us): 72255, 90th(us): 131711, 95th(us): 137599, 99th(us): 149247, 99.9th(us): 164351, 99.99th(us): 181375
UPDATE - Takes(s): 749.9, Count: 20583, OPS: 27.4, Avg(us): 68335, Min(us): 52064, Max(us): 104895, 50th(us): 67647, 90th(us): 75391, 95th(us): 78527, 99th(us): 85759, 99.9th(us): 95679, 99.99th(us): 104127
READ   - Takes(s): 759.9, Count: 17182, OPS: 22.6, Avg(us): 115461, Min(us): 51296, Max(us): 185343, 50th(us): 123263, 90th(us): 138239, 95th(us): 143615, 99th(us): 154367, 99.9th(us): 170623, 99.99th(us): 181887
READ_ERROR - Takes(s): 759.9, Count: 3370, OPS: 4.4, Avg(us): 116224, Min(us): 55040, Max(us): 185087, 50th(us): 124543, 90th(us): 140927, 95th(us): 146559, 99th(us): 157695, 99.9th(us): 173439, 99.99th(us): 185087
TOTAL  - Takes(s): 759.9, Count: 38024, OPS: 50.0, Avg(us): 89614, Min(us): 51296, Max(us): 185343, 50th(us): 72255, 90th(us): 131711, 95th(us): 137471, 99th(us): 149119, 99.9th(us): 164351, 99.99th(us): 181375
UPDATE - Takes(s): 759.9, Count: 20842, OPS: 27.4, Avg(us): 68307, Min(us): 52064, Max(us): 104895, 50th(us): 67583, 90th(us): 75327, 95th(us): 78463, 99th(us): 85695, 99.9th(us): 95679, 99.99th(us): 104127
READ   - Takes(s): 769.9, Count: 17436, OPS: 22.6, Avg(us): 115326, Min(us): 51296, Max(us): 185343, 50th(us): 123135, 90th(us): 138111, 95th(us): 143487, 99th(us): 154367, 99.9th(us): 170623, 99.99th(us): 181887
READ_ERROR - Takes(s): 769.9, Count: 3384, OPS: 4.4, Avg(us): 116210, Min(us): 55040, Max(us): 185087, 50th(us): 124543, 90th(us): 140927, 95th(us): 146431, 99th(us): 157695, 99.9th(us): 173439, 99.99th(us): 185087
TOTAL  - Takes(s): 769.9, Count: 38610, OPS: 50.1, Avg(us): 89510, Min(us): 51296, Max(us): 185343, 50th(us): 72191, 90th(us): 131455, 95th(us): 137343, 99th(us): 148863, 99.9th(us): 164223, 99.99th(us): 181375
UPDATE - Takes(s): 769.9, Count: 21174, OPS: 27.5, Avg(us): 68252, Min(us): 52064, Max(us): 104895, 50th(us): 67583, 90th(us): 75263, 95th(us): 78399, 99th(us): 85503, 99.9th(us): 95679, 99.99th(us): 104127
READ   - Takes(s): 779.9, Count: 17700, OPS: 22.7, Avg(us): 115230, Min(us): 51296, Max(us): 185343, 50th(us): 123007, 90th(us): 137983, 95th(us): 143359, 99th(us): 154239, 99.9th(us): 169343, 99.99th(us): 181887
READ_ERROR - Takes(s): 779.9, Count: 3407, OPS: 4.4, Avg(us): 116123, Min(us): 55040, Max(us): 185087, 50th(us): 124479, 90th(us): 140927, 95th(us): 146431, 99th(us): 157695, 99.9th(us): 173439, 99.99th(us): 185087
TOTAL  - Takes(s): 779.9, Count: 39166, OPS: 50.2, Avg(us): 89450, Min(us): 51296, Max(us): 185343, 50th(us): 72127, 90th(us): 131455, 95th(us): 137215, 99th(us): 148863, 99.9th(us): 164223, 99.99th(us): 181375
UPDATE - Takes(s): 779.9, Count: 21466, OPS: 27.5, Avg(us): 68193, Min(us): 52064, Max(us): 104895, 50th(us): 67519, 90th(us): 75199, 95th(us): 78335, 99th(us): 85375, 99.9th(us): 95679, 99.99th(us): 104127
READ   - Takes(s): 789.9, Count: 17964, OPS: 22.7, Avg(us): 115161, Min(us): 51296, Max(us): 185343, 50th(us): 122943, 90th(us): 137983, 95th(us): 143103, 99th(us): 154111, 99.9th(us): 169343, 99.99th(us): 181887
READ_ERROR - Takes(s): 789.9, Count: 3422, OPS: 4.3, Avg(us): 116128, Min(us): 55040, Max(us): 185087, 50th(us): 124351, 90th(us): 140799, 95th(us): 146431, 99th(us): 157695, 99.9th(us): 173439, 99.99th(us): 185087
TOTAL  - Takes(s): 789.9, Count: 39730, OPS: 50.3, Avg(us): 89398, Min(us): 51296, Max(us): 185343, 50th(us): 72063, 90th(us): 131327, 95th(us): 137087, 99th(us): 148735, 99.9th(us): 164095, 99.99th(us): 181375
UPDATE - Takes(s): 789.9, Count: 21766, OPS: 27.6, Avg(us): 68135, Min(us): 52064, Max(us): 104895, 50th(us): 67455, 90th(us): 75135, 95th(us): 78207, 99th(us): 85183, 99.9th(us): 95615, 99.99th(us): 104127
READ   - Takes(s): 799.9, Count: 18246, OPS: 22.8, Avg(us): 115075, Min(us): 51296, Max(us): 185343, 50th(us): 122879, 90th(us): 137855, 95th(us): 142975, 99th(us): 153855, 99.9th(us): 169343, 99.99th(us): 181887
READ_ERROR - Takes(s): 799.9, Count: 3436, OPS: 4.3, Avg(us): 116076, Min(us): 55040, Max(us): 185087, 50th(us): 124351, 90th(us): 140799, 95th(us): 146303, 99th(us): 157695, 99.9th(us): 173439, 99.99th(us): 185087
TOTAL  - Takes(s): 799.9, Count: 40287, OPS: 50.4, Avg(us): 89368, Min(us): 51296, Max(us): 185343, 50th(us): 72063, 90th(us): 131199, 95th(us): 136959, 99th(us): 148607, 99.9th(us): 164095, 99.99th(us): 181375
UPDATE - Takes(s): 799.9, Count: 22041, OPS: 27.6, Avg(us): 68088, Min(us): 52064, Max(us): 104895, 50th(us): 67391, 90th(us): 75071, 95th(us): 78143, 99th(us): 85183, 99.9th(us): 95615, 99.99th(us): 104127
READ   - Takes(s): 809.9, Count: 18518, OPS: 22.9, Avg(us): 115047, Min(us): 51296, Max(us): 185343, 50th(us): 122815, 90th(us): 137727, 95th(us): 142847, 99th(us): 153599, 99.9th(us): 169343, 99.99th(us): 181887
READ_ERROR - Takes(s): 809.9, Count: 3453, OPS: 4.3, Avg(us): 116052, Min(us): 55040, Max(us): 185087, 50th(us): 124287, 90th(us): 140671, 95th(us): 146175, 99th(us): 157311, 99.9th(us): 173439, 99.99th(us): 185087
TOTAL  - Takes(s): 809.9, Count: 40822, OPS: 50.4, Avg(us): 89374, Min(us): 51296, Max(us): 185343, 50th(us): 71999, 90th(us): 131007, 95th(us): 136831, 99th(us): 148607, 99.9th(us): 164095, 99.99th(us): 181375
UPDATE - Takes(s): 809.9, Count: 22304, OPS: 27.5, Avg(us): 68058, Min(us): 52064, Max(us): 104895, 50th(us): 67391, 90th(us): 75071, 95th(us): 78079, 99th(us): 85119, 99.9th(us): 95615, 99.99th(us): 104127
READ   - Takes(s): 819.9, Count: 18789, OPS: 22.9, Avg(us): 115017, Min(us): 51296, Max(us): 185343, 50th(us): 122751, 90th(us): 137599, 95th(us): 142719, 99th(us): 153471, 99.9th(us): 169343, 99.99th(us): 181887
READ_ERROR - Takes(s): 819.9, Count: 3473, OPS: 4.2, Avg(us): 115963, Min(us): 55040, Max(us): 185087, 50th(us): 124223, 90th(us): 140671, 95th(us): 146175, 99th(us): 157311, 99.9th(us): 173439, 99.99th(us): 185087
TOTAL  - Takes(s): 819.9, Count: 41361, OPS: 50.4, Avg(us): 89370, Min(us): 51296, Max(us): 185343, 50th(us): 71999, 90th(us): 130943, 95th(us): 136703, 99th(us): 148479, 99.9th(us): 164095, 99.99th(us): 181375
UPDATE - Takes(s): 819.9, Count: 22572, OPS: 27.5, Avg(us): 68020, Min(us): 52064, Max(us): 104895, 50th(us): 67327, 90th(us): 75007, 95th(us): 78015, 99th(us): 85055, 99.9th(us): 95167, 99.99th(us): 104127
READ   - Takes(s): 829.9, Count: 19068, OPS: 23.0, Avg(us): 114963, Min(us): 51296, Max(us): 185343, 50th(us): 122687, 90th(us): 137471, 95th(us): 142719, 99th(us): 153215, 99.9th(us): 169343, 99.99th(us): 181887
READ_ERROR - Takes(s): 829.9, Count: 3486, OPS: 4.2, Avg(us): 115947, Min(us): 55040, Max(us): 185087, 50th(us): 124223, 90th(us): 140671, 95th(us): 146175, 99th(us): 157311, 99.9th(us): 173439, 99.99th(us): 185087
TOTAL  - Takes(s): 829.9, Count: 41914, OPS: 50.5, Avg(us): 89348, Min(us): 51296, Max(us): 185343, 50th(us): 71999, 90th(us): 130815, 95th(us): 136703, 99th(us): 148351, 99.9th(us): 163967, 99.99th(us): 181375
UPDATE - Takes(s): 829.9, Count: 22846, OPS: 27.5, Avg(us): 67969, Min(us): 52064, Max(us): 104895, 50th(us): 67263, 90th(us): 74943, 95th(us): 77951, 99th(us): 85055, 99.9th(us): 95167, 99.99th(us): 104127
READ   - Takes(s): 839.9, Count: 19324, OPS: 23.0, Avg(us): 114890, Min(us): 51296, Max(us): 185343, 50th(us): 122559, 90th(us): 137343, 95th(us): 142591, 99th(us): 152959, 99.9th(us): 169343, 99.99th(us): 181887
READ_ERROR - Takes(s): 839.9, Count: 3505, OPS: 4.2, Avg(us): 115876, Min(us): 55040, Max(us): 185087, 50th(us): 124223, 90th(us): 140671, 95th(us): 146047, 99th(us): 157311, 99.9th(us): 172159, 99.99th(us): 185087
TOTAL  - Takes(s): 839.9, Count: 42484, OPS: 50.6, Avg(us): 89283, Min(us): 51296, Max(us): 185343, 50th(us): 71935, 90th(us): 130751, 95th(us): 136575, 99th(us): 148351, 99.9th(us): 163967, 99.99th(us): 181375
UPDATE - Takes(s): 839.9, Count: 23160, OPS: 27.6, Avg(us): 67917, Min(us): 52064, Max(us): 104895, 50th(us): 67263, 90th(us): 74879, 95th(us): 77823, 99th(us): 84927, 99.9th(us): 95167, 99.99th(us): 104127
READ   - Takes(s): 849.9, Count: 19592, OPS: 23.1, Avg(us): 114841, Min(us): 51296, Max(us): 185343, 50th(us): 122495, 90th(us): 137215, 95th(us): 142463, 99th(us): 152959, 99.9th(us): 169215, 99.99th(us): 181887
READ_ERROR - Takes(s): 849.9, Count: 3518, OPS: 4.1, Avg(us): 115834, Min(us): 55040, Max(us): 185087, 50th(us): 124159, 90th(us): 140671, 95th(us): 146047, 99th(us): 157311, 99.9th(us): 172159, 99.99th(us): 185087
TOTAL  - Takes(s): 849.9, Count: 43038, OPS: 50.6, Avg(us): 89259, Min(us): 51296, Max(us): 185343, 50th(us): 71871, 90th(us): 130623, 95th(us): 136447, 99th(us): 148223, 99.9th(us): 163327, 99.99th(us): 181375
UPDATE - Takes(s): 849.9, Count: 23446, OPS: 27.6, Avg(us): 67882, Min(us): 52064, Max(us): 104895, 50th(us): 67199, 90th(us): 74815, 95th(us): 77759, 99th(us): 84927, 99.9th(us): 95167, 99.99th(us): 104127
READ   - Takes(s): 859.9, Count: 19856, OPS: 23.1, Avg(us): 114738, Min(us): 51296, Max(us): 185343, 50th(us): 122431, 90th(us): 137087, 95th(us): 142335, 99th(us): 152831, 99.9th(us): 169215, 99.99th(us): 181887
READ_ERROR - Takes(s): 859.9, Count: 3530, OPS: 4.1, Avg(us): 115791, Min(us): 55040, Max(us): 185087, 50th(us): 124031, 90th(us): 140543, 95th(us): 146047, 99th(us): 157311, 99.9th(us): 172159, 99.99th(us): 185087
TOTAL  - Takes(s): 859.9, Count: 43622, OPS: 50.7, Avg(us): 89183, Min(us): 51296, Max(us): 185343, 50th(us): 71871, 90th(us): 130559, 95th(us): 136319, 99th(us): 148223, 99.9th(us): 163327, 99.99th(us): 181375
UPDATE - Takes(s): 859.9, Count: 23766, OPS: 27.6, Avg(us): 67832, Min(us): 52064, Max(us): 104895, 50th(us): 67135, 90th(us): 74751, 95th(us): 77695, 99th(us): 84799, 99.9th(us): 94143, 99.99th(us): 104127
READ   - Takes(s): 869.9, Count: 20149, OPS: 23.2, Avg(us): 114668, Min(us): 51296, Max(us): 185343, 50th(us): 122367, 90th(us): 136959, 95th(us): 142207, 99th(us): 152831, 99.9th(us): 169215, 99.99th(us): 181887
READ_ERROR - Takes(s): 869.9, Count: 3538, OPS: 4.1, Avg(us): 115770, Min(us): 55040, Max(us): 185087, 50th(us): 124031, 90th(us): 140543, 95th(us): 146047, 99th(us): 157311, 99.9th(us): 172159, 99.99th(us): 185087
TOTAL  - Takes(s): 869.9, Count: 44182, OPS: 50.8, Avg(us): 89166, Min(us): 51296, Max(us): 185343, 50th(us): 71807, 90th(us): 130495, 95th(us): 136191, 99th(us): 148095, 99.9th(us): 163327, 99.99th(us): 181375
UPDATE - Takes(s): 869.9, Count: 24033, OPS: 27.6, Avg(us): 67786, Min(us): 52064, Max(us): 104895, 50th(us): 67071, 90th(us): 74751, 95th(us): 77631, 99th(us): 84799, 99.9th(us): 94143, 99.99th(us): 104127
READ   - Takes(s): 879.9, Count: 20422, OPS: 23.2, Avg(us): 114598, Min(us): 51296, Max(us): 185343, 50th(us): 122367, 90th(us): 136831, 95th(us): 142207, 99th(us): 152703, 99.9th(us): 169215, 99.99th(us): 181887
READ_ERROR - Takes(s): 879.9, Count: 3549, OPS: 4.0, Avg(us): 115751, Min(us): 55040, Max(us): 185087, 50th(us): 124031, 90th(us): 140543, 95th(us): 146047, 99th(us): 157311, 99.9th(us): 172159, 99.99th(us): 185087
TOTAL  - Takes(s): 879.9, Count: 44751, OPS: 50.9, Avg(us): 89123, Min(us): 51296, Max(us): 185343, 50th(us): 71743, 90th(us): 130431, 95th(us): 136191, 99th(us): 148095, 99.9th(us): 163071, 99.99th(us): 181375
UPDATE - Takes(s): 879.9, Count: 24329, OPS: 27.6, Avg(us): 67739, Min(us): 52064, Max(us): 104895, 50th(us): 67071, 90th(us): 74687, 95th(us): 77567, 99th(us): 84671, 99.9th(us): 94143, 99.99th(us): 104127
READ   - Takes(s): 889.9, Count: 20698, OPS: 23.3, Avg(us): 114529, Min(us): 51296, Max(us): 185343, 50th(us): 122239, 90th(us): 136703, 95th(us): 142079, 99th(us): 152703, 99.9th(us): 168575, 99.99th(us): 181887
READ_ERROR - Takes(s): 889.9, Count: 3558, OPS: 4.0, Avg(us): 115727, Min(us): 55040, Max(us): 185087, 50th(us): 123967, 90th(us): 140543, 95th(us): 145919, 99th(us): 157183, 99.9th(us): 172159, 99.99th(us): 185087
TOTAL  - Takes(s): 889.9, Count: 45323, OPS: 50.9, Avg(us): 89080, Min(us): 51296, Max(us): 185343, 50th(us): 71743, 90th(us): 130367, 95th(us): 136191, 99th(us): 147967, 99.9th(us): 163071, 99.99th(us): 179711
UPDATE - Takes(s): 889.9, Count: 24625, OPS: 27.7, Avg(us): 67690, Min(us): 52064, Max(us): 104895, 50th(us): 67007, 90th(us): 74623, 95th(us): 77503, 99th(us): 84607, 99.9th(us): 94143, 99.99th(us): 104127
READ   - Takes(s): 899.9, Count: 20977, OPS: 23.3, Avg(us): 114459, Min(us): 51296, Max(us): 185343, 50th(us): 122175, 90th(us): 136703, 95th(us): 141951, 99th(us): 152703, 99.9th(us): 168575, 99.99th(us): 181887
READ_ERROR - Takes(s): 899.9, Count: 3569, OPS: 4.0, Avg(us): 115729, Min(us): 55040, Max(us): 185087, 50th(us): 123967, 90th(us): 140543, 95th(us): 145919, 99th(us): 157183, 99.9th(us): 172159, 99.99th(us): 185087
TOTAL  - Takes(s): 899.9, Count: 45888, OPS: 51.0, Avg(us): 89046, Min(us): 51296, Max(us): 185343, 50th(us): 71679, 90th(us): 130239, 95th(us): 136063, 99th(us): 147967, 99.9th(us): 163071, 99.99th(us): 179711
UPDATE - Takes(s): 899.9, Count: 24911, OPS: 27.7, Avg(us): 67646, Min(us): 52064, Max(us): 104895, 50th(us): 66943, 90th(us): 74559, 95th(us): 77439, 99th(us): 84543, 99.9th(us): 94143, 99.99th(us): 104127
READ   - Takes(s): 909.9, Count: 21221, OPS: 23.3, Avg(us): 114406, Min(us): 51296, Max(us): 185343, 50th(us): 122111, 90th(us): 136575, 95th(us): 141823, 99th(us): 152575, 99.9th(us): 168575, 99.99th(us): 181887
READ_ERROR - Takes(s): 909.9, Count: 3580, OPS: 3.9, Avg(us): 115719, Min(us): 55040, Max(us): 185087, 50th(us): 123967, 90th(us): 140543, 95th(us): 145919, 99th(us): 157183, 99.9th(us): 172159, 99.99th(us): 185087
TOTAL  - Takes(s): 909.9, Count: 46362, OPS: 51.0, Avg(us): 89029, Min(us): 51296, Max(us): 185343, 50th(us): 71679, 90th(us): 130175, 95th(us): 135935, 99th(us): 147711, 99.9th(us): 163071, 99.99th(us): 179711
UPDATE - Takes(s): 909.9, Count: 25141, OPS: 27.6, Avg(us): 67610, Min(us): 52064, Max(us): 104895, 50th(us): 66943, 90th(us): 74559, 95th(us): 77375, 99th(us): 84543, 99.9th(us): 94143, 99.99th(us): 104127
**********************************************
Run finished, takes 15m12.576796713s
READ   - Takes(s): 912.5, Count: 21256, OPS: 23.3, Avg(us): 114377, Min(us): 51296, Max(us): 185343, 50th(us): 122111, 90th(us): 136575, 95th(us): 141823, 99th(us): 152575, 99.9th(us): 168575, 99.99th(us): 181887
READ_ERROR - Takes(s): 912.5, Count: 3581, OPS: 3.9, Avg(us): 115704, Min(us): 55040, Max(us): 185087, 50th(us): 123967, 90th(us): 140543, 95th(us): 145919, 99th(us): 157183, 99.9th(us): 172159, 99.99th(us): 185087
TOTAL  - Takes(s): 912.5, Count: 46419, OPS: 50.9, Avg(us): 89022, Min(us): 51296, Max(us): 185343, 50th(us): 71679, 90th(us): 130175, 95th(us): 135935, 99th(us): 147711, 99.9th(us): 163071, 99.99th(us): 179711
UPDATE - Takes(s): 912.5, Count: 25163, OPS: 27.6, Avg(us): 67605, Min(us): 52064, Max(us): 104895, 50th(us): 66943, 90th(us): 74495, 95th(us): 77375, 99th(us): 84415, 99.9th(us): 94143, 99.99th(us): 104127
