Now loading data using DB:  etcd
core
Using request distribution 'uniform' a keyrange of [0 99999]
***************** properties *****************
"scanproportion"="0"
"command"="run"
"workload"="core"
"requestdistribution"="uniform"
"etcd.endpoints"="192.168.37.12:2379"
"threadcount"="5"
"readallfields"="true"
"operationcount"="50000"
"readproportion"="0.5"
"updateproportion"="0.5"
"etcd.dial_timeout"="1s"
"dotransactions"="true"
"docollectingdata"="false"
"recordcount"="100000"
"insertproportion"="0"
**********************************************
READ   - Takes(s): 9.8, Count: 116, OPS: 11.8, Avg(us): 124966, Min(us): 92160, Max(us): 202111, 50th(us): 118207, 90th(us): 152575, 95th(us): 163711, 99th(us): 178559, 99.9th(us): 202111, 99.99th(us): 202111
READ_ERROR - Takes(s): 9.7, Count: 86, OPS: 8.9, Avg(us): 123581, Min(us): 90176, Max(us): 187775, 50th(us): 116543, 90th(us): 158207, 95th(us): 168575, 99th(us): 173183, 99.9th(us): 187775, 99.99th(us): 187775
TOTAL  - Takes(s): 9.8, Count: 342, OPS: 34.9, Avg(us): 114115, Min(us): 86784, Max(us): 225407, 50th(us): 108671, 90th(us): 135551, 95th(us): 150655, 99th(us): 203519, 99.9th(us): 225407, 99.99th(us): 225407
UPDATE - Takes(s): 9.8, Count: 226, OPS: 23.1, Avg(us): 108545, Min(us): 86784, Max(us): 225407, 50th(us): 106367, 90th(us): 117119, 95th(us): 120767, 99th(us): 213247, 99.9th(us): 225407, 99.99th(us): 225407
READ   - Takes(s): 19.8, Count: 237, OPS: 12.0, Avg(us): 126374, Min(us): 92160, Max(us): 202111, 50th(us): 122431, 90th(us): 157823, 95th(us): 164863, 99th(us): 178559, 99.9th(us): 202111, 99.99th(us): 202111
READ_ERROR - Takes(s): 19.7, Count: 172, OPS: 8.7, Avg(us): 126995, Min(us): 90176, Max(us): 190207, 50th(us): 120319, 90th(us): 161023, 95th(us): 168319, 99th(us): 180351, 99.9th(us): 190207, 99.99th(us): 190207
TOTAL  - Takes(s): 19.8, Count: 678, OPS: 34.2, Avg(us): 114889, Min(us): 86784, Max(us): 225407, 50th(us): 110207, 90th(us): 135551, 95th(us): 152575, 99th(us): 178559, 99.9th(us): 225407, 99.99th(us): 225407
UPDATE - Takes(s): 19.8, Count: 441, OPS: 22.3, Avg(us): 108716, Min(us): 86784, Max(us): 225407, 50th(us): 107583, 90th(us): 117119, 95th(us): 120447, 99th(us): 132351, 99.9th(us): 225407, 99.99th(us): 225407
READ   - Takes(s): 29.8, Count: 376, OPS: 12.6, Avg(us): 128151, Min(us): 92160, Max(us): 202111, 50th(us): 123327, 90th(us): 158335, 95th(us): 166527, 99th(us): 178559, 99.9th(us): 202111, 99.99th(us): 202111
READ_ERROR - Takes(s): 29.7, Count: 242, OPS: 8.1, Avg(us): 130491, Min(us): 90176, Max(us): 193919, 50th(us): 125183, 90th(us): 164223, 95th(us): 172799, 99th(us): 187775, 99.9th(us): 193919, 99.99th(us): 193919
TOTAL  - Takes(s): 29.8, Count: 1020, OPS: 34.2, Avg(us): 115891, Min(us): 86784, Max(us): 225407, 50th(us): 111103, 90th(us): 138111, 95th(us): 155135, 99th(us): 178303, 99.9th(us): 225407, 99.99th(us): 225407
UPDATE - Takes(s): 29.8, Count: 644, OPS: 21.6, Avg(us): 108733, Min(us): 86784, Max(us): 225407, 50th(us): 107967, 90th(us): 117439, 95th(us): 120319, 99th(us): 125951, 99.9th(us): 225407, 99.99th(us): 225407
READ   - Takes(s): 39.8, Count: 504, OPS: 12.7, Avg(us): 129655, Min(us): 92160, Max(us): 202111, 50th(us): 125695, 90th(us): 158335, 95th(us): 168447, 99th(us): 182143, 99.9th(us): 191231, 99.99th(us): 202111
READ_ERROR - Takes(s): 39.7, Count: 334, OPS: 8.4, Avg(us): 131731, Min(us): 90176, Max(us): 193919, 50th(us): 127615, 90th(us): 164607, 95th(us): 174079, 99th(us): 187775, 99.9th(us): 193919, 99.99th(us): 193919
TOTAL  - Takes(s): 39.8, Count: 1333, OPS: 33.5, Avg(us): 116836, Min(us): 86784, Max(us): 225407, 50th(us): 112319, 90th(us): 139647, 95th(us): 156031, 99th(us): 178559, 99.9th(us): 225407, 99.99th(us): 225407
UPDATE - Takes(s): 39.8, Count: 829, OPS: 20.8, Avg(us): 109042, Min(us): 86784, Max(us): 225407, 50th(us): 108159, 90th(us): 117951, 95th(us): 120895, 99th(us): 128767, 99.9th(us): 225407, 99.99th(us): 225407
READ   - Takes(s): 49.8, Count: 625, OPS: 12.6, Avg(us): 131281, Min(us): 92160, Max(us): 202111, 50th(us): 127231, 90th(us): 163583, 95th(us): 173823, 99th(us): 183935, 99.9th(us): 191615, 99.99th(us): 202111
READ_ERROR - Takes(s): 49.7, Count: 397, OPS: 8.0, Avg(us): 131884, Min(us): 90176, Max(us): 193919, 50th(us): 128127, 90th(us): 163583, 95th(us): 173183, 99th(us): 187135, 99.9th(us): 193919, 99.99th(us): 193919
TOTAL  - Takes(s): 49.8, Count: 1677, OPS: 33.7, Avg(us): 117718, Min(us): 86784, Max(us): 225407, 50th(us): 112831, 90th(us): 141311, 95th(us): 157823, 99th(us): 179967, 99.9th(us): 213247, 99.99th(us): 225407
UPDATE - Takes(s): 49.8, Count: 1052, OPS: 21.1, Avg(us): 109660, Min(us): 86784, Max(us): 225407, 50th(us): 108671, 90th(us): 119487, 95th(us): 122495, 99th(us): 129791, 99.9th(us): 225407, 99.99th(us): 225407
READ   - Takes(s): 59.8, Count: 755, OPS: 12.6, Avg(us): 131577, Min(us): 92160, Max(us): 202111, 50th(us): 127167, 90th(us): 163839, 95th(us): 173311, 99th(us): 183039, 99.9th(us): 191615, 99.99th(us): 202111
READ_ERROR - Takes(s): 59.7, Count: 474, OPS: 7.9, Avg(us): 132149, Min(us): 90176, Max(us): 193919, 50th(us): 128127, 90th(us): 163711, 95th(us): 173055, 99th(us): 185983, 99.9th(us): 193919, 99.99th(us): 193919
TOTAL  - Takes(s): 59.8, Count: 2003, OPS: 33.5, Avg(us): 118333, Min(us): 86784, Max(us): 225407, 50th(us): 113471, 90th(us): 141951, 95th(us): 158079, 99th(us): 178943, 99.9th(us): 213247, 99.99th(us): 225407
UPDATE - Takes(s): 59.8, Count: 1248, OPS: 20.9, Avg(us): 110321, Min(us): 86784, Max(us): 225407, 50th(us): 109183, 90th(us): 120383, 95th(us): 124031, 99th(us): 130495, 99.9th(us): 225407, 99.99th(us): 225407
READ   - Takes(s): 69.8, Count: 876, OPS: 12.6, Avg(us): 131355, Min(us): 92160, Max(us): 202111, 50th(us): 127039, 90th(us): 163199, 95th(us): 173311, 99th(us): 183935, 99.9th(us): 191615, 99.99th(us): 202111
READ_ERROR - Takes(s): 69.7, Count: 543, OPS: 7.8, Avg(us): 132004, Min(us): 90176, Max(us): 193919, 50th(us): 127935, 90th(us): 163583, 95th(us): 173055, 99th(us): 185983, 99.9th(us): 192511, 99.99th(us): 193919
TOTAL  - Takes(s): 69.8, Count: 2354, OPS: 33.7, Avg(us): 118145, Min(us): 86784, Max(us): 225407, 50th(us): 113343, 90th(us): 141311, 95th(us): 157823, 99th(us): 178943, 99.9th(us): 213247, 99.99th(us): 225407
UPDATE - Takes(s): 69.8, Count: 1478, OPS: 21.2, Avg(us): 110316, Min(us): 86784, Max(us): 225407, 50th(us): 109311, 90th(us): 120511, 95th(us): 124031, 99th(us): 130495, 99.9th(us): 225407, 99.99th(us): 225407
READ   - Takes(s): 79.8, Count: 1012, OPS: 12.7, Avg(us): 131250, Min(us): 92160, Max(us): 202111, 50th(us): 126911, 90th(us): 163711, 95th(us): 173311, 99th(us): 184319, 99.9th(us): 195071, 99.99th(us): 202111
READ_ERROR - Takes(s): 79.7, Count: 616, OPS: 7.7, Avg(us): 131371, Min(us): 90176, Max(us): 193919, 50th(us): 127423, 90th(us): 163071, 95th(us): 172671, 99th(us): 185727, 99.9th(us): 192511, 99.99th(us): 193919
TOTAL  - Takes(s): 79.8, Count: 2695, OPS: 33.8, Avg(us): 118238, Min(us): 86784, Max(us): 225407, 50th(us): 113407, 90th(us): 141695, 95th(us): 158207, 99th(us): 179071, 99.9th(us): 203519, 99.99th(us): 225407
UPDATE - Takes(s): 79.8, Count: 1683, OPS: 21.1, Avg(us): 110413, Min(us): 86784, Max(us): 225407, 50th(us): 109631, 90th(us): 120575, 95th(us): 124031, 99th(us): 131711, 99.9th(us): 213247, 99.99th(us): 225407
READ   - Takes(s): 89.8, Count: 1156, OPS: 12.9, Avg(us): 130908, Min(us): 92160, Max(us): 202111, 50th(us): 126271, 90th(us): 163071, 95th(us): 173183, 99th(us): 184703, 99.9th(us): 195071, 99.99th(us): 202111
READ_ERROR - Takes(s): 89.7, Count: 693, OPS: 7.7, Avg(us): 131233, Min(us): 90176, Max(us): 193919, 50th(us): 127231, 90th(us): 163071, 95th(us): 171519, 99th(us): 184831, 99.9th(us): 192511, 99.99th(us): 193919
TOTAL  - Takes(s): 89.8, Count: 3033, OPS: 33.8, Avg(us): 118296, Min(us): 86784, Max(us): 225407, 50th(us): 113471, 90th(us): 141695, 95th(us): 158079, 99th(us): 179327, 99.9th(us): 203519, 99.99th(us): 225407
UPDATE - Takes(s): 89.8, Count: 1877, OPS: 20.9, Avg(us): 110528, Min(us): 86784, Max(us): 225407, 50th(us): 109695, 90th(us): 120767, 95th(us): 124223, 99th(us): 132223, 99.9th(us): 213247, 99.99th(us): 225407
READ   - Takes(s): 99.8, Count: 1292, OPS: 12.9, Avg(us): 130947, Min(us): 92160, Max(us): 202111, 50th(us): 126143, 90th(us): 163839, 95th(us): 173311, 99th(us): 185215, 99.9th(us): 199295, 99.99th(us): 202111
READ_ERROR - Takes(s): 99.7, Count: 768, OPS: 7.7, Avg(us): 131090, Min(us): 90176, Max(us): 193919, 50th(us): 126463, 90th(us): 163711, 95th(us): 172671, 99th(us): 185983, 99.9th(us): 193023, 99.99th(us): 193919
TOTAL  - Takes(s): 99.8, Count: 3369, OPS: 33.8, Avg(us): 118438, Min(us): 86784, Max(us): 225407, 50th(us): 113663, 90th(us): 141567, 95th(us): 158847, 99th(us): 179071, 99.9th(us): 203519, 99.99th(us): 225407
UPDATE - Takes(s): 99.8, Count: 2077, OPS: 20.8, Avg(us): 110657, Min(us): 86784, Max(us): 225407, 50th(us): 109951, 90th(us): 120831, 95th(us): 124415, 99th(us): 131711, 99.9th(us): 213247, 99.99th(us): 225407
READ   - Takes(s): 109.8, Count: 1429, OPS: 13.0, Avg(us): 130351, Min(us): 92160, Max(us): 202111, 50th(us): 125311, 90th(us): 163199, 95th(us): 172799, 99th(us): 184703, 99.9th(us): 199295, 99.99th(us): 202111
READ_ERROR - Takes(s): 109.7, Count: 831, OPS: 7.6, Avg(us): 130525, Min(us): 90176, Max(us): 193919, 50th(us): 126143, 90th(us): 163071, 95th(us): 171519, 99th(us): 185983, 99.9th(us): 193023, 99.99th(us): 193919
TOTAL  - Takes(s): 109.8, Count: 3733, OPS: 34.0, Avg(us): 118152, Min(us): 86784, Max(us): 225407, 50th(us): 113471, 90th(us): 140927, 95th(us): 158207, 99th(us): 178559, 99.9th(us): 202111, 99.99th(us): 225407
UPDATE - Takes(s): 109.8, Count: 2304, OPS: 21.0, Avg(us): 110586, Min(us): 86784, Max(us): 225407, 50th(us): 109951, 90th(us): 120703, 95th(us): 124031, 99th(us): 131711, 99.9th(us): 213247, 99.99th(us): 225407
READ   - Takes(s): 119.8, Count: 1573, OPS: 13.1, Avg(us): 129980, Min(us): 92160, Max(us): 202111, 50th(us): 124735, 90th(us): 162431, 95th(us): 171903, 99th(us): 184319, 99.9th(us): 195071, 99.99th(us): 202111
READ_ERROR - Takes(s): 119.7, Count: 895, OPS: 7.5, Avg(us): 130337, Min(us): 90176, Max(us): 193919, 50th(us): 126079, 90th(us): 162687, 95th(us): 171519, 99th(us): 185983, 99.9th(us): 193023, 99.99th(us): 193919
TOTAL  - Takes(s): 119.8, Count: 4095, OPS: 34.2, Avg(us): 117976, Min(us): 86784, Max(us): 225407, 50th(us): 113343, 90th(us): 141311, 95th(us): 157951, 99th(us): 178175, 99.9th(us): 202111, 99.99th(us): 225407
UPDATE - Takes(s): 119.8, Count: 2522, OPS: 21.1, Avg(us): 110489, Min(us): 86784, Max(us): 225407, 50th(us): 109823, 90th(us): 120511, 95th(us): 123711, 99th(us): 131455, 99.9th(us): 203519, 99.99th(us): 225407
READ   - Takes(s): 129.8, Count: 1711, OPS: 13.2, Avg(us): 129414, Min(us): 92160, Max(us): 202111, 50th(us): 124223, 90th(us): 161023, 95th(us): 171007, 99th(us): 183935, 99.9th(us): 195071, 99.99th(us): 202111
READ_ERROR - Takes(s): 129.7, Count: 974, OPS: 7.5, Avg(us): 129755, Min(us): 90176, Max(us): 193919, 50th(us): 125439, 90th(us): 161151, 95th(us): 170239, 99th(us): 185727, 99.9th(us): 193023, 99.99th(us): 193919
TOTAL  - Takes(s): 129.8, Count: 4452, OPS: 34.3, Avg(us): 117552, Min(us): 86784, Max(us): 225407, 50th(us): 112895, 90th(us): 141311, 95th(us): 156927, 99th(us): 177535, 99.9th(us): 202111, 99.99th(us): 225407
UPDATE - Takes(s): 129.8, Count: 2741, OPS: 21.1, Avg(us): 110148, Min(us): 86784, Max(us): 225407, 50th(us): 109311, 90th(us): 119999, 95th(us): 123327, 99th(us): 131199, 99.9th(us): 203519, 99.99th(us): 225407
READ   - Takes(s): 139.8, Count: 1859, OPS: 13.3, Avg(us): 129290, Min(us): 92160, Max(us): 202111, 50th(us): 124095, 90th(us): 161535, 95th(us): 171007, 99th(us): 183935, 99.9th(us): 195071, 99.99th(us): 202111
READ_ERROR - Takes(s): 139.7, Count: 1047, OPS: 7.5, Avg(us): 129780, Min(us): 90176, Max(us): 193919, 50th(us): 125311, 90th(us): 161407, 95th(us): 169983, 99th(us): 185983, 99.9th(us): 193023, 99.99th(us): 193919
TOTAL  - Takes(s): 139.8, Count: 4795, OPS: 34.3, Avg(us): 117566, Min(us): 86784, Max(us): 225407, 50th(us): 112831, 90th(us): 141311, 95th(us): 157439, 99th(us): 177535, 99.9th(us): 199295, 99.99th(us): 225407
UPDATE - Takes(s): 139.8, Count: 2936, OPS: 21.0, Avg(us): 110142, Min(us): 86784, Max(us): 225407, 50th(us): 109311, 90th(us): 120063, 95th(us): 123519, 99th(us): 130943, 99.9th(us): 203519, 99.99th(us): 225407
READ   - Takes(s): 149.8, Count: 2017, OPS: 13.5, Avg(us): 128825, Min(us): 92160, Max(us): 202111, 50th(us): 123647, 90th(us): 161023, 95th(us): 170623, 99th(us): 183935, 99.9th(us): 195071, 99.99th(us): 202111
READ_ERROR - Takes(s): 149.7, Count: 1105, OPS: 7.4, Avg(us): 129533, Min(us): 90176, Max(us): 193919, 50th(us): 125055, 90th(us): 161151, 95th(us): 169215, 99th(us): 185727, 99.9th(us): 193023, 99.99th(us): 193919
TOTAL  - Takes(s): 149.8, Count: 5169, OPS: 34.5, Avg(us): 117339, Min(us): 86784, Max(us): 225407, 50th(us): 112511, 90th(us): 141183, 95th(us): 157695, 99th(us): 176383, 99.9th(us): 199295, 99.99th(us): 225407
UPDATE - Takes(s): 149.8, Count: 3152, OPS: 21.0, Avg(us): 109989, Min(us): 86784, Max(us): 225407, 50th(us): 109183, 90th(us): 119871, 95th(us): 123263, 99th(us): 130943, 99.9th(us): 203519, 99.99th(us): 225407
READ   - Takes(s): 159.8, Count: 2168, OPS: 13.6, Avg(us): 128383, Min(us): 92160, Max(us): 202111, 50th(us): 123071, 90th(us): 159999, 95th(us): 170111, 99th(us): 183807, 99.9th(us): 195071, 99.99th(us): 202111
READ_ERROR - Takes(s): 159.7, Count: 1171, OPS: 7.3, Avg(us): 129257, Min(us): 90176, Max(us): 193919, 50th(us): 124671, 90th(us): 161023, 95th(us): 168703, 99th(us): 185727, 99.9th(us): 193023, 99.99th(us): 193919
TOTAL  - Takes(s): 159.8, Count: 5537, OPS: 34.6, Avg(us): 117088, Min(us): 86784, Max(us): 225407, 50th(us): 112191, 90th(us): 141311, 95th(us): 157055, 99th(us): 175871, 99.9th(us): 195071, 99.99th(us): 225407
UPDATE - Takes(s): 159.8, Count: 3369, OPS: 21.1, Avg(us): 109820, Min(us): 86784, Max(us): 225407, 50th(us): 109055, 90th(us): 119743, 95th(us): 122943, 99th(us): 130495, 99.9th(us): 203519, 99.99th(us): 225407
READ   - Takes(s): 169.8, Count: 2311, OPS: 13.6, Avg(us): 128334, Min(us): 92160, Max(us): 202111, 50th(us): 122943, 90th(us): 160383, 95th(us): 170239, 99th(us): 183935, 99.9th(us): 195071, 99.99th(us): 202111
READ_ERROR - Takes(s): 169.7, Count: 1228, OPS: 7.2, Avg(us): 129140, Min(us): 90176, Max(us): 193919, 50th(us): 124479, 90th(us): 161023, 95th(us): 168959, 99th(us): 185727, 99.9th(us): 193023, 99.99th(us): 193919
TOTAL  - Takes(s): 169.8, Count: 5904, OPS: 34.8, Avg(us): 117068, Min(us): 86784, Max(us): 225407, 50th(us): 112191, 90th(us): 141311, 95th(us): 157055, 99th(us): 175871, 99.9th(us): 195071, 99.99th(us): 225407
UPDATE - Takes(s): 169.8, Count: 3593, OPS: 21.2, Avg(us): 109821, Min(us): 86784, Max(us): 225407, 50th(us): 109119, 90th(us): 119615, 95th(us): 122879, 99th(us): 130367, 99.9th(us): 142463, 99.99th(us): 225407
READ   - Takes(s): 179.8, Count: 2470, OPS: 13.7, Avg(us): 128476, Min(us): 92160, Max(us): 202111, 50th(us): 122943, 90th(us): 161023, 95th(us): 170623, 99th(us): 183935, 99.9th(us): 195071, 99.99th(us): 202111
READ_ERROR - Takes(s): 179.7, Count: 1268, OPS: 7.1, Avg(us): 129278, Min(us): 90176, Max(us): 193919, 50th(us): 124543, 90th(us): 161023, 95th(us): 169215, 99th(us): 184831, 99.9th(us): 193023, 99.99th(us): 193919
TOTAL  - Takes(s): 179.8, Count: 6274, OPS: 34.9, Avg(us): 117271, Min(us): 86784, Max(us): 225407, 50th(us): 112383, 90th(us): 141567, 95th(us): 157439, 99th(us): 176895, 99.9th(us): 195071, 99.99th(us): 225407
UPDATE - Takes(s): 179.8, Count: 3804, OPS: 21.2, Avg(us): 109996, Min(us): 86784, Max(us): 225407, 50th(us): 109247, 90th(us): 119743, 95th(us): 123327, 99th(us): 130943, 99.9th(us): 142463, 99.99th(us): 225407
READ   - Takes(s): 189.8, Count: 2614, OPS: 13.8, Avg(us): 128502, Min(us): 92160, Max(us): 202111, 50th(us): 122943, 90th(us): 161023, 95th(us): 170367, 99th(us): 183807, 99.9th(us): 195071, 99.99th(us): 202111
READ_ERROR - Takes(s): 189.7, Count: 1334, OPS: 7.0, Avg(us): 129393, Min(us): 90176, Max(us): 193919, 50th(us): 124479, 90th(us): 161407, 95th(us): 169599, 99th(us): 185727, 99.9th(us): 193023, 99.99th(us): 193919
TOTAL  - Takes(s): 189.8, Count: 6622, OPS: 34.9, Avg(us): 117345, Min(us): 86784, Max(us): 225407, 50th(us): 112511, 90th(us): 141567, 95th(us): 157695, 99th(us): 176383, 99.9th(us): 195071, 99.99th(us): 225407
UPDATE - Takes(s): 189.8, Count: 4008, OPS: 21.1, Avg(us): 110068, Min(us): 86784, Max(us): 225407, 50th(us): 109375, 90th(us): 119807, 95th(us): 123391, 99th(us): 130943, 99.9th(us): 142463, 99.99th(us): 225407
READ   - Takes(s): 199.8, Count: 2772, OPS: 13.9, Avg(us): 128359, Min(us): 92160, Max(us): 202111, 50th(us): 122879, 90th(us): 161023, 95th(us): 169855, 99th(us): 183807, 99.9th(us): 195071, 99.99th(us): 202111
READ_ERROR - Takes(s): 199.7, Count: 1388, OPS: 7.0, Avg(us): 129273, Min(us): 90176, Max(us): 193919, 50th(us): 124543, 90th(us): 161151, 95th(us): 169599, 99th(us): 184831, 99.9th(us): 193023, 99.99th(us): 193919
TOTAL  - Takes(s): 199.8, Count: 6990, OPS: 35.0, Avg(us): 117321, Min(us): 86784, Max(us): 225407, 50th(us): 112511, 90th(us): 141311, 95th(us): 157567, 99th(us): 175871, 99.9th(us): 195071, 99.99th(us): 225407
UPDATE - Takes(s): 199.8, Count: 4218, OPS: 21.1, Avg(us): 110067, Min(us): 86784, Max(us): 225407, 50th(us): 109375, 90th(us): 119871, 95th(us): 123391, 99th(us): 130943, 99.9th(us): 142463, 99.99th(us): 225407
READ   - Takes(s): 209.8, Count: 2936, OPS: 14.0, Avg(us): 128041, Min(us): 90688, Max(us): 202111, 50th(us): 122687, 90th(us): 159999, 95th(us): 169471, 99th(us): 183039, 99.9th(us): 195071, 99.99th(us): 202111
READ_ERROR - Takes(s): 209.7, Count: 1439, OPS: 6.9, Avg(us): 128950, Min(us): 90176, Max(us): 193919, 50th(us): 123903, 90th(us): 161023, 95th(us): 169215, 99th(us): 184831, 99.9th(us): 193023, 99.99th(us): 193919
TOTAL  - Takes(s): 209.8, Count: 7379, OPS: 35.2, Avg(us): 117087, Min(us): 86784, Max(us): 225407, 50th(us): 112191, 90th(us): 141823, 95th(us): 156671, 99th(us): 175743, 99.9th(us): 195071, 99.99th(us): 225407
UPDATE - Takes(s): 209.8, Count: 4443, OPS: 21.2, Avg(us): 109848, Min(us): 86784, Max(us): 225407, 50th(us): 109119, 90th(us): 119679, 95th(us): 123135, 99th(us): 130495, 99.9th(us): 142463, 99.99th(us): 225407
READ   - Takes(s): 219.8, Count: 3094, OPS: 14.1, Avg(us): 127788, Min(us): 90688, Max(us): 202111, 50th(us): 122559, 90th(us): 159487, 95th(us): 168703, 99th(us): 182783, 99.9th(us): 195071, 99.99th(us): 202111
READ_ERROR - Takes(s): 219.7, Count: 1481, OPS: 6.7, Avg(us): 128787, Min(us): 90176, Max(us): 193919, 50th(us): 123903, 90th(us): 160639, 95th(us): 168959, 99th(us): 184063, 99.9th(us): 193023, 99.99th(us): 193919
TOTAL  - Takes(s): 219.8, Count: 7774, OPS: 35.4, Avg(us): 116904, Min(us): 86784, Max(us): 225407, 50th(us): 111871, 90th(us): 142079, 95th(us): 156287, 99th(us): 175487, 99.9th(us): 192895, 99.99th(us): 225407
UPDATE - Takes(s): 219.8, Count: 4680, OPS: 21.3, Avg(us): 109709, Min(us): 86784, Max(us): 225407, 50th(us): 108927, 90th(us): 119487, 95th(us): 122879, 99th(us): 130239, 99.9th(us): 142463, 99.99th(us): 225407
READ   - Takes(s): 229.8, Count: 3263, OPS: 14.2, Avg(us): 127539, Min(us): 90688, Max(us): 202111, 50th(us): 122303, 90th(us): 159103, 95th(us): 168191, 99th(us): 182143, 99.9th(us): 195071, 99.99th(us): 202111
READ_ERROR - Takes(s): 229.7, Count: 1531, OPS: 6.7, Avg(us): 128578, Min(us): 90176, Max(us): 193919, 50th(us): 123583, 90th(us): 160511, 95th(us): 168703, 99th(us): 184063, 99.9th(us): 192511, 99.99th(us): 193919
TOTAL  - Takes(s): 229.8, Count: 8160, OPS: 35.5, Avg(us): 116763, Min(us): 86784, Max(us): 225407, 50th(us): 111679, 90th(us): 142463, 95th(us): 156159, 99th(us): 175359, 99.9th(us): 192895, 99.99th(us): 225407
UPDATE - Takes(s): 229.8, Count: 4897, OPS: 21.3, Avg(us): 109583, Min(us): 86784, Max(us): 225407, 50th(us): 108799, 90th(us): 119359, 95th(us): 122751, 99th(us): 129919, 99.9th(us): 142463, 99.99th(us): 225407
READ   - Takes(s): 239.8, Count: 3422, OPS: 14.3, Avg(us): 127274, Min(us): 90688, Max(us): 202111, 50th(us): 121919, 90th(us): 158847, 95th(us): 167551, 99th(us): 182143, 99.9th(us): 195071, 99.99th(us): 202111
READ_ERROR - Takes(s): 239.7, Count: 1577, OPS: 6.6, Avg(us): 128436, Min(us): 90176, Max(us): 193919, 50th(us): 123327, 90th(us): 160127, 95th(us): 168703, 99th(us): 183935, 99.9th(us): 192511, 99.99th(us): 193919
TOTAL  - Takes(s): 239.8, Count: 8554, OPS: 35.7, Avg(us): 116562, Min(us): 86784, Max(us): 225407, 50th(us): 111423, 90th(us): 142335, 95th(us): 156031, 99th(us): 174719, 99.9th(us): 192767, 99.99th(us): 225407
UPDATE - Takes(s): 239.8, Count: 5132, OPS: 21.4, Avg(us): 109419, Min(us): 86784, Max(us): 225407, 50th(us): 108671, 90th(us): 119167, 95th(us): 122623, 99th(us): 129855, 99.9th(us): 142463, 99.99th(us): 225407
READ   - Takes(s): 249.8, Count: 3602, OPS: 14.4, Avg(us): 127068, Min(us): 90688, Max(us): 202111, 50th(us): 121535, 90th(us): 158719, 95th(us): 167167, 99th(us): 181503, 99.9th(us): 192895, 99.99th(us): 202111
READ_ERROR - Takes(s): 249.7, Count: 1617, OPS: 6.5, Avg(us): 128318, Min(us): 90176, Max(us): 194687, 50th(us): 123135, 90th(us): 160127, 95th(us): 168703, 99th(us): 184831, 99.9th(us): 193919, 99.99th(us): 194687
TOTAL  - Takes(s): 249.8, Count: 8948, OPS: 35.8, Avg(us): 116463, Min(us): 86784, Max(us): 225407, 50th(us): 111295, 90th(us): 142591, 95th(us): 156031, 99th(us): 174079, 99.9th(us): 192767, 99.99th(us): 225407
UPDATE - Takes(s): 249.8, Count: 5346, OPS: 21.4, Avg(us): 109317, Min(us): 86784, Max(us): 225407, 50th(us): 108543, 90th(us): 119039, 95th(us): 122559, 99th(us): 129855, 99.9th(us): 142463, 99.99th(us): 225407
READ   - Takes(s): 259.8, Count: 3779, OPS: 14.5, Avg(us): 126880, Min(us): 90688, Max(us): 202111, 50th(us): 121215, 90th(us): 158335, 95th(us): 166911, 99th(us): 181375, 99.9th(us): 192895, 99.99th(us): 202111
READ_ERROR - Takes(s): 259.7, Count: 1669, OPS: 6.4, Avg(us): 128168, Min(us): 90176, Max(us): 194687, 50th(us): 122943, 90th(us): 159871, 95th(us): 168319, 99th(us): 184063, 99.9th(us): 193919, 99.99th(us): 194687
TOTAL  - Takes(s): 259.8, Count: 9329, OPS: 35.9, Avg(us): 116373, Min(us): 86784, Max(us): 225407, 50th(us): 111231, 90th(us): 142975, 95th(us): 155903, 99th(us): 173951, 99.9th(us): 192767, 99.99th(us): 225407
UPDATE - Takes(s): 259.8, Count: 5550, OPS: 21.4, Avg(us): 109219, Min(us): 86784, Max(us): 225407, 50th(us): 108479, 90th(us): 118911, 95th(us): 122495, 99th(us): 129791, 99.9th(us): 141823, 99.99th(us): 225407
READ   - Takes(s): 269.8, Count: 3958, OPS: 14.7, Avg(us): 126655, Min(us): 90688, Max(us): 202111, 50th(us): 120831, 90th(us): 158207, 95th(us): 166655, 99th(us): 181247, 99.9th(us): 192895, 99.99th(us): 202111
READ_ERROR - Takes(s): 269.7, Count: 1709, OPS: 6.3, Avg(us): 127999, Min(us): 90176, Max(us): 194687, 50th(us): 122751, 90th(us): 159871, 95th(us): 168319, 99th(us): 184063, 99.9th(us): 193919, 99.99th(us): 194687
TOTAL  - Takes(s): 269.8, Count: 9728, OPS: 36.1, Avg(us): 116249, Min(us): 86784, Max(us): 225407, 50th(us): 111039, 90th(us): 142975, 95th(us): 155903, 99th(us): 173695, 99.9th(us): 191871, 99.99th(us): 225407
UPDATE - Takes(s): 269.8, Count: 5770, OPS: 21.4, Avg(us): 109110, Min(us): 86784, Max(us): 225407, 50th(us): 108415, 90th(us): 118655, 95th(us): 122367, 99th(us): 129599, 99.9th(us): 141823, 99.99th(us): 225407
READ   - Takes(s): 279.8, Count: 4136, OPS: 14.8, Avg(us): 126501, Min(us): 90688, Max(us): 202111, 50th(us): 120639, 90th(us): 158079, 95th(us): 166271, 99th(us): 181247, 99.9th(us): 192895, 99.99th(us): 202111
READ_ERROR - Takes(s): 279.7, Count: 1759, OPS: 6.3, Avg(us): 127937, Min(us): 90176, Max(us): 194687, 50th(us): 122623, 90th(us): 159871, 95th(us): 168063, 99th(us): 183935, 99.9th(us): 193919, 99.99th(us): 194687
TOTAL  - Takes(s): 279.8, Count: 10110, OPS: 36.1, Avg(us): 116178, Min(us): 86784, Max(us): 225407, 50th(us): 110911, 90th(us): 143103, 95th(us): 155903, 99th(us): 173567, 99.9th(us): 191871, 99.99th(us): 225407
UPDATE - Takes(s): 279.8, Count: 5974, OPS: 21.4, Avg(us): 109031, Min(us): 86784, Max(us): 225407, 50th(us): 108351, 90th(us): 118527, 95th(us): 122239, 99th(us): 129471, 99.9th(us): 141823, 99.99th(us): 225407
READ   - Takes(s): 289.8, Count: 4314, OPS: 14.9, Avg(us): 126293, Min(us): 90688, Max(us): 202111, 50th(us): 120511, 90th(us): 157951, 95th(us): 165887, 99th(us): 180863, 99.9th(us): 192895, 99.99th(us): 202111
READ_ERROR - Takes(s): 289.7, Count: 1795, OPS: 6.2, Avg(us): 127871, Min(us): 90176, Max(us): 194687, 50th(us): 122559, 90th(us): 159743, 95th(us): 167935, 99th(us): 183935, 99.9th(us): 193919, 99.99th(us): 194687
TOTAL  - Takes(s): 289.8, Count: 10512, OPS: 36.3, Avg(us): 116060, Min(us): 86784, Max(us): 225407, 50th(us): 110719, 90th(us): 142975, 95th(us): 155647, 99th(us): 173311, 99.9th(us): 191615, 99.99th(us): 225407
UPDATE - Takes(s): 289.8, Count: 6198, OPS: 21.4, Avg(us): 108937, Min(us): 86784, Max(us): 225407, 50th(us): 108223, 90th(us): 118399, 95th(us): 122175, 99th(us): 129407, 99.9th(us): 141823, 99.99th(us): 225407
READ   - Takes(s): 299.8, Count: 4471, OPS: 14.9, Avg(us): 126155, Min(us): 90688, Max(us): 202111, 50th(us): 120383, 90th(us): 157951, 95th(us): 165503, 99th(us): 180863, 99.9th(us): 192895, 99.99th(us): 202111
READ_ERROR - Takes(s): 299.7, Count: 1838, OPS: 6.1, Avg(us): 127750, Min(us): 90176, Max(us): 194687, 50th(us): 122175, 90th(us): 159615, 95th(us): 167935, 99th(us): 183935, 99.9th(us): 193919, 99.99th(us): 194687
TOTAL  - Takes(s): 299.8, Count: 10907, OPS: 36.4, Avg(us): 115940, Min(us): 86784, Max(us): 225407, 50th(us): 110591, 90th(us): 143103, 95th(us): 155647, 99th(us): 173311, 99.9th(us): 191615, 99.99th(us): 225407
UPDATE - Takes(s): 299.8, Count: 6436, OPS: 21.5, Avg(us): 108844, Min(us): 86784, Max(us): 225407, 50th(us): 108159, 90th(us): 118143, 95th(us): 122111, 99th(us): 129215, 99.9th(us): 141823, 99.99th(us): 225407
READ   - Takes(s): 309.8, Count: 4647, OPS: 15.0, Avg(us): 126098, Min(us): 90688, Max(us): 202111, 50th(us): 120255, 90th(us): 158079, 95th(us): 165759, 99th(us): 180863, 99.9th(us): 192767, 99.99th(us): 202111
READ_ERROR - Takes(s): 309.7, Count: 1872, OPS: 6.0, Avg(us): 127634, Min(us): 90176, Max(us): 194687, 50th(us): 121919, 90th(us): 159615, 95th(us): 167807, 99th(us): 183167, 99.9th(us): 193919, 99.99th(us): 194687
TOTAL  - Takes(s): 309.8, Count: 11308, OPS: 36.5, Avg(us): 115890, Min(us): 86784, Max(us): 225407, 50th(us): 110527, 90th(us): 143103, 95th(us): 155775, 99th(us): 173311, 99.9th(us): 191615, 99.99th(us): 225407
UPDATE - Takes(s): 309.8, Count: 6661, OPS: 21.5, Avg(us): 108768, Min(us): 86784, Max(us): 225407, 50th(us): 108095, 90th(us): 118079, 95th(us): 121919, 99th(us): 129151, 99.9th(us): 141055, 99.99th(us): 225407
READ   - Takes(s): 319.8, Count: 4824, OPS: 15.1, Avg(us): 125901, Min(us): 90688, Max(us): 202111, 50th(us): 119871, 90th(us): 157951, 95th(us): 164991, 99th(us): 179967, 99.9th(us): 192767, 99.99th(us): 202111
READ_ERROR - Takes(s): 319.7, Count: 1902, OPS: 5.9, Avg(us): 127614, Min(us): 90176, Max(us): 194687, 50th(us): 121919, 90th(us): 159615, 95th(us): 167935, 99th(us): 183167, 99.9th(us): 193919, 99.99th(us): 194687
TOTAL  - Takes(s): 319.8, Count: 11720, OPS: 36.6, Avg(us): 115777, Min(us): 86784, Max(us): 225407, 50th(us): 110463, 90th(us): 142975, 95th(us): 155647, 99th(us): 173055, 99.9th(us): 191231, 99.99th(us): 225407
UPDATE - Takes(s): 319.8, Count: 6896, OPS: 21.6, Avg(us): 108695, Min(us): 86784, Max(us): 225407, 50th(us): 108031, 90th(us): 117951, 95th(us): 121791, 99th(us): 129151, 99.9th(us): 141055, 99.99th(us): 225407
READ   - Takes(s): 329.8, Count: 5016, OPS: 15.2, Avg(us): 125807, Min(us): 90496, Max(us): 202111, 50th(us): 119743, 90th(us): 157823, 95th(us): 164863, 99th(us): 179327, 99.9th(us): 192767, 99.99th(us): 199295
READ_ERROR - Takes(s): 329.7, Count: 1940, OPS: 5.9, Avg(us): 127525, Min(us): 90176, Max(us): 194687, 50th(us): 121727, 90th(us): 159615, 95th(us): 167807, 99th(us): 183167, 99.9th(us): 193919, 99.99th(us): 194687
TOTAL  - Takes(s): 329.8, Count: 12116, OPS: 36.7, Avg(us): 115729, Min(us): 86784, Max(us): 225407, 50th(us): 110399, 90th(us): 143103, 95th(us): 155647, 99th(us): 172927, 99.9th(us): 191231, 99.99th(us): 225407
UPDATE - Takes(s): 329.8, Count: 7100, OPS: 21.5, Avg(us): 108610, Min(us): 86784, Max(us): 225407, 50th(us): 107967, 90th(us): 117887, 95th(us): 121663, 99th(us): 129087, 99.9th(us): 141055, 99.99th(us): 225407
READ   - Takes(s): 339.8, Count: 5215, OPS: 15.3, Avg(us): 125482, Min(us): 90496, Max(us): 202111, 50th(us): 119423, 90th(us): 157439, 95th(us): 164607, 99th(us): 179071, 99.9th(us): 192767, 99.99th(us): 199295
READ_ERROR - Takes(s): 339.7, Count: 1971, OPS: 5.8, Avg(us): 127421, Min(us): 90176, Max(us): 194687, 50th(us): 121599, 90th(us): 159615, 95th(us): 167551, 99th(us): 182655, 99.9th(us): 193919, 99.99th(us): 194687
TOTAL  - Takes(s): 339.8, Count: 12537, OPS: 36.9, Avg(us): 115537, Min(us): 86784, Max(us): 225407, 50th(us): 110143, 90th(us): 142975, 95th(us): 155391, 99th(us): 172799, 99.9th(us): 189951, 99.99th(us): 225407
UPDATE - Takes(s): 339.8, Count: 7322, OPS: 21.5, Avg(us): 108453, Min(us): 86784, Max(us): 225407, 50th(us): 107775, 90th(us): 117759, 95th(us): 121535, 99th(us): 128831, 99.9th(us): 141055, 99.99th(us): 225407
READ   - Takes(s): 349.8, Count: 5389, OPS: 15.4, Avg(us): 125363, Min(us): 90496, Max(us): 202111, 50th(us): 119231, 90th(us): 157311, 95th(us): 164351, 99th(us): 178943, 99.9th(us): 192767, 99.99th(us): 199295
READ_ERROR - Takes(s): 349.7, Count: 2012, OPS: 5.8, Avg(us): 127339, Min(us): 90176, Max(us): 194687, 50th(us): 121471, 90th(us): 159231, 95th(us): 167551, 99th(us): 182655, 99.9th(us): 193919, 99.99th(us): 194687
TOTAL  - Takes(s): 349.8, Count: 12934, OPS: 37.0, Avg(us): 115458, Min(us): 86784, Max(us): 225407, 50th(us): 110079, 90th(us): 143103, 95th(us): 155391, 99th(us): 172671, 99.9th(us): 189951, 99.99th(us): 225407
UPDATE - Takes(s): 349.8, Count: 7545, OPS: 21.6, Avg(us): 108383, Min(us): 86784, Max(us): 225407, 50th(us): 107711, 90th(us): 117631, 95th(us): 121407, 99th(us): 128575, 99.9th(us): 139775, 99.99th(us): 225407
READ   - Takes(s): 359.8, Count: 5576, OPS: 15.5, Avg(us): 125241, Min(us): 90496, Max(us): 202111, 50th(us): 119103, 90th(us): 157183, 95th(us): 164351, 99th(us): 178943, 99.9th(us): 191871, 99.99th(us): 199295
READ_ERROR - Takes(s): 359.7, Count: 2051, OPS: 5.7, Avg(us): 127237, Min(us): 90176, Max(us): 194687, 50th(us): 121215, 90th(us): 158975, 95th(us): 167423, 99th(us): 181631, 99.9th(us): 193919, 99.99th(us): 194687
TOTAL  - Takes(s): 359.8, Count: 13333, OPS: 37.1, Avg(us): 115406, Min(us): 86784, Max(us): 225407, 50th(us): 109951, 90th(us): 143231, 95th(us): 155391, 99th(us): 172543, 99.9th(us): 189951, 99.99th(us): 225407
UPDATE - Takes(s): 359.8, Count: 7757, OPS: 21.6, Avg(us): 108336, Min(us): 86784, Max(us): 225407, 50th(us): 107711, 90th(us): 117567, 95th(us): 121343, 99th(us): 128319, 99.9th(us): 139775, 99.99th(us): 225407
READ   - Takes(s): 369.8, Count: 5753, OPS: 15.6, Avg(us): 125047, Min(us): 90496, Max(us): 202111, 50th(us): 118719, 90th(us): 157055, 95th(us): 163967, 99th(us): 178943, 99.9th(us): 191871, 99.99th(us): 199295
READ_ERROR - Takes(s): 369.7, Count: 2079, OPS: 5.6, Avg(us): 127216, Min(us): 90176, Max(us): 194687, 50th(us): 121215, 90th(us): 158975, 95th(us): 167423, 99th(us): 181631, 99.9th(us): 193919, 99.99th(us): 194687
TOTAL  - Takes(s): 369.8, Count: 13745, OPS: 37.2, Avg(us): 115324, Min(us): 86784, Max(us): 225407, 50th(us): 109887, 90th(us): 143103, 95th(us): 155263, 99th(us): 172287, 99.9th(us): 189567, 99.99th(us): 225407
UPDATE - Takes(s): 369.8, Count: 7992, OPS: 21.6, Avg(us): 108325, Min(us): 86784, Max(us): 225407, 50th(us): 107647, 90th(us): 117567, 95th(us): 121343, 99th(us): 128575, 99.9th(us): 139775, 99.99th(us): 225407
READ   - Takes(s): 379.8, Count: 5946, OPS: 15.7, Avg(us): 124964, Min(us): 90496, Max(us): 202111, 50th(us): 118527, 90th(us): 156799, 95th(us): 163839, 99th(us): 178559, 99.9th(us): 191871, 99.99th(us): 199295
READ_ERROR - Takes(s): 379.7, Count: 2115, OPS: 5.6, Avg(us): 127096, Min(us): 90176, Max(us): 194687, 50th(us): 121151, 90th(us): 158847, 95th(us): 167295, 99th(us): 181631, 99.9th(us): 193919, 99.99th(us): 194687
TOTAL  - Takes(s): 379.8, Count: 14145, OPS: 37.2, Avg(us): 115287, Min(us): 86784, Max(us): 225407, 50th(us): 109823, 90th(us): 143231, 95th(us): 155135, 99th(us): 172159, 99.9th(us): 189567, 99.99th(us): 225407
UPDATE - Takes(s): 379.8, Count: 8199, OPS: 21.6, Avg(us): 108269, Min(us): 86784, Max(us): 225407, 50th(us): 107647, 90th(us): 117503, 95th(us): 121279, 99th(us): 128255, 99.9th(us): 139775, 99.99th(us): 225407
READ   - Takes(s): 389.8, Count: 6143, OPS: 15.8, Avg(us): 124878, Min(us): 90496, Max(us): 202111, 50th(us): 118399, 90th(us): 156671, 95th(us): 163711, 99th(us): 178303, 99.9th(us): 191871, 99.99th(us): 199295
READ_ERROR - Takes(s): 389.7, Count: 2141, OPS: 5.5, Avg(us): 127040, Min(us): 90176, Max(us): 194687, 50th(us): 121151, 90th(us): 158847, 95th(us): 167167, 99th(us): 181631, 99.9th(us): 193919, 99.99th(us): 194687
TOTAL  - Takes(s): 389.8, Count: 14556, OPS: 37.3, Avg(us): 115252, Min(us): 86784, Max(us): 225407, 50th(us): 109759, 90th(us): 143615, 95th(us): 155007, 99th(us): 171519, 99.9th(us): 188159, 99.99th(us): 225407
UPDATE - Takes(s): 389.8, Count: 8413, OPS: 21.6, Avg(us): 108223, Min(us): 86784, Max(us): 225407, 50th(us): 107583, 90th(us): 117439, 95th(us): 121215, 99th(us): 128191, 99.9th(us): 139775, 99.99th(us): 225407
READ   - Takes(s): 399.8, Count: 6332, OPS: 15.8, Avg(us): 124743, Min(us): 90496, Max(us): 202111, 50th(us): 118079, 90th(us): 156543, 95th(us): 163583, 99th(us): 178175, 99.9th(us): 191871, 99.99th(us): 199295
READ_ERROR - Takes(s): 399.7, Count: 2170, OPS: 5.4, Avg(us): 127019, Min(us): 89856, Max(us): 194687, 50th(us): 120959, 90th(us): 158463, 95th(us): 166911, 99th(us): 181503, 99.9th(us): 193919, 99.99th(us): 194687
TOTAL  - Takes(s): 399.8, Count: 14966, OPS: 37.4, Avg(us): 115195, Min(us): 86784, Max(us): 225407, 50th(us): 109695, 90th(us): 143615, 95th(us): 155007, 99th(us): 171391, 99.9th(us): 188159, 99.99th(us): 225407
UPDATE - Takes(s): 399.8, Count: 8634, OPS: 21.6, Avg(us): 108193, Min(us): 86784, Max(us): 225407, 50th(us): 107583, 90th(us): 117311, 95th(us): 121215, 99th(us): 128255, 99.9th(us): 139647, 99.99th(us): 225407
READ   - Takes(s): 409.8, Count: 6525, OPS: 15.9, Avg(us): 124712, Min(us): 90496, Max(us): 202111, 50th(us): 117951, 90th(us): 156543, 95th(us): 163583, 99th(us): 178175, 99.9th(us): 191615, 99.99th(us): 199295
READ_ERROR - Takes(s): 409.7, Count: 2199, OPS: 5.4, Avg(us): 126930, Min(us): 89856, Max(us): 194687, 50th(us): 120959, 90th(us): 158463, 95th(us): 166911, 99th(us): 181503, 99.9th(us): 193919, 99.99th(us): 194687
TOTAL  - Takes(s): 409.8, Count: 15370, OPS: 37.5, Avg(us): 115183, Min(us): 86784, Max(us): 225407, 50th(us): 109695, 90th(us): 143871, 95th(us): 155007, 99th(us): 171391, 99.9th(us): 188159, 99.99th(us): 213247
UPDATE - Takes(s): 409.8, Count: 8845, OPS: 21.6, Avg(us): 108154, Min(us): 86784, Max(us): 225407, 50th(us): 107519, 90th(us): 117247, 95th(us): 121087, 99th(us): 128191, 99.9th(us): 139647, 99.99th(us): 225407
READ   - Takes(s): 419.8, Count: 6726, OPS: 16.0, Avg(us): 124710, Min(us): 90496, Max(us): 202111, 50th(us): 117887, 90th(us): 156543, 95th(us): 163327, 99th(us): 178047, 99.9th(us): 191615, 99.99th(us): 199295
READ_ERROR - Takes(s): 419.7, Count: 2226, OPS: 5.3, Avg(us): 126920, Min(us): 89856, Max(us): 194687, 50th(us): 120895, 90th(us): 158207, 95th(us): 166783, 99th(us): 181503, 99.9th(us): 193919, 99.99th(us): 194687
TOTAL  - Takes(s): 419.8, Count: 15774, OPS: 37.6, Avg(us): 115184, Min(us): 86784, Max(us): 225407, 50th(us): 109631, 90th(us): 144255, 95th(us): 155007, 99th(us): 171135, 99.9th(us): 187391, 99.99th(us): 213247
UPDATE - Takes(s): 419.8, Count: 9048, OPS: 21.6, Avg(us): 108103, Min(us): 86784, Max(us): 225407, 50th(us): 107455, 90th(us): 117183, 95th(us): 120959, 99th(us): 128127, 99.9th(us): 139647, 99.99th(us): 225407
READ   - Takes(s): 429.8, Count: 6919, OPS: 16.1, Avg(us): 124583, Min(us): 90496, Max(us): 202111, 50th(us): 117695, 90th(us): 156159, 95th(us): 163071, 99th(us): 177663, 99.9th(us): 191615, 99.99th(us): 199295
READ_ERROR - Takes(s): 429.7, Count: 2256, OPS: 5.3, Avg(us): 126888, Min(us): 89856, Max(us): 194687, 50th(us): 120831, 90th(us): 158207, 95th(us): 166655, 99th(us): 181503, 99.9th(us): 193919, 99.99th(us): 194687
TOTAL  - Takes(s): 429.8, Count: 16186, OPS: 37.7, Avg(us): 115111, Min(us): 86784, Max(us): 225407, 50th(us): 109567, 90th(us): 144255, 95th(us): 154879, 99th(us): 170879, 99.9th(us): 187391, 99.99th(us): 213247
UPDATE - Takes(s): 429.8, Count: 9267, OPS: 21.6, Avg(us): 108039, Min(us): 86784, Max(us): 225407, 50th(us): 107455, 90th(us): 117055, 95th(us): 120895, 99th(us): 128063, 99.9th(us): 139647, 99.99th(us): 225407
READ   - Takes(s): 439.8, Count: 7112, OPS: 16.2, Avg(us): 124611, Min(us): 90496, Max(us): 202111, 50th(us): 117759, 90th(us): 156159, 95th(us): 162943, 99th(us): 177663, 99.9th(us): 191615, 99.99th(us): 199295
READ_ERROR - Takes(s): 439.7, Count: 2287, OPS: 5.2, Avg(us): 126836, Min(us): 89856, Max(us): 194687, 50th(us): 120767, 90th(us): 158079, 95th(us): 166655, 99th(us): 181503, 99.9th(us): 193919, 99.99th(us): 194687
TOTAL  - Takes(s): 439.8, Count: 16585, OPS: 37.7, Avg(us): 115140, Min(us): 86784, Max(us): 225407, 50th(us): 109567, 90th(us): 144383, 95th(us): 154879, 99th(us): 170879, 99.9th(us): 187391, 99.99th(us): 213247
UPDATE - Takes(s): 439.8, Count: 9473, OPS: 21.5, Avg(us): 108029, Min(us): 86784, Max(us): 225407, 50th(us): 107391, 90th(us): 117055, 95th(us): 120895, 99th(us): 128127, 99.9th(us): 139647, 99.99th(us): 225407
READ   - Takes(s): 449.8, Count: 7296, OPS: 16.2, Avg(us): 124523, Min(us): 90496, Max(us): 202111, 50th(us): 117631, 90th(us): 156031, 95th(us): 162815, 99th(us): 177407, 99.9th(us): 191615, 99.99th(us): 199295
READ_ERROR - Takes(s): 449.7, Count: 2307, OPS: 5.1, Avg(us): 126782, Min(us): 89856, Max(us): 194687, 50th(us): 120703, 90th(us): 157951, 95th(us): 166655, 99th(us): 181503, 99.9th(us): 193919, 99.99th(us): 194687
TOTAL  - Takes(s): 449.8, Count: 17007, OPS: 37.8, Avg(us): 115073, Min(us): 86784, Max(us): 225407, 50th(us): 109503, 90th(us): 144255, 95th(us): 154751, 99th(us): 170495, 99.9th(us): 187391, 99.99th(us): 213247
UPDATE - Takes(s): 449.8, Count: 9711, OPS: 21.6, Avg(us): 107973, Min(us): 86784, Max(us): 225407, 50th(us): 107327, 90th(us): 116927, 95th(us): 120831, 99th(us): 128063, 99.9th(us): 139391, 99.99th(us): 225407
READ   - Takes(s): 459.8, Count: 7488, OPS: 16.3, Avg(us): 124530, Min(us): 87040, Max(us): 202111, 50th(us): 117695, 90th(us): 156031, 95th(us): 162815, 99th(us): 177151, 99.9th(us): 191615, 99.99th(us): 199295
READ_ERROR - Takes(s): 459.7, Count: 2328, OPS: 5.1, Avg(us): 126791, Min(us): 89856, Max(us): 194687, 50th(us): 120767, 90th(us): 157951, 95th(us): 166399, 99th(us): 181503, 99.9th(us): 193919, 99.99th(us): 194687
TOTAL  - Takes(s): 459.8, Count: 17418, OPS: 37.9, Avg(us): 115071, Min(us): 86784, Max(us): 225407, 50th(us): 109439, 90th(us): 144383, 95th(us): 154623, 99th(us): 170367, 99.9th(us): 187391, 99.99th(us): 213247
UPDATE - Takes(s): 459.8, Count: 9930, OPS: 21.6, Avg(us): 107938, Min(us): 86784, Max(us): 225407, 50th(us): 107327, 90th(us): 116927, 95th(us): 120767, 99th(us): 128063, 99.9th(us): 139647, 99.99th(us): 225407
READ   - Takes(s): 469.8, Count: 7683, OPS: 16.4, Avg(us): 124484, Min(us): 87040, Max(us): 202111, 50th(us): 117631, 90th(us): 155903, 95th(us): 162431, 99th(us): 176895, 99.9th(us): 191231, 99.99th(us): 199295
READ_ERROR - Takes(s): 469.7, Count: 2349, OPS: 5.0, Avg(us): 126763, Min(us): 89856, Max(us): 194687, 50th(us): 120767, 90th(us): 157951, 95th(us): 166271, 99th(us): 181503, 99.9th(us): 193919, 99.99th(us): 194687
TOTAL  - Takes(s): 469.8, Count: 17837, OPS: 38.0, Avg(us): 115028, Min(us): 86784, Max(us): 225407, 50th(us): 109375, 90th(us): 144511, 95th(us): 154623, 99th(us): 170239, 99.9th(us): 186239, 99.99th(us): 213247
UPDATE - Takes(s): 469.8, Count: 10154, OPS: 21.6, Avg(us): 107873, Min(us): 86784, Max(us): 225407, 50th(us): 107263, 90th(us): 116799, 95th(us): 120639, 99th(us): 128063, 99.9th(us): 139647, 99.99th(us): 225407
READ   - Takes(s): 479.8, Count: 7886, OPS: 16.4, Avg(us): 124344, Min(us): 87040, Max(us): 202111, 50th(us): 117247, 90th(us): 155903, 95th(us): 162431, 99th(us): 176895, 99.9th(us): 191231, 99.99th(us): 199295
READ_ERROR - Takes(s): 479.7, Count: 2374, OPS: 4.9, Avg(us): 126706, Min(us): 89856, Max(us): 194687, 50th(us): 120639, 90th(us): 157951, 95th(us): 166271, 99th(us): 180991, 99.9th(us): 193919, 99.99th(us): 194687
TOTAL  - Takes(s): 479.8, Count: 18258, OPS: 38.1, Avg(us): 114953, Min(us): 86784, Max(us): 225407, 50th(us): 109311, 90th(us): 144511, 95th(us): 154495, 99th(us): 170111, 99.9th(us): 186239, 99.99th(us): 213247
UPDATE - Takes(s): 479.8, Count: 10372, OPS: 21.6, Avg(us): 107813, Min(us): 86784, Max(us): 225407, 50th(us): 107199, 90th(us): 116735, 95th(us): 120575, 99th(us): 128063, 99.9th(us): 139647, 99.99th(us): 225407
READ   - Takes(s): 489.8, Count: 8089, OPS: 16.5, Avg(us): 124219, Min(us): 87040, Max(us): 202111, 50th(us): 116991, 90th(us): 155775, 95th(us): 162175, 99th(us): 176639, 99.9th(us): 191231, 99.99th(us): 199295
READ_ERROR - Takes(s): 489.7, Count: 2393, OPS: 4.9, Avg(us): 126604, Min(us): 89856, Max(us): 194687, 50th(us): 120511, 90th(us): 157823, 95th(us): 166143, 99th(us): 180991, 99.9th(us): 193919, 99.99th(us): 194687
TOTAL  - Takes(s): 489.8, Count: 18686, OPS: 38.2, Avg(us): 114871, Min(us): 86784, Max(us): 225407, 50th(us): 109247, 90th(us): 144383, 95th(us): 154495, 99th(us): 169983, 99.9th(us): 186239, 99.99th(us): 213247
UPDATE - Takes(s): 489.8, Count: 10597, OPS: 21.6, Avg(us): 107735, Min(us): 86784, Max(us): 225407, 50th(us): 107071, 90th(us): 116607, 95th(us): 120447, 99th(us): 127935, 99.9th(us): 139391, 99.99th(us): 225407
READ   - Takes(s): 499.8, Count: 8304, OPS: 16.6, Avg(us): 124220, Min(us): 87040, Max(us): 205695, 50th(us): 116991, 90th(us): 155775, 95th(us): 162175, 99th(us): 176639, 99.9th(us): 191615, 99.99th(us): 202111
READ_ERROR - Takes(s): 499.7, Count: 2413, OPS: 4.8, Avg(us): 126516, Min(us): 89856, Max(us): 194687, 50th(us): 120447, 90th(us): 157823, 95th(us): 166015, 99th(us): 180991, 99.9th(us): 193919, 99.99th(us): 194687
TOTAL  - Takes(s): 499.8, Count: 19097, OPS: 38.2, Avg(us): 114900, Min(us): 86784, Max(us): 225407, 50th(us): 109247, 90th(us): 144639, 95th(us): 154495, 99th(us): 169855, 99.9th(us): 186239, 99.99th(us): 213247
UPDATE - Takes(s): 499.8, Count: 10793, OPS: 21.6, Avg(us): 107729, Min(us): 86784, Max(us): 225407, 50th(us): 107135, 90th(us): 116607, 95th(us): 120383, 99th(us): 127935, 99.9th(us): 139647, 99.99th(us): 225407
READ   - Takes(s): 509.8, Count: 8494, OPS: 16.7, Avg(us): 124155, Min(us): 87040, Max(us): 205695, 50th(us): 116863, 90th(us): 155775, 95th(us): 162047, 99th(us): 176383, 99.9th(us): 191615, 99.99th(us): 202111
READ_ERROR - Takes(s): 509.7, Count: 2426, OPS: 4.8, Avg(us): 126498, Min(us): 89856, Max(us): 194687, 50th(us): 120383, 90th(us): 157695, 95th(us): 166015, 99th(us): 180991, 99.9th(us): 193919, 99.99th(us): 194687
TOTAL  - Takes(s): 509.8, Count: 19526, OPS: 38.3, Avg(us): 114857, Min(us): 86784, Max(us): 225407, 50th(us): 109247, 90th(us): 144639, 95th(us): 154495, 99th(us): 169727, 99.9th(us): 186239, 99.99th(us): 213247
UPDATE - Takes(s): 509.8, Count: 11032, OPS: 21.6, Avg(us): 107698, Min(us): 86784, Max(us): 225407, 50th(us): 107071, 90th(us): 116479, 95th(us): 120319, 99th(us): 127807, 99.9th(us): 139647, 99.99th(us): 225407
READ   - Takes(s): 519.8, Count: 8681, OPS: 16.7, Avg(us): 124089, Min(us): 87040, Max(us): 205695, 50th(us): 116735, 90th(us): 155647, 95th(us): 162047, 99th(us): 175871, 99.9th(us): 191231, 99.99th(us): 202111
READ_ERROR - Takes(s): 519.7, Count: 2453, OPS: 4.7, Avg(us): 126421, Min(us): 89856, Max(us): 194687, 50th(us): 120255, 90th(us): 157695, 95th(us): 165887, 99th(us): 180863, 99.9th(us): 193919, 99.99th(us): 194687
TOTAL  - Takes(s): 519.8, Count: 19940, OPS: 38.4, Avg(us): 114811, Min(us): 86784, Max(us): 225407, 50th(us): 109183, 90th(us): 144639, 95th(us): 154495, 99th(us): 169727, 99.9th(us): 186239, 99.99th(us): 213247
UPDATE - Takes(s): 519.8, Count: 11259, OPS: 21.7, Avg(us): 107658, Min(us): 86784, Max(us): 225407, 50th(us): 107007, 90th(us): 116415, 95th(us): 120191, 99th(us): 127807, 99.9th(us): 139647, 99.99th(us): 225407
READ   - Takes(s): 529.8, Count: 8892, OPS: 16.8, Avg(us): 124074, Min(us): 87040, Max(us): 205695, 50th(us): 116735, 90th(us): 155775, 95th(us): 162175, 99th(us): 175871, 99.9th(us): 191231, 99.99th(us): 202111
READ_ERROR - Takes(s): 529.7, Count: 2474, OPS: 4.7, Avg(us): 126392, Min(us): 89856, Max(us): 194687, 50th(us): 120191, 90th(us): 157695, 95th(us): 165887, 99th(us): 180863, 99.9th(us): 193919, 99.99th(us): 194687
TOTAL  - Takes(s): 529.8, Count: 20352, OPS: 38.4, Avg(us): 114814, Min(us): 86784, Max(us): 225407, 50th(us): 109183, 90th(us): 144767, 95th(us): 154495, 99th(us): 169727, 99.9th(us): 186239, 99.99th(us): 213247
UPDATE - Takes(s): 529.8, Count: 11460, OPS: 21.6, Avg(us): 107629, Min(us): 86784, Max(us): 225407, 50th(us): 107007, 90th(us): 116351, 95th(us): 120127, 99th(us): 127743, 99.9th(us): 139647, 99.99th(us): 225407
READ   - Takes(s): 539.8, Count: 9091, OPS: 16.8, Avg(us): 124045, Min(us): 87040, Max(us): 205695, 50th(us): 116607, 90th(us): 155903, 95th(us): 162303, 99th(us): 175871, 99.9th(us): 191231, 99.99th(us): 202111
READ_ERROR - Takes(s): 539.7, Count: 2490, OPS: 4.6, Avg(us): 126359, Min(us): 89856, Max(us): 194687, 50th(us): 120063, 90th(us): 157567, 95th(us): 165887, 99th(us): 180863, 99.9th(us): 193919, 99.99th(us): 194687
TOTAL  - Takes(s): 539.8, Count: 20773, OPS: 38.5, Avg(us): 114802, Min(us): 86784, Max(us): 225407, 50th(us): 109183, 90th(us): 144767, 95th(us): 154623, 99th(us): 169855, 99.9th(us): 185855, 99.99th(us): 213247
UPDATE - Takes(s): 539.8, Count: 11682, OPS: 21.6, Avg(us): 107609, Min(us): 86784, Max(us): 225407, 50th(us): 106943, 90th(us): 116415, 95th(us): 120191, 99th(us): 127743, 99.9th(us): 139391, 99.99th(us): 225407
READ   - Takes(s): 549.8, Count: 9282, OPS: 16.9, Avg(us): 124047, Min(us): 87040, Max(us): 205695, 50th(us): 116607, 90th(us): 155903, 95th(us): 162431, 99th(us): 176383, 99.9th(us): 191231, 99.99th(us): 202111
READ_ERROR - Takes(s): 549.7, Count: 2512, OPS: 4.6, Avg(us): 126379, Min(us): 89856, Max(us): 194687, 50th(us): 120191, 90th(us): 157567, 95th(us): 165887, 99th(us): 180991, 99.9th(us): 193023, 99.99th(us): 194687
TOTAL  - Takes(s): 549.8, Count: 21180, OPS: 38.5, Avg(us): 114824, Min(us): 86784, Max(us): 225407, 50th(us): 109183, 90th(us): 144767, 95th(us): 154623, 99th(us): 169983, 99.9th(us): 186239, 99.99th(us): 213247
UPDATE - Takes(s): 549.8, Count: 11898, OPS: 21.6, Avg(us): 107630, Min(us): 86784, Max(us): 225407, 50th(us): 106943, 90th(us): 116415, 95th(us): 120255, 99th(us): 127807, 99.9th(us): 139391, 99.99th(us): 225407
READ   - Takes(s): 559.8, Count: 9484, OPS: 16.9, Avg(us): 124082, Min(us): 87040, Max(us): 205695, 50th(us): 116607, 90th(us): 155903, 95th(us): 162431, 99th(us): 176639, 99.9th(us): 191231, 99.99th(us): 202111
READ_ERROR - Takes(s): 559.7, Count: 2527, OPS: 4.5, Avg(us): 126399, Min(us): 89856, Max(us): 194687, 50th(us): 120191, 90th(us): 157695, 95th(us): 165887, 99th(us): 180991, 99.9th(us): 193023, 99.99th(us): 194687
TOTAL  - Takes(s): 559.8, Count: 21594, OPS: 38.6, Avg(us): 114846, Min(us): 86784, Max(us): 225407, 50th(us): 109183, 90th(us): 144895, 95th(us): 154751, 99th(us): 170111, 99.9th(us): 186623, 99.99th(us): 213247
UPDATE - Takes(s): 559.8, Count: 12110, OPS: 21.6, Avg(us): 107612, Min(us): 86784, Max(us): 225407, 50th(us): 106943, 90th(us): 116415, 95th(us): 120191, 99th(us): 127743, 99.9th(us): 139391, 99.99th(us): 225407
READ   - Takes(s): 569.8, Count: 9689, OPS: 17.0, Avg(us): 124045, Min(us): 87040, Max(us): 205695, 50th(us): 116607, 90th(us): 155903, 95th(us): 162303, 99th(us): 176383, 99.9th(us): 189951, 99.99th(us): 202111
READ_ERROR - Takes(s): 569.7, Count: 2544, OPS: 4.5, Avg(us): 126364, Min(us): 89856, Max(us): 194687, 50th(us): 120063, 90th(us): 157567, 95th(us): 165887, 99th(us): 180991, 99.9th(us): 193023, 99.99th(us): 194687
TOTAL  - Takes(s): 569.8, Count: 22016, OPS: 38.6, Avg(us): 114826, Min(us): 86784, Max(us): 225407, 50th(us): 109183, 90th(us): 144767, 95th(us): 154751, 99th(us): 169983, 99.9th(us): 186623, 99.99th(us): 213247
UPDATE - Takes(s): 569.8, Count: 12327, OPS: 21.6, Avg(us): 107580, Min(us): 86784, Max(us): 225407, 50th(us): 106943, 90th(us): 116351, 95th(us): 120127, 99th(us): 127743, 99.9th(us): 139391, 99.99th(us): 225407
READ   - Takes(s): 579.8, Count: 9917, OPS: 17.1, Avg(us): 123941, Min(us): 87040, Max(us): 205695, 50th(us): 116479, 90th(us): 155647, 95th(us): 162175, 99th(us): 176127, 99.9th(us): 189951, 99.99th(us): 202111
READ_ERROR - Takes(s): 579.7, Count: 2560, OPS: 4.4, Avg(us): 126263, Min(us): 89856, Max(us): 194687, 50th(us): 119871, 90th(us): 157439, 95th(us): 165759, 99th(us): 180863, 99.9th(us): 193023, 99.99th(us): 194687
TOTAL  - Takes(s): 579.8, Count: 22444, OPS: 38.7, Avg(us): 114780, Min(us): 86784, Max(us): 225407, 50th(us): 109119, 90th(us): 144895, 95th(us): 154623, 99th(us): 169855, 99.9th(us): 186623, 99.99th(us): 213247
UPDATE - Takes(s): 579.8, Count: 12527, OPS: 21.6, Avg(us): 107528, Min(us): 86784, Max(us): 225407, 50th(us): 106879, 90th(us): 116287, 95th(us): 120063, 99th(us): 127551, 99.9th(us): 139391, 99.99th(us): 225407
READ   - Takes(s): 589.8, Count: 10108, OPS: 17.1, Avg(us): 123914, Min(us): 87040, Max(us): 205695, 50th(us): 116415, 90th(us): 155647, 95th(us): 162047, 99th(us): 176127, 99.9th(us): 190975, 99.99th(us): 202111
READ_ERROR - Takes(s): 589.7, Count: 2575, OPS: 4.4, Avg(us): 126232, Min(us): 89856, Max(us): 194687, 50th(us): 119807, 90th(us): 157439, 95th(us): 165631, 99th(us): 180863, 99.9th(us): 193023, 99.99th(us): 194687
TOTAL  - Takes(s): 589.8, Count: 22865, OPS: 38.8, Avg(us): 114778, Min(us): 86784, Max(us): 225407, 50th(us): 109119, 90th(us): 144895, 95th(us): 154623, 99th(us): 169727, 99.9th(us): 186623, 99.99th(us): 213247
UPDATE - Takes(s): 589.8, Count: 12757, OPS: 21.6, Avg(us): 107539, Min(us): 86784, Max(us): 225407, 50th(us): 106879, 90th(us): 116287, 95th(us): 120063, 99th(us): 127487, 99.9th(us): 139391, 99.99th(us): 225407
READ   - Takes(s): 599.8, Count: 10315, OPS: 17.2, Avg(us): 123880, Min(us): 87040, Max(us): 205695, 50th(us): 116415, 90th(us): 155647, 95th(us): 162047, 99th(us): 175871, 99.9th(us): 190975, 99.99th(us): 202111
READ_ERROR - Takes(s): 599.7, Count: 2591, OPS: 4.3, Avg(us): 126225, Min(us): 89856, Max(us): 194687, 50th(us): 119743, 90th(us): 157439, 95th(us): 165631, 99th(us): 180863, 99.9th(us): 193023, 99.99th(us): 194687
TOTAL  - Takes(s): 599.8, Count: 23286, OPS: 38.8, Avg(us): 114767, Min(us): 86784, Max(us): 225407, 50th(us): 109119, 90th(us): 144895, 95th(us): 154623, 99th(us): 169727, 99.9th(us): 186623, 99.99th(us): 213247
UPDATE - Takes(s): 599.8, Count: 12971, OPS: 21.6, Avg(us): 107520, Min(us): 86784, Max(us): 225407, 50th(us): 106879, 90th(us): 116223, 95th(us): 119999, 99th(us): 127423, 99.9th(us): 139391, 99.99th(us): 225407
READ   - Takes(s): 609.8, Count: 10516, OPS: 17.2, Avg(us): 123876, Min(us): 87040, Max(us): 205695, 50th(us): 116351, 90th(us): 155647, 95th(us): 162047, 99th(us): 175871, 99.9th(us): 189951, 99.99th(us): 202111
READ_ERROR - Takes(s): 609.7, Count: 2612, OPS: 4.3, Avg(us): 126181, Min(us): 89856, Max(us): 194687, 50th(us): 119679, 90th(us): 157439, 95th(us): 165503, 99th(us): 180863, 99.9th(us): 193023, 99.99th(us): 194687
TOTAL  - Takes(s): 609.8, Count: 23695, OPS: 38.9, Avg(us): 114782, Min(us): 86784, Max(us): 225407, 50th(us): 109119, 90th(us): 145023, 95th(us): 154623, 99th(us): 169727, 99.9th(us): 186239, 99.99th(us): 213247
UPDATE - Takes(s): 609.8, Count: 13179, OPS: 21.6, Avg(us): 107525, Min(us): 86784, Max(us): 225407, 50th(us): 106879, 90th(us): 116223, 95th(us): 119999, 99th(us): 127487, 99.9th(us): 139391, 99.99th(us): 225407
READ   - Takes(s): 619.8, Count: 10718, OPS: 17.3, Avg(us): 123799, Min(us): 87040, Max(us): 205695, 50th(us): 116223, 90th(us): 155647, 95th(us): 162047, 99th(us): 175871, 99.9th(us): 189951, 99.99th(us): 202111
READ_ERROR - Takes(s): 619.7, Count: 2630, OPS: 4.2, Avg(us): 126167, Min(us): 89856, Max(us): 194687, 50th(us): 119679, 90th(us): 157439, 95th(us): 165631, 99th(us): 180991, 99.9th(us): 193023, 99.99th(us): 194687
TOTAL  - Takes(s): 619.8, Count: 24121, OPS: 38.9, Avg(us): 114741, Min(us): 86784, Max(us): 225407, 50th(us): 109055, 90th(us): 144895, 95th(us): 154623, 99th(us): 169727, 99.9th(us): 186239, 99.99th(us): 213247
UPDATE - Takes(s): 619.8, Count: 13403, OPS: 21.6, Avg(us): 107498, Min(us): 86784, Max(us): 225407, 50th(us): 106879, 90th(us): 116159, 95th(us): 119935, 99th(us): 127423, 99.9th(us): 139391, 99.99th(us): 225407
READ   - Takes(s): 629.8, Count: 10931, OPS: 17.4, Avg(us): 123765, Min(us): 87040, Max(us): 205695, 50th(us): 116159, 90th(us): 155647, 95th(us): 161919, 99th(us): 175871, 99.9th(us): 189951, 99.99th(us): 202111
READ_ERROR - Takes(s): 629.7, Count: 2637, OPS: 4.2, Avg(us): 126161, Min(us): 89856, Max(us): 194687, 50th(us): 119679, 90th(us): 157439, 95th(us): 165503, 99th(us): 180991, 99.9th(us): 193023, 99.99th(us): 194687
TOTAL  - Takes(s): 629.8, Count: 24549, OPS: 39.0, Avg(us): 114741, Min(us): 86784, Max(us): 225407, 50th(us): 109055, 90th(us): 144895, 95th(us): 154495, 99th(us): 169599, 99.9th(us): 186239, 99.99th(us): 213247
UPDATE - Takes(s): 629.8, Count: 13618, OPS: 21.6, Avg(us): 107498, Min(us): 86784, Max(us): 225407, 50th(us): 106879, 90th(us): 116159, 95th(us): 119871, 99th(us): 127423, 99.9th(us): 139263, 99.99th(us): 225407
READ   - Takes(s): 639.8, Count: 11126, OPS: 17.4, Avg(us): 123697, Min(us): 87040, Max(us): 205695, 50th(us): 116095, 90th(us): 155519, 95th(us): 161791, 99th(us): 175743, 99.9th(us): 190207, 99.99th(us): 202111
READ_ERROR - Takes(s): 639.7, Count: 2648, OPS: 4.1, Avg(us): 126150, Min(us): 89856, Max(us): 194687, 50th(us): 119679, 90th(us): 157439, 95th(us): 165503, 99th(us): 180991, 99.9th(us): 193023, 99.99th(us): 194687
TOTAL  - Takes(s): 639.8, Count: 24985, OPS: 39.1, Avg(us): 114689, Min(us): 86784, Max(us): 225407, 50th(us): 109055, 90th(us): 144895, 95th(us): 154495, 99th(us): 169471, 99.9th(us): 186239, 99.99th(us): 213247
UPDATE - Takes(s): 639.8, Count: 13859, OPS: 21.7, Avg(us): 107458, Min(us): 86784, Max(us): 225407, 50th(us): 106815, 90th(us): 116095, 95th(us): 119871, 99th(us): 127295, 99.9th(us): 139263, 99.99th(us): 225407
READ   - Takes(s): 649.8, Count: 11328, OPS: 17.4, Avg(us): 123694, Min(us): 87040, Max(us): 205695, 50th(us): 116095, 90th(us): 155519, 95th(us): 161663, 99th(us): 175615, 99.9th(us): 190207, 99.99th(us): 202111
READ_ERROR - Takes(s): 649.7, Count: 2657, OPS: 4.1, Avg(us): 126121, Min(us): 89856, Max(us): 194687, 50th(us): 119679, 90th(us): 157439, 95th(us): 165503, 99th(us): 180863, 99.9th(us): 193023, 99.99th(us): 194687
TOTAL  - Takes(s): 649.8, Count: 25413, OPS: 39.1, Avg(us): 114680, Min(us): 86784, Max(us): 225407, 50th(us): 108991, 90th(us): 144895, 95th(us): 154367, 99th(us): 169471, 99.9th(us): 186239, 99.99th(us): 205695
UPDATE - Takes(s): 649.8, Count: 14085, OPS: 21.7, Avg(us): 107431, Min(us): 86784, Max(us): 225407, 50th(us): 106751, 90th(us): 116095, 95th(us): 119871, 99th(us): 127295, 99.9th(us): 139263, 99.99th(us): 225407
READ   - Takes(s): 659.8, Count: 11548, OPS: 17.5, Avg(us): 123687, Min(us): 87040, Max(us): 205695, 50th(us): 116095, 90th(us): 155391, 95th(us): 161535, 99th(us): 175615, 99.9th(us): 189951, 99.99th(us): 202111
READ_ERROR - Takes(s): 659.7, Count: 2677, OPS: 4.1, Avg(us): 126096, Min(us): 88896, Max(us): 194687, 50th(us): 119679, 90th(us): 157183, 95th(us): 165503, 99th(us): 180863, 99.9th(us): 193023, 99.99th(us): 194687
TOTAL  - Takes(s): 659.8, Count: 25834, OPS: 39.2, Avg(us): 114650, Min(us): 86784, Max(us): 225407, 50th(us): 108927, 90th(us): 144895, 95th(us): 154367, 99th(us): 169343, 99.9th(us): 186239, 99.99th(us): 205695
UPDATE - Takes(s): 659.8, Count: 14286, OPS: 21.7, Avg(us): 107345, Min(us): 86784, Max(us): 225407, 50th(us): 106687, 90th(us): 116031, 95th(us): 119807, 99th(us): 127295, 99.9th(us): 139263, 99.99th(us): 225407
READ   - Takes(s): 669.8, Count: 11761, OPS: 17.6, Avg(us): 123636, Min(us): 87040, Max(us): 205695, 50th(us): 116031, 90th(us): 155391, 95th(us): 161407, 99th(us): 175487, 99.9th(us): 189951, 99.99th(us): 202111
READ_ERROR - Takes(s): 669.7, Count: 2691, OPS: 4.0, Avg(us): 126097, Min(us): 88896, Max(us): 194687, 50th(us): 119679, 90th(us): 157183, 95th(us): 165503, 99th(us): 180863, 99.9th(us): 193023, 99.99th(us): 194687
TOTAL  - Takes(s): 669.8, Count: 26264, OPS: 39.2, Avg(us): 114607, Min(us): 86784, Max(us): 225407, 50th(us): 108927, 90th(us): 144895, 95th(us): 154367, 99th(us): 169215, 99.9th(us): 186239, 99.99th(us): 205695
UPDATE - Takes(s): 669.8, Count: 14503, OPS: 21.7, Avg(us): 107285, Min(us): 86784, Max(us): 225407, 50th(us): 106623, 90th(us): 116031, 95th(us): 119743, 99th(us): 127167, 99.9th(us): 139007, 99.99th(us): 225407
READ   - Takes(s): 679.8, Count: 11970, OPS: 17.6, Avg(us): 123627, Min(us): 87040, Max(us): 205695, 50th(us): 116031, 90th(us): 155263, 95th(us): 161279, 99th(us): 175359, 99.9th(us): 189951, 99.99th(us): 202111
READ_ERROR - Takes(s): 679.7, Count: 2704, OPS: 4.0, Avg(us): 126062, Min(us): 88896, Max(us): 194687, 50th(us): 119679, 90th(us): 157183, 95th(us): 165503, 99th(us): 180863, 99.9th(us): 193023, 99.99th(us): 194687
TOTAL  - Takes(s): 679.8, Count: 26695, OPS: 39.3, Avg(us): 114568, Min(us): 86784, Max(us): 225407, 50th(us): 108863, 90th(us): 144895, 95th(us): 154239, 99th(us): 168831, 99.9th(us): 186111, 99.99th(us): 205695
UPDATE - Takes(s): 679.8, Count: 14725, OPS: 21.7, Avg(us): 107204, Min(us): 86784, Max(us): 225407, 50th(us): 106559, 90th(us): 115967, 95th(us): 119679, 99th(us): 127103, 99.9th(us): 139007, 99.99th(us): 225407
READ   - Takes(s): 689.8, Count: 12184, OPS: 17.7, Avg(us): 123609, Min(us): 87040, Max(us): 205695, 50th(us): 116031, 90th(us): 155263, 95th(us): 161279, 99th(us): 175359, 99.9th(us): 189951, 99.99th(us): 202111
READ_ERROR - Takes(s): 689.7, Count: 2719, OPS: 3.9, Avg(us): 126064, Min(us): 88896, Max(us): 194687, 50th(us): 119679, 90th(us): 157183, 95th(us): 165247, 99th(us): 180863, 99.9th(us): 193023, 99.99th(us): 194687
TOTAL  - Takes(s): 689.8, Count: 27118, OPS: 39.3, Avg(us): 114555, Min(us): 86784, Max(us): 225407, 50th(us): 108799, 90th(us): 144895, 95th(us): 154111, 99th(us): 168831, 99.9th(us): 186111, 99.99th(us): 205695
UPDATE - Takes(s): 689.8, Count: 14934, OPS: 21.6, Avg(us): 107169, Min(us): 86784, Max(us): 225407, 50th(us): 106495, 90th(us): 115903, 95th(us): 119615, 99th(us): 127167, 99.9th(us): 139007, 99.99th(us): 225407
READ   - Takes(s): 699.8, Count: 12397, OPS: 17.7, Avg(us): 123599, Min(us): 87040, Max(us): 205695, 50th(us): 116031, 90th(us): 155135, 95th(us): 161151, 99th(us): 175359, 99.9th(us): 189951, 99.99th(us): 202111
READ_ERROR - Takes(s): 699.7, Count: 2737, OPS: 3.9, Avg(us): 126053, Min(us): 88896, Max(us): 194687, 50th(us): 119679, 90th(us): 157183, 95th(us): 165119, 99th(us): 180863, 99.9th(us): 193023, 99.99th(us): 194687
TOTAL  - Takes(s): 699.8, Count: 27538, OPS: 39.4, Avg(us): 114544, Min(us): 86784, Max(us): 225407, 50th(us): 108735, 90th(us): 145023, 95th(us): 154111, 99th(us): 168831, 99.9th(us): 185855, 99.99th(us): 205695
UPDATE - Takes(s): 699.8, Count: 15141, OPS: 21.6, Avg(us): 107131, Min(us): 86784, Max(us): 225407, 50th(us): 106495, 90th(us): 115839, 95th(us): 119551, 99th(us): 127103, 99.9th(us): 139007, 99.99th(us): 213247
READ   - Takes(s): 709.8, Count: 12616, OPS: 17.8, Avg(us): 123610, Min(us): 87040, Max(us): 205695, 50th(us): 116031, 90th(us): 155007, 95th(us): 161151, 99th(us): 175231, 99.9th(us): 189951, 99.99th(us): 202111
READ_ERROR - Takes(s): 709.7, Count: 2753, OPS: 3.9, Avg(us): 126017, Min(us): 88896, Max(us): 194687, 50th(us): 119679, 90th(us): 157183, 95th(us): 165119, 99th(us): 180607, 99.9th(us): 193023, 99.99th(us): 194687
TOTAL  - Takes(s): 709.8, Count: 27953, OPS: 39.4, Avg(us): 114561, Min(us): 86784, Max(us): 225407, 50th(us): 108735, 90th(us): 145151, 95th(us): 154111, 99th(us): 168703, 99.9th(us): 185855, 99.99th(us): 205695
UPDATE - Takes(s): 709.8, Count: 15337, OPS: 21.6, Avg(us): 107118, Min(us): 86784, Max(us): 225407, 50th(us): 106495, 90th(us): 115839, 95th(us): 119551, 99th(us): 127039, 99.9th(us): 139007, 99.99th(us): 213247
READ   - Takes(s): 719.8, Count: 12807, OPS: 17.8, Avg(us): 123588, Min(us): 87040, Max(us): 205695, 50th(us): 116031, 90th(us): 155007, 95th(us): 161023, 99th(us): 175103, 99.9th(us): 189951, 99.99th(us): 202111
READ_ERROR - Takes(s): 719.7, Count: 2771, OPS: 3.9, Avg(us): 125932, Min(us): 88896, Max(us): 194687, 50th(us): 119423, 90th(us): 157183, 95th(us): 164735, 99th(us): 180607, 99.9th(us): 193023, 99.99th(us): 194687
TOTAL  - Takes(s): 719.8, Count: 28381, OPS: 39.4, Avg(us): 114528, Min(us): 86784, Max(us): 225407, 50th(us): 108735, 90th(us): 145151, 95th(us): 153983, 99th(us): 168447, 99.9th(us): 185855, 99.99th(us): 205695
UPDATE - Takes(s): 719.8, Count: 15574, OPS: 21.6, Avg(us): 107078, Min(us): 86784, Max(us): 225407, 50th(us): 106431, 90th(us): 115775, 95th(us): 119487, 99th(us): 126975, 99.9th(us): 137599, 99.99th(us): 213247
READ   - Takes(s): 729.8, Count: 12995, OPS: 17.8, Avg(us): 123534, Min(us): 87040, Max(us): 205695, 50th(us): 116031, 90th(us): 154879, 95th(us): 160895, 99th(us): 174975, 99.9th(us): 189951, 99.99th(us): 202111
READ_ERROR - Takes(s): 729.7, Count: 2790, OPS: 3.8, Avg(us): 125913, Min(us): 88896, Max(us): 194687, 50th(us): 119423, 90th(us): 157055, 95th(us): 164735, 99th(us): 180607, 99.9th(us): 193023, 99.99th(us): 194687
TOTAL  - Takes(s): 729.8, Count: 28812, OPS: 39.5, Avg(us): 114471, Min(us): 86784, Max(us): 225407, 50th(us): 108671, 90th(us): 145023, 95th(us): 153855, 99th(us): 168447, 99.9th(us): 185855, 99.99th(us): 205695
UPDATE - Takes(s): 729.8, Count: 15817, OPS: 21.7, Avg(us): 107025, Min(us): 86784, Max(us): 225407, 50th(us): 106367, 90th(us): 115775, 95th(us): 119487, 99th(us): 126975, 99.9th(us): 137599, 99.99th(us): 213247
READ   - Takes(s): 739.8, Count: 13218, OPS: 17.9, Avg(us): 123446, Min(us): 87040, Max(us): 205695, 50th(us): 115903, 90th(us): 154751, 95th(us): 160639, 99th(us): 174719, 99.9th(us): 189951, 99.99th(us): 202111
READ_ERROR - Takes(s): 739.7, Count: 2798, OPS: 3.8, Avg(us): 125901, Min(us): 88896, Max(us): 194687, 50th(us): 119423, 90th(us): 157055, 95th(us): 164735, 99th(us): 180607, 99.9th(us): 193023, 99.99th(us): 194687
TOTAL  - Takes(s): 739.8, Count: 29253, OPS: 39.5, Avg(us): 114418, Min(us): 86784, Max(us): 225407, 50th(us): 108607, 90th(us): 145023, 95th(us): 153855, 99th(us): 168191, 99.9th(us): 185855, 99.99th(us): 205695
UPDATE - Takes(s): 739.8, Count: 16035, OPS: 21.7, Avg(us): 106976, Min(us): 86784, Max(us): 225407, 50th(us): 106303, 90th(us): 115647, 95th(us): 119423, 99th(us): 126847, 99.9th(us): 137599, 99.99th(us): 213247
READ   - Takes(s): 749.8, Count: 13436, OPS: 17.9, Avg(us): 123458, Min(us): 86784, Max(us): 205695, 50th(us): 115967, 90th(us): 154751, 95th(us): 160639, 99th(us): 174719, 99.9th(us): 189951, 99.99th(us): 202111
READ_ERROR - Takes(s): 749.7, Count: 2816, OPS: 3.8, Avg(us): 125843, Min(us): 88896, Max(us): 194687, 50th(us): 119359, 90th(us): 156927, 95th(us): 164735, 99th(us): 180607, 99.9th(us): 193023, 99.99th(us): 194687
TOTAL  - Takes(s): 749.8, Count: 29671, OPS: 39.6, Avg(us): 114417, Min(us): 86784, Max(us): 225407, 50th(us): 108543, 90th(us): 145023, 95th(us): 153727, 99th(us): 168063, 99.9th(us): 185727, 99.99th(us): 205695
UPDATE - Takes(s): 749.8, Count: 16235, OPS: 21.7, Avg(us): 106934, Min(us): 86784, Max(us): 225407, 50th(us): 106303, 90th(us): 115647, 95th(us): 119359, 99th(us): 126719, 99.9th(us): 137599, 99.99th(us): 213247
READ   - Takes(s): 759.8, Count: 13643, OPS: 18.0, Avg(us): 123496, Min(us): 86784, Max(us): 205695, 50th(us): 115967, 90th(us): 154751, 95th(us): 160639, 99th(us): 174719, 99.9th(us): 189695, 99.99th(us): 202111
READ_ERROR - Takes(s): 759.7, Count: 2830, OPS: 3.7, Avg(us): 125797, Min(us): 88896, Max(us): 194687, 50th(us): 119295, 90th(us): 156927, 95th(us): 164735, 99th(us): 180607, 99.9th(us): 193023, 99.99th(us): 194687
TOTAL  - Takes(s): 759.8, Count: 30084, OPS: 39.6, Avg(us): 114452, Min(us): 86784, Max(us): 225407, 50th(us): 108607, 90th(us): 145151, 95th(us): 153855, 99th(us): 168319, 99.9th(us): 185727, 99.99th(us): 205695
UPDATE - Takes(s): 759.8, Count: 16441, OPS: 21.6, Avg(us): 106947, Min(us): 86784, Max(us): 225407, 50th(us): 106303, 90th(us): 115647, 95th(us): 119423, 99th(us): 126975, 99.9th(us): 137599, 99.99th(us): 213247
READ   - Takes(s): 769.8, Count: 13871, OPS: 18.0, Avg(us): 123474, Min(us): 86784, Max(us): 205695, 50th(us): 115967, 90th(us): 154751, 95th(us): 160639, 99th(us): 174719, 99.9th(us): 189695, 99.99th(us): 202111
READ_ERROR - Takes(s): 769.7, Count: 2841, OPS: 3.7, Avg(us): 125771, Min(us): 88896, Max(us): 194687, 50th(us): 119295, 90th(us): 156799, 95th(us): 164607, 99th(us): 180607, 99.9th(us): 193023, 99.99th(us): 194687
TOTAL  - Takes(s): 769.8, Count: 30512, OPS: 39.6, Avg(us): 114449, Min(us): 86784, Max(us): 225407, 50th(us): 108543, 90th(us): 145151, 95th(us): 153855, 99th(us): 168319, 99.9th(us): 185599, 99.99th(us): 205695
UPDATE - Takes(s): 769.8, Count: 16641, OPS: 21.6, Avg(us): 106926, Min(us): 86784, Max(us): 225407, 50th(us): 106239, 90th(us): 115647, 95th(us): 119423, 99th(us): 126975, 99.9th(us): 137599, 99.99th(us): 213247
READ   - Takes(s): 779.8, Count: 14102, OPS: 18.1, Avg(us): 123435, Min(us): 86784, Max(us): 205695, 50th(us): 115967, 90th(us): 154495, 95th(us): 160511, 99th(us): 174463, 99.9th(us): 189695, 99.99th(us): 202111
READ_ERROR - Takes(s): 779.7, Count: 2847, OPS: 3.7, Avg(us): 125720, Min(us): 88896, Max(us): 194687, 50th(us): 119231, 90th(us): 156799, 95th(us): 164607, 99th(us): 180607, 99.9th(us): 193023, 99.99th(us): 194687
TOTAL  - Takes(s): 779.8, Count: 30950, OPS: 39.7, Avg(us): 114423, Min(us): 86784, Max(us): 225407, 50th(us): 108543, 90th(us): 145151, 95th(us): 153727, 99th(us): 168191, 99.9th(us): 185599, 99.99th(us): 205695
UPDATE - Takes(s): 779.8, Count: 16848, OPS: 21.6, Avg(us): 106879, Min(us): 86784, Max(us): 225407, 50th(us): 106239, 90th(us): 115647, 95th(us): 119359, 99th(us): 126847, 99.9th(us): 137599, 99.99th(us): 213247
READ   - Takes(s): 789.8, Count: 14303, OPS: 18.1, Avg(us): 123396, Min(us): 86784, Max(us): 205695, 50th(us): 115903, 90th(us): 154495, 95th(us): 160383, 99th(us): 174335, 99.9th(us): 189695, 99.99th(us): 202111
READ_ERROR - Takes(s): 789.7, Count: 2860, OPS: 3.6, Avg(us): 125728, Min(us): 88896, Max(us): 194687, 50th(us): 119295, 90th(us): 156799, 95th(us): 164607, 99th(us): 180607, 99.9th(us): 193023, 99.99th(us): 194687
TOTAL  - Takes(s): 789.8, Count: 31389, OPS: 39.7, Avg(us): 114368, Min(us): 86784, Max(us): 225407, 50th(us): 108479, 90th(us): 145151, 95th(us): 153599, 99th(us): 167935, 99.9th(us): 185599, 99.99th(us): 205695
UPDATE - Takes(s): 789.8, Count: 17086, OPS: 21.6, Avg(us): 106810, Min(us): 86784, Max(us): 225407, 50th(us): 106175, 90th(us): 115583, 95th(us): 119231, 99th(us): 126655, 99.9th(us): 137599, 99.99th(us): 213247
READ   - Takes(s): 799.8, Count: 14520, OPS: 18.2, Avg(us): 123365, Min(us): 86784, Max(us): 205695, 50th(us): 115839, 90th(us): 154239, 95th(us): 160383, 99th(us): 174207, 99.9th(us): 189567, 99.99th(us): 202111
READ_ERROR - Takes(s): 799.7, Count: 2874, OPS: 3.6, Avg(us): 125702, Min(us): 88896, Max(us): 194687, 50th(us): 119231, 90th(us): 156671, 95th(us): 164351, 99th(us): 180607, 99.9th(us): 193023, 99.99th(us): 194687
TOTAL  - Takes(s): 799.8, Count: 31821, OPS: 39.8, Avg(us): 114328, Min(us): 86784, Max(us): 225407, 50th(us): 108351, 90th(us): 145151, 95th(us): 153471, 99th(us): 167935, 99.9th(us): 185343, 99.99th(us): 205695
UPDATE - Takes(s): 799.8, Count: 17301, OPS: 21.6, Avg(us): 106743, Min(us): 86784, Max(us): 225407, 50th(us): 106047, 90th(us): 115519, 95th(us): 119167, 99th(us): 126655, 99.9th(us): 137599, 99.99th(us): 213247
READ   - Takes(s): 809.8, Count: 14711, OPS: 18.2, Avg(us): 123311, Min(us): 86784, Max(us): 205695, 50th(us): 115711, 90th(us): 154239, 95th(us): 160255, 99th(us): 174079, 99.9th(us): 189567, 99.99th(us): 202111
READ_ERROR - Takes(s): 809.7, Count: 2897, OPS: 3.6, Avg(us): 125659, Min(us): 88896, Max(us): 194687, 50th(us): 119295, 90th(us): 156543, 95th(us): 164351, 99th(us): 180607, 99.9th(us): 193023, 99.99th(us): 194687
TOTAL  - Takes(s): 809.8, Count: 32251, OPS: 39.8, Avg(us): 114267, Min(us): 86784, Max(us): 225407, 50th(us): 108287, 90th(us): 145151, 95th(us): 153343, 99th(us): 167807, 99.9th(us): 185343, 99.99th(us): 205695
UPDATE - Takes(s): 809.8, Count: 17540, OPS: 21.7, Avg(us): 106682, Min(us): 86784, Max(us): 225407, 50th(us): 105983, 90th(us): 115455, 95th(us): 119167, 99th(us): 126655, 99.9th(us): 137599, 99.99th(us): 213247
READ   - Takes(s): 819.8, Count: 14915, OPS: 18.2, Avg(us): 123253, Min(us): 86784, Max(us): 205695, 50th(us): 115647, 90th(us): 154111, 95th(us): 160127, 99th(us): 173951, 99.9th(us): 189567, 99.99th(us): 202111
READ_ERROR - Takes(s): 819.7, Count: 2907, OPS: 3.5, Avg(us): 125637, Min(us): 88896, Max(us): 194687, 50th(us): 119231, 90th(us): 156543, 95th(us): 164351, 99th(us): 180607, 99.9th(us): 193023, 99.99th(us): 194687
TOTAL  - Takes(s): 819.8, Count: 32695, OPS: 39.9, Avg(us): 114208, Min(us): 86784, Max(us): 225407, 50th(us): 108223, 90th(us): 145023, 95th(us): 153343, 99th(us): 167807, 99.9th(us): 185215, 99.99th(us): 205695
UPDATE - Takes(s): 819.8, Count: 17780, OPS: 21.7, Avg(us): 106620, Min(us): 86784, Max(us): 225407, 50th(us): 105919, 90th(us): 115391, 95th(us): 119039, 99th(us): 126591, 99.9th(us): 137599, 99.99th(us): 213247
READ   - Takes(s): 829.8, Count: 15128, OPS: 18.2, Avg(us): 123198, Min(us): 86784, Max(us): 205695, 50th(us): 115583, 90th(us): 153983, 95th(us): 159999, 99th(us): 173951, 99.9th(us): 189567, 99.99th(us): 199295
READ_ERROR - Takes(s): 829.7, Count: 2913, OPS: 3.5, Avg(us): 125606, Min(us): 88896, Max(us): 194687, 50th(us): 119167, 90th(us): 156543, 95th(us): 164351, 99th(us): 180607, 99.9th(us): 193023, 99.99th(us): 194687
TOTAL  - Takes(s): 829.8, Count: 33139, OPS: 39.9, Avg(us): 114167, Min(us): 86784, Max(us): 225407, 50th(us): 108159, 90th(us): 145023, 95th(us): 153215, 99th(us): 167551, 99.9th(us): 185215, 99.99th(us): 205695
UPDATE - Takes(s): 829.8, Count: 18011, OPS: 21.7, Avg(us): 106581, Min(us): 86784, Max(us): 225407, 50th(us): 105919, 90th(us): 115263, 95th(us): 118975, 99th(us): 126527, 99.9th(us): 137599, 99.99th(us): 213247
READ   - Takes(s): 839.8, Count: 15345, OPS: 18.3, Avg(us): 123229, Min(us): 86784, Max(us): 205695, 50th(us): 115647, 90th(us): 153983, 95th(us): 159999, 99th(us): 173823, 99.9th(us): 189567, 99.99th(us): 199295
READ_ERROR - Takes(s): 839.7, Count: 2931, OPS: 3.5, Avg(us): 125552, Min(us): 88896, Max(us): 194687, 50th(us): 119167, 90th(us): 156415, 95th(us): 164351, 99th(us): 180607, 99.9th(us): 193023, 99.99th(us): 194687
TOTAL  - Takes(s): 839.8, Count: 33560, OPS: 40.0, Avg(us): 114160, Min(us): 86784, Max(us): 225407, 50th(us): 108159, 90th(us): 145023, 95th(us): 153215, 99th(us): 167423, 99.9th(us): 184703, 99.99th(us): 205695
UPDATE - Takes(s): 839.8, Count: 18215, OPS: 21.7, Avg(us): 106520, Min(us): 86784, Max(us): 225407, 50th(us): 105855, 90th(us): 115199, 95th(us): 118911, 99th(us): 126463, 99.9th(us): 137599, 99.99th(us): 213247
READ   - Takes(s): 849.8, Count: 15575, OPS: 18.3, Avg(us): 123189, Min(us): 86784, Max(us): 205695, 50th(us): 115583, 90th(us): 153855, 95th(us): 159743, 99th(us): 173823, 99.9th(us): 189567, 99.99th(us): 199295
READ_ERROR - Takes(s): 849.7, Count: 2940, OPS: 3.5, Avg(us): 125562, Min(us): 88896, Max(us): 194687, 50th(us): 119167, 90th(us): 156415, 95th(us): 164351, 99th(us): 180607, 99.9th(us): 193023, 99.99th(us): 194687
TOTAL  - Takes(s): 849.8, Count: 33998, OPS: 40.0, Avg(us): 114125, Min(us): 86784, Max(us): 225407, 50th(us): 108095, 90th(us): 145023, 95th(us): 153087, 99th(us): 167423, 99.9th(us): 184703, 99.99th(us): 205695
UPDATE - Takes(s): 849.8, Count: 18423, OPS: 21.7, Avg(us): 106463, Min(us): 86784, Max(us): 225407, 50th(us): 105791, 90th(us): 115135, 95th(us): 118911, 99th(us): 126463, 99.9th(us): 137599, 99.99th(us): 213247
READ   - Takes(s): 859.8, Count: 15787, OPS: 18.4, Avg(us): 123157, Min(us): 86784, Max(us): 205695, 50th(us): 115583, 90th(us): 153727, 95th(us): 159743, 99th(us): 173695, 99.9th(us): 189567, 99.99th(us): 199295
READ_ERROR - Takes(s): 859.7, Count: 2945, OPS: 3.4, Avg(us): 125536, Min(us): 88896, Max(us): 194687, 50th(us): 119167, 90th(us): 156415, 95th(us): 164351, 99th(us): 180607, 99.9th(us): 193023, 99.99th(us): 194687
TOTAL  - Takes(s): 859.8, Count: 34445, OPS: 40.1, Avg(us): 114078, Min(us): 86784, Max(us): 225407, 50th(us): 108031, 90th(us): 145023, 95th(us): 153087, 99th(us): 167295, 99.9th(us): 184703, 99.99th(us): 205695
UPDATE - Takes(s): 859.8, Count: 18658, OPS: 21.7, Avg(us): 106396, Min(us): 86784, Max(us): 225407, 50th(us): 105727, 90th(us): 115071, 95th(us): 118783, 99th(us): 126335, 99.9th(us): 137087, 99.99th(us): 213247
READ   - Takes(s): 869.8, Count: 15988, OPS: 18.4, Avg(us): 123117, Min(us): 86784, Max(us): 205695, 50th(us): 115583, 90th(us): 153727, 95th(us): 159615, 99th(us): 173567, 99.9th(us): 189567, 99.99th(us): 199295
READ_ERROR - Takes(s): 869.7, Count: 2955, OPS: 3.4, Avg(us): 125506, Min(us): 88896, Max(us): 194687, 50th(us): 119167, 90th(us): 156415, 95th(us): 164223, 99th(us): 180479, 99.9th(us): 193023, 99.99th(us): 194687
TOTAL  - Takes(s): 869.8, Count: 34889, OPS: 40.1, Avg(us): 114029, Min(us): 86784, Max(us): 225407, 50th(us): 107967, 90th(us): 144895, 95th(us): 152959, 99th(us): 167167, 99.9th(us): 184703, 99.99th(us): 205695
UPDATE - Takes(s): 869.8, Count: 18901, OPS: 21.7, Avg(us): 106341, Min(us): 86784, Max(us): 225407, 50th(us): 105663, 90th(us): 115007, 95th(us): 118719, 99th(us): 126271, 99.9th(us): 137087, 99.99th(us): 213247
READ   - Takes(s): 879.8, Count: 16197, OPS: 18.4, Avg(us): 123106, Min(us): 86784, Max(us): 205695, 50th(us): 115583, 90th(us): 153599, 95th(us): 159487, 99th(us): 173439, 99.9th(us): 189567, 99.99th(us): 199295
READ_ERROR - Takes(s): 879.7, Count: 2962, OPS: 3.4, Avg(us): 125500, Min(us): 88896, Max(us): 194687, 50th(us): 119103, 90th(us): 156287, 95th(us): 164223, 99th(us): 180479, 99.9th(us): 193023, 99.99th(us): 194687
TOTAL  - Takes(s): 879.8, Count: 35331, OPS: 40.2, Avg(us): 113995, Min(us): 86784, Max(us): 225407, 50th(us): 107903, 90th(us): 144895, 95th(us): 152831, 99th(us): 167039, 99.9th(us): 184703, 99.99th(us): 203519
UPDATE - Takes(s): 879.8, Count: 19134, OPS: 21.7, Avg(us): 106284, Min(us): 86784, Max(us): 225407, 50th(us): 105599, 90th(us): 114943, 95th(us): 118655, 99th(us): 126207, 99.9th(us): 137087, 99.99th(us): 213247
READ   - Takes(s): 889.8, Count: 16394, OPS: 18.4, Avg(us): 123083, Min(us): 86784, Max(us): 205695, 50th(us): 115519, 90th(us): 153599, 95th(us): 159359, 99th(us): 173311, 99.9th(us): 189567, 99.99th(us): 199295
READ_ERROR - Takes(s): 889.7, Count: 2977, OPS: 3.3, Avg(us): 125458, Min(us): 88896, Max(us): 194687, 50th(us): 119039, 90th(us): 156159, 95th(us): 164095, 99th(us): 180479, 99.9th(us): 193023, 99.99th(us): 194687
TOTAL  - Takes(s): 889.8, Count: 35769, OPS: 40.2, Avg(us): 113948, Min(us): 86784, Max(us): 225407, 50th(us): 107839, 90th(us): 144895, 95th(us): 152831, 99th(us): 166911, 99.9th(us): 184447, 99.99th(us): 203519
UPDATE - Takes(s): 889.8, Count: 19375, OPS: 21.8, Avg(us): 106219, Min(us): 86784, Max(us): 225407, 50th(us): 105535, 90th(us): 114879, 95th(us): 118591, 99th(us): 126143, 99.9th(us): 137087, 99.99th(us): 213247
READ   - Takes(s): 899.8, Count: 16585, OPS: 18.4, Avg(us): 123004, Min(us): 86784, Max(us): 205695, 50th(us): 115455, 90th(us): 153471, 95th(us): 159231, 99th(us): 173311, 99.9th(us): 189439, 99.99th(us): 199295
READ_ERROR - Takes(s): 899.7, Count: 2987, OPS: 3.3, Avg(us): 125434, Min(us): 88896, Max(us): 194687, 50th(us): 119039, 90th(us): 156159, 95th(us): 164095, 99th(us): 180479, 99.9th(us): 193023, 99.99th(us): 194687
TOTAL  - Takes(s): 899.8, Count: 36222, OPS: 40.3, Avg(us): 113869, Min(us): 86784, Max(us): 225407, 50th(us): 107775, 90th(us): 144895, 95th(us): 152703, 99th(us): 166783, 99.9th(us): 184447, 99.99th(us): 203519
UPDATE - Takes(s): 899.8, Count: 19637, OPS: 21.8, Avg(us): 106153, Min(us): 86784, Max(us): 225407, 50th(us): 105471, 90th(us): 114815, 95th(us): 118527, 99th(us): 126143, 99.9th(us): 136959, 99.99th(us): 213247
READ   - Takes(s): 909.8, Count: 16764, OPS: 18.4, Avg(us): 122945, Min(us): 86784, Max(us): 205695, 50th(us): 115391, 90th(us): 153471, 95th(us): 159103, 99th(us): 173311, 99.9th(us): 189439, 99.99th(us): 199295
READ_ERROR - Takes(s): 909.7, Count: 3000, OPS: 3.3, Avg(us): 125408, Min(us): 88896, Max(us): 194687, 50th(us): 119039, 90th(us): 156159, 95th(us): 164095, 99th(us): 180479, 99.9th(us): 193023, 99.99th(us): 194687
TOTAL  - Takes(s): 909.8, Count: 36671, OPS: 40.3, Avg(us): 113796, Min(us): 86784, Max(us): 225407, 50th(us): 107711, 90th(us): 144767, 95th(us): 152703, 99th(us): 166783, 99.9th(us): 184319, 99.99th(us): 203519
UPDATE - Takes(s): 909.8, Count: 19907, OPS: 21.9, Avg(us): 106092, Min(us): 86784, Max(us): 225407, 50th(us): 105407, 90th(us): 114751, 95th(us): 118463, 99th(us): 126143, 99.9th(us): 136959, 99.99th(us): 213247
READ   - Takes(s): 919.8, Count: 16974, OPS: 18.5, Avg(us): 122929, Min(us): 86784, Max(us): 205695, 50th(us): 115327, 90th(us): 153343, 95th(us): 158975, 99th(us): 173183, 99.9th(us): 189439, 99.99th(us): 199295
READ_ERROR - Takes(s): 919.7, Count: 3015, OPS: 3.3, Avg(us): 125411, Min(us): 88896, Max(us): 194687, 50th(us): 119039, 90th(us): 156031, 95th(us): 163967, 99th(us): 180479, 99.9th(us): 193023, 99.99th(us): 194687
TOTAL  - Takes(s): 919.8, Count: 37104, OPS: 40.3, Avg(us): 113763, Min(us): 86784, Max(us): 225407, 50th(us): 107647, 90th(us): 144767, 95th(us): 152575, 99th(us): 166527, 99.9th(us): 184319, 99.99th(us): 203519
UPDATE - Takes(s): 919.8, Count: 20130, OPS: 21.9, Avg(us): 106033, Min(us): 86784, Max(us): 225407, 50th(us): 105343, 90th(us): 114687, 95th(us): 118399, 99th(us): 126079, 99.9th(us): 136959, 99.99th(us): 213247
READ   - Takes(s): 929.8, Count: 17202, OPS: 18.5, Avg(us): 122884, Min(us): 86784, Max(us): 205695, 50th(us): 115263, 90th(us): 153343, 95th(us): 158847, 99th(us): 173183, 99.9th(us): 189439, 99.99th(us): 199295
READ_ERROR - Takes(s): 929.7, Count: 3024, OPS: 3.3, Avg(us): 125390, Min(us): 88896, Max(us): 194687, 50th(us): 118975, 90th(us): 156031, 95th(us): 163967, 99th(us): 180479, 99.9th(us): 193023, 99.99th(us): 194687
TOTAL  - Takes(s): 929.8, Count: 37547, OPS: 40.4, Avg(us): 113726, Min(us): 86784, Max(us): 225407, 50th(us): 107583, 90th(us): 144767, 95th(us): 152575, 99th(us): 166399, 99.9th(us): 184191, 99.99th(us): 203519
UPDATE - Takes(s): 929.8, Count: 20345, OPS: 21.9, Avg(us): 105982, Min(us): 86784, Max(us): 225407, 50th(us): 105279, 90th(us): 114623, 95th(us): 118335, 99th(us): 126079, 99.9th(us): 136959, 99.99th(us): 213247
READ   - Takes(s): 939.8, Count: 17413, OPS: 18.5, Avg(us): 122890, Min(us): 86784, Max(us): 205695, 50th(us): 115327, 90th(us): 153215, 95th(us): 158847, 99th(us): 173055, 99.9th(us): 189439, 99.99th(us): 199295
READ_ERROR - Takes(s): 939.7, Count: 3040, OPS: 3.2, Avg(us): 125343, Min(us): 88896, Max(us): 194687, 50th(us): 118911, 90th(us): 156031, 95th(us): 163967, 99th(us): 180479, 99.9th(us): 193023, 99.99th(us): 194687
TOTAL  - Takes(s): 939.8, Count: 37977, OPS: 40.4, Avg(us): 113706, Min(us): 86784, Max(us): 225407, 50th(us): 107583, 90th(us): 144767, 95th(us): 152575, 99th(us): 166271, 99.9th(us): 184191, 99.99th(us): 203519
UPDATE - Takes(s): 939.8, Count: 20564, OPS: 21.9, Avg(us): 105929, Min(us): 86784, Max(us): 225407, 50th(us): 105215, 90th(us): 114559, 95th(us): 118271, 99th(us): 125951, 99.9th(us): 136703, 99.99th(us): 213247
READ   - Takes(s): 949.8, Count: 17647, OPS: 18.6, Avg(us): 122851, Min(us): 86784, Max(us): 205695, 50th(us): 115263, 90th(us): 153215, 95th(us): 158719, 99th(us): 173055, 99.9th(us): 188159, 99.99th(us): 199295
READ_ERROR - Takes(s): 949.7, Count: 3047, OPS: 3.2, Avg(us): 125356, Min(us): 88896, Max(us): 194687, 50th(us): 118975, 90th(us): 156031, 95th(us): 163967, 99th(us): 180479, 99.9th(us): 193023, 99.99th(us): 194687
TOTAL  - Takes(s): 949.8, Count: 38418, OPS: 40.4, Avg(us): 113677, Min(us): 86784, Max(us): 225407, 50th(us): 107519, 90th(us): 144767, 95th(us): 152447, 99th(us): 166143, 99.9th(us): 184191, 99.99th(us): 203519
UPDATE - Takes(s): 949.8, Count: 20771, OPS: 21.9, Avg(us): 105883, Min(us): 86784, Max(us): 225407, 50th(us): 105215, 90th(us): 114559, 95th(us): 118207, 99th(us): 125887, 99.9th(us): 136703, 99.99th(us): 213247
READ   - Takes(s): 959.8, Count: 17849, OPS: 18.6, Avg(us): 122798, Min(us): 86784, Max(us): 205695, 50th(us): 115199, 90th(us): 153087, 95th(us): 158719, 99th(us): 173055, 99.9th(us): 188159, 99.99th(us): 199295
READ_ERROR - Takes(s): 959.7, Count: 3057, OPS: 3.2, Avg(us): 125371, Min(us): 88896, Max(us): 194687, 50th(us): 119039, 90th(us): 156031, 95th(us): 163967, 99th(us): 180351, 99.9th(us): 193023, 99.99th(us): 194687
TOTAL  - Takes(s): 959.8, Count: 38865, OPS: 40.5, Avg(us): 113621, Min(us): 86784, Max(us): 225407, 50th(us): 107455, 90th(us): 144767, 95th(us): 152447, 99th(us): 165887, 99.9th(us): 183935, 99.99th(us): 203519
UPDATE - Takes(s): 959.8, Count: 21016, OPS: 21.9, Avg(us): 105827, Min(us): 86784, Max(us): 225407, 50th(us): 105151, 90th(us): 114495, 95th(us): 118143, 99th(us): 125823, 99.9th(us): 136703, 99.99th(us): 213247
READ   - Takes(s): 969.8, Count: 18050, OPS: 18.6, Avg(us): 122778, Min(us): 86784, Max(us): 205695, 50th(us): 115135, 90th(us): 153087, 95th(us): 158591, 99th(us): 172927, 99.9th(us): 188159, 99.99th(us): 199295
READ_ERROR - Takes(s): 969.7, Count: 3069, OPS: 3.2, Avg(us): 125339, Min(us): 88896, Max(us): 194687, 50th(us): 118975, 90th(us): 156031, 95th(us): 163967, 99th(us): 180351, 99.9th(us): 193023, 99.99th(us): 194687
TOTAL  - Takes(s): 969.8, Count: 39306, OPS: 40.5, Avg(us): 113581, Min(us): 86784, Max(us): 225407, 50th(us): 107391, 90th(us): 144767, 95th(us): 152447, 99th(us): 165887, 99.9th(us): 183935, 99.99th(us): 203519
UPDATE - Takes(s): 969.8, Count: 21256, OPS: 21.9, Avg(us): 105771, Min(us): 86784, Max(us): 225407, 50th(us): 105087, 90th(us): 114431, 95th(us): 118079, 99th(us): 125759, 99.9th(us): 136703, 99.99th(us): 213247
READ   - Takes(s): 979.8, Count: 18266, OPS: 18.6, Avg(us): 122784, Min(us): 86784, Max(us): 205695, 50th(us): 115199, 90th(us): 152959, 95th(us): 158335, 99th(us): 172799, 99.9th(us): 188159, 99.99th(us): 199295
READ_ERROR - Takes(s): 979.7, Count: 3082, OPS: 3.1, Avg(us): 125335, Min(us): 88896, Max(us): 194687, 50th(us): 118975, 90th(us): 156031, 95th(us): 163967, 99th(us): 180351, 99.9th(us): 193023, 99.99th(us): 194687
TOTAL  - Takes(s): 979.8, Count: 39738, OPS: 40.6, Avg(us): 113568, Min(us): 86784, Max(us): 225407, 50th(us): 107391, 90th(us): 144767, 95th(us): 152319, 99th(us): 165759, 99.9th(us): 183935, 99.99th(us): 203519
UPDATE - Takes(s): 979.8, Count: 21472, OPS: 21.9, Avg(us): 105729, Min(us): 86784, Max(us): 225407, 50th(us): 105023, 90th(us): 114367, 95th(us): 117951, 99th(us): 125759, 99.9th(us): 136703, 99.99th(us): 213247
READ   - Takes(s): 989.8, Count: 18484, OPS: 18.7, Avg(us): 122731, Min(us): 86784, Max(us): 205695, 50th(us): 115135, 90th(us): 152959, 95th(us): 158335, 99th(us): 172671, 99.9th(us): 188159, 99.99th(us): 199295
READ_ERROR - Takes(s): 989.7, Count: 3097, OPS: 3.1, Avg(us): 125330, Min(us): 88896, Max(us): 194687, 50th(us): 119039, 90th(us): 155903, 95th(us): 163967, 99th(us): 180351, 99.9th(us): 193023, 99.99th(us): 194687
TOTAL  - Takes(s): 989.8, Count: 40178, OPS: 40.6, Avg(us): 113522, Min(us): 86784, Max(us): 225407, 50th(us): 107327, 90th(us): 144639, 95th(us): 152319, 99th(us): 165759, 99.9th(us): 183935, 99.99th(us): 203519
UPDATE - Takes(s): 989.8, Count: 21694, OPS: 21.9, Avg(us): 105676, Min(us): 86784, Max(us): 225407, 50th(us): 104959, 90th(us): 114367, 95th(us): 117887, 99th(us): 125695, 99.9th(us): 136703, 99.99th(us): 213247
READ   - Takes(s): 999.8, Count: 18697, OPS: 18.7, Avg(us): 122704, Min(us): 86784, Max(us): 205695, 50th(us): 115135, 90th(us): 152831, 95th(us): 158207, 99th(us): 172671, 99.9th(us): 187391, 99.99th(us): 199295
READ_ERROR - Takes(s): 999.7, Count: 3107, OPS: 3.1, Avg(us): 125328, Min(us): 88896, Max(us): 194687, 50th(us): 119039, 90th(us): 155903, 95th(us): 163967, 99th(us): 180351, 99.9th(us): 193023, 99.99th(us): 194687
TOTAL  - Takes(s): 999.8, Count: 40619, OPS: 40.6, Avg(us): 113487, Min(us): 86784, Max(us): 225407, 50th(us): 107327, 90th(us): 144639, 95th(us): 152191, 99th(us): 165631, 99.9th(us): 183935, 99.99th(us): 203519
UPDATE - Takes(s): 999.8, Count: 21922, OPS: 21.9, Avg(us): 105627, Min(us): 86784, Max(us): 225407, 50th(us): 104959, 90th(us): 114303, 95th(us): 117887, 99th(us): 125695, 99.9th(us): 136703, 99.99th(us): 213247
READ   - Takes(s): 1009.8, Count: 18906, OPS: 18.7, Avg(us): 122683, Min(us): 86784, Max(us): 205695, 50th(us): 115135, 90th(us): 152831, 95th(us): 158079, 99th(us): 172415, 99.9th(us): 187391, 99.99th(us): 199295
READ_ERROR - Takes(s): 1009.7, Count: 3112, OPS: 3.1, Avg(us): 125337, Min(us): 88896, Max(us): 194687, 50th(us): 119039, 90th(us): 155903, 95th(us): 163711, 99th(us): 180351, 99.9th(us): 193023, 99.99th(us): 194687
TOTAL  - Takes(s): 1009.8, Count: 41066, OPS: 40.7, Avg(us): 113452, Min(us): 86784, Max(us): 225407, 50th(us): 107263, 90th(us): 144639, 95th(us): 152191, 99th(us): 165375, 99.9th(us): 183935, 99.99th(us): 203519
UPDATE - Takes(s): 1009.8, Count: 22160, OPS: 21.9, Avg(us): 105575, Min(us): 86784, Max(us): 225407, 50th(us): 104895, 90th(us): 114239, 95th(us): 117823, 99th(us): 125631, 99.9th(us): 136703, 99.99th(us): 213247
READ   - Takes(s): 1019.8, Count: 19141, OPS: 18.8, Avg(us): 122659, Min(us): 86784, Max(us): 205695, 50th(us): 115071, 90th(us): 152703, 95th(us): 157951, 99th(us): 172287, 99.9th(us): 187391, 99.99th(us): 199295
READ_ERROR - Takes(s): 1019.7, Count: 3116, OPS: 3.1, Avg(us): 125350, Min(us): 88896, Max(us): 194687, 50th(us): 119103, 90th(us): 155903, 95th(us): 163711, 99th(us): 180351, 99.9th(us): 193023, 99.99th(us): 194687
TOTAL  - Takes(s): 1019.8, Count: 41511, OPS: 40.7, Avg(us): 113430, Min(us): 86208, Max(us): 225407, 50th(us): 107199, 90th(us): 144639, 95th(us): 152063, 99th(us): 165375, 99.9th(us): 183807, 99.99th(us): 203519
UPDATE - Takes(s): 1019.8, Count: 22370, OPS: 21.9, Avg(us): 105533, Min(us): 86208, Max(us): 225407, 50th(us): 104831, 90th(us): 114239, 95th(us): 117823, 99th(us): 125567, 99.9th(us): 136703, 99.99th(us): 213247
READ   - Takes(s): 1029.8, Count: 19371, OPS: 18.8, Avg(us): 122640, Min(us): 86784, Max(us): 205695, 50th(us): 115071, 90th(us): 152703, 95th(us): 157951, 99th(us): 172287, 99.9th(us): 187391, 99.99th(us): 199295
READ_ERROR - Takes(s): 1029.7, Count: 3127, OPS: 3.0, Avg(us): 125349, Min(us): 88896, Max(us): 194687, 50th(us): 119167, 90th(us): 155903, 95th(us): 163711, 99th(us): 180351, 99.9th(us): 193023, 99.99th(us): 194687
TOTAL  - Takes(s): 1029.8, Count: 41947, OPS: 40.7, Avg(us): 113407, Min(us): 86208, Max(us): 225407, 50th(us): 107135, 90th(us): 144639, 95th(us): 152063, 99th(us): 165247, 99.9th(us): 183807, 99.99th(us): 203519
UPDATE - Takes(s): 1029.8, Count: 22576, OPS: 21.9, Avg(us): 105485, Min(us): 86208, Max(us): 225407, 50th(us): 104831, 90th(us): 114175, 95th(us): 117759, 99th(us): 125567, 99.9th(us): 136703, 99.99th(us): 213247
READ   - Takes(s): 1039.8, Count: 19572, OPS: 18.8, Avg(us): 122619, Min(us): 86784, Max(us): 205695, 50th(us): 115071, 90th(us): 152703, 95th(us): 157823, 99th(us): 172159, 99.9th(us): 186623, 99.99th(us): 199295
READ_ERROR - Takes(s): 1039.7, Count: 3142, OPS: 3.0, Avg(us): 125305, Min(us): 88896, Max(us): 194687, 50th(us): 119039, 90th(us): 155903, 95th(us): 163711, 99th(us): 180351, 99.9th(us): 193023, 99.99th(us): 194687
TOTAL  - Takes(s): 1039.8, Count: 42386, OPS: 40.8, Avg(us): 113371, Min(us): 85696, Max(us): 225407, 50th(us): 107135, 90th(us): 144639, 95th(us): 152063, 99th(us): 165119, 99.9th(us): 183807, 99.99th(us): 203519
UPDATE - Takes(s): 1039.8, Count: 22814, OPS: 21.9, Avg(us): 105438, Min(us): 85696, Max(us): 225407, 50th(us): 104767, 90th(us): 114111, 95th(us): 117631, 99th(us): 125503, 99.9th(us): 136703, 99.99th(us): 213247
READ   - Takes(s): 1049.8, Count: 19799, OPS: 18.9, Avg(us): 122603, Min(us): 86784, Max(us): 205695, 50th(us): 115071, 90th(us): 152575, 95th(us): 157823, 99th(us): 172159, 99.9th(us): 186623, 99.99th(us): 199295
READ_ERROR - Takes(s): 1049.7, Count: 3155, OPS: 3.0, Avg(us): 125331, Min(us): 88896, Max(us): 194687, 50th(us): 119167, 90th(us): 155903, 95th(us): 163711, 99th(us): 179967, 99.9th(us): 193023, 99.99th(us): 194687
TOTAL  - Takes(s): 1049.8, Count: 42820, OPS: 40.8, Avg(us): 113351, Min(us): 85696, Max(us): 225407, 50th(us): 107071, 90th(us): 144639, 95th(us): 151935, 99th(us): 164991, 99.9th(us): 183807, 99.99th(us): 203519
UPDATE - Takes(s): 1049.8, Count: 23021, OPS: 21.9, Avg(us): 105393, Min(us): 85696, Max(us): 225407, 50th(us): 104703, 90th(us): 114111, 95th(us): 117631, 99th(us): 125503, 99.9th(us): 136703, 99.99th(us): 213247
READ   - Takes(s): 1059.8, Count: 20003, OPS: 18.9, Avg(us): 122564, Min(us): 86784, Max(us): 205695, 50th(us): 115071, 90th(us): 152575, 95th(us): 157823, 99th(us): 171903, 99.9th(us): 186623, 99.99th(us): 199295
READ_ERROR - Takes(s): 1059.7, Count: 3166, OPS: 3.0, Avg(us): 125322, Min(us): 88896, Max(us): 194687, 50th(us): 119167, 90th(us): 155775, 95th(us): 163711, 99th(us): 179967, 99.9th(us): 193023, 99.99th(us): 194687
TOTAL  - Takes(s): 1059.8, Count: 43267, OPS: 40.8, Avg(us): 113306, Min(us): 85696, Max(us): 225407, 50th(us): 107007, 90th(us): 144511, 95th(us): 151935, 99th(us): 164863, 99.9th(us): 183807, 99.99th(us): 203519
UPDATE - Takes(s): 1059.8, Count: 23264, OPS: 22.0, Avg(us): 105346, Min(us): 85696, Max(us): 225407, 50th(us): 104639, 90th(us): 114047, 95th(us): 117567, 99th(us): 125439, 99.9th(us): 136703, 99.99th(us): 213247
READ   - Takes(s): 1069.8, Count: 20215, OPS: 18.9, Avg(us): 122538, Min(us): 86784, Max(us): 205695, 50th(us): 115007, 90th(us): 152575, 95th(us): 157695, 99th(us): 171775, 99.9th(us): 186623, 99.99th(us): 199295
READ_ERROR - Takes(s): 1069.7, Count: 3178, OPS: 3.0, Avg(us): 125359, Min(us): 88896, Max(us): 194687, 50th(us): 119295, 90th(us): 155775, 95th(us): 163583, 99th(us): 179967, 99.9th(us): 193023, 99.99th(us): 194687
TOTAL  - Takes(s): 1069.8, Count: 43706, OPS: 40.9, Avg(us): 113273, Min(us): 85696, Max(us): 225407, 50th(us): 107007, 90th(us): 144511, 95th(us): 151807, 99th(us): 164735, 99.9th(us): 183807, 99.99th(us): 203519
UPDATE - Takes(s): 1069.8, Count: 23491, OPS: 22.0, Avg(us): 105300, Min(us): 85696, Max(us): 225407, 50th(us): 104639, 90th(us): 113983, 95th(us): 117503, 99th(us): 125375, 99.9th(us): 136703, 99.99th(us): 213247
READ   - Takes(s): 1079.8, Count: 20448, OPS: 18.9, Avg(us): 122523, Min(us): 86784, Max(us): 205695, 50th(us): 115007, 90th(us): 152447, 95th(us): 157695, 99th(us): 171775, 99.9th(us): 186623, 99.99th(us): 199295
READ_ERROR - Takes(s): 1079.7, Count: 3187, OPS: 3.0, Avg(us): 125340, Min(us): 88896, Max(us): 194687, 50th(us): 119295, 90th(us): 155775, 95th(us): 163583, 99th(us): 179967, 99.9th(us): 193023, 99.99th(us): 194687
TOTAL  - Takes(s): 1079.8, Count: 44145, OPS: 40.9, Avg(us): 113255, Min(us): 85696, Max(us): 225407, 50th(us): 106943, 90th(us): 144511, 95th(us): 151807, 99th(us): 164607, 99.9th(us): 183807, 99.99th(us): 203519
UPDATE - Takes(s): 1079.8, Count: 23697, OPS: 21.9, Avg(us): 105259, Min(us): 85696, Max(us): 225407, 50th(us): 104575, 90th(us): 113983, 95th(us): 117439, 99th(us): 125311, 99.9th(us): 136575, 99.99th(us): 213247
READ   - Takes(s): 1089.8, Count: 20666, OPS: 19.0, Avg(us): 122497, Min(us): 86784, Max(us): 205695, 50th(us): 114943, 90th(us): 152447, 95th(us): 157567, 99th(us): 171647, 99.9th(us): 186239, 99.99th(us): 199295
READ_ERROR - Takes(s): 1089.7, Count: 3202, OPS: 2.9, Avg(us): 125304, Min(us): 88896, Max(us): 194687, 50th(us): 119167, 90th(us): 155775, 95th(us): 163455, 99th(us): 179967, 99.9th(us): 193023, 99.99th(us): 194687
TOTAL  - Takes(s): 1089.8, Count: 44582, OPS: 40.9, Avg(us): 113223, Min(us): 85696, Max(us): 225407, 50th(us): 106879, 90th(us): 144511, 95th(us): 151807, 99th(us): 164607, 99.9th(us): 183679, 99.99th(us): 203519
UPDATE - Takes(s): 1089.8, Count: 23916, OPS: 21.9, Avg(us): 105210, Min(us): 85696, Max(us): 225407, 50th(us): 104511, 90th(us): 113919, 95th(us): 117439, 99th(us): 125311, 99.9th(us): 136575, 99.99th(us): 213247
READ   - Takes(s): 1099.8, Count: 20894, OPS: 19.0, Avg(us): 122483, Min(us): 86784, Max(us): 205695, 50th(us): 114943, 90th(us): 152319, 95th(us): 157567, 99th(us): 171519, 99.9th(us): 186239, 99.99th(us): 199295
READ_ERROR - Takes(s): 1099.7, Count: 3215, OPS: 2.9, Avg(us): 125301, Min(us): 88896, Max(us): 194687, 50th(us): 119231, 90th(us): 155775, 95th(us): 163327, 99th(us): 179967, 99.9th(us): 193023, 99.99th(us): 194687
TOTAL  - Takes(s): 1099.8, Count: 45018, OPS: 40.9, Avg(us): 113204, Min(us): 85696, Max(us): 225407, 50th(us): 106879, 90th(us): 144511, 95th(us): 151807, 99th(us): 164607, 99.9th(us): 183679, 99.99th(us): 202111
UPDATE - Takes(s): 1099.8, Count: 24124, OPS: 21.9, Avg(us): 105167, Min(us): 85696, Max(us): 225407, 50th(us): 104511, 90th(us): 113855, 95th(us): 117375, 99th(us): 125247, 99.9th(us): 136575, 99.99th(us): 213247
READ   - Takes(s): 1109.8, Count: 21105, OPS: 19.0, Avg(us): 122474, Min(us): 85760, Max(us): 205695, 50th(us): 114943, 90th(us): 152319, 95th(us): 157439, 99th(us): 171391, 99.9th(us): 186239, 99.99th(us): 199295
READ_ERROR - Takes(s): 1109.7, Count: 3226, OPS: 2.9, Avg(us): 125277, Min(us): 88896, Max(us): 194687, 50th(us): 119167, 90th(us): 155647, 95th(us): 163327, 99th(us): 179967, 99.9th(us): 193023, 99.99th(us): 194687
TOTAL  - Takes(s): 1109.8, Count: 45460, OPS: 41.0, Avg(us): 113173, Min(us): 85696, Max(us): 225407, 50th(us): 106815, 90th(us): 144511, 95th(us): 151679, 99th(us): 164479, 99.9th(us): 183679, 99.99th(us): 202111
UPDATE - Takes(s): 1109.8, Count: 24355, OPS: 21.9, Avg(us): 105114, Min(us): 85696, Max(us): 225407, 50th(us): 104447, 90th(us): 113791, 95th(us): 117311, 99th(us): 125247, 99.9th(us): 136575, 99.99th(us): 213247
READ   - Takes(s): 1119.8, Count: 21312, OPS: 19.0, Avg(us): 122465, Min(us): 85760, Max(us): 205695, 50th(us): 114943, 90th(us): 152191, 95th(us): 157311, 99th(us): 171391, 99.9th(us): 186239, 99.99th(us): 199295
READ_ERROR - Takes(s): 1119.7, Count: 3239, OPS: 2.9, Avg(us): 125244, Min(us): 88896, Max(us): 194687, 50th(us): 119167, 90th(us): 155647, 95th(us): 163071, 99th(us): 179967, 99.9th(us): 193023, 99.99th(us): 194687
TOTAL  - Takes(s): 1119.8, Count: 45897, OPS: 41.0, Avg(us): 113152, Min(us): 85696, Max(us): 225407, 50th(us): 106815, 90th(us): 144511, 95th(us): 151679, 99th(us): 164351, 99.9th(us): 183423, 99.99th(us): 202111
UPDATE - Takes(s): 1119.8, Count: 24585, OPS: 22.0, Avg(us): 105078, Min(us): 85696, Max(us): 225407, 50th(us): 104383, 90th(us): 113727, 95th(us): 117247, 99th(us): 125183, 99.9th(us): 136319, 99.99th(us): 213247
READ   - Takes(s): 1129.8, Count: 21532, OPS: 19.1, Avg(us): 122437, Min(us): 85760, Max(us): 205695, 50th(us): 114879, 90th(us): 152191, 95th(us): 157311, 99th(us): 171263, 99.9th(us): 186239, 99.99th(us): 199295
READ_ERROR - Takes(s): 1129.7, Count: 3245, OPS: 2.9, Avg(us): 125243, Min(us): 88896, Max(us): 194687, 50th(us): 119167, 90th(us): 155647, 95th(us): 163071, 99th(us): 179967, 99.9th(us): 193023, 99.99th(us): 194687
TOTAL  - Takes(s): 1129.8, Count: 46345, OPS: 41.0, Avg(us): 113121, Min(us): 85696, Max(us): 225407, 50th(us): 106751, 90th(us): 144511, 95th(us): 151679, 99th(us): 164351, 99.9th(us): 183423, 99.99th(us): 202111
UPDATE - Takes(s): 1129.8, Count: 24813, OPS: 22.0, Avg(us): 105038, Min(us): 85696, Max(us): 225407, 50th(us): 104383, 90th(us): 113663, 95th(us): 117247, 99th(us): 125183, 99.9th(us): 136319, 99.99th(us): 213247
READ   - Takes(s): 1139.8, Count: 21718, OPS: 19.1, Avg(us): 122407, Min(us): 85760, Max(us): 205695, 50th(us): 114879, 90th(us): 152191, 95th(us): 157311, 99th(us): 171135, 99.9th(us): 186239, 99.99th(us): 199295
READ_ERROR - Takes(s): 1139.7, Count: 3251, OPS: 2.9, Avg(us): 125211, Min(us): 88896, Max(us): 194687, 50th(us): 119167, 90th(us): 155647, 95th(us): 163071, 99th(us): 179071, 99.9th(us): 193023, 99.99th(us): 194687
TOTAL  - Takes(s): 1139.8, Count: 46743, OPS: 41.0, Avg(us): 113085, Min(us): 84800, Max(us): 225407, 50th(us): 106687, 90th(us): 144511, 95th(us): 151551, 99th(us): 164351, 99.9th(us): 183295, 99.99th(us): 202111
UPDATE - Takes(s): 1139.8, Count: 25025, OPS: 22.0, Avg(us): 104996, Min(us): 84800, Max(us): 225407, 50th(us): 104319, 90th(us): 113663, 95th(us): 117183, 99th(us): 125119, 99.9th(us): 136319, 99.99th(us): 203519
**********************************************
Run finished, takes 19m0.57248423s
READ   - Takes(s): 1140.4, Count: 21720, OPS: 19.0, Avg(us): 122405, Min(us): 85760, Max(us): 205695, 50th(us): 114879, 90th(us): 152191, 95th(us): 157311, 99th(us): 171135, 99.9th(us): 186239, 99.99th(us): 199295
READ_ERROR - Takes(s): 1140.3, Count: 3251, OPS: 2.9, Avg(us): 125211, Min(us): 88896, Max(us): 194687, 50th(us): 119167, 90th(us): 155647, 95th(us): 163071, 99th(us): 179071, 99.9th(us): 193023, 99.99th(us): 194687
TOTAL  - Takes(s): 1140.4, Count: 46749, OPS: 41.0, Avg(us): 113084, Min(us): 84800, Max(us): 225407, 50th(us): 106687, 90th(us): 144511, 95th(us): 151551, 99th(us): 164351, 99.9th(us): 183295, 99.99th(us): 202111
UPDATE - Takes(s): 1140.4, Count: 25029, OPS: 21.9, Avg(us): 104995, Min(us): 84800, Max(us): 225407, 50th(us): 104319, 90th(us): 113663, 95th(us): 117183, 99th(us): 125119, 99.9th(us): 136319, 99.99th(us): 203519
