Now loading data using DB:  etcd
core
Using request distribution 'uniform' a keyrange of [0 99999]
***************** properties *****************
"workload"="core"
"operationcount"="50000"
"scanproportion"="0"
"insertproportion"="0"
"readallfields"="true"
"etcd.dial_timeout"="10s"
"requestdistribution"="uniform"
"command"="run"
"readproportion"="0.5"
"updateproportion"="0.5"
"threadcount"="5"
"etcd.endpoints"="192.168.37.14:2379"
"dotransactions"="true"
"recordcount"="100000"
"docollectingdata"="false"
**********************************************
READ   - Takes(s): 10.0, Count: 365, OPS: 36.6, Avg(us): 51599, Min(us): 22688, Max(us): 69567, 50th(us): 54655, 90th(us): 62559, 95th(us): 64639, 99th(us): 68095, 99.9th(us): 69567, 99.99th(us): 69567
READ_ERROR - Takes(s): 9.9, Count: 224, OPS: 22.6, Avg(us): 51130, Min(us): 19376, Max(us): 68031, 50th(us): 54079, 90th(us): 62527, 95th(us): 64063, 99th(us): 67583, 99.9th(us): 68031, 99.99th(us): 68031
TOTAL  - Takes(s): 10.0, Count: 1013, OPS: 101.5, Avg(us): 37927, Min(us): 19088, Max(us): 69567, 50th(us): 32543, 90th(us): 58751, 95th(us): 61119, 99th(us): 66239, 99.9th(us): 69247, 99.99th(us): 69567
UPDATE - Takes(s): 10.0, Count: 648, OPS: 64.9, Avg(us): 30226, Min(us): 19088, Max(us): 39935, 50th(us): 30127, 90th(us): 35231, 95th(us): 37023, 99th(us): 38271, 99.9th(us): 38623, 99.99th(us): 39935
READ   - Takes(s): 20.0, Count: 728, OPS: 36.4, Avg(us): 52176, Min(us): 22688, Max(us): 76735, 50th(us): 55647, 90th(us): 64063, 95th(us): 66111, 99th(us): 71487, 99.9th(us): 74559, 99.99th(us): 76735
READ_ERROR - Takes(s): 19.9, Count: 461, OPS: 23.2, Avg(us): 51829, Min(us): 19376, Max(us): 76991, 50th(us): 55231, 90th(us): 63487, 95th(us): 65471, 99th(us): 72447, 99.9th(us): 76991, 99.99th(us): 76991
TOTAL  - Takes(s): 20.0, Count: 1994, OPS: 99.8, Avg(us): 38116, Min(us): 19088, Max(us): 76735, 50th(us): 32591, 90th(us): 60255, 95th(us): 63103, 99th(us): 67903, 99.9th(us): 72511, 99.99th(us): 76735
UPDATE - Takes(s): 20.0, Count: 1266, OPS: 63.4, Avg(us): 30030, Min(us): 19088, Max(us): 41791, 50th(us): 29663, 90th(us): 35103, 95th(us): 36223, 99th(us): 37887, 99.9th(us): 41759, 99.99th(us): 41791
READ   - Takes(s): 30.0, Count: 1095, OPS: 36.5, Avg(us): 53189, Min(us): 22688, Max(us): 76735, 50th(us): 56863, 90th(us): 65183, 95th(us): 67903, 99th(us): 71487, 99.9th(us): 76351, 99.99th(us): 76735
READ_ERROR - Takes(s): 29.9, Count: 681, OPS: 22.8, Avg(us): 52469, Min(us): 19376, Max(us): 76991, 50th(us): 56159, 90th(us): 64671, 95th(us): 67135, 99th(us): 72831, 99.9th(us): 76479, 99.99th(us): 76991
TOTAL  - Takes(s): 30.0, Count: 2944, OPS: 98.2, Avg(us): 38766, Min(us): 19088, Max(us): 76735, 50th(us): 32927, 90th(us): 61375, 95th(us): 64223, 99th(us): 69631, 99.9th(us): 74943, 99.99th(us): 76735
UPDATE - Takes(s): 30.0, Count: 1849, OPS: 61.7, Avg(us): 30224, Min(us): 19088, Max(us): 45311, 50th(us): 29967, 90th(us): 35263, 95th(us): 36223, 99th(us): 37887, 99.9th(us): 42335, 99.99th(us): 45311
READ   - Takes(s): 40.0, Count: 1465, OPS: 36.6, Avg(us): 54114, Min(us): 22688, Max(us): 91839, 50th(us): 57535, 90th(us): 67263, 95th(us): 69631, 99th(us): 76351, 99.9th(us): 91839, 99.99th(us): 91839
READ_ERROR - Takes(s): 39.9, Count: 910, OPS: 22.8, Avg(us): 53969, Min(us): 19376, Max(us): 87615, 50th(us): 57375, 90th(us): 66943, 95th(us): 70015, 99th(us): 76479, 99.9th(us): 83455, 99.99th(us): 87615
TOTAL  - Takes(s): 40.0, Count: 3804, OPS: 95.2, Avg(us): 39616, Min(us): 19088, Max(us): 91839, 50th(us): 33407, 90th(us): 62847, 95th(us): 66239, 99th(us): 71487, 99.9th(us): 80063, 99.99th(us): 91839
UPDATE - Takes(s): 40.0, Count: 2339, OPS: 58.5, Avg(us): 30536, Min(us): 19088, Max(us): 49151, 50th(us): 30303, 90th(us): 35711, 95th(us): 36927, 99th(us): 40383, 99.9th(us): 47935, 99.99th(us): 49151
READ   - Takes(s): 50.0, Count: 1813, OPS: 36.3, Avg(us): 54994, Min(us): 22688, Max(us): 91839, 50th(us): 58463, 90th(us): 67903, 95th(us): 70783, 99th(us): 76799, 99.9th(us): 87743, 99.99th(us): 91839
READ_ERROR - Takes(s): 49.9, Count: 1132, OPS: 22.7, Avg(us): 54567, Min(us): 19376, Max(us): 87615, 50th(us): 58207, 90th(us): 67327, 95th(us): 70335, 99th(us): 76991, 99.9th(us): 83455, 99.99th(us): 87615
TOTAL  - Takes(s): 50.0, Count: 4660, OPS: 93.2, Avg(us): 40359, Min(us): 19088, Max(us): 91839, 50th(us): 33983, 90th(us): 63327, 95th(us): 66751, 99th(us): 73215, 99.9th(us): 82367, 99.99th(us): 91839
UPDATE - Takes(s): 50.0, Count: 2847, OPS: 57.0, Avg(us): 31039, Min(us): 19088, Max(us): 55423, 50th(us): 30863, 90th(us): 36191, 95th(us): 37567, 99th(us): 43487, 99.9th(us): 47935, 99.99th(us): 55423
READ   - Takes(s): 60.0, Count: 2168, OPS: 36.1, Avg(us): 54584, Min(us): 21808, Max(us): 92735, 50th(us): 58079, 90th(us): 67583, 95th(us): 70399, 99th(us): 76863, 99.9th(us): 91839, 99.99th(us): 92735
READ_ERROR - Takes(s): 59.9, Count: 1370, OPS: 22.9, Avg(us): 54520, Min(us): 19376, Max(us): 92607, 50th(us): 57983, 90th(us): 67263, 95th(us): 70207, 99th(us): 76799, 99.9th(us): 87615, 99.99th(us): 92607
TOTAL  - Takes(s): 60.0, Count: 5600, OPS: 93.4, Avg(us): 40202, Min(us): 19088, Max(us): 92735, 50th(us): 33919, 90th(us): 63103, 95th(us): 66495, 99th(us): 73151, 99.9th(us): 83647, 99.99th(us): 91839
UPDATE - Takes(s): 60.0, Count: 3432, OPS: 57.2, Avg(us): 31117, Min(us): 19088, Max(us): 55423, 50th(us): 30975, 90th(us): 36255, 95th(us): 37471, 99th(us): 43231, 99.9th(us): 47935, 99.99th(us): 55423
READ   - Takes(s): 70.0, Count: 2568, OPS: 36.7, Avg(us): 54344, Min(us): 21808, Max(us): 92735, 50th(us): 57503, 90th(us): 67327, 95th(us): 70143, 99th(us): 76863, 99.9th(us): 87743, 99.99th(us): 92735
READ_ERROR - Takes(s): 69.9, Count: 1549, OPS: 22.2, Avg(us): 54464, Min(us): 19376, Max(us): 92607, 50th(us): 57663, 90th(us): 67135, 95th(us): 69887, 99th(us): 76991, 99.9th(us): 86655, 99.99th(us): 92607
TOTAL  - Takes(s): 70.0, Count: 6593, OPS: 94.2, Avg(us): 40253, Min(us): 19088, Max(us): 92735, 50th(us): 34047, 90th(us): 62879, 95th(us): 66303, 99th(us): 73023, 99.9th(us): 82367, 99.99th(us): 91839
UPDATE - Takes(s): 70.0, Count: 4025, OPS: 57.5, Avg(us): 31263, Min(us): 19088, Max(us): 55423, 50th(us): 31167, 90th(us): 36415, 95th(us): 38111, 99th(us): 43871, 99.9th(us): 48095, 99.99th(us): 55423
READ   - Takes(s): 80.0, Count: 2931, OPS: 36.6, Avg(us): 54079, Min(us): 21808, Max(us): 92735, 50th(us): 57119, 90th(us): 67135, 95th(us): 69759, 99th(us): 76799, 99.9th(us): 87743, 99.99th(us): 92735
READ_ERROR - Takes(s): 79.9, Count: 1761, OPS: 22.0, Avg(us): 54420, Min(us): 19376, Max(us): 92607, 50th(us): 57343, 90th(us): 66943, 95th(us): 69247, 99th(us): 76799, 99.9th(us): 86655, 99.99th(us): 92607
TOTAL  - Takes(s): 80.0, Count: 7556, OPS: 94.5, Avg(us): 40233, Min(us): 19088, Max(us): 92735, 50th(us): 34207, 90th(us): 62367, 95th(us): 65791, 99th(us): 72511, 99.9th(us): 81983, 99.99th(us): 91839
UPDATE - Takes(s): 80.0, Count: 4625, OPS: 57.8, Avg(us): 31457, Min(us): 19088, Max(us): 55423, 50th(us): 31343, 90th(us): 36703, 95th(us): 38495, 99th(us): 44063, 99.9th(us): 49087, 99.99th(us): 55423
READ   - Takes(s): 90.0, Count: 3335, OPS: 37.1, Avg(us): 53975, Min(us): 21808, Max(us): 92735, 50th(us): 56831, 90th(us): 66879, 95th(us): 69439, 99th(us): 76351, 99.9th(us): 87743, 99.99th(us): 92735
READ_ERROR - Takes(s): 89.9, Count: 1945, OPS: 21.6, Avg(us): 54351, Min(us): 19376, Max(us): 92607, 50th(us): 57215, 90th(us): 66815, 95th(us): 69183, 99th(us): 76479, 99.9th(us): 86655, 99.99th(us): 92607
TOTAL  - Takes(s): 90.0, Count: 8528, OPS: 94.8, Avg(us): 40346, Min(us): 19088, Max(us): 92735, 50th(us): 34399, 90th(us): 62079, 95th(us): 65439, 99th(us): 72255, 99.9th(us): 81599, 99.99th(us): 91839
UPDATE - Takes(s): 90.0, Count: 5193, OPS: 57.7, Avg(us): 31594, Min(us): 19088, Max(us): 55423, 50th(us): 31439, 90th(us): 36863, 95th(us): 38943, 99th(us): 44223, 99.9th(us): 49919, 99.99th(us): 52159
READ   - Takes(s): 100.0, Count: 3753, OPS: 37.5, Avg(us): 53742, Min(us): 19616, Max(us): 92735, 50th(us): 56511, 90th(us): 66367, 95th(us): 69119, 99th(us): 75967, 99.9th(us): 86655, 99.99th(us): 92735
READ_ERROR - Takes(s): 99.9, Count: 2132, OPS: 21.3, Avg(us): 54260, Min(us): 19376, Max(us): 92607, 50th(us): 56927, 90th(us): 66559, 95th(us): 68799, 99th(us): 76479, 99.9th(us): 86655, 99.99th(us): 92607
TOTAL  - Takes(s): 100.0, Count: 9541, OPS: 95.4, Avg(us): 40264, Min(us): 19088, Max(us): 92735, 50th(us): 34335, 90th(us): 61663, 95th(us): 64991, 99th(us): 71999, 99.9th(us): 81471, 99.99th(us): 91839
UPDATE - Takes(s): 100.0, Count: 5788, OPS: 57.9, Avg(us): 31525, Min(us): 19088, Max(us): 55423, 50th(us): 31359, 90th(us): 36831, 95th(us): 38751, 99th(us): 44127, 99.9th(us): 49151, 99.99th(us): 52159
READ   - Takes(s): 110.0, Count: 4168, OPS: 37.9, Avg(us): 53347, Min(us): 19616, Max(us): 92735, 50th(us): 56063, 90th(us): 65855, 95th(us): 68671, 99th(us): 75711, 99.9th(us): 86655, 99.99th(us): 92735
READ_ERROR - Takes(s): 109.9, Count: 2324, OPS: 21.1, Avg(us): 53927, Min(us): 19376, Max(us): 92607, 50th(us): 56543, 90th(us): 66367, 95th(us): 68671, 99th(us): 75775, 99.9th(us): 86655, 99.99th(us): 92607
TOTAL  - Takes(s): 110.0, Count: 10583, OPS: 96.2, Avg(us): 40099, Min(us): 19088, Max(us): 92735, 50th(us): 34303, 90th(us): 61215, 95th(us): 64639, 99th(us): 71487, 99.9th(us): 81279, 99.99th(us): 91839
UPDATE - Takes(s): 110.0, Count: 6415, OPS: 58.3, Avg(us): 31492, Min(us): 19088, Max(us): 55423, 50th(us): 31343, 90th(us): 36735, 95th(us): 38591, 99th(us): 44063, 99.9th(us): 49151, 99.99th(us): 52159
READ   - Takes(s): 120.0, Count: 4611, OPS: 38.4, Avg(us): 52835, Min(us): 19616, Max(us): 92735, 50th(us): 55423, 90th(us): 65439, 95th(us): 68415, 99th(us): 75583, 99.9th(us): 83711, 99.99th(us): 92735
READ_ERROR - Takes(s): 119.9, Count: 2515, OPS: 21.0, Avg(us): 53627, Min(us): 19376, Max(us): 92607, 50th(us): 56095, 90th(us): 65919, 95th(us): 68415, 99th(us): 75647, 99.9th(us): 85119, 99.99th(us): 92607
TOTAL  - Takes(s): 120.0, Count: 11670, OPS: 97.3, Avg(us): 39837, Min(us): 19088, Max(us): 92735, 50th(us): 34175, 90th(us): 60799, 95th(us): 64223, 99th(us): 71359, 99.9th(us): 81087, 99.99th(us): 91839
UPDATE - Takes(s): 120.0, Count: 7059, OPS: 58.8, Avg(us): 31347, Min(us): 19088, Max(us): 55423, 50th(us): 31151, 90th(us): 36639, 95th(us): 38463, 99th(us): 43935, 99.9th(us): 49087, 99.99th(us): 52159
READ   - Takes(s): 130.0, Count: 5044, OPS: 38.8, Avg(us): 52880, Min(us): 19616, Max(us): 92735, 50th(us): 55455, 90th(us): 65183, 95th(us): 68223, 99th(us): 75071, 99.9th(us): 83711, 99.99th(us): 91839
READ_ERROR - Takes(s): 129.9, Count: 2685, OPS: 20.7, Avg(us): 53608, Min(us): 19376, Max(us): 92607, 50th(us): 56095, 90th(us): 65727, 95th(us): 68287, 99th(us): 75583, 99.9th(us): 85119, 99.99th(us): 92607
TOTAL  - Takes(s): 130.0, Count: 12666, OPS: 97.4, Avg(us): 39931, Min(us): 19088, Max(us): 92735, 50th(us): 34239, 90th(us): 60671, 95th(us): 64095, 99th(us): 71167, 99.9th(us): 81087, 99.99th(us): 91839
UPDATE - Takes(s): 130.0, Count: 7622, OPS: 58.6, Avg(us): 31362, Min(us): 19088, Max(us): 55423, 50th(us): 31151, 90th(us): 36639, 95th(us): 38463, 99th(us): 43839, 99.9th(us): 49087, 99.99th(us): 52159
READ   - Takes(s): 140.0, Count: 5478, OPS: 39.1, Avg(us): 52555, Min(us): 19616, Max(us): 92735, 50th(us): 54975, 90th(us): 64799, 95th(us): 67967, 99th(us): 74623, 99.9th(us): 83711, 99.99th(us): 91839
READ_ERROR - Takes(s): 139.9, Count: 2858, OPS: 20.4, Avg(us): 53292, Min(us): 19376, Max(us): 92607, 50th(us): 55839, 90th(us): 65471, 95th(us): 68031, 99th(us): 75519, 99.9th(us): 85119, 99.99th(us): 92607
TOTAL  - Takes(s): 140.0, Count: 13753, OPS: 98.3, Avg(us): 39801, Min(us): 19088, Max(us): 92735, 50th(us): 34207, 90th(us): 60351, 95th(us): 63903, 99th(us): 70911, 99.9th(us): 80895, 99.99th(us): 91839
UPDATE - Takes(s): 140.0, Count: 8275, OPS: 59.1, Avg(us): 31358, Min(us): 19088, Max(us): 55423, 50th(us): 31119, 90th(us): 36671, 95th(us): 38559, 99th(us): 43839, 99.9th(us): 49087, 99.99th(us): 52159
READ   - Takes(s): 150.0, Count: 5924, OPS: 39.5, Avg(us): 52365, Min(us): 19616, Max(us): 92735, 50th(us): 54591, 90th(us): 64575, 95th(us): 67711, 99th(us): 74367, 99.9th(us): 83647, 99.99th(us): 91839
READ_ERROR - Takes(s): 149.9, Count: 3032, OPS: 20.2, Avg(us): 53063, Min(us): 19376, Max(us): 92607, 50th(us): 55487, 90th(us): 65279, 95th(us): 68031, 99th(us): 75519, 99.9th(us): 85119, 99.99th(us): 92607
TOTAL  - Takes(s): 150.0, Count: 14809, OPS: 98.7, Avg(us): 39755, Min(us): 19088, Max(us): 92735, 50th(us): 34239, 90th(us): 60127, 95th(us): 63743, 99th(us): 70719, 99.9th(us): 80063, 99.99th(us): 91839
UPDATE - Takes(s): 150.0, Count: 8885, OPS: 59.2, Avg(us): 31347, Min(us): 19088, Max(us): 56767, 50th(us): 31103, 90th(us): 36703, 95th(us): 38527, 99th(us): 43839, 99.9th(us): 49087, 99.99th(us): 55423
READ   - Takes(s): 160.0, Count: 6379, OPS: 39.9, Avg(us): 52396, Min(us): 19616, Max(us): 92735, 50th(us): 54623, 90th(us): 64543, 95th(us): 67647, 99th(us): 74623, 99.9th(us): 83647, 99.99th(us): 91839
READ_ERROR - Takes(s): 159.9, Count: 3168, OPS: 19.8, Avg(us): 53098, Min(us): 19376, Max(us): 92607, 50th(us): 55455, 90th(us): 65247, 95th(us): 67967, 99th(us): 75263, 99.9th(us): 85119, 99.99th(us): 92607
TOTAL  - Takes(s): 160.0, Count: 15833, OPS: 99.0, Avg(us): 39878, Min(us): 19088, Max(us): 92735, 50th(us): 34431, 90th(us): 60127, 95th(us): 63743, 99th(us): 70847, 99.9th(us): 80063, 99.99th(us): 91839
UPDATE - Takes(s): 160.0, Count: 9454, OPS: 59.1, Avg(us): 31432, Min(us): 19088, Max(us): 56767, 50th(us): 31199, 90th(us): 36799, 95th(us): 38719, 99th(us): 43839, 99.9th(us): 49151, 99.99th(us): 55423
READ   - Takes(s): 170.0, Count: 6821, OPS: 40.1, Avg(us): 52379, Min(us): 19616, Max(us): 92735, 50th(us): 54623, 90th(us): 64447, 95th(us): 67583, 99th(us): 74367, 99.9th(us): 82367, 99.99th(us): 91839
READ_ERROR - Takes(s): 169.9, Count: 3301, OPS: 19.4, Avg(us): 53007, Min(us): 19376, Max(us): 92607, 50th(us): 55327, 90th(us): 65055, 95th(us): 67839, 99th(us): 74943, 99.9th(us): 85119, 99.99th(us): 92607
TOTAL  - Takes(s): 170.0, Count: 16898, OPS: 99.4, Avg(us): 39926, Min(us): 19088, Max(us): 92735, 50th(us): 34527, 90th(us): 60095, 95th(us): 63711, 99th(us): 70719, 99.9th(us): 80063, 99.99th(us): 91839
UPDATE - Takes(s): 170.0, Count: 10077, OPS: 59.3, Avg(us): 31497, Min(us): 19088, Max(us): 56767, 50th(us): 31263, 90th(us): 36831, 95th(us): 38847, 99th(us): 43839, 99.9th(us): 49279, 99.99th(us): 55935
READ   - Takes(s): 180.0, Count: 7263, OPS: 40.4, Avg(us): 52389, Min(us): 19616, Max(us): 92735, 50th(us): 54687, 90th(us): 64287, 95th(us): 67455, 99th(us): 73919, 99.9th(us): 82367, 99.99th(us): 91839
READ_ERROR - Takes(s): 179.9, Count: 3458, OPS: 19.2, Avg(us): 52986, Min(us): 19376, Max(us): 92607, 50th(us): 55263, 90th(us): 64959, 95th(us): 67711, 99th(us): 74495, 99.9th(us): 85119, 99.99th(us): 92607
TOTAL  - Takes(s): 180.0, Count: 17920, OPS: 99.6, Avg(us): 39977, Min(us): 19088, Max(us): 92735, 50th(us): 34591, 90th(us): 60031, 95th(us): 63615, 99th(us): 70655, 99.9th(us): 80063, 99.99th(us): 91839
UPDATE - Takes(s): 180.0, Count: 10657, OPS: 59.2, Avg(us): 31518, Min(us): 19088, Max(us): 56767, 50th(us): 31295, 90th(us): 36799, 95th(us): 38719, 99th(us): 43807, 99.9th(us): 49151, 99.99th(us): 55935
READ   - Takes(s): 190.0, Count: 7727, OPS: 40.7, Avg(us): 52355, Min(us): 19616, Max(us): 92735, 50th(us): 54591, 90th(us): 64287, 95th(us): 67391, 99th(us): 74111, 99.9th(us): 83647, 99.99th(us): 91839
READ_ERROR - Takes(s): 189.9, Count: 3593, OPS: 18.9, Avg(us): 52937, Min(us): 19376, Max(us): 92607, 50th(us): 55231, 90th(us): 64959, 95th(us): 67711, 99th(us): 74495, 99.9th(us): 83455, 99.99th(us): 92607
TOTAL  - Takes(s): 190.0, Count: 18977, OPS: 99.9, Avg(us): 40016, Min(us): 19088, Max(us): 92735, 50th(us): 34655, 90th(us): 60031, 95th(us): 63615, 99th(us): 70655, 99.9th(us): 80063, 99.99th(us): 91839
UPDATE - Takes(s): 190.0, Count: 11250, OPS: 59.2, Avg(us): 31541, Min(us): 19088, Max(us): 56767, 50th(us): 31311, 90th(us): 36831, 95th(us): 38879, 99th(us): 43839, 99.9th(us): 49151, 99.99th(us): 55935
READ   - Takes(s): 200.0, Count: 8221, OPS: 41.1, Avg(us): 52062, Min(us): 19616, Max(us): 92735, 50th(us): 54047, 90th(us): 64095, 95th(us): 67199, 99th(us): 73535, 99.9th(us): 83647, 99.99th(us): 91839
READ_ERROR - Takes(s): 199.9, Count: 3763, OPS: 18.8, Avg(us): 52707, Min(us): 19376, Max(us): 92607, 50th(us): 54847, 90th(us): 64735, 95th(us): 67647, 99th(us): 74495, 99.9th(us): 83455, 99.99th(us): 92607
TOTAL  - Takes(s): 200.0, Count: 20072, OPS: 100.4, Avg(us): 39921, Min(us): 19088, Max(us): 92735, 50th(us): 34591, 90th(us): 59711, 95th(us): 63423, 99th(us): 70271, 99.9th(us): 80063, 99.99th(us): 91839
UPDATE - Takes(s): 200.0, Count: 11851, OPS: 59.3, Avg(us): 31499, Min(us): 19088, Max(us): 56767, 50th(us): 31279, 90th(us): 36767, 95th(us): 38815, 99th(us): 43807, 99.9th(us): 49087, 99.99th(us): 55935
READ   - Takes(s): 210.0, Count: 8709, OPS: 41.5, Avg(us): 51766, Min(us): 19616, Max(us): 92735, 50th(us): 53695, 90th(us): 63967, 95th(us): 67071, 99th(us): 73407, 99.9th(us): 82495, 99.99th(us): 91839
READ_ERROR - Takes(s): 209.9, Count: 3904, OPS: 18.6, Avg(us): 52475, Min(us): 19376, Max(us): 92607, 50th(us): 54495, 90th(us): 64639, 95th(us): 67583, 99th(us): 74495, 99.9th(us): 83455, 99.99th(us): 92607
TOTAL  - Takes(s): 210.0, Count: 21239, OPS: 101.1, Avg(us): 39776, Min(us): 19088, Max(us): 92735, 50th(us): 34527, 90th(us): 59487, 95th(us): 63231, 99th(us): 70079, 99.9th(us): 80063, 99.99th(us): 91839
UPDATE - Takes(s): 210.0, Count: 12530, OPS: 59.7, Avg(us): 31442, Min(us): 19088, Max(us): 56767, 50th(us): 31215, 90th(us): 36735, 95th(us): 38687, 99th(us): 43807, 99.9th(us): 49087, 99.99th(us): 55935
READ   - Takes(s): 220.0, Count: 9214, OPS: 41.9, Avg(us): 51568, Min(us): 19616, Max(us): 92735, 50th(us): 53471, 90th(us): 63807, 95th(us): 66879, 99th(us): 73215, 99.9th(us): 82495, 99.99th(us): 91839
READ_ERROR - Takes(s): 219.9, Count: 4045, OPS: 18.4, Avg(us): 52314, Min(us): 19376, Max(us): 92607, 50th(us): 54239, 90th(us): 64543, 95th(us): 67455, 99th(us): 74495, 99.9th(us): 83455, 99.99th(us): 92607
TOTAL  - Takes(s): 220.0, Count: 22361, OPS: 101.7, Avg(us): 39710, Min(us): 19088, Max(us): 92735, 50th(us): 34463, 90th(us): 59327, 95th(us): 63071, 99th(us): 69823, 99.9th(us): 79935, 99.99th(us): 91839
UPDATE - Takes(s): 220.0, Count: 13147, OPS: 59.8, Avg(us): 31400, Min(us): 19088, Max(us): 56767, 50th(us): 31167, 90th(us): 36703, 95th(us): 38719, 99th(us): 43839, 99.9th(us): 49087, 99.99th(us): 55935
READ   - Takes(s): 230.0, Count: 9722, OPS: 42.3, Avg(us): 51438, Min(us): 19616, Max(us): 92735, 50th(us): 53343, 90th(us): 63711, 95th(us): 66687, 99th(us): 73151, 99.9th(us): 82367, 99.99th(us): 91839
READ_ERROR - Takes(s): 229.9, Count: 4184, OPS: 18.2, Avg(us): 52170, Min(us): 19376, Max(us): 92607, 50th(us): 54047, 90th(us): 64479, 95th(us): 67327, 99th(us): 73919, 99.9th(us): 83455, 99.99th(us): 92607
TOTAL  - Takes(s): 230.0, Count: 23472, OPS: 102.1, Avg(us): 39679, Min(us): 19088, Max(us): 92735, 50th(us): 34463, 90th(us): 59199, 95th(us): 62975, 99th(us): 69503, 99.9th(us): 79871, 99.99th(us): 91839
UPDATE - Takes(s): 230.0, Count: 13750, OPS: 59.8, Avg(us): 31365, Min(us): 19088, Max(us): 56767, 50th(us): 31103, 90th(us): 36639, 95th(us): 38719, 99th(us): 43807, 99.9th(us): 49087, 99.99th(us): 56639
READ   - Takes(s): 240.0, Count: 10216, OPS: 42.6, Avg(us): 51345, Min(us): 19616, Max(us): 92735, 50th(us): 53215, 90th(us): 63615, 95th(us): 66623, 99th(us): 73215, 99.9th(us): 82495, 99.99th(us): 91839
READ_ERROR - Takes(s): 239.9, Count: 4318, OPS: 18.0, Avg(us): 52134, Min(us): 19376, Max(us): 92607, 50th(us): 53951, 90th(us): 64415, 95th(us): 67327, 99th(us): 73855, 99.9th(us): 83455, 99.99th(us): 92607
TOTAL  - Takes(s): 240.0, Count: 24555, OPS: 102.3, Avg(us): 39687, Min(us): 19088, Max(us): 92735, 50th(us): 34527, 90th(us): 59039, 95th(us): 62911, 99th(us): 69503, 99.9th(us): 79551, 99.99th(us): 91839
UPDATE - Takes(s): 240.0, Count: 14339, OPS: 59.8, Avg(us): 31381, Min(us): 19088, Max(us): 56767, 50th(us): 31135, 90th(us): 36671, 95th(us): 38879, 99th(us): 43839, 99.9th(us): 49919, 99.99th(us): 56639
READ   - Takes(s): 250.0, Count: 10725, OPS: 42.9, Avg(us): 51239, Min(us): 19616, Max(us): 92735, 50th(us): 53087, 90th(us): 63487, 95th(us): 66495, 99th(us): 73023, 99.9th(us): 82367, 99.99th(us): 91839
READ_ERROR - Takes(s): 249.9, Count: 4434, OPS: 17.7, Avg(us): 52006, Min(us): 19376, Max(us): 92607, 50th(us): 53823, 90th(us): 64351, 95th(us): 67199, 99th(us): 73471, 99.9th(us): 83455, 99.99th(us): 92607
TOTAL  - Takes(s): 250.0, Count: 25700, OPS: 102.8, Avg(us): 39651, Min(us): 19088, Max(us): 92735, 50th(us): 34495, 90th(us): 58943, 95th(us): 62751, 99th(us): 69311, 99.9th(us): 79039, 99.99th(us): 87743
UPDATE - Takes(s): 250.0, Count: 14975, OPS: 59.9, Avg(us): 31352, Min(us): 19088, Max(us): 56767, 50th(us): 31103, 90th(us): 36671, 95th(us): 38847, 99th(us): 43839, 99.9th(us): 49279, 99.99th(us): 56639
READ   - Takes(s): 260.0, Count: 11251, OPS: 43.3, Avg(us): 51146, Min(us): 19616, Max(us): 92735, 50th(us): 53023, 90th(us): 63423, 95th(us): 66367, 99th(us): 72959, 99.9th(us): 82367, 99.99th(us): 91839
READ_ERROR - Takes(s): 259.9, Count: 4543, OPS: 17.5, Avg(us): 51917, Min(us): 19376, Max(us): 92607, 50th(us): 53695, 90th(us): 64255, 95th(us): 67135, 99th(us): 73343, 99.9th(us): 82495, 99.99th(us): 92607
TOTAL  - Takes(s): 260.0, Count: 26839, OPS: 103.2, Avg(us): 39631, Min(us): 19088, Max(us): 92735, 50th(us): 34495, 90th(us): 58815, 95th(us): 62655, 99th(us): 69311, 99.9th(us): 78591, 99.99th(us): 87743
UPDATE - Takes(s): 260.0, Count: 15588, OPS: 60.0, Avg(us): 31320, Min(us): 19088, Max(us): 56767, 50th(us): 31055, 90th(us): 36671, 95th(us): 38847, 99th(us): 43839, 99.9th(us): 49279, 99.99th(us): 55935
READ   - Takes(s): 270.0, Count: 11777, OPS: 43.6, Avg(us): 51097, Min(us): 19616, Max(us): 92735, 50th(us): 52959, 90th(us): 63327, 95th(us): 66239, 99th(us): 72959, 99.9th(us): 81983, 99.99th(us): 91839
READ_ERROR - Takes(s): 269.9, Count: 4651, OPS: 17.2, Avg(us): 51860, Min(us): 19376, Max(us): 92607, 50th(us): 53631, 90th(us): 64191, 95th(us): 67135, 99th(us): 73087, 99.9th(us): 82495, 99.99th(us): 92607
TOTAL  - Takes(s): 270.0, Count: 27951, OPS: 103.5, Avg(us): 39653, Min(us): 19088, Max(us): 92735, 50th(us): 34559, 90th(us): 58783, 95th(us): 62559, 99th(us): 69247, 99.9th(us): 78463, 99.99th(us): 87743
UPDATE - Takes(s): 270.0, Count: 16174, OPS: 59.9, Avg(us): 31321, Min(us): 19088, Max(us): 56767, 50th(us): 31055, 90th(us): 36671, 95th(us): 38911, 99th(us): 43839, 99.9th(us): 49279, 99.99th(us): 55935
READ   - Takes(s): 280.0, Count: 12280, OPS: 43.9, Avg(us): 50998, Min(us): 19616, Max(us): 92735, 50th(us): 52831, 90th(us): 63231, 95th(us): 66111, 99th(us): 72767, 99.9th(us): 81983, 99.99th(us): 91839
READ_ERROR - Takes(s): 279.9, Count: 4765, OPS: 17.0, Avg(us): 51792, Min(us): 19376, Max(us): 92607, 50th(us): 53567, 90th(us): 64127, 95th(us): 67071, 99th(us): 73087, 99.9th(us): 82495, 99.99th(us): 92607
TOTAL  - Takes(s): 280.0, Count: 29097, OPS: 103.9, Avg(us): 39614, Min(us): 19088, Max(us): 92735, 50th(us): 34527, 90th(us): 58655, 95th(us): 62431, 99th(us): 69055, 99.9th(us): 77823, 99.99th(us): 87743
UPDATE - Takes(s): 280.0, Count: 16817, OPS: 60.1, Avg(us): 31301, Min(us): 19088, Max(us): 59871, 50th(us): 31023, 90th(us): 36639, 95th(us): 38911, 99th(us): 43839, 99.9th(us): 49311, 99.99th(us): 56639
READ   - Takes(s): 290.0, Count: 12755, OPS: 44.0, Avg(us): 50929, Min(us): 19616, Max(us): 92735, 50th(us): 52735, 90th(us): 63167, 95th(us): 66047, 99th(us): 72703, 99.9th(us): 81791, 99.99th(us): 91839
READ_ERROR - Takes(s): 289.9, Count: 4902, OPS: 16.9, Avg(us): 51711, Min(us): 19376, Max(us): 92607, 50th(us): 53471, 90th(us): 64095, 95th(us): 67007, 99th(us): 73087, 99.9th(us): 82495, 99.99th(us): 92607
TOTAL  - Takes(s): 290.0, Count: 30226, OPS: 104.2, Avg(us): 39570, Min(us): 19088, Max(us): 92735, 50th(us): 34495, 90th(us): 58559, 95th(us): 62335, 99th(us): 68991, 99.9th(us): 77759, 99.99th(us): 87743
UPDATE - Takes(s): 290.0, Count: 17471, OPS: 60.2, Avg(us): 31278, Min(us): 19088, Max(us): 59871, 50th(us): 30991, 90th(us): 36671, 95th(us): 38943, 99th(us): 43839, 99.9th(us): 49919, 99.99th(us): 56639
READ   - Takes(s): 300.0, Count: 13275, OPS: 44.3, Avg(us): 50878, Min(us): 19616, Max(us): 92735, 50th(us): 52703, 90th(us): 63071, 95th(us): 65919, 99th(us): 72703, 99.9th(us): 81791, 99.99th(us): 91839
READ_ERROR - Takes(s): 299.9, Count: 4992, OPS: 16.6, Avg(us): 51714, Min(us): 19376, Max(us): 92607, 50th(us): 53439, 90th(us): 64127, 95th(us): 67071, 99th(us): 73087, 99.9th(us): 82495, 99.99th(us): 92607
TOTAL  - Takes(s): 300.0, Count: 31362, OPS: 104.5, Avg(us): 39581, Min(us): 19088, Max(us): 92735, 50th(us): 34527, 90th(us): 58495, 95th(us): 62271, 99th(us): 68991, 99.9th(us): 77503, 99.99th(us): 87743
UPDATE - Takes(s): 300.0, Count: 18087, OPS: 60.3, Avg(us): 31289, Min(us): 19088, Max(us): 59871, 50th(us): 30991, 90th(us): 36703, 95th(us): 39039, 99th(us): 43871, 99.9th(us): 49311, 99.99th(us): 56639
READ   - Takes(s): 310.0, Count: 13791, OPS: 44.5, Avg(us): 50769, Min(us): 19616, Max(us): 92735, 50th(us): 52575, 90th(us): 62975, 95th(us): 65791, 99th(us): 72511, 99.9th(us): 81599, 99.99th(us): 91839
READ_ERROR - Takes(s): 309.9, Count: 5093, OPS: 16.4, Avg(us): 51607, Min(us): 19376, Max(us): 92607, 50th(us): 53311, 90th(us): 64063, 95th(us): 67007, 99th(us): 73087, 99.9th(us): 82495, 99.99th(us): 87615
TOTAL  - Takes(s): 310.0, Count: 32543, OPS: 105.0, Avg(us): 39537, Min(us): 19088, Max(us): 92735, 50th(us): 34527, 90th(us): 58399, 95th(us): 62143, 99th(us): 68863, 99.9th(us): 77311, 99.99th(us): 87743
UPDATE - Takes(s): 310.0, Count: 18752, OPS: 60.5, Avg(us): 31277, Min(us): 19088, Max(us): 59871, 50th(us): 30975, 90th(us): 36671, 95th(us): 39039, 99th(us): 43871, 99.9th(us): 49311, 99.99th(us): 56767
READ   - Takes(s): 320.0, Count: 14318, OPS: 44.7, Avg(us): 50724, Min(us): 19616, Max(us): 92735, 50th(us): 52511, 90th(us): 62911, 95th(us): 65663, 99th(us): 72511, 99.9th(us): 81599, 99.99th(us): 91839
READ_ERROR - Takes(s): 319.9, Count: 5193, OPS: 16.2, Avg(us): 51547, Min(us): 19376, Max(us): 92607, 50th(us): 53215, 90th(us): 63967, 95th(us): 66943, 99th(us): 72895, 99.9th(us): 82495, 99.99th(us): 87615
TOTAL  - Takes(s): 320.0, Count: 33691, OPS: 105.3, Avg(us): 39528, Min(us): 19088, Max(us): 92735, 50th(us): 34527, 90th(us): 58335, 95th(us): 62079, 99th(us): 68863, 99.9th(us): 77247, 99.99th(us): 87743
UPDATE - Takes(s): 320.0, Count: 19373, OPS: 60.5, Avg(us): 31254, Min(us): 19088, Max(us): 59871, 50th(us): 30943, 90th(us): 36671, 95th(us): 39039, 99th(us): 43871, 99.9th(us): 49919, 99.99th(us): 56767
READ   - Takes(s): 330.0, Count: 14871, OPS: 45.1, Avg(us): 50624, Min(us): 19616, Max(us): 92735, 50th(us): 52383, 90th(us): 62751, 95th(us): 65471, 99th(us): 72447, 99.9th(us): 81471, 99.99th(us): 91839
READ_ERROR - Takes(s): 329.9, Count: 5296, OPS: 16.1, Avg(us): 51484, Min(us): 19376, Max(us): 92607, 50th(us): 53119, 90th(us): 63903, 95th(us): 66943, 99th(us): 72895, 99.9th(us): 82495, 99.99th(us): 87615
TOTAL  - Takes(s): 330.0, Count: 34900, OPS: 105.8, Avg(us): 39450, Min(us): 19088, Max(us): 92735, 50th(us): 34463, 90th(us): 58175, 95th(us): 61887, 99th(us): 68607, 99.9th(us): 77247, 99.99th(us): 87743
UPDATE - Takes(s): 330.0, Count: 20029, OPS: 60.7, Avg(us): 31153, Min(us): 19088, Max(us): 59871, 50th(us): 30799, 90th(us): 36607, 95th(us): 38943, 99th(us): 43839, 99.9th(us): 49311, 99.99th(us): 56767
READ   - Takes(s): 340.0, Count: 15434, OPS: 45.4, Avg(us): 50516, Min(us): 19616, Max(us): 92735, 50th(us): 52255, 90th(us): 62591, 95th(us): 65375, 99th(us): 72447, 99.9th(us): 81471, 99.99th(us): 91839
READ_ERROR - Takes(s): 339.9, Count: 5392, OPS: 15.9, Avg(us): 51416, Min(us): 19376, Max(us): 92607, 50th(us): 53023, 90th(us): 63839, 95th(us): 66815, 99th(us): 72831, 99.9th(us): 82495, 99.99th(us): 87615
TOTAL  - Takes(s): 340.0, Count: 36065, OPS: 106.1, Avg(us): 39433, Min(us): 18704, Max(us): 92735, 50th(us): 34463, 90th(us): 58047, 95th(us): 61759, 99th(us): 68543, 99.9th(us): 77247, 99.99th(us): 86655
UPDATE - Takes(s): 340.0, Count: 20631, OPS: 60.7, Avg(us): 31143, Min(us): 18704, Max(us): 59871, 50th(us): 30799, 90th(us): 36575, 95th(us): 38943, 99th(us): 43839, 99.9th(us): 49279, 99.99th(us): 56767
READ   - Takes(s): 350.0, Count: 15979, OPS: 45.7, Avg(us): 50408, Min(us): 19616, Max(us): 92735, 50th(us): 52191, 90th(us): 62431, 95th(us): 65247, 99th(us): 72319, 99.9th(us): 81471, 99.99th(us): 91839
READ_ERROR - Takes(s): 349.9, Count: 5471, OPS: 15.6, Avg(us): 51365, Min(us): 19376, Max(us): 92607, 50th(us): 52959, 90th(us): 63807, 95th(us): 66751, 99th(us): 72831, 99.9th(us): 82495, 99.99th(us): 87615
TOTAL  - Takes(s): 350.0, Count: 37276, OPS: 106.5, Avg(us): 39395, Min(us): 18704, Max(us): 92735, 50th(us): 34463, 90th(us): 57951, 95th(us): 61599, 99th(us): 68479, 99.9th(us): 77247, 99.99th(us): 86655
UPDATE - Takes(s): 350.0, Count: 21297, OPS: 60.9, Avg(us): 31132, Min(us): 18704, Max(us): 60031, 50th(us): 30767, 90th(us): 36575, 95th(us): 38911, 99th(us): 43871, 99.9th(us): 50719, 99.99th(us): 58815
READ   - Takes(s): 360.0, Count: 16513, OPS: 45.9, Avg(us): 50329, Min(us): 19616, Max(us): 92735, 50th(us): 52095, 90th(us): 62335, 95th(us): 65183, 99th(us): 72319, 99.9th(us): 81279, 99.99th(us): 91839
READ_ERROR - Takes(s): 359.9, Count: 5560, OPS: 15.4, Avg(us): 51302, Min(us): 19376, Max(us): 92607, 50th(us): 52863, 90th(us): 63711, 95th(us): 66751, 99th(us): 72703, 99.9th(us): 82367, 99.99th(us): 87615
TOTAL  - Takes(s): 360.0, Count: 38450, OPS: 106.8, Avg(us): 39382, Min(us): 18704, Max(us): 92735, 50th(us): 34495, 90th(us): 57855, 95th(us): 61503, 99th(us): 68479, 99.9th(us): 77247, 99.99th(us): 86655
UPDATE - Takes(s): 360.0, Count: 21937, OPS: 60.9, Avg(us): 31141, Min(us): 18704, Max(us): 60095, 50th(us): 30767, 90th(us): 36575, 95th(us): 38975, 99th(us): 43903, 99.9th(us): 51423, 99.99th(us): 60031
READ   - Takes(s): 370.0, Count: 17059, OPS: 46.1, Avg(us): 50223, Min(us): 19616, Max(us): 92735, 50th(us): 51999, 90th(us): 62207, 95th(us): 65023, 99th(us): 72191, 99.9th(us): 81279, 99.99th(us): 91839
READ_ERROR - Takes(s): 369.9, Count: 5648, OPS: 15.3, Avg(us): 51239, Min(us): 19376, Max(us): 92607, 50th(us): 52799, 90th(us): 63647, 95th(us): 66623, 99th(us): 72703, 99.9th(us): 82367, 99.99th(us): 87615
TOTAL  - Takes(s): 370.0, Count: 39653, OPS: 107.2, Avg(us): 39341, Min(us): 18704, Max(us): 92735, 50th(us): 34495, 90th(us): 57695, 95th(us): 61311, 99th(us): 68415, 99.9th(us): 77055, 99.99th(us): 86655
UPDATE - Takes(s): 370.0, Count: 22594, OPS: 61.1, Avg(us): 31125, Min(us): 18704, Max(us): 60095, 50th(us): 30751, 90th(us): 36543, 95th(us): 38943, 99th(us): 43871, 99.9th(us): 51327, 99.99th(us): 60031
READ   - Takes(s): 380.0, Count: 17619, OPS: 46.4, Avg(us): 50130, Min(us): 19616, Max(us): 92735, 50th(us): 51935, 90th(us): 62079, 95th(us): 64895, 99th(us): 72127, 99.9th(us): 81087, 99.99th(us): 91839
READ_ERROR - Takes(s): 379.9, Count: 5717, OPS: 15.0, Avg(us): 51192, Min(us): 19376, Max(us): 92607, 50th(us): 52767, 90th(us): 63615, 95th(us): 66623, 99th(us): 72639, 99.9th(us): 82367, 99.99th(us): 87615
TOTAL  - Takes(s): 380.0, Count: 40875, OPS: 107.6, Avg(us): 39306, Min(us): 18704, Max(us): 92735, 50th(us): 34463, 90th(us): 57535, 95th(us): 61183, 99th(us): 68287, 99.9th(us): 77055, 99.99th(us): 86655
UPDATE - Takes(s): 380.0, Count: 23256, OPS: 61.2, Avg(us): 31105, Min(us): 18704, Max(us): 60095, 50th(us): 30719, 90th(us): 36543, 95th(us): 38943, 99th(us): 43871, 99.9th(us): 51327, 99.99th(us): 60031
READ   - Takes(s): 390.0, Count: 18202, OPS: 46.7, Avg(us): 50049, Min(us): 19616, Max(us): 92735, 50th(us): 51839, 90th(us): 61951, 95th(us): 64767, 99th(us): 72063, 99.9th(us): 81087, 99.99th(us): 91839
READ_ERROR - Takes(s): 389.9, Count: 5793, OPS: 14.9, Avg(us): 51155, Min(us): 19376, Max(us): 92607, 50th(us): 52703, 90th(us): 63551, 95th(us): 66559, 99th(us): 72575, 99.9th(us): 82367, 99.99th(us): 87615
TOTAL  - Takes(s): 390.0, Count: 42062, OPS: 107.9, Avg(us): 39300, Min(us): 18704, Max(us): 92735, 50th(us): 34527, 90th(us): 57439, 95th(us): 61087, 99th(us): 68095, 99.9th(us): 76991, 99.99th(us): 86655
UPDATE - Takes(s): 390.0, Count: 23860, OPS: 61.2, Avg(us): 31100, Min(us): 18704, Max(us): 60095, 50th(us): 30719, 90th(us): 36543, 95th(us): 38943, 99th(us): 43871, 99.9th(us): 51103, 99.99th(us): 60031
READ   - Takes(s): 400.0, Count: 18746, OPS: 46.9, Avg(us): 49946, Min(us): 19616, Max(us): 92735, 50th(us): 51775, 90th(us): 61823, 95th(us): 64639, 99th(us): 71935, 99.9th(us): 81087, 99.99th(us): 91839
READ_ERROR - Takes(s): 399.9, Count: 5869, OPS: 14.7, Avg(us): 51116, Min(us): 19376, Max(us): 92607, 50th(us): 52639, 90th(us): 63519, 95th(us): 66559, 99th(us): 72511, 99.9th(us): 82367, 99.99th(us): 87615
TOTAL  - Takes(s): 400.0, Count: 43291, OPS: 108.2, Avg(us): 39254, Min(us): 18704, Max(us): 92735, 50th(us): 34495, 90th(us): 57279, 95th(us): 60991, 99th(us): 67967, 99.9th(us): 76927, 99.99th(us): 86655
UPDATE - Takes(s): 400.0, Count: 24545, OPS: 61.4, Avg(us): 31088, Min(us): 18704, Max(us): 60095, 50th(us): 30703, 90th(us): 36511, 95th(us): 38911, 99th(us): 43871, 99.9th(us): 51007, 99.99th(us): 60031
**********************************************
Run finished, takes 6m48.210220315s
READ   - Takes(s): 408.2, Count: 19132, OPS: 46.9, Avg(us): 49842, Min(us): 19616, Max(us): 92735, 50th(us): 51711, 90th(us): 61727, 95th(us): 64575, 99th(us): 71871, 99.9th(us): 81087, 99.99th(us): 91839
READ_ERROR - Takes(s): 408.1, Count: 5907, OPS: 14.5, Avg(us): 51058, Min(us): 19376, Max(us): 92607, 50th(us): 52607, 90th(us): 63487, 95th(us): 66495, 99th(us): 72511, 99.9th(us): 82367, 99.99th(us): 87615
TOTAL  - Takes(s): 408.2, Count: 44093, OPS: 108.0, Avg(us): 39220, Min(us): 18704, Max(us): 92735, 50th(us): 34463, 90th(us): 57183, 95th(us): 60895, 99th(us): 67967, 99.9th(us): 76927, 99.99th(us): 86655
UPDATE - Takes(s): 408.2, Count: 24961, OPS: 61.2, Avg(us): 31078, Min(us): 18704, Max(us): 60095, 50th(us): 30703, 90th(us): 36511, 95th(us): 38911, 99th(us): 43839, 99.9th(us): 51103, 99.99th(us): 60031
