Now loading data using DB:  etcd
core
Using request distribution 'uniform' a keyrange of [0 99999]
***************** properties *****************
"command"="run"
"requestdistribution"="uniform"
"readallfields"="true"
"recordcount"="100000"
"updateproportion"="0.5"
"insertproportion"="0"
"operationcount"="50000"
"workload"="core"
"etcd.dial_timeout"="10s"
"etcd.endpoints"="192.168.37.16:2379"
"dotransactions"="true"
"docollectingdata"="false"
"readproportion"="0.5"
"scanproportion"="0"
"threadcount"="5"
**********************************************
READ   - Takes(s): 10.0, Count: 244, OPS: 24.5, Avg(us): 79622, Min(us): 36672, Max(us): 112703, 50th(us): 84351, 90th(us): 96959, 95th(us): 99455, 99th(us): 104703, 99.9th(us): 112703, 99.99th(us): 112703
READ_ERROR - Takes(s): 9.9, Count: 173, OPS: 17.4, Avg(us): 78443, Min(us): 36640, Max(us): 111999, 50th(us): 84159, 90th(us): 96127, 95th(us): 99391, 99th(us): 105087, 99.9th(us): 111999, 99.99th(us): 111999
TOTAL  - Takes(s): 10.0, Count: 615, OPS: 61.7, Avg(us): 58883, Min(us): 33408, Max(us): 112703, 50th(us): 48703, 90th(us): 90943, 95th(us): 95359, 99th(us): 103807, 99.9th(us): 105535, 99.99th(us): 112703
UPDATE - Takes(s): 10.0, Count: 371, OPS: 37.3, Avg(us): 45242, Min(us): 33408, Max(us): 62207, 50th(us): 44575, 90th(us): 51295, 95th(us): 52799, 99th(us): 57055, 99.9th(us): 62207, 99.99th(us): 62207
READ   - Takes(s): 20.0, Count: 501, OPS: 25.1, Avg(us): 78371, Min(us): 36672, Max(us): 112703, 50th(us): 84223, 90th(us): 95999, 95th(us): 99391, 99th(us): 105407, 99.9th(us): 107583, 99.99th(us): 112703
READ_ERROR - Takes(s): 19.9, Count: 300, OPS: 15.1, Avg(us): 79168, Min(us): 36640, Max(us): 115583, 50th(us): 85439, 90th(us): 97599, 95th(us): 100863, 99th(us): 106815, 99.9th(us): 115583, 99.99th(us): 115583
TOTAL  - Takes(s): 20.0, Count: 1301, OPS: 65.2, Avg(us): 58491, Min(us): 33408, Max(us): 112703, 50th(us): 49087, 90th(us): 90367, 95th(us): 94783, 99th(us): 103167, 99.9th(us): 107583, 99.99th(us): 112703
UPDATE - Takes(s): 20.0, Count: 800, OPS: 40.1, Avg(us): 46040, Min(us): 33408, Max(us): 66623, 50th(us): 45407, 90th(us): 51839, 95th(us): 54335, 99th(us): 61759, 99.9th(us): 66559, 99.99th(us): 66623
READ   - Takes(s): 30.0, Count: 715, OPS: 23.9, Avg(us): 80391, Min(us): 36672, Max(us): 117375, 50th(us): 85695, 90th(us): 100287, 95th(us): 104255, 99th(us): 111935, 99.9th(us): 116735, 99.99th(us): 117375
READ_ERROR - Takes(s): 29.9, Count: 460, OPS: 15.4, Avg(us): 81042, Min(us): 36640, Max(us): 118015, 50th(us): 87295, 90th(us): 100799, 95th(us): 105023, 99th(us): 114239, 99.9th(us): 118015, 99.99th(us): 118015
TOTAL  - Takes(s): 30.0, Count: 1888, OPS: 63.0, Avg(us): 59548, Min(us): 33408, Max(us): 117375, 50th(us): 49695, 90th(us): 92415, 95th(us): 98943, 99th(us): 106623, 99.9th(us): 116607, 99.99th(us): 117375
UPDATE - Takes(s): 30.0, Count: 1173, OPS: 39.2, Avg(us): 46844, Min(us): 33408, Max(us): 72383, 50th(us): 46271, 90th(us): 53471, 95th(us): 55711, 99th(us): 61823, 99.9th(us): 70591, 99.99th(us): 72383
READ   - Takes(s): 40.0, Count: 975, OPS: 24.4, Avg(us): 81170, Min(us): 36672, Max(us): 123583, 50th(us): 86975, 90th(us): 101567, 95th(us): 105535, 99th(us): 112703, 99.9th(us): 121919, 99.99th(us): 123583
READ_ERROR - Takes(s): 39.9, Count: 575, OPS: 14.4, Avg(us): 82346, Min(us): 36640, Max(us): 123455, 50th(us): 87999, 90th(us): 102591, 95th(us): 106367, 99th(us): 114623, 99.9th(us): 118015, 99.99th(us): 123455
TOTAL  - Takes(s): 40.0, Count: 2523, OPS: 63.1, Avg(us): 60362, Min(us): 33408, Max(us): 123583, 50th(us): 50431, 90th(us): 93631, 95th(us): 100031, 99th(us): 108863, 99.9th(us): 117375, 99.99th(us): 123583
UPDATE - Takes(s): 40.0, Count: 1548, OPS: 38.7, Avg(us): 47257, Min(us): 33408, Max(us): 72383, 50th(us): 46655, 90th(us): 54271, 95th(us): 56511, 99th(us): 62399, 99.9th(us): 70079, 99.99th(us): 72383
READ   - Takes(s): 50.0, Count: 1239, OPS: 24.8, Avg(us): 80839, Min(us): 36672, Max(us): 123583, 50th(us): 86463, 90th(us): 101055, 95th(us): 105407, 99th(us): 113663, 99.9th(us): 122367, 99.99th(us): 123583
READ_ERROR - Takes(s): 49.9, Count: 713, OPS: 14.3, Avg(us): 81536, Min(us): 35456, Max(us): 129407, 50th(us): 87295, 90th(us): 101567, 95th(us): 105983, 99th(us): 114751, 99.9th(us): 123455, 99.99th(us): 129407
TOTAL  - Takes(s): 50.0, Count: 3173, OPS: 63.5, Avg(us): 60409, Min(us): 33408, Max(us): 123583, 50th(us): 50431, 90th(us): 93631, 95th(us): 99647, 99th(us): 108927, 99.9th(us): 121855, 99.99th(us): 123583
UPDATE - Takes(s): 50.0, Count: 1934, OPS: 38.7, Avg(us): 47320, Min(us): 33408, Max(us): 84287, 50th(us): 46719, 90th(us): 54271, 95th(us): 56511, 99th(us): 62399, 99.9th(us): 84159, 99.99th(us): 84287
READ   - Takes(s): 60.0, Count: 1504, OPS: 25.1, Avg(us): 80488, Min(us): 36672, Max(us): 123583, 50th(us): 85695, 90th(us): 101055, 95th(us): 105151, 99th(us): 113023, 99.9th(us): 121919, 99.99th(us): 123583
READ_ERROR - Takes(s): 59.9, Count: 842, OPS: 14.1, Avg(us): 81585, Min(us): 35456, Max(us): 129407, 50th(us): 86847, 90th(us): 101759, 95th(us): 105983, 99th(us): 114751, 99.9th(us): 124159, 99.99th(us): 129407
TOTAL  - Takes(s): 60.0, Count: 3812, OPS: 63.6, Avg(us): 60596, Min(us): 33408, Max(us): 123583, 50th(us): 50751, 90th(us): 93567, 95th(us): 99519, 99th(us): 108351, 99.9th(us): 117375, 99.99th(us): 123583
UPDATE - Takes(s): 60.0, Count: 2308, OPS: 38.5, Avg(us): 47634, Min(us): 33408, Max(us): 84287, 50th(us): 46911, 90th(us): 54655, 95th(us): 57503, 99th(us): 65503, 99.9th(us): 84159, 99.99th(us): 84287
READ   - Takes(s): 70.0, Count: 1766, OPS: 25.2, Avg(us): 80430, Min(us): 36672, Max(us): 123583, 50th(us): 85439, 90th(us): 100415, 95th(us): 104447, 99th(us): 112255, 99.9th(us): 121919, 99.99th(us): 123583
READ_ERROR - Takes(s): 69.9, Count: 967, OPS: 13.8, Avg(us): 81104, Min(us): 35296, Max(us): 129407, 50th(us): 86207, 90th(us): 101951, 95th(us): 106175, 99th(us): 114431, 99.9th(us): 124159, 99.99th(us): 129407
TOTAL  - Takes(s): 70.0, Count: 4465, OPS: 63.8, Avg(us): 60738, Min(us): 33408, Max(us): 123583, 50th(us): 51039, 90th(us): 93503, 95th(us): 99327, 99th(us): 107391, 99.9th(us): 117375, 99.99th(us): 123583
UPDATE - Takes(s): 70.0, Count: 2699, OPS: 38.6, Avg(us): 47853, Min(us): 33408, Max(us): 84287, 50th(us): 47199, 90th(us): 55103, 95th(us): 57919, 99th(us): 64127, 99.9th(us): 83711, 99.99th(us): 84287
READ   - Takes(s): 80.0, Count: 2020, OPS: 25.3, Avg(us): 80780, Min(us): 36672, Max(us): 123583, 50th(us): 85823, 90th(us): 100671, 95th(us): 104575, 99th(us): 112191, 99.9th(us): 121919, 99.99th(us): 123583
READ_ERROR - Takes(s): 79.9, Count: 1091, OPS: 13.7, Avg(us): 81263, Min(us): 35296, Max(us): 129407, 50th(us): 86207, 90th(us): 101951, 95th(us): 105919, 99th(us): 114431, 99.9th(us): 124159, 99.99th(us): 129407
TOTAL  - Takes(s): 80.0, Count: 5096, OPS: 63.7, Avg(us): 61043, Min(us): 33408, Max(us): 123583, 50th(us): 51327, 90th(us): 93567, 95th(us): 99327, 99th(us): 107647, 99.9th(us): 117375, 99.99th(us): 122367
UPDATE - Takes(s): 80.0, Count: 3076, OPS: 38.5, Avg(us): 48082, Min(us): 33408, Max(us): 84287, 50th(us): 47455, 90th(us): 55391, 95th(us): 57951, 99th(us): 64159, 99.9th(us): 83711, 99.99th(us): 84287
READ   - Takes(s): 90.0, Count: 2283, OPS: 25.4, Avg(us): 80592, Min(us): 36672, Max(us): 123583, 50th(us): 85695, 90th(us): 100287, 95th(us): 104383, 99th(us): 111935, 99.9th(us): 121919, 99.99th(us): 123583
READ_ERROR - Takes(s): 89.9, Count: 1212, OPS: 13.5, Avg(us): 81052, Min(us): 35296, Max(us): 129407, 50th(us): 86079, 90th(us): 101183, 95th(us): 105727, 99th(us): 114239, 99.9th(us): 124159, 99.99th(us): 129407
TOTAL  - Takes(s): 90.0, Count: 5780, OPS: 64.2, Avg(us): 60825, Min(us): 32896, Max(us): 123583, 50th(us): 51135, 90th(us): 93375, 95th(us): 99135, 99th(us): 106879, 99.9th(us): 116735, 99.99th(us): 122367
UPDATE - Takes(s): 90.0, Count: 3497, OPS: 38.9, Avg(us): 47921, Min(us): 32896, Max(us): 84287, 50th(us): 47359, 90th(us): 55103, 95th(us): 57855, 99th(us): 63967, 99.9th(us): 83711, 99.99th(us): 84287
READ   - Takes(s): 100.0, Count: 2567, OPS: 25.7, Avg(us): 80295, Min(us): 36672, Max(us): 123583, 50th(us): 85183, 90th(us): 99839, 95th(us): 103999, 99th(us): 111679, 99.9th(us): 121855, 99.99th(us): 123583
READ_ERROR - Takes(s): 99.9, Count: 1318, OPS: 13.2, Avg(us): 80804, Min(us): 35296, Max(us): 129407, 50th(us): 85695, 90th(us): 100607, 95th(us): 105087, 99th(us): 113727, 99.9th(us): 124159, 99.99th(us): 129407
TOTAL  - Takes(s): 100.0, Count: 6479, OPS: 64.8, Avg(us): 60679, Min(us): 32896, Max(us): 123583, 50th(us): 51039, 90th(us): 92735, 95th(us): 98495, 99th(us): 106687, 99.9th(us): 116735, 99.99th(us): 122367
UPDATE - Takes(s): 100.0, Count: 3912, OPS: 39.1, Avg(us): 47808, Min(us): 32896, Max(us): 84287, 50th(us): 47231, 90th(us): 54879, 95th(us): 57503, 99th(us): 63455, 99.9th(us): 72383, 99.99th(us): 84287
READ   - Takes(s): 110.0, Count: 2850, OPS: 25.9, Avg(us): 80231, Min(us): 36640, Max(us): 123583, 50th(us): 84799, 90th(us): 99647, 95th(us): 103807, 99th(us): 111935, 99.9th(us): 121855, 99.99th(us): 123583
READ_ERROR - Takes(s): 109.9, Count: 1438, OPS: 13.1, Avg(us): 80530, Min(us): 35296, Max(us): 129407, 50th(us): 85247, 90th(us): 100095, 95th(us): 104831, 99th(us): 113215, 99.9th(us): 124159, 99.99th(us): 129407
TOTAL  - Takes(s): 110.0, Count: 7150, OPS: 65.0, Avg(us): 60693, Min(us): 32896, Max(us): 123583, 50th(us): 51039, 90th(us): 92543, 95th(us): 98303, 99th(us): 106687, 99.9th(us): 116607, 99.99th(us): 122367
UPDATE - Takes(s): 110.0, Count: 4300, OPS: 39.1, Avg(us): 47743, Min(us): 32896, Max(us): 84287, 50th(us): 47167, 90th(us): 54879, 95th(us): 57695, 99th(us): 63679, 99.9th(us): 73279, 99.99th(us): 84287
READ   - Takes(s): 120.0, Count: 3128, OPS: 26.1, Avg(us): 80223, Min(us): 34048, Max(us): 123583, 50th(us): 84863, 90th(us): 99647, 95th(us): 103679, 99th(us): 111743, 99.9th(us): 121855, 99.99th(us): 123583
READ_ERROR - Takes(s): 119.9, Count: 1546, OPS: 12.9, Avg(us): 80382, Min(us): 35296, Max(us): 129407, 50th(us): 84927, 90th(us): 99903, 95th(us): 104639, 99th(us): 113215, 99.9th(us): 123455, 99.99th(us): 129407
TOTAL  - Takes(s): 120.0, Count: 7822, OPS: 65.2, Avg(us): 60771, Min(us): 32896, Max(us): 123583, 50th(us): 51071, 90th(us): 92479, 95th(us): 98239, 99th(us): 106623, 99.9th(us): 116607, 99.99th(us): 122367
UPDATE - Takes(s): 120.0, Count: 4694, OPS: 39.1, Avg(us): 47809, Min(us): 32896, Max(us): 84287, 50th(us): 47231, 90th(us): 55039, 95th(us): 57887, 99th(us): 63967, 99.9th(us): 73279, 99.99th(us): 84287
READ   - Takes(s): 130.0, Count: 3417, OPS: 26.3, Avg(us): 79746, Min(us): 34048, Max(us): 123583, 50th(us): 84671, 90th(us): 99263, 95th(us): 103167, 99th(us): 111679, 99.9th(us): 121855, 99.99th(us): 123583
READ_ERROR - Takes(s): 129.9, Count: 1651, OPS: 12.7, Avg(us): 80163, Min(us): 35296, Max(us): 129407, 50th(us): 84735, 90th(us): 99647, 95th(us): 104319, 99th(us): 112255, 99.9th(us): 123455, 99.99th(us): 129407
TOTAL  - Takes(s): 130.0, Count: 8548, OPS: 65.8, Avg(us): 60530, Min(us): 32896, Max(us): 123583, 50th(us): 50975, 90th(us): 92095, 95th(us): 97791, 99th(us): 106367, 99.9th(us): 116223, 99.99th(us): 122367
UPDATE - Takes(s): 130.0, Count: 5131, OPS: 39.5, Avg(us): 47733, Min(us): 32896, Max(us): 84287, 50th(us): 47199, 90th(us): 54879, 95th(us): 57567, 99th(us): 63647, 99.9th(us): 73279, 99.99th(us): 84159
READ   - Takes(s): 140.0, Count: 3691, OPS: 26.4, Avg(us): 79563, Min(us): 34048, Max(us): 123583, 50th(us): 84351, 90th(us): 99007, 95th(us): 102847, 99th(us): 111615, 99.9th(us): 119359, 99.99th(us): 123583
READ_ERROR - Takes(s): 139.9, Count: 1769, OPS: 12.6, Avg(us): 80089, Min(us): 35296, Max(us): 129407, 50th(us): 84543, 90th(us): 99391, 95th(us): 104191, 99th(us): 112063, 99.9th(us): 123455, 99.99th(us): 129407
TOTAL  - Takes(s): 140.0, Count: 9226, OPS: 65.9, Avg(us): 60481, Min(us): 32896, Max(us): 123583, 50th(us): 50975, 90th(us): 91839, 95th(us): 97407, 99th(us): 105983, 99.9th(us): 116223, 99.99th(us): 122367
UPDATE - Takes(s): 140.0, Count: 5535, OPS: 39.5, Avg(us): 47756, Min(us): 32896, Max(us): 84287, 50th(us): 47231, 90th(us): 54879, 95th(us): 57471, 99th(us): 63359, 99.9th(us): 72383, 99.99th(us): 84159
READ   - Takes(s): 150.0, Count: 3994, OPS: 26.6, Avg(us): 79570, Min(us): 34048, Max(us): 123583, 50th(us): 84351, 90th(us): 98815, 95th(us): 102783, 99th(us): 110783, 99.9th(us): 119359, 99.99th(us): 123583
READ_ERROR - Takes(s): 149.9, Count: 1867, OPS: 12.5, Avg(us): 80123, Min(us): 35296, Max(us): 129407, 50th(us): 84607, 90th(us): 99135, 95th(us): 104127, 99th(us): 112063, 99.9th(us): 123455, 99.99th(us): 129407
TOTAL  - Takes(s): 150.0, Count: 9902, OPS: 66.0, Avg(us): 60606, Min(us): 32896, Max(us): 123583, 50th(us): 51071, 90th(us): 91839, 95th(us): 97407, 99th(us): 105791, 99.9th(us): 116159, 99.99th(us): 122367
UPDATE - Takes(s): 150.0, Count: 5908, OPS: 39.4, Avg(us): 47785, Min(us): 32896, Max(us): 84287, 50th(us): 47327, 90th(us): 54879, 95th(us): 57343, 99th(us): 62975, 99.9th(us): 72383, 99.99th(us): 84159
READ   - Takes(s): 160.0, Count: 4301, OPS: 26.9, Avg(us): 79528, Min(us): 34048, Max(us): 131583, 50th(us): 84351, 90th(us): 98751, 95th(us): 102783, 99th(us): 111615, 99.9th(us): 121855, 99.99th(us): 131583
READ_ERROR - Takes(s): 159.9, Count: 1956, OPS: 12.2, Avg(us): 80215, Min(us): 35296, Max(us): 129407, 50th(us): 84543, 90th(us): 99135, 95th(us): 104127, 99th(us): 112063, 99.9th(us): 123455, 99.99th(us): 129407
TOTAL  - Takes(s): 160.0, Count: 10585, OPS: 66.2, Avg(us): 60716, Min(us): 32896, Max(us): 131583, 50th(us): 51135, 90th(us): 91839, 95th(us): 97407, 99th(us): 105919, 99.9th(us): 116223, 99.99th(us): 123583
UPDATE - Takes(s): 160.0, Count: 6284, OPS: 39.3, Avg(us): 47841, Min(us): 32896, Max(us): 84287, 50th(us): 47391, 90th(us): 54943, 95th(us): 57343, 99th(us): 63391, 99.9th(us): 72383, 99.99th(us): 84159
READ   - Takes(s): 170.0, Count: 4596, OPS: 27.0, Avg(us): 79666, Min(us): 34048, Max(us): 131583, 50th(us): 84479, 90th(us): 98559, 95th(us): 102591, 99th(us): 111231, 99.9th(us): 119359, 99.99th(us): 131583
READ_ERROR - Takes(s): 169.9, Count: 2042, OPS: 12.0, Avg(us): 80206, Min(us): 35296, Max(us): 129407, 50th(us): 84607, 90th(us): 99135, 95th(us): 104127, 99th(us): 112063, 99.9th(us): 123455, 99.99th(us): 129407
TOTAL  - Takes(s): 170.0, Count: 11262, OPS: 66.3, Avg(us): 60884, Min(us): 32896, Max(us): 131583, 50th(us): 51327, 90th(us): 91839, 95th(us): 97279, 99th(us): 105791, 99.9th(us): 116223, 99.99th(us): 123583
UPDATE - Takes(s): 170.0, Count: 6666, OPS: 39.2, Avg(us): 47935, Min(us): 32896, Max(us): 84287, 50th(us): 47455, 90th(us): 55135, 95th(us): 57631, 99th(us): 63551, 99.9th(us): 71743, 99.99th(us): 84159
READ   - Takes(s): 180.0, Count: 4898, OPS: 27.2, Avg(us): 79706, Min(us): 34048, Max(us): 131583, 50th(us): 84415, 90th(us): 98623, 95th(us): 102719, 99th(us): 111615, 99.9th(us): 121855, 99.99th(us): 131583
READ_ERROR - Takes(s): 179.9, Count: 2145, OPS: 11.9, Avg(us): 79996, Min(us): 35040, Max(us): 129407, 50th(us): 84415, 90th(us): 99071, 95th(us): 103807, 99th(us): 112063, 99.9th(us): 123455, 99.99th(us): 129407
TOTAL  - Takes(s): 180.0, Count: 11940, OPS: 66.3, Avg(us): 60969, Min(us): 32896, Max(us): 131583, 50th(us): 51391, 90th(us): 91839, 95th(us): 97279, 99th(us): 105919, 99.9th(us): 116607, 99.99th(us): 123583
UPDATE - Takes(s): 180.0, Count: 7042, OPS: 39.1, Avg(us): 47937, Min(us): 32896, Max(us): 88895, 50th(us): 47455, 90th(us): 55167, 95th(us): 57791, 99th(us): 63967, 99.9th(us): 75327, 99.99th(us): 84287
READ   - Takes(s): 190.0, Count: 5207, OPS: 27.4, Avg(us): 79505, Min(us): 31696, Max(us): 131583, 50th(us): 84095, 90th(us): 98367, 95th(us): 102399, 99th(us): 111231, 99.9th(us): 121855, 99.99th(us): 123583
READ_ERROR - Takes(s): 189.9, Count: 2247, OPS: 11.8, Avg(us): 79845, Min(us): 35040, Max(us): 129407, 50th(us): 84287, 90th(us): 98815, 95th(us): 103487, 99th(us): 112063, 99.9th(us): 123455, 99.99th(us): 129407
TOTAL  - Takes(s): 190.0, Count: 12647, OPS: 66.6, Avg(us): 60906, Min(us): 31696, Max(us): 131583, 50th(us): 51359, 90th(us): 91647, 95th(us): 97023, 99th(us): 105791, 99.9th(us): 116287, 99.99th(us): 123583
UPDATE - Takes(s): 190.0, Count: 7440, OPS: 39.2, Avg(us): 47888, Min(us): 32896, Max(us): 88895, 50th(us): 47423, 90th(us): 55039, 95th(us): 57663, 99th(us): 64031, 99.9th(us): 75327, 99.99th(us): 84287
READ   - Takes(s): 200.0, Count: 5521, OPS: 27.6, Avg(us): 79369, Min(us): 31696, Max(us): 131583, 50th(us): 83775, 90th(us): 98239, 95th(us): 102079, 99th(us): 110783, 99.9th(us): 119871, 99.99th(us): 123583
READ_ERROR - Takes(s): 199.9, Count: 2340, OPS: 11.7, Avg(us): 79666, Min(us): 35040, Max(us): 129407, 50th(us): 84095, 90th(us): 98687, 95th(us): 103359, 99th(us): 112063, 99.9th(us): 123455, 99.99th(us): 129407
TOTAL  - Takes(s): 200.0, Count: 13362, OPS: 66.8, Avg(us): 60865, Min(us): 31696, Max(us): 131583, 50th(us): 51359, 90th(us): 91519, 95th(us): 96831, 99th(us): 105791, 99.9th(us): 116287, 99.99th(us): 123583
UPDATE - Takes(s): 200.0, Count: 7841, OPS: 39.2, Avg(us): 47837, Min(us): 32896, Max(us): 88895, 50th(us): 47359, 90th(us): 54943, 95th(us): 57471, 99th(us): 63967, 99.9th(us): 75327, 99.99th(us): 84287
READ   - Takes(s): 210.0, Count: 5831, OPS: 27.8, Avg(us): 79286, Min(us): 31696, Max(us): 131583, 50th(us): 83647, 90th(us): 98175, 95th(us): 102015, 99th(us): 111039, 99.9th(us): 121919, 99.99th(us): 128191
READ_ERROR - Takes(s): 209.9, Count: 2426, OPS: 11.6, Avg(us): 79666, Min(us): 35040, Max(us): 129407, 50th(us): 84031, 90th(us): 98559, 95th(us): 103039, 99th(us): 112063, 99.9th(us): 123455, 99.99th(us): 129407
TOTAL  - Takes(s): 210.0, Count: 14073, OPS: 67.0, Avg(us): 60846, Min(us): 31696, Max(us): 131583, 50th(us): 51327, 90th(us): 91455, 95th(us): 96831, 99th(us): 105791, 99.9th(us): 116607, 99.99th(us): 128191
UPDATE - Takes(s): 210.0, Count: 8242, OPS: 39.3, Avg(us): 47801, Min(us): 32896, Max(us): 88895, 50th(us): 47327, 90th(us): 54911, 95th(us): 57471, 99th(us): 64095, 99.9th(us): 75327, 99.99th(us): 87039
READ   - Takes(s): 220.0, Count: 6167, OPS: 28.0, Avg(us): 79234, Min(us): 31696, Max(us): 131583, 50th(us): 83583, 90th(us): 97983, 95th(us): 101887, 99th(us): 110399, 99.9th(us): 121919, 99.99th(us): 128191
READ_ERROR - Takes(s): 219.9, Count: 2514, OPS: 11.4, Avg(us): 79505, Min(us): 35040, Max(us): 129407, 50th(us): 83967, 90th(us): 98431, 95th(us): 102911, 99th(us): 112063, 99.9th(us): 123391, 99.99th(us): 129407
TOTAL  - Takes(s): 220.0, Count: 14777, OPS: 67.2, Avg(us): 60893, Min(us): 31696, Max(us): 131583, 50th(us): 51327, 90th(us): 91327, 95th(us): 96703, 99th(us): 105663, 99.9th(us): 116287, 99.99th(us): 128191
UPDATE - Takes(s): 220.0, Count: 8610, OPS: 39.1, Avg(us): 47757, Min(us): 32896, Max(us): 88895, 50th(us): 47263, 90th(us): 54847, 95th(us): 57375, 99th(us): 64159, 99.9th(us): 75327, 99.99th(us): 87039
READ   - Takes(s): 230.0, Count: 6488, OPS: 28.2, Avg(us): 79201, Min(us): 31696, Max(us): 131583, 50th(us): 83583, 90th(us): 98047, 95th(us): 101823, 99th(us): 111231, 99.9th(us): 121919, 99.99th(us): 128191
READ_ERROR - Takes(s): 229.9, Count: 2598, OPS: 11.3, Avg(us): 79485, Min(us): 35040, Max(us): 129407, 50th(us): 83903, 90th(us): 98559, 95th(us): 103103, 99th(us): 112063, 99.9th(us): 123391, 99.99th(us): 129407
TOTAL  - Takes(s): 230.0, Count: 15475, OPS: 67.3, Avg(us): 60948, Min(us): 31696, Max(us): 131583, 50th(us): 51391, 90th(us): 91455, 95th(us): 96831, 99th(us): 105727, 99.9th(us): 116607, 99.99th(us): 123583
UPDATE - Takes(s): 230.0, Count: 8987, OPS: 39.1, Avg(us): 47772, Min(us): 32896, Max(us): 88895, 50th(us): 47263, 90th(us): 54943, 95th(us): 57567, 99th(us): 64223, 99.9th(us): 75327, 99.99th(us): 87039
READ   - Takes(s): 240.0, Count: 6804, OPS: 28.4, Avg(us): 79127, Min(us): 31696, Max(us): 131583, 50th(us): 83647, 90th(us): 98047, 95th(us): 101695, 99th(us): 110591, 99.9th(us): 121855, 99.99th(us): 128191
READ_ERROR - Takes(s): 239.9, Count: 2668, OPS: 11.1, Avg(us): 79463, Min(us): 35040, Max(us): 129407, 50th(us): 83967, 90th(us): 98495, 95th(us): 103039, 99th(us): 112063, 99.9th(us): 123391, 99.99th(us): 129407
TOTAL  - Takes(s): 240.0, Count: 16206, OPS: 67.5, Avg(us): 60941, Min(us): 31696, Max(us): 131583, 50th(us): 51391, 90th(us): 91455, 95th(us): 96767, 99th(us): 105663, 99.9th(us): 116607, 99.99th(us): 123583
UPDATE - Takes(s): 240.0, Count: 9402, OPS: 39.2, Avg(us): 47780, Min(us): 32896, Max(us): 88895, 50th(us): 47263, 90th(us): 54975, 95th(us): 57503, 99th(us): 64159, 99.9th(us): 75327, 99.99th(us): 87039
READ   - Takes(s): 250.0, Count: 7146, OPS: 28.6, Avg(us): 79131, Min(us): 31696, Max(us): 131583, 50th(us): 83647, 90th(us): 97919, 95th(us): 101631, 99th(us): 110463, 99.9th(us): 121855, 99.99th(us): 128191
READ_ERROR - Takes(s): 249.9, Count: 2733, OPS: 10.9, Avg(us): 79407, Min(us): 34592, Max(us): 129407, 50th(us): 83967, 90th(us): 98623, 95th(us): 102975, 99th(us): 112063, 99.9th(us): 123391, 99.99th(us): 129407
TOTAL  - Takes(s): 250.0, Count: 16920, OPS: 67.7, Avg(us): 61019, Min(us): 31696, Max(us): 131583, 50th(us): 51455, 90th(us): 91519, 95th(us): 96767, 99th(us): 105599, 99.9th(us): 116287, 99.99th(us): 123583
UPDATE - Takes(s): 250.0, Count: 9774, OPS: 39.1, Avg(us): 47776, Min(us): 32896, Max(us): 88895, 50th(us): 47231, 90th(us): 54975, 95th(us): 57567, 99th(us): 64223, 99.9th(us): 75327, 99.99th(us): 87039
READ   - Takes(s): 260.0, Count: 7437, OPS: 28.6, Avg(us): 79062, Min(us): 31696, Max(us): 131583, 50th(us): 83583, 90th(us): 97791, 95th(us): 101503, 99th(us): 110143, 99.9th(us): 121855, 99.99th(us): 128191
READ_ERROR - Takes(s): 259.9, Count: 2817, OPS: 10.8, Avg(us): 79352, Min(us): 34592, Max(us): 129407, 50th(us): 83903, 90th(us): 98495, 95th(us): 102975, 99th(us): 112063, 99.9th(us): 123391, 99.99th(us): 129407
TOTAL  - Takes(s): 260.0, Count: 17656, OPS: 67.9, Avg(us): 60943, Min(us): 31696, Max(us): 131583, 50th(us): 51391, 90th(us): 91455, 95th(us): 96639, 99th(us): 105535, 99.9th(us): 116287, 99.99th(us): 123583
UPDATE - Takes(s): 260.0, Count: 10219, OPS: 39.3, Avg(us): 47756, Min(us): 32896, Max(us): 88895, 50th(us): 47231, 90th(us): 54975, 95th(us): 57535, 99th(us): 64223, 99.9th(us): 75327, 99.99th(us): 87039
READ   - Takes(s): 270.0, Count: 7771, OPS: 28.8, Avg(us): 79165, Min(us): 31696, Max(us): 131583, 50th(us): 83583, 90th(us): 97663, 95th(us): 101503, 99th(us): 111039, 99.9th(us): 121919, 99.99th(us): 128191
READ_ERROR - Takes(s): 269.9, Count: 2893, OPS: 10.7, Avg(us): 79377, Min(us): 34592, Max(us): 129407, 50th(us): 83903, 90th(us): 98495, 95th(us): 102975, 99th(us): 112063, 99.9th(us): 123455, 99.99th(us): 129407
TOTAL  - Takes(s): 270.0, Count: 18346, OPS: 68.0, Avg(us): 61050, Min(us): 31696, Max(us): 131583, 50th(us): 51423, 90th(us): 91455, 95th(us): 96575, 99th(us): 105535, 99.9th(us): 117119, 99.99th(us): 127039
UPDATE - Takes(s): 270.0, Count: 10575, OPS: 39.2, Avg(us): 47739, Min(us): 32896, Max(us): 88895, 50th(us): 47199, 90th(us): 54975, 95th(us): 57471, 99th(us): 64191, 99.9th(us): 75327, 99.99th(us): 87039
READ   - Takes(s): 280.0, Count: 8089, OPS: 28.9, Avg(us): 79155, Min(us): 31696, Max(us): 131583, 50th(us): 83583, 90th(us): 97599, 95th(us): 101503, 99th(us): 110783, 99.9th(us): 121919, 99.99th(us): 128191
READ_ERROR - Takes(s): 279.9, Count: 2962, OPS: 10.6, Avg(us): 79315, Min(us): 34592, Max(us): 129407, 50th(us): 83775, 90th(us): 98431, 95th(us): 102975, 99th(us): 112063, 99.9th(us): 123455, 99.99th(us): 129407
TOTAL  - Takes(s): 280.0, Count: 19076, OPS: 68.1, Avg(us): 61053, Min(us): 31696, Max(us): 131583, 50th(us): 51423, 90th(us): 91327, 95th(us): 96575, 99th(us): 105599, 99.9th(us): 116735, 99.99th(us): 127039
UPDATE - Takes(s): 280.0, Count: 10987, OPS: 39.2, Avg(us): 47726, Min(us): 32896, Max(us): 88895, 50th(us): 47199, 90th(us): 54975, 95th(us): 57471, 99th(us): 64223, 99.9th(us): 75327, 99.99th(us): 87039
READ   - Takes(s): 290.0, Count: 8433, OPS: 29.1, Avg(us): 79186, Min(us): 31696, Max(us): 131583, 50th(us): 83583, 90th(us): 97471, 95th(us): 101567, 99th(us): 111295, 99.9th(us): 122303, 99.99th(us): 128191
READ_ERROR - Takes(s): 289.9, Count: 3011, OPS: 10.4, Avg(us): 79270, Min(us): 34592, Max(us): 129407, 50th(us): 83711, 90th(us): 98367, 95th(us): 102975, 99th(us): 112063, 99.9th(us): 123455, 99.99th(us): 129407
TOTAL  - Takes(s): 290.0, Count: 19799, OPS: 68.3, Avg(us): 61152, Min(us): 31696, Max(us): 131583, 50th(us): 51519, 90th(us): 91391, 95th(us): 96511, 99th(us): 105599, 99.9th(us): 117247, 99.99th(us): 127039
UPDATE - Takes(s): 290.0, Count: 11366, OPS: 39.2, Avg(us): 47772, Min(us): 32896, Max(us): 88895, 50th(us): 47231, 90th(us): 55103, 95th(us): 57727, 99th(us): 64671, 99.9th(us): 75775, 99.99th(us): 87039
READ   - Takes(s): 300.0, Count: 8788, OPS: 29.3, Avg(us): 79204, Min(us): 31696, Max(us): 131583, 50th(us): 83583, 90th(us): 97471, 95th(us): 101567, 99th(us): 111231, 99.9th(us): 122239, 99.99th(us): 128191
READ_ERROR - Takes(s): 299.9, Count: 3068, OPS: 10.2, Avg(us): 79224, Min(us): 34592, Max(us): 129407, 50th(us): 83647, 90th(us): 98239, 95th(us): 102911, 99th(us): 112063, 99.9th(us): 123455, 99.99th(us): 129407
TOTAL  - Takes(s): 300.0, Count: 20520, OPS: 68.4, Avg(us): 61231, Min(us): 31696, Max(us): 131583, 50th(us): 51583, 90th(us): 91391, 95th(us): 96575, 99th(us): 105599, 99.9th(us): 117119, 99.99th(us): 127039
UPDATE - Takes(s): 300.0, Count: 11732, OPS: 39.1, Avg(us): 47767, Min(us): 32896, Max(us): 88895, 50th(us): 47231, 90th(us): 55103, 95th(us): 57727, 99th(us): 64575, 99.9th(us): 75775, 99.99th(us): 87039
READ   - Takes(s): 310.0, Count: 9128, OPS: 29.4, Avg(us): 79228, Min(us): 31696, Max(us): 131583, 50th(us): 83583, 90th(us): 97471, 95th(us): 101503, 99th(us): 111039, 99.9th(us): 122239, 99.99th(us): 128191
READ_ERROR - Takes(s): 309.9, Count: 3134, OPS: 10.1, Avg(us): 79168, Min(us): 34592, Max(us): 129407, 50th(us): 83583, 90th(us): 98175, 95th(us): 102847, 99th(us): 112063, 99.9th(us): 123455, 99.99th(us): 129407
TOTAL  - Takes(s): 310.0, Count: 21237, OPS: 68.5, Avg(us): 61284, Min(us): 31696, Max(us): 131583, 50th(us): 51615, 90th(us): 91455, 95th(us): 96511, 99th(us): 105599, 99.9th(us): 117119, 99.99th(us): 127039
UPDATE - Takes(s): 310.0, Count: 12109, OPS: 39.1, Avg(us): 47757, Min(us): 32896, Max(us): 88895, 50th(us): 47199, 90th(us): 55103, 95th(us): 57791, 99th(us): 64383, 99.9th(us): 75775, 99.99th(us): 87039
READ   - Takes(s): 320.0, Count: 9468, OPS: 29.6, Avg(us): 79126, Min(us): 31696, Max(us): 131583, 50th(us): 83455, 90th(us): 97343, 95th(us): 101311, 99th(us): 110463, 99.9th(us): 122239, 99.99th(us): 128191
READ_ERROR - Takes(s): 319.9, Count: 3202, OPS: 10.0, Avg(us): 79035, Min(us): 34592, Max(us): 129407, 50th(us): 83519, 90th(us): 98111, 95th(us): 102719, 99th(us): 112063, 99.9th(us): 123455, 99.99th(us): 129407
TOTAL  - Takes(s): 320.0, Count: 21997, OPS: 68.7, Avg(us): 61205, Min(us): 31696, Max(us): 131583, 50th(us): 51519, 90th(us): 91327, 95th(us): 96383, 99th(us): 105535, 99.9th(us): 116735, 99.99th(us): 127039
UPDATE - Takes(s): 320.0, Count: 12529, OPS: 39.2, Avg(us): 47662, Min(us): 32896, Max(us): 88895, 50th(us): 47103, 90th(us): 54975, 95th(us): 57631, 99th(us): 64223, 99.9th(us): 75327, 99.99th(us): 87039
READ   - Takes(s): 330.0, Count: 9808, OPS: 29.7, Avg(us): 78987, Min(us): 31696, Max(us): 131583, 50th(us): 83327, 90th(us): 97215, 95th(us): 101247, 99th(us): 110399, 99.9th(us): 121919, 99.99th(us): 128191
READ_ERROR - Takes(s): 329.9, Count: 3245, OPS: 9.8, Avg(us): 79038, Min(us): 34592, Max(us): 129407, 50th(us): 83519, 90th(us): 98111, 95th(us): 102719, 99th(us): 112063, 99.9th(us): 123455, 99.99th(us): 129407
TOTAL  - Takes(s): 330.0, Count: 22777, OPS: 69.0, Avg(us): 61156, Min(us): 31696, Max(us): 131583, 50th(us): 51551, 90th(us): 91135, 95th(us): 96255, 99th(us): 105471, 99.9th(us): 116735, 99.99th(us): 127039
UPDATE - Takes(s): 330.0, Count: 12969, OPS: 39.3, Avg(us): 47671, Min(us): 32896, Max(us): 88895, 50th(us): 47103, 90th(us): 55007, 95th(us): 57663, 99th(us): 64415, 99.9th(us): 75327, 99.99th(us): 87039
READ   - Takes(s): 340.0, Count: 10154, OPS: 29.9, Avg(us): 78910, Min(us): 31696, Max(us): 131583, 50th(us): 83263, 90th(us): 97151, 95th(us): 101183, 99th(us): 109951, 99.9th(us): 121919, 99.99th(us): 128191
READ_ERROR - Takes(s): 339.9, Count: 3309, OPS: 9.7, Avg(us): 79000, Min(us): 34592, Max(us): 129407, 50th(us): 83455, 90th(us): 98047, 95th(us): 102719, 99th(us): 112063, 99.9th(us): 123455, 99.99th(us): 129407
TOTAL  - Takes(s): 340.0, Count: 23512, OPS: 69.2, Avg(us): 61166, Min(us): 31696, Max(us): 131583, 50th(us): 51551, 90th(us): 91007, 95th(us): 96127, 99th(us): 105343, 99.9th(us): 116607, 99.99th(us): 127039
UPDATE - Takes(s): 340.0, Count: 13358, OPS: 39.3, Avg(us): 47678, Min(us): 32896, Max(us): 88895, 50th(us): 47135, 90th(us): 54975, 95th(us): 57695, 99th(us): 64383, 99.9th(us): 75327, 99.99th(us): 87039
READ   - Takes(s): 350.0, Count: 10494, OPS: 30.0, Avg(us): 78820, Min(us): 31696, Max(us): 131583, 50th(us): 83135, 90th(us): 97087, 95th(us): 101183, 99th(us): 110143, 99.9th(us): 121919, 99.99th(us): 128191
READ_ERROR - Takes(s): 349.9, Count: 3359, OPS: 9.6, Avg(us): 78945, Min(us): 34592, Max(us): 129407, 50th(us): 83455, 90th(us): 98047, 95th(us): 102719, 99th(us): 111999, 99.9th(us): 123455, 99.99th(us): 129407
TOTAL  - Takes(s): 350.0, Count: 24278, OPS: 69.4, Avg(us): 61138, Min(us): 31696, Max(us): 131583, 50th(us): 51551, 90th(us): 91007, 95th(us): 96127, 99th(us): 105343, 99.9th(us): 116607, 99.99th(us): 127039
UPDATE - Takes(s): 350.0, Count: 13784, OPS: 39.4, Avg(us): 47677, Min(us): 32896, Max(us): 88895, 50th(us): 47135, 90th(us): 54975, 95th(us): 57791, 99th(us): 64671, 99.9th(us): 75775, 99.99th(us): 87039
READ   - Takes(s): 360.0, Count: 10865, OPS: 30.2, Avg(us): 78710, Min(us): 31696, Max(us): 131583, 50th(us): 83071, 90th(us): 96959, 95th(us): 101055, 99th(us): 109951, 99.9th(us): 121855, 99.99th(us): 128191
READ_ERROR - Takes(s): 359.9, Count: 3404, OPS: 9.5, Avg(us): 78932, Min(us): 34592, Max(us): 129407, 50th(us): 83391, 90th(us): 97983, 95th(us): 102719, 99th(us): 111999, 99.9th(us): 123455, 99.99th(us): 129407
TOTAL  - Takes(s): 360.0, Count: 25041, OPS: 69.6, Avg(us): 61133, Min(us): 31696, Max(us): 131583, 50th(us): 51551, 90th(us): 90879, 95th(us): 95999, 99th(us): 105279, 99.9th(us): 116607, 99.99th(us): 126975
UPDATE - Takes(s): 360.0, Count: 14176, OPS: 39.4, Avg(us): 47660, Min(us): 32896, Max(us): 88895, 50th(us): 47103, 90th(us): 54943, 95th(us): 57791, 99th(us): 64447, 99.9th(us): 75775, 99.99th(us): 87039
READ   - Takes(s): 370.0, Count: 11220, OPS: 30.3, Avg(us): 78638, Min(us): 31696, Max(us): 140415, 50th(us): 82943, 90th(us): 96831, 95th(us): 100927, 99th(us): 110015, 99.9th(us): 122239, 99.99th(us): 140287
READ_ERROR - Takes(s): 369.9, Count: 3456, OPS: 9.3, Avg(us): 78860, Min(us): 34592, Max(us): 129407, 50th(us): 83327, 90th(us): 97791, 95th(us): 102655, 99th(us): 111871, 99.9th(us): 123455, 99.99th(us): 129407
TOTAL  - Takes(s): 370.0, Count: 25799, OPS: 69.7, Avg(us): 61121, Min(us): 31696, Max(us): 140415, 50th(us): 51583, 90th(us): 90751, 95th(us): 95935, 99th(us): 105151, 99.9th(us): 116735, 99.99th(us): 128191
UPDATE - Takes(s): 370.0, Count: 14579, OPS: 39.4, Avg(us): 47640, Min(us): 32896, Max(us): 88895, 50th(us): 47103, 90th(us): 54911, 95th(us): 57695, 99th(us): 64447, 99.9th(us): 75903, 99.99th(us): 87039
READ   - Takes(s): 380.0, Count: 11578, OPS: 30.5, Avg(us): 78613, Min(us): 31696, Max(us): 140415, 50th(us): 82879, 90th(us): 96767, 95th(us): 100927, 99th(us): 109759, 99.9th(us): 121919, 99.99th(us): 140287
READ_ERROR - Takes(s): 379.9, Count: 3503, OPS: 9.2, Avg(us): 78786, Min(us): 34592, Max(us): 129407, 50th(us): 83327, 90th(us): 97791, 95th(us): 102591, 99th(us): 111871, 99.9th(us): 123391, 99.99th(us): 129407
TOTAL  - Takes(s): 380.0, Count: 26553, OPS: 69.9, Avg(us): 61143, Min(us): 31696, Max(us): 140415, 50th(us): 51583, 90th(us): 90751, 95th(us): 95935, 99th(us): 105023, 99.9th(us): 116607, 99.99th(us): 128191
UPDATE - Takes(s): 380.0, Count: 14975, OPS: 39.4, Avg(us): 47636, Min(us): 32896, Max(us): 88895, 50th(us): 47071, 90th(us): 54911, 95th(us): 57695, 99th(us): 64671, 99.9th(us): 75903, 99.99th(us): 87039
READ   - Takes(s): 390.0, Count: 11940, OPS: 30.6, Avg(us): 78481, Min(us): 31696, Max(us): 140415, 50th(us): 82815, 90th(us): 96703, 95th(us): 100799, 99th(us): 109695, 99.9th(us): 121919, 99.99th(us): 140287
READ_ERROR - Takes(s): 389.9, Count: 3552, OPS: 9.1, Avg(us): 78725, Min(us): 33504, Max(us): 129407, 50th(us): 83263, 90th(us): 97727, 95th(us): 102527, 99th(us): 111807, 99.9th(us): 123391, 99.99th(us): 129407
TOTAL  - Takes(s): 390.0, Count: 27326, OPS: 70.1, Avg(us): 61105, Min(us): 31696, Max(us): 140415, 50th(us): 51551, 90th(us): 90687, 95th(us): 95807, 99th(us): 104895, 99.9th(us): 116607, 99.99th(us): 128191
UPDATE - Takes(s): 390.0, Count: 15386, OPS: 39.5, Avg(us): 47621, Min(us): 32896, Max(us): 88895, 50th(us): 47071, 90th(us): 54879, 95th(us): 57695, 99th(us): 64575, 99.9th(us): 75903, 99.99th(us): 84415
READ   - Takes(s): 400.0, Count: 12287, OPS: 30.7, Avg(us): 78417, Min(us): 31696, Max(us): 140415, 50th(us): 82687, 90th(us): 96703, 95th(us): 100799, 99th(us): 109439, 99.9th(us): 121919, 99.99th(us): 140287
READ_ERROR - Takes(s): 399.9, Count: 3603, OPS: 9.0, Avg(us): 78665, Min(us): 33504, Max(us): 129407, 50th(us): 83199, 90th(us): 97599, 95th(us): 102527, 99th(us): 111807, 99.9th(us): 123391, 99.99th(us): 129407
TOTAL  - Takes(s): 400.0, Count: 28093, OPS: 70.2, Avg(us): 61084, Min(us): 31696, Max(us): 140415, 50th(us): 51551, 90th(us): 90623, 95th(us): 95807, 99th(us): 104767, 99.9th(us): 116607, 99.99th(us): 128191
UPDATE - Takes(s): 400.0, Count: 15806, OPS: 39.5, Avg(us): 47610, Min(us): 32896, Max(us): 88895, 50th(us): 47039, 90th(us): 54879, 95th(us): 57663, 99th(us): 64415, 99.9th(us): 75775, 99.99th(us): 84415
READ   - Takes(s): 410.0, Count: 12659, OPS: 30.9, Avg(us): 78378, Min(us): 31696, Max(us): 140415, 50th(us): 82623, 90th(us): 96639, 95th(us): 100735, 99th(us): 109695, 99.9th(us): 121855, 99.99th(us): 140287
READ_ERROR - Takes(s): 409.9, Count: 3643, OPS: 8.9, Avg(us): 78665, Min(us): 33504, Max(us): 129407, 50th(us): 83199, 90th(us): 97599, 95th(us): 102591, 99th(us): 111807, 99.9th(us): 123391, 99.99th(us): 129407
TOTAL  - Takes(s): 410.0, Count: 28853, OPS: 70.4, Avg(us): 61096, Min(us): 31696, Max(us): 140415, 50th(us): 51551, 90th(us): 90623, 95th(us): 95679, 99th(us): 104831, 99.9th(us): 116607, 99.99th(us): 128191
UPDATE - Takes(s): 410.0, Count: 16194, OPS: 39.5, Avg(us): 47587, Min(us): 32896, Max(us): 88895, 50th(us): 47007, 90th(us): 54847, 95th(us): 57663, 99th(us): 64447, 99.9th(us): 75903, 99.99th(us): 84415
READ   - Takes(s): 420.0, Count: 13019, OPS: 31.0, Avg(us): 78269, Min(us): 31696, Max(us): 140415, 50th(us): 82495, 90th(us): 96511, 95th(us): 100671, 99th(us): 109695, 99.9th(us): 122239, 99.99th(us): 140287
READ_ERROR - Takes(s): 419.9, Count: 3690, OPS: 8.8, Avg(us): 78603, Min(us): 33504, Max(us): 129407, 50th(us): 83199, 90th(us): 97599, 95th(us): 102591, 99th(us): 111807, 99.9th(us): 123391, 99.99th(us): 129407
TOTAL  - Takes(s): 420.0, Count: 29631, OPS: 70.6, Avg(us): 61066, Min(us): 31696, Max(us): 140415, 50th(us): 51551, 90th(us): 90559, 95th(us): 95615, 99th(us): 104831, 99.9th(us): 116735, 99.99th(us): 128191
UPDATE - Takes(s): 420.0, Count: 16612, OPS: 39.6, Avg(us): 47584, Min(us): 32896, Max(us): 88895, 50th(us): 47007, 90th(us): 54847, 95th(us): 57695, 99th(us): 64767, 99.9th(us): 75903, 99.99th(us): 84415
READ   - Takes(s): 430.0, Count: 13396, OPS: 31.2, Avg(us): 78221, Min(us): 31696, Max(us): 140415, 50th(us): 82367, 90th(us): 96383, 95th(us): 100543, 99th(us): 109951, 99.9th(us): 122367, 99.99th(us): 140287
READ_ERROR - Takes(s): 429.9, Count: 3731, OPS: 8.7, Avg(us): 78619, Min(us): 33440, Max(us): 129407, 50th(us): 83135, 90th(us): 97599, 95th(us): 102591, 99th(us): 111999, 99.9th(us): 123391, 99.99th(us): 129407
TOTAL  - Takes(s): 430.0, Count: 30396, OPS: 70.7, Avg(us): 61062, Min(us): 31696, Max(us): 140415, 50th(us): 51551, 90th(us): 90495, 95th(us): 95551, 99th(us): 104895, 99.9th(us): 117247, 99.99th(us): 128191
UPDATE - Takes(s): 430.0, Count: 17000, OPS: 39.5, Avg(us): 47540, Min(us): 32896, Max(us): 88895, 50th(us): 46975, 90th(us): 54815, 95th(us): 57631, 99th(us): 64447, 99.9th(us): 75967, 99.99th(us): 84415
READ   - Takes(s): 440.0, Count: 13797, OPS: 31.4, Avg(us): 78117, Min(us): 31520, Max(us): 140415, 50th(us): 82303, 90th(us): 96319, 95th(us): 100479, 99th(us): 109695, 99.9th(us): 122303, 99.99th(us): 140287
READ_ERROR - Takes(s): 439.9, Count: 3772, OPS: 8.6, Avg(us): 78610, Min(us): 33440, Max(us): 129407, 50th(us): 83071, 90th(us): 97599, 95th(us): 102591, 99th(us): 111999, 99.9th(us): 123391, 99.99th(us): 129407
TOTAL  - Takes(s): 440.0, Count: 31177, OPS: 70.9, Avg(us): 61033, Min(us): 31520, Max(us): 140415, 50th(us): 51551, 90th(us): 90495, 95th(us): 95487, 99th(us): 104767, 99.9th(us): 117119, 99.99th(us): 128191
UPDATE - Takes(s): 440.0, Count: 17380, OPS: 39.5, Avg(us): 47471, Min(us): 32720, Max(us): 88895, 50th(us): 46879, 90th(us): 54751, 95th(us): 57503, 99th(us): 64383, 99.9th(us): 75967, 99.99th(us): 84415
READ   - Takes(s): 450.0, Count: 14181, OPS: 31.5, Avg(us): 78027, Min(us): 31520, Max(us): 140415, 50th(us): 82239, 90th(us): 96191, 95th(us): 100351, 99th(us): 109631, 99.9th(us): 122303, 99.99th(us): 140287
READ_ERROR - Takes(s): 449.9, Count: 3815, OPS: 8.5, Avg(us): 78571, Min(us): 33440, Max(us): 129407, 50th(us): 83007, 90th(us): 97535, 95th(us): 102527, 99th(us): 111999, 99.9th(us): 123391, 99.99th(us): 129407
TOTAL  - Takes(s): 450.0, Count: 31951, OPS: 71.0, Avg(us): 61016, Min(us): 31520, Max(us): 140415, 50th(us): 51519, 90th(us): 90367, 95th(us): 95423, 99th(us): 104767, 99.9th(us): 116927, 99.99th(us): 128191
UPDATE - Takes(s): 450.0, Count: 17770, OPS: 39.5, Avg(us): 47440, Min(us): 32720, Max(us): 88895, 50th(us): 46879, 90th(us): 54719, 95th(us): 57471, 99th(us): 64319, 99.9th(us): 75903, 99.99th(us): 84415
READ   - Takes(s): 460.0, Count: 14550, OPS: 31.6, Avg(us): 77955, Min(us): 31520, Max(us): 140415, 50th(us): 82239, 90th(us): 96127, 95th(us): 100351, 99th(us): 109631, 99.9th(us): 122239, 99.99th(us): 140287
READ_ERROR - Takes(s): 459.9, Count: 3847, OPS: 8.4, Avg(us): 78518, Min(us): 33440, Max(us): 129407, 50th(us): 82943, 90th(us): 97471, 95th(us): 102527, 99th(us): 111999, 99.9th(us): 123391, 99.99th(us): 129407
TOTAL  - Takes(s): 460.0, Count: 32759, OPS: 71.2, Avg(us): 60967, Min(us): 31520, Max(us): 140415, 50th(us): 51455, 90th(us): 90367, 95th(us): 95359, 99th(us): 104703, 99.9th(us): 116735, 99.99th(us): 128191
UPDATE - Takes(s): 460.0, Count: 18209, OPS: 39.6, Avg(us): 47393, Min(us): 32720, Max(us): 88895, 50th(us): 46815, 90th(us): 54687, 95th(us): 57471, 99th(us): 64351, 99.9th(us): 75903, 99.99th(us): 84415
READ   - Takes(s): 470.0, Count: 14942, OPS: 31.8, Avg(us): 77916, Min(us): 31520, Max(us): 140415, 50th(us): 82239, 90th(us): 96063, 95th(us): 100223, 99th(us): 109183, 99.9th(us): 122239, 99.99th(us): 140287
READ_ERROR - Takes(s): 469.9, Count: 3881, OPS: 8.3, Avg(us): 78500, Min(us): 33440, Max(us): 129407, 50th(us): 82943, 90th(us): 97343, 95th(us): 102463, 99th(us): 111871, 99.9th(us): 123391, 99.99th(us): 129407
TOTAL  - Takes(s): 470.0, Count: 33546, OPS: 71.4, Avg(us): 60954, Min(us): 31520, Max(us): 140415, 50th(us): 51423, 90th(us): 90367, 95th(us): 95295, 99th(us): 104575, 99.9th(us): 116607, 99.99th(us): 128191
UPDATE - Takes(s): 470.0, Count: 18604, OPS: 39.6, Avg(us): 47332, Min(us): 32720, Max(us): 88895, 50th(us): 46751, 90th(us): 54655, 95th(us): 57407, 99th(us): 64319, 99.9th(us): 75775, 99.99th(us): 84415
READ   - Takes(s): 480.0, Count: 15324, OPS: 31.9, Avg(us): 77841, Min(us): 31520, Max(us): 140415, 50th(us): 82175, 90th(us): 95999, 95th(us): 100159, 99th(us): 109119, 99.9th(us): 122303, 99.99th(us): 131583
READ_ERROR - Takes(s): 479.9, Count: 3913, OPS: 8.2, Avg(us): 78501, Min(us): 33440, Max(us): 129407, 50th(us): 82943, 90th(us): 97343, 95th(us): 102463, 99th(us): 111871, 99.9th(us): 123391, 99.99th(us): 129407
TOTAL  - Takes(s): 480.0, Count: 34329, OPS: 71.5, Avg(us): 60940, Min(us): 31520, Max(us): 140415, 50th(us): 51391, 90th(us): 90367, 95th(us): 95295, 99th(us): 104447, 99.9th(us): 116735, 99.99th(us): 128191
UPDATE - Takes(s): 480.0, Count: 19005, OPS: 39.6, Avg(us): 47313, Min(us): 32720, Max(us): 88895, 50th(us): 46719, 90th(us): 54623, 95th(us): 57407, 99th(us): 64223, 99.9th(us): 75903, 99.99th(us): 84415
READ   - Takes(s): 490.0, Count: 15689, OPS: 32.0, Avg(us): 77819, Min(us): 31520, Max(us): 140415, 50th(us): 82111, 90th(us): 95999, 95th(us): 100159, 99th(us): 108991, 99.9th(us): 122239, 99.99th(us): 131583
READ_ERROR - Takes(s): 489.9, Count: 3953, OPS: 8.1, Avg(us): 78475, Min(us): 33440, Max(us): 129407, 50th(us): 82879, 90th(us): 97343, 95th(us): 102463, 99th(us): 111807, 99.9th(us): 123391, 99.99th(us): 129407
TOTAL  - Takes(s): 490.0, Count: 35090, OPS: 71.6, Avg(us): 60959, Min(us): 31520, Max(us): 140415, 50th(us): 51455, 90th(us): 90303, 95th(us): 95231, 99th(us): 104447, 99.9th(us): 116607, 99.99th(us): 127039
UPDATE - Takes(s): 490.0, Count: 19401, OPS: 39.6, Avg(us): 47326, Min(us): 32720, Max(us): 88895, 50th(us): 46751, 90th(us): 54655, 95th(us): 57471, 99th(us): 64223, 99.9th(us): 75903, 99.99th(us): 84415
READ   - Takes(s): 500.0, Count: 16056, OPS: 32.1, Avg(us): 77784, Min(us): 31520, Max(us): 140415, 50th(us): 82047, 90th(us): 95935, 95th(us): 100095, 99th(us): 108991, 99.9th(us): 122239, 99.99th(us): 131583
READ_ERROR - Takes(s): 499.9, Count: 3990, OPS: 8.0, Avg(us): 78443, Min(us): 33440, Max(us): 129407, 50th(us): 82815, 90th(us): 97343, 95th(us): 102463, 99th(us): 111807, 99.9th(us): 123391, 99.99th(us): 129407
TOTAL  - Takes(s): 500.0, Count: 35873, OPS: 71.8, Avg(us): 60949, Min(us): 31520, Max(us): 140415, 50th(us): 51423, 90th(us): 90239, 95th(us): 95167, 99th(us): 104447, 99.9th(us): 116607, 99.99th(us): 127039
UPDATE - Takes(s): 500.0, Count: 19817, OPS: 39.6, Avg(us): 47310, Min(us): 32720, Max(us): 88895, 50th(us): 46719, 90th(us): 54623, 95th(us): 57471, 99th(us): 64223, 99.9th(us): 75775, 99.99th(us): 84415
READ   - Takes(s): 510.0, Count: 16401, OPS: 32.2, Avg(us): 77804, Min(us): 31520, Max(us): 140415, 50th(us): 82047, 90th(us): 95935, 95th(us): 100159, 99th(us): 109439, 99.9th(us): 123199, 99.99th(us): 132351
READ_ERROR - Takes(s): 509.9, Count: 4028, OPS: 7.9, Avg(us): 78486, Min(us): 33440, Max(us): 129407, 50th(us): 82815, 90th(us): 97343, 95th(us): 102527, 99th(us): 111807, 99.9th(us): 123391, 99.99th(us): 129407
TOTAL  - Takes(s): 510.0, Count: 36623, OPS: 71.8, Avg(us): 60975, Min(us): 31520, Max(us): 140415, 50th(us): 51455, 90th(us): 90239, 95th(us): 95231, 99th(us): 104703, 99.9th(us): 116735, 99.99th(us): 129023
UPDATE - Takes(s): 510.0, Count: 20222, OPS: 39.7, Avg(us): 47325, Min(us): 32720, Max(us): 88895, 50th(us): 46719, 90th(us): 54719, 95th(us): 57567, 99th(us): 64415, 99.9th(us): 75775, 99.99th(us): 84415
READ   - Takes(s): 520.0, Count: 16770, OPS: 32.3, Avg(us): 77812, Min(us): 31520, Max(us): 140415, 50th(us): 82047, 90th(us): 95999, 95th(us): 100159, 99th(us): 109439, 99.9th(us): 122367, 99.99th(us): 132351
READ_ERROR - Takes(s): 519.9, Count: 4058, OPS: 7.8, Avg(us): 78475, Min(us): 33440, Max(us): 129407, 50th(us): 82815, 90th(us): 97343, 95th(us): 102463, 99th(us): 111807, 99.9th(us): 123391, 99.99th(us): 129407
TOTAL  - Takes(s): 520.0, Count: 37389, OPS: 71.9, Avg(us): 61005, Min(us): 31520, Max(us): 140415, 50th(us): 51487, 90th(us): 90303, 95th(us): 95295, 99th(us): 104703, 99.9th(us): 116735, 99.99th(us): 129023
UPDATE - Takes(s): 520.0, Count: 20619, OPS: 39.7, Avg(us): 47335, Min(us): 32720, Max(us): 88895, 50th(us): 46719, 90th(us): 54719, 95th(us): 57663, 99th(us): 64671, 99.9th(us): 75903, 99.99th(us): 84415
READ   - Takes(s): 530.0, Count: 17142, OPS: 32.3, Avg(us): 77828, Min(us): 31520, Max(us): 140415, 50th(us): 82111, 90th(us): 95999, 95th(us): 100159, 99th(us): 109439, 99.9th(us): 122367, 99.99th(us): 132351
READ_ERROR - Takes(s): 529.9, Count: 4095, OPS: 7.7, Avg(us): 78478, Min(us): 33440, Max(us): 129407, 50th(us): 82879, 90th(us): 97471, 95th(us): 102463, 99th(us): 111807, 99.9th(us): 123391, 99.99th(us): 129407
TOTAL  - Takes(s): 530.0, Count: 38132, OPS: 72.0, Avg(us): 61051, Min(us): 31520, Max(us): 140415, 50th(us): 51551, 90th(us): 90303, 95th(us): 95295, 99th(us): 104895, 99.9th(us): 116607, 99.99th(us): 129023
UPDATE - Takes(s): 530.0, Count: 20990, OPS: 39.6, Avg(us): 47350, Min(us): 32576, Max(us): 88895, 50th(us): 46719, 90th(us): 54751, 95th(us): 57727, 99th(us): 64895, 99.9th(us): 75903, 99.99th(us): 84415
READ   - Takes(s): 540.0, Count: 17508, OPS: 32.4, Avg(us): 77850, Min(us): 31520, Max(us): 140415, 50th(us): 82111, 90th(us): 95999, 95th(us): 100223, 99th(us): 109183, 99.9th(us): 122303, 99.99th(us): 132351
READ_ERROR - Takes(s): 539.9, Count: 4129, OPS: 7.6, Avg(us): 78482, Min(us): 33440, Max(us): 129407, 50th(us): 82815, 90th(us): 97471, 95th(us): 102463, 99th(us): 111807, 99.9th(us): 123391, 99.99th(us): 129407
TOTAL  - Takes(s): 540.0, Count: 38874, OPS: 72.0, Avg(us): 61103, Min(us): 31520, Max(us): 140415, 50th(us): 51583, 90th(us): 90367, 95th(us): 95359, 99th(us): 104831, 99.9th(us): 116607, 99.99th(us): 129023
UPDATE - Takes(s): 540.0, Count: 21366, OPS: 39.6, Avg(us): 47380, Min(us): 32576, Max(us): 88895, 50th(us): 46751, 90th(us): 54815, 95th(us): 57823, 99th(us): 64991, 99.9th(us): 75903, 99.99th(us): 84415
READ   - Takes(s): 550.0, Count: 17896, OPS: 32.5, Avg(us): 77776, Min(us): 31520, Max(us): 140415, 50th(us): 81983, 90th(us): 95935, 95th(us): 100159, 99th(us): 109055, 99.9th(us): 122303, 99.99th(us): 132351
READ_ERROR - Takes(s): 549.9, Count: 4159, OPS: 7.6, Avg(us): 78450, Min(us): 33440, Max(us): 129407, 50th(us): 82751, 90th(us): 97343, 95th(us): 102463, 99th(us): 111743, 99.9th(us): 123391, 99.99th(us): 129407
TOTAL  - Takes(s): 550.0, Count: 39669, OPS: 72.1, Avg(us): 61077, Min(us): 31520, Max(us): 140415, 50th(us): 51583, 90th(us): 90239, 95th(us): 95295, 99th(us): 104703, 99.9th(us): 116415, 99.99th(us): 129023
UPDATE - Takes(s): 550.0, Count: 21773, OPS: 39.6, Avg(us): 47351, Min(us): 32576, Max(us): 88895, 50th(us): 46719, 90th(us): 54783, 95th(us): 57791, 99th(us): 64895, 99.9th(us): 75903, 99.99th(us): 84415
READ   - Takes(s): 560.0, Count: 18290, OPS: 32.7, Avg(us): 77732, Min(us): 31520, Max(us): 140415, 50th(us): 81919, 90th(us): 95871, 95th(us): 100095, 99th(us): 108991, 99.9th(us): 122303, 99.99th(us): 132351
READ_ERROR - Takes(s): 559.9, Count: 4184, OPS: 7.5, Avg(us): 78461, Min(us): 33440, Max(us): 129407, 50th(us): 82751, 90th(us): 97343, 95th(us): 102463, 99th(us): 111807, 99.9th(us): 123391, 99.99th(us): 129407
TOTAL  - Takes(s): 560.0, Count: 40459, OPS: 72.3, Avg(us): 61075, Min(us): 31520, Max(us): 140415, 50th(us): 51615, 90th(us): 90175, 95th(us): 95231, 99th(us): 104703, 99.9th(us): 116607, 99.99th(us): 129023
UPDATE - Takes(s): 560.0, Count: 22169, OPS: 39.6, Avg(us): 47333, Min(us): 32576, Max(us): 88895, 50th(us): 46687, 90th(us): 54751, 95th(us): 57727, 99th(us): 64799, 99.9th(us): 75903, 99.99th(us): 84415
READ   - Takes(s): 570.0, Count: 18672, OPS: 32.8, Avg(us): 77752, Min(us): 31520, Max(us): 140415, 50th(us): 81919, 90th(us): 95871, 95th(us): 100031, 99th(us): 108991, 99.9th(us): 122239, 99.99th(us): 132351
READ_ERROR - Takes(s): 569.9, Count: 4214, OPS: 7.4, Avg(us): 78434, Min(us): 33440, Max(us): 129407, 50th(us): 82751, 90th(us): 97343, 95th(us): 102463, 99th(us): 111807, 99.9th(us): 123391, 99.99th(us): 129407
TOTAL  - Takes(s): 570.0, Count: 41212, OPS: 72.3, Avg(us): 61116, Min(us): 31520, Max(us): 140415, 50th(us): 51647, 90th(us): 90175, 95th(us): 95231, 99th(us): 104639, 99.9th(us): 116415, 99.99th(us): 129023
UPDATE - Takes(s): 570.0, Count: 22540, OPS: 39.5, Avg(us): 47334, Min(us): 32576, Max(us): 88895, 50th(us): 46719, 90th(us): 54751, 95th(us): 57727, 99th(us): 64799, 99.9th(us): 75775, 99.99th(us): 84415
READ   - Takes(s): 580.0, Count: 19023, OPS: 32.8, Avg(us): 77773, Min(us): 31520, Max(us): 140415, 50th(us): 81919, 90th(us): 95935, 95th(us): 100159, 99th(us): 109183, 99.9th(us): 122239, 99.99th(us): 132351
READ_ERROR - Takes(s): 579.9, Count: 4255, OPS: 7.3, Avg(us): 78440, Min(us): 33440, Max(us): 129407, 50th(us): 82751, 90th(us): 97343, 95th(us): 102399, 99th(us): 111807, 99.9th(us): 123391, 99.99th(us): 129407
TOTAL  - Takes(s): 580.0, Count: 41959, OPS: 72.3, Avg(us): 61145, Min(us): 31520, Max(us): 140415, 50th(us): 51679, 90th(us): 90239, 95th(us): 95231, 99th(us): 104703, 99.9th(us): 116415, 99.99th(us): 129023
UPDATE - Takes(s): 580.0, Count: 22936, OPS: 39.5, Avg(us): 47354, Min(us): 32576, Max(us): 88895, 50th(us): 46719, 90th(us): 54815, 95th(us): 57823, 99th(us): 64799, 99.9th(us): 75775, 99.99th(us): 84415
READ   - Takes(s): 590.0, Count: 19412, OPS: 32.9, Avg(us): 77732, Min(us): 31520, Max(us): 140415, 50th(us): 81919, 90th(us): 95871, 95th(us): 100031, 99th(us): 108991, 99.9th(us): 122239, 99.99th(us): 132351
READ_ERROR - Takes(s): 589.9, Count: 4285, OPS: 7.3, Avg(us): 78411, Min(us): 33440, Max(us): 129407, 50th(us): 82751, 90th(us): 97279, 95th(us): 102399, 99th(us): 111807, 99.9th(us): 123391, 99.99th(us): 129407
TOTAL  - Takes(s): 590.0, Count: 42733, OPS: 72.4, Avg(us): 61154, Min(us): 31520, Max(us): 140415, 50th(us): 51711, 90th(us): 90175, 95th(us): 95167, 99th(us): 104639, 99.9th(us): 116351, 99.99th(us): 129023
UPDATE - Takes(s): 590.0, Count: 23321, OPS: 39.5, Avg(us): 47354, Min(us): 32576, Max(us): 88895, 50th(us): 46719, 90th(us): 54847, 95th(us): 57919, 99th(us): 65055, 99.9th(us): 75775, 99.99th(us): 84415
READ   - Takes(s): 600.0, Count: 19784, OPS: 33.0, Avg(us): 77676, Min(us): 31520, Max(us): 140415, 50th(us): 81855, 90th(us): 95807, 95th(us): 100031, 99th(us): 108863, 99.9th(us): 121919, 99.99th(us): 132351
READ_ERROR - Takes(s): 599.9, Count: 4315, OPS: 7.2, Avg(us): 78363, Min(us): 33440, Max(us): 129407, 50th(us): 82687, 90th(us): 97215, 95th(us): 102271, 99th(us): 111807, 99.9th(us): 123391, 99.99th(us): 129407
TOTAL  - Takes(s): 600.0, Count: 43519, OPS: 72.5, Avg(us): 61148, Min(us): 31520, Max(us): 140415, 50th(us): 51743, 90th(us): 90175, 95th(us): 95103, 99th(us): 104575, 99.9th(us): 116351, 99.99th(us): 129023
UPDATE - Takes(s): 600.0, Count: 23735, OPS: 39.6, Avg(us): 47371, Min(us): 32576, Max(us): 88895, 50th(us): 46719, 90th(us): 54879, 95th(us): 57919, 99th(us): 65055, 99.9th(us): 75775, 99.99th(us): 84415
READ   - Takes(s): 610.0, Count: 20175, OPS: 33.1, Avg(us): 77628, Min(us): 31520, Max(us): 140415, 50th(us): 81791, 90th(us): 95679, 95th(us): 100031, 99th(us): 108863, 99.9th(us): 121919, 99.99th(us): 132351
READ_ERROR - Takes(s): 609.9, Count: 4344, OPS: 7.1, Avg(us): 78354, Min(us): 33440, Max(us): 129407, 50th(us): 82687, 90th(us): 97215, 95th(us): 102207, 99th(us): 111807, 99.9th(us): 123391, 99.99th(us): 129407
TOTAL  - Takes(s): 610.0, Count: 44289, OPS: 72.6, Avg(us): 61164, Min(us): 31520, Max(us): 140415, 50th(us): 51807, 90th(us): 90111, 95th(us): 95103, 99th(us): 104511, 99.9th(us): 116351, 99.99th(us): 129023
UPDATE - Takes(s): 610.0, Count: 24114, OPS: 39.5, Avg(us): 47389, Min(us): 32576, Max(us): 88895, 50th(us): 46719, 90th(us): 54943, 95th(us): 58047, 99th(us): 65503, 99.9th(us): 75967, 99.99th(us): 84415
READ   - Takes(s): 620.0, Count: 20553, OPS: 33.2, Avg(us): 77566, Min(us): 31520, Max(us): 140415, 50th(us): 81727, 90th(us): 95615, 95th(us): 99967, 99th(us): 108863, 99.9th(us): 121855, 99.99th(us): 132351
READ_ERROR - Takes(s): 619.9, Count: 4375, OPS: 7.1, Avg(us): 78332, Min(us): 33440, Max(us): 129407, 50th(us): 82623, 90th(us): 97215, 95th(us): 102143, 99th(us): 111743, 99.9th(us): 123391, 99.99th(us): 129407
TOTAL  - Takes(s): 620.0, Count: 45091, OPS: 72.7, Avg(us): 61130, Min(us): 31520, Max(us): 140415, 50th(us): 51775, 90th(us): 90047, 95th(us): 95039, 99th(us): 104511, 99.9th(us): 116287, 99.99th(us): 128191
UPDATE - Takes(s): 620.0, Count: 24538, OPS: 39.6, Avg(us): 47362, Min(us): 32576, Max(us): 88895, 50th(us): 46687, 90th(us): 54911, 95th(us): 58015, 99th(us): 65407, 99.9th(us): 75903, 99.99th(us): 84415
**********************************************
Run finished, takes 10m27.390649189s
READ   - Takes(s): 627.4, Count: 20804, OPS: 33.2, Avg(us): 77521, Min(us): 31520, Max(us): 140415, 50th(us): 81663, 90th(us): 95615, 95th(us): 99903, 99th(us): 108863, 99.9th(us): 121855, 99.99th(us): 132351
READ_ERROR - Takes(s): 627.3, Count: 4396, OPS: 7.0, Avg(us): 78279, Min(us): 33440, Max(us): 129407, 50th(us): 82623, 90th(us): 97215, 95th(us): 102143, 99th(us): 111743, 99.9th(us): 123391, 99.99th(us): 129407
TOTAL  - Takes(s): 627.4, Count: 45604, OPS: 72.7, Avg(us): 61123, Min(us): 31520, Max(us): 140415, 50th(us): 51775, 90th(us): 90047, 95th(us): 95039, 99th(us): 104447, 99.9th(us): 116287, 99.99th(us): 128191
UPDATE - Takes(s): 627.3, Count: 24800, OPS: 39.5, Avg(us): 47367, Min(us): 32576, Max(us): 88895, 50th(us): 46687, 90th(us): 54975, 95th(us): 58079, 99th(us): 65791, 99.9th(us): 75903, 99.99th(us): 84415
