Now loading data using DB:  etcd
core
Using request distribution 'latest' a keyrange of [0 99999]
***************** properties *****************
"etcd.dial_timeout"="1s"
"scanproportion"="0"
"readallfields"="true"
"dotransactions"="true"
"docollectingdata"="false"
"threadcount"="5"
"recordcount"="100000"
"readproportion"="0.95"
"requestdistribution"="latest"
"updateproportion"="0"
"operationcount"="50000"
"command"="run"
"etcd.endpoints"="192.168.37.12:2379"
"insertproportion"="0.05"
"workload"="core"
**********************************************
INSERT - Takes(s): 9.6, Count: 43, OPS: 4.5, Avg(us): 31708, Min(us): 26160, Max(us): 42719, 50th(us): 31551, 90th(us): 36447, 95th(us): 39167, 99th(us): 42719, 99.9th(us): 42719, 99.99th(us): 42719
READ   - Takes(s): 9.9, Count: 298, OPS: 30.1, Avg(us): 56994, Min(us): 33376, Max(us): 78207, 50th(us): 56575, 90th(us): 63455, 95th(us): 67071, 99th(us): 73727, 99.9th(us): 78207, 99.99th(us): 78207
READ_ERROR - Takes(s): 10.0, Count: 552, OPS: 55.4, Avg(us): 57115, Min(us): 31920, Max(us): 78143, 50th(us): 57183, 90th(us): 64063, 95th(us): 66879, 99th(us): 71487, 99.9th(us): 78015, 99.99th(us): 78143
TOTAL  - Takes(s): 9.9, Count: 341, OPS: 34.5, Avg(us): 53805, Min(us): 26160, Max(us): 78207, 50th(us): 55551, 90th(us): 62815, 95th(us): 65535, 99th(us): 73727, 99.9th(us): 78207, 99.99th(us): 78207
INSERT - Takes(s): 19.6, Count: 88, OPS: 4.5, Avg(us): 32424, Min(us): 25248, Max(us): 53823, 50th(us): 31439, 90th(us): 39167, 95th(us): 40895, 99th(us): 48831, 99.9th(us): 53823, 99.99th(us): 53823
READ   - Takes(s): 19.9, Count: 657, OPS: 33.0, Avg(us): 58686, Min(us): 30624, Max(us): 86463, 50th(us): 58047, 90th(us): 67519, 95th(us): 71295, 99th(us): 76095, 99.9th(us): 85951, 99.99th(us): 86463
READ_ERROR - Takes(s): 20.0, Count: 999, OPS: 50.0, Avg(us): 58481, Min(us): 31920, Max(us): 83455, 50th(us): 58239, 90th(us): 66559, 95th(us): 68927, 99th(us): 74623, 99.9th(us): 78271, 99.99th(us): 83455
TOTAL  - Takes(s): 19.9, Count: 745, OPS: 37.4, Avg(us): 55584, Min(us): 25248, Max(us): 86463, 50th(us): 57055, 90th(us): 66687, 95th(us): 70079, 99th(us): 76095, 99.9th(us): 85951, 99.99th(us): 86463
INSERT - Takes(s): 29.6, Count: 124, OPS: 4.2, Avg(us): 32601, Min(us): 25248, Max(us): 58783, 50th(us): 31599, 90th(us): 39615, 95th(us): 40895, 99th(us): 53823, 99.9th(us): 58783, 99.99th(us): 58783
READ   - Takes(s): 29.9, Count: 1058, OPS: 35.4, Avg(us): 59610, Min(us): 29296, Max(us): 86463, 50th(us): 59039, 90th(us): 68543, 95th(us): 72063, 99th(us): 77183, 99.9th(us): 85951, 99.99th(us): 86463
READ_ERROR - Takes(s): 30.0, Count: 1397, OPS: 46.6, Avg(us): 59159, Min(us): 29104, Max(us): 83455, 50th(us): 59007, 90th(us): 67583, 95th(us): 69951, 99th(us): 75519, 99.9th(us): 78783, 99.99th(us): 83455
TOTAL  - Takes(s): 29.9, Count: 1182, OPS: 39.5, Avg(us): 56776, Min(us): 25248, Max(us): 86463, 50th(us): 58175, 90th(us): 68287, 95th(us): 71423, 99th(us): 77183, 99.9th(us): 85951, 99.99th(us): 86463
INSERT - Takes(s): 39.6, Count: 167, OPS: 4.2, Avg(us): 33296, Min(us): 25248, Max(us): 58783, 50th(us): 31951, 90th(us): 40447, 95th(us): 41983, 99th(us): 48831, 99.9th(us): 58783, 99.99th(us): 58783
READ   - Takes(s): 39.9, Count: 1483, OPS: 37.2, Avg(us): 60054, Min(us): 29296, Max(us): 86463, 50th(us): 59391, 90th(us): 68927, 95th(us): 71935, 99th(us): 78015, 99.9th(us): 85951, 99.99th(us): 86463
READ_ERROR - Takes(s): 40.0, Count: 1768, OPS: 44.2, Avg(us): 59548, Min(us): 26528, Max(us): 83455, 50th(us): 59231, 90th(us): 68351, 95th(us): 70911, 99th(us): 75839, 99.9th(us): 82111, 99.99th(us): 83455
TOTAL  - Takes(s): 39.9, Count: 1650, OPS: 41.4, Avg(us): 57346, Min(us): 25248, Max(us): 86463, 50th(us): 58623, 90th(us): 68607, 95th(us): 71359, 99th(us): 77887, 99.9th(us): 84799, 99.99th(us): 86463
INSERT - Takes(s): 49.6, Count: 206, OPS: 4.2, Avg(us): 33328, Min(us): 23008, Max(us): 58783, 50th(us): 31903, 90th(us): 40639, 95th(us): 43903, 99th(us): 48831, 99.9th(us): 58783, 99.99th(us): 58783
READ   - Takes(s): 49.9, Count: 1896, OPS: 38.0, Avg(us): 60175, Min(us): 29296, Max(us): 86463, 50th(us): 59487, 90th(us): 69119, 95th(us): 71807, 99th(us): 77183, 99.9th(us): 84799, 99.99th(us): 86463
READ_ERROR - Takes(s): 50.0, Count: 2155, OPS: 43.1, Avg(us): 59748, Min(us): 26528, Max(us): 83455, 50th(us): 59327, 90th(us): 68607, 95th(us): 71039, 99th(us): 75839, 99.9th(us): 82111, 99.99th(us): 83455
TOTAL  - Takes(s): 49.9, Count: 2102, OPS: 42.1, Avg(us): 57544, Min(us): 23008, Max(us): 86463, 50th(us): 58783, 90th(us): 68671, 95th(us): 71423, 99th(us): 77055, 99.9th(us): 84799, 99.99th(us): 86463
INSERT - Takes(s): 59.6, Count: 252, OPS: 4.2, Avg(us): 33723, Min(us): 23008, Max(us): 58783, 50th(us): 32207, 90th(us): 41663, 95th(us): 44063, 99th(us): 48831, 99.9th(us): 58783, 99.99th(us): 58783
READ   - Takes(s): 59.9, Count: 2363, OPS: 39.5, Avg(us): 60417, Min(us): 28240, Max(us): 86463, 50th(us): 59775, 90th(us): 69311, 95th(us): 71935, 99th(us): 77247, 99.9th(us): 84799, 99.99th(us): 86463
READ_ERROR - Takes(s): 60.0, Count: 2482, OPS: 41.4, Avg(us): 59887, Min(us): 26528, Max(us): 83455, 50th(us): 59487, 90th(us): 68735, 95th(us): 71359, 99th(us): 75967, 99.9th(us): 82111, 99.99th(us): 83455
TOTAL  - Takes(s): 59.9, Count: 2615, OPS: 43.7, Avg(us): 57845, Min(us): 23008, Max(us): 86463, 50th(us): 59103, 90th(us): 68799, 95th(us): 71487, 99th(us): 77183, 99.9th(us): 84607, 99.99th(us): 86463
INSERT - Takes(s): 69.6, Count: 290, OPS: 4.2, Avg(us): 33996, Min(us): 23008, Max(us): 58783, 50th(us): 32431, 90th(us): 42207, 95th(us): 44063, 99th(us): 48831, 99.9th(us): 58783, 99.99th(us): 58783
READ   - Takes(s): 69.9, Count: 2832, OPS: 40.5, Avg(us): 60561, Min(us): 28240, Max(us): 86463, 50th(us): 59903, 90th(us): 69183, 95th(us): 71743, 99th(us): 77823, 99.9th(us): 84607, 99.99th(us): 86463
READ_ERROR - Takes(s): 70.0, Count: 2808, OPS: 40.1, Avg(us): 60014, Min(us): 26528, Max(us): 83455, 50th(us): 59551, 90th(us): 68799, 95th(us): 71359, 99th(us): 75775, 99.9th(us): 81855, 99.99th(us): 83455
TOTAL  - Takes(s): 69.9, Count: 3122, OPS: 44.7, Avg(us): 58093, Min(us): 23008, Max(us): 86463, 50th(us): 59295, 90th(us): 68671, 95th(us): 71295, 99th(us): 77183, 99.9th(us): 84607, 99.99th(us): 86463
INSERT - Takes(s): 79.6, Count: 342, OPS: 4.3, Avg(us): 34236, Min(us): 23008, Max(us): 58783, 50th(us): 32703, 90th(us): 42399, 95th(us): 44959, 99th(us): 48831, 99.9th(us): 58783, 99.99th(us): 58783
READ   - Takes(s): 79.9, Count: 3306, OPS: 41.4, Avg(us): 60467, Min(us): 28240, Max(us): 86463, 50th(us): 59935, 90th(us): 68671, 95th(us): 71231, 99th(us): 77055, 99.9th(us): 84607, 99.99th(us): 86463
READ_ERROR - Takes(s): 80.0, Count: 3137, OPS: 39.2, Avg(us): 60009, Min(us): 26528, Max(us): 83455, 50th(us): 59679, 90th(us): 68543, 95th(us): 70975, 99th(us): 75711, 99.9th(us): 81855, 99.99th(us): 83455
TOTAL  - Takes(s): 79.9, Count: 3648, OPS: 45.7, Avg(us): 58008, Min(us): 23008, Max(us): 86463, 50th(us): 59359, 90th(us): 68415, 95th(us): 71039, 99th(us): 76927, 99.9th(us): 84543, 99.99th(us): 86463
INSERT - Takes(s): 89.6, Count: 379, OPS: 4.2, Avg(us): 34119, Min(us): 23008, Max(us): 58783, 50th(us): 32687, 90th(us): 42367, 95th(us): 44767, 99th(us): 47615, 99.9th(us): 58783, 99.99th(us): 58783
READ   - Takes(s): 89.9, Count: 3803, OPS: 42.3, Avg(us): 60417, Min(us): 26992, Max(us): 86463, 50th(us): 59967, 90th(us): 68479, 95th(us): 71103, 99th(us): 76671, 99.9th(us): 84543, 99.99th(us): 86463
READ_ERROR - Takes(s): 90.0, Count: 3452, OPS: 38.4, Avg(us): 59986, Min(us): 26528, Max(us): 83455, 50th(us): 59679, 90th(us): 68479, 95th(us): 70847, 99th(us): 75519, 99.9th(us): 81855, 99.99th(us): 83455
TOTAL  - Takes(s): 89.9, Count: 4182, OPS: 46.5, Avg(us): 58034, Min(us): 23008, Max(us): 86463, 50th(us): 59359, 90th(us): 68159, 95th(us): 70719, 99th(us): 76223, 99.9th(us): 84543, 99.99th(us): 86463
INSERT - Takes(s): 99.6, Count: 425, OPS: 4.3, Avg(us): 33767, Min(us): 23008, Max(us): 58783, 50th(us): 32271, 90th(us): 41855, 95th(us): 44063, 99th(us): 47615, 99.9th(us): 58783, 99.99th(us): 58783
READ   - Takes(s): 99.9, Count: 4290, OPS: 42.9, Avg(us): 60092, Min(us): 26992, Max(us): 86463, 50th(us): 59743, 90th(us): 68159, 95th(us): 70655, 99th(us): 76095, 99.9th(us): 84543, 99.99th(us): 86463
READ_ERROR - Takes(s): 100.0, Count: 3809, OPS: 38.1, Avg(us): 59784, Min(us): 26528, Max(us): 83455, 50th(us): 59519, 90th(us): 68031, 95th(us): 70591, 99th(us): 75263, 99.9th(us): 81727, 99.99th(us): 83455
TOTAL  - Takes(s): 99.9, Count: 4715, OPS: 47.2, Avg(us): 57719, Min(us): 23008, Max(us): 86463, 50th(us): 59071, 90th(us): 67775, 95th(us): 70207, 99th(us): 75711, 99.9th(us): 82239, 99.99th(us): 86463
INSERT - Takes(s): 109.6, Count: 469, OPS: 4.3, Avg(us): 33461, Min(us): 23008, Max(us): 58783, 50th(us): 31951, 90th(us): 41535, 95th(us): 43775, 99th(us): 47231, 99.9th(us): 58783, 99.99th(us): 58783
READ   - Takes(s): 109.9, Count: 4846, OPS: 44.1, Avg(us): 59707, Min(us): 26992, Max(us): 86463, 50th(us): 59327, 90th(us): 67711, 95th(us): 70143, 99th(us): 75647, 99.9th(us): 82239, 99.99th(us): 86463
READ_ERROR - Takes(s): 110.0, Count: 4111, OPS: 37.4, Avg(us): 59552, Min(us): 26528, Max(us): 83455, 50th(us): 59295, 90th(us): 67775, 95th(us): 70207, 99th(us): 75071, 99.9th(us): 81727, 99.99th(us): 83455
TOTAL  - Takes(s): 109.9, Count: 5315, OPS: 48.4, Avg(us): 57391, Min(us): 23008, Max(us): 86463, 50th(us): 58623, 90th(us): 67455, 95th(us): 69887, 99th(us): 75135, 99.9th(us): 82239, 99.99th(us): 85951
INSERT - Takes(s): 119.6, Count: 515, OPS: 4.3, Avg(us): 33184, Min(us): 23008, Max(us): 58783, 50th(us): 31823, 90th(us): 40639, 95th(us): 43615, 99th(us): 47231, 99.9th(us): 53823, 99.99th(us): 58783
READ   - Takes(s): 119.9, Count: 5380, OPS: 44.9, Avg(us): 59400, Min(us): 26224, Max(us): 86463, 50th(us): 58975, 90th(us): 67391, 95th(us): 69887, 99th(us): 75135, 99.9th(us): 82239, 99.99th(us): 85951
READ_ERROR - Takes(s): 120.0, Count: 4435, OPS: 37.0, Avg(us): 59334, Min(us): 26528, Max(us): 83455, 50th(us): 59039, 90th(us): 67519, 95th(us): 69951, 99th(us): 74943, 99.9th(us): 81727, 99.99th(us): 83455
TOTAL  - Takes(s): 119.9, Count: 5895, OPS: 49.2, Avg(us): 57110, Min(us): 23008, Max(us): 86463, 50th(us): 58303, 90th(us): 67007, 95th(us): 69567, 99th(us): 74879, 99.9th(us): 81663, 99.99th(us): 85951
INSERT - Takes(s): 129.6, Count: 557, OPS: 4.3, Avg(us): 32979, Min(us): 23008, Max(us): 58783, 50th(us): 31647, 90th(us): 40319, 95th(us): 43263, 99th(us): 47199, 99.9th(us): 53823, 99.99th(us): 58783
READ   - Takes(s): 129.9, Count: 5929, OPS: 45.6, Avg(us): 59156, Min(us): 26224, Max(us): 86463, 50th(us): 58751, 90th(us): 66943, 95th(us): 69567, 99th(us): 74879, 99.9th(us): 81663, 99.99th(us): 85951
READ_ERROR - Takes(s): 130.0, Count: 4746, OPS: 36.5, Avg(us): 59159, Min(us): 26528, Max(us): 83455, 50th(us): 58847, 90th(us): 67199, 95th(us): 69759, 99th(us): 74623, 99.9th(us): 80319, 99.99th(us): 83455
TOTAL  - Takes(s): 129.9, Count: 6486, OPS: 49.9, Avg(us): 56908, Min(us): 23008, Max(us): 86463, 50th(us): 58111, 90th(us): 66687, 95th(us): 69247, 99th(us): 74751, 99.9th(us): 81663, 99.99th(us): 85951
INSERT - Takes(s): 139.6, Count: 609, OPS: 4.4, Avg(us): 32758, Min(us): 23008, Max(us): 58783, 50th(us): 31439, 90th(us): 39775, 95th(us): 42879, 99th(us): 47199, 99.9th(us): 53823, 99.99th(us): 58783
READ   - Takes(s): 139.9, Count: 6476, OPS: 46.3, Avg(us): 58912, Min(us): 26224, Max(us): 86463, 50th(us): 58495, 90th(us): 66687, 95th(us): 69247, 99th(us): 74751, 99.9th(us): 81663, 99.99th(us): 85951
READ_ERROR - Takes(s): 140.0, Count: 5055, OPS: 36.1, Avg(us): 59002, Min(us): 26528, Max(us): 83455, 50th(us): 58623, 90th(us): 67007, 95th(us): 69631, 99th(us): 74559, 99.9th(us): 80319, 99.99th(us): 82239
TOTAL  - Takes(s): 139.9, Count: 7085, OPS: 50.6, Avg(us): 56664, Min(us): 23008, Max(us): 86463, 50th(us): 57951, 90th(us): 66367, 95th(us): 68799, 99th(us): 74367, 99.9th(us): 81279, 99.99th(us): 85951
INSERT - Takes(s): 149.6, Count: 659, OPS: 4.4, Avg(us): 32517, Min(us): 23008, Max(us): 58783, 50th(us): 31279, 90th(us): 39487, 95th(us): 42623, 99th(us): 46975, 99.9th(us): 53823, 99.99th(us): 58783
READ   - Takes(s): 149.9, Count: 7061, OPS: 47.1, Avg(us): 58690, Min(us): 26224, Max(us): 86463, 50th(us): 58271, 90th(us): 66367, 95th(us): 68863, 99th(us): 74367, 99.9th(us): 81279, 99.99th(us): 85951
READ_ERROR - Takes(s): 150.0, Count: 5335, OPS: 35.6, Avg(us): 58840, Min(us): 26528, Max(us): 83455, 50th(us): 58463, 90th(us): 66815, 95th(us): 69503, 99th(us): 74431, 99.9th(us): 80319, 99.99th(us): 82239
TOTAL  - Takes(s): 149.9, Count: 7720, OPS: 51.5, Avg(us): 56456, Min(us): 23008, Max(us): 86463, 50th(us): 57695, 90th(us): 66047, 95th(us): 68543, 99th(us): 73919, 99.9th(us): 80639, 99.99th(us): 85951
INSERT - Takes(s): 159.6, Count: 703, OPS: 4.4, Avg(us): 32344, Min(us): 23008, Max(us): 58783, 50th(us): 31087, 90th(us): 39167, 95th(us): 42591, 99th(us): 46975, 99.9th(us): 53823, 99.99th(us): 58783
READ   - Takes(s): 159.9, Count: 7642, OPS: 47.8, Avg(us): 58464, Min(us): 26224, Max(us): 86463, 50th(us): 58047, 90th(us): 66047, 95th(us): 68543, 99th(us): 74047, 99.9th(us): 80639, 99.99th(us): 85951
READ_ERROR - Takes(s): 160.0, Count: 5627, OPS: 35.2, Avg(us): 58690, Min(us): 26528, Max(us): 83455, 50th(us): 58271, 90th(us): 66623, 95th(us): 69375, 99th(us): 74239, 99.9th(us): 79295, 99.99th(us): 82239
TOTAL  - Takes(s): 159.9, Count: 8345, OPS: 52.2, Avg(us): 56263, Min(us): 23008, Max(us): 86463, 50th(us): 57471, 90th(us): 65663, 95th(us): 68287, 99th(us): 73727, 99.9th(us): 80639, 99.99th(us): 85951
INSERT - Takes(s): 169.6, Count: 756, OPS: 4.5, Avg(us): 32136, Min(us): 23008, Max(us): 58783, 50th(us): 30975, 90th(us): 38783, 95th(us): 42367, 99th(us): 46431, 99.9th(us): 53823, 99.99th(us): 58783
READ   - Takes(s): 169.9, Count: 8248, OPS: 48.5, Avg(us): 58272, Min(us): 26224, Max(us): 86463, 50th(us): 57887, 90th(us): 65727, 95th(us): 68351, 99th(us): 73855, 99.9th(us): 80639, 99.99th(us): 85951
READ_ERROR - Takes(s): 170.0, Count: 5890, OPS: 34.7, Avg(us): 58551, Min(us): 24432, Max(us): 83455, 50th(us): 58175, 90th(us): 66431, 95th(us): 69183, 99th(us): 74047, 99.9th(us): 79295, 99.99th(us): 82239
TOTAL  - Takes(s): 169.9, Count: 9004, OPS: 53.0, Avg(us): 56078, Min(us): 23008, Max(us): 86463, 50th(us): 57343, 90th(us): 65279, 95th(us): 68095, 99th(us): 73599, 99.9th(us): 80575, 99.99th(us): 85951
INSERT - Takes(s): 179.6, Count: 800, OPS: 4.5, Avg(us): 31962, Min(us): 23008, Max(us): 58783, 50th(us): 30895, 90th(us): 38527, 95th(us): 42207, 99th(us): 46431, 99.9th(us): 53823, 99.99th(us): 58783
READ   - Takes(s): 179.9, Count: 8817, OPS: 49.0, Avg(us): 58079, Min(us): 26224, Max(us): 86463, 50th(us): 57727, 90th(us): 65407, 95th(us): 68159, 99th(us): 73599, 99.9th(us): 80575, 99.99th(us): 85951
READ_ERROR - Takes(s): 180.0, Count: 6199, OPS: 34.4, Avg(us): 58412, Min(us): 24432, Max(us): 83455, 50th(us): 58047, 90th(us): 66111, 95th(us): 69055, 99th(us): 73919, 99.9th(us): 79295, 99.99th(us): 82239
TOTAL  - Takes(s): 179.9, Count: 9617, OPS: 53.5, Avg(us): 55906, Min(us): 23008, Max(us): 86463, 50th(us): 57183, 90th(us): 64927, 95th(us): 67775, 99th(us): 73407, 99.9th(us): 80319, 99.99th(us): 85951
INSERT - Takes(s): 189.6, Count: 850, OPS: 4.5, Avg(us): 31803, Min(us): 23008, Max(us): 58783, 50th(us): 30815, 90th(us): 38335, 95th(us): 41855, 99th(us): 46431, 99.9th(us): 53823, 99.99th(us): 58783
READ   - Takes(s): 189.9, Count: 9404, OPS: 49.5, Avg(us): 57936, Min(us): 24544, Max(us): 86463, 50th(us): 57631, 90th(us): 65055, 95th(us): 67903, 99th(us): 73535, 99.9th(us): 80575, 99.99th(us): 85951
READ_ERROR - Takes(s): 190.0, Count: 6484, OPS: 34.1, Avg(us): 58284, Min(us): 24432, Max(us): 83455, 50th(us): 57919, 90th(us): 65983, 95th(us): 68863, 99th(us): 73919, 99.9th(us): 79295, 99.99th(us): 82239
TOTAL  - Takes(s): 189.9, Count: 10254, OPS: 54.0, Avg(us): 55770, Min(us): 23008, Max(us): 86463, 50th(us): 57087, 90th(us): 64575, 95th(us): 67583, 99th(us): 73151, 99.9th(us): 80319, 99.99th(us): 85951
INSERT - Takes(s): 199.6, Count: 888, OPS: 4.4, Avg(us): 31712, Min(us): 23008, Max(us): 58783, 50th(us): 30767, 90th(us): 38143, 95th(us): 41823, 99th(us): 46271, 99.9th(us): 53823, 99.99th(us): 58783
READ   - Takes(s): 199.9, Count: 9975, OPS: 49.9, Avg(us): 57840, Min(us): 24544, Max(us): 86463, 50th(us): 57567, 90th(us): 64767, 95th(us): 67647, 99th(us): 73151, 99.9th(us): 80319, 99.99th(us): 85951
READ_ERROR - Takes(s): 200.0, Count: 6780, OPS: 33.9, Avg(us): 58200, Min(us): 24432, Max(us): 83455, 50th(us): 57759, 90th(us): 65791, 95th(us): 68607, 99th(us): 73791, 99.9th(us): 78783, 99.99th(us): 82239
TOTAL  - Takes(s): 199.9, Count: 10863, OPS: 54.3, Avg(us): 55704, Min(us): 23008, Max(us): 86463, 50th(us): 57023, 90th(us): 64255, 95th(us): 67391, 99th(us): 72959, 99.9th(us): 80255, 99.99th(us): 85951
INSERT - Takes(s): 209.6, Count: 944, OPS: 4.5, Avg(us): 31586, Min(us): 23008, Max(us): 58783, 50th(us): 30671, 90th(us): 37887, 95th(us): 41535, 99th(us): 46271, 99.9th(us): 53823, 99.99th(us): 58783
READ   - Takes(s): 209.9, Count: 10567, OPS: 50.3, Avg(us): 57714, Min(us): 24544, Max(us): 86463, 50th(us): 57439, 90th(us): 64447, 95th(us): 67519, 99th(us): 72959, 99.9th(us): 80255, 99.99th(us): 85951
READ_ERROR - Takes(s): 210.0, Count: 7060, OPS: 33.6, Avg(us): 58084, Min(us): 24432, Max(us): 83455, 50th(us): 57663, 90th(us): 65535, 95th(us): 68479, 99th(us): 73791, 99.9th(us): 78783, 99.99th(us): 82239
TOTAL  - Takes(s): 209.9, Count: 11511, OPS: 54.8, Avg(us): 55571, Min(us): 23008, Max(us): 86463, 50th(us): 56927, 90th(us): 63999, 95th(us): 67071, 99th(us): 72831, 99.9th(us): 80127, 99.99th(us): 85951
INSERT - Takes(s): 219.6, Count: 977, OPS: 4.4, Avg(us): 31516, Min(us): 23008, Max(us): 58783, 50th(us): 30623, 90th(us): 37631, 95th(us): 40895, 99th(us): 45983, 99.9th(us): 53823, 99.99th(us): 58783
READ   - Takes(s): 219.9, Count: 11170, OPS: 50.8, Avg(us): 57632, Min(us): 24544, Max(us): 86463, 50th(us): 57375, 90th(us): 64127, 95th(us): 67199, 99th(us): 72895, 99.9th(us): 80255, 99.99th(us): 85951
READ_ERROR - Takes(s): 220.0, Count: 7331, OPS: 33.3, Avg(us): 58000, Min(us): 24432, Max(us): 83455, 50th(us): 57567, 90th(us): 65407, 95th(us): 68351, 99th(us): 73727, 99.9th(us): 78783, 99.99th(us): 82239
TOTAL  - Takes(s): 219.9, Count: 12147, OPS: 55.2, Avg(us): 55532, Min(us): 23008, Max(us): 86463, 50th(us): 56863, 90th(us): 63839, 95th(us): 66879, 99th(us): 72703, 99.9th(us): 80127, 99.99th(us): 85951
INSERT - Takes(s): 229.6, Count: 1025, OPS: 4.5, Avg(us): 31414, Min(us): 23008, Max(us): 58783, 50th(us): 30591, 90th(us): 37503, 95th(us): 40639, 99th(us): 45983, 99.9th(us): 53823, 99.99th(us): 58783
READ   - Takes(s): 229.9, Count: 11774, OPS: 51.2, Avg(us): 57528, Min(us): 24544, Max(us): 86463, 50th(us): 57279, 90th(us): 63935, 95th(us): 67007, 99th(us): 72767, 99.9th(us): 80127, 99.99th(us): 85951
READ_ERROR - Takes(s): 230.0, Count: 7601, OPS: 33.1, Avg(us): 57914, Min(us): 24432, Max(us): 83455, 50th(us): 57503, 90th(us): 65279, 95th(us): 68159, 99th(us): 73663, 99.9th(us): 78463, 99.99th(us): 82239
TOTAL  - Takes(s): 229.9, Count: 12799, OPS: 55.7, Avg(us): 55437, Min(us): 23008, Max(us): 86463, 50th(us): 56767, 90th(us): 63647, 95th(us): 66751, 99th(us): 72511, 99.9th(us): 79935, 99.99th(us): 85951
INSERT - Takes(s): 239.6, Count: 1064, OPS: 4.4, Avg(us): 31344, Min(us): 23008, Max(us): 58783, 50th(us): 30527, 90th(us): 37407, 95th(us): 40479, 99th(us): 45471, 99.9th(us): 53823, 99.99th(us): 58783
READ   - Takes(s): 239.9, Count: 12386, OPS: 51.6, Avg(us): 57442, Min(us): 24544, Max(us): 86463, 50th(us): 57215, 90th(us): 63775, 95th(us): 66815, 99th(us): 72639, 99.9th(us): 80127, 99.99th(us): 85951
READ_ERROR - Takes(s): 240.0, Count: 7864, OPS: 32.8, Avg(us): 57833, Min(us): 24432, Max(us): 83455, 50th(us): 57439, 90th(us): 65119, 95th(us): 67967, 99th(us): 73599, 99.9th(us): 78463, 99.99th(us): 82239
TOTAL  - Takes(s): 239.9, Count: 13450, OPS: 56.1, Avg(us): 55378, Min(us): 23008, Max(us): 86463, 50th(us): 56735, 90th(us): 63423, 95th(us): 66559, 99th(us): 72383, 99.9th(us): 79935, 99.99th(us): 85951
INSERT - Takes(s): 249.6, Count: 1110, OPS: 4.4, Avg(us): 31255, Min(us): 23008, Max(us): 58783, 50th(us): 30479, 90th(us): 37151, 95th(us): 40383, 99th(us): 45471, 99.9th(us): 53823, 99.99th(us): 58783
READ   - Takes(s): 249.9, Count: 12998, OPS: 52.0, Avg(us): 57366, Min(us): 24544, Max(us): 86463, 50th(us): 57151, 90th(us): 63615, 95th(us): 66687, 99th(us): 72447, 99.9th(us): 79935, 99.99th(us): 85951
READ_ERROR - Takes(s): 250.0, Count: 8125, OPS: 32.5, Avg(us): 57756, Min(us): 24432, Max(us): 83455, 50th(us): 57375, 90th(us): 64927, 95th(us): 67839, 99th(us): 73599, 99.9th(us): 78463, 99.99th(us): 82239
TOTAL  - Takes(s): 249.9, Count: 14108, OPS: 56.5, Avg(us): 55312, Min(us): 23008, Max(us): 86463, 50th(us): 56671, 90th(us): 63231, 95th(us): 66367, 99th(us): 72127, 99.9th(us): 79679, 99.99th(us): 85951
INSERT - Takes(s): 259.6, Count: 1145, OPS: 4.4, Avg(us): 31203, Min(us): 23008, Max(us): 58783, 50th(us): 30463, 90th(us): 37023, 95th(us): 40095, 99th(us): 45471, 99.9th(us): 53823, 99.99th(us): 58783
READ   - Takes(s): 259.9, Count: 13599, OPS: 52.3, Avg(us): 57321, Min(us): 24544, Max(us): 86463, 50th(us): 57151, 90th(us): 63423, 95th(us): 66495, 99th(us): 72319, 99.9th(us): 79679, 99.99th(us): 85951
READ_ERROR - Takes(s): 260.0, Count: 8393, OPS: 32.3, Avg(us): 57707, Min(us): 24432, Max(us): 83455, 50th(us): 57311, 90th(us): 64703, 95th(us): 67775, 99th(us): 73407, 99.9th(us): 78463, 99.99th(us): 82239
TOTAL  - Takes(s): 259.9, Count: 14744, OPS: 56.7, Avg(us): 55293, Min(us): 23008, Max(us): 86463, 50th(us): 56639, 90th(us): 63103, 95th(us): 66175, 99th(us): 71999, 99.9th(us): 79679, 99.99th(us): 85951
INSERT - Takes(s): 269.6, Count: 1191, OPS: 4.4, Avg(us): 31134, Min(us): 23008, Max(us): 58783, 50th(us): 30399, 90th(us): 36831, 95th(us): 39967, 99th(us): 45279, 99.9th(us): 53823, 99.99th(us): 58783
READ   - Takes(s): 269.9, Count: 14207, OPS: 52.6, Avg(us): 57269, Min(us): 24544, Max(us): 86463, 50th(us): 57119, 90th(us): 63263, 95th(us): 66367, 99th(us): 72127, 99.9th(us): 79679, 99.99th(us): 85951
READ_ERROR - Takes(s): 270.0, Count: 8654, OPS: 32.1, Avg(us): 57652, Min(us): 24432, Max(us): 83455, 50th(us): 57279, 90th(us): 64511, 95th(us): 67647, 99th(us): 73279, 99.9th(us): 78271, 99.99th(us): 82239
TOTAL  - Takes(s): 269.9, Count: 15398, OPS: 57.1, Avg(us): 55247, Min(us): 23008, Max(us): 86463, 50th(us): 56607, 90th(us): 62911, 95th(us): 66047, 99th(us): 71871, 99.9th(us): 79679, 99.99th(us): 84799
INSERT - Takes(s): 279.6, Count: 1247, OPS: 4.5, Avg(us): 31069, Min(us): 23008, Max(us): 58783, 50th(us): 30335, 90th(us): 36607, 95th(us): 39679, 99th(us): 45279, 99.9th(us): 53823, 99.99th(us): 58783
READ   - Takes(s): 279.9, Count: 14809, OPS: 52.9, Avg(us): 57206, Min(us): 24544, Max(us): 86463, 50th(us): 57055, 90th(us): 63167, 95th(us): 66175, 99th(us): 71935, 99.9th(us): 79679, 99.99th(us): 85951
READ_ERROR - Takes(s): 280.0, Count: 8920, OPS: 31.9, Avg(us): 57589, Min(us): 24432, Max(us): 83455, 50th(us): 57215, 90th(us): 64415, 95th(us): 67519, 99th(us): 73215, 99.9th(us): 78271, 99.99th(us): 82239
TOTAL  - Takes(s): 279.9, Count: 16056, OPS: 57.4, Avg(us): 55176, Min(us): 23008, Max(us): 86463, 50th(us): 56575, 90th(us): 62815, 95th(us): 65919, 99th(us): 71743, 99.9th(us): 79551, 99.99th(us): 84799
INSERT - Takes(s): 289.6, Count: 1291, OPS: 4.5, Avg(us): 31046, Min(us): 23008, Max(us): 58783, 50th(us): 30367, 90th(us): 36447, 95th(us): 39551, 99th(us): 45215, 99.9th(us): 53823, 99.99th(us): 58783
READ   - Takes(s): 289.9, Count: 15450, OPS: 53.3, Avg(us): 57156, Min(us): 24544, Max(us): 86463, 50th(us): 56991, 90th(us): 63007, 95th(us): 66047, 99th(us): 71871, 99.9th(us): 79679, 99.99th(us): 84799
READ_ERROR - Takes(s): 290.0, Count: 9149, OPS: 31.6, Avg(us): 57552, Min(us): 24432, Max(us): 83455, 50th(us): 57183, 90th(us): 64287, 95th(us): 67455, 99th(us): 73151, 99.9th(us): 78271, 99.99th(us): 82239
TOTAL  - Takes(s): 289.9, Count: 16741, OPS: 57.7, Avg(us): 55142, Min(us): 23008, Max(us): 86463, 50th(us): 56543, 90th(us): 62687, 95th(us): 65663, 99th(us): 71487, 99.9th(us): 79231, 99.99th(us): 84799
INSERT - Takes(s): 299.6, Count: 1343, OPS: 4.5, Avg(us): 31009, Min(us): 23008, Max(us): 58783, 50th(us): 30351, 90th(us): 36351, 95th(us): 39423, 99th(us): 45215, 99.9th(us): 53823, 99.99th(us): 58783
READ   - Takes(s): 299.9, Count: 16063, OPS: 53.6, Avg(us): 57105, Min(us): 23360, Max(us): 86463, 50th(us): 56959, 90th(us): 62879, 95th(us): 65919, 99th(us): 71743, 99.9th(us): 79551, 99.99th(us): 84799
READ_ERROR - Takes(s): 300.0, Count: 9403, OPS: 31.3, Avg(us): 57492, Min(us): 24432, Max(us): 83455, 50th(us): 57151, 90th(us): 64127, 95th(us): 67327, 99th(us): 73087, 99.9th(us): 78271, 99.99th(us): 82239
TOTAL  - Takes(s): 299.9, Count: 17406, OPS: 58.0, Avg(us): 55091, Min(us): 23008, Max(us): 86463, 50th(us): 56479, 90th(us): 62623, 95th(us): 65503, 99th(us): 71295, 99.9th(us): 79231, 99.99th(us): 84799
INSERT - Takes(s): 309.6, Count: 1394, OPS: 4.5, Avg(us): 30964, Min(us): 23008, Max(us): 58783, 50th(us): 30335, 90th(us): 36159, 95th(us): 39167, 99th(us): 45151, 99.9th(us): 53823, 99.99th(us): 58783
READ   - Takes(s): 309.9, Count: 16660, OPS: 53.8, Avg(us): 57078, Min(us): 23360, Max(us): 86463, 50th(us): 56959, 90th(us): 62751, 95th(us): 65727, 99th(us): 71487, 99.9th(us): 79231, 99.99th(us): 84799
READ_ERROR - Takes(s): 310.0, Count: 9671, OPS: 31.2, Avg(us): 57445, Min(us): 24432, Max(us): 83455, 50th(us): 57119, 90th(us): 64031, 95th(us): 67135, 99th(us): 72959, 99.9th(us): 78207, 99.99th(us): 82239
TOTAL  - Takes(s): 309.9, Count: 18054, OPS: 58.3, Avg(us): 55062, Min(us): 23008, Max(us): 86463, 50th(us): 56479, 90th(us): 62495, 95th(us): 65311, 99th(us): 71231, 99.9th(us): 78783, 99.99th(us): 84799
INSERT - Takes(s): 319.6, Count: 1432, OPS: 4.5, Avg(us): 30926, Min(us): 23008, Max(us): 58783, 50th(us): 30303, 90th(us): 36031, 95th(us): 39039, 99th(us): 45151, 99.9th(us): 53823, 99.99th(us): 58783
READ   - Takes(s): 319.9, Count: 17291, OPS: 54.1, Avg(us): 57037, Min(us): 23360, Max(us): 86463, 50th(us): 56895, 90th(us): 62687, 95th(us): 65535, 99th(us): 71359, 99.9th(us): 79231, 99.99th(us): 84799
READ_ERROR - Takes(s): 320.0, Count: 9913, OPS: 31.0, Avg(us): 57408, Min(us): 24432, Max(us): 83455, 50th(us): 57087, 90th(us): 63871, 95th(us): 67007, 99th(us): 72895, 99.9th(us): 78207, 99.99th(us): 82239
TOTAL  - Takes(s): 319.9, Count: 18723, OPS: 58.5, Avg(us): 55040, Min(us): 23008, Max(us): 86463, 50th(us): 56479, 90th(us): 62431, 95th(us): 65119, 99th(us): 71167, 99.9th(us): 78655, 99.99th(us): 84799
INSERT - Takes(s): 329.6, Count: 1479, OPS: 4.5, Avg(us): 30879, Min(us): 23008, Max(us): 58783, 50th(us): 30287, 90th(us): 35647, 95th(us): 38847, 99th(us): 45119, 99.9th(us): 53823, 99.99th(us): 58783
READ   - Takes(s): 329.9, Count: 17910, OPS: 54.3, Avg(us): 56994, Min(us): 23360, Max(us): 86463, 50th(us): 56895, 90th(us): 62623, 95th(us): 65407, 99th(us): 71231, 99.9th(us): 78783, 99.99th(us): 84799
READ_ERROR - Takes(s): 330.0, Count: 10165, OPS: 30.8, Avg(us): 57374, Min(us): 24432, Max(us): 83455, 50th(us): 57087, 90th(us): 63775, 95th(us): 67007, 99th(us): 72767, 99.9th(us): 78207, 99.99th(us): 82239
TOTAL  - Takes(s): 329.9, Count: 19389, OPS: 58.8, Avg(us): 55002, Min(us): 23008, Max(us): 86463, 50th(us): 56447, 90th(us): 62399, 95th(us): 64959, 99th(us): 71103, 99.9th(us): 78655, 99.99th(us): 84799
INSERT - Takes(s): 339.6, Count: 1519, OPS: 4.5, Avg(us): 30844, Min(us): 23008, Max(us): 58783, 50th(us): 30255, 90th(us): 35551, 95th(us): 38783, 99th(us): 45119, 99.9th(us): 50751, 99.99th(us): 58783
READ   - Takes(s): 339.9, Count: 18524, OPS: 54.5, Avg(us): 56960, Min(us): 23360, Max(us): 86463, 50th(us): 56863, 90th(us): 62527, 95th(us): 65183, 99th(us): 71231, 99.9th(us): 78655, 99.99th(us): 84799
READ_ERROR - Takes(s): 340.0, Count: 10421, OPS: 30.7, Avg(us): 57341, Min(us): 24432, Max(us): 83455, 50th(us): 57055, 90th(us): 63711, 95th(us): 66879, 99th(us): 72703, 99.9th(us): 78207, 99.99th(us): 82239
TOTAL  - Takes(s): 339.9, Count: 20043, OPS: 59.0, Avg(us): 54980, Min(us): 23008, Max(us): 86463, 50th(us): 56415, 90th(us): 62303, 95th(us): 64799, 99th(us): 71039, 99.9th(us): 78463, 99.99th(us): 84799
INSERT - Takes(s): 349.6, Count: 1568, OPS: 4.5, Avg(us): 30804, Min(us): 23008, Max(us): 58783, 50th(us): 30239, 90th(us): 35359, 95th(us): 38591, 99th(us): 45023, 99.9th(us): 50751, 99.99th(us): 58783
READ   - Takes(s): 349.9, Count: 19135, OPS: 54.7, Avg(us): 56929, Min(us): 23360, Max(us): 86463, 50th(us): 56831, 90th(us): 62495, 95th(us): 65055, 99th(us): 71167, 99.9th(us): 78655, 99.99th(us): 84799
READ_ERROR - Takes(s): 350.0, Count: 10678, OPS: 30.5, Avg(us): 57309, Min(us): 24432, Max(us): 83455, 50th(us): 57023, 90th(us): 63647, 95th(us): 66815, 99th(us): 72703, 99.9th(us): 78143, 99.99th(us): 82239
TOTAL  - Takes(s): 349.9, Count: 20703, OPS: 59.2, Avg(us): 54950, Min(us): 23008, Max(us): 86463, 50th(us): 56415, 90th(us): 62239, 95th(us): 64639, 99th(us): 70847, 99.9th(us): 78207, 99.99th(us): 84799
INSERT - Takes(s): 359.6, Count: 1615, OPS: 4.5, Avg(us): 30760, Min(us): 23008, Max(us): 58783, 50th(us): 30223, 90th(us): 35103, 95th(us): 38527, 99th(us): 45023, 99.9th(us): 50751, 99.99th(us): 58783
READ   - Takes(s): 359.9, Count: 19771, OPS: 54.9, Avg(us): 56901, Min(us): 23360, Max(us): 86463, 50th(us): 56831, 90th(us): 62431, 95th(us): 64895, 99th(us): 71039, 99.9th(us): 78463, 99.99th(us): 84799
READ_ERROR - Takes(s): 360.0, Count: 10909, OPS: 30.3, Avg(us): 57278, Min(us): 24432, Max(us): 83455, 50th(us): 57023, 90th(us): 63551, 95th(us): 66751, 99th(us): 72639, 99.9th(us): 78143, 99.99th(us): 82239
TOTAL  - Takes(s): 359.9, Count: 21386, OPS: 59.4, Avg(us): 54927, Min(us): 23008, Max(us): 86463, 50th(us): 56383, 90th(us): 62175, 95th(us): 64543, 99th(us): 70719, 99.9th(us): 78207, 99.99th(us): 84799
INSERT - Takes(s): 369.6, Count: 1665, OPS: 4.5, Avg(us): 30743, Min(us): 23008, Max(us): 58783, 50th(us): 30239, 90th(us): 35007, 95th(us): 38367, 99th(us): 44959, 99.9th(us): 50751, 99.99th(us): 58783
READ   - Takes(s): 369.9, Count: 20399, OPS: 55.1, Avg(us): 56868, Min(us): 23360, Max(us): 86463, 50th(us): 56799, 90th(us): 62399, 95th(us): 64799, 99th(us): 70975, 99.9th(us): 78463, 99.99th(us): 84799
READ_ERROR - Takes(s): 370.0, Count: 11152, OPS: 30.1, Avg(us): 57245, Min(us): 24432, Max(us): 83455, 50th(us): 56991, 90th(us): 63519, 95th(us): 66687, 99th(us): 72511, 99.9th(us): 78143, 99.99th(us): 82239
TOTAL  - Takes(s): 369.9, Count: 22064, OPS: 59.6, Avg(us): 54896, Min(us): 23008, Max(us): 86463, 50th(us): 56383, 90th(us): 62143, 95th(us): 64415, 99th(us): 70591, 99.9th(us): 78207, 99.99th(us): 84799
INSERT - Takes(s): 379.6, Count: 1712, OPS: 4.5, Avg(us): 30718, Min(us): 23008, Max(us): 58783, 50th(us): 30239, 90th(us): 34495, 95th(us): 38303, 99th(us): 44959, 99.9th(us): 50751, 99.99th(us): 58783
READ   - Takes(s): 379.9, Count: 21038, OPS: 55.4, Avg(us): 56841, Min(us): 23360, Max(us): 86463, 50th(us): 56767, 90th(us): 62335, 95th(us): 64639, 99th(us): 70783, 99.9th(us): 78207, 99.99th(us): 84799
READ_ERROR - Takes(s): 380.0, Count: 11379, OPS: 29.9, Avg(us): 57223, Min(us): 24432, Max(us): 83455, 50th(us): 56991, 90th(us): 63487, 95th(us): 66559, 99th(us): 72447, 99.9th(us): 78143, 99.99th(us): 82239
TOTAL  - Takes(s): 379.9, Count: 22750, OPS: 59.9, Avg(us): 54875, Min(us): 23008, Max(us): 86463, 50th(us): 56351, 90th(us): 62079, 95th(us): 64255, 99th(us): 70463, 99.9th(us): 78079, 99.99th(us): 84799
INSERT - Takes(s): 389.6, Count: 1766, OPS: 4.5, Avg(us): 30691, Min(us): 23008, Max(us): 58783, 50th(us): 30223, 90th(us): 34239, 95th(us): 38175, 99th(us): 44799, 99.9th(us): 50751, 99.99th(us): 58783
READ   - Takes(s): 389.9, Count: 21657, OPS: 55.5, Avg(us): 56807, Min(us): 23360, Max(us): 86463, 50th(us): 56735, 90th(us): 62303, 95th(us): 64543, 99th(us): 70655, 99.9th(us): 78207, 99.99th(us): 84799
READ_ERROR - Takes(s): 390.0, Count: 11630, OPS: 29.8, Avg(us): 57186, Min(us): 24432, Max(us): 83455, 50th(us): 56959, 90th(us): 63391, 95th(us): 66495, 99th(us): 72447, 99.9th(us): 78015, 99.99th(us): 82239
TOTAL  - Takes(s): 389.9, Count: 23423, OPS: 60.1, Avg(us): 54838, Min(us): 23008, Max(us): 86463, 50th(us): 56319, 90th(us): 62079, 95th(us): 64159, 99th(us): 70271, 99.9th(us): 78079, 99.99th(us): 84799
INSERT - Takes(s): 399.6, Count: 1809, OPS: 4.5, Avg(us): 30674, Min(us): 23008, Max(us): 58783, 50th(us): 30239, 90th(us): 34175, 95th(us): 38111, 99th(us): 44799, 99.9th(us): 50751, 99.99th(us): 58783
READ   - Takes(s): 399.9, Count: 22298, OPS: 55.8, Avg(us): 56760, Min(us): 23360, Max(us): 86463, 50th(us): 56703, 90th(us): 62239, 95th(us): 64415, 99th(us): 70527, 99.9th(us): 78207, 99.99th(us): 84799
READ_ERROR - Takes(s): 400.0, Count: 11872, OPS: 29.7, Avg(us): 57141, Min(us): 24432, Max(us): 83455, 50th(us): 56927, 90th(us): 63359, 95th(us): 66431, 99th(us): 72255, 99.9th(us): 78015, 99.99th(us): 82239
TOTAL  - Takes(s): 399.9, Count: 24107, OPS: 60.3, Avg(us): 54803, Min(us): 23008, Max(us): 86463, 50th(us): 56287, 90th(us): 62015, 95th(us): 64095, 99th(us): 70207, 99.9th(us): 78015, 99.99th(us): 84799
INSERT - Takes(s): 409.6, Count: 1860, OPS: 4.5, Avg(us): 30649, Min(us): 23008, Max(us): 58783, 50th(us): 30239, 90th(us): 34047, 95th(us): 37919, 99th(us): 44767, 99.9th(us): 50751, 99.99th(us): 58783
READ   - Takes(s): 409.9, Count: 22923, OPS: 55.9, Avg(us): 56730, Min(us): 23360, Max(us): 86463, 50th(us): 56671, 90th(us): 62207, 95th(us): 64319, 99th(us): 70463, 99.9th(us): 78079, 99.99th(us): 84799
READ_ERROR - Takes(s): 410.0, Count: 12119, OPS: 29.6, Avg(us): 57110, Min(us): 24432, Max(us): 83455, 50th(us): 56895, 90th(us): 63263, 95th(us): 66303, 99th(us): 72255, 99.9th(us): 78015, 99.99th(us): 82239
TOTAL  - Takes(s): 409.9, Count: 24783, OPS: 60.5, Avg(us): 54772, Min(us): 23008, Max(us): 86463, 50th(us): 56255, 90th(us): 61983, 95th(us): 63999, 99th(us): 70143, 99.9th(us): 77887, 99.99th(us): 84799
INSERT - Takes(s): 419.6, Count: 1912, OPS: 4.6, Avg(us): 30615, Min(us): 23008, Max(us): 58783, 50th(us): 30223, 90th(us): 33919, 95th(us): 37791, 99th(us): 44767, 99.9th(us): 50751, 99.99th(us): 58783
READ   - Takes(s): 419.9, Count: 23582, OPS: 56.2, Avg(us): 56707, Min(us): 23360, Max(us): 86463, 50th(us): 56671, 90th(us): 62143, 95th(us): 64159, 99th(us): 70271, 99.9th(us): 78015, 99.99th(us): 84799
READ_ERROR - Takes(s): 420.0, Count: 12327, OPS: 29.4, Avg(us): 57084, Min(us): 24160, Max(us): 83455, 50th(us): 56863, 90th(us): 63231, 95th(us): 66239, 99th(us): 72191, 99.9th(us): 78015, 99.99th(us): 82239
TOTAL  - Takes(s): 419.9, Count: 25494, OPS: 60.7, Avg(us): 54751, Min(us): 23008, Max(us): 86463, 50th(us): 56255, 90th(us): 61983, 95th(us): 63967, 99th(us): 70015, 99.9th(us): 77887, 99.99th(us): 84607
INSERT - Takes(s): 429.6, Count: 1954, OPS: 4.5, Avg(us): 30600, Min(us): 23008, Max(us): 58783, 50th(us): 30223, 90th(us): 33759, 95th(us): 37631, 99th(us): 44063, 99.9th(us): 50751, 99.99th(us): 58783
READ   - Takes(s): 429.9, Count: 24237, OPS: 56.4, Avg(us): 56679, Min(us): 23360, Max(us): 86463, 50th(us): 56639, 90th(us): 62111, 95th(us): 64127, 99th(us): 70207, 99.9th(us): 78015, 99.99th(us): 84799
READ_ERROR - Takes(s): 430.0, Count: 12544, OPS: 29.2, Avg(us): 57072, Min(us): 24160, Max(us): 83455, 50th(us): 56863, 90th(us): 63167, 95th(us): 66111, 99th(us): 72191, 99.9th(us): 77951, 99.99th(us): 82239
TOTAL  - Takes(s): 429.9, Count: 26191, OPS: 60.9, Avg(us): 54734, Min(us): 23008, Max(us): 86463, 50th(us): 56223, 90th(us): 61951, 95th(us): 63903, 99th(us): 69951, 99.9th(us): 77887, 99.99th(us): 84607
INSERT - Takes(s): 439.6, Count: 1997, OPS: 4.5, Avg(us): 30577, Min(us): 23008, Max(us): 58783, 50th(us): 30207, 90th(us): 33631, 95th(us): 37535, 99th(us): 44063, 99.9th(us): 50751, 99.99th(us): 58783
READ   - Takes(s): 439.9, Count: 24888, OPS: 56.6, Avg(us): 56668, Min(us): 23360, Max(us): 86463, 50th(us): 56639, 90th(us): 62079, 95th(us): 64031, 99th(us): 70143, 99.9th(us): 77887, 99.99th(us): 84799
READ_ERROR - Takes(s): 440.0, Count: 12760, OPS: 29.0, Avg(us): 57063, Min(us): 24160, Max(us): 83455, 50th(us): 56863, 90th(us): 63103, 95th(us): 66047, 99th(us): 72127, 99.9th(us): 77951, 99.99th(us): 82239
TOTAL  - Takes(s): 439.9, Count: 26885, OPS: 61.1, Avg(us): 54730, Min(us): 23008, Max(us): 86463, 50th(us): 56223, 90th(us): 61887, 95th(us): 63839, 99th(us): 69887, 99.9th(us): 77823, 99.99th(us): 84607
INSERT - Takes(s): 449.6, Count: 2052, OPS: 4.6, Avg(us): 30561, Min(us): 23008, Max(us): 58783, 50th(us): 30207, 90th(us): 33407, 95th(us): 37471, 99th(us): 44063, 99.9th(us): 50751, 99.99th(us): 58783
READ   - Takes(s): 449.9, Count: 25525, OPS: 56.7, Avg(us): 56647, Min(us): 23360, Max(us): 86463, 50th(us): 56639, 90th(us): 62047, 95th(us): 63967, 99th(us): 70015, 99.9th(us): 77887, 99.99th(us): 84607
READ_ERROR - Takes(s): 450.0, Count: 12987, OPS: 28.9, Avg(us): 57047, Min(us): 24160, Max(us): 83455, 50th(us): 56831, 90th(us): 63039, 95th(us): 65983, 99th(us): 71935, 99.9th(us): 77951, 99.99th(us): 82239
TOTAL  - Takes(s): 449.9, Count: 27577, OPS: 61.3, Avg(us): 54706, Min(us): 23008, Max(us): 86463, 50th(us): 56223, 90th(us): 61887, 95th(us): 63743, 99th(us): 69823, 99.9th(us): 77823, 99.99th(us): 84607
INSERT - Takes(s): 459.6, Count: 2106, OPS: 4.6, Avg(us): 30547, Min(us): 23008, Max(us): 58783, 50th(us): 30207, 90th(us): 33183, 95th(us): 37439, 99th(us): 44063, 99.9th(us): 50751, 99.99th(us): 58783
READ   - Takes(s): 459.9, Count: 26170, OPS: 56.9, Avg(us): 56626, Min(us): 23360, Max(us): 86463, 50th(us): 56607, 90th(us): 62015, 95th(us): 63935, 99th(us): 69951, 99.9th(us): 77887, 99.99th(us): 84607
READ_ERROR - Takes(s): 460.0, Count: 13209, OPS: 28.7, Avg(us): 57022, Min(us): 24160, Max(us): 83455, 50th(us): 56799, 90th(us): 62975, 95th(us): 65919, 99th(us): 71871, 99.9th(us): 77951, 99.99th(us): 82239
TOTAL  - Takes(s): 459.9, Count: 28276, OPS: 61.5, Avg(us): 54684, Min(us): 23008, Max(us): 86463, 50th(us): 56191, 90th(us): 61823, 95th(us): 63711, 99th(us): 69759, 99.9th(us): 77823, 99.99th(us): 84607
INSERT - Takes(s): 469.6, Count: 2154, OPS: 4.6, Avg(us): 30529, Min(us): 23008, Max(us): 58783, 50th(us): 30207, 90th(us): 33087, 95th(us): 37343, 99th(us): 43903, 99.9th(us): 50751, 99.99th(us): 58783
READ   - Takes(s): 469.9, Count: 26802, OPS: 57.0, Avg(us): 56614, Min(us): 23360, Max(us): 86463, 50th(us): 56607, 90th(us): 61983, 95th(us): 63871, 99th(us): 69887, 99.9th(us): 77823, 99.99th(us): 84607
READ_ERROR - Takes(s): 470.0, Count: 13444, OPS: 28.6, Avg(us): 56999, Min(us): 24160, Max(us): 83455, 50th(us): 56767, 90th(us): 62911, 95th(us): 65919, 99th(us): 71807, 99.9th(us): 77951, 99.99th(us): 82239
TOTAL  - Takes(s): 469.9, Count: 28956, OPS: 61.6, Avg(us): 54674, Min(us): 23008, Max(us): 86463, 50th(us): 56191, 90th(us): 61791, 95th(us): 63647, 99th(us): 69695, 99.9th(us): 77247, 99.99th(us): 84607
INSERT - Takes(s): 479.6, Count: 2200, OPS: 4.6, Avg(us): 30500, Min(us): 23008, Max(us): 58783, 50th(us): 30191, 90th(us): 33023, 95th(us): 37247, 99th(us): 43903, 99.9th(us): 50751, 99.99th(us): 58783
READ   - Takes(s): 479.9, Count: 27464, OPS: 57.2, Avg(us): 56597, Min(us): 23360, Max(us): 86463, 50th(us): 56607, 90th(us): 61951, 95th(us): 63807, 99th(us): 69823, 99.9th(us): 77823, 99.99th(us): 84607
READ_ERROR - Takes(s): 480.0, Count: 13654, OPS: 28.4, Avg(us): 56984, Min(us): 24160, Max(us): 83455, 50th(us): 56767, 90th(us): 62847, 95th(us): 65791, 99th(us): 71615, 99.9th(us): 77311, 99.99th(us): 82239
TOTAL  - Takes(s): 479.9, Count: 29664, OPS: 61.8, Avg(us): 54662, Min(us): 23008, Max(us): 86463, 50th(us): 56191, 90th(us): 61759, 95th(us): 63583, 99th(us): 69567, 99.9th(us): 77183, 99.99th(us): 84607
INSERT - Takes(s): 489.6, Count: 2241, OPS: 4.6, Avg(us): 30481, Min(us): 23008, Max(us): 58783, 50th(us): 30191, 90th(us): 32927, 95th(us): 37151, 99th(us): 43903, 99.9th(us): 50751, 99.99th(us): 58783
READ   - Takes(s): 489.9, Count: 28102, OPS: 57.4, Avg(us): 56575, Min(us): 23360, Max(us): 86463, 50th(us): 56575, 90th(us): 61919, 95th(us): 63743, 99th(us): 69759, 99.9th(us): 77823, 99.99th(us): 84607
READ_ERROR - Takes(s): 490.0, Count: 13887, OPS: 28.3, Avg(us): 56977, Min(us): 24160, Max(us): 83455, 50th(us): 56767, 90th(us): 62783, 95th(us): 65727, 99th(us): 71551, 99.9th(us): 77311, 99.99th(us): 82239
TOTAL  - Takes(s): 489.9, Count: 30343, OPS: 61.9, Avg(us): 54647, Min(us): 23008, Max(us): 86463, 50th(us): 56159, 90th(us): 61727, 95th(us): 63519, 99th(us): 69503, 99.9th(us): 77183, 99.99th(us): 84607
INSERT - Takes(s): 499.6, Count: 2284, OPS: 4.6, Avg(us): 30463, Min(us): 23008, Max(us): 58783, 50th(us): 30191, 90th(us): 32895, 95th(us): 37055, 99th(us): 43775, 99.9th(us): 50751, 99.99th(us): 58783
READ   - Takes(s): 499.9, Count: 28744, OPS: 57.5, Avg(us): 56562, Min(us): 23360, Max(us): 86463, 50th(us): 56575, 90th(us): 61887, 95th(us): 63711, 99th(us): 69695, 99.9th(us): 77247, 99.99th(us): 84607
READ_ERROR - Takes(s): 500.0, Count: 14117, OPS: 28.2, Avg(us): 56958, Min(us): 24160, Max(us): 83455, 50th(us): 56735, 90th(us): 62719, 95th(us): 65599, 99th(us): 71487, 99.9th(us): 77311, 99.99th(us): 82239
TOTAL  - Takes(s): 499.9, Count: 31028, OPS: 62.1, Avg(us): 54641, Min(us): 23008, Max(us): 86463, 50th(us): 56159, 90th(us): 61695, 95th(us): 63455, 99th(us): 69439, 99.9th(us): 77183, 99.99th(us): 84607
INSERT - Takes(s): 509.6, Count: 2336, OPS: 4.6, Avg(us): 30443, Min(us): 23008, Max(us): 58783, 50th(us): 30175, 90th(us): 32863, 95th(us): 36959, 99th(us): 43775, 99.9th(us): 50751, 99.99th(us): 58783
READ   - Takes(s): 509.9, Count: 29402, OPS: 57.7, Avg(us): 56544, Min(us): 23360, Max(us): 86463, 50th(us): 56575, 90th(us): 61855, 95th(us): 63679, 99th(us): 69631, 99.9th(us): 77247, 99.99th(us): 84607
READ_ERROR - Takes(s): 510.0, Count: 14328, OPS: 28.1, Avg(us): 56940, Min(us): 24160, Max(us): 83455, 50th(us): 56735, 90th(us): 62687, 95th(us): 65503, 99th(us): 71487, 99.9th(us): 77311, 99.99th(us): 82239
TOTAL  - Takes(s): 509.9, Count: 31738, OPS: 62.2, Avg(us): 54623, Min(us): 23008, Max(us): 86463, 50th(us): 56159, 90th(us): 61663, 95th(us): 63391, 99th(us): 69375, 99.9th(us): 77119, 99.99th(us): 84607
INSERT - Takes(s): 519.6, Count: 2383, OPS: 4.6, Avg(us): 30431, Min(us): 23008, Max(us): 58783, 50th(us): 30175, 90th(us): 32799, 95th(us): 36895, 99th(us): 43743, 99.9th(us): 50751, 99.99th(us): 58783
READ   - Takes(s): 519.9, Count: 30062, OPS: 57.8, Avg(us): 56533, Min(us): 23360, Max(us): 86463, 50th(us): 56543, 90th(us): 61823, 95th(us): 63583, 99th(us): 69503, 99.9th(us): 77183, 99.99th(us): 84607
READ_ERROR - Takes(s): 520.0, Count: 14535, OPS: 28.0, Avg(us): 56924, Min(us): 24160, Max(us): 83455, 50th(us): 56735, 90th(us): 62591, 95th(us): 65471, 99th(us): 71423, 99.9th(us): 77311, 99.99th(us): 82239
TOTAL  - Takes(s): 519.9, Count: 32445, OPS: 62.4, Avg(us): 54615, Min(us): 23008, Max(us): 86463, 50th(us): 56159, 90th(us): 61631, 95th(us): 63327, 99th(us): 69247, 99.9th(us): 77119, 99.99th(us): 84607
INSERT - Takes(s): 529.6, Count: 2439, OPS: 4.6, Avg(us): 30418, Min(us): 23008, Max(us): 58783, 50th(us): 30191, 90th(us): 32751, 95th(us): 36735, 99th(us): 43743, 99.9th(us): 50751, 99.99th(us): 58783
READ   - Takes(s): 529.9, Count: 30739, OPS: 58.0, Avg(us): 56515, Min(us): 23024, Max(us): 86463, 50th(us): 56543, 90th(us): 61791, 95th(us): 63519, 99th(us): 69503, 99.9th(us): 77183, 99.99th(us): 84607
READ_ERROR - Takes(s): 530.0, Count: 14726, OPS: 27.8, Avg(us): 56905, Min(us): 24160, Max(us): 83455, 50th(us): 56703, 90th(us): 62559, 95th(us): 65407, 99th(us): 71359, 99.9th(us): 77311, 99.99th(us): 82239
TOTAL  - Takes(s): 529.9, Count: 33178, OPS: 62.6, Avg(us): 54596, Min(us): 23008, Max(us): 86463, 50th(us): 56127, 90th(us): 61599, 95th(us): 63295, 99th(us): 69119, 99.9th(us): 77055, 99.99th(us): 84607
INSERT - Takes(s): 539.6, Count: 2475, OPS: 4.6, Avg(us): 30408, Min(us): 23008, Max(us): 58783, 50th(us): 30191, 90th(us): 32735, 95th(us): 36607, 99th(us): 43679, 99.9th(us): 50751, 99.99th(us): 58783
READ   - Takes(s): 539.9, Count: 31396, OPS: 58.2, Avg(us): 56515, Min(us): 23024, Max(us): 86463, 50th(us): 56543, 90th(us): 61791, 95th(us): 63455, 99th(us): 69375, 99.9th(us): 77183, 99.99th(us): 84607
READ_ERROR - Takes(s): 540.0, Count: 14935, OPS: 27.7, Avg(us): 56896, Min(us): 24160, Max(us): 83455, 50th(us): 56703, 90th(us): 62527, 95th(us): 65343, 99th(us): 71359, 99.9th(us): 77311, 99.99th(us): 82239
TOTAL  - Takes(s): 539.9, Count: 33871, OPS: 62.7, Avg(us): 54607, Min(us): 23008, Max(us): 86463, 50th(us): 56159, 90th(us): 61567, 95th(us): 63231, 99th(us): 69055, 99.9th(us): 76991, 99.99th(us): 84607
INSERT - Takes(s): 549.6, Count: 2517, OPS: 4.6, Avg(us): 30397, Min(us): 23008, Max(us): 58783, 50th(us): 30191, 90th(us): 32719, 95th(us): 36511, 99th(us): 43679, 99.9th(us): 48831, 99.99th(us): 58783
READ   - Takes(s): 549.9, Count: 32073, OPS: 58.3, Avg(us): 56502, Min(us): 23024, Max(us): 86463, 50th(us): 56543, 90th(us): 61759, 95th(us): 63391, 99th(us): 69311, 99.9th(us): 77119, 99.99th(us): 84607
READ_ERROR - Takes(s): 550.0, Count: 15130, OPS: 27.5, Avg(us): 56887, Min(us): 24160, Max(us): 83455, 50th(us): 56703, 90th(us): 62527, 95th(us): 65311, 99th(us): 71359, 99.9th(us): 77311, 99.99th(us): 82111
TOTAL  - Takes(s): 549.9, Count: 34590, OPS: 62.9, Avg(us): 54603, Min(us): 23008, Max(us): 86463, 50th(us): 56127, 90th(us): 61567, 95th(us): 63199, 99th(us): 68927, 99.9th(us): 76991, 99.99th(us): 84607
**********************************************
Run finished, takes 9m13.632600183s
INSERT - Takes(s): 553.2, Count: 2531, OPS: 4.6, Avg(us): 30391, Min(us): 23008, Max(us): 58783, 50th(us): 30175, 90th(us): 32719, 95th(us): 36447, 99th(us): 43679, 99.9th(us): 48831, 99.99th(us): 58783
READ   - Takes(s): 553.5, Count: 32281, OPS: 58.3, Avg(us): 56489, Min(us): 23024, Max(us): 86463, 50th(us): 56543, 90th(us): 61727, 95th(us): 63359, 99th(us): 69247, 99.9th(us): 77119, 99.99th(us): 84607
READ_ERROR - Takes(s): 553.6, Count: 15188, OPS: 27.4, Avg(us): 56876, Min(us): 24160, Max(us): 83455, 50th(us): 56671, 90th(us): 62495, 95th(us): 65311, 99th(us): 71359, 99.9th(us): 77311, 99.99th(us): 82111
TOTAL  - Takes(s): 553.5, Count: 34812, OPS: 62.9, Avg(us): 54591, Min(us): 23008, Max(us): 86463, 50th(us): 56127, 90th(us): 61567, 95th(us): 63199, 99th(us): 68927, 99.9th(us): 76991, 99.99th(us): 84607
