Now loading data using DB:  etcd
core
Using request distribution 'latest' a keyrange of [0 99999]
***************** properties *****************
"requestdistribution"="latest"
"scanproportion"="0"
"recordcount"="100000"
"dotransactions"="true"
"readallfields"="true"
"operationcount"="50000"
"insertproportion"="0.05"
"etcd.dial_timeout"="10s"
"updateproportion"="0"
"etcd.endpoints"="192.168.37.14:2379"
"threadcount"="5"
"workload"="core"
"docollectingdata"="false"
"readproportion"="0.95"
"command"="run"
**********************************************
INSERT - Takes(s): 9.9, Count: 23, OPS: 2.3, Avg(us): 58562, Min(us): 47296, Max(us): 84415, 50th(us): 57183, 90th(us): 71551, 95th(us): 77439, 99th(us): 84415, 99.9th(us): 84415, 99.99th(us): 84415
READ   - Takes(s): 9.6, Count: 128, OPS: 13.3, Avg(us): 107930, Min(us): 61888, Max(us): 133247, 50th(us): 107903, 90th(us): 120639, 95th(us): 123903, 99th(us): 132095, 99.9th(us): 133247, 99.99th(us): 133247
READ_ERROR - Takes(s): 9.9, Count: 318, OPS: 32.0, Avg(us): 108776, Min(us): 48704, Max(us): 137471, 50th(us): 109375, 90th(us): 121535, 95th(us): 124735, 99th(us): 134655, 99.9th(us): 137471, 99.99th(us): 137471
TOTAL  - Takes(s): 9.9, Count: 151, OPS: 15.2, Avg(us): 100411, Min(us): 47296, Max(us): 133247, 50th(us): 105279, 90th(us): 120447, 95th(us): 121855, 99th(us): 130239, 99.9th(us): 133247, 99.99th(us): 133247
INSERT - Takes(s): 19.9, Count: 47, OPS: 2.4, Avg(us): 57538, Min(us): 44512, Max(us): 84415, 50th(us): 57119, 90th(us): 64703, 95th(us): 77439, 99th(us): 84415, 99.9th(us): 84415, 99.99th(us): 84415
READ   - Takes(s): 19.6, Count: 325, OPS: 16.6, Avg(us): 109433, Min(us): 55776, Max(us): 138239, 50th(us): 110783, 90th(us): 121663, 95th(us): 126399, 99th(us): 136191, 99.9th(us): 138239, 99.99th(us): 138239
READ_ERROR - Takes(s): 19.9, Count: 560, OPS: 28.1, Avg(us): 109980, Min(us): 48704, Max(us): 138111, 50th(us): 111103, 90th(us): 122687, 95th(us): 126143, 99th(us): 134783, 99.9th(us): 137471, 99.99th(us): 138111
TOTAL  - Takes(s): 19.9, Count: 372, OPS: 18.6, Avg(us): 102876, Min(us): 44512, Max(us): 138239, 50th(us): 108991, 90th(us): 120703, 95th(us): 125887, 99th(us): 135935, 99.9th(us): 138239, 99.99th(us): 138239
INSERT - Takes(s): 29.9, Count: 74, OPS: 2.5, Avg(us): 57346, Min(us): 44512, Max(us): 84415, 50th(us): 56639, 90th(us): 64703, 95th(us): 67903, 99th(us): 83327, 99.9th(us): 84415, 99.99th(us): 84415
READ   - Takes(s): 29.6, Count: 521, OPS: 17.6, Avg(us): 109561, Min(us): 54432, Max(us): 138239, 50th(us): 110527, 90th(us): 122815, 95th(us): 126911, 99th(us): 134143, 99.9th(us): 138239, 99.99th(us): 138239
READ_ERROR - Takes(s): 29.9, Count: 803, OPS: 26.8, Avg(us): 109945, Min(us): 48704, Max(us): 141567, 50th(us): 110399, 90th(us): 122751, 95th(us): 126399, 99th(us): 136447, 99.9th(us): 141567, 99.99th(us): 141567
TOTAL  - Takes(s): 29.9, Count: 595, OPS: 19.9, Avg(us): 103067, Min(us): 44512, Max(us): 138239, 50th(us): 109119, 90th(us): 121663, 95th(us): 126335, 99th(us): 134143, 99.9th(us): 138239, 99.99th(us): 138239
INSERT - Takes(s): 39.9, Count: 104, OPS: 2.6, Avg(us): 57478, Min(us): 44512, Max(us): 84415, 50th(us): 56799, 90th(us): 66751, 95th(us): 71551, 99th(us): 83327, 99.9th(us): 84415, 99.99th(us): 84415
READ   - Takes(s): 39.6, Count: 737, OPS: 18.6, Avg(us): 109306, Min(us): 54432, Max(us): 145407, 50th(us): 110207, 90th(us): 121855, 95th(us): 126399, 99th(us): 135935, 99.9th(us): 145407, 99.99th(us): 145407
READ_ERROR - Takes(s): 39.9, Count: 1034, OPS: 25.9, Avg(us): 109343, Min(us): 48704, Max(us): 141567, 50th(us): 109887, 90th(us): 122559, 95th(us): 126207, 99th(us): 135807, 99.9th(us): 141567, 99.99th(us): 141567
TOTAL  - Takes(s): 39.9, Count: 841, OPS: 21.1, Avg(us): 102897, Min(us): 44512, Max(us): 145407, 50th(us): 108607, 90th(us): 120959, 95th(us): 125887, 99th(us): 134143, 99.9th(us): 145407, 99.99th(us): 145407
INSERT - Takes(s): 49.9, Count: 124, OPS: 2.5, Avg(us): 57298, Min(us): 44512, Max(us): 84415, 50th(us): 56351, 90th(us): 66431, 95th(us): 68415, 99th(us): 83327, 99.9th(us): 84415, 99.99th(us): 84415
READ   - Takes(s): 49.6, Count: 968, OPS: 19.5, Avg(us): 109609, Min(us): 54432, Max(us): 145407, 50th(us): 110079, 90th(us): 122687, 95th(us): 126335, 99th(us): 134143, 99.9th(us): 145407, 99.99th(us): 145407
READ_ERROR - Takes(s): 49.9, Count: 1246, OPS: 24.9, Avg(us): 109512, Min(us): 48704, Max(us): 141567, 50th(us): 109823, 90th(us): 122367, 95th(us): 126079, 99th(us): 135807, 99.9th(us): 141567, 99.99th(us): 141567
TOTAL  - Takes(s): 49.9, Count: 1092, OPS: 21.9, Avg(us): 103669, Min(us): 44512, Max(us): 145407, 50th(us): 108735, 90th(us): 121599, 95th(us): 125375, 99th(us): 134143, 99.9th(us): 145407, 99.99th(us): 145407
INSERT - Takes(s): 59.9, Count: 145, OPS: 2.4, Avg(us): 57277, Min(us): 42848, Max(us): 84415, 50th(us): 56543, 90th(us): 66431, 95th(us): 68415, 99th(us): 83327, 99.9th(us): 84415, 99.99th(us): 84415
READ   - Takes(s): 59.6, Count: 1214, OPS: 20.4, Avg(us): 109512, Min(us): 52384, Max(us): 145407, 50th(us): 110079, 90th(us): 122367, 95th(us): 125951, 99th(us): 136063, 99.9th(us): 145407, 99.99th(us): 145407
READ_ERROR - Takes(s): 59.9, Count: 1445, OPS: 24.1, Avg(us): 109577, Min(us): 48704, Max(us): 147199, 50th(us): 109823, 90th(us): 122431, 95th(us): 125951, 99th(us): 136447, 99.9th(us): 141567, 99.99th(us): 147199
TOTAL  - Takes(s): 59.9, Count: 1359, OPS: 22.7, Avg(us): 103939, Min(us): 42848, Max(us): 145407, 50th(us): 108799, 90th(us): 121279, 95th(us): 125375, 99th(us): 134143, 99.9th(us): 145407, 99.99th(us): 145407
INSERT - Takes(s): 69.9, Count: 166, OPS: 2.4, Avg(us): 57036, Min(us): 42848, Max(us): 84415, 50th(us): 56159, 90th(us): 66047, 95th(us): 68031, 99th(us): 77439, 99.9th(us): 84415, 99.99th(us): 84415
READ   - Takes(s): 69.6, Count: 1464, OPS: 21.0, Avg(us): 109072, Min(us): 52384, Max(us): 145407, 50th(us): 109631, 90th(us): 121023, 95th(us): 125183, 99th(us): 134143, 99.9th(us): 145407, 99.99th(us): 145407
READ_ERROR - Takes(s): 69.9, Count: 1653, OPS: 23.6, Avg(us): 109200, Min(us): 48704, Max(us): 147199, 50th(us): 109439, 90th(us): 121599, 95th(us): 125247, 99th(us): 135423, 99.9th(us): 141567, 99.99th(us): 147199
TOTAL  - Takes(s): 69.9, Count: 1630, OPS: 23.3, Avg(us): 103772, Min(us): 42848, Max(us): 145407, 50th(us): 108415, 90th(us): 120383, 95th(us): 124607, 99th(us): 134015, 99.9th(us): 138495, 99.99th(us): 145407
INSERT - Takes(s): 79.9, Count: 186, OPS: 2.3, Avg(us): 57241, Min(us): 42848, Max(us): 84415, 50th(us): 56319, 90th(us): 66367, 95th(us): 68863, 99th(us): 78399, 99.9th(us): 84415, 99.99th(us): 84415
READ   - Takes(s): 79.6, Count: 1714, OPS: 21.5, Avg(us): 108492, Min(us): 52192, Max(us): 145407, 50th(us): 109055, 90th(us): 120383, 95th(us): 124351, 99th(us): 133247, 99.9th(us): 138495, 99.99th(us): 145407
READ_ERROR - Takes(s): 79.9, Count: 1866, OPS: 23.3, Avg(us): 108733, Min(us): 48704, Max(us): 147199, 50th(us): 109055, 90th(us): 120895, 95th(us): 124607, 99th(us): 134783, 99.9th(us): 141567, 99.99th(us): 147199
TOTAL  - Takes(s): 79.9, Count: 1900, OPS: 23.8, Avg(us): 103475, Min(us): 42848, Max(us): 145407, 50th(us): 107775, 90th(us): 119935, 95th(us): 124159, 99th(us): 132863, 99.9th(us): 138495, 99.99th(us): 145407
INSERT - Takes(s): 89.9, Count: 210, OPS: 2.3, Avg(us): 56881, Min(us): 42848, Max(us): 84415, 50th(us): 56159, 90th(us): 66111, 95th(us): 68415, 99th(us): 78399, 99.9th(us): 84415, 99.99th(us): 84415
READ   - Takes(s): 89.6, Count: 1963, OPS: 21.9, Avg(us): 107828, Min(us): 50144, Max(us): 145407, 50th(us): 108159, 90th(us): 119935, 95th(us): 123903, 99th(us): 132095, 99.9th(us): 138495, 99.99th(us): 145407
READ_ERROR - Takes(s): 89.9, Count: 2090, OPS: 23.2, Avg(us): 108210, Min(us): 48704, Max(us): 147199, 50th(us): 108543, 90th(us): 120191, 95th(us): 124223, 99th(us): 134527, 99.9th(us): 141567, 99.99th(us): 147199
TOTAL  - Takes(s): 89.9, Count: 2173, OPS: 24.2, Avg(us): 102904, Min(us): 42848, Max(us): 145407, 50th(us): 107135, 90th(us): 119487, 95th(us): 123263, 99th(us): 131839, 99.9th(us): 138495, 99.99th(us): 145407
INSERT - Takes(s): 99.9, Count: 237, OPS: 2.4, Avg(us): 56280, Min(us): 42848, Max(us): 84415, 50th(us): 55359, 90th(us): 65215, 95th(us): 67903, 99th(us): 78399, 99.9th(us): 84415, 99.99th(us): 84415
READ   - Takes(s): 99.6, Count: 2240, OPS: 22.5, Avg(us): 107086, Min(us): 47040, Max(us): 145407, 50th(us): 107327, 90th(us): 119231, 95th(us): 123199, 99th(us): 131839, 99.9th(us): 138495, 99.99th(us): 145407
READ_ERROR - Takes(s): 99.9, Count: 2289, OPS: 22.9, Avg(us): 107664, Min(us): 48704, Max(us): 147199, 50th(us): 107967, 90th(us): 119679, 95th(us): 123775, 99th(us): 133887, 99.9th(us): 141567, 99.99th(us): 147199
TOTAL  - Takes(s): 99.9, Count: 2477, OPS: 24.8, Avg(us): 102225, Min(us): 42848, Max(us): 145407, 50th(us): 106239, 90th(us): 118783, 95th(us): 122559, 99th(us): 130495, 99.9th(us): 138495, 99.99th(us): 145407
INSERT - Takes(s): 109.9, Count: 259, OPS: 2.4, Avg(us): 56067, Min(us): 42848, Max(us): 84415, 50th(us): 55199, 90th(us): 64703, 95th(us): 67519, 99th(us): 77439, 99.9th(us): 84415, 99.99th(us): 84415
READ   - Takes(s): 109.6, Count: 2504, OPS: 22.8, Avg(us): 106468, Min(us): 47040, Max(us): 145407, 50th(us): 106623, 90th(us): 118719, 95th(us): 122367, 99th(us): 130495, 99.9th(us): 138495, 99.99th(us): 145407
READ_ERROR - Takes(s): 109.9, Count: 2506, OPS: 22.8, Avg(us): 107188, Min(us): 48704, Max(us): 147199, 50th(us): 107519, 90th(us): 119039, 95th(us): 123199, 99th(us): 132351, 99.9th(us): 139007, 99.99th(us): 147199
TOTAL  - Takes(s): 109.9, Count: 2763, OPS: 25.1, Avg(us): 101743, Min(us): 42848, Max(us): 145407, 50th(us): 105535, 90th(us): 118207, 95th(us): 121471, 99th(us): 130431, 99.9th(us): 138495, 99.99th(us): 145407
INSERT - Takes(s): 119.9, Count: 277, OPS: 2.3, Avg(us): 55704, Min(us): 42848, Max(us): 84415, 50th(us): 54911, 90th(us): 64095, 95th(us): 67519, 99th(us): 77439, 99.9th(us): 84415, 99.99th(us): 84415
READ   - Takes(s): 119.6, Count: 2778, OPS: 23.2, Avg(us): 106085, Min(us): 46464, Max(us): 145407, 50th(us): 106239, 90th(us): 118207, 95th(us): 121407, 99th(us): 130431, 99.9th(us): 138495, 99.99th(us): 145407
READ_ERROR - Takes(s): 119.9, Count: 2712, OPS: 22.6, Avg(us): 106718, Min(us): 48704, Max(us): 147199, 50th(us): 106943, 90th(us): 118783, 95th(us): 122751, 99th(us): 131967, 99.9th(us): 139007, 99.99th(us): 147199
TOTAL  - Takes(s): 119.9, Count: 3055, OPS: 25.5, Avg(us): 101517, Min(us): 42848, Max(us): 145407, 50th(us): 105087, 90th(us): 117567, 95th(us): 120959, 99th(us): 130239, 99.9th(us): 138495, 99.99th(us): 145407
INSERT - Takes(s): 129.9, Count: 308, OPS: 2.4, Avg(us): 55425, Min(us): 42848, Max(us): 84415, 50th(us): 54463, 90th(us): 63935, 95th(us): 67391, 99th(us): 77439, 99.9th(us): 84415, 99.99th(us): 84415
READ   - Takes(s): 129.6, Count: 3049, OPS: 23.5, Avg(us): 105661, Min(us): 46464, Max(us): 145407, 50th(us): 105663, 90th(us): 117567, 95th(us): 120959, 99th(us): 130239, 99.9th(us): 138495, 99.99th(us): 145407
READ_ERROR - Takes(s): 129.9, Count: 2921, OPS: 22.5, Avg(us): 106253, Min(us): 47840, Max(us): 147199, 50th(us): 106431, 90th(us): 118399, 95th(us): 122623, 99th(us): 131199, 99.9th(us): 139007, 99.99th(us): 147199
TOTAL  - Takes(s): 129.9, Count: 3357, OPS: 25.8, Avg(us): 101052, Min(us): 42848, Max(us): 145407, 50th(us): 104575, 90th(us): 116927, 95th(us): 120575, 99th(us): 129855, 99.9th(us): 138495, 99.99th(us): 145407
INSERT - Takes(s): 139.9, Count: 337, OPS: 2.4, Avg(us): 55130, Min(us): 42848, Max(us): 84415, 50th(us): 54015, 90th(us): 63551, 95th(us): 66687, 99th(us): 77439, 99.9th(us): 84415, 99.99th(us): 84415
READ   - Takes(s): 139.6, Count: 3350, OPS: 24.0, Avg(us): 105038, Min(us): 46464, Max(us): 145407, 50th(us): 104959, 90th(us): 116927, 95th(us): 120575, 99th(us): 129983, 99.9th(us): 138495, 99.99th(us): 145407
READ_ERROR - Takes(s): 139.9, Count: 3108, OPS: 22.2, Avg(us): 105902, Min(us): 47840, Max(us): 147199, 50th(us): 106047, 90th(us): 118079, 95th(us): 122111, 99th(us): 131007, 99.9th(us): 139007, 99.99th(us): 147199
TOTAL  - Takes(s): 139.9, Count: 3687, OPS: 26.3, Avg(us): 100476, Min(us): 42848, Max(us): 145407, 50th(us): 103999, 90th(us): 116479, 95th(us): 120255, 99th(us): 128511, 99.9th(us): 138495, 99.99th(us): 145407
INSERT - Takes(s): 149.9, Count: 365, OPS: 2.4, Avg(us): 54974, Min(us): 42848, Max(us): 84415, 50th(us): 53983, 90th(us): 63455, 95th(us): 66687, 99th(us): 75647, 99.9th(us): 84415, 99.99th(us): 84415
READ   - Takes(s): 149.6, Count: 3645, OPS: 24.4, Avg(us): 104652, Min(us): 46464, Max(us): 145407, 50th(us): 104511, 90th(us): 116543, 95th(us): 120319, 99th(us): 128959, 99.9th(us): 138495, 99.99th(us): 145407
READ_ERROR - Takes(s): 149.9, Count: 3299, OPS: 22.0, Avg(us): 105539, Min(us): 44352, Max(us): 147199, 50th(us): 105407, 90th(us): 117695, 95th(us): 121663, 99th(us): 130623, 99.9th(us): 139007, 99.99th(us): 147199
TOTAL  - Takes(s): 149.9, Count: 4010, OPS: 26.7, Avg(us): 100130, Min(us): 42848, Max(us): 145407, 50th(us): 103551, 90th(us): 115903, 95th(us): 119935, 99th(us): 128255, 99.9th(us): 138495, 99.99th(us): 145407
INSERT - Takes(s): 159.9, Count: 394, OPS: 2.5, Avg(us): 54691, Min(us): 42848, Max(us): 84415, 50th(us): 53503, 90th(us): 62815, 95th(us): 66367, 99th(us): 75647, 99.9th(us): 84415, 99.99th(us): 84415
READ   - Takes(s): 159.6, Count: 3944, OPS: 24.7, Avg(us): 104293, Min(us): 46464, Max(us): 145407, 50th(us): 104319, 90th(us): 116095, 95th(us): 119935, 99th(us): 128255, 99.9th(us): 138495, 99.99th(us): 145407
READ_ERROR - Takes(s): 159.9, Count: 3484, OPS: 21.8, Avg(us): 105229, Min(us): 44352, Max(us): 147199, 50th(us): 105023, 90th(us): 117311, 95th(us): 121407, 99th(us): 130303, 99.9th(us): 139007, 99.99th(us): 147199
TOTAL  - Takes(s): 159.9, Count: 4338, OPS: 27.1, Avg(us): 99788, Min(us): 42848, Max(us): 145407, 50th(us): 103231, 90th(us): 115455, 95th(us): 119487, 99th(us): 128127, 99.9th(us): 138495, 99.99th(us): 145407
INSERT - Takes(s): 169.9, Count: 422, OPS: 2.5, Avg(us): 54458, Min(us): 42848, Max(us): 84415, 50th(us): 53407, 90th(us): 62335, 95th(us): 66367, 99th(us): 75647, 99.9th(us): 84415, 99.99th(us): 84415
READ   - Takes(s): 169.6, Count: 4230, OPS: 24.9, Avg(us): 103996, Min(us): 46400, Max(us): 145407, 50th(us): 103999, 90th(us): 115647, 95th(us): 119615, 99th(us): 128191, 99.9th(us): 138495, 99.99th(us): 145407
READ_ERROR - Takes(s): 169.9, Count: 3688, OPS: 21.7, Avg(us): 104911, Min(us): 44352, Max(us): 147199, 50th(us): 104639, 90th(us): 116927, 95th(us): 121151, 99th(us): 129855, 99.9th(us): 138111, 99.99th(us): 147199
TOTAL  - Takes(s): 169.9, Count: 4652, OPS: 27.4, Avg(us): 99502, Min(us): 42848, Max(us): 145407, 50th(us): 102975, 90th(us): 114879, 95th(us): 119103, 99th(us): 127295, 99.9th(us): 138239, 99.99th(us): 145407
INSERT - Takes(s): 179.9, Count: 447, OPS: 2.5, Avg(us): 54243, Min(us): 42848, Max(us): 84415, 50th(us): 53183, 90th(us): 61887, 95th(us): 66111, 99th(us): 75647, 99.9th(us): 84415, 99.99th(us): 84415
READ   - Takes(s): 179.6, Count: 4526, OPS: 25.2, Avg(us): 103792, Min(us): 46400, Max(us): 145407, 50th(us): 103871, 90th(us): 115135, 95th(us): 119167, 99th(us): 127423, 99.9th(us): 138239, 99.99th(us): 145407
READ_ERROR - Takes(s): 179.9, Count: 3874, OPS: 21.5, Avg(us): 104700, Min(us): 44352, Max(us): 147199, 50th(us): 104447, 90th(us): 116799, 95th(us): 120703, 99th(us): 129535, 99.9th(us): 138111, 99.99th(us): 147199
TOTAL  - Takes(s): 179.9, Count: 4973, OPS: 27.6, Avg(us): 99338, Min(us): 42848, Max(us): 145407, 50th(us): 102911, 90th(us): 114367, 95th(us): 118847, 99th(us): 127039, 99.9th(us): 138239, 99.99th(us): 145407
INSERT - Takes(s): 190.0, Count: 472, OPS: 2.5, Avg(us): 54069, Min(us): 42848, Max(us): 84415, 50th(us): 53087, 90th(us): 61759, 95th(us): 65791, 99th(us): 73087, 99.9th(us): 84415, 99.99th(us): 84415
READ   - Takes(s): 189.6, Count: 4822, OPS: 25.4, Avg(us): 103591, Min(us): 46400, Max(us): 145407, 50th(us): 103679, 90th(us): 114687, 95th(us): 118975, 99th(us): 127167, 99.9th(us): 138239, 99.99th(us): 145407
READ_ERROR - Takes(s): 189.9, Count: 4064, OPS: 21.4, Avg(us): 104498, Min(us): 44352, Max(us): 147199, 50th(us): 104255, 90th(us): 116415, 95th(us): 120383, 99th(us): 129279, 99.9th(us): 138111, 99.99th(us): 147199
TOTAL  - Takes(s): 190.0, Count: 5294, OPS: 27.9, Avg(us): 99176, Min(us): 42848, Max(us): 145407, 50th(us): 102783, 90th(us): 114047, 95th(us): 118527, 99th(us): 126655, 99.9th(us): 138239, 99.99th(us): 145407
INSERT - Takes(s): 199.9, Count: 498, OPS: 2.5, Avg(us): 53903, Min(us): 42240, Max(us): 84415, 50th(us): 52895, 90th(us): 61375, 95th(us): 65215, 99th(us): 73087, 99.9th(us): 84415, 99.99th(us): 84415
READ   - Takes(s): 199.6, Count: 5144, OPS: 25.8, Avg(us): 103343, Min(us): 46400, Max(us): 145407, 50th(us): 103423, 90th(us): 114239, 95th(us): 118591, 99th(us): 126911, 99.9th(us): 138239, 99.99th(us): 145407
READ_ERROR - Takes(s): 199.9, Count: 4231, OPS: 21.2, Avg(us): 104294, Min(us): 44352, Max(us): 147199, 50th(us): 104063, 90th(us): 116095, 95th(us): 120191, 99th(us): 129151, 99.9th(us): 138111, 99.99th(us): 147199
TOTAL  - Takes(s): 199.9, Count: 5642, OPS: 28.2, Avg(us): 98979, Min(us): 42240, Max(us): 145407, 50th(us): 102463, 90th(us): 113599, 95th(us): 118207, 99th(us): 126399, 99.9th(us): 138239, 99.99th(us): 145407
INSERT - Takes(s): 210.0, Count: 530, OPS: 2.5, Avg(us): 53683, Min(us): 42240, Max(us): 84415, 50th(us): 52703, 90th(us): 61119, 95th(us): 64991, 99th(us): 73087, 99.9th(us): 83327, 99.99th(us): 84415
READ   - Takes(s): 209.6, Count: 5436, OPS: 25.9, Avg(us): 103149, Min(us): 46400, Max(us): 145407, 50th(us): 103231, 90th(us): 113919, 95th(us): 118399, 99th(us): 126527, 99.9th(us): 138239, 99.99th(us): 145407
READ_ERROR - Takes(s): 209.9, Count: 4425, OPS: 21.1, Avg(us): 104073, Min(us): 44352, Max(us): 147199, 50th(us): 103935, 90th(us): 115839, 95th(us): 120063, 99th(us): 128447, 99.9th(us): 138111, 99.99th(us): 147199
TOTAL  - Takes(s): 209.9, Count: 5966, OPS: 28.4, Avg(us): 98755, Min(us): 42240, Max(us): 145407, 50th(us): 102335, 90th(us): 113279, 95th(us): 117631, 99th(us): 126207, 99.9th(us): 138239, 99.99th(us): 145407
INSERT - Takes(s): 219.9, Count: 555, OPS: 2.5, Avg(us): 53591, Min(us): 42240, Max(us): 84415, 50th(us): 52639, 90th(us): 61087, 95th(us): 64639, 99th(us): 71551, 99.9th(us): 83327, 99.99th(us): 84415
READ   - Takes(s): 219.6, Count: 5759, OPS: 26.2, Avg(us): 102958, Min(us): 46400, Max(us): 145407, 50th(us): 103039, 90th(us): 113471, 95th(us): 118079, 99th(us): 126335, 99.9th(us): 138239, 99.99th(us): 145407
READ_ERROR - Takes(s): 219.9, Count: 4589, OPS: 20.9, Avg(us): 103929, Min(us): 44352, Max(us): 147199, 50th(us): 103807, 90th(us): 115583, 95th(us): 119743, 99th(us): 127551, 99.9th(us): 137471, 99.99th(us): 147199
TOTAL  - Takes(s): 219.9, Count: 6314, OPS: 28.7, Avg(us): 98619, Min(us): 42240, Max(us): 145407, 50th(us): 102143, 90th(us): 112831, 95th(us): 117439, 99th(us): 125951, 99.9th(us): 138239, 99.99th(us): 145407
INSERT - Takes(s): 229.9, Count: 587, OPS: 2.6, Avg(us): 53485, Min(us): 42240, Max(us): 84415, 50th(us): 52479, 90th(us): 60639, 95th(us): 64351, 99th(us): 71551, 99.9th(us): 83327, 99.99th(us): 84415
READ   - Takes(s): 229.6, Count: 6067, OPS: 26.4, Avg(us): 102752, Min(us): 46400, Max(us): 145407, 50th(us): 102847, 90th(us): 113151, 95th(us): 117631, 99th(us): 126143, 99.9th(us): 138239, 99.99th(us): 145407
READ_ERROR - Takes(s): 229.9, Count: 4768, OPS: 20.7, Avg(us): 103765, Min(us): 44352, Max(us): 147199, 50th(us): 103615, 90th(us): 115327, 95th(us): 119487, 99th(us): 127295, 99.9th(us): 137471, 99.99th(us): 147199
TOTAL  - Takes(s): 229.9, Count: 6654, OPS: 28.9, Avg(us): 98406, Min(us): 42240, Max(us): 145407, 50th(us): 101951, 90th(us): 112511, 95th(us): 116927, 99th(us): 125759, 99.9th(us): 137215, 99.99th(us): 145407
INSERT - Takes(s): 239.9, Count: 608, OPS: 2.5, Avg(us): 53440, Min(us): 42240, Max(us): 84415, 50th(us): 52415, 90th(us): 60575, 95th(us): 64095, 99th(us): 71551, 99.9th(us): 83327, 99.99th(us): 84415
READ   - Takes(s): 239.6, Count: 6388, OPS: 26.7, Avg(us): 102633, Min(us): 46400, Max(us): 145407, 50th(us): 102719, 90th(us): 112703, 95th(us): 117439, 99th(us): 125887, 99.9th(us): 138239, 99.99th(us): 145407
READ_ERROR - Takes(s): 239.9, Count: 4935, OPS: 20.6, Avg(us): 103669, Min(us): 44352, Max(us): 147199, 50th(us): 103551, 90th(us): 115199, 95th(us): 119167, 99th(us): 127103, 99.9th(us): 137471, 99.99th(us): 147199
TOTAL  - Takes(s): 239.9, Count: 6996, OPS: 29.2, Avg(us): 98358, Min(us): 42240, Max(us): 145407, 50th(us): 101823, 90th(us): 112319, 95th(us): 116671, 99th(us): 125375, 99.9th(us): 137215, 99.99th(us): 145407
INSERT - Takes(s): 249.9, Count: 632, OPS: 2.5, Avg(us): 53350, Min(us): 42240, Max(us): 84415, 50th(us): 52383, 90th(us): 60447, 95th(us): 63935, 99th(us): 71551, 99.9th(us): 83327, 99.99th(us): 84415
READ   - Takes(s): 249.6, Count: 6708, OPS: 26.9, Avg(us): 102493, Min(us): 46400, Max(us): 145407, 50th(us): 102527, 90th(us): 112447, 95th(us): 116927, 99th(us): 125759, 99.9th(us): 137215, 99.99th(us): 145407
READ_ERROR - Takes(s): 249.9, Count: 5105, OPS: 20.4, Avg(us): 103511, Min(us): 44352, Max(us): 147199, 50th(us): 103359, 90th(us): 115007, 95th(us): 119039, 99th(us): 126847, 99.9th(us): 137471, 99.99th(us): 141567
TOTAL  - Takes(s): 249.9, Count: 7340, OPS: 29.4, Avg(us): 98261, Min(us): 42240, Max(us): 145407, 50th(us): 101695, 90th(us): 112127, 95th(us): 116479, 99th(us): 125247, 99.9th(us): 137215, 99.99th(us): 145407
INSERT - Takes(s): 259.9, Count: 662, OPS: 2.5, Avg(us): 53289, Min(us): 42240, Max(us): 84415, 50th(us): 52287, 90th(us): 60223, 95th(us): 63679, 99th(us): 69439, 99.9th(us): 83327, 99.99th(us): 84415
READ   - Takes(s): 259.6, Count: 7024, OPS: 27.1, Avg(us): 102391, Min(us): 45760, Max(us): 145407, 50th(us): 102463, 90th(us): 112383, 95th(us): 116671, 99th(us): 125375, 99.9th(us): 137215, 99.99th(us): 145407
READ_ERROR - Takes(s): 259.9, Count: 5273, OPS: 20.3, Avg(us): 103397, Min(us): 43264, Max(us): 147199, 50th(us): 103295, 90th(us): 114431, 95th(us): 118847, 99th(us): 126783, 99.9th(us): 137471, 99.99th(us): 141567
TOTAL  - Takes(s): 259.9, Count: 7686, OPS: 29.6, Avg(us): 98162, Min(us): 42240, Max(us): 145407, 50th(us): 101631, 90th(us): 111871, 95th(us): 116287, 99th(us): 125119, 99.9th(us): 137087, 99.99th(us): 145407
INSERT - Takes(s): 269.9, Count: 680, OPS: 2.5, Avg(us): 53243, Min(us): 42240, Max(us): 84415, 50th(us): 52287, 90th(us): 59999, 95th(us): 63615, 99th(us): 69439, 99.9th(us): 83327, 99.99th(us): 84415
READ   - Takes(s): 269.6, Count: 7322, OPS: 27.2, Avg(us): 102332, Min(us): 45760, Max(us): 145407, 50th(us): 102399, 90th(us): 112127, 95th(us): 116479, 99th(us): 125247, 99.9th(us): 137215, 99.99th(us): 145407
READ_ERROR - Takes(s): 269.9, Count: 5460, OPS: 20.2, Avg(us): 103310, Min(us): 43264, Max(us): 147199, 50th(us): 103231, 90th(us): 114303, 95th(us): 118719, 99th(us): 126591, 99.9th(us): 137471, 99.99th(us): 141567
TOTAL  - Takes(s): 269.9, Count: 8002, OPS: 29.6, Avg(us): 98161, Min(us): 42240, Max(us): 145407, 50th(us): 101631, 90th(us): 111679, 95th(us): 115967, 99th(us): 124799, 99.9th(us): 137087, 99.99th(us): 145407
INSERT - Takes(s): 279.9, Count: 700, OPS: 2.5, Avg(us): 53205, Min(us): 42240, Max(us): 84415, 50th(us): 52287, 90th(us): 59711, 95th(us): 63551, 99th(us): 69439, 99.9th(us): 83327, 99.99th(us): 84415
READ   - Takes(s): 279.6, Count: 7635, OPS: 27.3, Avg(us): 102264, Min(us): 45760, Max(us): 145407, 50th(us): 102335, 90th(us): 111999, 95th(us): 116287, 99th(us): 125119, 99.9th(us): 137087, 99.99th(us): 145407
READ_ERROR - Takes(s): 279.9, Count: 5635, OPS: 20.1, Avg(us): 103226, Min(us): 43264, Max(us): 147199, 50th(us): 103167, 90th(us): 114111, 95th(us): 118591, 99th(us): 126591, 99.9th(us): 137471, 99.99th(us): 141567
TOTAL  - Takes(s): 279.9, Count: 8335, OPS: 29.8, Avg(us): 98144, Min(us): 42240, Max(us): 145407, 50th(us): 101567, 90th(us): 111551, 95th(us): 115775, 99th(us): 124607, 99.9th(us): 137087, 99.99th(us): 145407
INSERT - Takes(s): 289.9, Count: 722, OPS: 2.5, Avg(us): 53173, Min(us): 42240, Max(us): 84415, 50th(us): 52255, 90th(us): 59647, 95th(us): 63455, 99th(us): 69439, 99.9th(us): 83327, 99.99th(us): 84415
READ   - Takes(s): 289.6, Count: 7956, OPS: 27.5, Avg(us): 102182, Min(us): 45440, Max(us): 145407, 50th(us): 102335, 90th(us): 111807, 95th(us): 116095, 99th(us): 124799, 99.9th(us): 137087, 99.99th(us): 145407
READ_ERROR - Takes(s): 289.9, Count: 5799, OPS: 20.0, Avg(us): 103149, Min(us): 43264, Max(us): 147199, 50th(us): 103103, 90th(us): 113919, 95th(us): 118527, 99th(us): 126527, 99.9th(us): 137471, 99.99th(us): 141567
TOTAL  - Takes(s): 289.9, Count: 8678, OPS: 29.9, Avg(us): 98105, Min(us): 42240, Max(us): 145407, 50th(us): 101567, 90th(us): 111423, 95th(us): 115519, 99th(us): 124415, 99.9th(us): 136959, 99.99th(us): 145407
INSERT - Takes(s): 299.9, Count: 744, OPS: 2.5, Avg(us): 53142, Min(us): 42240, Max(us): 84415, 50th(us): 52255, 90th(us): 59263, 95th(us): 63103, 99th(us): 69439, 99.9th(us): 83327, 99.99th(us): 84415
READ   - Takes(s): 299.6, Count: 8275, OPS: 27.6, Avg(us): 102143, Min(us): 45440, Max(us): 145407, 50th(us): 102271, 90th(us): 111743, 95th(us): 115903, 99th(us): 124799, 99.9th(us): 137087, 99.99th(us): 145407
READ_ERROR - Takes(s): 299.9, Count: 5961, OPS: 19.9, Avg(us): 103132, Min(us): 43264, Max(us): 147199, 50th(us): 103103, 90th(us): 113727, 95th(us): 118399, 99th(us): 126463, 99.9th(us): 137471, 99.99th(us): 141567
TOTAL  - Takes(s): 299.9, Count: 9019, OPS: 30.1, Avg(us): 98101, Min(us): 42240, Max(us): 145407, 50th(us): 101503, 90th(us): 111295, 95th(us): 115455, 99th(us): 124415, 99.9th(us): 136959, 99.99th(us): 145407
INSERT - Takes(s): 310.0, Count: 760, OPS: 2.5, Avg(us): 53123, Min(us): 42240, Max(us): 84415, 50th(us): 52223, 90th(us): 59135, 95th(us): 62943, 99th(us): 68927, 99.9th(us): 83327, 99.99th(us): 84415
READ   - Takes(s): 309.6, Count: 8611, OPS: 27.8, Avg(us): 102138, Min(us): 45440, Max(us): 145407, 50th(us): 102335, 90th(us): 111679, 95th(us): 115839, 99th(us): 124735, 99.9th(us): 136959, 99.99th(us): 145407
READ_ERROR - Takes(s): 309.9, Count: 6110, OPS: 19.7, Avg(us): 103087, Min(us): 43264, Max(us): 147199, 50th(us): 103039, 90th(us): 113663, 95th(us): 118335, 99th(us): 126463, 99.9th(us): 137471, 99.99th(us): 141567
TOTAL  - Takes(s): 309.9, Count: 9371, OPS: 30.2, Avg(us): 98162, Min(us): 42240, Max(us): 145407, 50th(us): 101567, 90th(us): 111231, 95th(us): 115327, 99th(us): 124287, 99.9th(us): 136959, 99.99th(us): 145407
INSERT - Takes(s): 319.9, Count: 779, OPS: 2.4, Avg(us): 53069, Min(us): 42240, Max(us): 84415, 50th(us): 52191, 90th(us): 59103, 95th(us): 62815, 99th(us): 68927, 99.9th(us): 83327, 99.99th(us): 84415
READ   - Takes(s): 319.6, Count: 8929, OPS: 27.9, Avg(us): 102119, Min(us): 45440, Max(us): 145407, 50th(us): 102335, 90th(us): 111615, 95th(us): 115711, 99th(us): 124543, 99.9th(us): 136959, 99.99th(us): 145407
READ_ERROR - Takes(s): 319.9, Count: 6272, OPS: 19.6, Avg(us): 103052, Min(us): 43264, Max(us): 147199, 50th(us): 103039, 90th(us): 113471, 95th(us): 118079, 99th(us): 126335, 99.9th(us): 137471, 99.99th(us): 141567
TOTAL  - Takes(s): 319.9, Count: 9708, OPS: 30.3, Avg(us): 98183, Min(us): 42240, Max(us): 145407, 50th(us): 101567, 90th(us): 111103, 95th(us): 115199, 99th(us): 124223, 99.9th(us): 136959, 99.99th(us): 145407
INSERT - Takes(s): 329.9, Count: 806, OPS: 2.4, Avg(us): 53012, Min(us): 42240, Max(us): 84415, 50th(us): 52127, 90th(us): 59071, 95th(us): 62751, 99th(us): 68927, 99.9th(us): 83327, 99.99th(us): 84415
READ   - Takes(s): 329.6, Count: 9261, OPS: 28.1, Avg(us): 102102, Min(us): 45440, Max(us): 145407, 50th(us): 102271, 90th(us): 111487, 95th(us): 115519, 99th(us): 124351, 99.9th(us): 136959, 99.99th(us): 145407
READ_ERROR - Takes(s): 329.9, Count: 6421, OPS: 19.5, Avg(us): 103006, Min(us): 43264, Max(us): 147199, 50th(us): 102975, 90th(us): 113343, 95th(us): 118015, 99th(us): 126335, 99.9th(us): 137471, 99.99th(us): 141567
TOTAL  - Takes(s): 329.9, Count: 10067, OPS: 30.5, Avg(us): 98171, Min(us): 42240, Max(us): 145407, 50th(us): 101567, 90th(us): 110975, 95th(us): 115007, 99th(us): 124223, 99.9th(us): 136959, 99.99th(us): 145407
INSERT - Takes(s): 339.9, Count: 828, OPS: 2.4, Avg(us): 52995, Min(us): 42240, Max(us): 84415, 50th(us): 52127, 90th(us): 58975, 95th(us): 62495, 99th(us): 68927, 99.9th(us): 83327, 99.99th(us): 84415
READ   - Takes(s): 339.6, Count: 9587, OPS: 28.2, Avg(us): 102035, Min(us): 45440, Max(us): 145407, 50th(us): 102271, 90th(us): 111359, 95th(us): 115327, 99th(us): 124287, 99.9th(us): 136959, 99.99th(us): 145407
READ_ERROR - Takes(s): 339.9, Count: 6584, OPS: 19.4, Avg(us): 102910, Min(us): 43264, Max(us): 147199, 50th(us): 102911, 90th(us): 113151, 95th(us): 117887, 99th(us): 126271, 99.9th(us): 137343, 99.99th(us): 141567
TOTAL  - Takes(s): 339.9, Count: 10415, OPS: 30.6, Avg(us): 98136, Min(us): 42240, Max(us): 145407, 50th(us): 101503, 90th(us): 110911, 95th(us): 114751, 99th(us): 123967, 99.9th(us): 136959, 99.99th(us): 145407
INSERT - Takes(s): 349.9, Count: 856, OPS: 2.4, Avg(us): 52915, Min(us): 42240, Max(us): 84415, 50th(us): 52095, 90th(us): 58719, 95th(us): 62175, 99th(us): 68863, 99.9th(us): 83327, 99.99th(us): 84415
READ   - Takes(s): 349.6, Count: 9920, OPS: 28.4, Avg(us): 101934, Min(us): 45440, Max(us): 145407, 50th(us): 102143, 90th(us): 111295, 95th(us): 115199, 99th(us): 124223, 99.9th(us): 136959, 99.99th(us): 145407
READ_ERROR - Takes(s): 349.9, Count: 6740, OPS: 19.3, Avg(us): 102824, Min(us): 43264, Max(us): 147199, 50th(us): 102847, 90th(us): 113087, 95th(us): 117695, 99th(us): 126271, 99.9th(us): 137343, 99.99th(us): 141567
TOTAL  - Takes(s): 349.9, Count: 10776, OPS: 30.8, Avg(us): 98041, Min(us): 42240, Max(us): 145407, 50th(us): 101439, 90th(us): 110719, 95th(us): 114559, 99th(us): 123711, 99.9th(us): 136191, 99.99th(us): 145407
INSERT - Takes(s): 359.9, Count: 878, OPS: 2.4, Avg(us): 52912, Min(us): 42240, Max(us): 84415, 50th(us): 52127, 90th(us): 58655, 95th(us): 62111, 99th(us): 68863, 99.9th(us): 83327, 99.99th(us): 84415
READ   - Takes(s): 359.6, Count: 10230, OPS: 28.4, Avg(us): 101895, Min(us): 45440, Max(us): 145407, 50th(us): 102079, 90th(us): 111231, 95th(us): 115071, 99th(us): 124159, 99.9th(us): 136959, 99.99th(us): 145407
READ_ERROR - Takes(s): 359.9, Count: 6915, OPS: 19.2, Avg(us): 102769, Min(us): 43264, Max(us): 147199, 50th(us): 102783, 90th(us): 112831, 95th(us): 117567, 99th(us): 126207, 99.9th(us): 137343, 99.99th(us): 141567
TOTAL  - Takes(s): 359.9, Count: 11108, OPS: 30.9, Avg(us): 98023, Min(us): 42240, Max(us): 145407, 50th(us): 101375, 90th(us): 110719, 95th(us): 114367, 99th(us): 123583, 99.9th(us): 136191, 99.99th(us): 145407
INSERT - Takes(s): 370.0, Count: 908, OPS: 2.5, Avg(us): 52886, Min(us): 42240, Max(us): 84415, 50th(us): 52095, 90th(us): 58559, 95th(us): 61887, 99th(us): 68863, 99.9th(us): 83327, 99.99th(us): 84415
READ   - Takes(s): 369.6, Count: 10574, OPS: 28.6, Avg(us): 101859, Min(us): 45440, Max(us): 145407, 50th(us): 102079, 90th(us): 111167, 95th(us): 114879, 99th(us): 123839, 99.9th(us): 136191, 99.99th(us): 145407
READ_ERROR - Takes(s): 369.9, Count: 7050, OPS: 19.1, Avg(us): 102734, Min(us): 43264, Max(us): 147199, 50th(us): 102783, 90th(us): 112767, 95th(us): 117503, 99th(us): 126207, 99.9th(us): 137343, 99.99th(us): 141567
TOTAL  - Takes(s): 369.9, Count: 11482, OPS: 31.0, Avg(us): 97986, Min(us): 42240, Max(us): 145407, 50th(us): 101375, 90th(us): 110655, 95th(us): 114239, 99th(us): 123327, 99.9th(us): 136191, 99.99th(us): 145407
INSERT - Takes(s): 379.9, Count: 937, OPS: 2.5, Avg(us): 52824, Min(us): 41408, Max(us): 84415, 50th(us): 52063, 90th(us): 58431, 95th(us): 61759, 99th(us): 68863, 99.9th(us): 83327, 99.99th(us): 84415
READ   - Takes(s): 379.6, Count: 10895, OPS: 28.7, Avg(us): 101843, Min(us): 45440, Max(us): 145407, 50th(us): 102079, 90th(us): 111103, 95th(us): 114751, 99th(us): 123903, 99.9th(us): 136959, 99.99th(us): 145407
READ_ERROR - Takes(s): 379.9, Count: 7212, OPS: 19.0, Avg(us): 102677, Min(us): 43264, Max(us): 147199, 50th(us): 102719, 90th(us): 112767, 95th(us): 117375, 99th(us): 126143, 99.9th(us): 137343, 99.99th(us): 141567
TOTAL  - Takes(s): 379.9, Count: 11832, OPS: 31.1, Avg(us): 97961, Min(us): 41408, Max(us): 145407, 50th(us): 101375, 90th(us): 110655, 95th(us): 114239, 99th(us): 123455, 99.9th(us): 136191, 99.99th(us): 145407
INSERT - Takes(s): 389.9, Count: 961, OPS: 2.5, Avg(us): 52785, Min(us): 41408, Max(us): 84415, 50th(us): 51999, 90th(us): 58431, 95th(us): 61599, 99th(us): 68415, 99.9th(us): 83327, 99.99th(us): 84415
READ   - Takes(s): 389.6, Count: 11220, OPS: 28.8, Avg(us): 101792, Min(us): 45440, Max(us): 145407, 50th(us): 102079, 90th(us): 110975, 95th(us): 114559, 99th(us): 123711, 99.9th(us): 136959, 99.99th(us): 145407
READ_ERROR - Takes(s): 389.9, Count: 7377, OPS: 18.9, Avg(us): 102605, Min(us): 43264, Max(us): 147199, 50th(us): 102655, 90th(us): 112639, 95th(us): 117183, 99th(us): 126079, 99.9th(us): 137343, 99.99th(us): 141567
TOTAL  - Takes(s): 389.9, Count: 12181, OPS: 31.2, Avg(us): 97926, Min(us): 41408, Max(us): 145407, 50th(us): 101375, 90th(us): 110591, 95th(us): 114047, 99th(us): 123199, 99.9th(us): 136191, 99.99th(us): 145407
INSERT - Takes(s): 399.9, Count: 982, OPS: 2.5, Avg(us): 52745, Min(us): 41408, Max(us): 84415, 50th(us): 51935, 90th(us): 58367, 95th(us): 61439, 99th(us): 68415, 99.9th(us): 83327, 99.99th(us): 84415
READ   - Takes(s): 399.6, Count: 11566, OPS: 28.9, Avg(us): 101740, Min(us): 45440, Max(us): 145407, 50th(us): 102015, 90th(us): 110847, 95th(us): 114303, 99th(us): 123455, 99.9th(us): 136191, 99.99th(us): 145407
READ_ERROR - Takes(s): 399.9, Count: 7519, OPS: 18.8, Avg(us): 102545, Min(us): 43264, Max(us): 147199, 50th(us): 102591, 90th(us): 112511, 95th(us): 117119, 99th(us): 126079, 99.9th(us): 137215, 99.99th(us): 141567
TOTAL  - Takes(s): 399.9, Count: 12548, OPS: 31.4, Avg(us): 97906, Min(us): 41408, Max(us): 145407, 50th(us): 101311, 90th(us): 110527, 95th(us): 113919, 99th(us): 122943, 99.9th(us): 136063, 99.99th(us): 145407
INSERT - Takes(s): 409.9, Count: 1007, OPS: 2.5, Avg(us): 52700, Min(us): 41408, Max(us): 84415, 50th(us): 51935, 90th(us): 58239, 95th(us): 61375, 99th(us): 68415, 99.9th(us): 83327, 99.99th(us): 84415
READ   - Takes(s): 409.6, Count: 11888, OPS: 29.0, Avg(us): 101724, Min(us): 45440, Max(us): 145407, 50th(us): 102015, 90th(us): 110783, 95th(us): 114175, 99th(us): 123327, 99.9th(us): 136191, 99.99th(us): 145407
READ_ERROR - Takes(s): 409.9, Count: 7683, OPS: 18.7, Avg(us): 102485, Min(us): 43264, Max(us): 147199, 50th(us): 102591, 90th(us): 112511, 95th(us): 116991, 99th(us): 125887, 99.9th(us): 137215, 99.99th(us): 141567
TOTAL  - Takes(s): 409.9, Count: 12895, OPS: 31.5, Avg(us): 97896, Min(us): 41408, Max(us): 145407, 50th(us): 101247, 90th(us): 110463, 95th(us): 113791, 99th(us): 122815, 99.9th(us): 136063, 99.99th(us): 145407
INSERT - Takes(s): 419.9, Count: 1035, OPS: 2.5, Avg(us): 52652, Min(us): 41408, Max(us): 84415, 50th(us): 51903, 90th(us): 58207, 95th(us): 61215, 99th(us): 68415, 99.9th(us): 83327, 99.99th(us): 84415
READ   - Takes(s): 419.6, Count: 12212, OPS: 29.1, Avg(us): 101677, Min(us): 45440, Max(us): 145407, 50th(us): 101951, 90th(us): 110719, 95th(us): 114047, 99th(us): 123199, 99.9th(us): 136191, 99.99th(us): 145407
READ_ERROR - Takes(s): 419.9, Count: 7842, OPS: 18.7, Avg(us): 102447, Min(us): 43264, Max(us): 147199, 50th(us): 102591, 90th(us): 112383, 95th(us): 116927, 99th(us): 125887, 99.9th(us): 137215, 99.99th(us): 141567
TOTAL  - Takes(s): 419.9, Count: 13247, OPS: 31.5, Avg(us): 97847, Min(us): 41408, Max(us): 145407, 50th(us): 101247, 90th(us): 110399, 95th(us): 113663, 99th(us): 122751, 99.9th(us): 136063, 99.99th(us): 145407
INSERT - Takes(s): 429.9, Count: 1058, OPS: 2.5, Avg(us): 52628, Min(us): 41408, Max(us): 84415, 50th(us): 51903, 90th(us): 58111, 95th(us): 61119, 99th(us): 68031, 99.9th(us): 83327, 99.99th(us): 84415
READ   - Takes(s): 429.6, Count: 12565, OPS: 29.2, Avg(us): 101606, Min(us): 45440, Max(us): 145407, 50th(us): 101887, 90th(us): 110655, 95th(us): 113919, 99th(us): 122879, 99.9th(us): 136063, 99.99th(us): 145407
READ_ERROR - Takes(s): 429.9, Count: 7980, OPS: 18.6, Avg(us): 102399, Min(us): 43264, Max(us): 147199, 50th(us): 102527, 90th(us): 112319, 95th(us): 116863, 99th(us): 125887, 99.9th(us): 137215, 99.99th(us): 141567
TOTAL  - Takes(s): 429.9, Count: 13623, OPS: 31.7, Avg(us): 97802, Min(us): 41408, Max(us): 145407, 50th(us): 101247, 90th(us): 110335, 95th(us): 113535, 99th(us): 122367, 99.9th(us): 135935, 99.99th(us): 145407
INSERT - Takes(s): 439.9, Count: 1084, OPS: 2.5, Avg(us): 52617, Min(us): 41408, Max(us): 84415, 50th(us): 51903, 90th(us): 58111, 95th(us): 61087, 99th(us): 68031, 99.9th(us): 83327, 99.99th(us): 84415
READ   - Takes(s): 439.6, Count: 12888, OPS: 29.3, Avg(us): 101545, Min(us): 44608, Max(us): 145407, 50th(us): 101887, 90th(us): 110591, 95th(us): 113855, 99th(us): 122815, 99.9th(us): 136063, 99.99th(us): 145407
READ_ERROR - Takes(s): 439.9, Count: 8147, OPS: 18.5, Avg(us): 102339, Min(us): 43264, Max(us): 147199, 50th(us): 102463, 90th(us): 112255, 95th(us): 116799, 99th(us): 125887, 99.9th(us): 137215, 99.99th(us): 141567
TOTAL  - Takes(s): 439.9, Count: 13972, OPS: 31.8, Avg(us): 97749, Min(us): 41408, Max(us): 145407, 50th(us): 101183, 90th(us): 110207, 95th(us): 113471, 99th(us): 121855, 99.9th(us): 135935, 99.99th(us): 145407
INSERT - Takes(s): 449.9, Count: 1107, OPS: 2.5, Avg(us): 52592, Min(us): 40000, Max(us): 84415, 50th(us): 51903, 90th(us): 58047, 95th(us): 61087, 99th(us): 68031, 99.9th(us): 83327, 99.99th(us): 84415
READ   - Takes(s): 449.6, Count: 13209, OPS: 29.4, Avg(us): 101522, Min(us): 44608, Max(us): 145407, 50th(us): 101887, 90th(us): 110527, 95th(us): 113727, 99th(us): 122751, 99.9th(us): 136063, 99.99th(us): 145407
READ_ERROR - Takes(s): 449.9, Count: 8308, OPS: 18.5, Avg(us): 102332, Min(us): 43264, Max(us): 147199, 50th(us): 102463, 90th(us): 112191, 95th(us): 116671, 99th(us): 125631, 99.9th(us): 137215, 99.99th(us): 141567
TOTAL  - Takes(s): 449.9, Count: 14316, OPS: 31.8, Avg(us): 97739, Min(us): 40000, Max(us): 145407, 50th(us): 101247, 90th(us): 110143, 95th(us): 113343, 99th(us): 121727, 99.9th(us): 135935, 99.99th(us): 145407
INSERT - Takes(s): 459.9, Count: 1123, OPS: 2.4, Avg(us): 52570, Min(us): 40000, Max(us): 84415, 50th(us): 51903, 90th(us): 58047, 95th(us): 61023, 99th(us): 68031, 99.9th(us): 83327, 99.99th(us): 84415
READ   - Takes(s): 459.6, Count: 13540, OPS: 29.5, Avg(us): 101510, Min(us): 44608, Max(us): 145407, 50th(us): 101887, 90th(us): 110463, 95th(us): 113599, 99th(us): 122559, 99.9th(us): 135935, 99.99th(us): 145407
READ_ERROR - Takes(s): 459.9, Count: 8469, OPS: 18.4, Avg(us): 102274, Min(us): 43264, Max(us): 147199, 50th(us): 102399, 90th(us): 112127, 95th(us): 116543, 99th(us): 125439, 99.9th(us): 137215, 99.99th(us): 141567
TOTAL  - Takes(s): 459.9, Count: 14663, OPS: 31.9, Avg(us): 97762, Min(us): 40000, Max(us): 145407, 50th(us): 101247, 90th(us): 110079, 95th(us): 113215, 99th(us): 121599, 99.9th(us): 134143, 99.99th(us): 145407
INSERT - Takes(s): 469.9, Count: 1149, OPS: 2.4, Avg(us): 52544, Min(us): 40000, Max(us): 84415, 50th(us): 51903, 90th(us): 57983, 95th(us): 60863, 99th(us): 68031, 99.9th(us): 83327, 99.99th(us): 84415
READ   - Takes(s): 469.6, Count: 13871, OPS: 29.5, Avg(us): 101486, Min(us): 44608, Max(us): 145407, 50th(us): 101887, 90th(us): 110399, 95th(us): 113471, 99th(us): 121855, 99.9th(us): 135935, 99.99th(us): 145407
READ_ERROR - Takes(s): 469.9, Count: 8621, OPS: 18.3, Avg(us): 102224, Min(us): 43264, Max(us): 147199, 50th(us): 102399, 90th(us): 111999, 95th(us): 116415, 99th(us): 125375, 99.9th(us): 137087, 99.99th(us): 141567
TOTAL  - Takes(s): 470.0, Count: 15020, OPS: 32.0, Avg(us): 97742, Min(us): 40000, Max(us): 145407, 50th(us): 101247, 90th(us): 110079, 95th(us): 113087, 99th(us): 121471, 99.9th(us): 134143, 99.99th(us): 138495
INSERT - Takes(s): 479.9, Count: 1178, OPS: 2.5, Avg(us): 52564, Min(us): 40000, Max(us): 84415, 50th(us): 51935, 90th(us): 57919, 95th(us): 60639, 99th(us): 67903, 99.9th(us): 83327, 99.99th(us): 84415
READ   - Takes(s): 479.6, Count: 14219, OPS: 29.6, Avg(us): 101447, Min(us): 44608, Max(us): 145407, 50th(us): 101823, 90th(us): 110335, 95th(us): 113407, 99th(us): 121791, 99.9th(us): 135935, 99.99th(us): 145407
READ_ERROR - Takes(s): 479.9, Count: 8760, OPS: 18.3, Avg(us): 102191, Min(us): 43264, Max(us): 147199, 50th(us): 102335, 90th(us): 111871, 95th(us): 116287, 99th(us): 125311, 99.9th(us): 137087, 99.99th(us): 141567
TOTAL  - Takes(s): 479.9, Count: 15397, OPS: 32.1, Avg(us): 97707, Min(us): 40000, Max(us): 145407, 50th(us): 101183, 90th(us): 109951, 95th(us): 113023, 99th(us): 121343, 99.9th(us): 134143, 99.99th(us): 138495
INSERT - Takes(s): 489.9, Count: 1213, OPS: 2.5, Avg(us): 52508, Min(us): 40000, Max(us): 84415, 50th(us): 51903, 90th(us): 57855, 95th(us): 60575, 99th(us): 67903, 99.9th(us): 83327, 99.99th(us): 84415
READ   - Takes(s): 489.6, Count: 14540, OPS: 29.7, Avg(us): 101422, Min(us): 44608, Max(us): 145407, 50th(us): 101823, 90th(us): 110271, 95th(us): 113279, 99th(us): 121663, 99.9th(us): 134143, 99.99th(us): 145407
READ_ERROR - Takes(s): 489.9, Count: 8921, OPS: 18.2, Avg(us): 102146, Min(us): 43264, Max(us): 147199, 50th(us): 102335, 90th(us): 111807, 95th(us): 116095, 99th(us): 125247, 99.9th(us): 137087, 99.99th(us): 141567
TOTAL  - Takes(s): 489.9, Count: 15753, OPS: 32.2, Avg(us): 97656, Min(us): 40000, Max(us): 145407, 50th(us): 101183, 90th(us): 109951, 95th(us): 112895, 99th(us): 121151, 99.9th(us): 134143, 99.99th(us): 138495
INSERT - Takes(s): 500.0, Count: 1242, OPS: 2.5, Avg(us): 52510, Min(us): 40000, Max(us): 84415, 50th(us): 51903, 90th(us): 57791, 95th(us): 60479, 99th(us): 67903, 99.9th(us): 83327, 99.99th(us): 84415
READ   - Takes(s): 499.6, Count: 14888, OPS: 29.8, Avg(us): 101374, Min(us): 44608, Max(us): 145407, 50th(us): 101759, 90th(us): 110207, 95th(us): 113215, 99th(us): 121535, 99.9th(us): 134143, 99.99th(us): 145407
READ_ERROR - Takes(s): 499.9, Count: 9059, OPS: 18.1, Avg(us): 102121, Min(us): 43264, Max(us): 147199, 50th(us): 102271, 90th(us): 111807, 95th(us): 115967, 99th(us): 124863, 99.9th(us): 137087, 99.99th(us): 141567
TOTAL  - Takes(s): 499.9, Count: 16130, OPS: 32.3, Avg(us): 97612, Min(us): 40000, Max(us): 145407, 50th(us): 101119, 90th(us): 109887, 95th(us): 112767, 99th(us): 121087, 99.9th(us): 134143, 99.99th(us): 138495
INSERT - Takes(s): 509.9, Count: 1265, OPS: 2.5, Avg(us): 52491, Min(us): 40000, Max(us): 84415, 50th(us): 51903, 90th(us): 57727, 95th(us): 60447, 99th(us): 67519, 99.9th(us): 83327, 99.99th(us): 84415
READ   - Takes(s): 509.6, Count: 15237, OPS: 29.9, Avg(us): 101369, Min(us): 44608, Max(us): 145407, 50th(us): 101759, 90th(us): 110143, 95th(us): 113087, 99th(us): 121407, 99.9th(us): 134143, 99.99th(us): 138495
READ_ERROR - Takes(s): 509.9, Count: 9192, OPS: 18.0, Avg(us): 102121, Min(us): 43264, Max(us): 147199, 50th(us): 102335, 90th(us): 111743, 95th(us): 115903, 99th(us): 124735, 99.9th(us): 137087, 99.99th(us): 141567
TOTAL  - Takes(s): 509.9, Count: 16502, OPS: 32.4, Avg(us): 97622, Min(us): 40000, Max(us): 145407, 50th(us): 101183, 90th(us): 109823, 95th(us): 112703, 99th(us): 121023, 99.9th(us): 134015, 99.99th(us): 138495
INSERT - Takes(s): 519.9, Count: 1284, OPS: 2.5, Avg(us): 52481, Min(us): 40000, Max(us): 84415, 50th(us): 51903, 90th(us): 57695, 95th(us): 60255, 99th(us): 67519, 99.9th(us): 83327, 99.99th(us): 84415
READ   - Takes(s): 519.6, Count: 15586, OPS: 30.0, Avg(us): 101331, Min(us): 44608, Max(us): 145407, 50th(us): 101759, 90th(us): 110079, 95th(us): 113023, 99th(us): 121279, 99.9th(us): 134143, 99.99th(us): 138495
READ_ERROR - Takes(s): 519.9, Count: 9331, OPS: 17.9, Avg(us): 102094, Min(us): 43264, Max(us): 147199, 50th(us): 102271, 90th(us): 111679, 95th(us): 115839, 99th(us): 124735, 99.9th(us): 137087, 99.99th(us): 141567
TOTAL  - Takes(s): 519.9, Count: 16870, OPS: 32.4, Avg(us): 97613, Min(us): 40000, Max(us): 145407, 50th(us): 101119, 90th(us): 109759, 95th(us): 112639, 99th(us): 120895, 99.9th(us): 134015, 99.99th(us): 138495
INSERT - Takes(s): 529.9, Count: 1310, OPS: 2.5, Avg(us): 52480, Min(us): 40000, Max(us): 84415, 50th(us): 51935, 90th(us): 57567, 95th(us): 60223, 99th(us): 67519, 99.9th(us): 83327, 99.99th(us): 84415
READ   - Takes(s): 529.6, Count: 15946, OPS: 30.1, Avg(us): 101287, Min(us): 44544, Max(us): 145407, 50th(us): 101695, 90th(us): 110015, 95th(us): 112895, 99th(us): 121087, 99.9th(us): 134143, 99.99th(us): 138495
READ_ERROR - Takes(s): 529.9, Count: 9461, OPS: 17.9, Avg(us): 102068, Min(us): 43264, Max(us): 147199, 50th(us): 102271, 90th(us): 111679, 95th(us): 115775, 99th(us): 124671, 99.9th(us): 137087, 99.99th(us): 141567
TOTAL  - Takes(s): 529.9, Count: 17256, OPS: 32.6, Avg(us): 97581, Min(us): 40000, Max(us): 145407, 50th(us): 101119, 90th(us): 109695, 95th(us): 112575, 99th(us): 120703, 99.9th(us): 134015, 99.99th(us): 138495
INSERT - Takes(s): 539.9, Count: 1337, OPS: 2.5, Avg(us): 52505, Min(us): 40000, Max(us): 84415, 50th(us): 51967, 90th(us): 57535, 95th(us): 60095, 99th(us): 67519, 99.9th(us): 83327, 99.99th(us): 84415
READ   - Takes(s): 539.6, Count: 16286, OPS: 30.2, Avg(us): 101252, Min(us): 44544, Max(us): 145407, 50th(us): 101631, 90th(us): 110015, 95th(us): 112767, 99th(us): 121087, 99.9th(us): 134143, 99.99th(us): 138495
READ_ERROR - Takes(s): 539.9, Count: 9607, OPS: 17.8, Avg(us): 102042, Min(us): 43264, Max(us): 147199, 50th(us): 102207, 90th(us): 111615, 95th(us): 115647, 99th(us): 124671, 99.9th(us): 136959, 99.99th(us): 141567
TOTAL  - Takes(s): 539.9, Count: 17623, OPS: 32.6, Avg(us): 97554, Min(us): 40000, Max(us): 145407, 50th(us): 101055, 90th(us): 109631, 95th(us): 112511, 99th(us): 120639, 99.9th(us): 133247, 99.99th(us): 138495
INSERT - Takes(s): 549.9, Count: 1365, OPS: 2.5, Avg(us): 52480, Min(us): 40000, Max(us): 84415, 50th(us): 51935, 90th(us): 57503, 95th(us): 59999, 99th(us): 67519, 99.9th(us): 83327, 99.99th(us): 84415
READ   - Takes(s): 549.6, Count: 16656, OPS: 30.3, Avg(us): 101211, Min(us): 43424, Max(us): 145407, 50th(us): 101631, 90th(us): 109951, 95th(us): 112703, 99th(us): 120959, 99.9th(us): 134015, 99.99th(us): 138495
READ_ERROR - Takes(s): 549.9, Count: 9725, OPS: 17.7, Avg(us): 102007, Min(us): 43264, Max(us): 147199, 50th(us): 102207, 90th(us): 111551, 95th(us): 115519, 99th(us): 124607, 99.9th(us): 136959, 99.99th(us): 141567
TOTAL  - Takes(s): 549.9, Count: 18021, OPS: 32.8, Avg(us): 97520, Min(us): 40000, Max(us): 145407, 50th(us): 101055, 90th(us): 109631, 95th(us): 112447, 99th(us): 120639, 99.9th(us): 133247, 99.99th(us): 138495
INSERT - Takes(s): 559.9, Count: 1393, OPS: 2.5, Avg(us): 52465, Min(us): 40000, Max(us): 84415, 50th(us): 51935, 90th(us): 57471, 95th(us): 59711, 99th(us): 67519, 99.9th(us): 83327, 99.99th(us): 84415
READ   - Takes(s): 559.6, Count: 17002, OPS: 30.4, Avg(us): 101172, Min(us): 43424, Max(us): 145407, 50th(us): 101567, 90th(us): 109887, 95th(us): 112703, 99th(us): 120831, 99.9th(us): 134015, 99.99th(us): 138495
READ_ERROR - Takes(s): 559.9, Count: 9869, OPS: 17.6, Avg(us): 101968, Min(us): 43264, Max(us): 147199, 50th(us): 102143, 90th(us): 111551, 95th(us): 115455, 99th(us): 124607, 99.9th(us): 136959, 99.99th(us): 141567
TOTAL  - Takes(s): 559.9, Count: 18395, OPS: 32.9, Avg(us): 97484, Min(us): 40000, Max(us): 145407, 50th(us): 100991, 90th(us): 109567, 95th(us): 112383, 99th(us): 120575, 99.9th(us): 133247, 99.99th(us): 138495
INSERT - Takes(s): 569.9, Count: 1435, OPS: 2.5, Avg(us): 52449, Min(us): 40000, Max(us): 84415, 50th(us): 51935, 90th(us): 57471, 95th(us): 59679, 99th(us): 67519, 99.9th(us): 83327, 99.99th(us): 84415
READ   - Takes(s): 569.6, Count: 17335, OPS: 30.4, Avg(us): 101143, Min(us): 43424, Max(us): 145407, 50th(us): 101567, 90th(us): 109823, 95th(us): 112639, 99th(us): 120703, 99.9th(us): 134015, 99.99th(us): 138495
READ_ERROR - Takes(s): 569.9, Count: 10015, OPS: 17.6, Avg(us): 101933, Min(us): 43264, Max(us): 147199, 50th(us): 102143, 90th(us): 111487, 95th(us): 115391, 99th(us): 124543, 99.9th(us): 136959, 99.99th(us): 141567
TOTAL  - Takes(s): 569.9, Count: 18770, OPS: 32.9, Avg(us): 97420, Min(us): 40000, Max(us): 145407, 50th(us): 100991, 90th(us): 109503, 95th(us): 112383, 99th(us): 120447, 99.9th(us): 133119, 99.99th(us): 138495
INSERT - Takes(s): 579.9, Count: 1456, OPS: 2.5, Avg(us): 52435, Min(us): 40000, Max(us): 84415, 50th(us): 51903, 90th(us): 57439, 95th(us): 59647, 99th(us): 67391, 99.9th(us): 83327, 99.99th(us): 84415
READ   - Takes(s): 579.6, Count: 17686, OPS: 30.5, Avg(us): 101113, Min(us): 43424, Max(us): 145407, 50th(us): 101503, 90th(us): 109759, 95th(us): 112575, 99th(us): 120639, 99.9th(us): 133247, 99.99th(us): 138495
READ_ERROR - Takes(s): 579.9, Count: 10153, OPS: 17.5, Avg(us): 101920, Min(us): 43264, Max(us): 147199, 50th(us): 102079, 90th(us): 111423, 95th(us): 115327, 99th(us): 124479, 99.9th(us): 136959, 99.99th(us): 141567
TOTAL  - Takes(s): 579.9, Count: 19142, OPS: 33.0, Avg(us): 97410, Min(us): 40000, Max(us): 145407, 50th(us): 100927, 90th(us): 109503, 95th(us): 112319, 99th(us): 120447, 99.9th(us): 133119, 99.99th(us): 138495
INSERT - Takes(s): 589.9, Count: 1482, OPS: 2.5, Avg(us): 52433, Min(us): 40000, Max(us): 84415, 50th(us): 51935, 90th(us): 57439, 95th(us): 59583, 99th(us): 67391, 99.9th(us): 83327, 99.99th(us): 84415
READ   - Takes(s): 589.6, Count: 18031, OPS: 30.6, Avg(us): 101085, Min(us): 43424, Max(us): 145407, 50th(us): 101503, 90th(us): 109759, 95th(us): 112511, 99th(us): 120639, 99.9th(us): 133247, 99.99th(us): 138495
READ_ERROR - Takes(s): 589.9, Count: 10296, OPS: 17.5, Avg(us): 101897, Min(us): 43264, Max(us): 147199, 50th(us): 102079, 90th(us): 111359, 95th(us): 115263, 99th(us): 124415, 99.9th(us): 136959, 99.99th(us): 141567
TOTAL  - Takes(s): 589.9, Count: 19513, OPS: 33.1, Avg(us): 97390, Min(us): 40000, Max(us): 145407, 50th(us): 100927, 90th(us): 109439, 95th(us): 112255, 99th(us): 120383, 99.9th(us): 132863, 99.99th(us): 138495
INSERT - Takes(s): 599.9, Count: 1512, OPS: 2.5, Avg(us): 52414, Min(us): 40000, Max(us): 84415, 50th(us): 51935, 90th(us): 57407, 95th(us): 59423, 99th(us): 67391, 99.9th(us): 78399, 99.99th(us): 84415
READ   - Takes(s): 599.6, Count: 18395, OPS: 30.7, Avg(us): 101031, Min(us): 43424, Max(us): 145407, 50th(us): 101503, 90th(us): 109695, 95th(us): 112447, 99th(us): 120575, 99.9th(us): 133247, 99.99th(us): 138495
READ_ERROR - Takes(s): 599.9, Count: 10423, OPS: 17.4, Avg(us): 101867, Min(us): 43264, Max(us): 147199, 50th(us): 102079, 90th(us): 111295, 95th(us): 115199, 99th(us): 124415, 99.9th(us): 136959, 99.99th(us): 141567
TOTAL  - Takes(s): 599.9, Count: 19907, OPS: 33.2, Avg(us): 97339, Min(us): 40000, Max(us): 145407, 50th(us): 100927, 90th(us): 109439, 95th(us): 112191, 99th(us): 120319, 99.9th(us): 132863, 99.99th(us): 138495
INSERT - Takes(s): 609.9, Count: 1538, OPS: 2.5, Avg(us): 52399, Min(us): 40000, Max(us): 84415, 50th(us): 51935, 90th(us): 57375, 95th(us): 59359, 99th(us): 67391, 99.9th(us): 78399, 99.99th(us): 84415
READ   - Takes(s): 609.6, Count: 18758, OPS: 30.8, Avg(us): 101002, Min(us): 43424, Max(us): 145407, 50th(us): 101439, 90th(us): 109695, 95th(us): 112447, 99th(us): 120447, 99.9th(us): 133119, 99.99th(us): 138495
READ_ERROR - Takes(s): 609.9, Count: 10550, OPS: 17.3, Avg(us): 101825, Min(us): 43264, Max(us): 147199, 50th(us): 102015, 90th(us): 111231, 95th(us): 115135, 99th(us): 124351, 99.9th(us): 136959, 99.99th(us): 141567
TOTAL  - Takes(s): 609.9, Count: 20296, OPS: 33.3, Avg(us): 97319, Min(us): 40000, Max(us): 145407, 50th(us): 100863, 90th(us): 109375, 95th(us): 112127, 99th(us): 120191, 99.9th(us): 132863, 99.99th(us): 138495
INSERT - Takes(s): 619.9, Count: 1562, OPS: 2.5, Avg(us): 52383, Min(us): 40000, Max(us): 84415, 50th(us): 51903, 90th(us): 57375, 95th(us): 59263, 99th(us): 67007, 99.9th(us): 78399, 99.99th(us): 84415
READ   - Takes(s): 619.6, Count: 19132, OPS: 30.9, Avg(us): 100963, Min(us): 43424, Max(us): 145407, 50th(us): 101375, 90th(us): 109631, 95th(us): 112383, 99th(us): 120447, 99.9th(us): 133119, 99.99th(us): 138495
READ_ERROR - Takes(s): 619.9, Count: 10673, OPS: 17.2, Avg(us): 101765, Min(us): 43264, Max(us): 147199, 50th(us): 101951, 90th(us): 111103, 95th(us): 115135, 99th(us): 124287, 99.9th(us): 136959, 99.99th(us): 141567
TOTAL  - Takes(s): 619.9, Count: 20694, OPS: 33.4, Avg(us): 97296, Min(us): 40000, Max(us): 145407, 50th(us): 100863, 90th(us): 109375, 95th(us): 112127, 99th(us): 120127, 99.9th(us): 132095, 99.99th(us): 138495
INSERT - Takes(s): 629.9, Count: 1582, OPS: 2.5, Avg(us): 52383, Min(us): 40000, Max(us): 84415, 50th(us): 51903, 90th(us): 57375, 95th(us): 59167, 99th(us): 67007, 99.9th(us): 78399, 99.99th(us): 84415
READ   - Takes(s): 629.6, Count: 19497, OPS: 31.0, Avg(us): 100928, Min(us): 43424, Max(us): 145407, 50th(us): 101375, 90th(us): 109631, 95th(us): 112383, 99th(us): 120383, 99.9th(us): 133119, 99.99th(us): 138495
READ_ERROR - Takes(s): 629.9, Count: 10799, OPS: 17.1, Avg(us): 101737, Min(us): 43264, Max(us): 147199, 50th(us): 101887, 90th(us): 111039, 95th(us): 115007, 99th(us): 124287, 99.9th(us): 136959, 99.99th(us): 141567
TOTAL  - Takes(s): 630.0, Count: 21079, OPS: 33.5, Avg(us): 97285, Min(us): 40000, Max(us): 145407, 50th(us): 100799, 90th(us): 109311, 95th(us): 112063, 99th(us): 119999, 99.9th(us): 132095, 99.99th(us): 138495
INSERT - Takes(s): 639.9, Count: 1611, OPS: 2.5, Avg(us): 52371, Min(us): 40000, Max(us): 84415, 50th(us): 51935, 90th(us): 57311, 95th(us): 59135, 99th(us): 67007, 99.9th(us): 78399, 99.99th(us): 84415
READ   - Takes(s): 639.6, Count: 19860, OPS: 31.0, Avg(us): 100895, Min(us): 43424, Max(us): 145407, 50th(us): 101375, 90th(us): 109567, 95th(us): 112319, 99th(us): 120319, 99.9th(us): 132863, 99.99th(us): 138495
READ_ERROR - Takes(s): 639.9, Count: 10927, OPS: 17.1, Avg(us): 101713, Min(us): 43264, Max(us): 147199, 50th(us): 101887, 90th(us): 110975, 95th(us): 114943, 99th(us): 124223, 99.9th(us): 136959, 99.99th(us): 141567
TOTAL  - Takes(s): 639.9, Count: 21471, OPS: 33.6, Avg(us): 97254, Min(us): 40000, Max(us): 145407, 50th(us): 100799, 90th(us): 109247, 95th(us): 111999, 99th(us): 119999, 99.9th(us): 132095, 99.99th(us): 138495
INSERT - Takes(s): 649.9, Count: 1639, OPS: 2.5, Avg(us): 52368, Min(us): 40000, Max(us): 84415, 50th(us): 51935, 90th(us): 57279, 95th(us): 59103, 99th(us): 67007, 99.9th(us): 78399, 99.99th(us): 84415
READ   - Takes(s): 649.6, Count: 20219, OPS: 31.1, Avg(us): 100885, Min(us): 43424, Max(us): 145407, 50th(us): 101375, 90th(us): 109503, 95th(us): 112255, 99th(us): 120191, 99.9th(us): 132863, 99.99th(us): 138495
READ_ERROR - Takes(s): 649.9, Count: 11052, OPS: 17.0, Avg(us): 101682, Min(us): 43264, Max(us): 147199, 50th(us): 101887, 90th(us): 110975, 95th(us): 114815, 99th(us): 124223, 99.9th(us): 136959, 99.99th(us): 141567
TOTAL  - Takes(s): 649.9, Count: 21858, OPS: 33.6, Avg(us): 97247, Min(us): 40000, Max(us): 145407, 50th(us): 100799, 90th(us): 109183, 95th(us): 111871, 99th(us): 119935, 99.9th(us): 132095, 99.99th(us): 138495
INSERT - Takes(s): 659.9, Count: 1666, OPS: 2.5, Avg(us): 52349, Min(us): 40000, Max(us): 84415, 50th(us): 51903, 90th(us): 57247, 95th(us): 59103, 99th(us): 66751, 99.9th(us): 78399, 99.99th(us): 84415
READ   - Takes(s): 659.6, Count: 20578, OPS: 31.2, Avg(us): 100860, Min(us): 43424, Max(us): 145407, 50th(us): 101375, 90th(us): 109503, 95th(us): 112191, 99th(us): 120127, 99.9th(us): 132095, 99.99th(us): 138495
READ_ERROR - Takes(s): 659.9, Count: 11182, OPS: 16.9, Avg(us): 101659, Min(us): 43264, Max(us): 147199, 50th(us): 101887, 90th(us): 110911, 95th(us): 114623, 99th(us): 124159, 99.9th(us): 136959, 99.99th(us): 141567
TOTAL  - Takes(s): 659.9, Count: 22244, OPS: 33.7, Avg(us): 97227, Min(us): 40000, Max(us): 145407, 50th(us): 100799, 90th(us): 109183, 95th(us): 111871, 99th(us): 119807, 99.9th(us): 132095, 99.99th(us): 138495
INSERT - Takes(s): 669.9, Count: 1696, OPS: 2.5, Avg(us): 52331, Min(us): 40000, Max(us): 84415, 50th(us): 51903, 90th(us): 57215, 95th(us): 59071, 99th(us): 66751, 99.9th(us): 78399, 99.99th(us): 84415
READ   - Takes(s): 669.6, Count: 20920, OPS: 31.2, Avg(us): 100836, Min(us): 43424, Max(us): 145407, 50th(us): 101311, 90th(us): 109439, 95th(us): 112127, 99th(us): 120063, 99.9th(us): 132095, 99.99th(us): 138495
READ_ERROR - Takes(s): 669.9, Count: 11328, OPS: 16.9, Avg(us): 101622, Min(us): 43264, Max(us): 147199, 50th(us): 101823, 90th(us): 110847, 95th(us): 114431, 99th(us): 124159, 99.9th(us): 136959, 99.99th(us): 141567
TOTAL  - Takes(s): 669.9, Count: 22616, OPS: 33.8, Avg(us): 97198, Min(us): 40000, Max(us): 145407, 50th(us): 100799, 90th(us): 109119, 95th(us): 111807, 99th(us): 119615, 99.9th(us): 131839, 99.99th(us): 138495
INSERT - Takes(s): 679.9, Count: 1735, OPS: 2.6, Avg(us): 52318, Min(us): 40000, Max(us): 84415, 50th(us): 51903, 90th(us): 57183, 95th(us): 59071, 99th(us): 66751, 99.9th(us): 78399, 99.99th(us): 84415
READ   - Takes(s): 679.6, Count: 21272, OPS: 31.3, Avg(us): 100801, Min(us): 43424, Max(us): 145407, 50th(us): 101311, 90th(us): 109375, 95th(us): 112063, 99th(us): 119999, 99.9th(us): 132095, 99.99th(us): 138495
READ_ERROR - Takes(s): 679.9, Count: 11463, OPS: 16.9, Avg(us): 101584, Min(us): 43264, Max(us): 147199, 50th(us): 101823, 90th(us): 110783, 95th(us): 114367, 99th(us): 124095, 99.9th(us): 136959, 99.99th(us): 141567
TOTAL  - Takes(s): 679.9, Count: 23007, OPS: 33.8, Avg(us): 97145, Min(us): 40000, Max(us): 145407, 50th(us): 100735, 90th(us): 109119, 95th(us): 111807, 99th(us): 119615, 99.9th(us): 131839, 99.99th(us): 138495
INSERT - Takes(s): 689.9, Count: 1752, OPS: 2.5, Avg(us): 52308, Min(us): 40000, Max(us): 84415, 50th(us): 51903, 90th(us): 57183, 95th(us): 59039, 99th(us): 66687, 99.9th(us): 78399, 99.99th(us): 84415
READ   - Takes(s): 689.6, Count: 21645, OPS: 31.4, Avg(us): 100780, Min(us): 43424, Max(us): 145407, 50th(us): 101247, 90th(us): 109375, 95th(us): 111999, 99th(us): 119935, 99.9th(us): 132095, 99.99th(us): 138495
READ_ERROR - Takes(s): 689.9, Count: 11584, OPS: 16.8, Avg(us): 101552, Min(us): 43264, Max(us): 147199, 50th(us): 101759, 90th(us): 110783, 95th(us): 114303, 99th(us): 123967, 99.9th(us): 136831, 99.99th(us): 141567
TOTAL  - Takes(s): 689.9, Count: 23397, OPS: 33.9, Avg(us): 97150, Min(us): 40000, Max(us): 145407, 50th(us): 100735, 90th(us): 109119, 95th(us): 111743, 99th(us): 119487, 99.9th(us): 131839, 99.99th(us): 138495
INSERT - Takes(s): 699.9, Count: 1775, OPS: 2.5, Avg(us): 52294, Min(us): 40000, Max(us): 84415, 50th(us): 51903, 90th(us): 57183, 95th(us): 59039, 99th(us): 66687, 99.9th(us): 78399, 99.99th(us): 84415
READ   - Takes(s): 699.6, Count: 22002, OPS: 31.4, Avg(us): 100759, Min(us): 43424, Max(us): 145407, 50th(us): 101247, 90th(us): 109311, 95th(us): 111999, 99th(us): 119871, 99.9th(us): 132095, 99.99th(us): 138495
READ_ERROR - Takes(s): 699.9, Count: 11716, OPS: 16.7, Avg(us): 101536, Min(us): 43264, Max(us): 147199, 50th(us): 101759, 90th(us): 110719, 95th(us): 114303, 99th(us): 123775, 99.9th(us): 136831, 99.99th(us): 141567
TOTAL  - Takes(s): 699.9, Count: 23777, OPS: 34.0, Avg(us): 97141, Min(us): 40000, Max(us): 145407, 50th(us): 100671, 90th(us): 109055, 95th(us): 111679, 99th(us): 119487, 99.9th(us): 131455, 99.99th(us): 138495
INSERT - Takes(s): 709.9, Count: 1795, OPS: 2.5, Avg(us): 52276, Min(us): 40000, Max(us): 84415, 50th(us): 51871, 90th(us): 57151, 95th(us): 59007, 99th(us): 66687, 99.9th(us): 78399, 99.99th(us): 84415
READ   - Takes(s): 709.6, Count: 22363, OPS: 31.5, Avg(us): 100741, Min(us): 43424, Max(us): 145407, 50th(us): 101247, 90th(us): 109311, 95th(us): 111935, 99th(us): 119743, 99.9th(us): 132095, 99.99th(us): 138495
READ_ERROR - Takes(s): 709.9, Count: 11847, OPS: 16.7, Avg(us): 101525, Min(us): 43264, Max(us): 147199, 50th(us): 101759, 90th(us): 110655, 95th(us): 114239, 99th(us): 123775, 99.9th(us): 136831, 99.99th(us): 141567
TOTAL  - Takes(s): 709.9, Count: 24158, OPS: 34.0, Avg(us): 97140, Min(us): 40000, Max(us): 145407, 50th(us): 100671, 90th(us): 108991, 95th(us): 111679, 99th(us): 119359, 99.9th(us): 131455, 99.99th(us): 138495
INSERT - Takes(s): 720.0, Count: 1816, OPS: 2.5, Avg(us): 52281, Min(us): 40000, Max(us): 84415, 50th(us): 51871, 90th(us): 57183, 95th(us): 59039, 99th(us): 66687, 99.9th(us): 78399, 99.99th(us): 84415
READ   - Takes(s): 719.6, Count: 22733, OPS: 31.6, Avg(us): 100720, Min(us): 41824, Max(us): 145407, 50th(us): 101183, 90th(us): 109311, 95th(us): 111871, 99th(us): 119615, 99.9th(us): 131839, 99.99th(us): 138495
READ_ERROR - Takes(s): 719.9, Count: 11967, OPS: 16.6, Avg(us): 101506, Min(us): 43264, Max(us): 147199, 50th(us): 101759, 90th(us): 110655, 95th(us): 114239, 99th(us): 123711, 99.9th(us): 136831, 99.99th(us): 141567
TOTAL  - Takes(s): 720.0, Count: 24549, OPS: 34.1, Avg(us): 97137, Min(us): 40000, Max(us): 145407, 50th(us): 100671, 90th(us): 108991, 95th(us): 111679, 99th(us): 119295, 99.9th(us): 131327, 99.99th(us): 138495
INSERT - Takes(s): 729.9, Count: 1835, OPS: 2.5, Avg(us): 52284, Min(us): 40000, Max(us): 84415, 50th(us): 51871, 90th(us): 57183, 95th(us): 59039, 99th(us): 66687, 99.9th(us): 78399, 99.99th(us): 84415
READ   - Takes(s): 729.6, Count: 23098, OPS: 31.7, Avg(us): 100715, Min(us): 41824, Max(us): 145407, 50th(us): 101183, 90th(us): 109247, 95th(us): 111871, 99th(us): 119551, 99.9th(us): 131839, 99.99th(us): 138495
READ_ERROR - Takes(s): 729.9, Count: 12091, OPS: 16.6, Avg(us): 101496, Min(us): 43264, Max(us): 147199, 50th(us): 101695, 90th(us): 110591, 95th(us): 114175, 99th(us): 123711, 99.9th(us): 136831, 99.99th(us): 141567
TOTAL  - Takes(s): 729.9, Count: 24933, OPS: 34.2, Avg(us): 97151, Min(us): 40000, Max(us): 145407, 50th(us): 100671, 90th(us): 108991, 95th(us): 111679, 99th(us): 119231, 99.9th(us): 131327, 99.99th(us): 138495
INSERT - Takes(s): 739.9, Count: 1868, OPS: 2.5, Avg(us): 52262, Min(us): 40000, Max(us): 84415, 50th(us): 51839, 90th(us): 57151, 95th(us): 59039, 99th(us): 66431, 99.9th(us): 78399, 99.99th(us): 84415
READ   - Takes(s): 739.6, Count: 23457, OPS: 31.7, Avg(us): 100678, Min(us): 41824, Max(us): 145407, 50th(us): 101183, 90th(us): 109247, 95th(us): 111807, 99th(us): 119487, 99.9th(us): 131839, 99.99th(us): 138495
READ_ERROR - Takes(s): 739.9, Count: 12223, OPS: 16.5, Avg(us): 101453, Min(us): 43264, Max(us): 147199, 50th(us): 101695, 90th(us): 110591, 95th(us): 114111, 99th(us): 123647, 99.9th(us): 136831, 99.99th(us): 141567
TOTAL  - Takes(s): 740.0, Count: 25325, OPS: 34.2, Avg(us): 97107, Min(us): 40000, Max(us): 145407, 50th(us): 100671, 90th(us): 108927, 95th(us): 111615, 99th(us): 119167, 99.9th(us): 131327, 99.99th(us): 138495
INSERT - Takes(s): 749.9, Count: 1897, OPS: 2.5, Avg(us): 52251, Min(us): 40000, Max(us): 84415, 50th(us): 51839, 90th(us): 57119, 95th(us): 58975, 99th(us): 66431, 99.9th(us): 78399, 99.99th(us): 84415
READ   - Takes(s): 749.6, Count: 23821, OPS: 31.8, Avg(us): 100649, Min(us): 41824, Max(us): 145407, 50th(us): 101183, 90th(us): 109183, 95th(us): 111807, 99th(us): 119487, 99.9th(us): 131455, 99.99th(us): 138495
READ_ERROR - Takes(s): 749.9, Count: 12351, OPS: 16.5, Avg(us): 101419, Min(us): 43264, Max(us): 147199, 50th(us): 101695, 90th(us): 110527, 95th(us): 113983, 99th(us): 123455, 99.9th(us): 136831, 99.99th(us): 141567
TOTAL  - Takes(s): 749.9, Count: 25718, OPS: 34.3, Avg(us): 97079, Min(us): 40000, Max(us): 145407, 50th(us): 100607, 90th(us): 108927, 95th(us): 111551, 99th(us): 119103, 99.9th(us): 130495, 99.99th(us): 138495
INSERT - Takes(s): 759.9, Count: 1922, OPS: 2.5, Avg(us): 52236, Min(us): 40000, Max(us): 84415, 50th(us): 51839, 90th(us): 57119, 95th(us): 58943, 99th(us): 66431, 99.9th(us): 78399, 99.99th(us): 84415
READ   - Takes(s): 759.6, Count: 24205, OPS: 31.9, Avg(us): 100630, Min(us): 41824, Max(us): 145407, 50th(us): 101183, 90th(us): 109183, 95th(us): 111743, 99th(us): 119359, 99.9th(us): 131455, 99.99th(us): 138495
READ_ERROR - Takes(s): 759.9, Count: 12459, OPS: 16.4, Avg(us): 101395, Min(us): 43264, Max(us): 147199, 50th(us): 101695, 90th(us): 110527, 95th(us): 113919, 99th(us): 123391, 99.9th(us): 136831, 99.99th(us): 141567
TOTAL  - Takes(s): 759.9, Count: 26127, OPS: 34.4, Avg(us): 97070, Min(us): 40000, Max(us): 145407, 50th(us): 100607, 90th(us): 108863, 95th(us): 111551, 99th(us): 119039, 99.9th(us): 130495, 99.99th(us): 138495
INSERT - Takes(s): 769.9, Count: 1946, OPS: 2.5, Avg(us): 52230, Min(us): 40000, Max(us): 84415, 50th(us): 51839, 90th(us): 57119, 95th(us): 58943, 99th(us): 66431, 99.9th(us): 78399, 99.99th(us): 84415
READ   - Takes(s): 769.6, Count: 24576, OPS: 31.9, Avg(us): 100628, Min(us): 41824, Max(us): 145407, 50th(us): 101183, 90th(us): 109183, 95th(us): 111743, 99th(us): 119295, 99.9th(us): 131327, 99.99th(us): 138495
READ_ERROR - Takes(s): 769.9, Count: 12573, OPS: 16.3, Avg(us): 101381, Min(us): 43264, Max(us): 147199, 50th(us): 101695, 90th(us): 110463, 95th(us): 113919, 99th(us): 123327, 99.9th(us): 136575, 99.99th(us): 141567
TOTAL  - Takes(s): 769.9, Count: 26522, OPS: 34.4, Avg(us): 97077, Min(us): 40000, Max(us): 145407, 50th(us): 100607, 90th(us): 108863, 95th(us): 111487, 99th(us): 118975, 99.9th(us): 130495, 99.99th(us): 138495
INSERT - Takes(s): 779.9, Count: 1969, OPS: 2.5, Avg(us): 52255, Min(us): 40000, Max(us): 84415, 50th(us): 51871, 90th(us): 57119, 95th(us): 58943, 99th(us): 66431, 99.9th(us): 78399, 99.99th(us): 84415
READ   - Takes(s): 779.6, Count: 24943, OPS: 32.0, Avg(us): 100604, Min(us): 41824, Max(us): 145407, 50th(us): 101119, 90th(us): 109119, 95th(us): 111679, 99th(us): 119231, 99.9th(us): 131327, 99.99th(us): 138495
READ_ERROR - Takes(s): 779.9, Count: 12699, OPS: 16.3, Avg(us): 101355, Min(us): 43264, Max(us): 147199, 50th(us): 101631, 90th(us): 110399, 95th(us): 113791, 99th(us): 123263, 99.9th(us): 136575, 99.99th(us): 141567
TOTAL  - Takes(s): 779.9, Count: 26912, OPS: 34.5, Avg(us): 97067, Min(us): 40000, Max(us): 145407, 50th(us): 100607, 90th(us): 108863, 95th(us): 111487, 99th(us): 118975, 99.9th(us): 130495, 99.99th(us): 138495
INSERT - Takes(s): 789.9, Count: 1996, OPS: 2.5, Avg(us): 52238, Min(us): 40000, Max(us): 84415, 50th(us): 51839, 90th(us): 57119, 95th(us): 58815, 99th(us): 66431, 99.9th(us): 78399, 99.99th(us): 84415
READ   - Takes(s): 789.6, Count: 25308, OPS: 32.1, Avg(us): 100580, Min(us): 41824, Max(us): 145407, 50th(us): 101119, 90th(us): 109119, 95th(us): 111679, 99th(us): 119167, 99.9th(us): 131327, 99.99th(us): 138495
READ_ERROR - Takes(s): 789.9, Count: 12825, OPS: 16.2, Avg(us): 101324, Min(us): 43264, Max(us): 147199, 50th(us): 101631, 90th(us): 110399, 95th(us): 113727, 99th(us): 123263, 99.9th(us): 136575, 99.99th(us): 141567
TOTAL  - Takes(s): 789.9, Count: 27304, OPS: 34.6, Avg(us): 97046, Min(us): 40000, Max(us): 145407, 50th(us): 100543, 90th(us): 108799, 95th(us): 111423, 99th(us): 118911, 99.9th(us): 130495, 99.99th(us): 138495
INSERT - Takes(s): 799.9, Count: 2021, OPS: 2.5, Avg(us): 52231, Min(us): 40000, Max(us): 84415, 50th(us): 51839, 90th(us): 57119, 95th(us): 58815, 99th(us): 66431, 99.9th(us): 78399, 99.99th(us): 84415
READ   - Takes(s): 799.6, Count: 25666, OPS: 32.1, Avg(us): 100544, Min(us): 41824, Max(us): 145407, 50th(us): 101119, 90th(us): 109055, 95th(us): 111679, 99th(us): 119103, 99.9th(us): 130495, 99.99th(us): 138495
READ_ERROR - Takes(s): 799.9, Count: 12963, OPS: 16.2, Avg(us): 101300, Min(us): 43264, Max(us): 147199, 50th(us): 101567, 90th(us): 110335, 95th(us): 113727, 99th(us): 123199, 99.9th(us): 136575, 99.99th(us): 141567
TOTAL  - Takes(s): 799.9, Count: 27687, OPS: 34.6, Avg(us): 97018, Min(us): 40000, Max(us): 145407, 50th(us): 100543, 90th(us): 108799, 95th(us): 111423, 99th(us): 118847, 99.9th(us): 130431, 99.99th(us): 138495
INSERT - Takes(s): 809.9, Count: 2043, OPS: 2.5, Avg(us): 52218, Min(us): 40000, Max(us): 84415, 50th(us): 51807, 90th(us): 57119, 95th(us): 58815, 99th(us): 66431, 99.9th(us): 78399, 99.99th(us): 84415
READ   - Takes(s): 809.6, Count: 26022, OPS: 32.1, Avg(us): 100524, Min(us): 41824, Max(us): 145407, 50th(us): 101055, 90th(us): 109055, 95th(us): 111615, 99th(us): 119103, 99.9th(us): 130495, 99.99th(us): 138495
READ_ERROR - Takes(s): 809.9, Count: 13100, OPS: 16.2, Avg(us): 101281, Min(us): 43264, Max(us): 147199, 50th(us): 101567, 90th(us): 110335, 95th(us): 113663, 99th(us): 123199, 99.9th(us): 136575, 99.99th(us): 141567
TOTAL  - Takes(s): 810.0, Count: 28065, OPS: 34.7, Avg(us): 97008, Min(us): 40000, Max(us): 145407, 50th(us): 100479, 90th(us): 108799, 95th(us): 111423, 99th(us): 118719, 99.9th(us): 130431, 99.99th(us): 138495
INSERT - Takes(s): 819.9, Count: 2062, OPS: 2.5, Avg(us): 52214, Min(us): 40000, Max(us): 84415, 50th(us): 51775, 90th(us): 57119, 95th(us): 58815, 99th(us): 66367, 99.9th(us): 78399, 99.99th(us): 84415
READ   - Takes(s): 819.6, Count: 26402, OPS: 32.2, Avg(us): 100507, Min(us): 41824, Max(us): 145407, 50th(us): 101055, 90th(us): 108991, 95th(us): 111615, 99th(us): 118975, 99.9th(us): 130495, 99.99th(us): 138495
READ_ERROR - Takes(s): 819.9, Count: 13216, OPS: 16.1, Avg(us): 101257, Min(us): 43264, Max(us): 147199, 50th(us): 101567, 90th(us): 110271, 95th(us): 113599, 99th(us): 123135, 99.9th(us): 136575, 99.99th(us): 141567
TOTAL  - Takes(s): 819.9, Count: 28464, OPS: 34.7, Avg(us): 97008, Min(us): 40000, Max(us): 145407, 50th(us): 100479, 90th(us): 108735, 95th(us): 111359, 99th(us): 118655, 99.9th(us): 130431, 99.99th(us): 138495
INSERT - Takes(s): 829.9, Count: 2090, OPS: 2.5, Avg(us): 52215, Min(us): 40000, Max(us): 84415, 50th(us): 51839, 90th(us): 57055, 95th(us): 58815, 99th(us): 66367, 99.9th(us): 78399, 99.99th(us): 84415
READ   - Takes(s): 829.6, Count: 26758, OPS: 32.3, Avg(us): 100493, Min(us): 41824, Max(us): 145407, 50th(us): 101055, 90th(us): 108991, 95th(us): 111615, 99th(us): 118975, 99.9th(us): 130495, 99.99th(us): 138495
READ_ERROR - Takes(s): 829.9, Count: 13346, OPS: 16.1, Avg(us): 101243, Min(us): 43264, Max(us): 147199, 50th(us): 101503, 90th(us): 110271, 95th(us): 113535, 99th(us): 123135, 99.9th(us): 136575, 99.99th(us): 141567
TOTAL  - Takes(s): 829.9, Count: 28848, OPS: 34.8, Avg(us): 96995, Min(us): 40000, Max(us): 145407, 50th(us): 100479, 90th(us): 108735, 95th(us): 111295, 99th(us): 118655, 99.9th(us): 130431, 99.99th(us): 138495
INSERT - Takes(s): 839.9, Count: 2134, OPS: 2.5, Avg(us): 52212, Min(us): 40000, Max(us): 84415, 50th(us): 51871, 90th(us): 56991, 95th(us): 58751, 99th(us): 66367, 99.9th(us): 78399, 99.99th(us): 84415
READ   - Takes(s): 839.6, Count: 27119, OPS: 32.3, Avg(us): 100465, Min(us): 41824, Max(us): 145407, 50th(us): 101055, 90th(us): 108927, 95th(us): 111551, 99th(us): 118975, 99.9th(us): 130495, 99.99th(us): 138495
READ_ERROR - Takes(s): 839.9, Count: 13470, OPS: 16.0, Avg(us): 101223, Min(us): 43264, Max(us): 147199, 50th(us): 101503, 90th(us): 110207, 95th(us): 113471, 99th(us): 123071, 99.9th(us): 136575, 99.99th(us): 141567
TOTAL  - Takes(s): 839.9, Count: 29253, OPS: 34.8, Avg(us): 96945, Min(us): 40000, Max(us): 145407, 50th(us): 100479, 90th(us): 108671, 95th(us): 111295, 99th(us): 118591, 99.9th(us): 130431, 99.99th(us): 138495
INSERT - Takes(s): 849.9, Count: 2167, OPS: 2.5, Avg(us): 52217, Min(us): 40000, Max(us): 84415, 50th(us): 51871, 90th(us): 56991, 95th(us): 58719, 99th(us): 66367, 99.9th(us): 78399, 99.99th(us): 84415
READ   - Takes(s): 849.6, Count: 27493, OPS: 32.4, Avg(us): 100454, Min(us): 41824, Max(us): 145407, 50th(us): 101055, 90th(us): 108927, 95th(us): 111487, 99th(us): 118911, 99.9th(us): 130495, 99.99th(us): 138495
READ_ERROR - Takes(s): 849.9, Count: 13580, OPS: 16.0, Avg(us): 101212, Min(us): 43264, Max(us): 147199, 50th(us): 101503, 90th(us): 110207, 95th(us): 113471, 99th(us): 123071, 99.9th(us): 136447, 99.99th(us): 141567
TOTAL  - Takes(s): 849.9, Count: 29660, OPS: 34.9, Avg(us): 96930, Min(us): 40000, Max(us): 145407, 50th(us): 100479, 90th(us): 108671, 95th(us): 111231, 99th(us): 118527, 99.9th(us): 130431, 99.99th(us): 138495
INSERT - Takes(s): 859.9, Count: 2191, OPS: 2.5, Avg(us): 52234, Min(us): 40000, Max(us): 84415, 50th(us): 51903, 90th(us): 57055, 95th(us): 58783, 99th(us): 66367, 99.9th(us): 78399, 99.99th(us): 84415
READ   - Takes(s): 859.6, Count: 27867, OPS: 32.4, Avg(us): 100436, Min(us): 41824, Max(us): 145407, 50th(us): 101055, 90th(us): 108927, 95th(us): 111487, 99th(us): 118911, 99.9th(us): 130431, 99.99th(us): 138495
READ_ERROR - Takes(s): 859.9, Count: 13693, OPS: 15.9, Avg(us): 101210, Min(us): 43264, Max(us): 147199, 50th(us): 101503, 90th(us): 110207, 95th(us): 113407, 99th(us): 123071, 99.9th(us): 136447, 99.99th(us): 141567
TOTAL  - Takes(s): 859.9, Count: 30058, OPS: 35.0, Avg(us): 96923, Min(us): 40000, Max(us): 145407, 50th(us): 100415, 90th(us): 108671, 95th(us): 111167, 99th(us): 118527, 99.9th(us): 130431, 99.99th(us): 138495
INSERT - Takes(s): 869.9, Count: 2218, OPS: 2.5, Avg(us): 52241, Min(us): 40000, Max(us): 84415, 50th(us): 51903, 90th(us): 57055, 95th(us): 58783, 99th(us): 66367, 99.9th(us): 78399, 99.99th(us): 84415
READ   - Takes(s): 869.6, Count: 28235, OPS: 32.5, Avg(us): 100442, Min(us): 41824, Max(us): 145407, 50th(us): 101055, 90th(us): 108927, 95th(us): 111487, 99th(us): 118847, 99.9th(us): 130431, 99.99th(us): 138495
READ_ERROR - Takes(s): 869.9, Count: 13806, OPS: 15.9, Avg(us): 101208, Min(us): 43264, Max(us): 147199, 50th(us): 101503, 90th(us): 110143, 95th(us): 113407, 99th(us): 123007, 99.9th(us): 136447, 99.99th(us): 141567
TOTAL  - Takes(s): 869.9, Count: 30453, OPS: 35.0, Avg(us): 96931, Min(us): 40000, Max(us): 145407, 50th(us): 100479, 90th(us): 108671, 95th(us): 111167, 99th(us): 118463, 99.9th(us): 130431, 99.99th(us): 138495
INSERT - Takes(s): 879.9, Count: 2243, OPS: 2.5, Avg(us): 52241, Min(us): 40000, Max(us): 84415, 50th(us): 51903, 90th(us): 57087, 95th(us): 58783, 99th(us): 66367, 99.9th(us): 78399, 99.99th(us): 84415
READ   - Takes(s): 879.6, Count: 28599, OPS: 32.5, Avg(us): 100425, Min(us): 41824, Max(us): 145407, 50th(us): 101055, 90th(us): 108927, 95th(us): 111423, 99th(us): 118847, 99.9th(us): 130431, 99.99th(us): 138495
READ_ERROR - Takes(s): 879.9, Count: 13935, OPS: 15.8, Avg(us): 101188, Min(us): 43264, Max(us): 147199, 50th(us): 101503, 90th(us): 110143, 95th(us): 113343, 99th(us): 123007, 99.9th(us): 136447, 99.99th(us): 141567
TOTAL  - Takes(s): 879.9, Count: 30842, OPS: 35.0, Avg(us): 96921, Min(us): 40000, Max(us): 145407, 50th(us): 100415, 90th(us): 108671, 95th(us): 111167, 99th(us): 118527, 99.9th(us): 130239, 99.99th(us): 138495
INSERT - Takes(s): 890.0, Count: 2262, OPS: 2.5, Avg(us): 52227, Min(us): 40000, Max(us): 84415, 50th(us): 51871, 90th(us): 57055, 95th(us): 58751, 99th(us): 66111, 99.9th(us): 78399, 99.99th(us): 84415
READ   - Takes(s): 889.6, Count: 28968, OPS: 32.6, Avg(us): 100412, Min(us): 41824, Max(us): 145407, 50th(us): 100991, 90th(us): 108927, 95th(us): 111423, 99th(us): 118783, 99.9th(us): 130431, 99.99th(us): 138495
READ_ERROR - Takes(s): 889.9, Count: 14060, OPS: 15.8, Avg(us): 101164, Min(us): 43264, Max(us): 147199, 50th(us): 101503, 90th(us): 110079, 95th(us): 113343, 99th(us): 122943, 99.9th(us): 136447, 99.99th(us): 141567
TOTAL  - Takes(s): 890.0, Count: 31230, OPS: 35.1, Avg(us): 96922, Min(us): 40000, Max(us): 145407, 50th(us): 100415, 90th(us): 108671, 95th(us): 111103, 99th(us): 118463, 99.9th(us): 130239, 99.99th(us): 138495
INSERT - Takes(s): 899.9, Count: 2289, OPS: 2.5, Avg(us): 52223, Min(us): 40000, Max(us): 84415, 50th(us): 51903, 90th(us): 57023, 95th(us): 58719, 99th(us): 66111, 99.9th(us): 78399, 99.99th(us): 84415
READ   - Takes(s): 899.6, Count: 29337, OPS: 32.6, Avg(us): 100403, Min(us): 41824, Max(us): 145407, 50th(us): 100991, 90th(us): 108863, 95th(us): 111423, 99th(us): 118655, 99.9th(us): 130431, 99.99th(us): 138495
READ_ERROR - Takes(s): 899.9, Count: 14179, OPS: 15.8, Avg(us): 101151, Min(us): 43264, Max(us): 147199, 50th(us): 101439, 90th(us): 110015, 95th(us): 113279, 99th(us): 122815, 99.9th(us): 136447, 99.99th(us): 141567
TOTAL  - Takes(s): 900.0, Count: 31626, OPS: 35.1, Avg(us): 96916, Min(us): 40000, Max(us): 145407, 50th(us): 100415, 90th(us): 108607, 95th(us): 111103, 99th(us): 118399, 99.9th(us): 130239, 99.99th(us): 138495
INSERT - Takes(s): 909.9, Count: 2311, OPS: 2.5, Avg(us): 52213, Min(us): 40000, Max(us): 84415, 50th(us): 51903, 90th(us): 56991, 95th(us): 58559, 99th(us): 66111, 99.9th(us): 78399, 99.99th(us): 84415
READ   - Takes(s): 909.6, Count: 29685, OPS: 32.6, Avg(us): 100387, Min(us): 41824, Max(us): 145407, 50th(us): 100991, 90th(us): 108863, 95th(us): 111423, 99th(us): 118591, 99.9th(us): 130431, 99.99th(us): 138495
READ_ERROR - Takes(s): 909.9, Count: 14322, OPS: 15.7, Avg(us): 101134, Min(us): 43264, Max(us): 147199, 50th(us): 101439, 90th(us): 110015, 95th(us): 113279, 99th(us): 122751, 99.9th(us): 136447, 99.99th(us): 141567
TOTAL  - Takes(s): 909.9, Count: 31996, OPS: 35.2, Avg(us): 96908, Min(us): 40000, Max(us): 145407, 50th(us): 100415, 90th(us): 108607, 95th(us): 111103, 99th(us): 118335, 99.9th(us): 130239, 99.99th(us): 138495
INSERT - Takes(s): 919.9, Count: 2334, OPS: 2.5, Avg(us): 52212, Min(us): 40000, Max(us): 84415, 50th(us): 51871, 90th(us): 57023, 95th(us): 58719, 99th(us): 66111, 99.9th(us): 78399, 99.99th(us): 84415
READ   - Takes(s): 919.6, Count: 30049, OPS: 32.7, Avg(us): 100371, Min(us): 41824, Max(us): 145407, 50th(us): 100991, 90th(us): 108799, 95th(us): 111359, 99th(us): 118591, 99.9th(us): 130431, 99.99th(us): 138495
READ_ERROR - Takes(s): 919.9, Count: 14449, OPS: 15.7, Avg(us): 101133, Min(us): 43264, Max(us): 147199, 50th(us): 101439, 90th(us): 110015, 95th(us): 113215, 99th(us): 122751, 99.9th(us): 136447, 99.99th(us): 141567
TOTAL  - Takes(s): 919.9, Count: 32383, OPS: 35.2, Avg(us): 96900, Min(us): 40000, Max(us): 145407, 50th(us): 100351, 90th(us): 108607, 95th(us): 111039, 99th(us): 118207, 99.9th(us): 130239, 99.99th(us): 138495
INSERT - Takes(s): 929.9, Count: 2361, OPS: 2.5, Avg(us): 52216, Min(us): 40000, Max(us): 84415, 50th(us): 51871, 90th(us): 57055, 95th(us): 58719, 99th(us): 66047, 99.9th(us): 78399, 99.99th(us): 84415
READ   - Takes(s): 929.6, Count: 30420, OPS: 32.7, Avg(us): 100353, Min(us): 41824, Max(us): 145407, 50th(us): 100991, 90th(us): 108799, 95th(us): 111295, 99th(us): 118527, 99.9th(us): 130431, 99.99th(us): 138495
READ_ERROR - Takes(s): 929.9, Count: 14569, OPS: 15.7, Avg(us): 101126, Min(us): 43264, Max(us): 147199, 50th(us): 101439, 90th(us): 109951, 95th(us): 113151, 99th(us): 122751, 99.9th(us): 136063, 99.99th(us): 141567
TOTAL  - Takes(s): 930.0, Count: 32781, OPS: 35.3, Avg(us): 96886, Min(us): 40000, Max(us): 145407, 50th(us): 100351, 90th(us): 108543, 95th(us): 111039, 99th(us): 118143, 99.9th(us): 130047, 99.99th(us): 138495
INSERT - Takes(s): 939.9, Count: 2394, OPS: 2.5, Avg(us): 52201, Min(us): 40000, Max(us): 84415, 50th(us): 51871, 90th(us): 56991, 95th(us): 58719, 99th(us): 66047, 99.9th(us): 78399, 99.99th(us): 84415
READ   - Takes(s): 939.6, Count: 30802, OPS: 32.8, Avg(us): 100346, Min(us): 41824, Max(us): 145407, 50th(us): 100991, 90th(us): 108799, 95th(us): 111295, 99th(us): 118527, 99.9th(us): 130239, 99.99th(us): 138495
READ_ERROR - Takes(s): 939.9, Count: 14672, OPS: 15.6, Avg(us): 101106, Min(us): 43264, Max(us): 147199, 50th(us): 101439, 90th(us): 109951, 95th(us): 113151, 99th(us): 122751, 99.9th(us): 136063, 99.99th(us): 141567
TOTAL  - Takes(s): 939.9, Count: 33196, OPS: 35.3, Avg(us): 96874, Min(us): 40000, Max(us): 145407, 50th(us): 100351, 90th(us): 108543, 95th(us): 110975, 99th(us): 118079, 99.9th(us): 130047, 99.99th(us): 138495
INSERT - Takes(s): 949.9, Count: 2429, OPS: 2.6, Avg(us): 52183, Min(us): 40000, Max(us): 84415, 50th(us): 51839, 90th(us): 56991, 95th(us): 58719, 99th(us): 66047, 99.9th(us): 78399, 99.99th(us): 84415
READ   - Takes(s): 949.6, Count: 31179, OPS: 32.8, Avg(us): 100341, Min(us): 41824, Max(us): 145407, 50th(us): 100991, 90th(us): 108799, 95th(us): 111295, 99th(us): 118463, 99.9th(us): 130239, 99.99th(us): 138495
READ_ERROR - Takes(s): 949.9, Count: 14779, OPS: 15.6, Avg(us): 101090, Min(us): 43264, Max(us): 147199, 50th(us): 101439, 90th(us): 109887, 95th(us): 113087, 99th(us): 122687, 99.9th(us): 136063, 99.99th(us): 141567
TOTAL  - Takes(s): 949.9, Count: 33608, OPS: 35.4, Avg(us): 96860, Min(us): 40000, Max(us): 145407, 50th(us): 100351, 90th(us): 108543, 95th(us): 110975, 99th(us): 118015, 99.9th(us): 129983, 99.99th(us): 138495
INSERT - Takes(s): 959.9, Count: 2467, OPS: 2.6, Avg(us): 52159, Min(us): 40000, Max(us): 84415, 50th(us): 51807, 90th(us): 56959, 95th(us): 58655, 99th(us): 66047, 99.9th(us): 78399, 99.99th(us): 84415
READ   - Takes(s): 959.6, Count: 31567, OPS: 32.9, Avg(us): 100322, Min(us): 41824, Max(us): 145407, 50th(us): 100991, 90th(us): 108799, 95th(us): 111231, 99th(us): 118399, 99.9th(us): 130239, 99.99th(us): 138495
READ_ERROR - Takes(s): 959.9, Count: 14878, OPS: 15.5, Avg(us): 101078, Min(us): 43264, Max(us): 147199, 50th(us): 101439, 90th(us): 109887, 95th(us): 113087, 99th(us): 122687, 99.9th(us): 136063, 99.99th(us): 141567
TOTAL  - Takes(s): 959.9, Count: 34034, OPS: 35.5, Avg(us): 96831, Min(us): 40000, Max(us): 145407, 50th(us): 100351, 90th(us): 108543, 95th(us): 110911, 99th(us): 117823, 99.9th(us): 129983, 99.99th(us): 138495
INSERT - Takes(s): 969.9, Count: 2499, OPS: 2.6, Avg(us): 52162, Min(us): 40000, Max(us): 84415, 50th(us): 51807, 90th(us): 56959, 95th(us): 58687, 99th(us): 66047, 99.9th(us): 78399, 99.99th(us): 84415
READ   - Takes(s): 969.6, Count: 31934, OPS: 32.9, Avg(us): 100308, Min(us): 41824, Max(us): 145407, 50th(us): 100927, 90th(us): 108799, 95th(us): 111231, 99th(us): 118335, 99.9th(us): 130239, 99.99th(us): 138495
READ_ERROR - Takes(s): 969.9, Count: 14999, OPS: 15.5, Avg(us): 101063, Min(us): 43264, Max(us): 147199, 50th(us): 101375, 90th(us): 109887, 95th(us): 113087, 99th(us): 122687, 99.9th(us): 136063, 99.99th(us): 141567
TOTAL  - Takes(s): 969.9, Count: 34433, OPS: 35.5, Avg(us): 96814, Min(us): 40000, Max(us): 145407, 50th(us): 100351, 90th(us): 108543, 95th(us): 110911, 99th(us): 117695, 99.9th(us): 129983, 99.99th(us): 138495
INSERT - Takes(s): 980.0, Count: 2530, OPS: 2.6, Avg(us): 52154, Min(us): 40000, Max(us): 84415, 50th(us): 51807, 90th(us): 56927, 95th(us): 58655, 99th(us): 66047, 99.9th(us): 77439, 99.99th(us): 84415
READ   - Takes(s): 979.6, Count: 32294, OPS: 33.0, Avg(us): 100291, Min(us): 41408, Max(us): 145407, 50th(us): 100927, 90th(us): 108799, 95th(us): 111167, 99th(us): 118207, 99.9th(us): 130239, 99.99th(us): 138495
READ_ERROR - Takes(s): 979.9, Count: 15118, OPS: 15.4, Avg(us): 101043, Min(us): 43264, Max(us): 147199, 50th(us): 101375, 90th(us): 109823, 95th(us): 113023, 99th(us): 122623, 99.9th(us): 136063, 99.99th(us): 141567
TOTAL  - Takes(s): 980.0, Count: 34824, OPS: 35.5, Avg(us): 96794, Min(us): 40000, Max(us): 145407, 50th(us): 100287, 90th(us): 108479, 95th(us): 110911, 99th(us): 117631, 99.9th(us): 129855, 99.99th(us): 138495
**********************************************
Run finished, takes 16m22.313441049s
INSERT - Takes(s): 982.3, Count: 2534, OPS: 2.6, Avg(us): 52153, Min(us): 40000, Max(us): 84415, 50th(us): 51775, 90th(us): 56927, 95th(us): 58559, 99th(us): 66047, 99.9th(us): 77439, 99.99th(us): 84415
READ   - Takes(s): 981.9, Count: 32335, OPS: 32.9, Avg(us): 100283, Min(us): 41408, Max(us): 145407, 50th(us): 100927, 90th(us): 108799, 95th(us): 111167, 99th(us): 118207, 99.9th(us): 130239, 99.99th(us): 138495
READ_ERROR - Takes(s): 982.3, Count: 15131, OPS: 15.4, Avg(us): 101031, Min(us): 43264, Max(us): 147199, 50th(us): 101375, 90th(us): 109823, 95th(us): 113023, 99th(us): 122623, 99.9th(us): 136063, 99.99th(us): 141567
TOTAL  - Takes(s): 982.3, Count: 34869, OPS: 35.5, Avg(us): 96785, Min(us): 40000, Max(us): 145407, 50th(us): 100287, 90th(us): 108479, 95th(us): 110911, 99th(us): 117631, 99.9th(us): 129855, 99.99th(us): 138495
