Now loading data using DB:  etcd
core
Using request distribution 'latest' a keyrange of [0 99999]
***************** properties *****************
"requestdistribution"="latest"
"readallfields"="true"
"command"="run"
"threadcount"="5"
"insertproportion"="0.05"
"readproportion"="0.95"
"etcd.dial_timeout"="1s"
"operationcount"="50000"
"dotransactions"="true"
"etcd.endpoints"="192.168.37.11:2379"
"updateproportion"="0"
"workload"="core"
"recordcount"="100000"
"scanproportion"="0"
"docollectingdata"="false"
**********************************************
INSERT - Takes(s): 9.8, Count: 29, OPS: 3.0, Avg(us): 74428, Min(us): 58432, Max(us): 99711, 50th(us): 65983, 90th(us): 94655, 95th(us): 97919, 99th(us): 99711, 99.9th(us): 99711, 99.99th(us): 99711
READ   - Takes(s): 9.9, Count: 122, OPS: 12.4, Avg(us): 120009, Min(us): 85696, Max(us): 134783, 50th(us): 121407, 90th(us): 128767, 95th(us): 130751, 99th(us): 134783, 99.9th(us): 134783, 99.99th(us): 134783
READ_ERROR - Takes(s): 9.9, Count: 278, OPS: 28.0, Avg(us): 118153, Min(us): 60768, Max(us): 136191, 50th(us): 119039, 90th(us): 126719, 95th(us): 129087, 99th(us): 133119, 99.9th(us): 136191, 99.99th(us): 136191
TOTAL  - Takes(s): 9.9, Count: 151, OPS: 15.3, Avg(us): 111255, Min(us): 58432, Max(us): 134783, 50th(us): 118527, 90th(us): 128639, 95th(us): 129983, 99th(us): 133247, 99.9th(us): 134783, 99.99th(us): 134783
INSERT - Takes(s): 19.8, Count: 42, OPS: 2.1, Avg(us): 75073, Min(us): 58432, Max(us): 109759, 50th(us): 66175, 90th(us): 95807, 95th(us): 97919, 99th(us): 109759, 99.9th(us): 109759, 99.99th(us): 109759
READ   - Takes(s): 19.9, Count: 286, OPS: 14.4, Avg(us): 121649, Min(us): 85696, Max(us): 145279, 50th(us): 122175, 90th(us): 130559, 95th(us): 133503, 99th(us): 139263, 99.9th(us): 145279, 99.99th(us): 145279
READ_ERROR - Takes(s): 19.9, Count: 513, OPS: 25.7, Avg(us): 120112, Min(us): 60768, Max(us): 141439, 50th(us): 120895, 90th(us): 129151, 95th(us): 130815, 99th(us): 136191, 99.9th(us): 140799, 99.99th(us): 141439
TOTAL  - Takes(s): 19.9, Count: 328, OPS: 16.5, Avg(us): 115685, Min(us): 58432, Max(us): 145279, 50th(us): 120511, 90th(us): 130111, 95th(us): 133247, 99th(us): 139263, 99.9th(us): 145279, 99.99th(us): 145279
INSERT - Takes(s): 29.8, Count: 63, OPS: 2.1, Avg(us): 77256, Min(us): 58272, Max(us): 120831, 50th(us): 70655, 90th(us): 96959, 95th(us): 100863, 99th(us): 109759, 99.9th(us): 120831, 99.99th(us): 120831
READ   - Takes(s): 29.9, Count: 453, OPS: 15.2, Avg(us): 122821, Min(us): 62496, Max(us): 151551, 50th(us): 123583, 90th(us): 133247, 95th(us): 135295, 99th(us): 141695, 99.9th(us): 151551, 99.99th(us): 151551
READ_ERROR - Takes(s): 29.9, Count: 733, OPS: 24.5, Avg(us): 121882, Min(us): 60768, Max(us): 159359, 50th(us): 122431, 90th(us): 132607, 95th(us): 134399, 99th(us): 141439, 99.9th(us): 159359, 99.99th(us): 159359
TOTAL  - Takes(s): 29.9, Count: 516, OPS: 17.3, Avg(us): 117258, Min(us): 58272, Max(us): 151551, 50th(us): 122239, 90th(us): 131967, 95th(us): 134783, 99th(us): 141695, 99.9th(us): 145279, 99.99th(us): 151551
INSERT - Takes(s): 39.8, Count: 83, OPS: 2.1, Avg(us): 77701, Min(us): 58272, Max(us): 120831, 50th(us): 70655, 90th(us): 97919, 95th(us): 105599, 99th(us): 110463, 99.9th(us): 120831, 99.99th(us): 120831
READ   - Takes(s): 39.9, Count: 650, OPS: 16.3, Avg(us): 123390, Min(us): 62496, Max(us): 151551, 50th(us): 123839, 90th(us): 133503, 95th(us): 136447, 99th(us): 145279, 99.9th(us): 149503, 99.99th(us): 151551
READ_ERROR - Takes(s): 39.9, Count: 923, OPS: 23.1, Avg(us): 122408, Min(us): 60768, Max(us): 159359, 50th(us): 122879, 90th(us): 132863, 95th(us): 136319, 99th(us): 141439, 99.9th(us): 159359, 99.99th(us): 159359
TOTAL  - Takes(s): 39.9, Count: 733, OPS: 18.4, Avg(us): 118216, Min(us): 58272, Max(us): 151551, 50th(us): 122943, 90th(us): 132991, 95th(us): 135423, 99th(us): 142591, 99.9th(us): 149503, 99.99th(us): 151551
INSERT - Takes(s): 49.8, Count: 105, OPS: 2.1, Avg(us): 78746, Min(us): 58272, Max(us): 120831, 50th(us): 72959, 90th(us): 100991, 95th(us): 105599, 99th(us): 110463, 99.9th(us): 120831, 99.99th(us): 120831
READ   - Takes(s): 49.9, Count: 840, OPS: 16.8, Avg(us): 123713, Min(us): 57024, Max(us): 151551, 50th(us): 124159, 90th(us): 134783, 95th(us): 137983, 99th(us): 145279, 99.9th(us): 149759, 99.99th(us): 151551
READ_ERROR - Takes(s): 49.9, Count: 1120, OPS: 22.4, Avg(us): 122906, Min(us): 60768, Max(us): 159359, 50th(us): 123263, 90th(us): 133631, 95th(us): 137215, 99th(us): 142335, 99.9th(us): 159359, 99.99th(us): 159359
TOTAL  - Takes(s): 49.9, Count: 945, OPS: 18.9, Avg(us): 118716, Min(us): 57024, Max(us): 151551, 50th(us): 123071, 90th(us): 134399, 95th(us): 137471, 99th(us): 145151, 99.9th(us): 149759, 99.99th(us): 151551
INSERT - Takes(s): 59.8, Count: 129, OPS: 2.2, Avg(us): 79787, Min(us): 58272, Max(us): 120831, 50th(us): 76223, 90th(us): 100671, 95th(us): 105599, 99th(us): 110463, 99.9th(us): 120831, 99.99th(us): 120831
READ   - Takes(s): 59.9, Count: 1030, OPS: 17.2, Avg(us): 123655, Min(us): 57024, Max(us): 151551, 50th(us): 124031, 90th(us): 134655, 95th(us): 137727, 99th(us): 143615, 99.9th(us): 149759, 99.99th(us): 151551
READ_ERROR - Takes(s): 59.9, Count: 1317, OPS: 22.0, Avg(us): 122995, Min(us): 55136, Max(us): 159359, 50th(us): 123455, 90th(us): 133759, 95th(us): 137087, 99th(us): 141695, 99.9th(us): 159359, 99.99th(us): 159359
TOTAL  - Takes(s): 59.9, Count: 1159, OPS: 19.4, Avg(us): 118772, Min(us): 57024, Max(us): 151551, 50th(us): 123071, 90th(us): 134271, 95th(us): 136959, 99th(us): 142463, 99.9th(us): 149759, 99.99th(us): 151551
INSERT - Takes(s): 69.8, Count: 147, OPS: 2.1, Avg(us): 78877, Min(us): 56256, Max(us): 120831, 50th(us): 73663, 90th(us): 99455, 95th(us): 104959, 99th(us): 110463, 99.9th(us): 120831, 99.99th(us): 120831
READ   - Takes(s): 69.9, Count: 1241, OPS: 17.8, Avg(us): 123969, Min(us): 57024, Max(us): 152703, 50th(us): 124223, 90th(us): 135039, 95th(us): 138495, 99th(us): 145151, 99.9th(us): 151551, 99.99th(us): 152703
READ_ERROR - Takes(s): 69.9, Count: 1496, OPS: 21.4, Avg(us): 123132, Min(us): 55136, Max(us): 159359, 50th(us): 123583, 90th(us): 133887, 95th(us): 137215, 99th(us): 142207, 99.9th(us): 159359, 99.99th(us): 159359
TOTAL  - Takes(s): 69.9, Count: 1388, OPS: 19.9, Avg(us): 119193, Min(us): 56256, Max(us): 152703, 50th(us): 123071, 90th(us): 134655, 95th(us): 138239, 99th(us): 143615, 99.9th(us): 151551, 99.99th(us): 152703
INSERT - Takes(s): 79.8, Count: 163, OPS: 2.0, Avg(us): 77786, Min(us): 55104, Max(us): 120831, 50th(us): 71423, 90th(us): 99071, 95th(us): 103615, 99th(us): 110207, 99.9th(us): 120831, 99.99th(us): 120831
READ   - Takes(s): 79.9, Count: 1455, OPS: 18.2, Avg(us): 123849, Min(us): 57024, Max(us): 152703, 50th(us): 124159, 90th(us): 134655, 95th(us): 137983, 99th(us): 143487, 99.9th(us): 151551, 99.99th(us): 152703
READ_ERROR - Takes(s): 79.9, Count: 1680, OPS: 21.0, Avg(us): 123107, Min(us): 55136, Max(us): 159359, 50th(us): 123647, 90th(us): 133631, 95th(us): 136831, 99th(us): 141567, 99.9th(us): 159359, 99.99th(us): 159359
TOTAL  - Takes(s): 79.9, Count: 1618, OPS: 20.3, Avg(us): 119208, Min(us): 55104, Max(us): 152703, 50th(us): 123199, 90th(us): 134015, 95th(us): 137727, 99th(us): 143487, 99.9th(us): 149759, 99.99th(us): 152703
INSERT - Takes(s): 89.8, Count: 184, OPS: 2.1, Avg(us): 76606, Min(us): 55104, Max(us): 120831, 50th(us): 69887, 90th(us): 98367, 95th(us): 103103, 99th(us): 110207, 99.9th(us): 120831, 99.99th(us): 120831
READ   - Takes(s): 89.9, Count: 1672, OPS: 18.6, Avg(us): 123698, Min(us): 57024, Max(us): 152703, 50th(us): 123967, 90th(us): 134271, 95th(us): 137727, 99th(us): 143487, 99.9th(us): 149759, 99.99th(us): 152703
READ_ERROR - Takes(s): 89.9, Count: 1858, OPS: 20.7, Avg(us): 123066, Min(us): 55136, Max(us): 159359, 50th(us): 123647, 90th(us): 133503, 95th(us): 136703, 99th(us): 141311, 99.9th(us): 159359, 99.99th(us): 159359
TOTAL  - Takes(s): 89.9, Count: 1856, OPS: 20.7, Avg(us): 119029, Min(us): 55104, Max(us): 152703, 50th(us): 123007, 90th(us): 133759, 95th(us): 137087, 99th(us): 142591, 99.9th(us): 149759, 99.99th(us): 152703
INSERT - Takes(s): 99.8, Count: 211, OPS: 2.1, Avg(us): 75002, Min(us): 53344, Max(us): 120831, 50th(us): 67967, 90th(us): 97087, 95th(us): 100991, 99th(us): 110207, 99.9th(us): 120831, 99.99th(us): 120831
READ   - Takes(s): 99.9, Count: 1902, OPS: 19.0, Avg(us): 123433, Min(us): 54496, Max(us): 152703, 50th(us): 123775, 90th(us): 133759, 95th(us): 136959, 99th(us): 142591, 99.9th(us): 149759, 99.99th(us): 152703
READ_ERROR - Takes(s): 99.9, Count: 2028, OPS: 20.3, Avg(us): 122900, Min(us): 55136, Max(us): 159359, 50th(us): 123583, 90th(us): 133247, 95th(us): 136575, 99th(us): 141183, 99.9th(us): 159359, 99.99th(us): 159359
TOTAL  - Takes(s): 99.9, Count: 2113, OPS: 21.2, Avg(us): 118596, Min(us): 53344, Max(us): 152703, 50th(us): 122815, 90th(us): 133247, 95th(us): 136703, 99th(us): 142463, 99.9th(us): 149759, 99.99th(us): 152703
INSERT - Takes(s): 109.8, Count: 238, OPS: 2.2, Avg(us): 73668, Min(us): 53344, Max(us): 120831, 50th(us): 67327, 90th(us): 95807, 95th(us): 100863, 99th(us): 110207, 99.9th(us): 120831, 99.99th(us): 120831
READ   - Takes(s): 109.9, Count: 2127, OPS: 19.4, Avg(us): 122992, Min(us): 54496, Max(us): 152703, 50th(us): 123263, 90th(us): 133247, 95th(us): 136703, 99th(us): 142463, 99.9th(us): 149759, 99.99th(us): 152703
READ_ERROR - Takes(s): 109.9, Count: 2208, OPS: 20.1, Avg(us): 122520, Min(us): 55136, Max(us): 159359, 50th(us): 123007, 90th(us): 132863, 95th(us): 136191, 99th(us): 140927, 99.9th(us): 159359, 99.99th(us): 159359
TOTAL  - Takes(s): 109.9, Count: 2365, OPS: 21.5, Avg(us): 118028, Min(us): 53344, Max(us): 152703, 50th(us): 122239, 90th(us): 132735, 95th(us): 135935, 99th(us): 142079, 99.9th(us): 149759, 99.99th(us): 152703
INSERT - Takes(s): 119.8, Count: 256, OPS: 2.1, Avg(us): 72839, Min(us): 53344, Max(us): 120831, 50th(us): 66623, 90th(us): 95039, 95th(us): 100671, 99th(us): 109759, 99.9th(us): 120831, 99.99th(us): 120831
READ   - Takes(s): 119.9, Count: 2361, OPS: 19.7, Avg(us): 122638, Min(us): 54496, Max(us): 152703, 50th(us): 122815, 90th(us): 132735, 95th(us): 135935, 99th(us): 142079, 99.9th(us): 149759, 99.99th(us): 152703
READ_ERROR - Takes(s): 119.9, Count: 2384, OPS: 19.9, Avg(us): 122195, Min(us): 54016, Max(us): 159359, 50th(us): 122623, 90th(us): 132607, 95th(us): 135679, 99th(us): 140799, 99.9th(us): 159359, 99.99th(us): 159359
TOTAL  - Takes(s): 119.9, Count: 2617, OPS: 21.8, Avg(us): 117766, Min(us): 53344, Max(us): 152703, 50th(us): 121919, 90th(us): 132479, 95th(us): 135295, 99th(us): 141695, 99.9th(us): 149503, 99.99th(us): 152703
INSERT - Takes(s): 129.8, Count: 281, OPS: 2.2, Avg(us): 71871, Min(us): 53344, Max(us): 120831, 50th(us): 66175, 90th(us): 94783, 95th(us): 99711, 99th(us): 109759, 99.9th(us): 120831, 99.99th(us): 120831
READ   - Takes(s): 129.9, Count: 2607, OPS: 20.1, Avg(us): 122244, Min(us): 54496, Max(us): 152703, 50th(us): 122367, 90th(us): 132479, 95th(us): 135423, 99th(us): 141695, 99.9th(us): 149503, 99.99th(us): 152703
READ_ERROR - Takes(s): 129.9, Count: 2549, OPS: 19.6, Avg(us): 121987, Min(us): 54016, Max(us): 159359, 50th(us): 122495, 90th(us): 132223, 95th(us): 135423, 99th(us): 140543, 99.9th(us): 152575, 99.99th(us): 159359
TOTAL  - Takes(s): 129.9, Count: 2888, OPS: 22.2, Avg(us): 117342, Min(us): 53344, Max(us): 152703, 50th(us): 121599, 90th(us): 132095, 95th(us): 135039, 99th(us): 141311, 99.9th(us): 149503, 99.99th(us): 152703
INSERT - Takes(s): 139.8, Count: 304, OPS: 2.2, Avg(us): 71161, Min(us): 53344, Max(us): 120831, 50th(us): 65919, 90th(us): 94719, 95th(us): 99455, 99th(us): 109759, 99.9th(us): 120831, 99.99th(us): 120831
READ   - Takes(s): 139.9, Count: 2842, OPS: 20.3, Avg(us): 121957, Min(us): 54496, Max(us): 152703, 50th(us): 122111, 90th(us): 132223, 95th(us): 135039, 99th(us): 141439, 99.9th(us): 149503, 99.99th(us): 152703
READ_ERROR - Takes(s): 139.9, Count: 2721, OPS: 19.4, Avg(us): 121746, Min(us): 52288, Max(us): 159359, 50th(us): 122239, 90th(us): 131967, 95th(us): 135039, 99th(us): 140159, 99.9th(us): 152575, 99.99th(us): 159359
TOTAL  - Takes(s): 139.9, Count: 3146, OPS: 22.5, Avg(us): 117049, Min(us): 53344, Max(us): 152703, 50th(us): 121215, 90th(us): 131711, 95th(us): 134783, 99th(us): 141311, 99.9th(us): 149503, 99.99th(us): 152703
INSERT - Takes(s): 149.8, Count: 327, OPS: 2.2, Avg(us): 70594, Min(us): 53344, Max(us): 120831, 50th(us): 65663, 90th(us): 92735, 95th(us): 99071, 99th(us): 109759, 99.9th(us): 120831, 99.99th(us): 120831
READ   - Takes(s): 149.9, Count: 3078, OPS: 20.5, Avg(us): 121753, Min(us): 54496, Max(us): 152703, 50th(us): 121983, 90th(us): 131839, 95th(us): 134783, 99th(us): 141311, 99.9th(us): 149503, 99.99th(us): 152703
READ_ERROR - Takes(s): 149.9, Count: 2893, OPS: 19.3, Avg(us): 121639, Min(us): 52288, Max(us): 159359, 50th(us): 122175, 90th(us): 131583, 95th(us): 134783, 99th(us): 140031, 99.9th(us): 152575, 99.99th(us): 159359
TOTAL  - Takes(s): 149.9, Count: 3405, OPS: 22.7, Avg(us): 116840, Min(us): 53344, Max(us): 152703, 50th(us): 121087, 90th(us): 131455, 95th(us): 134527, 99th(us): 140927, 99.9th(us): 149503, 99.99th(us): 152703
INSERT - Takes(s): 159.8, Count: 355, OPS: 2.2, Avg(us): 69913, Min(us): 53344, Max(us): 120831, 50th(us): 64831, 90th(us): 92351, 95th(us): 98367, 99th(us): 108799, 99.9th(us): 120831, 99.99th(us): 120831
READ   - Takes(s): 159.9, Count: 3319, OPS: 20.8, Avg(us): 121514, Min(us): 54496, Max(us): 152703, 50th(us): 121727, 90th(us): 131583, 95th(us): 134527, 99th(us): 141183, 99.9th(us): 149503, 99.99th(us): 152703
READ_ERROR - Takes(s): 159.9, Count: 3058, OPS: 19.1, Avg(us): 121483, Min(us): 52288, Max(us): 159359, 50th(us): 121983, 90th(us): 131455, 95th(us): 134655, 99th(us): 139903, 99.9th(us): 152575, 99.99th(us): 159359
TOTAL  - Takes(s): 159.9, Count: 3674, OPS: 23.0, Avg(us): 116528, Min(us): 53344, Max(us): 152703, 50th(us): 120767, 90th(us): 131007, 95th(us): 134271, 99th(us): 140799, 99.9th(us): 147711, 99.99th(us): 152703
INSERT - Takes(s): 169.8, Count: 379, OPS: 2.2, Avg(us): 69430, Min(us): 53120, Max(us): 120831, 50th(us): 64639, 90th(us): 91519, 95th(us): 97919, 99th(us): 108799, 99.9th(us): 120831, 99.99th(us): 120831
READ   - Takes(s): 169.9, Count: 3567, OPS: 21.0, Avg(us): 121349, Min(us): 53920, Max(us): 152703, 50th(us): 121599, 90th(us): 131199, 95th(us): 134271, 99th(us): 140799, 99.9th(us): 147711, 99.99th(us): 152703
READ_ERROR - Takes(s): 169.9, Count: 3219, OPS: 18.9, Avg(us): 121343, Min(us): 52288, Max(us): 159359, 50th(us): 121855, 90th(us): 131199, 95th(us): 134527, 99th(us): 139903, 99.9th(us): 152575, 99.99th(us): 159359
TOTAL  - Takes(s): 169.9, Count: 3946, OPS: 23.2, Avg(us): 116362, Min(us): 53120, Max(us): 152703, 50th(us): 120639, 90th(us): 130751, 95th(us): 134015, 99th(us): 140671, 99.9th(us): 147711, 99.99th(us): 152703
INSERT - Takes(s): 179.8, Count: 395, OPS: 2.2, Avg(us): 69188, Min(us): 53120, Max(us): 120831, 50th(us): 64479, 90th(us): 91455, 95th(us): 97855, 99th(us): 108799, 99.9th(us): 120831, 99.99th(us): 120831
READ   - Takes(s): 179.9, Count: 3835, OPS: 21.3, Avg(us): 121197, Min(us): 53920, Max(us): 152703, 50th(us): 121343, 90th(us): 130943, 95th(us): 134143, 99th(us): 140799, 99.9th(us): 147711, 99.99th(us): 152703
READ_ERROR - Takes(s): 179.9, Count: 3361, OPS: 18.7, Avg(us): 121251, Min(us): 52288, Max(us): 159359, 50th(us): 121727, 90th(us): 131071, 95th(us): 134399, 99th(us): 139903, 99.9th(us): 152575, 99.99th(us): 159359
TOTAL  - Takes(s): 179.9, Count: 4230, OPS: 23.5, Avg(us): 116341, Min(us): 53120, Max(us): 152703, 50th(us): 120511, 90th(us): 130495, 95th(us): 133631, 99th(us): 140287, 99.9th(us): 147711, 99.99th(us): 152703
INSERT - Takes(s): 189.8, Count: 411, OPS: 2.2, Avg(us): 68948, Min(us): 53120, Max(us): 120831, 50th(us): 64447, 90th(us): 90559, 95th(us): 97087, 99th(us): 108799, 99.9th(us): 120831, 99.99th(us): 120831
READ   - Takes(s): 189.9, Count: 4075, OPS: 21.5, Avg(us): 121089, Min(us): 53920, Max(us): 152703, 50th(us): 121215, 90th(us): 130815, 95th(us): 133887, 99th(us): 140287, 99.9th(us): 147711, 99.99th(us): 152703
READ_ERROR - Takes(s): 189.9, Count: 3531, OPS: 18.6, Avg(us): 121139, Min(us): 52288, Max(us): 159359, 50th(us): 121663, 90th(us): 130815, 95th(us): 134143, 99th(us): 139775, 99.9th(us): 149631, 99.99th(us): 159359
TOTAL  - Takes(s): 189.9, Count: 4486, OPS: 23.6, Avg(us): 116312, Min(us): 53120, Max(us): 152703, 50th(us): 120447, 90th(us): 130367, 95th(us): 133503, 99th(us): 140031, 99.9th(us): 147711, 99.99th(us): 152703
INSERT - Takes(s): 199.8, Count: 435, OPS: 2.2, Avg(us): 68489, Min(us): 53120, Max(us): 120831, 50th(us): 64255, 90th(us): 89791, 95th(us): 96959, 99th(us): 108799, 99.9th(us): 120831, 99.99th(us): 120831
READ   - Takes(s): 199.9, Count: 4311, OPS: 21.6, Avg(us): 120899, Min(us): 53920, Max(us): 152703, 50th(us): 121087, 90th(us): 130559, 95th(us): 133503, 99th(us): 140159, 99.9th(us): 147711, 99.99th(us): 152703
READ_ERROR - Takes(s): 199.9, Count: 3709, OPS: 18.6, Avg(us): 120960, Min(us): 52288, Max(us): 159359, 50th(us): 121279, 90th(us): 130687, 95th(us): 133887, 99th(us): 139775, 99.9th(us): 149631, 99.99th(us): 159359
TOTAL  - Takes(s): 199.9, Count: 4746, OPS: 23.7, Avg(us): 116095, Min(us): 53120, Max(us): 152703, 50th(us): 120319, 90th(us): 130111, 95th(us): 133247, 99th(us): 139775, 99.9th(us): 147071, 99.99th(us): 152703
INSERT - Takes(s): 209.8, Count: 461, OPS: 2.2, Avg(us): 68038, Min(us): 51040, Max(us): 120831, 50th(us): 64063, 90th(us): 89535, 95th(us): 96127, 99th(us): 106239, 99.9th(us): 120831, 99.99th(us): 120831
READ   - Takes(s): 209.9, Count: 4568, OPS: 21.8, Avg(us): 120729, Min(us): 53920, Max(us): 152703, 50th(us): 120895, 90th(us): 130303, 95th(us): 133375, 99th(us): 139775, 99.9th(us): 147071, 99.99th(us): 152703
READ_ERROR - Takes(s): 209.9, Count: 3863, OPS: 18.4, Avg(us): 120837, Min(us): 52288, Max(us): 159359, 50th(us): 121215, 90th(us): 130559, 95th(us): 133631, 99th(us): 139775, 99.9th(us): 149631, 99.99th(us): 159359
TOTAL  - Takes(s): 209.9, Count: 5029, OPS: 24.0, Avg(us): 115899, Min(us): 51040, Max(us): 152703, 50th(us): 120255, 90th(us): 129791, 95th(us): 132863, 99th(us): 139647, 99.9th(us): 147071, 99.99th(us): 151551
INSERT - Takes(s): 219.8, Count: 478, OPS: 2.2, Avg(us): 67820, Min(us): 51040, Max(us): 120831, 50th(us): 63967, 90th(us): 89151, 95th(us): 95807, 99th(us): 106239, 99.9th(us): 120831, 99.99th(us): 120831
READ   - Takes(s): 219.9, Count: 4835, OPS: 22.0, Avg(us): 120529, Min(us): 53920, Max(us): 152703, 50th(us): 120703, 90th(us): 130047, 95th(us): 133119, 99th(us): 139647, 99.9th(us): 147071, 99.99th(us): 152703
READ_ERROR - Takes(s): 219.9, Count: 4012, OPS: 18.2, Avg(us): 120723, Min(us): 52288, Max(us): 159359, 50th(us): 121087, 90th(us): 130239, 95th(us): 133503, 99th(us): 139647, 99.9th(us): 149631, 99.99th(us): 159359
TOTAL  - Takes(s): 219.9, Count: 5313, OPS: 24.2, Avg(us): 115787, Min(us): 51040, Max(us): 152703, 50th(us): 119999, 90th(us): 129535, 95th(us): 132735, 99th(us): 139391, 99.9th(us): 147071, 99.99th(us): 151551
INSERT - Takes(s): 229.8, Count: 506, OPS: 2.2, Avg(us): 67478, Min(us): 51040, Max(us): 120831, 50th(us): 63775, 90th(us): 88319, 95th(us): 95423, 99th(us): 106239, 99.9th(us): 110463, 99.99th(us): 120831
READ   - Takes(s): 229.9, Count: 5101, OPS: 22.2, Avg(us): 120375, Min(us): 53920, Max(us): 152703, 50th(us): 120575, 90th(us): 129791, 95th(us): 132863, 99th(us): 139647, 99.9th(us): 147071, 99.99th(us): 151551
READ_ERROR - Takes(s): 229.9, Count: 4158, OPS: 18.1, Avg(us): 120603, Min(us): 52288, Max(us): 159359, 50th(us): 120959, 90th(us): 130111, 95th(us): 133247, 99th(us): 139519, 99.9th(us): 149631, 99.99th(us): 159359
TOTAL  - Takes(s): 229.9, Count: 5607, OPS: 24.4, Avg(us): 115602, Min(us): 51040, Max(us): 152703, 50th(us): 119807, 90th(us): 129215, 95th(us): 132479, 99th(us): 139263, 99.9th(us): 146559, 99.99th(us): 151551
INSERT - Takes(s): 239.8, Count: 526, OPS: 2.2, Avg(us): 67261, Min(us): 51040, Max(us): 120831, 50th(us): 63743, 90th(us): 87551, 95th(us): 95039, 99th(us): 106239, 99.9th(us): 110463, 99.99th(us): 120831
READ   - Takes(s): 239.9, Count: 5365, OPS: 22.4, Avg(us): 120231, Min(us): 53920, Max(us): 152703, 50th(us): 120511, 90th(us): 129599, 95th(us): 132607, 99th(us): 139263, 99.9th(us): 147071, 99.99th(us): 151551
READ_ERROR - Takes(s): 239.9, Count: 4309, OPS: 18.0, Avg(us): 120505, Min(us): 52288, Max(us): 159359, 50th(us): 120831, 90th(us): 130047, 95th(us): 133119, 99th(us): 139391, 99.9th(us): 149631, 99.99th(us): 159359
TOTAL  - Takes(s): 239.9, Count: 5891, OPS: 24.6, Avg(us): 115501, Min(us): 51040, Max(us): 152703, 50th(us): 119679, 90th(us): 128959, 95th(us): 132223, 99th(us): 139135, 99.9th(us): 146559, 99.99th(us): 151551
INSERT - Takes(s): 249.8, Count: 550, OPS: 2.2, Avg(us): 67024, Min(us): 51040, Max(us): 120831, 50th(us): 63583, 90th(us): 86975, 95th(us): 94975, 99th(us): 106239, 99.9th(us): 110463, 99.99th(us): 120831
READ   - Takes(s): 249.9, Count: 5638, OPS: 22.6, Avg(us): 120093, Min(us): 53920, Max(us): 152703, 50th(us): 120319, 90th(us): 129279, 95th(us): 132479, 99th(us): 139263, 99.9th(us): 146559, 99.99th(us): 151551
READ_ERROR - Takes(s): 249.9, Count: 4448, OPS: 17.8, Avg(us): 120408, Min(us): 52288, Max(us): 159359, 50th(us): 120703, 90th(us): 129983, 95th(us): 132991, 99th(us): 139391, 99.9th(us): 149631, 99.99th(us): 159359
TOTAL  - Takes(s): 249.9, Count: 6188, OPS: 24.8, Avg(us): 115376, Min(us): 51040, Max(us): 152703, 50th(us): 119487, 90th(us): 128767, 95th(us): 132095, 99th(us): 139007, 99.9th(us): 146559, 99.99th(us): 151551
INSERT - Takes(s): 259.8, Count: 566, OPS: 2.2, Avg(us): 66854, Min(us): 51040, Max(us): 120831, 50th(us): 63519, 90th(us): 86463, 95th(us): 94783, 99th(us): 105599, 99.9th(us): 110463, 99.99th(us): 120831
READ   - Takes(s): 259.9, Count: 5888, OPS: 22.7, Avg(us): 119969, Min(us): 53920, Max(us): 152703, 50th(us): 120255, 90th(us): 129023, 95th(us): 132351, 99th(us): 139135, 99.9th(us): 146559, 99.99th(us): 151551
READ_ERROR - Takes(s): 259.9, Count: 4618, OPS: 17.8, Avg(us): 120300, Min(us): 52288, Max(us): 159359, 50th(us): 120575, 90th(us): 129791, 95th(us): 132863, 99th(us): 139263, 99.9th(us): 149375, 99.99th(us): 159359
TOTAL  - Takes(s): 259.9, Count: 6454, OPS: 24.8, Avg(us): 115311, Min(us): 51040, Max(us): 152703, 50th(us): 119295, 90th(us): 128639, 95th(us): 131839, 99th(us): 138495, 99.9th(us): 146559, 99.99th(us): 151551
INSERT - Takes(s): 269.8, Count: 584, OPS: 2.2, Avg(us): 66686, Min(us): 51040, Max(us): 120831, 50th(us): 63391, 90th(us): 86143, 95th(us): 94783, 99th(us): 105599, 99.9th(us): 110463, 99.99th(us): 120831
READ   - Takes(s): 269.9, Count: 6138, OPS: 22.7, Avg(us): 119888, Min(us): 53920, Max(us): 152703, 50th(us): 120191, 90th(us): 128831, 95th(us): 132223, 99th(us): 139007, 99.9th(us): 146559, 99.99th(us): 151551
READ_ERROR - Takes(s): 269.9, Count: 4780, OPS: 17.7, Avg(us): 120234, Min(us): 52288, Max(us): 159359, 50th(us): 120447, 90th(us): 129599, 95th(us): 132735, 99th(us): 139263, 99.9th(us): 149375, 99.99th(us): 159359
TOTAL  - Takes(s): 269.9, Count: 6722, OPS: 24.9, Avg(us): 115266, Min(us): 51040, Max(us): 152703, 50th(us): 119231, 90th(us): 128575, 95th(us): 131839, 99th(us): 138367, 99.9th(us): 146431, 99.99th(us): 151551
INSERT - Takes(s): 279.8, Count: 606, OPS: 2.2, Avg(us): 66554, Min(us): 51040, Max(us): 120831, 50th(us): 63423, 90th(us): 85823, 95th(us): 94719, 99th(us): 105599, 99.9th(us): 110463, 99.99th(us): 120831
READ   - Takes(s): 279.9, Count: 6412, OPS: 22.9, Avg(us): 119793, Min(us): 53920, Max(us): 152703, 50th(us): 120063, 90th(us): 128767, 95th(us): 131967, 99th(us): 138495, 99.9th(us): 146559, 99.99th(us): 151551
READ_ERROR - Takes(s): 279.9, Count: 4920, OPS: 17.6, Avg(us): 120176, Min(us): 52288, Max(us): 159359, 50th(us): 120319, 90th(us): 129535, 95th(us): 132607, 99th(us): 139135, 99.9th(us): 149375, 99.99th(us): 159359
TOTAL  - Takes(s): 279.9, Count: 7018, OPS: 25.1, Avg(us): 115196, Min(us): 51040, Max(us): 152703, 50th(us): 119103, 90th(us): 128447, 95th(us): 131583, 99th(us): 138239, 99.9th(us): 146431, 99.99th(us): 151551
INSERT - Takes(s): 289.8, Count: 627, OPS: 2.2, Avg(us): 66379, Min(us): 51040, Max(us): 120831, 50th(us): 63359, 90th(us): 85567, 95th(us): 94655, 99th(us): 105599, 99.9th(us): 110463, 99.99th(us): 120831
READ   - Takes(s): 289.9, Count: 6676, OPS: 23.0, Avg(us): 119794, Min(us): 53920, Max(us): 152703, 50th(us): 119999, 90th(us): 128703, 95th(us): 131839, 99th(us): 138367, 99.9th(us): 146431, 99.99th(us): 151551
READ_ERROR - Takes(s): 289.9, Count: 5061, OPS: 17.5, Avg(us): 120160, Min(us): 52288, Max(us): 159359, 50th(us): 120319, 90th(us): 129471, 95th(us): 132607, 99th(us): 139007, 99.9th(us): 149375, 99.99th(us): 159359
TOTAL  - Takes(s): 289.9, Count: 7303, OPS: 25.2, Avg(us): 115208, Min(us): 51040, Max(us): 152703, 50th(us): 119103, 90th(us): 128447, 95th(us): 131583, 99th(us): 138111, 99.9th(us): 146431, 99.99th(us): 151551
INSERT - Takes(s): 299.8, Count: 656, OPS: 2.2, Avg(us): 66188, Min(us): 51040, Max(us): 120831, 50th(us): 63327, 90th(us): 84223, 95th(us): 92735, 99th(us): 104959, 99.9th(us): 110463, 99.99th(us): 120831
READ   - Takes(s): 299.9, Count: 6941, OPS: 23.1, Avg(us): 119754, Min(us): 53920, Max(us): 152703, 50th(us): 119935, 90th(us): 128639, 95th(us): 131711, 99th(us): 138239, 99.9th(us): 146431, 99.99th(us): 151551
READ_ERROR - Takes(s): 299.9, Count: 5204, OPS: 17.4, Avg(us): 120124, Min(us): 52288, Max(us): 159359, 50th(us): 120319, 90th(us): 129279, 95th(us): 132479, 99th(us): 139007, 99.9th(us): 149375, 99.99th(us): 159359
TOTAL  - Takes(s): 299.9, Count: 7597, OPS: 25.3, Avg(us): 115129, Min(us): 51040, Max(us): 152703, 50th(us): 119039, 90th(us): 128319, 95th(us): 131327, 99th(us): 137983, 99.9th(us): 146303, 99.99th(us): 151551
INSERT - Takes(s): 309.8, Count: 680, OPS: 2.2, Avg(us): 66040, Min(us): 51040, Max(us): 120831, 50th(us): 63327, 90th(us): 82687, 95th(us): 92415, 99th(us): 104959, 99.9th(us): 110463, 99.99th(us): 120831
READ   - Takes(s): 309.9, Count: 7210, OPS: 23.3, Avg(us): 119751, Min(us): 53920, Max(us): 152703, 50th(us): 119935, 90th(us): 128575, 95th(us): 131711, 99th(us): 138239, 99.9th(us): 146431, 99.99th(us): 151551
READ_ERROR - Takes(s): 309.9, Count: 5340, OPS: 17.2, Avg(us): 120096, Min(us): 52288, Max(us): 159359, 50th(us): 120255, 90th(us): 129215, 95th(us): 132351, 99th(us): 138879, 99.9th(us): 149375, 99.99th(us): 159359
TOTAL  - Takes(s): 309.9, Count: 7890, OPS: 25.5, Avg(us): 115122, Min(us): 51040, Max(us): 152703, 50th(us): 119039, 90th(us): 128255, 95th(us): 131199, 99th(us): 137983, 99.9th(us): 146303, 99.99th(us): 151551
INSERT - Takes(s): 319.8, Count: 708, OPS: 2.2, Avg(us): 65880, Min(us): 51040, Max(us): 120831, 50th(us): 63295, 90th(us): 75839, 95th(us): 92351, 99th(us): 104959, 99.9th(us): 110463, 99.99th(us): 120831
READ   - Takes(s): 319.9, Count: 7481, OPS: 23.4, Avg(us): 119684, Min(us): 50848, Max(us): 152703, 50th(us): 119871, 90th(us): 128511, 95th(us): 131455, 99th(us): 138111, 99.9th(us): 146431, 99.99th(us): 151551
READ_ERROR - Takes(s): 319.9, Count: 5478, OPS: 17.1, Avg(us): 120034, Min(us): 52288, Max(us): 159359, 50th(us): 120255, 90th(us): 129087, 95th(us): 132223, 99th(us): 138751, 99.9th(us): 149375, 99.99th(us): 159359
TOTAL  - Takes(s): 319.9, Count: 8189, OPS: 25.6, Avg(us): 115032, Min(us): 50848, Max(us): 152703, 50th(us): 118975, 90th(us): 128127, 95th(us): 131007, 99th(us): 137855, 99.9th(us): 146303, 99.99th(us): 151551
INSERT - Takes(s): 329.8, Count: 724, OPS: 2.2, Avg(us): 65830, Min(us): 51040, Max(us): 120831, 50th(us): 63295, 90th(us): 75519, 95th(us): 92159, 99th(us): 104959, 99.9th(us): 110463, 99.99th(us): 120831
READ   - Takes(s): 329.9, Count: 7754, OPS: 23.5, Avg(us): 119657, Min(us): 50848, Max(us): 152703, 50th(us): 119871, 90th(us): 128383, 95th(us): 131327, 99th(us): 137983, 99.9th(us): 146303, 99.99th(us): 151551
READ_ERROR - Takes(s): 329.9, Count: 5617, OPS: 17.0, Avg(us): 120008, Min(us): 52288, Max(us): 159359, 50th(us): 120191, 90th(us): 128959, 95th(us): 132095, 99th(us): 138751, 99.9th(us): 147583, 99.99th(us): 159359
TOTAL  - Takes(s): 329.9, Count: 8478, OPS: 25.7, Avg(us): 115061, Min(us): 50848, Max(us): 152703, 50th(us): 118975, 90th(us): 128063, 95th(us): 130943, 99th(us): 137855, 99.9th(us): 146303, 99.99th(us): 151551
INSERT - Takes(s): 339.8, Count: 745, OPS: 2.2, Avg(us): 65726, Min(us): 51040, Max(us): 120831, 50th(us): 63295, 90th(us): 74751, 95th(us): 91647, 99th(us): 104959, 99.9th(us): 110463, 99.99th(us): 120831
READ   - Takes(s): 339.9, Count: 8036, OPS: 23.6, Avg(us): 119631, Min(us): 50848, Max(us): 152703, 50th(us): 119807, 90th(us): 128319, 95th(us): 131199, 99th(us): 137983, 99.9th(us): 146303, 99.99th(us): 151551
READ_ERROR - Takes(s): 339.9, Count: 5744, OPS: 16.9, Avg(us): 119996, Min(us): 52288, Max(us): 159359, 50th(us): 120191, 90th(us): 128895, 95th(us): 131967, 99th(us): 138623, 99.9th(us): 147583, 99.99th(us): 159359
TOTAL  - Takes(s): 339.9, Count: 8781, OPS: 25.8, Avg(us): 115057, Min(us): 50848, Max(us): 152703, 50th(us): 118975, 90th(us): 127935, 95th(us): 130815, 99th(us): 137727, 99.9th(us): 145535, 99.99th(us): 151551
INSERT - Takes(s): 349.8, Count: 764, OPS: 2.2, Avg(us): 65627, Min(us): 51040, Max(us): 120831, 50th(us): 63263, 90th(us): 73663, 95th(us): 91519, 99th(us): 103615, 99.9th(us): 110463, 99.99th(us): 120831
READ   - Takes(s): 349.9, Count: 8303, OPS: 23.7, Avg(us): 119606, Min(us): 50848, Max(us): 152703, 50th(us): 119807, 90th(us): 128255, 95th(us): 131007, 99th(us): 137855, 99.9th(us): 146303, 99.99th(us): 151551
READ_ERROR - Takes(s): 349.9, Count: 5889, OPS: 16.8, Avg(us): 119945, Min(us): 52288, Max(us): 159359, 50th(us): 120127, 90th(us): 128831, 95th(us): 131839, 99th(us): 138495, 99.9th(us): 147583, 99.99th(us): 159359
TOTAL  - Takes(s): 349.9, Count: 9067, OPS: 25.9, Avg(us): 115057, Min(us): 50848, Max(us): 152703, 50th(us): 118911, 90th(us): 127871, 95th(us): 130751, 99th(us): 137599, 99.9th(us): 145535, 99.99th(us): 151551
INSERT - Takes(s): 359.8, Count: 782, OPS: 2.2, Avg(us): 65537, Min(us): 51040, Max(us): 120831, 50th(us): 63263, 90th(us): 73471, 95th(us): 91455, 99th(us): 103615, 99.9th(us): 110463, 99.99th(us): 120831
READ   - Takes(s): 359.9, Count: 8590, OPS: 23.9, Avg(us): 119593, Min(us): 50848, Max(us): 152703, 50th(us): 119743, 90th(us): 128191, 95th(us): 130943, 99th(us): 137855, 99.9th(us): 145535, 99.99th(us): 151551
READ_ERROR - Takes(s): 359.9, Count: 6012, OPS: 16.7, Avg(us): 119909, Min(us): 52288, Max(us): 159359, 50th(us): 120063, 90th(us): 128767, 95th(us): 131839, 99th(us): 138495, 99.9th(us): 147583, 99.99th(us): 159359
TOTAL  - Takes(s): 359.9, Count: 9372, OPS: 26.0, Avg(us): 115083, Min(us): 50848, Max(us): 152703, 50th(us): 118911, 90th(us): 127807, 95th(us): 130687, 99th(us): 137343, 99.9th(us): 145535, 99.99th(us): 151551
INSERT - Takes(s): 369.8, Count: 808, OPS: 2.2, Avg(us): 65436, Min(us): 51040, Max(us): 120831, 50th(us): 63231, 90th(us): 72639, 95th(us): 90559, 99th(us): 103615, 99.9th(us): 110463, 99.99th(us): 120831
READ   - Takes(s): 369.9, Count: 8863, OPS: 24.0, Avg(us): 119556, Min(us): 50848, Max(us): 152703, 50th(us): 119743, 90th(us): 128191, 95th(us): 130879, 99th(us): 137727, 99.9th(us): 145535, 99.99th(us): 151551
READ_ERROR - Takes(s): 369.9, Count: 6148, OPS: 16.6, Avg(us): 119865, Min(us): 52288, Max(us): 159359, 50th(us): 120063, 90th(us): 128703, 95th(us): 131583, 99th(us): 138495, 99.9th(us): 147583, 99.99th(us): 159359
TOTAL  - Takes(s): 369.9, Count: 9671, OPS: 26.1, Avg(us): 115035, Min(us): 50848, Max(us): 152703, 50th(us): 118911, 90th(us): 127807, 95th(us): 130623, 99th(us): 137087, 99.9th(us): 145279, 99.99th(us): 151551
INSERT - Takes(s): 379.8, Count: 833, OPS: 2.2, Avg(us): 65335, Min(us): 51040, Max(us): 120831, 50th(us): 63167, 90th(us): 72575, 95th(us): 89919, 99th(us): 103615, 99.9th(us): 110463, 99.99th(us): 120831
READ   - Takes(s): 379.9, Count: 9142, OPS: 24.1, Avg(us): 119475, Min(us): 50848, Max(us): 152703, 50th(us): 119679, 90th(us): 128063, 95th(us): 130815, 99th(us): 137599, 99.9th(us): 145535, 99.99th(us): 151551
READ_ERROR - Takes(s): 379.9, Count: 6284, OPS: 16.5, Avg(us): 119812, Min(us): 52288, Max(us): 159359, 50th(us): 119999, 90th(us): 128575, 95th(us): 131583, 99th(us): 138367, 99.9th(us): 147583, 99.99th(us): 159359
TOTAL  - Takes(s): 379.9, Count: 9975, OPS: 26.3, Avg(us): 114954, Min(us): 50848, Max(us): 152703, 50th(us): 118847, 90th(us): 127743, 95th(us): 130495, 99th(us): 136959, 99.9th(us): 145279, 99.99th(us): 151551
INSERT - Takes(s): 389.8, Count: 854, OPS: 2.2, Avg(us): 65248, Min(us): 51040, Max(us): 120831, 50th(us): 63135, 90th(us): 72127, 95th(us): 89791, 99th(us): 103103, 99.9th(us): 110463, 99.99th(us): 120831
READ   - Takes(s): 389.9, Count: 9406, OPS: 24.1, Avg(us): 119475, Min(us): 50848, Max(us): 152703, 50th(us): 119679, 90th(us): 128063, 95th(us): 130751, 99th(us): 137343, 99.9th(us): 145535, 99.99th(us): 151551
READ_ERROR - Takes(s): 389.9, Count: 6428, OPS: 16.5, Avg(us): 119814, Min(us): 52288, Max(us): 159359, 50th(us): 119999, 90th(us): 128575, 95th(us): 131583, 99th(us): 138367, 99.9th(us): 147583, 99.99th(us): 159359
TOTAL  - Takes(s): 389.9, Count: 10260, OPS: 26.3, Avg(us): 114961, Min(us): 50848, Max(us): 152703, 50th(us): 118911, 90th(us): 127679, 95th(us): 130431, 99th(us): 136831, 99.9th(us): 145279, 99.99th(us): 151551
INSERT - Takes(s): 399.8, Count: 877, OPS: 2.2, Avg(us): 65184, Min(us): 51040, Max(us): 120831, 50th(us): 63135, 90th(us): 71679, 95th(us): 89727, 99th(us): 103103, 99.9th(us): 110463, 99.99th(us): 120831
READ   - Takes(s): 399.9, Count: 9675, OPS: 24.2, Avg(us): 119463, Min(us): 50848, Max(us): 152703, 50th(us): 119679, 90th(us): 127935, 95th(us): 130687, 99th(us): 137087, 99.9th(us): 145279, 99.99th(us): 151551
READ_ERROR - Takes(s): 399.9, Count: 6566, OPS: 16.4, Avg(us): 119783, Min(us): 52288, Max(us): 159359, 50th(us): 119999, 90th(us): 128511, 95th(us): 131455, 99th(us): 138239, 99.9th(us): 146303, 99.99th(us): 159359
TOTAL  - Takes(s): 399.9, Count: 10552, OPS: 26.4, Avg(us): 114951, Min(us): 50848, Max(us): 152703, 50th(us): 118847, 90th(us): 127679, 95th(us): 130303, 99th(us): 136831, 99.9th(us): 145279, 99.99th(us): 151551
INSERT - Takes(s): 409.8, Count: 903, OPS: 2.2, Avg(us): 65067, Min(us): 51040, Max(us): 120831, 50th(us): 63103, 90th(us): 71615, 95th(us): 89599, 99th(us): 103103, 99.9th(us): 110463, 99.99th(us): 120831
READ   - Takes(s): 409.9, Count: 9950, OPS: 24.3, Avg(us): 119386, Min(us): 50848, Max(us): 152703, 50th(us): 119615, 90th(us): 127871, 95th(us): 130559, 99th(us): 136959, 99.9th(us): 145279, 99.99th(us): 151551
READ_ERROR - Takes(s): 409.9, Count: 6707, OPS: 16.4, Avg(us): 119717, Min(us): 52288, Max(us): 159359, 50th(us): 119871, 90th(us): 128447, 95th(us): 131327, 99th(us): 138239, 99.9th(us): 146303, 99.99th(us): 159359
TOTAL  - Takes(s): 409.9, Count: 10853, OPS: 26.5, Avg(us): 114867, Min(us): 50848, Max(us): 152703, 50th(us): 118783, 90th(us): 127551, 95th(us): 130239, 99th(us): 136703, 99.9th(us): 145279, 99.99th(us): 151551
INSERT - Takes(s): 419.8, Count: 918, OPS: 2.2, Avg(us): 64963, Min(us): 51040, Max(us): 120831, 50th(us): 63007, 90th(us): 71295, 95th(us): 89535, 99th(us): 103103, 99.9th(us): 110463, 99.99th(us): 120831
READ   - Takes(s): 419.9, Count: 10242, OPS: 24.4, Avg(us): 119348, Min(us): 50848, Max(us): 152703, 50th(us): 119551, 90th(us): 127807, 95th(us): 130431, 99th(us): 136831, 99.9th(us): 145279, 99.99th(us): 151551
READ_ERROR - Takes(s): 419.9, Count: 6831, OPS: 16.3, Avg(us): 119663, Min(us): 52288, Max(us): 159359, 50th(us): 119807, 90th(us): 128383, 95th(us): 131199, 99th(us): 138239, 99.9th(us): 146303, 99.99th(us): 159359
TOTAL  - Takes(s): 419.9, Count: 11160, OPS: 26.6, Avg(us): 114874, Min(us): 50848, Max(us): 152703, 50th(us): 118783, 90th(us): 127487, 95th(us): 130175, 99th(us): 136703, 99.9th(us): 145279, 99.99th(us): 151551
INSERT - Takes(s): 429.8, Count: 940, OPS: 2.2, Avg(us): 64870, Min(us): 51040, Max(us): 120831, 50th(us): 62943, 90th(us): 70911, 95th(us): 89535, 99th(us): 103103, 99.9th(us): 110463, 99.99th(us): 120831
READ   - Takes(s): 429.9, Count: 10507, OPS: 24.4, Avg(us): 119332, Min(us): 50848, Max(us): 152703, 50th(us): 119487, 90th(us): 127743, 95th(us): 130367, 99th(us): 136831, 99.9th(us): 145279, 99.99th(us): 151551
READ_ERROR - Takes(s): 429.9, Count: 6976, OPS: 16.2, Avg(us): 119651, Min(us): 52288, Max(us): 159359, 50th(us): 119807, 90th(us): 128319, 95th(us): 131199, 99th(us): 138239, 99.9th(us): 146303, 99.99th(us): 159359
TOTAL  - Takes(s): 429.9, Count: 11447, OPS: 26.6, Avg(us): 114860, Min(us): 50848, Max(us): 152703, 50th(us): 118719, 90th(us): 127423, 95th(us): 130111, 99th(us): 136575, 99.9th(us): 145279, 99.99th(us): 151551
INSERT - Takes(s): 439.8, Count: 957, OPS: 2.2, Avg(us): 64806, Min(us): 51040, Max(us): 120831, 50th(us): 62911, 90th(us): 70399, 95th(us): 89151, 99th(us): 101055, 99.9th(us): 110463, 99.99th(us): 120831
READ   - Takes(s): 439.9, Count: 10779, OPS: 24.5, Avg(us): 119302, Min(us): 50848, Max(us): 152703, 50th(us): 119487, 90th(us): 127679, 95th(us): 130303, 99th(us): 136703, 99.9th(us): 145279, 99.99th(us): 151551
READ_ERROR - Takes(s): 439.9, Count: 7119, OPS: 16.2, Avg(us): 119617, Min(us): 52288, Max(us): 159359, 50th(us): 119807, 90th(us): 128319, 95th(us): 131071, 99th(us): 138111, 99.9th(us): 146303, 99.99th(us): 159359
TOTAL  - Takes(s): 439.9, Count: 11736, OPS: 26.7, Avg(us): 114858, Min(us): 50848, Max(us): 152703, 50th(us): 118719, 90th(us): 127423, 95th(us): 130047, 99th(us): 136447, 99.9th(us): 145151, 99.99th(us): 151551
INSERT - Takes(s): 449.8, Count: 980, OPS: 2.2, Avg(us): 64778, Min(us): 51040, Max(us): 120831, 50th(us): 62943, 90th(us): 69951, 95th(us): 88831, 99th(us): 101055, 99.9th(us): 110463, 99.99th(us): 120831
READ   - Takes(s): 449.9, Count: 11058, OPS: 24.6, Avg(us): 119257, Min(us): 50848, Max(us): 152703, 50th(us): 119423, 90th(us): 127679, 95th(us): 130239, 99th(us): 136703, 99.9th(us): 145279, 99.99th(us): 151551
READ_ERROR - Takes(s): 449.9, Count: 7253, OPS: 16.1, Avg(us): 119578, Min(us): 52288, Max(us): 159359, 50th(us): 119743, 90th(us): 128319, 95th(us): 131071, 99th(us): 138111, 99.9th(us): 146303, 99.99th(us): 159359
TOTAL  - Takes(s): 449.9, Count: 12038, OPS: 26.8, Avg(us): 114822, Min(us): 50848, Max(us): 152703, 50th(us): 118719, 90th(us): 127359, 95th(us): 129919, 99th(us): 136319, 99.9th(us): 145151, 99.99th(us): 151551
INSERT - Takes(s): 459.8, Count: 1005, OPS: 2.2, Avg(us): 64701, Min(us): 51040, Max(us): 120831, 50th(us): 62911, 90th(us): 69887, 95th(us): 88511, 99th(us): 101055, 99.9th(us): 110463, 99.99th(us): 120831
READ   - Takes(s): 459.9, Count: 11343, OPS: 24.7, Avg(us): 119242, Min(us): 50848, Max(us): 152703, 50th(us): 119423, 90th(us): 127615, 95th(us): 130239, 99th(us): 136575, 99.9th(us): 145279, 99.99th(us): 151551
READ_ERROR - Takes(s): 459.9, Count: 7376, OPS: 16.0, Avg(us): 119572, Min(us): 52288, Max(us): 159359, 50th(us): 119743, 90th(us): 128255, 95th(us): 130943, 99th(us): 138111, 99.9th(us): 146303, 99.99th(us): 159359
TOTAL  - Takes(s): 459.9, Count: 12348, OPS: 26.9, Avg(us): 114802, Min(us): 50848, Max(us): 152703, 50th(us): 118655, 90th(us): 127295, 95th(us): 129919, 99th(us): 135935, 99.9th(us): 145151, 99.99th(us): 151551
INSERT - Takes(s): 469.8, Count: 1017, OPS: 2.2, Avg(us): 64675, Min(us): 51040, Max(us): 120831, 50th(us): 62879, 90th(us): 69695, 95th(us): 88319, 99th(us): 101055, 99.9th(us): 110463, 99.99th(us): 120831
READ   - Takes(s): 469.9, Count: 11634, OPS: 24.8, Avg(us): 119243, Min(us): 50848, Max(us): 152703, 50th(us): 119423, 90th(us): 127551, 95th(us): 130111, 99th(us): 136447, 99.9th(us): 145151, 99.99th(us): 151551
READ_ERROR - Takes(s): 469.9, Count: 7498, OPS: 16.0, Avg(us): 119566, Min(us): 52288, Max(us): 159359, 50th(us): 119743, 90th(us): 128255, 95th(us): 130879, 99th(us): 137983, 99.9th(us): 146303, 99.99th(us): 159359
TOTAL  - Takes(s): 469.9, Count: 12651, OPS: 26.9, Avg(us): 114856, Min(us): 50848, Max(us): 152703, 50th(us): 118719, 90th(us): 127295, 95th(us): 129791, 99th(us): 135551, 99.9th(us): 143743, 99.99th(us): 151551
INSERT - Takes(s): 479.8, Count: 1041, OPS: 2.2, Avg(us): 64598, Min(us): 51040, Max(us): 120831, 50th(us): 62847, 90th(us): 69503, 95th(us): 87871, 99th(us): 101055, 99.9th(us): 110463, 99.99th(us): 120831
READ   - Takes(s): 479.9, Count: 11928, OPS: 24.9, Avg(us): 119216, Min(us): 50848, Max(us): 152703, 50th(us): 119423, 90th(us): 127487, 95th(us): 130047, 99th(us): 136447, 99.9th(us): 145151, 99.99th(us): 151551
READ_ERROR - Takes(s): 479.9, Count: 7616, OPS: 15.9, Avg(us): 119536, Min(us): 52288, Max(us): 159359, 50th(us): 119679, 90th(us): 128191, 95th(us): 130879, 99th(us): 137983, 99.9th(us): 145407, 99.99th(us): 159359
TOTAL  - Takes(s): 479.9, Count: 12969, OPS: 27.0, Avg(us): 114832, Min(us): 50848, Max(us): 152703, 50th(us): 118655, 90th(us): 127231, 95th(us): 129791, 99th(us): 135551, 99.9th(us): 143743, 99.99th(us): 151551
INSERT - Takes(s): 489.8, Count: 1057, OPS: 2.2, Avg(us): 64546, Min(us): 51040, Max(us): 120831, 50th(us): 62815, 90th(us): 69439, 95th(us): 87551, 99th(us): 100991, 99.9th(us): 110463, 99.99th(us): 120831
READ   - Takes(s): 489.9, Count: 12206, OPS: 24.9, Avg(us): 119197, Min(us): 50848, Max(us): 152703, 50th(us): 119423, 90th(us): 127487, 95th(us): 130047, 99th(us): 136063, 99.9th(us): 145151, 99.99th(us): 151551
READ_ERROR - Takes(s): 489.9, Count: 7752, OPS: 15.8, Avg(us): 119512, Min(us): 52288, Max(us): 159359, 50th(us): 119679, 90th(us): 128127, 95th(us): 130815, 99th(us): 137983, 99.9th(us): 145407, 99.99th(us): 159359
TOTAL  - Takes(s): 489.9, Count: 13263, OPS: 27.1, Avg(us): 114842, Min(us): 50848, Max(us): 152703, 50th(us): 118655, 90th(us): 127167, 95th(us): 129663, 99th(us): 135423, 99.9th(us): 143743, 99.99th(us): 151551
INSERT - Takes(s): 499.8, Count: 1081, OPS: 2.2, Avg(us): 64498, Min(us): 51040, Max(us): 120831, 50th(us): 62815, 90th(us): 69183, 95th(us): 87551, 99th(us): 100991, 99.9th(us): 110463, 99.99th(us): 120831
READ   - Takes(s): 499.9, Count: 12490, OPS: 25.0, Avg(us): 119151, Min(us): 50848, Max(us): 152703, 50th(us): 119359, 90th(us): 127423, 95th(us): 129983, 99th(us): 135807, 99.9th(us): 145151, 99.99th(us): 151551
READ_ERROR - Takes(s): 499.9, Count: 7880, OPS: 15.8, Avg(us): 119476, Min(us): 52288, Max(us): 159359, 50th(us): 119615, 90th(us): 128127, 95th(us): 130815, 99th(us): 137727, 99.9th(us): 145407, 99.99th(us): 159359
TOTAL  - Takes(s): 499.9, Count: 13571, OPS: 27.1, Avg(us): 114798, Min(us): 50848, Max(us): 152703, 50th(us): 118655, 90th(us): 127103, 95th(us): 129663, 99th(us): 135423, 99.9th(us): 143615, 99.99th(us): 151551
INSERT - Takes(s): 509.8, Count: 1092, OPS: 2.1, Avg(us): 64473, Min(us): 51040, Max(us): 120831, 50th(us): 62783, 90th(us): 69183, 95th(us): 87039, 99th(us): 100991, 99.9th(us): 110463, 99.99th(us): 120831
READ   - Takes(s): 509.9, Count: 12780, OPS: 25.1, Avg(us): 119122, Min(us): 50848, Max(us): 152703, 50th(us): 119295, 90th(us): 127359, 95th(us): 129855, 99th(us): 135551, 99.9th(us): 143743, 99.99th(us): 151551
READ_ERROR - Takes(s): 509.9, Count: 8010, OPS: 15.7, Avg(us): 119448, Min(us): 52288, Max(us): 159359, 50th(us): 119551, 90th(us): 128063, 95th(us): 130751, 99th(us): 137727, 99.9th(us): 145407, 99.99th(us): 159359
TOTAL  - Takes(s): 509.9, Count: 13872, OPS: 27.2, Avg(us): 114820, Min(us): 50848, Max(us): 152703, 50th(us): 118655, 90th(us): 127039, 95th(us): 129599, 99th(us): 135295, 99.9th(us): 143615, 99.99th(us): 151551
INSERT - Takes(s): 519.8, Count: 1111, OPS: 2.1, Avg(us): 64399, Min(us): 51040, Max(us): 120831, 50th(us): 62719, 90th(us): 68991, 95th(us): 86975, 99th(us): 100991, 99.9th(us): 110463, 99.99th(us): 120831
READ   - Takes(s): 519.9, Count: 13062, OPS: 25.1, Avg(us): 119095, Min(us): 50848, Max(us): 152703, 50th(us): 119295, 90th(us): 127359, 95th(us): 129791, 99th(us): 135551, 99.9th(us): 143743, 99.99th(us): 151551
READ_ERROR - Takes(s): 519.9, Count: 8142, OPS: 15.7, Avg(us): 119435, Min(us): 52288, Max(us): 159359, 50th(us): 119551, 90th(us): 128063, 95th(us): 130751, 99th(us): 137599, 99.9th(us): 145407, 99.99th(us): 159359
TOTAL  - Takes(s): 519.9, Count: 14173, OPS: 27.3, Avg(us): 114807, Min(us): 50848, Max(us): 152703, 50th(us): 118591, 90th(us): 127039, 95th(us): 129471, 99th(us): 135167, 99.9th(us): 143615, 99.99th(us): 151551
INSERT - Takes(s): 529.8, Count: 1130, OPS: 2.1, Avg(us): 64366, Min(us): 51040, Max(us): 120831, 50th(us): 62751, 90th(us): 68799, 95th(us): 86975, 99th(us): 100991, 99.9th(us): 110463, 99.99th(us): 120831
READ   - Takes(s): 529.9, Count: 13352, OPS: 25.2, Avg(us): 119088, Min(us): 50848, Max(us): 152703, 50th(us): 119295, 90th(us): 127295, 95th(us): 129791, 99th(us): 135423, 99.9th(us): 143743, 99.99th(us): 151551
READ_ERROR - Takes(s): 529.9, Count: 8261, OPS: 15.6, Avg(us): 119426, Min(us): 52288, Max(us): 159359, 50th(us): 119487, 90th(us): 127999, 95th(us): 130687, 99th(us): 137599, 99.9th(us): 145407, 99.99th(us): 159359
TOTAL  - Takes(s): 529.9, Count: 14482, OPS: 27.3, Avg(us): 114819, Min(us): 50848, Max(us): 152703, 50th(us): 118591, 90th(us): 127039, 95th(us): 129471, 99th(us): 135039, 99.9th(us): 143615, 99.99th(us): 151551
INSERT - Takes(s): 539.8, Count: 1152, OPS: 2.1, Avg(us): 64309, Min(us): 51040, Max(us): 120831, 50th(us): 62719, 90th(us): 68479, 95th(us): 86463, 99th(us): 100863, 99.9th(us): 110463, 99.99th(us): 120831
READ   - Takes(s): 539.9, Count: 13651, OPS: 25.3, Avg(us): 119029, Min(us): 50848, Max(us): 152703, 50th(us): 119231, 90th(us): 127295, 95th(us): 129663, 99th(us): 135423, 99.9th(us): 143615, 99.99th(us): 151551
READ_ERROR - Takes(s): 539.9, Count: 8380, OPS: 15.5, Avg(us): 119393, Min(us): 52288, Max(us): 159359, 50th(us): 119487, 90th(us): 127999, 95th(us): 130623, 99th(us): 137599, 99.9th(us): 145407, 99.99th(us): 159359
TOTAL  - Takes(s): 539.9, Count: 14803, OPS: 27.4, Avg(us): 114771, Min(us): 50848, Max(us): 152703, 50th(us): 118591, 90th(us): 126911, 95th(us): 129343, 99th(us): 135039, 99.9th(us): 143487, 99.99th(us): 151551
INSERT - Takes(s): 549.8, Count: 1177, OPS: 2.1, Avg(us): 64260, Min(us): 51040, Max(us): 120831, 50th(us): 62719, 90th(us): 68287, 95th(us): 86143, 99th(us): 100863, 99.9th(us): 110463, 99.99th(us): 120831
READ   - Takes(s): 549.9, Count: 13934, OPS: 25.3, Avg(us): 118998, Min(us): 50848, Max(us): 152703, 50th(us): 119167, 90th(us): 127231, 95th(us): 129663, 99th(us): 135295, 99.9th(us): 143615, 99.99th(us): 151551
READ_ERROR - Takes(s): 549.9, Count: 8508, OPS: 15.5, Avg(us): 119376, Min(us): 52288, Max(us): 159359, 50th(us): 119487, 90th(us): 127935, 95th(us): 130623, 99th(us): 137471, 99.9th(us): 145279, 99.99th(us): 159359
TOTAL  - Takes(s): 549.9, Count: 15111, OPS: 27.5, Avg(us): 114734, Min(us): 50848, Max(us): 152703, 50th(us): 118527, 90th(us): 126847, 95th(us): 129279, 99th(us): 135039, 99.9th(us): 143487, 99.99th(us): 149759
INSERT - Takes(s): 559.8, Count: 1199, OPS: 2.1, Avg(us): 64217, Min(us): 51040, Max(us): 120831, 50th(us): 62687, 90th(us): 68223, 95th(us): 85887, 99th(us): 100863, 99.9th(us): 110463, 99.99th(us): 120831
READ   - Takes(s): 559.9, Count: 14218, OPS: 25.4, Avg(us): 118984, Min(us): 50848, Max(us): 152703, 50th(us): 119167, 90th(us): 127167, 95th(us): 129599, 99th(us): 135167, 99.9th(us): 143615, 99.99th(us): 151551
READ_ERROR - Takes(s): 559.9, Count: 8637, OPS: 15.4, Avg(us): 119359, Min(us): 52288, Max(us): 159359, 50th(us): 119487, 90th(us): 127871, 95th(us): 130559, 99th(us): 137471, 99.9th(us): 145279, 99.99th(us): 159359
TOTAL  - Takes(s): 559.9, Count: 15417, OPS: 27.5, Avg(us): 114724, Min(us): 50848, Max(us): 152703, 50th(us): 118527, 90th(us): 126847, 95th(us): 129215, 99th(us): 135039, 99.9th(us): 143487, 99.99th(us): 149759
INSERT - Takes(s): 569.8, Count: 1223, OPS: 2.1, Avg(us): 64163, Min(us): 51040, Max(us): 120831, 50th(us): 62655, 90th(us): 68159, 95th(us): 85887, 99th(us): 100863, 99.9th(us): 110463, 99.99th(us): 120831
READ   - Takes(s): 569.9, Count: 14522, OPS: 25.5, Avg(us): 118938, Min(us): 50848, Max(us): 152703, 50th(us): 119167, 90th(us): 127103, 95th(us): 129471, 99th(us): 135039, 99.9th(us): 143487, 99.99th(us): 151551
READ_ERROR - Takes(s): 569.9, Count: 8747, OPS: 15.3, Avg(us): 119340, Min(us): 52288, Max(us): 159359, 50th(us): 119487, 90th(us): 127871, 95th(us): 130559, 99th(us): 137215, 99.9th(us): 145279, 99.99th(us): 159359
TOTAL  - Takes(s): 569.9, Count: 15745, OPS: 27.6, Avg(us): 114683, Min(us): 50848, Max(us): 152703, 50th(us): 118527, 90th(us): 126847, 95th(us): 129151, 99th(us): 134911, 99.9th(us): 143487, 99.99th(us): 149759
INSERT - Takes(s): 579.8, Count: 1240, OPS: 2.1, Avg(us): 64143, Min(us): 51040, Max(us): 120831, 50th(us): 62655, 90th(us): 68031, 95th(us): 85823, 99th(us): 100863, 99.9th(us): 110463, 99.99th(us): 120831
READ   - Takes(s): 579.9, Count: 14812, OPS: 25.5, Avg(us): 118925, Min(us): 50848, Max(us): 152703, 50th(us): 119167, 90th(us): 127103, 95th(us): 129471, 99th(us): 135039, 99.9th(us): 143487, 99.99th(us): 151551
READ_ERROR - Takes(s): 579.9, Count: 8872, OPS: 15.3, Avg(us): 119318, Min(us): 52288, Max(us): 159359, 50th(us): 119487, 90th(us): 127871, 95th(us): 130431, 99th(us): 137215, 99.9th(us): 145279, 99.99th(us): 159359
TOTAL  - Takes(s): 579.9, Count: 16052, OPS: 27.7, Avg(us): 114694, Min(us): 50848, Max(us): 152703, 50th(us): 118527, 90th(us): 126783, 95th(us): 129087, 99th(us): 134911, 99.9th(us): 143487, 99.99th(us): 149759
INSERT - Takes(s): 589.8, Count: 1261, OPS: 2.1, Avg(us): 64096, Min(us): 51040, Max(us): 120831, 50th(us): 62655, 90th(us): 67903, 95th(us): 85567, 99th(us): 100671, 99.9th(us): 110463, 99.99th(us): 120831
READ   - Takes(s): 589.9, Count: 15109, OPS: 25.6, Avg(us): 118887, Min(us): 50848, Max(us): 152703, 50th(us): 119103, 90th(us): 127039, 95th(us): 129407, 99th(us): 135039, 99.9th(us): 143487, 99.99th(us): 149759
READ_ERROR - Takes(s): 589.9, Count: 8989, OPS: 15.2, Avg(us): 119304, Min(us): 52288, Max(us): 159359, 50th(us): 119423, 90th(us): 127807, 95th(us): 130367, 99th(us): 137215, 99.9th(us): 145279, 99.99th(us): 159359
TOTAL  - Takes(s): 589.9, Count: 16370, OPS: 27.8, Avg(us): 114666, Min(us): 50848, Max(us): 152703, 50th(us): 118463, 90th(us): 126719, 95th(us): 129087, 99th(us): 134783, 99.9th(us): 143487, 99.99th(us): 149759
INSERT - Takes(s): 599.8, Count: 1280, OPS: 2.1, Avg(us): 64074, Min(us): 51040, Max(us): 120831, 50th(us): 62623, 90th(us): 67903, 95th(us): 85567, 99th(us): 100671, 99.9th(us): 110463, 99.99th(us): 120831
READ   - Takes(s): 599.9, Count: 15401, OPS: 25.7, Avg(us): 118871, Min(us): 50848, Max(us): 152703, 50th(us): 119103, 90th(us): 127039, 95th(us): 129343, 99th(us): 135039, 99.9th(us): 143487, 99.99th(us): 149759
READ_ERROR - Takes(s): 599.9, Count: 9108, OPS: 15.2, Avg(us): 119289, Min(us): 52288, Max(us): 159359, 50th(us): 119423, 90th(us): 127807, 95th(us): 130303, 99th(us): 137215, 99.9th(us): 145279, 99.99th(us): 159359
TOTAL  - Takes(s): 599.9, Count: 16681, OPS: 27.8, Avg(us): 114666, Min(us): 50848, Max(us): 152703, 50th(us): 118463, 90th(us): 126719, 95th(us): 129023, 99th(us): 134783, 99.9th(us): 143487, 99.99th(us): 149759
INSERT - Takes(s): 609.8, Count: 1311, OPS: 2.2, Avg(us): 64025, Min(us): 51040, Max(us): 120831, 50th(us): 62623, 90th(us): 67775, 95th(us): 84799, 99th(us): 100671, 99.9th(us): 110463, 99.99th(us): 120831
READ   - Takes(s): 609.9, Count: 15676, OPS: 25.7, Avg(us): 118864, Min(us): 50848, Max(us): 152703, 50th(us): 119103, 90th(us): 126975, 95th(us): 129279, 99th(us): 134911, 99.9th(us): 143487, 99.99th(us): 149759
READ_ERROR - Takes(s): 609.9, Count: 9240, OPS: 15.1, Avg(us): 119279, Min(us): 52288, Max(us): 159359, 50th(us): 119423, 90th(us): 127743, 95th(us): 130239, 99th(us): 137087, 99.9th(us): 145279, 99.99th(us): 159359
TOTAL  - Takes(s): 609.9, Count: 16987, OPS: 27.9, Avg(us): 114631, Min(us): 50848, Max(us): 152703, 50th(us): 118399, 90th(us): 126719, 95th(us): 129023, 99th(us): 134655, 99.9th(us): 143487, 99.99th(us): 149759
INSERT - Takes(s): 619.8, Count: 1338, OPS: 2.2, Avg(us): 63966, Min(us): 51040, Max(us): 120831, 50th(us): 62623, 90th(us): 67775, 95th(us): 84223, 99th(us): 100671, 99.9th(us): 110463, 99.99th(us): 120831
READ   - Takes(s): 619.9, Count: 15987, OPS: 25.8, Avg(us): 118809, Min(us): 50848, Max(us): 152703, 50th(us): 119039, 90th(us): 126975, 95th(us): 129215, 99th(us): 134911, 99.9th(us): 143487, 99.99th(us): 149759
READ_ERROR - Takes(s): 619.9, Count: 9344, OPS: 15.1, Avg(us): 119263, Min(us): 52288, Max(us): 159359, 50th(us): 119423, 90th(us): 127743, 95th(us): 130239, 99th(us): 136959, 99.9th(us): 145279, 99.99th(us): 159359
TOTAL  - Takes(s): 619.9, Count: 17325, OPS: 27.9, Avg(us): 114574, Min(us): 50848, Max(us): 152703, 50th(us): 118399, 90th(us): 126655, 95th(us): 128959, 99th(us): 134655, 99.9th(us): 143487, 99.99th(us): 149759
INSERT - Takes(s): 629.8, Count: 1364, OPS: 2.2, Avg(us): 63930, Min(us): 51040, Max(us): 120831, 50th(us): 62623, 90th(us): 67711, 95th(us): 83903, 99th(us): 99711, 99.9th(us): 110463, 99.99th(us): 120831
READ   - Takes(s): 629.9, Count: 16289, OPS: 25.9, Avg(us): 118781, Min(us): 50848, Max(us): 152703, 50th(us): 119039, 90th(us): 126911, 95th(us): 129215, 99th(us): 134783, 99.9th(us): 143487, 99.99th(us): 149759
READ_ERROR - Takes(s): 629.9, Count: 9455, OPS: 15.0, Avg(us): 119241, Min(us): 52288, Max(us): 159359, 50th(us): 119359, 90th(us): 127743, 95th(us): 130175, 99th(us): 136831, 99.9th(us): 145279, 99.99th(us): 159359
TOTAL  - Takes(s): 629.9, Count: 17653, OPS: 28.0, Avg(us): 114543, Min(us): 50848, Max(us): 152703, 50th(us): 118335, 90th(us): 126655, 95th(us): 128895, 99th(us): 134527, 99.9th(us): 142719, 99.99th(us): 149759
INSERT - Takes(s): 639.8, Count: 1387, OPS: 2.2, Avg(us): 63892, Min(us): 51040, Max(us): 120831, 50th(us): 62591, 90th(us): 67647, 95th(us): 82687, 99th(us): 99711, 99.9th(us): 110463, 99.99th(us): 120831
READ   - Takes(s): 639.9, Count: 16586, OPS: 25.9, Avg(us): 118772, Min(us): 50848, Max(us): 152703, 50th(us): 119039, 90th(us): 126911, 95th(us): 129151, 99th(us): 134783, 99.9th(us): 143487, 99.99th(us): 149759
READ_ERROR - Takes(s): 639.9, Count: 9571, OPS: 15.0, Avg(us): 119223, Min(us): 52288, Max(us): 159359, 50th(us): 119359, 90th(us): 127743, 95th(us): 130175, 99th(us): 136831, 99.9th(us): 145151, 99.99th(us): 159359
TOTAL  - Takes(s): 639.9, Count: 17973, OPS: 28.1, Avg(us): 114537, Min(us): 50848, Max(us): 152703, 50th(us): 118335, 90th(us): 126655, 95th(us): 128895, 99th(us): 134527, 99.9th(us): 142719, 99.99th(us): 149759
INSERT - Takes(s): 649.8, Count: 1405, OPS: 2.2, Avg(us): 63861, Min(us): 51040, Max(us): 120831, 50th(us): 62591, 90th(us): 67647, 95th(us): 81663, 99th(us): 99711, 99.9th(us): 110463, 99.99th(us): 120831
READ   - Takes(s): 649.9, Count: 16885, OPS: 26.0, Avg(us): 118754, Min(us): 50848, Max(us): 152703, 50th(us): 118975, 90th(us): 126911, 95th(us): 129151, 99th(us): 134655, 99.9th(us): 143487, 99.99th(us): 149759
READ_ERROR - Takes(s): 649.9, Count: 9684, OPS: 14.9, Avg(us): 119211, Min(us): 52288, Max(us): 159359, 50th(us): 119359, 90th(us): 127743, 95th(us): 130175, 99th(us): 136703, 99.9th(us): 145151, 99.99th(us): 159359
TOTAL  - Takes(s): 649.9, Count: 18290, OPS: 28.1, Avg(us): 114537, Min(us): 50848, Max(us): 152703, 50th(us): 118335, 90th(us): 126591, 95th(us): 128895, 99th(us): 134399, 99.9th(us): 142719, 99.99th(us): 149759
INSERT - Takes(s): 659.8, Count: 1430, OPS: 2.2, Avg(us): 63834, Min(us): 51040, Max(us): 120831, 50th(us): 62559, 90th(us): 67647, 95th(us): 80639, 99th(us): 99711, 99.9th(us): 110463, 99.99th(us): 120831
READ   - Takes(s): 659.9, Count: 17180, OPS: 26.0, Avg(us): 118710, Min(us): 50848, Max(us): 152703, 50th(us): 118911, 90th(us): 126847, 95th(us): 129087, 99th(us): 134655, 99.9th(us): 143487, 99.99th(us): 149759
READ_ERROR - Takes(s): 659.9, Count: 9806, OPS: 14.9, Avg(us): 119183, Min(us): 52288, Max(us): 159359, 50th(us): 119359, 90th(us): 127679, 95th(us): 130111, 99th(us): 136703, 99.9th(us): 145151, 99.99th(us): 159359
TOTAL  - Takes(s): 659.9, Count: 18610, OPS: 28.2, Avg(us): 114493, Min(us): 50848, Max(us): 152703, 50th(us): 118271, 90th(us): 126591, 95th(us): 128831, 99th(us): 134271, 99.9th(us): 142591, 99.99th(us): 149759
INSERT - Takes(s): 669.8, Count: 1451, OPS: 2.2, Avg(us): 63814, Min(us): 51040, Max(us): 120831, 50th(us): 62559, 90th(us): 67583, 95th(us): 75839, 99th(us): 99455, 99.9th(us): 110463, 99.99th(us): 120831
READ   - Takes(s): 669.9, Count: 17474, OPS: 26.1, Avg(us): 118725, Min(us): 50848, Max(us): 152703, 50th(us): 118975, 90th(us): 126847, 95th(us): 129087, 99th(us): 134527, 99.9th(us): 143487, 99.99th(us): 149759
READ_ERROR - Takes(s): 669.9, Count: 9919, OPS: 14.8, Avg(us): 119188, Min(us): 52288, Max(us): 159359, 50th(us): 119359, 90th(us): 127679, 95th(us): 130111, 99th(us): 136575, 99.9th(us): 145151, 99.99th(us): 159359
TOTAL  - Takes(s): 669.9, Count: 18925, OPS: 28.3, Avg(us): 114515, Min(us): 50848, Max(us): 152703, 50th(us): 118335, 90th(us): 126591, 95th(us): 128831, 99th(us): 134271, 99.9th(us): 142591, 99.99th(us): 149759
INSERT - Takes(s): 679.8, Count: 1475, OPS: 2.2, Avg(us): 63778, Min(us): 51040, Max(us): 120831, 50th(us): 62559, 90th(us): 67583, 95th(us): 75519, 99th(us): 99455, 99.9th(us): 110463, 99.99th(us): 120831
READ   - Takes(s): 679.9, Count: 17746, OPS: 26.1, Avg(us): 118713, Min(us): 50848, Max(us): 152703, 50th(us): 118975, 90th(us): 126847, 95th(us): 129087, 99th(us): 134527, 99.9th(us): 142719, 99.99th(us): 149759
READ_ERROR - Takes(s): 679.9, Count: 10058, OPS: 14.8, Avg(us): 119169, Min(us): 52288, Max(us): 159359, 50th(us): 119295, 90th(us): 127615, 95th(us): 130047, 99th(us): 136575, 99.9th(us): 145151, 99.99th(us): 159359
TOTAL  - Takes(s): 679.9, Count: 19221, OPS: 28.3, Avg(us): 114498, Min(us): 50848, Max(us): 152703, 50th(us): 118271, 90th(us): 126591, 95th(us): 128831, 99th(us): 134271, 99.9th(us): 142591, 99.99th(us): 149759
INSERT - Takes(s): 689.8, Count: 1503, OPS: 2.2, Avg(us): 63734, Min(us): 51040, Max(us): 120831, 50th(us): 62527, 90th(us): 67583, 95th(us): 75327, 99th(us): 99455, 99.9th(us): 110207, 99.99th(us): 120831
READ   - Takes(s): 689.9, Count: 18044, OPS: 26.2, Avg(us): 118692, Min(us): 50848, Max(us): 152703, 50th(us): 118911, 90th(us): 126847, 95th(us): 129023, 99th(us): 134527, 99.9th(us): 142719, 99.99th(us): 149759
READ_ERROR - Takes(s): 689.9, Count: 10172, OPS: 14.7, Avg(us): 119157, Min(us): 52288, Max(us): 159359, 50th(us): 119295, 90th(us): 127615, 95th(us): 130047, 99th(us): 136575, 99.9th(us): 145151, 99.99th(us): 159359
TOTAL  - Takes(s): 689.9, Count: 19547, OPS: 28.3, Avg(us): 114466, Min(us): 50848, Max(us): 152703, 50th(us): 118271, 90th(us): 126527, 95th(us): 128767, 99th(us): 134271, 99.9th(us): 142591, 99.99th(us): 149759
INSERT - Takes(s): 699.8, Count: 1529, OPS: 2.2, Avg(us): 63707, Min(us): 51040, Max(us): 120831, 50th(us): 62527, 90th(us): 67583, 95th(us): 74751, 99th(us): 99455, 99.9th(us): 110207, 99.99th(us): 120831
READ   - Takes(s): 699.9, Count: 18337, OPS: 26.2, Avg(us): 118684, Min(us): 50848, Max(us): 152703, 50th(us): 118911, 90th(us): 126783, 95th(us): 128959, 99th(us): 134399, 99.9th(us): 142719, 99.99th(us): 149759
READ_ERROR - Takes(s): 699.9, Count: 10288, OPS: 14.7, Avg(us): 119147, Min(us): 52288, Max(us): 159359, 50th(us): 119295, 90th(us): 127551, 95th(us): 130047, 99th(us): 136447, 99.9th(us): 145151, 99.99th(us): 159359
TOTAL  - Takes(s): 699.9, Count: 19866, OPS: 28.4, Avg(us): 114452, Min(us): 50848, Max(us): 152703, 50th(us): 118271, 90th(us): 126463, 95th(us): 128767, 99th(us): 134143, 99.9th(us): 142591, 99.99th(us): 149759
INSERT - Takes(s): 709.8, Count: 1553, OPS: 2.2, Avg(us): 63669, Min(us): 51040, Max(us): 120831, 50th(us): 62495, 90th(us): 67583, 95th(us): 73663, 99th(us): 99071, 99.9th(us): 110207, 99.99th(us): 120831
READ   - Takes(s): 709.9, Count: 18629, OPS: 26.2, Avg(us): 118673, Min(us): 50848, Max(us): 152703, 50th(us): 118911, 90th(us): 126783, 95th(us): 128959, 99th(us): 134271, 99.9th(us): 142591, 99.99th(us): 149759
READ_ERROR - Takes(s): 709.9, Count: 10408, OPS: 14.7, Avg(us): 119127, Min(us): 52288, Max(us): 159359, 50th(us): 119295, 90th(us): 127551, 95th(us): 129983, 99th(us): 136447, 99.9th(us): 145151, 99.99th(us): 159359
TOTAL  - Takes(s): 709.9, Count: 20182, OPS: 28.4, Avg(us): 114440, Min(us): 50848, Max(us): 152703, 50th(us): 118271, 90th(us): 126463, 95th(us): 128767, 99th(us): 134143, 99.9th(us): 142591, 99.99th(us): 149759
INSERT - Takes(s): 719.8, Count: 1567, OPS: 2.2, Avg(us): 63645, Min(us): 51040, Max(us): 120831, 50th(us): 62495, 90th(us): 67583, 95th(us): 73663, 99th(us): 99071, 99.9th(us): 110207, 99.99th(us): 120831
READ   - Takes(s): 719.9, Count: 18914, OPS: 26.3, Avg(us): 118664, Min(us): 50848, Max(us): 152703, 50th(us): 118911, 90th(us): 126719, 95th(us): 128895, 99th(us): 134271, 99.9th(us): 142591, 99.99th(us): 149759
READ_ERROR - Takes(s): 719.9, Count: 10538, OPS: 14.6, Avg(us): 119112, Min(us): 52288, Max(us): 159359, 50th(us): 119231, 90th(us): 127487, 95th(us): 129919, 99th(us): 136447, 99.9th(us): 145151, 99.99th(us): 159359
TOTAL  - Takes(s): 719.9, Count: 20481, OPS: 28.5, Avg(us): 114454, Min(us): 50848, Max(us): 152703, 50th(us): 118271, 90th(us): 126463, 95th(us): 128703, 99th(us): 134015, 99.9th(us): 142591, 99.99th(us): 149759
INSERT - Takes(s): 729.8, Count: 1587, OPS: 2.2, Avg(us): 63626, Min(us): 51040, Max(us): 120831, 50th(us): 62495, 90th(us): 67519, 95th(us): 73471, 99th(us): 99071, 99.9th(us): 110207, 99.99th(us): 120831
READ   - Takes(s): 729.9, Count: 19208, OPS: 26.3, Avg(us): 118662, Min(us): 50848, Max(us): 152703, 50th(us): 118911, 90th(us): 126719, 95th(us): 128895, 99th(us): 134271, 99.9th(us): 142591, 99.99th(us): 149759
READ_ERROR - Takes(s): 729.9, Count: 10655, OPS: 14.6, Avg(us): 119117, Min(us): 52288, Max(us): 159359, 50th(us): 119295, 90th(us): 127487, 95th(us): 129919, 99th(us): 136447, 99.9th(us): 145151, 99.99th(us): 159359
TOTAL  - Takes(s): 729.9, Count: 20795, OPS: 28.5, Avg(us): 114462, Min(us): 50848, Max(us): 152703, 50th(us): 118271, 90th(us): 126399, 95th(us): 128703, 99th(us): 134015, 99.9th(us): 142463, 99.99th(us): 149759
INSERT - Takes(s): 739.8, Count: 1610, OPS: 2.2, Avg(us): 63595, Min(us): 51040, Max(us): 120831, 50th(us): 62463, 90th(us): 67519, 95th(us): 73471, 99th(us): 99071, 99.9th(us): 110207, 99.99th(us): 120831
READ   - Takes(s): 739.9, Count: 19508, OPS: 26.4, Avg(us): 118656, Min(us): 50848, Max(us): 152703, 50th(us): 118911, 90th(us): 126655, 95th(us): 128895, 99th(us): 134271, 99.9th(us): 142591, 99.99th(us): 149759
READ_ERROR - Takes(s): 739.9, Count: 10767, OPS: 14.6, Avg(us): 119096, Min(us): 52288, Max(us): 159359, 50th(us): 119231, 90th(us): 127423, 95th(us): 129855, 99th(us): 136447, 99.9th(us): 145151, 99.99th(us): 159359
TOTAL  - Takes(s): 739.9, Count: 21118, OPS: 28.5, Avg(us): 114459, Min(us): 50848, Max(us): 152703, 50th(us): 118271, 90th(us): 126399, 95th(us): 128703, 99th(us): 134015, 99.9th(us): 142463, 99.99th(us): 149759
INSERT - Takes(s): 749.8, Count: 1630, OPS: 2.2, Avg(us): 63569, Min(us): 51040, Max(us): 120831, 50th(us): 62463, 90th(us): 67519, 95th(us): 72959, 99th(us): 99071, 99.9th(us): 110207, 99.99th(us): 120831
READ   - Takes(s): 749.9, Count: 19826, OPS: 26.4, Avg(us): 118638, Min(us): 50848, Max(us): 152703, 50th(us): 118847, 90th(us): 126655, 95th(us): 128831, 99th(us): 134143, 99.9th(us): 142591, 99.99th(us): 149759
READ_ERROR - Takes(s): 749.9, Count: 10864, OPS: 14.5, Avg(us): 119082, Min(us): 52288, Max(us): 159359, 50th(us): 119231, 90th(us): 127423, 95th(us): 129855, 99th(us): 136319, 99.9th(us): 145151, 99.99th(us): 159359
TOTAL  - Takes(s): 749.9, Count: 21456, OPS: 28.6, Avg(us): 114454, Min(us): 50848, Max(us): 152703, 50th(us): 118271, 90th(us): 126399, 95th(us): 128639, 99th(us): 133887, 99.9th(us): 142463, 99.99th(us): 149759
INSERT - Takes(s): 759.8, Count: 1662, OPS: 2.2, Avg(us): 63537, Min(us): 51040, Max(us): 120831, 50th(us): 62431, 90th(us): 67455, 95th(us): 72639, 99th(us): 98879, 99.9th(us): 110207, 99.99th(us): 120831
READ   - Takes(s): 759.9, Count: 20133, OPS: 26.5, Avg(us): 118608, Min(us): 50848, Max(us): 152703, 50th(us): 118847, 90th(us): 126655, 95th(us): 128831, 99th(us): 134143, 99.9th(us): 142591, 99.99th(us): 149759
READ_ERROR - Takes(s): 759.9, Count: 10967, OPS: 14.4, Avg(us): 119059, Min(us): 52288, Max(us): 159359, 50th(us): 119231, 90th(us): 127423, 95th(us): 129855, 99th(us): 136191, 99.9th(us): 145151, 99.99th(us): 159359
TOTAL  - Takes(s): 759.9, Count: 21795, OPS: 28.7, Avg(us): 114409, Min(us): 50848, Max(us): 152703, 50th(us): 118207, 90th(us): 126335, 95th(us): 128575, 99th(us): 133759, 99.9th(us): 142335, 99.99th(us): 149759
INSERT - Takes(s): 769.8, Count: 1680, OPS: 2.2, Avg(us): 63506, Min(us): 51040, Max(us): 120831, 50th(us): 62431, 90th(us): 67455, 95th(us): 72575, 99th(us): 98879, 99.9th(us): 110207, 99.99th(us): 120831
READ   - Takes(s): 769.9, Count: 20432, OPS: 26.5, Avg(us): 118594, Min(us): 50848, Max(us): 152703, 50th(us): 118847, 90th(us): 126591, 95th(us): 128767, 99th(us): 134015, 99.9th(us): 142591, 99.99th(us): 149759
READ_ERROR - Takes(s): 769.9, Count: 11083, OPS: 14.4, Avg(us): 119056, Min(us): 52288, Max(us): 159359, 50th(us): 119231, 90th(us): 127423, 95th(us): 129855, 99th(us): 136191, 99.9th(us): 145151, 99.99th(us): 159359
TOTAL  - Takes(s): 769.9, Count: 22112, OPS: 28.7, Avg(us): 114408, Min(us): 50848, Max(us): 152703, 50th(us): 118207, 90th(us): 126335, 95th(us): 128575, 99th(us): 133759, 99.9th(us): 142335, 99.99th(us): 149759
INSERT - Takes(s): 779.8, Count: 1702, OPS: 2.2, Avg(us): 63471, Min(us): 51040, Max(us): 120831, 50th(us): 62399, 90th(us): 67455, 95th(us): 72575, 99th(us): 98879, 99.9th(us): 110207, 99.99th(us): 120831
READ   - Takes(s): 779.9, Count: 20727, OPS: 26.6, Avg(us): 118599, Min(us): 50848, Max(us): 152703, 50th(us): 118847, 90th(us): 126591, 95th(us): 128767, 99th(us): 134015, 99.9th(us): 142463, 99.99th(us): 149759
READ_ERROR - Takes(s): 779.9, Count: 11200, OPS: 14.4, Avg(us): 119043, Min(us): 52288, Max(us): 159359, 50th(us): 119231, 90th(us): 127359, 95th(us): 129855, 99th(us): 136191, 99.9th(us): 145151, 99.99th(us): 159359
TOTAL  - Takes(s): 779.9, Count: 22429, OPS: 28.8, Avg(us): 114415, Min(us): 50848, Max(us): 152703, 50th(us): 118207, 90th(us): 126335, 95th(us): 128575, 99th(us): 133631, 99.9th(us): 142335, 99.99th(us): 149759
INSERT - Takes(s): 789.8, Count: 1718, OPS: 2.2, Avg(us): 63450, Min(us): 51040, Max(us): 120831, 50th(us): 62367, 90th(us): 67455, 95th(us): 72319, 99th(us): 98879, 99.9th(us): 110207, 99.99th(us): 120831
READ   - Takes(s): 789.9, Count: 21040, OPS: 26.6, Avg(us): 118589, Min(us): 50848, Max(us): 152703, 50th(us): 118847, 90th(us): 126591, 95th(us): 128767, 99th(us): 134015, 99.9th(us): 142463, 99.99th(us): 149759
READ_ERROR - Takes(s): 789.9, Count: 11303, OPS: 14.3, Avg(us): 119031, Min(us): 52288, Max(us): 159359, 50th(us): 119231, 90th(us): 127359, 95th(us): 129855, 99th(us): 135807, 99.9th(us): 145151, 99.99th(us): 159359
TOTAL  - Takes(s): 789.9, Count: 22758, OPS: 28.8, Avg(us): 114427, Min(us): 50848, Max(us): 152703, 50th(us): 118207, 90th(us): 126335, 95th(us): 128575, 99th(us): 133631, 99.9th(us): 142207, 99.99th(us): 149759
INSERT - Takes(s): 799.8, Count: 1731, OPS: 2.2, Avg(us): 63444, Min(us): 51040, Max(us): 120831, 50th(us): 62367, 90th(us): 67455, 95th(us): 72127, 99th(us): 98879, 99.9th(us): 110207, 99.99th(us): 120831
READ   - Takes(s): 799.9, Count: 21341, OPS: 26.7, Avg(us): 118575, Min(us): 50848, Max(us): 152703, 50th(us): 118783, 90th(us): 126591, 95th(us): 128767, 99th(us): 133887, 99.9th(us): 142463, 99.99th(us): 149759
READ_ERROR - Takes(s): 799.9, Count: 11418, OPS: 14.3, Avg(us): 119014, Min(us): 52288, Max(us): 159359, 50th(us): 119167, 90th(us): 127359, 95th(us): 129791, 99th(us): 135807, 99.9th(us): 145151, 99.99th(us): 159359
TOTAL  - Takes(s): 799.9, Count: 23072, OPS: 28.8, Avg(us): 114439, Min(us): 50848, Max(us): 152703, 50th(us): 118207, 90th(us): 126335, 95th(us): 128575, 99th(us): 133631, 99.9th(us): 142207, 99.99th(us): 149759
INSERT - Takes(s): 809.8, Count: 1755, OPS: 2.2, Avg(us): 63411, Min(us): 51040, Max(us): 120831, 50th(us): 62367, 90th(us): 67391, 95th(us): 71807, 99th(us): 98367, 99.9th(us): 110207, 99.99th(us): 120831
READ   - Takes(s): 809.9, Count: 21628, OPS: 26.7, Avg(us): 118571, Min(us): 50848, Max(us): 152703, 50th(us): 118783, 90th(us): 126591, 95th(us): 128767, 99th(us): 133887, 99.9th(us): 142335, 99.99th(us): 149759
READ_ERROR - Takes(s): 809.9, Count: 11542, OPS: 14.3, Avg(us): 119012, Min(us): 52288, Max(us): 159359, 50th(us): 119167, 90th(us): 127359, 95th(us): 129791, 99th(us): 135679, 99.9th(us): 143487, 99.99th(us): 159359
TOTAL  - Takes(s): 809.9, Count: 23383, OPS: 28.9, Avg(us): 114431, Min(us): 50848, Max(us): 152703, 50th(us): 118207, 90th(us): 126335, 95th(us): 128575, 99th(us): 133503, 99.9th(us): 142207, 99.99th(us): 149759
INSERT - Takes(s): 819.8, Count: 1773, OPS: 2.2, Avg(us): 63404, Min(us): 51040, Max(us): 120831, 50th(us): 62367, 90th(us): 67391, 95th(us): 71743, 99th(us): 98367, 99.9th(us): 110207, 99.99th(us): 120831
READ   - Takes(s): 819.9, Count: 21912, OPS: 26.7, Avg(us): 118580, Min(us): 50848, Max(us): 152703, 50th(us): 118783, 90th(us): 126591, 95th(us): 128767, 99th(us): 133759, 99.9th(us): 142335, 99.99th(us): 149759
READ_ERROR - Takes(s): 819.9, Count: 11667, OPS: 14.2, Avg(us): 119021, Min(us): 52288, Max(us): 159359, 50th(us): 119167, 90th(us): 127359, 95th(us): 129791, 99th(us): 135679, 99.9th(us): 143487, 99.99th(us): 159359
TOTAL  - Takes(s): 819.9, Count: 23685, OPS: 28.9, Avg(us): 114449, Min(us): 50848, Max(us): 152703, 50th(us): 118207, 90th(us): 126335, 95th(us): 128511, 99th(us): 133503, 99.9th(us): 142079, 99.99th(us): 149759
INSERT - Takes(s): 829.8, Count: 1800, OPS: 2.2, Avg(us): 63375, Min(us): 51040, Max(us): 120831, 50th(us): 62367, 90th(us): 67327, 95th(us): 71679, 99th(us): 98367, 99.9th(us): 110207, 99.99th(us): 120831
READ   - Takes(s): 829.9, Count: 22207, OPS: 26.8, Avg(us): 118562, Min(us): 50848, Max(us): 152703, 50th(us): 118783, 90th(us): 126591, 95th(us): 128703, 99th(us): 133759, 99.9th(us): 142335, 99.99th(us): 149759
READ_ERROR - Takes(s): 829.9, Count: 11785, OPS: 14.2, Avg(us): 119008, Min(us): 52288, Max(us): 159359, 50th(us): 119167, 90th(us): 127359, 95th(us): 129727, 99th(us): 135679, 99.9th(us): 143487, 99.99th(us): 159359
TOTAL  - Takes(s): 829.9, Count: 24007, OPS: 28.9, Avg(us): 114424, Min(us): 50848, Max(us): 152703, 50th(us): 118207, 90th(us): 126271, 95th(us): 128511, 99th(us): 133503, 99.9th(us): 142079, 99.99th(us): 149759
INSERT - Takes(s): 839.8, Count: 1829, OPS: 2.2, Avg(us): 63341, Min(us): 51040, Max(us): 120831, 50th(us): 62335, 90th(us): 67263, 95th(us): 71679, 99th(us): 98367, 99.9th(us): 110207, 99.99th(us): 120831
READ   - Takes(s): 839.9, Count: 22499, OPS: 26.8, Avg(us): 118552, Min(us): 50848, Max(us): 152703, 50th(us): 118783, 90th(us): 126591, 95th(us): 128703, 99th(us): 133631, 99.9th(us): 142335, 99.99th(us): 149759
READ_ERROR - Takes(s): 839.9, Count: 11901, OPS: 14.2, Avg(us): 118995, Min(us): 52288, Max(us): 159359, 50th(us): 119167, 90th(us): 127295, 95th(us): 129727, 99th(us): 135679, 99.9th(us): 143487, 99.99th(us): 159359
TOTAL  - Takes(s): 839.9, Count: 24328, OPS: 29.0, Avg(us): 114401, Min(us): 50848, Max(us): 152703, 50th(us): 118207, 90th(us): 126271, 95th(us): 128511, 99th(us): 133503, 99.9th(us): 142079, 99.99th(us): 149759
INSERT - Takes(s): 849.8, Count: 1856, OPS: 2.2, Avg(us): 63316, Min(us): 51040, Max(us): 120831, 50th(us): 62335, 90th(us): 67199, 95th(us): 71423, 99th(us): 97919, 99.9th(us): 110207, 99.99th(us): 120831
READ   - Takes(s): 849.9, Count: 22819, OPS: 26.8, Avg(us): 118542, Min(us): 50848, Max(us): 152703, 50th(us): 118783, 90th(us): 126591, 95th(us): 128703, 99th(us): 133631, 99.9th(us): 142207, 99.99th(us): 149759
READ_ERROR - Takes(s): 849.9, Count: 11993, OPS: 14.1, Avg(us): 118980, Min(us): 52288, Max(us): 159359, 50th(us): 119167, 90th(us): 127295, 95th(us): 129663, 99th(us): 135679, 99.9th(us): 143487, 99.99th(us): 159359
TOTAL  - Takes(s): 849.9, Count: 24675, OPS: 29.0, Avg(us): 114388, Min(us): 50848, Max(us): 152703, 50th(us): 118207, 90th(us): 126271, 95th(us): 128511, 99th(us): 133375, 99.9th(us): 141951, 99.99th(us): 149759
INSERT - Takes(s): 859.8, Count: 1872, OPS: 2.2, Avg(us): 63303, Min(us): 51040, Max(us): 120831, 50th(us): 62335, 90th(us): 67199, 95th(us): 71295, 99th(us): 97919, 99.9th(us): 110207, 99.99th(us): 120831
READ   - Takes(s): 859.9, Count: 23105, OPS: 26.9, Avg(us): 118546, Min(us): 50848, Max(us): 152703, 50th(us): 118783, 90th(us): 126591, 95th(us): 128703, 99th(us): 133631, 99.9th(us): 142207, 99.99th(us): 149759
READ_ERROR - Takes(s): 859.9, Count: 12119, OPS: 14.1, Avg(us): 118975, Min(us): 52288, Max(us): 159359, 50th(us): 119167, 90th(us): 127295, 95th(us): 129599, 99th(us): 135551, 99.9th(us): 143487, 99.99th(us): 159359
TOTAL  - Takes(s): 859.9, Count: 24977, OPS: 29.0, Avg(us): 114406, Min(us): 50848, Max(us): 152703, 50th(us): 118207, 90th(us): 126271, 95th(us): 128511, 99th(us): 133375, 99.9th(us): 141951, 99.99th(us): 149759
INSERT - Takes(s): 869.8, Count: 1894, OPS: 2.2, Avg(us): 63286, Min(us): 51040, Max(us): 120831, 50th(us): 62335, 90th(us): 67135, 95th(us): 70911, 99th(us): 97919, 99.9th(us): 110207, 99.99th(us): 120831
READ   - Takes(s): 869.9, Count: 23418, OPS: 26.9, Avg(us): 118551, Min(us): 50848, Max(us): 152703, 50th(us): 118783, 90th(us): 126591, 95th(us): 128703, 99th(us): 133631, 99.9th(us): 142207, 99.99th(us): 149759
READ_ERROR - Takes(s): 869.9, Count: 12215, OPS: 14.0, Avg(us): 118974, Min(us): 52288, Max(us): 159359, 50th(us): 119167, 90th(us): 127295, 95th(us): 129599, 99th(us): 135423, 99.9th(us): 143487, 99.99th(us): 159359
TOTAL  - Takes(s): 869.9, Count: 25312, OPS: 29.1, Avg(us): 114416, Min(us): 50848, Max(us): 152703, 50th(us): 118207, 90th(us): 126271, 95th(us): 128511, 99th(us): 133375, 99.9th(us): 141951, 99.99th(us): 149503
INSERT - Takes(s): 879.8, Count: 1913, OPS: 2.2, Avg(us): 63279, Min(us): 51040, Max(us): 120831, 50th(us): 62335, 90th(us): 67135, 95th(us): 70911, 99th(us): 97919, 99.9th(us): 110207, 99.99th(us): 120831
READ   - Takes(s): 879.9, Count: 23710, OPS: 26.9, Avg(us): 118536, Min(us): 50848, Max(us): 152703, 50th(us): 118783, 90th(us): 126527, 95th(us): 128703, 99th(us): 133503, 99.9th(us): 142079, 99.99th(us): 149759
READ_ERROR - Takes(s): 879.9, Count: 12339, OPS: 14.0, Avg(us): 118954, Min(us): 52288, Max(us): 159359, 50th(us): 119167, 90th(us): 127231, 95th(us): 129599, 99th(us): 135423, 99.9th(us): 143487, 99.99th(us): 159359
TOTAL  - Takes(s): 879.9, Count: 25623, OPS: 29.1, Avg(us): 114411, Min(us): 50848, Max(us): 152703, 50th(us): 118207, 90th(us): 126271, 95th(us): 128447, 99th(us): 133247, 99.9th(us): 141695, 99.99th(us): 149503
INSERT - Takes(s): 889.8, Count: 1930, OPS: 2.2, Avg(us): 63260, Min(us): 51040, Max(us): 120831, 50th(us): 62335, 90th(us): 67135, 95th(us): 70911, 99th(us): 97919, 99.9th(us): 110207, 99.99th(us): 120831
READ   - Takes(s): 889.9, Count: 24009, OPS: 27.0, Avg(us): 118535, Min(us): 50848, Max(us): 152703, 50th(us): 118783, 90th(us): 126527, 95th(us): 128639, 99th(us): 133503, 99.9th(us): 142079, 99.99th(us): 149759
READ_ERROR - Takes(s): 889.9, Count: 12454, OPS: 14.0, Avg(us): 118948, Min(us): 52288, Max(us): 159359, 50th(us): 119167, 90th(us): 127231, 95th(us): 129599, 99th(us): 135423, 99.9th(us): 143487, 99.99th(us): 159359
TOTAL  - Takes(s): 889.9, Count: 25939, OPS: 29.1, Avg(us): 114422, Min(us): 50848, Max(us): 152703, 50th(us): 118207, 90th(us): 126271, 95th(us): 128447, 99th(us): 133247, 99.9th(us): 141695, 99.99th(us): 149503
INSERT - Takes(s): 899.8, Count: 1951, OPS: 2.2, Avg(us): 63244, Min(us): 51040, Max(us): 120831, 50th(us): 62335, 90th(us): 67071, 95th(us): 70655, 99th(us): 97855, 99.9th(us): 110207, 99.99th(us): 120831
READ   - Takes(s): 899.9, Count: 24317, OPS: 27.0, Avg(us): 118514, Min(us): 50848, Max(us): 152703, 50th(us): 118783, 90th(us): 126527, 95th(us): 128639, 99th(us): 133503, 99.9th(us): 142079, 99.99th(us): 149759
READ_ERROR - Takes(s): 899.9, Count: 12562, OPS: 14.0, Avg(us): 118943, Min(us): 52288, Max(us): 159359, 50th(us): 119167, 90th(us): 127231, 95th(us): 129535, 99th(us): 135423, 99.9th(us): 143359, 99.99th(us): 159359
TOTAL  - Takes(s): 899.9, Count: 26268, OPS: 29.2, Avg(us): 114409, Min(us): 50848, Max(us): 152703, 50th(us): 118207, 90th(us): 126207, 95th(us): 128447, 99th(us): 133247, 99.9th(us): 141695, 99.99th(us): 149503
INSERT - Takes(s): 909.8, Count: 1968, OPS: 2.2, Avg(us): 63219, Min(us): 51040, Max(us): 120831, 50th(us): 62335, 90th(us): 67071, 95th(us): 70655, 99th(us): 97855, 99.9th(us): 110207, 99.99th(us): 120831
READ   - Takes(s): 909.9, Count: 24631, OPS: 27.1, Avg(us): 118494, Min(us): 50848, Max(us): 152703, 50th(us): 118719, 90th(us): 126463, 95th(us): 128639, 99th(us): 133375, 99.9th(us): 141951, 99.99th(us): 149759
READ_ERROR - Takes(s): 909.9, Count: 12667, OPS: 13.9, Avg(us): 118917, Min(us): 52288, Max(us): 159359, 50th(us): 119103, 90th(us): 127231, 95th(us): 129535, 99th(us): 135423, 99.9th(us): 143359, 99.99th(us): 159359
TOTAL  - Takes(s): 909.9, Count: 26599, OPS: 29.2, Avg(us): 114405, Min(us): 50848, Max(us): 152703, 50th(us): 118143, 90th(us): 126207, 95th(us): 128447, 99th(us): 133247, 99.9th(us): 141567, 99.99th(us): 149503
INSERT - Takes(s): 919.8, Count: 1990, OPS: 2.2, Avg(us): 63204, Min(us): 51040, Max(us): 120831, 50th(us): 62335, 90th(us): 67071, 95th(us): 70399, 99th(us): 97855, 99.9th(us): 110207, 99.99th(us): 120831
READ   - Takes(s): 919.9, Count: 24951, OPS: 27.1, Avg(us): 118485, Min(us): 50848, Max(us): 152703, 50th(us): 118719, 90th(us): 126463, 95th(us): 128575, 99th(us): 133375, 99.9th(us): 141951, 99.99th(us): 149759
READ_ERROR - Takes(s): 919.9, Count: 12758, OPS: 13.9, Avg(us): 118914, Min(us): 52288, Max(us): 159359, 50th(us): 119103, 90th(us): 127167, 95th(us): 129535, 99th(us): 135423, 99.9th(us): 143359, 99.99th(us): 159359
TOTAL  - Takes(s): 919.9, Count: 26941, OPS: 29.3, Avg(us): 114402, Min(us): 50848, Max(us): 152703, 50th(us): 118143, 90th(us): 126207, 95th(us): 128383, 99th(us): 133119, 99.9th(us): 141567, 99.99th(us): 149503
INSERT - Takes(s): 929.8, Count: 2008, OPS: 2.2, Avg(us): 63194, Min(us): 51040, Max(us): 120831, 50th(us): 62335, 90th(us): 67007, 95th(us): 70335, 99th(us): 97855, 99.9th(us): 110207, 99.99th(us): 120831
READ   - Takes(s): 929.9, Count: 25266, OPS: 27.2, Avg(us): 118477, Min(us): 50848, Max(us): 152703, 50th(us): 118719, 90th(us): 126463, 95th(us): 128575, 99th(us): 133375, 99.9th(us): 141951, 99.99th(us): 149503
READ_ERROR - Takes(s): 929.9, Count: 12860, OPS: 13.8, Avg(us): 118903, Min(us): 52288, Max(us): 159359, 50th(us): 119103, 90th(us): 127167, 95th(us): 129471, 99th(us): 135423, 99.9th(us): 143359, 99.99th(us): 159359
TOTAL  - Takes(s): 929.9, Count: 27274, OPS: 29.3, Avg(us): 114407, Min(us): 50848, Max(us): 152703, 50th(us): 118143, 90th(us): 126207, 95th(us): 128383, 99th(us): 133119, 99.9th(us): 141567, 99.99th(us): 149503
INSERT - Takes(s): 939.8, Count: 2036, OPS: 2.2, Avg(us): 63192, Min(us): 51040, Max(us): 120831, 50th(us): 62335, 90th(us): 67071, 95th(us): 69951, 99th(us): 97855, 99.9th(us): 110207, 99.99th(us): 120831
READ   - Takes(s): 939.9, Count: 25578, OPS: 27.2, Avg(us): 118477, Min(us): 50848, Max(us): 152703, 50th(us): 118719, 90th(us): 126463, 95th(us): 128575, 99th(us): 133247, 99.9th(us): 141695, 99.99th(us): 149503
READ_ERROR - Takes(s): 939.9, Count: 12955, OPS: 13.8, Avg(us): 118892, Min(us): 52288, Max(us): 159359, 50th(us): 119103, 90th(us): 127167, 95th(us): 129471, 99th(us): 135423, 99.9th(us): 143359, 99.99th(us): 159359
TOTAL  - Takes(s): 939.9, Count: 27614, OPS: 29.4, Avg(us): 114401, Min(us): 50848, Max(us): 152703, 50th(us): 118143, 90th(us): 126207, 95th(us): 128383, 99th(us): 133119, 99.9th(us): 141439, 99.99th(us): 149503
INSERT - Takes(s): 949.8, Count: 2050, OPS: 2.2, Avg(us): 63182, Min(us): 51040, Max(us): 120831, 50th(us): 62335, 90th(us): 67071, 95th(us): 69951, 99th(us): 97855, 99.9th(us): 110207, 99.99th(us): 120831
READ   - Takes(s): 949.9, Count: 25886, OPS: 27.3, Avg(us): 118473, Min(us): 50848, Max(us): 152703, 50th(us): 118719, 90th(us): 126463, 95th(us): 128575, 99th(us): 133247, 99.9th(us): 141695, 99.99th(us): 149503
READ_ERROR - Takes(s): 949.9, Count: 13064, OPS: 13.8, Avg(us): 118887, Min(us): 52288, Max(us): 159359, 50th(us): 119103, 90th(us): 127103, 95th(us): 129407, 99th(us): 135295, 99.9th(us): 143359, 99.99th(us): 159359
TOTAL  - Takes(s): 949.9, Count: 27936, OPS: 29.4, Avg(us): 114415, Min(us): 50848, Max(us): 152703, 50th(us): 118143, 90th(us): 126143, 95th(us): 128383, 99th(us): 133119, 99.9th(us): 141439, 99.99th(us): 149503
INSERT - Takes(s): 959.8, Count: 2068, OPS: 2.2, Avg(us): 63172, Min(us): 51040, Max(us): 120831, 50th(us): 62335, 90th(us): 67071, 95th(us): 69951, 99th(us): 97087, 99.9th(us): 110207, 99.99th(us): 120831
READ   - Takes(s): 959.9, Count: 26192, OPS: 27.3, Avg(us): 118458, Min(us): 50848, Max(us): 152703, 50th(us): 118655, 90th(us): 126399, 95th(us): 128575, 99th(us): 133247, 99.9th(us): 141695, 99.99th(us): 149503
READ_ERROR - Takes(s): 959.9, Count: 13175, OPS: 13.7, Avg(us): 118868, Min(us): 52288, Max(us): 159359, 50th(us): 119039, 90th(us): 127103, 95th(us): 129407, 99th(us): 135167, 99.9th(us): 143359, 99.99th(us): 159359
TOTAL  - Takes(s): 959.9, Count: 28260, OPS: 29.4, Avg(us): 114413, Min(us): 50848, Max(us): 152703, 50th(us): 118143, 90th(us): 126143, 95th(us): 128319, 99th(us): 132991, 99.9th(us): 141439, 99.99th(us): 149503
INSERT - Takes(s): 969.8, Count: 2097, OPS: 2.2, Avg(us): 63151, Min(us): 51040, Max(us): 120831, 50th(us): 62335, 90th(us): 67071, 95th(us): 69823, 99th(us): 97087, 99.9th(us): 110207, 99.99th(us): 120831
READ   - Takes(s): 969.9, Count: 26502, OPS: 27.3, Avg(us): 118455, Min(us): 50848, Max(us): 152703, 50th(us): 118719, 90th(us): 126399, 95th(us): 128511, 99th(us): 133247, 99.9th(us): 141567, 99.99th(us): 149503
READ_ERROR - Takes(s): 969.9, Count: 13273, OPS: 13.7, Avg(us): 118866, Min(us): 52288, Max(us): 159359, 50th(us): 119039, 90th(us): 127039, 95th(us): 129343, 99th(us): 135167, 99.9th(us): 143359, 99.99th(us): 159359
TOTAL  - Takes(s): 969.9, Count: 28599, OPS: 29.5, Avg(us): 114400, Min(us): 50848, Max(us): 152703, 50th(us): 118143, 90th(us): 126143, 95th(us): 128319, 99th(us): 132863, 99.9th(us): 141311, 99.99th(us): 149503
INSERT - Takes(s): 979.8, Count: 2118, OPS: 2.2, Avg(us): 63131, Min(us): 51040, Max(us): 120831, 50th(us): 62303, 90th(us): 67007, 95th(us): 69695, 99th(us): 97087, 99.9th(us): 110207, 99.99th(us): 120831
READ   - Takes(s): 979.9, Count: 26798, OPS: 27.3, Avg(us): 118448, Min(us): 50848, Max(us): 152703, 50th(us): 118719, 90th(us): 126399, 95th(us): 128511, 99th(us): 133247, 99.9th(us): 141567, 99.99th(us): 149503
READ_ERROR - Takes(s): 979.9, Count: 13389, OPS: 13.7, Avg(us): 118855, Min(us): 52288, Max(us): 159359, 50th(us): 119039, 90th(us): 127039, 95th(us): 129343, 99th(us): 135167, 99.9th(us): 143359, 99.99th(us): 159359
TOTAL  - Takes(s): 979.9, Count: 28916, OPS: 29.5, Avg(us): 114396, Min(us): 50848, Max(us): 152703, 50th(us): 118143, 90th(us): 126143, 95th(us): 128319, 99th(us): 132863, 99.9th(us): 141311, 99.99th(us): 149503
INSERT - Takes(s): 989.8, Count: 2137, OPS: 2.2, Avg(us): 63120, Min(us): 51040, Max(us): 120831, 50th(us): 62303, 90th(us): 67007, 95th(us): 69567, 99th(us): 97087, 99.9th(us): 110207, 99.99th(us): 120831
READ   - Takes(s): 989.9, Count: 27118, OPS: 27.4, Avg(us): 118433, Min(us): 50848, Max(us): 152703, 50th(us): 118655, 90th(us): 126399, 95th(us): 128511, 99th(us): 133247, 99.9th(us): 141567, 99.99th(us): 149503
READ_ERROR - Takes(s): 989.9, Count: 13486, OPS: 13.6, Avg(us): 118839, Min(us): 52288, Max(us): 159359, 50th(us): 119039, 90th(us): 127039, 95th(us): 129343, 99th(us): 135167, 99.9th(us): 143359, 99.99th(us): 159359
TOTAL  - Takes(s): 989.9, Count: 29255, OPS: 29.6, Avg(us): 114393, Min(us): 50848, Max(us): 152703, 50th(us): 118143, 90th(us): 126079, 95th(us): 128255, 99th(us): 132863, 99.9th(us): 141311, 99.99th(us): 149503
INSERT - Takes(s): 999.8, Count: 2158, OPS: 2.2, Avg(us): 63106, Min(us): 51040, Max(us): 120831, 50th(us): 62303, 90th(us): 67007, 95th(us): 69503, 99th(us): 96959, 99.9th(us): 110207, 99.99th(us): 120831
READ   - Takes(s): 999.9, Count: 27427, OPS: 27.4, Avg(us): 118428, Min(us): 50848, Max(us): 152703, 50th(us): 118655, 90th(us): 126399, 95th(us): 128511, 99th(us): 133119, 99.9th(us): 141567, 99.99th(us): 149503
READ_ERROR - Takes(s): 999.9, Count: 13590, OPS: 13.6, Avg(us): 118833, Min(us): 52288, Max(us): 159359, 50th(us): 119039, 90th(us): 126975, 95th(us): 129279, 99th(us): 135039, 99.9th(us): 142335, 99.99th(us): 159359
TOTAL  - Takes(s): 999.9, Count: 29585, OPS: 29.6, Avg(us): 114393, Min(us): 50848, Max(us): 152703, 50th(us): 118079, 90th(us): 126079, 95th(us): 128255, 99th(us): 132863, 99.9th(us): 141311, 99.99th(us): 149503
INSERT - Takes(s): 1009.8, Count: 2177, OPS: 2.2, Avg(us): 63092, Min(us): 51040, Max(us): 120831, 50th(us): 62303, 90th(us): 67007, 95th(us): 69503, 99th(us): 96959, 99.9th(us): 110207, 99.99th(us): 120831
READ   - Takes(s): 1009.9, Count: 27750, OPS: 27.5, Avg(us): 118426, Min(us): 50848, Max(us): 152703, 50th(us): 118655, 90th(us): 126335, 95th(us): 128511, 99th(us): 133119, 99.9th(us): 141439, 99.99th(us): 149503
READ_ERROR - Takes(s): 1009.9, Count: 13681, OPS: 13.5, Avg(us): 118816, Min(us): 52288, Max(us): 159359, 50th(us): 119039, 90th(us): 126975, 95th(us): 129279, 99th(us): 135039, 99.9th(us): 142335, 99.99th(us): 159359
TOTAL  - Takes(s): 1009.9, Count: 29927, OPS: 29.6, Avg(us): 114401, Min(us): 50848, Max(us): 152703, 50th(us): 118079, 90th(us): 126079, 95th(us): 128255, 99th(us): 132863, 99.9th(us): 141311, 99.99th(us): 149503
INSERT - Takes(s): 1019.8, Count: 2199, OPS: 2.2, Avg(us): 63085, Min(us): 51040, Max(us): 120831, 50th(us): 62303, 90th(us): 67007, 95th(us): 69503, 99th(us): 96959, 99.9th(us): 110207, 99.99th(us): 120831
READ   - Takes(s): 1019.9, Count: 28065, OPS: 27.5, Avg(us): 118408, Min(us): 50848, Max(us): 152703, 50th(us): 118655, 90th(us): 126335, 95th(us): 128447, 99th(us): 133119, 99.9th(us): 141439, 99.99th(us): 149503
READ_ERROR - Takes(s): 1019.9, Count: 13784, OPS: 13.5, Avg(us): 118801, Min(us): 52288, Max(us): 159359, 50th(us): 118975, 90th(us): 126975, 95th(us): 129279, 99th(us): 135039, 99.9th(us): 142335, 99.99th(us): 159359
TOTAL  - Takes(s): 1019.9, Count: 30264, OPS: 29.7, Avg(us): 114388, Min(us): 50848, Max(us): 152703, 50th(us): 118079, 90th(us): 126015, 95th(us): 128191, 99th(us): 132863, 99.9th(us): 141311, 99.99th(us): 149503
INSERT - Takes(s): 1029.8, Count: 2232, OPS: 2.2, Avg(us): 63051, Min(us): 51040, Max(us): 120831, 50th(us): 62271, 90th(us): 67007, 95th(us): 69183, 99th(us): 96959, 99.9th(us): 110207, 99.99th(us): 120831
READ   - Takes(s): 1029.9, Count: 28373, OPS: 27.5, Avg(us): 118389, Min(us): 50848, Max(us): 152703, 50th(us): 118655, 90th(us): 126271, 95th(us): 128447, 99th(us): 133119, 99.9th(us): 141439, 99.99th(us): 149503
READ_ERROR - Takes(s): 1029.9, Count: 13885, OPS: 13.5, Avg(us): 118791, Min(us): 52288, Max(us): 159359, 50th(us): 118975, 90th(us): 126975, 95th(us): 129279, 99th(us): 135039, 99.9th(us): 142335, 99.99th(us): 159359
TOTAL  - Takes(s): 1029.9, Count: 30605, OPS: 29.7, Avg(us): 114353, Min(us): 50848, Max(us): 152703, 50th(us): 118079, 90th(us): 126015, 95th(us): 128191, 99th(us): 132735, 99.9th(us): 141311, 99.99th(us): 149503
INSERT - Takes(s): 1039.8, Count: 2254, OPS: 2.2, Avg(us): 63051, Min(us): 51040, Max(us): 120831, 50th(us): 62303, 90th(us): 66943, 95th(us): 69183, 99th(us): 96127, 99.9th(us): 110207, 99.99th(us): 120831
READ   - Takes(s): 1039.9, Count: 28688, OPS: 27.6, Avg(us): 118382, Min(us): 50848, Max(us): 152703, 50th(us): 118655, 90th(us): 126271, 95th(us): 128447, 99th(us): 132991, 99.9th(us): 141311, 99.99th(us): 149503
READ_ERROR - Takes(s): 1039.9, Count: 13984, OPS: 13.4, Avg(us): 118787, Min(us): 52288, Max(us): 159359, 50th(us): 118975, 90th(us): 126975, 95th(us): 129215, 99th(us): 134911, 99.9th(us): 142335, 99.99th(us): 159359
TOTAL  - Takes(s): 1039.9, Count: 30942, OPS: 29.8, Avg(us): 114352, Min(us): 50848, Max(us): 152703, 50th(us): 118079, 90th(us): 126015, 95th(us): 128191, 99th(us): 132735, 99.9th(us): 141311, 99.99th(us): 149503
INSERT - Takes(s): 1049.8, Count: 2279, OPS: 2.2, Avg(us): 63038, Min(us): 51040, Max(us): 120831, 50th(us): 62303, 90th(us): 66943, 95th(us): 69183, 99th(us): 96127, 99.9th(us): 110207, 99.99th(us): 120831
READ   - Takes(s): 1049.9, Count: 29003, OPS: 27.6, Avg(us): 118374, Min(us): 50848, Max(us): 152703, 50th(us): 118591, 90th(us): 126271, 95th(us): 128447, 99th(us): 132863, 99.9th(us): 141311, 99.99th(us): 149503
READ_ERROR - Takes(s): 1049.9, Count: 14082, OPS: 13.4, Avg(us): 118774, Min(us): 52288, Max(us): 159359, 50th(us): 118975, 90th(us): 126975, 95th(us): 129279, 99th(us): 134911, 99.9th(us): 142335, 99.99th(us): 159359
TOTAL  - Takes(s): 1049.9, Count: 31282, OPS: 29.8, Avg(us): 114342, Min(us): 50848, Max(us): 152703, 50th(us): 118079, 90th(us): 126015, 95th(us): 128191, 99th(us): 132735, 99.9th(us): 141311, 99.99th(us): 149503
INSERT - Takes(s): 1059.8, Count: 2293, OPS: 2.2, Avg(us): 63023, Min(us): 51040, Max(us): 120831, 50th(us): 62303, 90th(us): 66943, 95th(us): 68991, 99th(us): 96127, 99.9th(us): 110207, 99.99th(us): 120831
READ   - Takes(s): 1059.9, Count: 29323, OPS: 27.7, Avg(us): 118365, Min(us): 50848, Max(us): 152703, 50th(us): 118591, 90th(us): 126271, 95th(us): 128383, 99th(us): 132863, 99.9th(us): 141311, 99.99th(us): 149503
READ_ERROR - Takes(s): 1059.9, Count: 14179, OPS: 13.4, Avg(us): 118760, Min(us): 52288, Max(us): 159359, 50th(us): 118975, 90th(us): 126911, 95th(us): 129215, 99th(us): 134911, 99.9th(us): 142335, 99.99th(us): 159359
TOTAL  - Takes(s): 1059.9, Count: 31616, OPS: 29.8, Avg(us): 114351, Min(us): 50848, Max(us): 152703, 50th(us): 118079, 90th(us): 126015, 95th(us): 128191, 99th(us): 132735, 99.9th(us): 141183, 99.99th(us): 149503
INSERT - Takes(s): 1069.8, Count: 2318, OPS: 2.2, Avg(us): 63009, Min(us): 51040, Max(us): 120831, 50th(us): 62303, 90th(us): 66943, 95th(us): 68927, 99th(us): 96127, 99.9th(us): 110207, 99.99th(us): 120831
READ   - Takes(s): 1069.9, Count: 29626, OPS: 27.7, Avg(us): 118354, Min(us): 50848, Max(us): 152703, 50th(us): 118591, 90th(us): 126271, 95th(us): 128383, 99th(us): 132863, 99.9th(us): 141311, 99.99th(us): 149503
READ_ERROR - Takes(s): 1069.9, Count: 14289, OPS: 13.4, Avg(us): 118756, Min(us): 52288, Max(us): 159359, 50th(us): 118975, 90th(us): 126911, 95th(us): 129215, 99th(us): 134911, 99.9th(us): 142335, 99.99th(us): 159359
TOTAL  - Takes(s): 1069.9, Count: 31944, OPS: 29.9, Avg(us): 114338, Min(us): 50848, Max(us): 152703, 50th(us): 118015, 90th(us): 126015, 95th(us): 128127, 99th(us): 132735, 99.9th(us): 141183, 99.99th(us): 149503
INSERT - Takes(s): 1079.8, Count: 2347, OPS: 2.2, Avg(us): 62985, Min(us): 50048, Max(us): 120831, 50th(us): 62303, 90th(us): 66879, 95th(us): 68927, 99th(us): 96127, 99.9th(us): 110207, 99.99th(us): 120831
READ   - Takes(s): 1079.9, Count: 29940, OPS: 27.7, Avg(us): 118337, Min(us): 50848, Max(us): 152703, 50th(us): 118591, 90th(us): 126207, 95th(us): 128383, 99th(us): 132863, 99.9th(us): 141311, 99.99th(us): 149503
READ_ERROR - Takes(s): 1079.9, Count: 14387, OPS: 13.3, Avg(us): 118746, Min(us): 52288, Max(us): 159359, 50th(us): 118975, 90th(us): 126911, 95th(us): 129215, 99th(us): 134911, 99.9th(us): 142335, 99.99th(us): 159359
TOTAL  - Takes(s): 1079.9, Count: 32287, OPS: 29.9, Avg(us): 114313, Min(us): 50048, Max(us): 152703, 50th(us): 118015, 90th(us): 125951, 95th(us): 128127, 99th(us): 132607, 99.9th(us): 141183, 99.99th(us): 149503
INSERT - Takes(s): 1089.8, Count: 2375, OPS: 2.2, Avg(us): 62985, Min(us): 50048, Max(us): 120831, 50th(us): 62303, 90th(us): 66879, 95th(us): 68799, 99th(us): 95807, 99.9th(us): 110207, 99.99th(us): 120831
READ   - Takes(s): 1089.9, Count: 30255, OPS: 27.8, Avg(us): 118326, Min(us): 50848, Max(us): 152703, 50th(us): 118591, 90th(us): 126207, 95th(us): 128319, 99th(us): 132863, 99.9th(us): 141311, 99.99th(us): 149503
READ_ERROR - Takes(s): 1089.9, Count: 14484, OPS: 13.3, Avg(us): 118735, Min(us): 52288, Max(us): 159359, 50th(us): 118911, 90th(us): 126847, 95th(us): 129151, 99th(us): 134911, 99.9th(us): 142335, 99.99th(us): 159359
TOTAL  - Takes(s): 1089.9, Count: 32630, OPS: 29.9, Avg(us): 114298, Min(us): 50048, Max(us): 152703, 50th(us): 118015, 90th(us): 125951, 95th(us): 128127, 99th(us): 132607, 99.9th(us): 141183, 99.99th(us): 149503
INSERT - Takes(s): 1099.8, Count: 2393, OPS: 2.2, Avg(us): 62989, Min(us): 50048, Max(us): 120831, 50th(us): 62303, 90th(us): 66879, 95th(us): 68799, 99th(us): 95807, 99.9th(us): 110207, 99.99th(us): 120831
READ   - Takes(s): 1099.9, Count: 30556, OPS: 27.8, Avg(us): 118305, Min(us): 50848, Max(us): 152703, 50th(us): 118527, 90th(us): 126207, 95th(us): 128319, 99th(us): 132863, 99.9th(us): 141311, 99.99th(us): 149503
READ_ERROR - Takes(s): 1099.9, Count: 14602, OPS: 13.3, Avg(us): 118716, Min(us): 52288, Max(us): 159359, 50th(us): 118911, 90th(us): 126847, 95th(us): 129151, 99th(us): 134911, 99.9th(us): 142207, 99.99th(us): 159359
TOTAL  - Takes(s): 1099.9, Count: 32949, OPS: 30.0, Avg(us): 114288, Min(us): 50048, Max(us): 152703, 50th(us): 118015, 90th(us): 125951, 95th(us): 128063, 99th(us): 132607, 99.9th(us): 141183, 99.99th(us): 149503
INSERT - Takes(s): 1109.8, Count: 2418, OPS: 2.2, Avg(us): 62978, Min(us): 50048, Max(us): 120831, 50th(us): 62303, 90th(us): 66879, 95th(us): 68799, 99th(us): 95807, 99.9th(us): 110207, 99.99th(us): 120831
READ   - Takes(s): 1109.9, Count: 30878, OPS: 27.8, Avg(us): 118306, Min(us): 50848, Max(us): 152703, 50th(us): 118527, 90th(us): 126207, 95th(us): 128319, 99th(us): 132735, 99.9th(us): 141311, 99.99th(us): 149503
READ_ERROR - Takes(s): 1109.9, Count: 14690, OPS: 13.2, Avg(us): 118707, Min(us): 52288, Max(us): 159359, 50th(us): 118911, 90th(us): 126847, 95th(us): 129151, 99th(us): 134911, 99.9th(us): 142207, 99.99th(us): 159359
TOTAL  - Takes(s): 1109.9, Count: 33296, OPS: 30.0, Avg(us): 114288, Min(us): 50048, Max(us): 152703, 50th(us): 118015, 90th(us): 125951, 95th(us): 128063, 99th(us): 132607, 99.9th(us): 141183, 99.99th(us): 149503
INSERT - Takes(s): 1119.8, Count: 2434, OPS: 2.2, Avg(us): 62967, Min(us): 50048, Max(us): 120831, 50th(us): 62271, 90th(us): 66879, 95th(us): 68799, 99th(us): 95807, 99.9th(us): 110207, 99.99th(us): 120831
READ   - Takes(s): 1119.9, Count: 31192, OPS: 27.9, Avg(us): 118303, Min(us): 50848, Max(us): 152703, 50th(us): 118527, 90th(us): 126207, 95th(us): 128319, 99th(us): 132735, 99.9th(us): 141311, 99.99th(us): 149503
READ_ERROR - Takes(s): 1119.9, Count: 14791, OPS: 13.2, Avg(us): 118701, Min(us): 52288, Max(us): 159359, 50th(us): 118911, 90th(us): 126847, 95th(us): 129087, 99th(us): 134911, 99.9th(us): 142207, 99.99th(us): 159359
TOTAL  - Takes(s): 1119.9, Count: 33626, OPS: 30.0, Avg(us): 114297, Min(us): 50048, Max(us): 152703, 50th(us): 117951, 90th(us): 125951, 95th(us): 128063, 99th(us): 132479, 99.9th(us): 140927, 99.99th(us): 149503
INSERT - Takes(s): 1129.8, Count: 2457, OPS: 2.2, Avg(us): 62948, Min(us): 50048, Max(us): 120831, 50th(us): 62239, 90th(us): 66879, 95th(us): 68607, 99th(us): 95423, 99.9th(us): 110207, 99.99th(us): 120831
READ   - Takes(s): 1129.9, Count: 31518, OPS: 27.9, Avg(us): 118294, Min(us): 50848, Max(us): 152703, 50th(us): 118527, 90th(us): 126143, 95th(us): 128255, 99th(us): 132735, 99.9th(us): 141183, 99.99th(us): 149503
READ_ERROR - Takes(s): 1129.9, Count: 14880, OPS: 13.2, Avg(us): 118696, Min(us): 52288, Max(us): 159359, 50th(us): 118911, 90th(us): 126847, 95th(us): 129087, 99th(us): 134783, 99.9th(us): 142207, 99.99th(us): 159359
TOTAL  - Takes(s): 1129.9, Count: 33975, OPS: 30.1, Avg(us): 114291, Min(us): 50048, Max(us): 152703, 50th(us): 117951, 90th(us): 125887, 95th(us): 128063, 99th(us): 132479, 99.9th(us): 140927, 99.99th(us): 149503
INSERT - Takes(s): 1139.8, Count: 2487, OPS: 2.2, Avg(us): 62939, Min(us): 50048, Max(us): 120831, 50th(us): 62271, 90th(us): 66815, 95th(us): 68607, 99th(us): 95423, 99.9th(us): 110207, 99.99th(us): 120831
READ   - Takes(s): 1139.9, Count: 31842, OPS: 27.9, Avg(us): 118280, Min(us): 50848, Max(us): 152703, 50th(us): 118527, 90th(us): 126143, 95th(us): 128255, 99th(us): 132735, 99.9th(us): 141183, 99.99th(us): 149503
READ_ERROR - Takes(s): 1139.9, Count: 14967, OPS: 13.1, Avg(us): 118689, Min(us): 52288, Max(us): 159359, 50th(us): 118847, 90th(us): 126783, 95th(us): 129087, 99th(us): 134783, 99.9th(us): 142207, 99.99th(us): 159359
TOTAL  - Takes(s): 1139.9, Count: 34329, OPS: 30.1, Avg(us): 114271, Min(us): 50048, Max(us): 152703, 50th(us): 117951, 90th(us): 125887, 95th(us): 128063, 99th(us): 132479, 99.9th(us): 140927, 99.99th(us): 149503
INSERT - Takes(s): 1149.8, Count: 2505, OPS: 2.2, Avg(us): 62931, Min(us): 50048, Max(us): 120831, 50th(us): 62239, 90th(us): 66815, 95th(us): 68607, 99th(us): 95423, 99.9th(us): 109759, 99.99th(us): 120831
READ   - Takes(s): 1149.9, Count: 32156, OPS: 28.0, Avg(us): 118268, Min(us): 50848, Max(us): 152703, 50th(us): 118527, 90th(us): 126143, 95th(us): 128255, 99th(us): 132735, 99.9th(us): 141183, 99.99th(us): 149503
READ_ERROR - Takes(s): 1149.9, Count: 15069, OPS: 13.1, Avg(us): 118685, Min(us): 52288, Max(us): 159359, 50th(us): 118847, 90th(us): 126783, 95th(us): 129087, 99th(us): 134783, 99.9th(us): 142207, 99.99th(us): 159359
TOTAL  - Takes(s): 1149.9, Count: 34661, OPS: 30.1, Avg(us): 114269, Min(us): 50048, Max(us): 152703, 50th(us): 117951, 90th(us): 125887, 95th(us): 128063, 99th(us): 132479, 99.9th(us): 140927, 99.99th(us): 149503
**********************************************
Run finished, takes 19m17.246367846s
INSERT - Takes(s): 1157.0, Count: 2513, OPS: 2.2, Avg(us): 62927, Min(us): 50048, Max(us): 120831, 50th(us): 62239, 90th(us): 66815, 95th(us): 68543, 99th(us): 95423, 99.9th(us): 109759, 99.99th(us): 120831
READ   - Takes(s): 1157.1, Count: 32360, OPS: 28.0, Avg(us): 118266, Min(us): 50848, Max(us): 152703, 50th(us): 118527, 90th(us): 126143, 95th(us): 128255, 99th(us): 132735, 99.9th(us): 141183, 99.99th(us): 149503
READ_ERROR - Takes(s): 1157.2, Count: 15127, OPS: 13.1, Avg(us): 118682, Min(us): 52288, Max(us): 159359, 50th(us): 118847, 90th(us): 126783, 95th(us): 129087, 99th(us): 134783, 99.9th(us): 142207, 99.99th(us): 159359
TOTAL  - Takes(s): 1157.1, Count: 34873, OPS: 30.1, Avg(us): 114279, Min(us): 50048, Max(us): 152703, 50th(us): 117951, 90th(us): 125887, 95th(us): 127999, 99th(us): 132479, 99.9th(us): 140927, 99.99th(us): 149503
