Now loading data using DB:  etcd
core
Using request distribution 'uniform' a keyrange of [0 99999]
***************** properties *****************
"readallfields"="true"
"workload"="core"
"etcd.endpoints"="192.168.37.15:2379"
"etcd.dial_timeout"="10s"
"requestdistribution"="uniform"
"readproportion"="0.5"
"recordcount"="100000"
"docollectingdata"="false"
"updateproportion"="0.5"
"scanproportion"="0"
"operationcount"="50000"
"threadcount"="5"
"dotransactions"="true"
"insertproportion"="0"
"command"="run"
**********************************************
READ   - Takes(s): 9.9, Count: 150, OPS: 15.1, Avg(us): 124893, Min(us): 64256, Max(us): 154495, 50th(us): 137599, 90th(us): 145791, 95th(us): 148479, 99th(us): 153471, 99.9th(us): 154495, 99.99th(us): 154495
READ_ERROR - Takes(s): 9.9, Count: 99, OPS: 10.0, Avg(us): 130041, Min(us): 67520, Max(us): 153471, 50th(us): 138879, 90th(us): 145535, 95th(us): 148479, 99th(us): 152447, 99.9th(us): 153471, 99.99th(us): 153471
TOTAL  - Takes(s): 9.9, Count: 394, OPS: 39.7, Avg(us): 93413, Min(us): 62368, Max(us): 154495, 50th(us): 76159, 90th(us): 142719, 95th(us): 145407, 99th(us): 151679, 99.9th(us): 154495, 99.99th(us): 154495
UPDATE - Takes(s): 9.9, Count: 244, OPS: 24.6, Avg(us): 74061, Min(us): 62368, Max(us): 84543, 50th(us): 74175, 90th(us): 78335, 95th(us): 79551, 99th(us): 83519, 99.9th(us): 84543, 99.99th(us): 84543
READ   - Takes(s): 19.9, Count: 305, OPS: 15.3, Avg(us): 126198, Min(us): 63456, Max(us): 157567, 50th(us): 137599, 90th(us): 147071, 95th(us): 148607, 99th(us): 153343, 99.9th(us): 157567, 99.99th(us): 157567
READ_ERROR - Takes(s): 19.9, Count: 203, OPS: 10.2, Avg(us): 128508, Min(us): 66944, Max(us): 153471, 50th(us): 138623, 90th(us): 146431, 95th(us): 148991, 99th(us): 152063, 99.9th(us): 153471, 99.99th(us): 153471
TOTAL  - Takes(s): 19.9, Count: 780, OPS: 39.1, Avg(us): 94279, Min(us): 62368, Max(us): 157567, 50th(us): 76223, 90th(us): 143103, 95th(us): 145791, 99th(us): 150783, 99.9th(us): 154495, 99.99th(us): 157567
UPDATE - Takes(s): 19.9, Count: 475, OPS: 23.8, Avg(us): 73784, Min(us): 62368, Max(us): 84543, 50th(us): 73855, 90th(us): 78463, 95th(us): 79551, 99th(us): 83519, 99.9th(us): 84543, 99.99th(us): 84543
READ   - Takes(s): 29.9, Count: 444, OPS: 14.8, Avg(us): 125921, Min(us): 63456, Max(us): 157567, 50th(us): 138367, 90th(us): 146815, 95th(us): 148607, 99th(us): 152063, 99.9th(us): 157567, 99.99th(us): 157567
READ_ERROR - Takes(s): 29.9, Count: 308, OPS: 10.3, Avg(us): 128355, Min(us): 65728, Max(us): 153471, 50th(us): 139263, 90th(us): 146431, 95th(us): 148607, 99th(us): 152063, 99.9th(us): 153471, 99.99th(us): 153471
TOTAL  - Takes(s): 29.9, Count: 1181, OPS: 39.5, Avg(us): 93443, Min(us): 62368, Max(us): 157567, 50th(us): 76095, 90th(us): 143103, 95th(us): 145663, 99th(us): 150015, 99.9th(us): 154495, 99.99th(us): 157567
UPDATE - Takes(s): 29.9, Count: 737, OPS: 24.6, Avg(us): 73876, Min(us): 62368, Max(us): 84543, 50th(us): 73983, 90th(us): 78399, 95th(us): 79423, 99th(us): 83007, 99.9th(us): 83583, 99.99th(us): 84543
READ   - Takes(s): 39.9, Count: 605, OPS: 15.2, Avg(us): 127002, Min(us): 63456, Max(us): 157567, 50th(us): 138623, 90th(us): 147071, 95th(us): 148735, 99th(us): 152063, 99.9th(us): 154495, 99.99th(us): 157567
READ_ERROR - Takes(s): 39.9, Count: 404, OPS: 10.1, Avg(us): 127780, Min(us): 65728, Max(us): 153471, 50th(us): 139263, 90th(us): 146559, 95th(us): 148735, 99th(us): 151679, 99.9th(us): 153471, 99.99th(us): 153471
TOTAL  - Takes(s): 39.9, Count: 1567, OPS: 39.2, Avg(us): 94421, Min(us): 62336, Max(us): 157567, 50th(us): 76095, 90th(us): 143359, 95th(us): 146303, 99th(us): 150527, 99.9th(us): 153471, 99.99th(us): 157567
UPDATE - Takes(s): 39.9, Count: 962, OPS: 24.1, Avg(us): 73930, Min(us): 62336, Max(us): 84543, 50th(us): 73983, 90th(us): 78335, 95th(us): 79551, 99th(us): 82815, 99.9th(us): 83583, 99.99th(us): 84543
READ   - Takes(s): 49.9, Count: 775, OPS: 15.5, Avg(us): 127360, Min(us): 63456, Max(us): 157567, 50th(us): 138367, 90th(us): 146943, 95th(us): 148607, 99th(us): 151679, 99.9th(us): 154495, 99.99th(us): 157567
READ_ERROR - Takes(s): 49.9, Count: 480, OPS: 9.6, Avg(us): 127413, Min(us): 65728, Max(us): 153471, 50th(us): 138751, 90th(us): 146559, 95th(us): 148735, 99th(us): 151679, 99.9th(us): 153471, 99.99th(us): 153471
TOTAL  - Takes(s): 49.9, Count: 1988, OPS: 39.8, Avg(us): 94761, Min(us): 62336, Max(us): 157567, 50th(us): 76223, 90th(us): 143487, 95th(us): 146303, 99th(us): 150271, 99.9th(us): 153471, 99.99th(us): 157567
UPDATE - Takes(s): 49.9, Count: 1213, OPS: 24.3, Avg(us): 73933, Min(us): 62336, Max(us): 84543, 50th(us): 73983, 90th(us): 78399, 95th(us): 79679, 99th(us): 82623, 99.9th(us): 83583, 99.99th(us): 84543
READ   - Takes(s): 59.9, Count: 935, OPS: 15.6, Avg(us): 127394, Min(us): 63456, Max(us): 157567, 50th(us): 138111, 90th(us): 146943, 95th(us): 148607, 99th(us): 152063, 99.9th(us): 155263, 99.99th(us): 157567
READ_ERROR - Takes(s): 59.9, Count: 571, OPS: 9.5, Avg(us): 127628, Min(us): 63360, Max(us): 155519, 50th(us): 139391, 90th(us): 146559, 95th(us): 148607, 99th(us): 151679, 99.9th(us): 153471, 99.99th(us): 155519
TOTAL  - Takes(s): 59.9, Count: 2391, OPS: 39.9, Avg(us): 94860, Min(us): 62336, Max(us): 157567, 50th(us): 76287, 90th(us): 143103, 95th(us): 145919, 99th(us): 150271, 99.9th(us): 154879, 99.99th(us): 157567
UPDATE - Takes(s): 59.9, Count: 1456, OPS: 24.3, Avg(us): 73968, Min(us): 62336, Max(us): 84543, 50th(us): 74047, 90th(us): 78399, 95th(us): 79743, 99th(us): 82367, 99.9th(us): 83583, 99.99th(us): 84543
READ   - Takes(s): 69.9, Count: 1101, OPS: 15.7, Avg(us): 128307, Min(us): 63456, Max(us): 165887, 50th(us): 138495, 90th(us): 147199, 95th(us): 149247, 99th(us): 154879, 99.9th(us): 165759, 99.99th(us): 165887
READ_ERROR - Takes(s): 69.9, Count: 655, OPS: 9.4, Avg(us): 127653, Min(us): 63360, Max(us): 155519, 50th(us): 138879, 90th(us): 146815, 95th(us): 148735, 99th(us): 151935, 99.9th(us): 154111, 99.99th(us): 155519
TOTAL  - Takes(s): 69.9, Count: 2787, OPS: 39.9, Avg(us): 95505, Min(us): 62336, Max(us): 165887, 50th(us): 76415, 90th(us): 143615, 95th(us): 146559, 99th(us): 151551, 99.9th(us): 159359, 99.99th(us): 165887
UPDATE - Takes(s): 69.9, Count: 1686, OPS: 24.1, Avg(us): 74085, Min(us): 62336, Max(us): 104063, 50th(us): 74111, 90th(us): 78463, 95th(us): 79999, 99th(us): 83071, 99.9th(us): 91903, 99.99th(us): 104063
READ   - Takes(s): 79.9, Count: 1256, OPS: 15.7, Avg(us): 128226, Min(us): 61888, Max(us): 165887, 50th(us): 138111, 90th(us): 147327, 95th(us): 149247, 99th(us): 154495, 99.9th(us): 165759, 99.99th(us): 165887
READ_ERROR - Takes(s): 79.9, Count: 746, OPS: 9.3, Avg(us): 127593, Min(us): 63360, Max(us): 155519, 50th(us): 138495, 90th(us): 146943, 95th(us): 148991, 99th(us): 152063, 99.9th(us): 154367, 99.99th(us): 155519
TOTAL  - Takes(s): 79.9, Count: 3197, OPS: 40.0, Avg(us): 95301, Min(us): 61888, Max(us): 165887, 50th(us): 76287, 90th(us): 143487, 95th(us): 146559, 99th(us): 151167, 99.9th(us): 159359, 99.99th(us): 165887
UPDATE - Takes(s): 79.9, Count: 1941, OPS: 24.3, Avg(us): 73996, Min(us): 62336, Max(us): 104063, 50th(us): 74047, 90th(us): 78399, 95th(us): 79743, 99th(us): 83007, 99.9th(us): 91903, 99.99th(us): 104063
READ   - Takes(s): 89.9, Count: 1417, OPS: 15.8, Avg(us): 128336, Min(us): 61888, Max(us): 165887, 50th(us): 137983, 90th(us): 147455, 95th(us): 149503, 99th(us): 155263, 99.9th(us): 165759, 99.99th(us): 165887
READ_ERROR - Takes(s): 89.9, Count: 821, OPS: 9.1, Avg(us): 127911, Min(us): 63360, Max(us): 165503, 50th(us): 138367, 90th(us): 146943, 95th(us): 148991, 99th(us): 152319, 99.9th(us): 155519, 99.99th(us): 165503
TOTAL  - Takes(s): 89.9, Count: 3617, OPS: 40.2, Avg(us): 95326, Min(us): 61888, Max(us): 165887, 50th(us): 76415, 90th(us): 143487, 95th(us): 146559, 99th(us): 152063, 99.9th(us): 164095, 99.99th(us): 165887
UPDATE - Takes(s): 89.9, Count: 2200, OPS: 24.5, Avg(us): 74064, Min(us): 62336, Max(us): 104063, 50th(us): 74111, 90th(us): 78463, 95th(us): 79871, 99th(us): 83519, 99.9th(us): 92863, 99.99th(us): 104063
READ   - Takes(s): 99.9, Count: 1604, OPS: 16.1, Avg(us): 128207, Min(us): 61888, Max(us): 165887, 50th(us): 138111, 90th(us): 147327, 95th(us): 149375, 99th(us): 154879, 99.9th(us): 164479, 99.99th(us): 165887
READ_ERROR - Takes(s): 99.9, Count: 883, OPS: 8.8, Avg(us): 127752, Min(us): 63360, Max(us): 165503, 50th(us): 138367, 90th(us): 146943, 95th(us): 148863, 99th(us): 152063, 99.9th(us): 155519, 99.99th(us): 165503
TOTAL  - Takes(s): 99.9, Count: 4051, OPS: 40.5, Avg(us): 95474, Min(us): 61888, Max(us): 165887, 50th(us): 76351, 90th(us): 143487, 95th(us): 146559, 99th(us): 151679, 99.9th(us): 164095, 99.99th(us): 165887
UPDATE - Takes(s): 99.9, Count: 2447, OPS: 24.5, Avg(us): 74018, Min(us): 62336, Max(us): 104063, 50th(us): 74047, 90th(us): 78463, 95th(us): 79871, 99th(us): 83519, 99.9th(us): 92863, 99.99th(us): 104063
READ   - Takes(s): 109.9, Count: 1767, OPS: 16.1, Avg(us): 127954, Min(us): 61888, Max(us): 165887, 50th(us): 138111, 90th(us): 147455, 95th(us): 149503, 99th(us): 154495, 99.9th(us): 164479, 99.99th(us): 165887
READ_ERROR - Takes(s): 109.9, Count: 962, OPS: 8.8, Avg(us): 127665, Min(us): 63360, Max(us): 165503, 50th(us): 138367, 90th(us): 147071, 95th(us): 148735, 99th(us): 152063, 99.9th(us): 155519, 99.99th(us): 165503
TOTAL  - Takes(s): 109.9, Count: 4482, OPS: 40.8, Avg(us): 95271, Min(us): 61888, Max(us): 165887, 50th(us): 76287, 90th(us): 143487, 95th(us): 146687, 99th(us): 151551, 99.9th(us): 164095, 99.99th(us): 165887
UPDATE - Takes(s): 109.9, Count: 2715, OPS: 24.7, Avg(us): 74001, Min(us): 62336, Max(us): 104063, 50th(us): 74047, 90th(us): 78463, 95th(us): 79743, 99th(us): 83135, 99.9th(us): 92223, 99.99th(us): 104063
READ   - Takes(s): 119.9, Count: 1940, OPS: 16.2, Avg(us): 127608, Min(us): 61888, Max(us): 165887, 50th(us): 138111, 90th(us): 147455, 95th(us): 149503, 99th(us): 154495, 99.9th(us): 164479, 99.99th(us): 165887
READ_ERROR - Takes(s): 119.9, Count: 1029, OPS: 8.6, Avg(us): 127583, Min(us): 63360, Max(us): 165503, 50th(us): 138367, 90th(us): 147071, 95th(us): 148991, 99th(us): 152319, 99.9th(us): 155519, 99.99th(us): 165503
TOTAL  - Takes(s): 119.9, Count: 4923, OPS: 41.0, Avg(us): 95133, Min(us): 61888, Max(us): 165887, 50th(us): 76287, 90th(us): 143615, 95th(us): 146687, 99th(us): 151679, 99.9th(us): 162047, 99.99th(us): 165887
UPDATE - Takes(s): 119.9, Count: 2983, OPS: 24.9, Avg(us): 74013, Min(us): 62336, Max(us): 104063, 50th(us): 74111, 90th(us): 78463, 95th(us): 79807, 99th(us): 83135, 99.9th(us): 92223, 99.99th(us): 104063
READ   - Takes(s): 129.9, Count: 2113, OPS: 16.3, Avg(us): 127564, Min(us): 61888, Max(us): 165887, 50th(us): 138367, 90th(us): 147327, 95th(us): 149247, 99th(us): 154239, 99.9th(us): 164479, 99.99th(us): 165887
READ_ERROR - Takes(s): 129.9, Count: 1111, OPS: 8.6, Avg(us): 127683, Min(us): 63360, Max(us): 165503, 50th(us): 138367, 90th(us): 147071, 95th(us): 148863, 99th(us): 152191, 99.9th(us): 155519, 99.99th(us): 165503
TOTAL  - Takes(s): 129.9, Count: 5335, OPS: 41.1, Avg(us): 95199, Min(us): 61888, Max(us): 165887, 50th(us): 76287, 90th(us): 143615, 95th(us): 146687, 99th(us): 151167, 99.9th(us): 162047, 99.99th(us): 165759
UPDATE - Takes(s): 129.9, Count: 3222, OPS: 24.8, Avg(us): 73973, Min(us): 62336, Max(us): 104063, 50th(us): 74047, 90th(us): 78399, 95th(us): 79615, 99th(us): 83007, 99.9th(us): 92223, 99.99th(us): 104063
READ   - Takes(s): 139.9, Count: 2279, OPS: 16.3, Avg(us): 127981, Min(us): 61888, Max(us): 165887, 50th(us): 138495, 90th(us): 147455, 95th(us): 149503, 99th(us): 154239, 99.9th(us): 164479, 99.99th(us): 165887
READ_ERROR - Takes(s): 139.9, Count: 1187, OPS: 8.5, Avg(us): 127381, Min(us): 63360, Max(us): 165503, 50th(us): 138239, 90th(us): 147199, 95th(us): 148863, 99th(us): 152447, 99.9th(us): 155519, 99.99th(us): 165503
TOTAL  - Takes(s): 139.9, Count: 5753, OPS: 41.1, Avg(us): 95347, Min(us): 61888, Max(us): 165887, 50th(us): 76287, 90th(us): 143743, 95th(us): 146815, 99th(us): 151679, 99.9th(us): 159359, 99.99th(us): 165759
UPDATE - Takes(s): 139.9, Count: 3474, OPS: 24.8, Avg(us): 73938, Min(us): 62336, Max(us): 104063, 50th(us): 73983, 90th(us): 78399, 95th(us): 79551, 99th(us): 82879, 99.9th(us): 92223, 99.99th(us): 104063
READ   - Takes(s): 149.9, Count: 2454, OPS: 16.4, Avg(us): 127866, Min(us): 61888, Max(us): 165887, 50th(us): 138495, 90th(us): 147455, 95th(us): 149375, 99th(us): 153983, 99.9th(us): 164479, 99.99th(us): 165887
READ_ERROR - Takes(s): 149.9, Count: 1255, OPS: 8.4, Avg(us): 127151, Min(us): 63360, Max(us): 165503, 50th(us): 138239, 90th(us): 147199, 95th(us): 148991, 99th(us): 152447, 99.9th(us): 155519, 99.99th(us): 165503
TOTAL  - Takes(s): 149.9, Count: 6192, OPS: 41.3, Avg(us): 95286, Min(us): 61888, Max(us): 165887, 50th(us): 76223, 90th(us): 143871, 95th(us): 146815, 99th(us): 151423, 99.9th(us): 159359, 99.99th(us): 165759
UPDATE - Takes(s): 149.9, Count: 3738, OPS: 24.9, Avg(us): 73898, Min(us): 62336, Max(us): 104063, 50th(us): 73983, 90th(us): 78335, 95th(us): 79487, 99th(us): 82751, 99.9th(us): 91903, 99.99th(us): 104063
READ   - Takes(s): 159.9, Count: 2622, OPS: 16.4, Avg(us): 127694, Min(us): 61888, Max(us): 165887, 50th(us): 138367, 90th(us): 147327, 95th(us): 149247, 99th(us): 153855, 99.9th(us): 164223, 99.99th(us): 165887
READ_ERROR - Takes(s): 159.9, Count: 1342, OPS: 8.4, Avg(us): 126911, Min(us): 63360, Max(us): 165503, 50th(us): 138239, 90th(us): 147199, 95th(us): 148863, 99th(us): 152447, 99.9th(us): 155519, 99.99th(us): 165503
TOTAL  - Takes(s): 159.9, Count: 6610, OPS: 41.3, Avg(us): 95199, Min(us): 61888, Max(us): 165887, 50th(us): 76223, 90th(us): 143615, 95th(us): 146687, 99th(us): 151423, 99.9th(us): 158591, 99.99th(us): 165759
UPDATE - Takes(s): 159.9, Count: 3988, OPS: 24.9, Avg(us): 73834, Min(us): 62336, Max(us): 104063, 50th(us): 73919, 90th(us): 78207, 95th(us): 79423, 99th(us): 82559, 99.9th(us): 91903, 99.99th(us): 104063
READ   - Takes(s): 169.9, Count: 2787, OPS: 16.4, Avg(us): 127688, Min(us): 61888, Max(us): 165887, 50th(us): 138367, 90th(us): 147327, 95th(us): 149375, 99th(us): 153471, 99.9th(us): 164223, 99.99th(us): 165887
READ_ERROR - Takes(s): 169.9, Count: 1414, OPS: 8.3, Avg(us): 126729, Min(us): 63360, Max(us): 165503, 50th(us): 138111, 90th(us): 147199, 95th(us): 148863, 99th(us): 152447, 99.9th(us): 155519, 99.99th(us): 165503
TOTAL  - Takes(s): 169.9, Count: 7053, OPS: 41.5, Avg(us): 95059, Min(us): 61888, Max(us): 165887, 50th(us): 76095, 90th(us): 143615, 95th(us): 146687, 99th(us): 151295, 99.9th(us): 158591, 99.99th(us): 165759
UPDATE - Takes(s): 169.9, Count: 4266, OPS: 25.1, Avg(us): 73742, Min(us): 62336, Max(us): 104063, 50th(us): 73855, 90th(us): 78079, 95th(us): 79359, 99th(us): 82495, 99.9th(us): 91903, 99.99th(us): 104063
READ   - Takes(s): 179.9, Count: 2972, OPS: 16.5, Avg(us): 127544, Min(us): 61888, Max(us): 165887, 50th(us): 138239, 90th(us): 147327, 95th(us): 149119, 99th(us): 153343, 99.9th(us): 164223, 99.99th(us): 165887
READ_ERROR - Takes(s): 179.9, Count: 1476, OPS: 8.2, Avg(us): 126901, Min(us): 63360, Max(us): 165503, 50th(us): 138111, 90th(us): 147071, 95th(us): 148735, 99th(us): 152447, 99.9th(us): 155519, 99.99th(us): 165503
TOTAL  - Takes(s): 179.9, Count: 7493, OPS: 41.6, Avg(us): 95050, Min(us): 61888, Max(us): 165887, 50th(us): 76095, 90th(us): 143615, 95th(us): 146559, 99th(us): 151167, 99.9th(us): 158591, 99.99th(us): 165759
UPDATE - Takes(s): 179.9, Count: 4521, OPS: 25.1, Avg(us): 73689, Min(us): 62336, Max(us): 104063, 50th(us): 73791, 90th(us): 78015, 95th(us): 79231, 99th(us): 82431, 99.9th(us): 91903, 99.99th(us): 104063
READ   - Takes(s): 189.9, Count: 3162, OPS: 16.6, Avg(us): 127358, Min(us): 61888, Max(us): 165887, 50th(us): 138111, 90th(us): 147327, 95th(us): 149119, 99th(us): 153215, 99.9th(us): 164223, 99.99th(us): 165887
READ_ERROR - Takes(s): 189.9, Count: 1557, OPS: 8.2, Avg(us): 126721, Min(us): 63360, Max(us): 165503, 50th(us): 137983, 90th(us): 147199, 95th(us): 148863, 99th(us): 152319, 99.9th(us): 155519, 99.99th(us): 165503
TOTAL  - Takes(s): 189.9, Count: 7907, OPS: 41.6, Avg(us): 95146, Min(us): 61888, Max(us): 165887, 50th(us): 76095, 90th(us): 143615, 95th(us): 146559, 99th(us): 151295, 99.9th(us): 158335, 99.99th(us): 165759
UPDATE - Takes(s): 189.9, Count: 4745, OPS: 25.0, Avg(us): 73681, Min(us): 62336, Max(us): 104063, 50th(us): 73791, 90th(us): 78015, 95th(us): 79231, 99th(us): 82495, 99.9th(us): 91903, 99.99th(us): 104063
READ   - Takes(s): 199.9, Count: 3336, OPS: 16.7, Avg(us): 127212, Min(us): 61888, Max(us): 165887, 50th(us): 138111, 90th(us): 147327, 95th(us): 149119, 99th(us): 153087, 99.9th(us): 164223, 99.99th(us): 165887
READ_ERROR - Takes(s): 199.9, Count: 1634, OPS: 8.2, Avg(us): 126511, Min(us): 63360, Max(us): 165503, 50th(us): 137983, 90th(us): 147071, 95th(us): 148863, 99th(us): 152319, 99.9th(us): 155519, 99.99th(us): 165503
TOTAL  - Takes(s): 199.9, Count: 8339, OPS: 41.7, Avg(us): 95085, Min(us): 61888, Max(us): 165887, 50th(us): 76095, 90th(us): 143615, 95th(us): 146559, 99th(us): 151167, 99.9th(us): 158335, 99.99th(us): 165759
UPDATE - Takes(s): 199.9, Count: 5003, OPS: 25.0, Avg(us): 73662, Min(us): 62336, Max(us): 104063, 50th(us): 73791, 90th(us): 77951, 95th(us): 79167, 99th(us): 82367, 99.9th(us): 91903, 99.99th(us): 98623
READ   - Takes(s): 209.9, Count: 3508, OPS: 16.7, Avg(us): 127297, Min(us): 61888, Max(us): 165887, 50th(us): 138239, 90th(us): 147199, 95th(us): 149119, 99th(us): 153087, 99.9th(us): 164095, 99.99th(us): 165887
READ_ERROR - Takes(s): 209.9, Count: 1703, OPS: 8.1, Avg(us): 126485, Min(us): 63360, Max(us): 165503, 50th(us): 138111, 90th(us): 147071, 95th(us): 148735, 99th(us): 152191, 99.9th(us): 155519, 99.99th(us): 165503
TOTAL  - Takes(s): 209.9, Count: 8775, OPS: 41.8, Avg(us): 95081, Min(us): 61888, Max(us): 165887, 50th(us): 76095, 90th(us): 143615, 95th(us): 146559, 99th(us): 151039, 99.9th(us): 157823, 99.99th(us): 165759
UPDATE - Takes(s): 209.9, Count: 5267, OPS: 25.1, Avg(us): 73623, Min(us): 62336, Max(us): 104063, 50th(us): 73727, 90th(us): 77951, 95th(us): 79167, 99th(us): 82367, 99.9th(us): 91903, 99.99th(us): 98623
READ   - Takes(s): 219.9, Count: 3683, OPS: 16.7, Avg(us): 127175, Min(us): 61888, Max(us): 165887, 50th(us): 138239, 90th(us): 147199, 95th(us): 149119, 99th(us): 153087, 99.9th(us): 164095, 99.99th(us): 165887
READ_ERROR - Takes(s): 219.9, Count: 1775, OPS: 8.1, Avg(us): 126244, Min(us): 63360, Max(us): 165503, 50th(us): 138111, 90th(us): 146943, 95th(us): 148735, 99th(us): 152063, 99.9th(us): 155519, 99.99th(us): 165503
TOTAL  - Takes(s): 219.9, Count: 9217, OPS: 41.9, Avg(us): 95003, Min(us): 61888, Max(us): 165887, 50th(us): 76031, 90th(us): 143487, 95th(us): 146559, 99th(us): 151039, 99.9th(us): 157823, 99.99th(us): 165759
UPDATE - Takes(s): 219.9, Count: 5534, OPS: 25.2, Avg(us): 73592, Min(us): 62336, Max(us): 104063, 50th(us): 73727, 90th(us): 77887, 95th(us): 79103, 99th(us): 82303, 99.9th(us): 91839, 99.99th(us): 98623
READ   - Takes(s): 229.9, Count: 3853, OPS: 16.8, Avg(us): 127098, Min(us): 61888, Max(us): 165887, 50th(us): 138239, 90th(us): 147199, 95th(us): 149119, 99th(us): 153087, 99.9th(us): 164095, 99.99th(us): 165887
READ_ERROR - Takes(s): 229.9, Count: 1853, OPS: 8.1, Avg(us): 126061, Min(us): 63360, Max(us): 165503, 50th(us): 138111, 90th(us): 147071, 95th(us): 148863, 99th(us): 152191, 99.9th(us): 155519, 99.99th(us): 165503
TOTAL  - Takes(s): 229.9, Count: 9644, OPS: 41.9, Avg(us): 94973, Min(us): 61888, Max(us): 165887, 50th(us): 76031, 90th(us): 143487, 95th(us): 146431, 99th(us): 151039, 99.9th(us): 157695, 99.99th(us): 165759
UPDATE - Takes(s): 229.9, Count: 5791, OPS: 25.2, Avg(us): 73598, Min(us): 62336, Max(us): 104063, 50th(us): 73727, 90th(us): 77951, 95th(us): 79103, 99th(us): 82303, 99.9th(us): 91839, 99.99th(us): 98623
READ   - Takes(s): 239.9, Count: 4048, OPS: 16.9, Avg(us): 126950, Min(us): 61888, Max(us): 165887, 50th(us): 138239, 90th(us): 147327, 95th(us): 149119, 99th(us): 153087, 99.9th(us): 164095, 99.99th(us): 165887
READ_ERROR - Takes(s): 239.9, Count: 1908, OPS: 8.0, Avg(us): 126270, Min(us): 63360, Max(us): 165503, 50th(us): 138239, 90th(us): 147071, 95th(us): 148863, 99th(us): 152191, 99.9th(us): 155519, 99.99th(us): 165503
TOTAL  - Takes(s): 239.9, Count: 10092, OPS: 42.1, Avg(us): 94980, Min(us): 61888, Max(us): 165887, 50th(us): 76031, 90th(us): 143487, 95th(us): 146559, 99th(us): 151039, 99.9th(us): 157695, 99.99th(us): 165759
UPDATE - Takes(s): 239.9, Count: 6044, OPS: 25.2, Avg(us): 73568, Min(us): 62336, Max(us): 104063, 50th(us): 73663, 90th(us): 77887, 95th(us): 79103, 99th(us): 82175, 99.9th(us): 91839, 99.99th(us): 98623
READ   - Takes(s): 249.9, Count: 4224, OPS: 16.9, Avg(us): 126989, Min(us): 61888, Max(us): 165887, 50th(us): 138239, 90th(us): 147199, 95th(us): 149119, 99th(us): 153087, 99.9th(us): 164095, 99.99th(us): 165887
READ_ERROR - Takes(s): 249.9, Count: 1979, OPS: 7.9, Avg(us): 126342, Min(us): 63360, Max(us): 165503, 50th(us): 138239, 90th(us): 146943, 95th(us): 148735, 99th(us): 152063, 99.9th(us): 155519, 99.99th(us): 165503
TOTAL  - Takes(s): 249.9, Count: 10522, OPS: 42.1, Avg(us): 95003, Min(us): 61888, Max(us): 165887, 50th(us): 76031, 90th(us): 143615, 95th(us): 146431, 99th(us): 151039, 99.9th(us): 157567, 99.99th(us): 165759
UPDATE - Takes(s): 249.9, Count: 6298, OPS: 25.2, Avg(us): 73551, Min(us): 62336, Max(us): 104063, 50th(us): 73663, 90th(us): 77887, 95th(us): 79039, 99th(us): 81983, 99.9th(us): 91839, 99.99th(us): 98623
READ   - Takes(s): 259.9, Count: 4405, OPS: 16.9, Avg(us): 127051, Min(us): 61888, Max(us): 165887, 50th(us): 138367, 90th(us): 147327, 95th(us): 149119, 99th(us): 153087, 99.9th(us): 164095, 99.99th(us): 165887
READ_ERROR - Takes(s): 259.9, Count: 2042, OPS: 7.9, Avg(us): 126503, Min(us): 63360, Max(us): 165503, 50th(us): 138239, 90th(us): 147071, 95th(us): 148735, 99th(us): 152063, 99.9th(us): 155519, 99.99th(us): 165503
TOTAL  - Takes(s): 259.9, Count: 10953, OPS: 42.1, Avg(us): 95068, Min(us): 61888, Max(us): 165887, 50th(us): 76031, 90th(us): 143615, 95th(us): 146559, 99th(us): 151039, 99.9th(us): 157567, 99.99th(us): 165759
UPDATE - Takes(s): 259.9, Count: 6548, OPS: 25.2, Avg(us): 73552, Min(us): 62336, Max(us): 104063, 50th(us): 73663, 90th(us): 77887, 95th(us): 79039, 99th(us): 81855, 99.9th(us): 91711, 99.99th(us): 98623
READ   - Takes(s): 269.9, Count: 4595, OPS: 17.0, Avg(us): 126938, Min(us): 61888, Max(us): 165887, 50th(us): 138239, 90th(us): 147327, 95th(us): 149119, 99th(us): 153087, 99.9th(us): 162047, 99.99th(us): 165887
READ_ERROR - Takes(s): 269.9, Count: 2100, OPS: 7.8, Avg(us): 126566, Min(us): 63360, Max(us): 165503, 50th(us): 138239, 90th(us): 147199, 95th(us): 148863, 99th(us): 152319, 99.9th(us): 155519, 99.99th(us): 165503
TOTAL  - Takes(s): 269.9, Count: 11402, OPS: 42.2, Avg(us): 95065, Min(us): 61888, Max(us): 165887, 50th(us): 76031, 90th(us): 143615, 95th(us): 146559, 99th(us): 151039, 99.9th(us): 157567, 99.99th(us): 165759
UPDATE - Takes(s): 269.9, Count: 6807, OPS: 25.2, Avg(us): 73549, Min(us): 62336, Max(us): 104063, 50th(us): 73663, 90th(us): 77887, 95th(us): 79039, 99th(us): 81855, 99.9th(us): 91711, 99.99th(us): 98623
READ   - Takes(s): 279.9, Count: 4766, OPS: 17.0, Avg(us): 127031, Min(us): 61888, Max(us): 165887, 50th(us): 138239, 90th(us): 147327, 95th(us): 149119, 99th(us): 152959, 99.9th(us): 162047, 99.99th(us): 165887
READ_ERROR - Takes(s): 279.9, Count: 2171, OPS: 7.8, Avg(us): 126582, Min(us): 63360, Max(us): 165503, 50th(us): 138367, 90th(us): 147199, 95th(us): 148863, 99th(us): 152319, 99.9th(us): 155519, 99.99th(us): 165503
TOTAL  - Takes(s): 279.9, Count: 11831, OPS: 42.3, Avg(us): 95092, Min(us): 61888, Max(us): 165887, 50th(us): 76031, 90th(us): 143615, 95th(us): 146559, 99th(us): 151039, 99.9th(us): 157567, 99.99th(us): 165759
UPDATE - Takes(s): 279.9, Count: 7065, OPS: 25.2, Avg(us): 73546, Min(us): 62336, Max(us): 104063, 50th(us): 73663, 90th(us): 77823, 95th(us): 78975, 99th(us): 81983, 99.9th(us): 91711, 99.99th(us): 98623
READ   - Takes(s): 289.9, Count: 4966, OPS: 17.1, Avg(us): 126962, Min(us): 61888, Max(us): 165887, 50th(us): 138239, 90th(us): 147327, 95th(us): 149247, 99th(us): 153087, 99.9th(us): 162047, 99.99th(us): 165887
READ_ERROR - Takes(s): 289.9, Count: 2217, OPS: 7.6, Avg(us): 126618, Min(us): 63360, Max(us): 165503, 50th(us): 138367, 90th(us): 147071, 95th(us): 148863, 99th(us): 152319, 99.9th(us): 155519, 99.99th(us): 165503
TOTAL  - Takes(s): 289.9, Count: 12284, OPS: 42.4, Avg(us): 95129, Min(us): 61888, Max(us): 165887, 50th(us): 76031, 90th(us): 143615, 95th(us): 146687, 99th(us): 151167, 99.9th(us): 157567, 99.99th(us): 165759
UPDATE - Takes(s): 289.9, Count: 7318, OPS: 25.2, Avg(us): 73527, Min(us): 62336, Max(us): 104063, 50th(us): 73663, 90th(us): 77823, 95th(us): 78975, 99th(us): 81983, 99.9th(us): 91711, 99.99th(us): 98623
READ   - Takes(s): 299.9, Count: 5161, OPS: 17.2, Avg(us): 126981, Min(us): 61888, Max(us): 165887, 50th(us): 138367, 90th(us): 147327, 95th(us): 149119, 99th(us): 153087, 99.9th(us): 162047, 99.99th(us): 165759
READ_ERROR - Takes(s): 299.9, Count: 2284, OPS: 7.6, Avg(us): 126639, Min(us): 63360, Max(us): 165503, 50th(us): 138367, 90th(us): 147071, 95th(us): 148863, 99th(us): 152319, 99.9th(us): 155519, 99.99th(us): 165503
TOTAL  - Takes(s): 299.9, Count: 12709, OPS: 42.4, Avg(us): 95232, Min(us): 61888, Max(us): 165887, 50th(us): 76031, 90th(us): 143615, 95th(us): 146687, 99th(us): 151039, 99.9th(us): 156671, 99.99th(us): 165759
UPDATE - Takes(s): 299.9, Count: 7548, OPS: 25.2, Avg(us): 73523, Min(us): 62336, Max(us): 104063, 50th(us): 73663, 90th(us): 77823, 95th(us): 78975, 99th(us): 82111, 99.9th(us): 91647, 99.99th(us): 98623
READ   - Takes(s): 309.9, Count: 5354, OPS: 17.3, Avg(us): 127022, Min(us): 61888, Max(us): 165887, 50th(us): 138239, 90th(us): 147455, 95th(us): 149247, 99th(us): 153087, 99.9th(us): 162047, 99.99th(us): 165759
READ_ERROR - Takes(s): 309.9, Count: 2329, OPS: 7.5, Avg(us): 126665, Min(us): 63072, Max(us): 165503, 50th(us): 138367, 90th(us): 147071, 95th(us): 148863, 99th(us): 152319, 99.9th(us): 155519, 99.99th(us): 165503
TOTAL  - Takes(s): 309.9, Count: 13167, OPS: 42.5, Avg(us): 95286, Min(us): 61888, Max(us): 165887, 50th(us): 76095, 90th(us): 143615, 95th(us): 146815, 99th(us): 151167, 99.9th(us): 156671, 99.99th(us): 165759
UPDATE - Takes(s): 309.9, Count: 7813, OPS: 25.2, Avg(us): 73539, Min(us): 62208, Max(us): 104063, 50th(us): 73663, 90th(us): 77887, 95th(us): 79039, 99th(us): 81855, 99.9th(us): 91647, 99.99th(us): 98623
READ   - Takes(s): 319.9, Count: 5559, OPS: 17.4, Avg(us): 127016, Min(us): 61888, Max(us): 165887, 50th(us): 138239, 90th(us): 147327, 95th(us): 149119, 99th(us): 153087, 99.9th(us): 159359, 99.99th(us): 165759
READ_ERROR - Takes(s): 319.9, Count: 2383, OPS: 7.5, Avg(us): 126807, Min(us): 62176, Max(us): 165503, 50th(us): 138495, 90th(us): 147071, 95th(us): 148735, 99th(us): 152319, 99.9th(us): 155519, 99.99th(us): 165503
TOTAL  - Takes(s): 319.9, Count: 13598, OPS: 42.5, Avg(us): 95400, Min(us): 61888, Max(us): 165887, 50th(us): 76095, 90th(us): 143615, 95th(us): 146687, 99th(us): 151039, 99.9th(us): 156671, 99.99th(us): 165759
UPDATE - Takes(s): 319.9, Count: 8039, OPS: 25.1, Avg(us): 73537, Min(us): 62208, Max(us): 104063, 50th(us): 73663, 90th(us): 77887, 95th(us): 78975, 99th(us): 81855, 99.9th(us): 91647, 99.99th(us): 98623
READ   - Takes(s): 329.9, Count: 5750, OPS: 17.4, Avg(us): 126980, Min(us): 61888, Max(us): 165887, 50th(us): 138111, 90th(us): 147327, 95th(us): 149119, 99th(us): 153087, 99.9th(us): 159359, 99.99th(us): 165759
READ_ERROR - Takes(s): 329.9, Count: 2436, OPS: 7.4, Avg(us): 126762, Min(us): 62176, Max(us): 165503, 50th(us): 138495, 90th(us): 147071, 95th(us): 148735, 99th(us): 152319, 99.9th(us): 155519, 99.99th(us): 165503
TOTAL  - Takes(s): 329.9, Count: 14053, OPS: 42.6, Avg(us): 95420, Min(us): 61888, Max(us): 165887, 50th(us): 76095, 90th(us): 143615, 95th(us): 146687, 99th(us): 151167, 99.9th(us): 156671, 99.99th(us): 165759
UPDATE - Takes(s): 329.9, Count: 8303, OPS: 25.2, Avg(us): 73564, Min(us): 62208, Max(us): 104063, 50th(us): 73663, 90th(us): 77887, 95th(us): 79039, 99th(us): 82047, 99.9th(us): 91647, 99.99th(us): 98623
READ   - Takes(s): 339.9, Count: 5942, OPS: 17.5, Avg(us): 126981, Min(us): 61888, Max(us): 191999, 50th(us): 138111, 90th(us): 147455, 95th(us): 149247, 99th(us): 153471, 99.9th(us): 164479, 99.99th(us): 180095
READ_ERROR - Takes(s): 339.9, Count: 2489, OPS: 7.3, Avg(us): 126997, Min(us): 62176, Max(us): 171647, 50th(us): 138495, 90th(us): 147199, 95th(us): 148991, 99th(us): 152575, 99.9th(us): 165503, 99.99th(us): 171647
TOTAL  - Takes(s): 339.9, Count: 14486, OPS: 42.6, Avg(us): 95502, Min(us): 61888, Max(us): 191999, 50th(us): 76159, 90th(us): 143743, 95th(us): 146815, 99th(us): 151295, 99.9th(us): 158335, 99.99th(us): 180095
UPDATE - Takes(s): 339.9, Count: 8544, OPS: 25.1, Avg(us): 73609, Min(us): 62208, Max(us): 107839, 50th(us): 73663, 90th(us): 77951, 95th(us): 79103, 99th(us): 82495, 99.9th(us): 92863, 99.99th(us): 104063
READ   - Takes(s): 349.9, Count: 6133, OPS: 17.5, Avg(us): 126849, Min(us): 61888, Max(us): 191999, 50th(us): 138111, 90th(us): 147455, 95th(us): 149247, 99th(us): 153343, 99.9th(us): 164479, 99.99th(us): 180095
READ_ERROR - Takes(s): 349.9, Count: 2540, OPS: 7.3, Avg(us): 127038, Min(us): 62176, Max(us): 171647, 50th(us): 138623, 90th(us): 147199, 95th(us): 148991, 99th(us): 152575, 99.9th(us): 164479, 99.99th(us): 171647
TOTAL  - Takes(s): 349.9, Count: 14949, OPS: 42.7, Avg(us): 95454, Min(us): 61888, Max(us): 191999, 50th(us): 76159, 90th(us): 143743, 95th(us): 146815, 99th(us): 151167, 99.9th(us): 158079, 99.99th(us): 180095
UPDATE - Takes(s): 349.9, Count: 8816, OPS: 25.2, Avg(us): 73613, Min(us): 62208, Max(us): 107839, 50th(us): 73663, 90th(us): 77951, 95th(us): 79103, 99th(us): 82495, 99.9th(us): 92863, 99.99th(us): 104063
READ   - Takes(s): 359.9, Count: 6337, OPS: 17.6, Avg(us): 126858, Min(us): 61888, Max(us): 191999, 50th(us): 138111, 90th(us): 147455, 95th(us): 149119, 99th(us): 153343, 99.9th(us): 164479, 99.99th(us): 180095
READ_ERROR - Takes(s): 359.9, Count: 2589, OPS: 7.2, Avg(us): 127018, Min(us): 62176, Max(us): 171647, 50th(us): 138623, 90th(us): 147199, 95th(us): 148991, 99th(us): 152575, 99.9th(us): 164479, 99.99th(us): 171647
TOTAL  - Takes(s): 359.9, Count: 15392, OPS: 42.8, Avg(us): 95533, Min(us): 61888, Max(us): 191999, 50th(us): 76159, 90th(us): 143743, 95th(us): 146815, 99th(us): 151167, 99.9th(us): 158079, 99.99th(us): 172287
UPDATE - Takes(s): 359.9, Count: 9055, OPS: 25.2, Avg(us): 73611, Min(us): 62208, Max(us): 107839, 50th(us): 73663, 90th(us): 77951, 95th(us): 79103, 99th(us): 82495, 99.9th(us): 92863, 99.99th(us): 104063
READ   - Takes(s): 369.9, Count: 6538, OPS: 17.7, Avg(us): 126911, Min(us): 61888, Max(us): 191999, 50th(us): 138239, 90th(us): 147455, 95th(us): 149247, 99th(us): 153471, 99.9th(us): 164223, 99.99th(us): 180095
READ_ERROR - Takes(s): 369.9, Count: 2639, OPS: 7.1, Avg(us): 127009, Min(us): 62176, Max(us): 171647, 50th(us): 138623, 90th(us): 147199, 95th(us): 148991, 99th(us): 152575, 99.9th(us): 164479, 99.99th(us): 171647
TOTAL  - Takes(s): 369.9, Count: 15839, OPS: 42.8, Avg(us): 95613, Min(us): 61888, Max(us): 191999, 50th(us): 76159, 90th(us): 143743, 95th(us): 146815, 99th(us): 151295, 99.9th(us): 158079, 99.99th(us): 172287
UPDATE - Takes(s): 369.9, Count: 9301, OPS: 25.1, Avg(us): 73613, Min(us): 62208, Max(us): 107839, 50th(us): 73663, 90th(us): 77951, 95th(us): 79103, 99th(us): 82495, 99.9th(us): 92863, 99.99th(us): 104063
READ   - Takes(s): 379.9, Count: 6741, OPS: 17.7, Avg(us): 126880, Min(us): 61888, Max(us): 191999, 50th(us): 138111, 90th(us): 147455, 95th(us): 149247, 99th(us): 153343, 99.9th(us): 164223, 99.99th(us): 180095
READ_ERROR - Takes(s): 379.9, Count: 2676, OPS: 7.0, Avg(us): 127054, Min(us): 62176, Max(us): 171647, 50th(us): 138623, 90th(us): 147199, 95th(us): 148991, 99th(us): 152575, 99.9th(us): 164479, 99.99th(us): 171647
TOTAL  - Takes(s): 379.9, Count: 16305, OPS: 42.9, Avg(us): 95648, Min(us): 61888, Max(us): 191999, 50th(us): 76159, 90th(us): 143743, 95th(us): 146815, 99th(us): 151295, 99.9th(us): 158079, 99.99th(us): 172287
UPDATE - Takes(s): 379.9, Count: 9564, OPS: 25.2, Avg(us): 73634, Min(us): 62208, Max(us): 107839, 50th(us): 73727, 90th(us): 78015, 95th(us): 79103, 99th(us): 82559, 99.9th(us): 92223, 99.99th(us): 104063
READ   - Takes(s): 389.9, Count: 6954, OPS: 17.8, Avg(us): 126917, Min(us): 61888, Max(us): 191999, 50th(us): 138239, 90th(us): 147455, 95th(us): 149247, 99th(us): 153471, 99.9th(us): 164223, 99.99th(us): 180095
READ_ERROR - Takes(s): 389.9, Count: 2712, OPS: 7.0, Avg(us): 127002, Min(us): 62176, Max(us): 171647, 50th(us): 138623, 90th(us): 147199, 95th(us): 148991, 99th(us): 152703, 99.9th(us): 164479, 99.99th(us): 171647
TOTAL  - Takes(s): 389.9, Count: 16765, OPS: 43.0, Avg(us): 95741, Min(us): 61888, Max(us): 191999, 50th(us): 76223, 90th(us): 143871, 95th(us): 146943, 99th(us): 151423, 99.9th(us): 157823, 99.99th(us): 172287
UPDATE - Takes(s): 389.9, Count: 9811, OPS: 25.2, Avg(us): 73644, Min(us): 62208, Max(us): 107839, 50th(us): 73727, 90th(us): 78015, 95th(us): 79103, 99th(us): 82623, 99.9th(us): 92223, 99.99th(us): 104063
READ   - Takes(s): 399.9, Count: 7153, OPS: 17.9, Avg(us): 126815, Min(us): 61888, Max(us): 191999, 50th(us): 138239, 90th(us): 147455, 95th(us): 149247, 99th(us): 153343, 99.9th(us): 164223, 99.99th(us): 180095
READ_ERROR - Takes(s): 399.9, Count: 2754, OPS: 6.9, Avg(us): 127057, Min(us): 62176, Max(us): 171647, 50th(us): 138623, 90th(us): 147199, 95th(us): 148991, 99th(us): 152575, 99.9th(us): 164479, 99.99th(us): 171647
TOTAL  - Takes(s): 399.9, Count: 17233, OPS: 43.1, Avg(us): 95722, Min(us): 61888, Max(us): 191999, 50th(us): 76223, 90th(us): 143871, 95th(us): 146815, 99th(us): 151423, 99.9th(us): 157823, 99.99th(us): 172287
UPDATE - Takes(s): 399.9, Count: 10080, OPS: 25.2, Avg(us): 73658, Min(us): 62208, Max(us): 107839, 50th(us): 73727, 90th(us): 78015, 95th(us): 79167, 99th(us): 82687, 99.9th(us): 92223, 99.99th(us): 104063
READ   - Takes(s): 409.9, Count: 7347, OPS: 17.9, Avg(us): 126868, Min(us): 61888, Max(us): 191999, 50th(us): 138239, 90th(us): 147455, 95th(us): 149247, 99th(us): 153343, 99.9th(us): 164223, 99.99th(us): 180095
READ_ERROR - Takes(s): 409.9, Count: 2813, OPS: 6.9, Avg(us): 127127, Min(us): 62176, Max(us): 171647, 50th(us): 138623, 90th(us): 147199, 95th(us): 148991, 99th(us): 152703, 99.9th(us): 164479, 99.99th(us): 171647
TOTAL  - Takes(s): 409.9, Count: 17663, OPS: 43.1, Avg(us): 95794, Min(us): 61888, Max(us): 191999, 50th(us): 76223, 90th(us): 143871, 95th(us): 146815, 99th(us): 151423, 99.9th(us): 157695, 99.99th(us): 172287
UPDATE - Takes(s): 409.9, Count: 10316, OPS: 25.2, Avg(us): 73663, Min(us): 62208, Max(us): 107839, 50th(us): 73727, 90th(us): 78015, 95th(us): 79167, 99th(us): 82687, 99.9th(us): 92223, 99.99th(us): 104063
READ   - Takes(s): 419.9, Count: 7543, OPS: 18.0, Avg(us): 126773, Min(us): 61888, Max(us): 191999, 50th(us): 138239, 90th(us): 147455, 95th(us): 149247, 99th(us): 153343, 99.9th(us): 164223, 99.99th(us): 180095
READ_ERROR - Takes(s): 419.9, Count: 2862, OPS: 6.8, Avg(us): 127186, Min(us): 62176, Max(us): 171647, 50th(us): 138623, 90th(us): 147071, 95th(us): 148991, 99th(us): 152703, 99.9th(us): 164479, 99.99th(us): 171647
TOTAL  - Takes(s): 419.9, Count: 18124, OPS: 43.2, Avg(us): 95762, Min(us): 61888, Max(us): 191999, 50th(us): 76223, 90th(us): 143871, 95th(us): 146815, 99th(us): 151423, 99.9th(us): 157695, 99.99th(us): 172287
UPDATE - Takes(s): 419.9, Count: 10581, OPS: 25.2, Avg(us): 73655, Min(us): 62208, Max(us): 107839, 50th(us): 73727, 90th(us): 78015, 95th(us): 79167, 99th(us): 82623, 99.9th(us): 92159, 99.99th(us): 104063
READ   - Takes(s): 429.9, Count: 7742, OPS: 18.0, Avg(us): 126802, Min(us): 61888, Max(us): 191999, 50th(us): 138111, 90th(us): 147455, 95th(us): 149247, 99th(us): 153343, 99.9th(us): 164223, 99.99th(us): 180095
READ_ERROR - Takes(s): 429.9, Count: 2922, OPS: 6.8, Avg(us): 127189, Min(us): 62176, Max(us): 171647, 50th(us): 138495, 90th(us): 147199, 95th(us): 148991, 99th(us): 152703, 99.9th(us): 164479, 99.99th(us): 171647
TOTAL  - Takes(s): 429.9, Count: 18550, OPS: 43.1, Avg(us): 95838, Min(us): 61888, Max(us): 191999, 50th(us): 76223, 90th(us): 143871, 95th(us): 146815, 99th(us): 151423, 99.9th(us): 157695, 99.99th(us): 172287
UPDATE - Takes(s): 429.9, Count: 10808, OPS: 25.1, Avg(us): 73658, Min(us): 62208, Max(us): 107839, 50th(us): 73727, 90th(us): 78015, 95th(us): 79167, 99th(us): 82559, 99.9th(us): 92159, 99.99th(us): 104063
READ   - Takes(s): 439.9, Count: 7930, OPS: 18.0, Avg(us): 126797, Min(us): 61888, Max(us): 191999, 50th(us): 138111, 90th(us): 147455, 95th(us): 149247, 99th(us): 153343, 99.9th(us): 164223, 99.99th(us): 180095
READ_ERROR - Takes(s): 439.9, Count: 2976, OPS: 6.8, Avg(us): 127077, Min(us): 62176, Max(us): 171647, 50th(us): 138495, 90th(us): 147071, 95th(us): 148991, 99th(us): 152703, 99.9th(us): 164479, 99.99th(us): 171647
TOTAL  - Takes(s): 439.9, Count: 19006, OPS: 43.2, Avg(us): 95819, Min(us): 61888, Max(us): 191999, 50th(us): 76223, 90th(us): 143743, 95th(us): 146815, 99th(us): 151295, 99.9th(us): 157695, 99.99th(us): 172287
UPDATE - Takes(s): 439.9, Count: 11076, OPS: 25.2, Avg(us): 73639, Min(us): 62208, Max(us): 107839, 50th(us): 73727, 90th(us): 78015, 95th(us): 79103, 99th(us): 82559, 99.9th(us): 92159, 99.99th(us): 104063
READ   - Takes(s): 449.9, Count: 8133, OPS: 18.1, Avg(us): 126735, Min(us): 61888, Max(us): 191999, 50th(us): 138111, 90th(us): 147455, 95th(us): 149247, 99th(us): 153343, 99.9th(us): 164223, 99.99th(us): 180095
READ_ERROR - Takes(s): 449.9, Count: 3024, OPS: 6.7, Avg(us): 127083, Min(us): 62176, Max(us): 171647, 50th(us): 138495, 90th(us): 147199, 95th(us): 149119, 99th(us): 152959, 99.9th(us): 164479, 99.99th(us): 171647
TOTAL  - Takes(s): 449.9, Count: 19468, OPS: 43.3, Avg(us): 95810, Min(us): 61728, Max(us): 191999, 50th(us): 76223, 90th(us): 143743, 95th(us): 146815, 99th(us): 151295, 99.9th(us): 157695, 99.99th(us): 172287
UPDATE - Takes(s): 449.9, Count: 11335, OPS: 25.2, Avg(us): 73621, Min(us): 61728, Max(us): 107839, 50th(us): 73727, 90th(us): 78015, 95th(us): 79103, 99th(us): 82559, 99.9th(us): 92159, 99.99th(us): 104063
READ   - Takes(s): 459.9, Count: 8338, OPS: 18.1, Avg(us): 126822, Min(us): 61888, Max(us): 191999, 50th(us): 138111, 90th(us): 147455, 95th(us): 149247, 99th(us): 153343, 99.9th(us): 164223, 99.99th(us): 180095
READ_ERROR - Takes(s): 459.9, Count: 3078, OPS: 6.7, Avg(us): 127036, Min(us): 62176, Max(us): 171647, 50th(us): 138495, 90th(us): 147199, 95th(us): 149119, 99th(us): 152959, 99.9th(us): 164479, 99.99th(us): 171647
TOTAL  - Takes(s): 459.9, Count: 19897, OPS: 43.3, Avg(us): 95910, Min(us): 61728, Max(us): 191999, 50th(us): 76223, 90th(us): 143871, 95th(us): 146815, 99th(us): 151295, 99.9th(us): 157695, 99.99th(us): 172287
UPDATE - Takes(s): 459.9, Count: 11559, OPS: 25.1, Avg(us): 73612, Min(us): 61728, Max(us): 107839, 50th(us): 73663, 90th(us): 78015, 95th(us): 79103, 99th(us): 82495, 99.9th(us): 92095, 99.99th(us): 104063
READ   - Takes(s): 469.9, Count: 8541, OPS: 18.2, Avg(us): 126804, Min(us): 61888, Max(us): 191999, 50th(us): 138111, 90th(us): 147455, 95th(us): 149247, 99th(us): 153599, 99.9th(us): 164223, 99.99th(us): 180095
READ_ERROR - Takes(s): 469.9, Count: 3123, OPS: 6.6, Avg(us): 127006, Min(us): 62176, Max(us): 171647, 50th(us): 138495, 90th(us): 147071, 95th(us): 149119, 99th(us): 152959, 99.9th(us): 164479, 99.99th(us): 171647
TOTAL  - Takes(s): 469.9, Count: 20360, OPS: 43.3, Avg(us): 95922, Min(us): 61728, Max(us): 191999, 50th(us): 76223, 90th(us): 143871, 95th(us): 146815, 99th(us): 151423, 99.9th(us): 158079, 99.99th(us): 172287
UPDATE - Takes(s): 469.9, Count: 11819, OPS: 25.2, Avg(us): 73605, Min(us): 61728, Max(us): 107839, 50th(us): 73663, 90th(us): 78015, 95th(us): 79103, 99th(us): 82559, 99.9th(us): 92095, 99.99th(us): 104063
READ   - Takes(s): 479.9, Count: 8747, OPS: 18.2, Avg(us): 126749, Min(us): 61888, Max(us): 191999, 50th(us): 138111, 90th(us): 147455, 95th(us): 149247, 99th(us): 153471, 99.9th(us): 164223, 99.99th(us): 180095
READ_ERROR - Takes(s): 479.9, Count: 3166, OPS: 6.6, Avg(us): 126922, Min(us): 62176, Max(us): 171647, 50th(us): 138495, 90th(us): 147199, 95th(us): 149119, 99th(us): 152959, 99.9th(us): 164479, 99.99th(us): 171647
TOTAL  - Takes(s): 479.9, Count: 20826, OPS: 43.4, Avg(us): 95920, Min(us): 61728, Max(us): 191999, 50th(us): 76223, 90th(us): 143743, 95th(us): 146815, 99th(us): 151423, 99.9th(us): 157823, 99.99th(us): 172287
UPDATE - Takes(s): 479.9, Count: 12079, OPS: 25.2, Avg(us): 73594, Min(us): 61728, Max(us): 107839, 50th(us): 73663, 90th(us): 78015, 95th(us): 79103, 99th(us): 82495, 99.9th(us): 92095, 99.99th(us): 104063
READ   - Takes(s): 489.9, Count: 8957, OPS: 18.3, Avg(us): 126688, Min(us): 61888, Max(us): 191999, 50th(us): 138111, 90th(us): 147327, 95th(us): 149247, 99th(us): 153471, 99.9th(us): 164223, 99.99th(us): 180095
READ_ERROR - Takes(s): 489.9, Count: 3203, OPS: 6.5, Avg(us): 126828, Min(us): 62176, Max(us): 171647, 50th(us): 138367, 90th(us): 147199, 95th(us): 149119, 99th(us): 152959, 99.9th(us): 164479, 99.99th(us): 171647
TOTAL  - Takes(s): 489.9, Count: 21300, OPS: 43.5, Avg(us): 95921, Min(us): 61728, Max(us): 191999, 50th(us): 76223, 90th(us): 143743, 95th(us): 146815, 99th(us): 151423, 99.9th(us): 157823, 99.99th(us): 172287
UPDATE - Takes(s): 489.9, Count: 12343, OPS: 25.2, Avg(us): 73595, Min(us): 61728, Max(us): 107839, 50th(us): 73663, 90th(us): 78015, 95th(us): 79103, 99th(us): 82559, 99.9th(us): 92095, 99.99th(us): 104063
READ   - Takes(s): 499.9, Count: 9185, OPS: 18.4, Avg(us): 126687, Min(us): 61888, Max(us): 191999, 50th(us): 138111, 90th(us): 147327, 95th(us): 149247, 99th(us): 153471, 99.9th(us): 164223, 99.99th(us): 180095
READ_ERROR - Takes(s): 499.9, Count: 3240, OPS: 6.5, Avg(us): 126894, Min(us): 62176, Max(us): 171647, 50th(us): 138367, 90th(us): 147199, 95th(us): 149119, 99th(us): 152959, 99.9th(us): 164479, 99.99th(us): 171647
TOTAL  - Takes(s): 499.9, Count: 21747, OPS: 43.5, Avg(us): 96020, Min(us): 61728, Max(us): 191999, 50th(us): 76287, 90th(us): 143871, 95th(us): 146815, 99th(us): 151423, 99.9th(us): 157695, 99.99th(us): 172287
UPDATE - Takes(s): 499.9, Count: 12562, OPS: 25.1, Avg(us): 73598, Min(us): 61728, Max(us): 107839, 50th(us): 73663, 90th(us): 78079, 95th(us): 79167, 99th(us): 82495, 99.9th(us): 91967, 99.99th(us): 104063
READ   - Takes(s): 509.9, Count: 9383, OPS: 18.4, Avg(us): 126682, Min(us): 61888, Max(us): 191999, 50th(us): 138111, 90th(us): 147327, 95th(us): 149119, 99th(us): 153343, 99.9th(us): 164223, 99.99th(us): 180095
READ_ERROR - Takes(s): 509.9, Count: 3290, OPS: 6.5, Avg(us): 126853, Min(us): 62176, Max(us): 171647, 50th(us): 138367, 90th(us): 147071, 95th(us): 149119, 99th(us): 152959, 99.9th(us): 164479, 99.99th(us): 171647
TOTAL  - Takes(s): 509.9, Count: 22201, OPS: 43.5, Avg(us): 96031, Min(us): 61728, Max(us): 191999, 50th(us): 76287, 90th(us): 143743, 95th(us): 146815, 99th(us): 151295, 99.9th(us): 157695, 99.99th(us): 172287
UPDATE - Takes(s): 509.9, Count: 12818, OPS: 25.1, Avg(us): 73593, Min(us): 61728, Max(us): 107839, 50th(us): 73663, 90th(us): 78079, 95th(us): 79103, 99th(us): 82495, 99.9th(us): 91967, 99.99th(us): 104063
READ   - Takes(s): 519.9, Count: 9579, OPS: 18.4, Avg(us): 126714, Min(us): 61888, Max(us): 191999, 50th(us): 138111, 90th(us): 147327, 95th(us): 149247, 99th(us): 153343, 99.9th(us): 164223, 99.99th(us): 180095
READ_ERROR - Takes(s): 519.9, Count: 3340, OPS: 6.4, Avg(us): 126782, Min(us): 62176, Max(us): 171647, 50th(us): 138367, 90th(us): 147071, 95th(us): 149119, 99th(us): 152959, 99.9th(us): 164479, 99.99th(us): 171647
TOTAL  - Takes(s): 519.9, Count: 22654, OPS: 43.6, Avg(us): 96054, Min(us): 61728, Max(us): 191999, 50th(us): 76287, 90th(us): 143743, 95th(us): 146815, 99th(us): 151295, 99.9th(us): 157695, 99.99th(us): 172287
UPDATE - Takes(s): 519.9, Count: 13075, OPS: 25.1, Avg(us): 73592, Min(us): 61728, Max(us): 107839, 50th(us): 73663, 90th(us): 78079, 95th(us): 79167, 99th(us): 82431, 99.9th(us): 91967, 99.99th(us): 104063
READ   - Takes(s): 529.9, Count: 9798, OPS: 18.5, Avg(us): 126717, Min(us): 61888, Max(us): 191999, 50th(us): 138111, 90th(us): 147327, 95th(us): 149119, 99th(us): 153343, 99.9th(us): 164223, 99.99th(us): 180095
READ_ERROR - Takes(s): 529.9, Count: 3377, OPS: 6.4, Avg(us): 126776, Min(us): 62176, Max(us): 171647, 50th(us): 138367, 90th(us): 147071, 95th(us): 148991, 99th(us): 152703, 99.9th(us): 164479, 99.99th(us): 171647
TOTAL  - Takes(s): 529.9, Count: 23112, OPS: 43.6, Avg(us): 96110, Min(us): 61728, Max(us): 191999, 50th(us): 76287, 90th(us): 143871, 95th(us): 146815, 99th(us): 151167, 99.9th(us): 157695, 99.99th(us): 172287
UPDATE - Takes(s): 529.9, Count: 13314, OPS: 25.1, Avg(us): 73586, Min(us): 61728, Max(us): 107839, 50th(us): 73663, 90th(us): 78015, 95th(us): 79103, 99th(us): 82431, 99.9th(us): 91967, 99.99th(us): 104063
READ   - Takes(s): 539.9, Count: 10009, OPS: 18.5, Avg(us): 126749, Min(us): 61888, Max(us): 191999, 50th(us): 138111, 90th(us): 147327, 95th(us): 149119, 99th(us): 153215, 99.9th(us): 164223, 99.99th(us): 180095
READ_ERROR - Takes(s): 539.9, Count: 3421, OPS: 6.3, Avg(us): 126782, Min(us): 62176, Max(us): 171647, 50th(us): 138367, 90th(us): 147071, 95th(us): 148991, 99th(us): 152703, 99.9th(us): 164479, 99.99th(us): 171647
TOTAL  - Takes(s): 539.9, Count: 23561, OPS: 43.6, Avg(us): 96165, Min(us): 61728, Max(us): 191999, 50th(us): 76287, 90th(us): 143743, 95th(us): 146815, 99th(us): 151167, 99.9th(us): 157567, 99.99th(us): 172287
UPDATE - Takes(s): 539.9, Count: 13552, OPS: 25.1, Avg(us): 73576, Min(us): 61728, Max(us): 107839, 50th(us): 73663, 90th(us): 78015, 95th(us): 79103, 99th(us): 82367, 99.9th(us): 91903, 99.99th(us): 104063
READ   - Takes(s): 549.9, Count: 10212, OPS: 18.6, Avg(us): 126796, Min(us): 61888, Max(us): 191999, 50th(us): 138111, 90th(us): 147327, 95th(us): 149119, 99th(us): 153215, 99.9th(us): 164223, 99.99th(us): 180095
READ_ERROR - Takes(s): 549.9, Count: 3473, OPS: 6.3, Avg(us): 126674, Min(us): 62176, Max(us): 171647, 50th(us): 138367, 90th(us): 147071, 95th(us): 148991, 99th(us): 152703, 99.9th(us): 164479, 99.99th(us): 171647
TOTAL  - Takes(s): 549.9, Count: 24006, OPS: 43.7, Avg(us): 96209, Min(us): 61728, Max(us): 191999, 50th(us): 76287, 90th(us): 143743, 95th(us): 146815, 99th(us): 151167, 99.9th(us): 157567, 99.99th(us): 172287
UPDATE - Takes(s): 549.9, Count: 13794, OPS: 25.1, Avg(us): 73565, Min(us): 61728, Max(us): 107839, 50th(us): 73663, 90th(us): 78015, 95th(us): 79103, 99th(us): 82367, 99.9th(us): 91903, 99.99th(us): 104063
READ   - Takes(s): 559.9, Count: 10412, OPS: 18.6, Avg(us): 126792, Min(us): 61888, Max(us): 191999, 50th(us): 138111, 90th(us): 147199, 95th(us): 149119, 99th(us): 153215, 99.9th(us): 164223, 99.99th(us): 180095
READ_ERROR - Takes(s): 559.9, Count: 3515, OPS: 6.3, Avg(us): 126721, Min(us): 62176, Max(us): 171647, 50th(us): 138239, 90th(us): 146943, 95th(us): 148991, 99th(us): 152703, 99.9th(us): 164223, 99.99th(us): 171647
TOTAL  - Takes(s): 559.9, Count: 24467, OPS: 43.7, Avg(us): 96211, Min(us): 61728, Max(us): 191999, 50th(us): 76287, 90th(us): 143743, 95th(us): 146687, 99th(us): 151167, 99.9th(us): 157567, 99.99th(us): 172287
UPDATE - Takes(s): 559.9, Count: 14055, OPS: 25.1, Avg(us): 73556, Min(us): 61728, Max(us): 107839, 50th(us): 73663, 90th(us): 78015, 95th(us): 79103, 99th(us): 82367, 99.9th(us): 91903, 99.99th(us): 104063
READ   - Takes(s): 569.9, Count: 10626, OPS: 18.6, Avg(us): 126766, Min(us): 61888, Max(us): 191999, 50th(us): 138111, 90th(us): 147327, 95th(us): 149119, 99th(us): 153215, 99.9th(us): 164095, 99.99th(us): 180095
READ_ERROR - Takes(s): 569.9, Count: 3551, OPS: 6.2, Avg(us): 126672, Min(us): 62176, Max(us): 171647, 50th(us): 138239, 90th(us): 147071, 95th(us): 148991, 99th(us): 152703, 99.9th(us): 164223, 99.99th(us): 171647
TOTAL  - Takes(s): 569.9, Count: 24939, OPS: 43.8, Avg(us): 96217, Min(us): 61728, Max(us): 191999, 50th(us): 76287, 90th(us): 143743, 95th(us): 146815, 99th(us): 151167, 99.9th(us): 157567, 99.99th(us): 172287
UPDATE - Takes(s): 569.9, Count: 14313, OPS: 25.1, Avg(us): 73538, Min(us): 61728, Max(us): 107839, 50th(us): 73599, 90th(us): 77951, 95th(us): 79103, 99th(us): 82303, 99.9th(us): 91903, 99.99th(us): 104063
READ   - Takes(s): 579.9, Count: 10834, OPS: 18.7, Avg(us): 126638, Min(us): 61888, Max(us): 191999, 50th(us): 138111, 90th(us): 147327, 95th(us): 149119, 99th(us): 153215, 99.9th(us): 164223, 99.99th(us): 180095
READ_ERROR - Takes(s): 579.9, Count: 3604, OPS: 6.2, Avg(us): 126632, Min(us): 62176, Max(us): 171647, 50th(us): 138239, 90th(us): 147071, 95th(us): 148991, 99th(us): 152959, 99.9th(us): 164223, 99.99th(us): 171647
TOTAL  - Takes(s): 579.9, Count: 25402, OPS: 43.8, Avg(us): 96174, Min(us): 61728, Max(us): 191999, 50th(us): 76223, 90th(us): 143743, 95th(us): 146815, 99th(us): 151167, 99.9th(us): 157695, 99.99th(us): 168191
UPDATE - Takes(s): 579.9, Count: 14568, OPS: 25.1, Avg(us): 73518, Min(us): 61728, Max(us): 107839, 50th(us): 73599, 90th(us): 77951, 95th(us): 79039, 99th(us): 82303, 99.9th(us): 91903, 99.99th(us): 104063
READ   - Takes(s): 589.9, Count: 11056, OPS: 18.7, Avg(us): 126558, Min(us): 61888, Max(us): 191999, 50th(us): 137983, 90th(us): 147199, 95th(us): 149119, 99th(us): 153215, 99.9th(us): 164223, 99.99th(us): 180095
READ_ERROR - Takes(s): 589.9, Count: 3644, OPS: 6.2, Avg(us): 126515, Min(us): 62176, Max(us): 171647, 50th(us): 138239, 90th(us): 146943, 95th(us): 148991, 99th(us): 152959, 99.9th(us): 164223, 99.99th(us): 171647
TOTAL  - Takes(s): 589.9, Count: 25873, OPS: 43.9, Avg(us): 96170, Min(us): 61728, Max(us): 191999, 50th(us): 76223, 90th(us): 143743, 95th(us): 146687, 99th(us): 151167, 99.9th(us): 157567, 99.99th(us): 168191
UPDATE - Takes(s): 589.9, Count: 14817, OPS: 25.1, Avg(us): 73495, Min(us): 61728, Max(us): 107839, 50th(us): 73599, 90th(us): 77951, 95th(us): 79039, 99th(us): 82175, 99.9th(us): 91903, 99.99th(us): 104063
READ   - Takes(s): 599.9, Count: 11271, OPS: 18.8, Avg(us): 126525, Min(us): 61888, Max(us): 191999, 50th(us): 137983, 90th(us): 147199, 95th(us): 149119, 99th(us): 153215, 99.9th(us): 164223, 99.99th(us): 180095
READ_ERROR - Takes(s): 599.9, Count: 3682, OPS: 6.1, Avg(us): 126519, Min(us): 62176, Max(us): 171647, 50th(us): 138239, 90th(us): 146943, 95th(us): 148991, 99th(us): 152703, 99.9th(us): 164223, 99.99th(us): 171647
TOTAL  - Takes(s): 599.9, Count: 26345, OPS: 43.9, Avg(us): 96172, Min(us): 61728, Max(us): 191999, 50th(us): 76223, 90th(us): 143743, 95th(us): 146687, 99th(us): 151167, 99.9th(us): 157567, 99.99th(us): 168191
UPDATE - Takes(s): 599.9, Count: 15074, OPS: 25.1, Avg(us): 73476, Min(us): 61728, Max(us): 107839, 50th(us): 73599, 90th(us): 77887, 95th(us): 79039, 99th(us): 82175, 99.9th(us): 91903, 99.99th(us): 100351
READ   - Takes(s): 609.9, Count: 11479, OPS: 18.8, Avg(us): 126493, Min(us): 61888, Max(us): 191999, 50th(us): 137983, 90th(us): 147199, 95th(us): 149119, 99th(us): 153215, 99.9th(us): 164223, 99.99th(us): 180095
READ_ERROR - Takes(s): 609.9, Count: 3725, OPS: 6.1, Avg(us): 126441, Min(us): 62176, Max(us): 171647, 50th(us): 138239, 90th(us): 146943, 95th(us): 148991, 99th(us): 152703, 99.9th(us): 164223, 99.99th(us): 171647
TOTAL  - Takes(s): 609.9, Count: 26810, OPS: 44.0, Avg(us): 96169, Min(us): 61472, Max(us): 191999, 50th(us): 76223, 90th(us): 143743, 95th(us): 146687, 99th(us): 151167, 99.9th(us): 157567, 99.99th(us): 168191
UPDATE - Takes(s): 609.9, Count: 15331, OPS: 25.1, Avg(us): 73464, Min(us): 61472, Max(us): 107839, 50th(us): 73599, 90th(us): 77887, 95th(us): 78975, 99th(us): 82111, 99.9th(us): 91903, 99.99th(us): 100351
READ   - Takes(s): 619.9, Count: 11700, OPS: 18.9, Avg(us): 126481, Min(us): 61888, Max(us): 191999, 50th(us): 137983, 90th(us): 147199, 95th(us): 149119, 99th(us): 153215, 99.9th(us): 164223, 99.99th(us): 180095
READ_ERROR - Takes(s): 619.9, Count: 3764, OPS: 6.1, Avg(us): 126415, Min(us): 62176, Max(us): 171647, 50th(us): 138239, 90th(us): 146943, 95th(us): 148991, 99th(us): 152703, 99.9th(us): 164223, 99.99th(us): 171647
TOTAL  - Takes(s): 619.9, Count: 27273, OPS: 44.0, Avg(us): 96196, Min(us): 61472, Max(us): 191999, 50th(us): 76223, 90th(us): 143743, 95th(us): 146687, 99th(us): 151167, 99.9th(us): 157567, 99.99th(us): 168191
UPDATE - Takes(s): 619.9, Count: 15573, OPS: 25.1, Avg(us): 73443, Min(us): 61472, Max(us): 107839, 50th(us): 73535, 90th(us): 77887, 95th(us): 78975, 99th(us): 82047, 99.9th(us): 91839, 99.99th(us): 100351
READ   - Takes(s): 629.9, Count: 11920, OPS: 18.9, Avg(us): 126442, Min(us): 61888, Max(us): 191999, 50th(us): 137983, 90th(us): 147199, 95th(us): 149119, 99th(us): 153215, 99.9th(us): 164223, 99.99th(us): 180095
READ_ERROR - Takes(s): 629.9, Count: 3809, OPS: 6.0, Avg(us): 126344, Min(us): 62176, Max(us): 171647, 50th(us): 138111, 90th(us): 146943, 95th(us): 148991, 99th(us): 152703, 99.9th(us): 164223, 99.99th(us): 171647
TOTAL  - Takes(s): 629.9, Count: 27735, OPS: 44.0, Avg(us): 96211, Min(us): 61472, Max(us): 191999, 50th(us): 76159, 90th(us): 143615, 95th(us): 146687, 99th(us): 151039, 99.9th(us): 156799, 99.99th(us): 168191
UPDATE - Takes(s): 629.9, Count: 15815, OPS: 25.1, Avg(us): 73425, Min(us): 61472, Max(us): 107839, 50th(us): 73535, 90th(us): 77823, 95th(us): 78975, 99th(us): 82047, 99.9th(us): 91839, 99.99th(us): 100351
READ   - Takes(s): 639.9, Count: 12135, OPS: 19.0, Avg(us): 126458, Min(us): 61888, Max(us): 191999, 50th(us): 137983, 90th(us): 147199, 95th(us): 149119, 99th(us): 153087, 99.9th(us): 164223, 99.99th(us): 180095
READ_ERROR - Takes(s): 639.9, Count: 3836, OPS: 6.0, Avg(us): 126340, Min(us): 62176, Max(us): 171647, 50th(us): 138111, 90th(us): 146943, 95th(us): 148991, 99th(us): 152703, 99.9th(us): 164223, 99.99th(us): 171647
TOTAL  - Takes(s): 639.9, Count: 28206, OPS: 44.1, Avg(us): 96242, Min(us): 61472, Max(us): 191999, 50th(us): 76223, 90th(us): 143743, 95th(us): 146687, 99th(us): 151039, 99.9th(us): 156799, 99.99th(us): 168191
UPDATE - Takes(s): 639.9, Count: 16071, OPS: 25.1, Avg(us): 73427, Min(us): 61472, Max(us): 107839, 50th(us): 73535, 90th(us): 77823, 95th(us): 78975, 99th(us): 82047, 99.9th(us): 91839, 99.99th(us): 100351
READ   - Takes(s): 649.9, Count: 12351, OPS: 19.0, Avg(us): 126401, Min(us): 61888, Max(us): 191999, 50th(us): 137983, 90th(us): 147199, 95th(us): 149119, 99th(us): 153215, 99.9th(us): 164223, 99.99th(us): 180095
READ_ERROR - Takes(s): 649.9, Count: 3871, OPS: 6.0, Avg(us): 126310, Min(us): 62176, Max(us): 171647, 50th(us): 138111, 90th(us): 146943, 95th(us): 148991, 99th(us): 152703, 99.9th(us): 164223, 99.99th(us): 171647
TOTAL  - Takes(s): 649.9, Count: 28686, OPS: 44.1, Avg(us): 96232, Min(us): 61472, Max(us): 191999, 50th(us): 76223, 90th(us): 143615, 95th(us): 146559, 99th(us): 151039, 99.9th(us): 156671, 99.99th(us): 168191
UPDATE - Takes(s): 649.9, Count: 16335, OPS: 25.1, Avg(us): 73421, Min(us): 61472, Max(us): 107839, 50th(us): 73535, 90th(us): 77823, 95th(us): 78975, 99th(us): 81983, 99.9th(us): 91839, 99.99th(us): 100351
READ   - Takes(s): 659.9, Count: 12563, OPS: 19.0, Avg(us): 126396, Min(us): 61888, Max(us): 191999, 50th(us): 137983, 90th(us): 147199, 95th(us): 148991, 99th(us): 153087, 99.9th(us): 164095, 99.99th(us): 180095
READ_ERROR - Takes(s): 659.9, Count: 3909, OPS: 5.9, Avg(us): 126325, Min(us): 62176, Max(us): 171647, 50th(us): 138111, 90th(us): 146943, 95th(us): 148991, 99th(us): 152703, 99.9th(us): 164223, 99.99th(us): 171647
TOTAL  - Takes(s): 659.9, Count: 29146, OPS: 44.2, Avg(us): 96255, Min(us): 61472, Max(us): 191999, 50th(us): 76159, 90th(us): 143615, 95th(us): 146559, 99th(us): 151039, 99.9th(us): 156671, 99.99th(us): 168191
UPDATE - Takes(s): 659.9, Count: 16583, OPS: 25.1, Avg(us): 73421, Min(us): 61472, Max(us): 107839, 50th(us): 73535, 90th(us): 77823, 95th(us): 78911, 99th(us): 81983, 99.9th(us): 91839, 99.99th(us): 100351
READ   - Takes(s): 669.9, Count: 12782, OPS: 19.1, Avg(us): 126398, Min(us): 61888, Max(us): 191999, 50th(us): 137983, 90th(us): 147199, 95th(us): 148991, 99th(us): 153087, 99.9th(us): 164095, 99.99th(us): 180095
READ_ERROR - Takes(s): 669.9, Count: 3944, OPS: 5.9, Avg(us): 126398, Min(us): 62176, Max(us): 171647, 50th(us): 138239, 90th(us): 146943, 95th(us): 148991, 99th(us): 152703, 99.9th(us): 164223, 99.99th(us): 171647
TOTAL  - Takes(s): 669.9, Count: 29607, OPS: 44.2, Avg(us): 96291, Min(us): 61472, Max(us): 191999, 50th(us): 76223, 90th(us): 143615, 95th(us): 146559, 99th(us): 151039, 99.9th(us): 156671, 99.99th(us): 168191
UPDATE - Takes(s): 669.9, Count: 16825, OPS: 25.1, Avg(us): 73418, Min(us): 61472, Max(us): 107839, 50th(us): 73535, 90th(us): 77823, 95th(us): 78975, 99th(us): 82047, 99.9th(us): 91839, 99.99th(us): 100351
READ   - Takes(s): 679.9, Count: 12998, OPS: 19.1, Avg(us): 126367, Min(us): 61888, Max(us): 191999, 50th(us): 137855, 90th(us): 147071, 95th(us): 148991, 99th(us): 153087, 99.9th(us): 164095, 99.99th(us): 180095
READ_ERROR - Takes(s): 679.9, Count: 3976, OPS: 5.8, Avg(us): 126356, Min(us): 62176, Max(us): 171647, 50th(us): 138111, 90th(us): 146943, 95th(us): 148991, 99th(us): 152703, 99.9th(us): 164223, 99.99th(us): 171647
TOTAL  - Takes(s): 679.9, Count: 30086, OPS: 44.2, Avg(us): 96286, Min(us): 61472, Max(us): 191999, 50th(us): 76223, 90th(us): 143615, 95th(us): 146559, 99th(us): 151039, 99.9th(us): 156671, 99.99th(us): 168191
UPDATE - Takes(s): 679.9, Count: 17088, OPS: 25.1, Avg(us): 73405, Min(us): 61472, Max(us): 107839, 50th(us): 73535, 90th(us): 77823, 95th(us): 78911, 99th(us): 82047, 99.9th(us): 91839, 99.99th(us): 100351
READ   - Takes(s): 689.9, Count: 13209, OPS: 19.1, Avg(us): 126348, Min(us): 61888, Max(us): 191999, 50th(us): 137855, 90th(us): 147071, 95th(us): 148991, 99th(us): 153087, 99.9th(us): 164095, 99.99th(us): 180095
READ_ERROR - Takes(s): 689.9, Count: 4010, OPS: 5.8, Avg(us): 126400, Min(us): 62176, Max(us): 171647, 50th(us): 138111, 90th(us): 146943, 95th(us): 148991, 99th(us): 152703, 99.9th(us): 164223, 99.99th(us): 171647
TOTAL  - Takes(s): 689.9, Count: 30560, OPS: 44.3, Avg(us): 96289, Min(us): 61472, Max(us): 191999, 50th(us): 76223, 90th(us): 143615, 95th(us): 146559, 99th(us): 151039, 99.9th(us): 156671, 99.99th(us): 168191
UPDATE - Takes(s): 689.9, Count: 17351, OPS: 25.1, Avg(us): 73406, Min(us): 61472, Max(us): 107839, 50th(us): 73535, 90th(us): 77823, 95th(us): 78911, 99th(us): 81983, 99.9th(us): 91839, 99.99th(us): 100351
READ   - Takes(s): 699.9, Count: 13430, OPS: 19.2, Avg(us): 126325, Min(us): 61888, Max(us): 191999, 50th(us): 137855, 90th(us): 147071, 95th(us): 148991, 99th(us): 153087, 99.9th(us): 164095, 99.99th(us): 180095
READ_ERROR - Takes(s): 699.9, Count: 4043, OPS: 5.8, Avg(us): 126364, Min(us): 62176, Max(us): 171647, 50th(us): 138111, 90th(us): 146943, 95th(us): 148991, 99th(us): 152703, 99.9th(us): 164223, 99.99th(us): 171647
TOTAL  - Takes(s): 699.9, Count: 31027, OPS: 44.3, Avg(us): 96309, Min(us): 61472, Max(us): 191999, 50th(us): 76223, 90th(us): 143615, 95th(us): 146559, 99th(us): 151039, 99.9th(us): 156671, 99.99th(us): 168191
UPDATE - Takes(s): 699.9, Count: 17597, OPS: 25.1, Avg(us): 73401, Min(us): 61472, Max(us): 107839, 50th(us): 73535, 90th(us): 77823, 95th(us): 78911, 99th(us): 81983, 99.9th(us): 91839, 99.99th(us): 100351
READ   - Takes(s): 709.9, Count: 13649, OPS: 19.2, Avg(us): 126348, Min(us): 60512, Max(us): 191999, 50th(us): 137855, 90th(us): 147071, 95th(us): 148991, 99th(us): 153087, 99.9th(us): 163967, 99.99th(us): 180095
READ_ERROR - Takes(s): 709.9, Count: 4085, OPS: 5.8, Avg(us): 126412, Min(us): 62176, Max(us): 171647, 50th(us): 138111, 90th(us): 146943, 95th(us): 148991, 99th(us): 152703, 99.9th(us): 164223, 99.99th(us): 171647
TOTAL  - Takes(s): 709.9, Count: 31478, OPS: 44.3, Avg(us): 96354, Min(us): 60512, Max(us): 191999, 50th(us): 76223, 90th(us): 143615, 95th(us): 146559, 99th(us): 151039, 99.9th(us): 156671, 99.99th(us): 168191
UPDATE - Takes(s): 709.9, Count: 17829, OPS: 25.1, Avg(us): 73393, Min(us): 61472, Max(us): 107839, 50th(us): 73535, 90th(us): 77823, 95th(us): 78911, 99th(us): 81919, 99.9th(us): 91839, 99.99th(us): 100351
READ   - Takes(s): 719.9, Count: 13857, OPS: 19.2, Avg(us): 126359, Min(us): 60512, Max(us): 191999, 50th(us): 137855, 90th(us): 147071, 95th(us): 148991, 99th(us): 152959, 99.9th(us): 163967, 99.99th(us): 180095
READ_ERROR - Takes(s): 719.9, Count: 4124, OPS: 5.7, Avg(us): 126353, Min(us): 61504, Max(us): 171647, 50th(us): 138111, 90th(us): 146943, 95th(us): 148991, 99th(us): 152703, 99.9th(us): 164223, 99.99th(us): 171647
TOTAL  - Takes(s): 719.9, Count: 31945, OPS: 44.4, Avg(us): 96364, Min(us): 60512, Max(us): 191999, 50th(us): 76223, 90th(us): 143615, 95th(us): 146559, 99th(us): 151039, 99.9th(us): 156415, 99.99th(us): 168191
UPDATE - Takes(s): 719.9, Count: 18088, OPS: 25.1, Avg(us): 73384, Min(us): 61472, Max(us): 107839, 50th(us): 73535, 90th(us): 77823, 95th(us): 78911, 99th(us): 81855, 99.9th(us): 91839, 99.99th(us): 100351
READ   - Takes(s): 729.9, Count: 14076, OPS: 19.3, Avg(us): 126344, Min(us): 60512, Max(us): 191999, 50th(us): 137855, 90th(us): 147071, 95th(us): 148991, 99th(us): 152959, 99.9th(us): 163967, 99.99th(us): 180095
READ_ERROR - Takes(s): 729.9, Count: 4154, OPS: 5.7, Avg(us): 126309, Min(us): 61504, Max(us): 171647, 50th(us): 138111, 90th(us): 146943, 95th(us): 148991, 99th(us): 152703, 99.9th(us): 164223, 99.99th(us): 171647
TOTAL  - Takes(s): 729.9, Count: 32424, OPS: 44.4, Avg(us): 96366, Min(us): 60512, Max(us): 191999, 50th(us): 76223, 90th(us): 143615, 95th(us): 146559, 99th(us): 151039, 99.9th(us): 156415, 99.99th(us): 168191
UPDATE - Takes(s): 729.9, Count: 18348, OPS: 25.1, Avg(us): 73368, Min(us): 61088, Max(us): 107839, 50th(us): 73535, 90th(us): 77759, 95th(us): 78847, 99th(us): 81855, 99.9th(us): 91839, 99.99th(us): 100351
READ   - Takes(s): 739.9, Count: 14289, OPS: 19.3, Avg(us): 126312, Min(us): 60512, Max(us): 191999, 50th(us): 137855, 90th(us): 147071, 95th(us): 148991, 99th(us): 153087, 99.9th(us): 163967, 99.99th(us): 180095
READ_ERROR - Takes(s): 739.9, Count: 4199, OPS: 5.7, Avg(us): 126261, Min(us): 61504, Max(us): 171647, 50th(us): 138111, 90th(us): 146943, 95th(us): 148991, 99th(us): 152703, 99.9th(us): 164223, 99.99th(us): 171647
TOTAL  - Takes(s): 739.9, Count: 32889, OPS: 44.4, Avg(us): 96359, Min(us): 60512, Max(us): 191999, 50th(us): 76159, 90th(us): 143615, 95th(us): 146559, 99th(us): 151039, 99.9th(us): 156671, 99.99th(us): 168191
UPDATE - Takes(s): 739.9, Count: 18600, OPS: 25.1, Avg(us): 73348, Min(us): 61088, Max(us): 107839, 50th(us): 73471, 90th(us): 77759, 95th(us): 78847, 99th(us): 81855, 99.9th(us): 91711, 99.99th(us): 100351
READ   - Takes(s): 749.9, Count: 14502, OPS: 19.3, Avg(us): 126233, Min(us): 60512, Max(us): 191999, 50th(us): 137727, 90th(us): 147071, 95th(us): 148991, 99th(us): 153087, 99.9th(us): 163711, 99.99th(us): 180095
READ_ERROR - Takes(s): 749.9, Count: 4237, OPS: 5.7, Avg(us): 126291, Min(us): 61504, Max(us): 171647, 50th(us): 138111, 90th(us): 146943, 95th(us): 148991, 99th(us): 152703, 99.9th(us): 164223, 99.99th(us): 171647
TOTAL  - Takes(s): 749.9, Count: 33371, OPS: 44.5, Avg(us): 96320, Min(us): 60512, Max(us): 191999, 50th(us): 76159, 90th(us): 143615, 95th(us): 146559, 99th(us): 151039, 99.9th(us): 156671, 99.99th(us): 168191
UPDATE - Takes(s): 749.9, Count: 18869, OPS: 25.2, Avg(us): 73330, Min(us): 61088, Max(us): 107839, 50th(us): 73471, 90th(us): 77759, 95th(us): 78847, 99th(us): 81791, 99.9th(us): 91711, 99.99th(us): 100351
READ   - Takes(s): 759.9, Count: 14706, OPS: 19.4, Avg(us): 126190, Min(us): 60512, Max(us): 191999, 50th(us): 137727, 90th(us): 147071, 95th(us): 148991, 99th(us): 153087, 99.9th(us): 163711, 99.99th(us): 180095
READ_ERROR - Takes(s): 759.9, Count: 4271, OPS: 5.6, Avg(us): 126141, Min(us): 61504, Max(us): 171647, 50th(us): 138111, 90th(us): 146943, 95th(us): 148991, 99th(us): 152703, 99.9th(us): 164223, 99.99th(us): 171647
TOTAL  - Takes(s): 759.9, Count: 33868, OPS: 44.6, Avg(us): 96272, Min(us): 60512, Max(us): 191999, 50th(us): 76159, 90th(us): 143615, 95th(us): 146559, 99th(us): 151039, 99.9th(us): 156671, 99.99th(us): 168191
UPDATE - Takes(s): 759.9, Count: 19162, OPS: 25.2, Avg(us): 73311, Min(us): 61088, Max(us): 107839, 50th(us): 73471, 90th(us): 77759, 95th(us): 78847, 99th(us): 81791, 99.9th(us): 91711, 99.99th(us): 100351
READ   - Takes(s): 769.9, Count: 14937, OPS: 19.4, Avg(us): 126193, Min(us): 60512, Max(us): 191999, 50th(us): 137727, 90th(us): 147071, 95th(us): 148991, 99th(us): 153087, 99.9th(us): 163711, 99.99th(us): 180095
READ_ERROR - Takes(s): 769.9, Count: 4300, OPS: 5.6, Avg(us): 126122, Min(us): 61504, Max(us): 171647, 50th(us): 138111, 90th(us): 146943, 95th(us): 148991, 99th(us): 152703, 99.9th(us): 164223, 99.99th(us): 171647
TOTAL  - Takes(s): 769.9, Count: 34338, OPS: 44.6, Avg(us): 96309, Min(us): 60512, Max(us): 191999, 50th(us): 76159, 90th(us): 143615, 95th(us): 146559, 99th(us): 151039, 99.9th(us): 156671, 99.99th(us): 168191
UPDATE - Takes(s): 769.9, Count: 19401, OPS: 25.2, Avg(us): 73301, Min(us): 61088, Max(us): 107839, 50th(us): 73471, 90th(us): 77695, 95th(us): 78847, 99th(us): 81791, 99.9th(us): 91711, 99.99th(us): 100351
READ   - Takes(s): 779.9, Count: 15157, OPS: 19.4, Avg(us): 126159, Min(us): 60512, Max(us): 191999, 50th(us): 137727, 90th(us): 147071, 95th(us): 148991, 99th(us): 153087, 99.9th(us): 163711, 99.99th(us): 172287
READ_ERROR - Takes(s): 779.9, Count: 4332, OPS: 5.6, Avg(us): 126129, Min(us): 61504, Max(us): 171647, 50th(us): 138111, 90th(us): 146943, 95th(us): 148991, 99th(us): 152703, 99.9th(us): 164223, 99.99th(us): 171647
TOTAL  - Takes(s): 779.9, Count: 34812, OPS: 44.6, Avg(us): 96309, Min(us): 60512, Max(us): 191999, 50th(us): 76159, 90th(us): 143615, 95th(us): 146559, 99th(us): 151039, 99.9th(us): 156671, 99.99th(us): 168191
UPDATE - Takes(s): 779.9, Count: 19655, OPS: 25.2, Avg(us): 73291, Min(us): 61088, Max(us): 107839, 50th(us): 73407, 90th(us): 77695, 95th(us): 78847, 99th(us): 81791, 99.9th(us): 91647, 99.99th(us): 100351
READ   - Takes(s): 789.9, Count: 15359, OPS: 19.4, Avg(us): 126262, Min(us): 60512, Max(us): 191999, 50th(us): 137855, 90th(us): 147199, 95th(us): 149119, 99th(us): 153599, 99.9th(us): 168191, 99.99th(us): 180095
READ_ERROR - Takes(s): 789.9, Count: 4365, OPS: 5.5, Avg(us): 126150, Min(us): 61504, Max(us): 175999, 50th(us): 138111, 90th(us): 146943, 95th(us): 148991, 99th(us): 152831, 99.9th(us): 164479, 99.99th(us): 175999
TOTAL  - Takes(s): 789.9, Count: 35260, OPS: 44.6, Avg(us): 96385, Min(us): 60512, Max(us): 191999, 50th(us): 76159, 90th(us): 143743, 95th(us): 146687, 99th(us): 151423, 99.9th(us): 162047, 99.99th(us): 176895
UPDATE - Takes(s): 789.9, Count: 19901, OPS: 25.2, Avg(us): 73326, Min(us): 61088, Max(us): 107839, 50th(us): 73471, 90th(us): 77759, 95th(us): 78847, 99th(us): 82367, 99.9th(us): 92223, 99.99th(us): 100351
READ   - Takes(s): 799.9, Count: 15569, OPS: 19.5, Avg(us): 126248, Min(us): 60512, Max(us): 191999, 50th(us): 137727, 90th(us): 147199, 95th(us): 149119, 99th(us): 153599, 99.9th(us): 167039, 99.99th(us): 180095
READ_ERROR - Takes(s): 799.9, Count: 4402, OPS: 5.5, Avg(us): 126179, Min(us): 61504, Max(us): 175999, 50th(us): 137983, 90th(us): 146943, 95th(us): 148991, 99th(us): 152831, 99.9th(us): 164479, 99.99th(us): 175999
TOTAL  - Takes(s): 799.9, Count: 35730, OPS: 44.7, Avg(us): 96381, Min(us): 60512, Max(us): 191999, 50th(us): 76159, 90th(us): 143743, 95th(us): 146687, 99th(us): 151423, 99.9th(us): 161919, 99.99th(us): 176895
UPDATE - Takes(s): 799.9, Count: 20161, OPS: 25.2, Avg(us): 73318, Min(us): 61088, Max(us): 107839, 50th(us): 73407, 90th(us): 77759, 95th(us): 78847, 99th(us): 82303, 99.9th(us): 92223, 99.99th(us): 100351
READ   - Takes(s): 809.9, Count: 15797, OPS: 19.5, Avg(us): 126197, Min(us): 60512, Max(us): 191999, 50th(us): 137727, 90th(us): 147071, 95th(us): 149119, 99th(us): 153471, 99.9th(us): 167039, 99.99th(us): 180095
READ_ERROR - Takes(s): 809.9, Count: 4440, OPS: 5.5, Avg(us): 126137, Min(us): 61504, Max(us): 175999, 50th(us): 137983, 90th(us): 146943, 95th(us): 148991, 99th(us): 152831, 99.9th(us): 164479, 99.99th(us): 175999
TOTAL  - Takes(s): 809.9, Count: 36203, OPS: 44.7, Avg(us): 96383, Min(us): 60512, Max(us): 191999, 50th(us): 76159, 90th(us): 143615, 95th(us): 146687, 99th(us): 151423, 99.9th(us): 161919, 99.99th(us): 176895
UPDATE - Takes(s): 809.9, Count: 20406, OPS: 25.2, Avg(us): 73303, Min(us): 61088, Max(us): 107839, 50th(us): 73407, 90th(us): 77759, 95th(us): 78847, 99th(us): 82303, 99.9th(us): 92223, 99.99th(us): 100351
READ   - Takes(s): 819.9, Count: 16024, OPS: 19.5, Avg(us): 126226, Min(us): 60512, Max(us): 191999, 50th(us): 137727, 90th(us): 147071, 95th(us): 149119, 99th(us): 153471, 99.9th(us): 167039, 99.99th(us): 180095
READ_ERROR - Takes(s): 819.9, Count: 4470, OPS: 5.5, Avg(us): 126168, Min(us): 61504, Max(us): 175999, 50th(us): 137983, 90th(us): 146943, 95th(us): 148991, 99th(us): 152703, 99.9th(us): 164479, 99.99th(us): 175999
TOTAL  - Takes(s): 819.9, Count: 36662, OPS: 44.7, Avg(us): 96426, Min(us): 60512, Max(us): 191999, 50th(us): 76159, 90th(us): 143615, 95th(us): 146687, 99th(us): 151295, 99.9th(us): 161919, 99.99th(us): 176895
UPDATE - Takes(s): 819.9, Count: 20638, OPS: 25.2, Avg(us): 73289, Min(us): 61088, Max(us): 107839, 50th(us): 73407, 90th(us): 77759, 95th(us): 78847, 99th(us): 82303, 99.9th(us): 92159, 99.99th(us): 100351
READ   - Takes(s): 829.9, Count: 16247, OPS: 19.6, Avg(us): 126252, Min(us): 60512, Max(us): 191999, 50th(us): 137727, 90th(us): 147071, 95th(us): 149119, 99th(us): 153471, 99.9th(us): 167039, 99.99th(us): 180095
READ_ERROR - Takes(s): 829.9, Count: 4502, OPS: 5.4, Avg(us): 126169, Min(us): 61504, Max(us): 175999, 50th(us): 137983, 90th(us): 146943, 95th(us): 148991, 99th(us): 152703, 99.9th(us): 164223, 99.99th(us): 175999
TOTAL  - Takes(s): 829.9, Count: 37124, OPS: 44.7, Avg(us): 96461, Min(us): 60512, Max(us): 191999, 50th(us): 76159, 90th(us): 143615, 95th(us): 146559, 99th(us): 151295, 99.9th(us): 161919, 99.99th(us): 176895
UPDATE - Takes(s): 829.9, Count: 20877, OPS: 25.2, Avg(us): 73277, Min(us): 61088, Max(us): 107839, 50th(us): 73407, 90th(us): 77695, 95th(us): 78847, 99th(us): 82239, 99.9th(us): 92159, 99.99th(us): 100351
READ   - Takes(s): 839.9, Count: 16466, OPS: 19.6, Avg(us): 126205, Min(us): 60512, Max(us): 191999, 50th(us): 137727, 90th(us): 147071, 95th(us): 149119, 99th(us): 153471, 99.9th(us): 167039, 99.99th(us): 180095
READ_ERROR - Takes(s): 839.9, Count: 4544, OPS: 5.4, Avg(us): 126117, Min(us): 61504, Max(us): 175999, 50th(us): 137983, 90th(us): 146943, 95th(us): 148991, 99th(us): 152703, 99.9th(us): 164223, 99.99th(us): 175999
TOTAL  - Takes(s): 839.9, Count: 37596, OPS: 44.8, Avg(us): 96450, Min(us): 60512, Max(us): 191999, 50th(us): 76159, 90th(us): 143615, 95th(us): 146559, 99th(us): 151295, 99.9th(us): 160639, 99.99th(us): 176895
UPDATE - Takes(s): 839.9, Count: 21130, OPS: 25.2, Avg(us): 73262, Min(us): 61088, Max(us): 107839, 50th(us): 73407, 90th(us): 77695, 95th(us): 78847, 99th(us): 82175, 99.9th(us): 92159, 99.99th(us): 100351
READ   - Takes(s): 849.9, Count: 16692, OPS: 19.6, Avg(us): 126186, Min(us): 60512, Max(us): 191999, 50th(us): 137727, 90th(us): 147071, 95th(us): 149119, 99th(us): 153343, 99.9th(us): 167039, 99.99th(us): 180095
READ_ERROR - Takes(s): 849.9, Count: 4572, OPS: 5.4, Avg(us): 126131, Min(us): 61504, Max(us): 175999, 50th(us): 137983, 90th(us): 146943, 95th(us): 148991, 99th(us): 152703, 99.9th(us): 164223, 99.99th(us): 175999
TOTAL  - Takes(s): 849.9, Count: 38077, OPS: 44.8, Avg(us): 96453, Min(us): 60512, Max(us): 191999, 50th(us): 76159, 90th(us): 143615, 95th(us): 146559, 99th(us): 151295, 99.9th(us): 160639, 99.99th(us): 176895
UPDATE - Takes(s): 849.9, Count: 21385, OPS: 25.2, Avg(us): 73246, Min(us): 61088, Max(us): 107839, 50th(us): 73407, 90th(us): 77695, 95th(us): 78847, 99th(us): 82175, 99.9th(us): 92159, 99.99th(us): 100351
READ   - Takes(s): 859.9, Count: 16919, OPS: 19.7, Avg(us): 126163, Min(us): 60512, Max(us): 191999, 50th(us): 137727, 90th(us): 147071, 95th(us): 149119, 99th(us): 153343, 99.9th(us): 168191, 99.99th(us): 180095
READ_ERROR - Takes(s): 859.9, Count: 4607, OPS: 5.4, Avg(us): 126112, Min(us): 61504, Max(us): 175999, 50th(us): 137983, 90th(us): 146943, 95th(us): 148991, 99th(us): 152703, 99.9th(us): 164223, 99.99th(us): 175999
TOTAL  - Takes(s): 859.9, Count: 38545, OPS: 44.8, Avg(us): 96464, Min(us): 60512, Max(us): 191999, 50th(us): 76159, 90th(us): 143615, 95th(us): 146559, 99th(us): 151423, 99.9th(us): 161919, 99.99th(us): 176895
UPDATE - Takes(s): 859.9, Count: 21626, OPS: 25.1, Avg(us): 73230, Min(us): 61088, Max(us): 107839, 50th(us): 73343, 90th(us): 77695, 95th(us): 78783, 99th(us): 82111, 99.9th(us): 92095, 99.99th(us): 100351
READ   - Takes(s): 869.9, Count: 17139, OPS: 19.7, Avg(us): 126113, Min(us): 60512, Max(us): 191999, 50th(us): 137727, 90th(us): 147071, 95th(us): 149119, 99th(us): 153471, 99.9th(us): 168191, 99.99th(us): 180095
READ_ERROR - Takes(s): 869.9, Count: 4641, OPS: 5.3, Avg(us): 126073, Min(us): 61504, Max(us): 175999, 50th(us): 137983, 90th(us): 146943, 95th(us): 148991, 99th(us): 152831, 99.9th(us): 164223, 99.99th(us): 175999
TOTAL  - Takes(s): 869.9, Count: 39032, OPS: 44.9, Avg(us): 96441, Min(us): 60512, Max(us): 191999, 50th(us): 76159, 90th(us): 143615, 95th(us): 146559, 99th(us): 151423, 99.9th(us): 161919, 99.99th(us): 176895
UPDATE - Takes(s): 869.9, Count: 21893, OPS: 25.2, Avg(us): 73212, Min(us): 61088, Max(us): 107839, 50th(us): 73343, 90th(us): 77695, 95th(us): 78783, 99th(us): 82047, 99.9th(us): 92095, 99.99th(us): 100351
READ   - Takes(s): 879.9, Count: 17357, OPS: 19.7, Avg(us): 126046, Min(us): 60512, Max(us): 191999, 50th(us): 137599, 90th(us): 147071, 95th(us): 149119, 99th(us): 153343, 99.9th(us): 168191, 99.99th(us): 180095
READ_ERROR - Takes(s): 879.9, Count: 4680, OPS: 5.3, Avg(us): 126041, Min(us): 61504, Max(us): 175999, 50th(us): 137855, 90th(us): 146943, 95th(us): 148991, 99th(us): 152703, 99.9th(us): 164223, 99.99th(us): 175999
TOTAL  - Takes(s): 879.9, Count: 39514, OPS: 44.9, Avg(us): 96407, Min(us): 60512, Max(us): 191999, 50th(us): 76095, 90th(us): 143615, 95th(us): 146559, 99th(us): 151295, 99.9th(us): 160639, 99.99th(us): 176895
UPDATE - Takes(s): 879.9, Count: 22157, OPS: 25.2, Avg(us): 73189, Min(us): 61088, Max(us): 107839, 50th(us): 73343, 90th(us): 77695, 95th(us): 78783, 99th(us): 82047, 99.9th(us): 92095, 99.99th(us): 100351
READ   - Takes(s): 889.9, Count: 17578, OPS: 19.8, Avg(us): 125990, Min(us): 60512, Max(us): 191999, 50th(us): 137599, 90th(us): 147071, 95th(us): 149119, 99th(us): 153343, 99.9th(us): 167039, 99.99th(us): 180095
READ_ERROR - Takes(s): 889.9, Count: 4716, OPS: 5.3, Avg(us): 126007, Min(us): 61504, Max(us): 175999, 50th(us): 137855, 90th(us): 146943, 95th(us): 149119, 99th(us): 152703, 99.9th(us): 164223, 99.99th(us): 175999
TOTAL  - Takes(s): 889.9, Count: 39994, OPS: 44.9, Avg(us): 96387, Min(us): 60512, Max(us): 191999, 50th(us): 76095, 90th(us): 143615, 95th(us): 146559, 99th(us): 151295, 99.9th(us): 160639, 99.99th(us): 176895
UPDATE - Takes(s): 889.9, Count: 22416, OPS: 25.2, Avg(us): 73173, Min(us): 60896, Max(us): 107839, 50th(us): 73279, 90th(us): 77631, 95th(us): 78783, 99th(us): 81983, 99.9th(us): 92095, 99.99th(us): 100351
READ   - Takes(s): 899.9, Count: 17799, OPS: 19.8, Avg(us): 125943, Min(us): 60512, Max(us): 191999, 50th(us): 137599, 90th(us): 147071, 95th(us): 149119, 99th(us): 153343, 99.9th(us): 167039, 99.99th(us): 180095
READ_ERROR - Takes(s): 899.9, Count: 4752, OPS: 5.3, Avg(us): 125969, Min(us): 61504, Max(us): 175999, 50th(us): 137855, 90th(us): 146943, 95th(us): 148991, 99th(us): 152703, 99.9th(us): 164223, 99.99th(us): 175999
TOTAL  - Takes(s): 899.9, Count: 40473, OPS: 45.0, Avg(us): 96370, Min(us): 60512, Max(us): 191999, 50th(us): 76095, 90th(us): 143615, 95th(us): 146559, 99th(us): 151295, 99.9th(us): 160639, 99.99th(us): 176895
UPDATE - Takes(s): 899.9, Count: 22674, OPS: 25.2, Avg(us): 73155, Min(us): 60640, Max(us): 107839, 50th(us): 73279, 90th(us): 77631, 95th(us): 78783, 99th(us): 81919, 99.9th(us): 91967, 99.99th(us): 100351
READ   - Takes(s): 909.9, Count: 18031, OPS: 19.8, Avg(us): 125909, Min(us): 60512, Max(us): 191999, 50th(us): 137599, 90th(us): 147071, 95th(us): 149119, 99th(us): 153343, 99.9th(us): 167039, 99.99th(us): 180095
READ_ERROR - Takes(s): 909.9, Count: 4778, OPS: 5.3, Avg(us): 125945, Min(us): 61504, Max(us): 175999, 50th(us): 137855, 90th(us): 146943, 95th(us): 148991, 99th(us): 152703, 99.9th(us): 164223, 99.99th(us): 175999
TOTAL  - Takes(s): 909.9, Count: 40962, OPS: 45.0, Avg(us): 96366, Min(us): 60512, Max(us): 191999, 50th(us): 76095, 90th(us): 143615, 95th(us): 146559, 99th(us): 151295, 99.9th(us): 160511, 99.99th(us): 176895
UPDATE - Takes(s): 909.9, Count: 22931, OPS: 25.2, Avg(us): 73135, Min(us): 60640, Max(us): 107839, 50th(us): 73279, 90th(us): 77631, 95th(us): 78719, 99th(us): 81919, 99.9th(us): 91967, 99.99th(us): 100351
READ   - Takes(s): 919.9, Count: 18251, OPS: 19.8, Avg(us): 125876, Min(us): 60512, Max(us): 191999, 50th(us): 137471, 90th(us): 147071, 95th(us): 149119, 99th(us): 153343, 99.9th(us): 167039, 99.99th(us): 180095
READ_ERROR - Takes(s): 919.9, Count: 4809, OPS: 5.2, Avg(us): 125942, Min(us): 61504, Max(us): 175999, 50th(us): 137855, 90th(us): 146943, 95th(us): 148991, 99th(us): 152703, 99.9th(us): 164223, 99.99th(us): 175999
TOTAL  - Takes(s): 919.9, Count: 41448, OPS: 45.1, Avg(us): 96350, Min(us): 60512, Max(us): 191999, 50th(us): 76095, 90th(us): 143615, 95th(us): 146559, 99th(us): 151295, 99.9th(us): 160511, 99.99th(us): 176895
UPDATE - Takes(s): 919.9, Count: 23197, OPS: 25.2, Avg(us): 73119, Min(us): 60640, Max(us): 107839, 50th(us): 73215, 90th(us): 77631, 95th(us): 78719, 99th(us): 81855, 99.9th(us): 91967, 99.99th(us): 100351
READ   - Takes(s): 929.9, Count: 18484, OPS: 19.9, Avg(us): 125870, Min(us): 60512, Max(us): 191999, 50th(us): 137471, 90th(us): 146943, 95th(us): 149119, 99th(us): 153215, 99.9th(us): 167039, 99.99th(us): 180095
READ_ERROR - Takes(s): 929.9, Count: 4837, OPS: 5.2, Avg(us): 125889, Min(us): 61504, Max(us): 175999, 50th(us): 137855, 90th(us): 146943, 95th(us): 148991, 99th(us): 152703, 99.9th(us): 164223, 99.99th(us): 175999
TOTAL  - Takes(s): 929.9, Count: 41925, OPS: 45.1, Avg(us): 96371, Min(us): 60512, Max(us): 191999, 50th(us): 76095, 90th(us): 143615, 95th(us): 146559, 99th(us): 151295, 99.9th(us): 160511, 99.99th(us): 176895
UPDATE - Takes(s): 929.9, Count: 23441, OPS: 25.2, Avg(us): 73110, Min(us): 60640, Max(us): 107839, 50th(us): 73215, 90th(us): 77631, 95th(us): 78719, 99th(us): 81855, 99.9th(us): 91967, 99.99th(us): 100351
READ   - Takes(s): 939.9, Count: 18706, OPS: 19.9, Avg(us): 125849, Min(us): 60512, Max(us): 191999, 50th(us): 137471, 90th(us): 146943, 95th(us): 148991, 99th(us): 153215, 99.9th(us): 167039, 99.99th(us): 180095
READ_ERROR - Takes(s): 939.9, Count: 4876, OPS: 5.2, Avg(us): 125894, Min(us): 61504, Max(us): 175999, 50th(us): 137855, 90th(us): 146943, 95th(us): 148991, 99th(us): 152703, 99.9th(us): 164223, 99.99th(us): 175999
TOTAL  - Takes(s): 939.9, Count: 42388, OPS: 45.1, Avg(us): 96377, Min(us): 60512, Max(us): 191999, 50th(us): 76095, 90th(us): 143615, 95th(us): 146559, 99th(us): 151295, 99.9th(us): 160511, 99.99th(us): 176895
UPDATE - Takes(s): 939.9, Count: 23682, OPS: 25.2, Avg(us): 73097, Min(us): 60640, Max(us): 107839, 50th(us): 73215, 90th(us): 77631, 95th(us): 78719, 99th(us): 81791, 99.9th(us): 91967, 99.99th(us): 100351
READ   - Takes(s): 949.9, Count: 18930, OPS: 19.9, Avg(us): 125857, Min(us): 60512, Max(us): 191999, 50th(us): 137471, 90th(us): 146943, 95th(us): 149119, 99th(us): 153599, 99.9th(us): 168191, 99.99th(us): 180095
READ_ERROR - Takes(s): 949.9, Count: 4896, OPS: 5.2, Avg(us): 125883, Min(us): 61504, Max(us): 175999, 50th(us): 137855, 90th(us): 146943, 95th(us): 149119, 99th(us): 152831, 99.9th(us): 164223, 99.99th(us): 175999
TOTAL  - Takes(s): 949.9, Count: 42874, OPS: 45.1, Avg(us): 96399, Min(us): 60512, Max(us): 191999, 50th(us): 76095, 90th(us): 143615, 95th(us): 146559, 99th(us): 151423, 99.9th(us): 163711, 99.99th(us): 176895
UPDATE - Takes(s): 949.9, Count: 23944, OPS: 25.2, Avg(us): 73109, Min(us): 60640, Max(us): 107839, 50th(us): 73215, 90th(us): 77631, 95th(us): 78719, 99th(us): 82175, 99.9th(us): 94463, 99.99th(us): 104063
READ   - Takes(s): 959.9, Count: 19150, OPS: 19.9, Avg(us): 125850, Min(us): 60512, Max(us): 191999, 50th(us): 137471, 90th(us): 146943, 95th(us): 149119, 99th(us): 153599, 99.9th(us): 168191, 99.99th(us): 180095
READ_ERROR - Takes(s): 959.9, Count: 4933, OPS: 5.1, Avg(us): 125853, Min(us): 61504, Max(us): 175999, 50th(us): 137855, 90th(us): 146943, 95th(us): 149119, 99th(us): 152831, 99.9th(us): 164223, 99.99th(us): 175999
TOTAL  - Takes(s): 959.9, Count: 43342, OPS: 45.2, Avg(us): 96404, Min(us): 60512, Max(us): 191999, 50th(us): 76095, 90th(us): 143615, 95th(us): 146559, 99th(us): 151423, 99.9th(us): 163711, 99.99th(us): 176895
UPDATE - Takes(s): 959.9, Count: 24192, OPS: 25.2, Avg(us): 73095, Min(us): 60640, Max(us): 107839, 50th(us): 73215, 90th(us): 77631, 95th(us): 78719, 99th(us): 82175, 99.9th(us): 94463, 99.99th(us): 104063
READ   - Takes(s): 969.9, Count: 19371, OPS: 20.0, Avg(us): 125825, Min(us): 60512, Max(us): 191999, 50th(us): 137471, 90th(us): 146943, 95th(us): 149119, 99th(us): 153471, 99.9th(us): 168191, 99.99th(us): 180095
READ_ERROR - Takes(s): 969.9, Count: 4957, OPS: 5.1, Avg(us): 125806, Min(us): 61504, Max(us): 175999, 50th(us): 137855, 90th(us): 146943, 95th(us): 149119, 99th(us): 152831, 99.9th(us): 164223, 99.99th(us): 175999
TOTAL  - Takes(s): 969.9, Count: 43837, OPS: 45.2, Avg(us): 96390, Min(us): 60288, Max(us): 191999, 50th(us): 76095, 90th(us): 143487, 95th(us): 146559, 99th(us): 151423, 99.9th(us): 163199, 99.99th(us): 176895
UPDATE - Takes(s): 969.9, Count: 24466, OPS: 25.2, Avg(us): 73085, Min(us): 60288, Max(us): 107839, 50th(us): 73215, 90th(us): 77631, 95th(us): 78719, 99th(us): 82111, 99.9th(us): 94463, 99.99th(us): 104063
READ   - Takes(s): 979.9, Count: 19595, OPS: 20.0, Avg(us): 125779, Min(us): 60512, Max(us): 191999, 50th(us): 137471, 90th(us): 146943, 95th(us): 148991, 99th(us): 153471, 99.9th(us): 168191, 99.99th(us): 180095
READ_ERROR - Takes(s): 979.9, Count: 4985, OPS: 5.1, Avg(us): 125774, Min(us): 61504, Max(us): 175999, 50th(us): 137855, 90th(us): 146943, 95th(us): 148991, 99th(us): 152831, 99.9th(us): 164223, 99.99th(us): 175999
TOTAL  - Takes(s): 979.9, Count: 44333, OPS: 45.2, Avg(us): 96367, Min(us): 60288, Max(us): 191999, 50th(us): 76095, 90th(us): 143487, 95th(us): 146431, 99th(us): 151423, 99.9th(us): 163199, 99.99th(us): 176895
UPDATE - Takes(s): 979.9, Count: 24738, OPS: 25.2, Avg(us): 73071, Min(us): 60288, Max(us): 107839, 50th(us): 73151, 90th(us): 77567, 95th(us): 78719, 99th(us): 82047, 99.9th(us): 94335, 99.99th(us): 104063
READ   - Takes(s): 989.9, Count: 19820, OPS: 20.0, Avg(us): 125715, Min(us): 60512, Max(us): 191999, 50th(us): 137471, 90th(us): 146943, 95th(us): 148991, 99th(us): 153471, 99.9th(us): 168191, 99.99th(us): 180095
READ_ERROR - Takes(s): 989.9, Count: 5015, OPS: 5.1, Avg(us): 125799, Min(us): 61504, Max(us): 175999, 50th(us): 137855, 90th(us): 146943, 95th(us): 148991, 99th(us): 152831, 99.9th(us): 164223, 99.99th(us): 171647
TOTAL  - Takes(s): 989.9, Count: 44822, OPS: 45.3, Avg(us): 96340, Min(us): 60288, Max(us): 191999, 50th(us): 76031, 90th(us): 143487, 95th(us): 146431, 99th(us): 151295, 99.9th(us): 162047, 99.99th(us): 176895
UPDATE - Takes(s): 989.9, Count: 25002, OPS: 25.3, Avg(us): 73054, Min(us): 60288, Max(us): 107839, 50th(us): 73151, 90th(us): 77567, 95th(us): 78719, 99th(us): 82047, 99.9th(us): 94335, 99.99th(us): 103935
**********************************************
Run finished, takes 16m34.73869113s
READ   - Takes(s): 994.7, Count: 19883, OPS: 20.0, Avg(us): 125652, Min(us): 60512, Max(us): 191999, 50th(us): 137471, 90th(us): 146943, 95th(us): 148991, 99th(us): 153471, 99.9th(us): 168191, 99.99th(us): 180095
READ_ERROR - Takes(s): 994.6, Count: 5020, OPS: 5.0, Avg(us): 125769, Min(us): 61504, Max(us): 175999, 50th(us): 137855, 90th(us): 146943, 95th(us): 148991, 99th(us): 152831, 99.9th(us): 164223, 99.99th(us): 171647
TOTAL  - Takes(s): 994.7, Count: 44980, OPS: 45.2, Avg(us): 96301, Min(us): 60288, Max(us): 191999, 50th(us): 76031, 90th(us): 143487, 95th(us): 146431, 99th(us): 151295, 99.9th(us): 162047, 99.99th(us): 176895
UPDATE - Takes(s): 994.7, Count: 25097, OPS: 25.2, Avg(us): 73048, Min(us): 60288, Max(us): 107839, 50th(us): 73151, 90th(us): 77567, 95th(us): 78719, 99th(us): 82047, 99.9th(us): 94335, 99.99th(us): 103935
