Now loading data using DB:  etcd
core
Using request distribution 'uniform' a keyrange of [0 99999]
***************** properties *****************
"scanproportion"="0"
"dotransactions"="true"
"etcd.dial_timeout"="10s"
"recordcount"="100000"
"updateproportion"="0.5"
"docollectingdata"="false"
"command"="run"
"insertproportion"="0"
"operationcount"="50000"
"threadcount"="5"
"etcd.endpoints"="192.168.37.14:2379"
"readallfields"="true"
"readproportion"="0.5"
"workload"="core"
"requestdistribution"="uniform"
**********************************************
READ   - Takes(s): 9.9, Count: 201, OPS: 20.2, Avg(us): 88762, Min(us): 44960, Max(us): 112895, 50th(us): 96255, 90th(us): 107263, 95th(us): 109823, 99th(us): 112319, 99.9th(us): 112895, 99.99th(us): 112895
READ_ERROR - Takes(s): 9.8, Count: 124, OPS: 12.6, Avg(us): 91298, Min(us): 47840, Max(us): 116031, 50th(us): 98623, 90th(us): 108735, 95th(us): 111359, 99th(us): 115967, 99.9th(us): 116031, 99.99th(us): 116031
TOTAL  - Takes(s): 9.9, Count: 570, OPS: 57.3, Avg(us): 67456, Min(us): 44960, Max(us): 112895, 50th(us): 57791, 90th(us): 100671, 95th(us): 105727, 99th(us): 110399, 99.9th(us): 112703, 99.99th(us): 112895
UPDATE - Takes(s): 9.9, Count: 369, OPS: 37.1, Avg(us): 55851, Min(us): 44960, Max(us): 72767, 50th(us): 55679, 90th(us): 61631, 95th(us): 63903, 99th(us): 69119, 99.9th(us): 72767, 99.99th(us): 72767
READ   - Takes(s): 19.9, Count: 420, OPS: 21.1, Avg(us): 90344, Min(us): 43200, Max(us): 113407, 50th(us): 97151, 90th(us): 107263, 95th(us): 109503, 99th(us): 112319, 99.9th(us): 113407, 99.99th(us): 113407
READ_ERROR - Takes(s): 19.8, Count: 248, OPS: 12.5, Avg(us): 92493, Min(us): 47456, Max(us): 116031, 50th(us): 98559, 90th(us): 107455, 95th(us): 110207, 99th(us): 113791, 99.9th(us): 116031, 99.99th(us): 116031
TOTAL  - Takes(s): 19.9, Count: 1117, OPS: 56.0, Avg(us): 68800, Min(us): 43200, Max(us): 113407, 50th(us): 58111, 90th(us): 101759, 95th(us): 106111, 99th(us): 111295, 99.9th(us): 112895, 99.99th(us): 113407
UPDATE - Takes(s): 19.9, Count: 697, OPS: 35.0, Avg(us): 55817, Min(us): 44960, Max(us): 72767, 50th(us): 55519, 90th(us): 61983, 95th(us): 63775, 99th(us): 67455, 99.9th(us): 70015, 99.99th(us): 72767
READ   - Takes(s): 29.9, Count: 654, OPS: 21.8, Avg(us): 90573, Min(us): 43200, Max(us): 113727, 50th(us): 97855, 90th(us): 107711, 95th(us): 109439, 99th(us): 112319, 99.9th(us): 113407, 99.99th(us): 113727
READ_ERROR - Takes(s): 29.8, Count: 361, OPS: 12.1, Avg(us): 92815, Min(us): 47456, Max(us): 116031, 50th(us): 98431, 90th(us): 107135, 95th(us): 109311, 99th(us): 112575, 99.9th(us): 116031, 99.99th(us): 116031
TOTAL  - Takes(s): 29.9, Count: 1677, OPS: 56.0, Avg(us): 69326, Min(us): 43200, Max(us): 113727, 50th(us): 58239, 90th(us): 103423, 95th(us): 107007, 99th(us): 110591, 99.9th(us): 112895, 99.99th(us): 113727
UPDATE - Takes(s): 29.9, Count: 1023, OPS: 34.2, Avg(us): 55743, Min(us): 44800, Max(us): 72767, 50th(us): 55327, 90th(us): 62015, 95th(us): 63903, 99th(us): 67263, 99.9th(us): 70015, 99.99th(us): 72767
READ   - Takes(s): 39.9, Count: 852, OPS: 21.3, Avg(us): 90550, Min(us): 43200, Max(us): 115455, 50th(us): 97599, 90th(us): 107839, 95th(us): 109631, 99th(us): 112703, 99.9th(us): 114303, 99.99th(us): 115455
READ_ERROR - Takes(s): 39.8, Count: 488, OPS: 12.2, Avg(us): 92897, Min(us): 47456, Max(us): 116031, 50th(us): 98751, 90th(us): 106815, 95th(us): 109247, 99th(us): 112895, 99.9th(us): 116031, 99.99th(us): 116031
TOTAL  - Takes(s): 39.9, Count: 2241, OPS: 56.1, Avg(us): 68906, Min(us): 43200, Max(us): 115455, 50th(us): 57887, 90th(us): 103231, 95th(us): 107071, 99th(us): 111743, 99.9th(us): 113983, 99.99th(us): 115455
UPDATE - Takes(s): 39.9, Count: 1389, OPS: 34.8, Avg(us): 55629, Min(us): 44800, Max(us): 72767, 50th(us): 55263, 90th(us): 61823, 95th(us): 63903, 99th(us): 67135, 99.9th(us): 70015, 99.99th(us): 72767
READ   - Takes(s): 49.9, Count: 1059, OPS: 21.2, Avg(us): 90203, Min(us): 43200, Max(us): 115455, 50th(us): 97023, 90th(us): 107391, 95th(us): 109503, 99th(us): 112703, 99.9th(us): 114303, 99.99th(us): 115455
READ_ERROR - Takes(s): 49.8, Count: 612, OPS: 12.3, Avg(us): 92473, Min(us): 45248, Max(us): 116031, 50th(us): 97663, 90th(us): 106495, 95th(us): 108991, 99th(us): 112895, 99.9th(us): 115967, 99.99th(us): 116031
TOTAL  - Takes(s): 49.9, Count: 2816, OPS: 56.4, Avg(us): 68654, Min(us): 43168, Max(us): 115455, 50th(us): 57919, 90th(us): 102527, 95th(us): 106175, 99th(us): 111295, 99.9th(us): 113727, 99.99th(us): 115455
UPDATE - Takes(s): 49.9, Count: 1757, OPS: 35.2, Avg(us): 55665, Min(us): 43168, Max(us): 72767, 50th(us): 55327, 90th(us): 61855, 95th(us): 63871, 99th(us): 67135, 99.9th(us): 70015, 99.99th(us): 72767
READ   - Takes(s): 59.9, Count: 1254, OPS: 20.9, Avg(us): 90073, Min(us): 43200, Max(us): 115455, 50th(us): 96767, 90th(us): 107327, 95th(us): 109311, 99th(us): 112639, 99.9th(us): 114303, 99.99th(us): 115455
READ_ERROR - Takes(s): 59.8, Count: 745, OPS: 12.4, Avg(us): 92240, Min(us): 45248, Max(us): 116031, 50th(us): 97471, 90th(us): 106495, 95th(us): 108735, 99th(us): 112895, 99.9th(us): 115967, 99.99th(us): 116031
TOTAL  - Takes(s): 59.9, Count: 3380, OPS: 56.4, Avg(us): 68401, Min(us): 43168, Max(us): 115455, 50th(us): 57919, 90th(us): 102207, 95th(us): 106047, 99th(us): 110719, 99.9th(us): 113727, 99.99th(us): 115455
UPDATE - Takes(s): 59.9, Count: 2126, OPS: 35.5, Avg(us): 55617, Min(us): 43168, Max(us): 72767, 50th(us): 55359, 90th(us): 61759, 95th(us): 63775, 99th(us): 67135, 99.9th(us): 70015, 99.99th(us): 72767
READ   - Takes(s): 69.9, Count: 1470, OPS: 21.0, Avg(us): 90525, Min(us): 43200, Max(us): 115455, 50th(us): 96959, 90th(us): 107327, 95th(us): 109503, 99th(us): 112703, 99.9th(us): 114303, 99.99th(us): 115455
READ_ERROR - Takes(s): 69.8, Count: 874, OPS: 12.5, Avg(us): 92746, Min(us): 45248, Max(us): 118655, 50th(us): 97983, 90th(us): 106687, 95th(us): 108991, 99th(us): 112895, 99.9th(us): 116031, 99.99th(us): 118655
TOTAL  - Takes(s): 69.9, Count: 3911, OPS: 55.9, Avg(us): 68725, Min(us): 43168, Max(us): 115455, 50th(us): 58015, 90th(us): 102527, 95th(us): 106111, 99th(us): 110847, 99.9th(us): 113727, 99.99th(us): 115455
UPDATE - Takes(s): 69.9, Count: 2441, OPS: 34.9, Avg(us): 55597, Min(us): 43168, Max(us): 72767, 50th(us): 55295, 90th(us): 61759, 95th(us): 63679, 99th(us): 67071, 99.9th(us): 70015, 99.99th(us): 72767
READ   - Takes(s): 79.9, Count: 1696, OPS: 21.2, Avg(us): 90731, Min(us): 43200, Max(us): 133247, 50th(us): 97279, 90th(us): 107583, 95th(us): 109759, 99th(us): 113023, 99.9th(us): 124031, 99.99th(us): 133247
READ_ERROR - Takes(s): 79.8, Count: 975, OPS: 12.2, Avg(us): 92459, Min(us): 41056, Max(us): 124159, 50th(us): 97983, 90th(us): 107135, 95th(us): 109311, 99th(us): 113663, 99.9th(us): 120063, 99.99th(us): 124159
TOTAL  - Takes(s): 79.9, Count: 4493, OPS: 56.2, Avg(us): 68923, Min(us): 43168, Max(us): 133247, 50th(us): 58015, 90th(us): 102911, 95th(us): 106431, 99th(us): 111679, 99.9th(us): 119935, 99.99th(us): 133247
UPDATE - Takes(s): 79.9, Count: 2797, OPS: 35.0, Avg(us): 55700, Min(us): 43168, Max(us): 82111, 50th(us): 55327, 90th(us): 62015, 95th(us): 63935, 99th(us): 68223, 99.9th(us): 80063, 99.99th(us): 82111
READ   - Takes(s): 89.9, Count: 1913, OPS: 21.3, Avg(us): 90747, Min(us): 43200, Max(us): 133247, 50th(us): 97215, 90th(us): 107647, 95th(us): 109887, 99th(us): 113535, 99.9th(us): 125951, 99.99th(us): 133247
READ_ERROR - Takes(s): 89.8, Count: 1101, OPS: 12.3, Avg(us): 92080, Min(us): 41056, Max(us): 124159, 50th(us): 97919, 90th(us): 107455, 95th(us): 109567, 99th(us): 113791, 99.9th(us): 120063, 99.99th(us): 124159
TOTAL  - Takes(s): 89.9, Count: 5050, OPS: 56.1, Avg(us): 68951, Min(us): 43168, Max(us): 133247, 50th(us): 57983, 90th(us): 102911, 95th(us): 106495, 99th(us): 111743, 99.9th(us): 119935, 99.99th(us): 128191
UPDATE - Takes(s): 89.9, Count: 3137, OPS: 34.9, Avg(us): 55659, Min(us): 43168, Max(us): 82111, 50th(us): 55263, 90th(us): 61887, 95th(us): 63871, 99th(us): 68159, 99.9th(us): 80063, 99.99th(us): 82111
READ   - Takes(s): 99.9, Count: 2142, OPS: 21.4, Avg(us): 90841, Min(us): 43200, Max(us): 133247, 50th(us): 97151, 90th(us): 107519, 95th(us): 109887, 99th(us): 113535, 99.9th(us): 125951, 99.99th(us): 133247
READ_ERROR - Takes(s): 99.8, Count: 1209, OPS: 12.1, Avg(us): 92003, Min(us): 41056, Max(us): 124159, 50th(us): 97855, 90th(us): 107519, 95th(us): 110079, 99th(us): 114495, 99.9th(us): 123775, 99.99th(us): 124159
TOTAL  - Takes(s): 99.9, Count: 5628, OPS: 56.3, Avg(us): 69012, Min(us): 43168, Max(us): 133247, 50th(us): 57951, 90th(us): 102911, 95th(us): 106239, 99th(us): 112063, 99.9th(us): 119295, 99.99th(us): 128191
UPDATE - Takes(s): 99.9, Count: 3486, OPS: 34.9, Avg(us): 55599, Min(us): 43168, Max(us): 83711, 50th(us): 55231, 90th(us): 61823, 95th(us): 63807, 99th(us): 68223, 99.9th(us): 81791, 99.99th(us): 83711
READ   - Takes(s): 109.9, Count: 2379, OPS: 21.6, Avg(us): 90958, Min(us): 43200, Max(us): 133247, 50th(us): 97407, 90th(us): 107583, 95th(us): 109695, 99th(us): 113407, 99.9th(us): 125951, 99.99th(us): 133247
READ_ERROR - Takes(s): 109.8, Count: 1326, OPS: 12.1, Avg(us): 91976, Min(us): 41056, Max(us): 124159, 50th(us): 97663, 90th(us): 107519, 95th(us): 109695, 99th(us): 113983, 99.9th(us): 123775, 99.99th(us): 124159
TOTAL  - Takes(s): 109.9, Count: 6180, OPS: 56.2, Avg(us): 69212, Min(us): 43168, Max(us): 133247, 50th(us): 58015, 90th(us): 103103, 95th(us): 106559, 99th(us): 111743, 99.9th(us): 119295, 99.99th(us): 128191
UPDATE - Takes(s): 109.9, Count: 3801, OPS: 34.6, Avg(us): 55600, Min(us): 43168, Max(us): 83711, 50th(us): 55263, 90th(us): 61759, 95th(us): 63839, 99th(us): 68351, 99.9th(us): 80063, 99.99th(us): 83711
READ   - Takes(s): 119.9, Count: 2621, OPS: 21.9, Avg(us): 91049, Min(us): 43200, Max(us): 133247, 50th(us): 97407, 90th(us): 107455, 95th(us): 109631, 99th(us): 113151, 99.9th(us): 124031, 99.99th(us): 133247
READ_ERROR - Takes(s): 119.8, Count: 1429, OPS: 11.9, Avg(us): 91921, Min(us): 41056, Max(us): 124159, 50th(us): 97535, 90th(us): 107391, 95th(us): 109503, 99th(us): 113791, 99.9th(us): 123775, 99.99th(us): 124159
TOTAL  - Takes(s): 119.9, Count: 6753, OPS: 56.3, Avg(us): 69360, Min(us): 43168, Max(us): 133247, 50th(us): 58047, 90th(us): 103103, 95th(us): 106431, 99th(us): 111359, 99.9th(us): 118335, 99.99th(us): 128191
UPDATE - Takes(s): 119.9, Count: 4132, OPS: 34.5, Avg(us): 55602, Min(us): 43168, Max(us): 83711, 50th(us): 55263, 90th(us): 61727, 95th(us): 63839, 99th(us): 68415, 99.9th(us): 80063, 99.99th(us): 83711
READ   - Takes(s): 129.9, Count: 2877, OPS: 22.1, Avg(us): 91133, Min(us): 43200, Max(us): 133247, 50th(us): 97471, 90th(us): 107391, 95th(us): 109631, 99th(us): 113407, 99.9th(us): 124031, 99.99th(us): 133247
READ_ERROR - Takes(s): 129.8, Count: 1525, OPS: 11.7, Avg(us): 91810, Min(us): 41056, Max(us): 124159, 50th(us): 97471, 90th(us): 107263, 95th(us): 109439, 99th(us): 113727, 99.9th(us): 120063, 99.99th(us): 124159
TOTAL  - Takes(s): 129.9, Count: 7328, OPS: 56.4, Avg(us): 69563, Min(us): 43168, Max(us): 133247, 50th(us): 58207, 90th(us): 103231, 95th(us): 106495, 99th(us): 111615, 99.9th(us): 118335, 99.99th(us): 128191
UPDATE - Takes(s): 129.9, Count: 4451, OPS: 34.3, Avg(us): 55620, Min(us): 43168, Max(us): 83711, 50th(us): 55263, 90th(us): 61727, 95th(us): 63935, 99th(us): 68543, 99.9th(us): 80063, 99.99th(us): 83711
READ   - Takes(s): 139.9, Count: 3110, OPS: 22.2, Avg(us): 91190, Min(us): 43200, Max(us): 133247, 50th(us): 97471, 90th(us): 107455, 95th(us): 109695, 99th(us): 113343, 99.9th(us): 124031, 99.99th(us): 133247
READ_ERROR - Takes(s): 139.8, Count: 1633, OPS: 11.7, Avg(us): 91906, Min(us): 41056, Max(us): 124159, 50th(us): 97535, 90th(us): 107327, 95th(us): 109439, 99th(us): 113727, 99.9th(us): 120063, 99.99th(us): 124159
TOTAL  - Takes(s): 139.9, Count: 7898, OPS: 56.4, Avg(us): 69599, Min(us): 43168, Max(us): 133247, 50th(us): 58207, 90th(us): 103359, 95th(us): 106559, 99th(us): 111487, 99.9th(us): 118335, 99.99th(us): 128191
UPDATE - Takes(s): 139.9, Count: 4788, OPS: 34.2, Avg(us): 55575, Min(us): 43168, Max(us): 83711, 50th(us): 55263, 90th(us): 61663, 95th(us): 63775, 99th(us): 68479, 99.9th(us): 79807, 99.99th(us): 83711
READ   - Takes(s): 149.9, Count: 3344, OPS: 22.3, Avg(us): 91217, Min(us): 43200, Max(us): 133247, 50th(us): 97471, 90th(us): 107391, 95th(us): 109567, 99th(us): 113151, 99.9th(us): 124031, 99.99th(us): 133247
READ_ERROR - Takes(s): 149.8, Count: 1744, OPS: 11.6, Avg(us): 91896, Min(us): 41056, Max(us): 124159, 50th(us): 97471, 90th(us): 107327, 95th(us): 109503, 99th(us): 113727, 99.9th(us): 120063, 99.99th(us): 124159
TOTAL  - Takes(s): 149.9, Count: 8461, OPS: 56.4, Avg(us): 69661, Min(us): 42496, Max(us): 133247, 50th(us): 58239, 90th(us): 103295, 95th(us): 106495, 99th(us): 111231, 99.9th(us): 118335, 99.99th(us): 128191
UPDATE - Takes(s): 149.9, Count: 5117, OPS: 34.1, Avg(us): 55574, Min(us): 42496, Max(us): 83711, 50th(us): 55263, 90th(us): 61663, 95th(us): 63775, 99th(us): 68415, 99.9th(us): 79807, 99.99th(us): 82111
READ   - Takes(s): 159.9, Count: 3618, OPS: 22.6, Avg(us): 91143, Min(us): 43200, Max(us): 133247, 50th(us): 97535, 90th(us): 107391, 95th(us): 109567, 99th(us): 113023, 99.9th(us): 122047, 99.99th(us): 133247
READ_ERROR - Takes(s): 159.8, Count: 1827, OPS: 11.4, Avg(us): 91795, Min(us): 41056, Max(us): 124159, 50th(us): 97599, 90th(us): 107327, 95th(us): 109567, 99th(us): 113663, 99.9th(us): 120063, 99.99th(us): 124159
TOTAL  - Takes(s): 159.9, Count: 9074, OPS: 56.7, Avg(us): 69649, Min(us): 42496, Max(us): 133247, 50th(us): 58047, 90th(us): 103359, 95th(us): 106559, 99th(us): 111167, 99.9th(us): 118271, 99.99th(us): 128191
UPDATE - Takes(s): 159.9, Count: 5456, OPS: 34.1, Avg(us): 55395, Min(us): 42496, Max(us): 83711, 50th(us): 55103, 90th(us): 61471, 95th(us): 63615, 99th(us): 68223, 99.9th(us): 79807, 99.99th(us): 82111
READ   - Takes(s): 169.9, Count: 3853, OPS: 22.7, Avg(us): 90995, Min(us): 43200, Max(us): 133247, 50th(us): 97535, 90th(us): 107327, 95th(us): 109503, 99th(us): 112895, 99.9th(us): 122047, 99.99th(us): 133247
READ_ERROR - Takes(s): 169.8, Count: 1928, OPS: 11.4, Avg(us): 91677, Min(us): 41056, Max(us): 124159, 50th(us): 97535, 90th(us): 107327, 95th(us): 109503, 99th(us): 113535, 99.9th(us): 120063, 99.99th(us): 124159
TOTAL  - Takes(s): 169.9, Count: 9694, OPS: 57.0, Avg(us): 69420, Min(us): 42336, Max(us): 133247, 50th(us): 57791, 90th(us): 103295, 95th(us): 106431, 99th(us): 111103, 99.9th(us): 117247, 99.99th(us): 128191
UPDATE - Takes(s): 169.9, Count: 5841, OPS: 34.4, Avg(us): 55188, Min(us): 42336, Max(us): 83711, 50th(us): 54879, 90th(us): 61279, 95th(us): 63391, 99th(us): 67967, 99.9th(us): 79743, 99.99th(us): 82111
READ   - Takes(s): 179.9, Count: 4109, OPS: 22.8, Avg(us): 91105, Min(us): 43200, Max(us): 133247, 50th(us): 97791, 90th(us): 107263, 95th(us): 109439, 99th(us): 112895, 99.9th(us): 122047, 99.99th(us): 133247
READ_ERROR - Takes(s): 179.8, Count: 2014, OPS: 11.2, Avg(us): 91817, Min(us): 41056, Max(us): 124159, 50th(us): 97791, 90th(us): 107327, 95th(us): 109503, 99th(us): 113535, 99.9th(us): 120063, 99.99th(us): 124159
TOTAL  - Takes(s): 179.9, Count: 10295, OPS: 57.2, Avg(us): 69431, Min(us): 42272, Max(us): 133247, 50th(us): 57631, 90th(us): 103295, 95th(us): 106367, 99th(us): 111039, 99.9th(us): 117247, 99.99th(us): 128191
UPDATE - Takes(s): 179.9, Count: 6186, OPS: 34.4, Avg(us): 55034, Min(us): 42272, Max(us): 83711, 50th(us): 54719, 90th(us): 61087, 95th(us): 63167, 99th(us): 67775, 99.9th(us): 79743, 99.99th(us): 82111
READ   - Takes(s): 189.9, Count: 4364, OPS: 23.0, Avg(us): 91065, Min(us): 43008, Max(us): 133247, 50th(us): 97791, 90th(us): 107263, 95th(us): 109503, 99th(us): 112895, 99.9th(us): 122047, 99.99th(us): 133247
READ_ERROR - Takes(s): 189.8, Count: 2112, OPS: 11.1, Avg(us): 91716, Min(us): 41056, Max(us): 124159, 50th(us): 97791, 90th(us): 107327, 95th(us): 109439, 99th(us): 113535, 99.9th(us): 120063, 99.99th(us): 124159
TOTAL  - Takes(s): 189.9, Count: 10890, OPS: 57.3, Avg(us): 69416, Min(us): 42272, Max(us): 133247, 50th(us): 57535, 90th(us): 103423, 95th(us): 106431, 99th(us): 111103, 99.9th(us): 116863, 99.99th(us): 128191
UPDATE - Takes(s): 189.9, Count: 6526, OPS: 34.4, Avg(us): 54939, Min(us): 42272, Max(us): 83711, 50th(us): 54623, 90th(us): 60959, 95th(us): 63103, 99th(us): 67775, 99.9th(us): 77759, 99.99th(us): 82111
READ   - Takes(s): 199.9, Count: 4622, OPS: 23.1, Avg(us): 91004, Min(us): 43008, Max(us): 133247, 50th(us): 97727, 90th(us): 107199, 95th(us): 109439, 99th(us): 112895, 99.9th(us): 120063, 99.99th(us): 133247
READ_ERROR - Takes(s): 199.8, Count: 2197, OPS: 11.0, Avg(us): 91712, Min(us): 41056, Max(us): 124159, 50th(us): 97791, 90th(us): 107199, 95th(us): 109439, 99th(us): 113151, 99.9th(us): 120063, 99.99th(us): 124159
TOTAL  - Takes(s): 199.9, Count: 11500, OPS: 57.5, Avg(us): 69392, Min(us): 42272, Max(us): 133247, 50th(us): 57471, 90th(us): 103295, 95th(us): 106431, 99th(us): 111039, 99.9th(us): 116863, 99.99th(us): 128191
UPDATE - Takes(s): 199.9, Count: 6878, OPS: 34.4, Avg(us): 54868, Min(us): 42272, Max(us): 83711, 50th(us): 54527, 90th(us): 60895, 95th(us): 63007, 99th(us): 67647, 99.9th(us): 77759, 99.99th(us): 82111
READ   - Takes(s): 209.9, Count: 4871, OPS: 23.2, Avg(us): 90977, Min(us): 43008, Max(us): 133247, 50th(us): 97855, 90th(us): 107199, 95th(us): 109375, 99th(us): 112895, 99.9th(us): 120063, 99.99th(us): 133247
READ_ERROR - Takes(s): 209.8, Count: 2294, OPS: 10.9, Avg(us): 91690, Min(us): 41056, Max(us): 124159, 50th(us): 97855, 90th(us): 107199, 95th(us): 109375, 99th(us): 113023, 99.9th(us): 120063, 99.99th(us): 124159
TOTAL  - Takes(s): 209.9, Count: 12105, OPS: 57.7, Avg(us): 69330, Min(us): 42272, Max(us): 133247, 50th(us): 57311, 90th(us): 103295, 95th(us): 106367, 99th(us): 111039, 99.9th(us): 115903, 99.99th(us): 128191
UPDATE - Takes(s): 209.9, Count: 7234, OPS: 34.5, Avg(us): 54755, Min(us): 42272, Max(us): 83711, 50th(us): 54399, 90th(us): 60607, 95th(us): 62847, 99th(us): 67647, 99.9th(us): 77759, 99.99th(us): 82111
READ   - Takes(s): 219.9, Count: 5121, OPS: 23.3, Avg(us): 90902, Min(us): 43008, Max(us): 133247, 50th(us): 97919, 90th(us): 107199, 95th(us): 109439, 99th(us): 112895, 99.9th(us): 120063, 99.99th(us): 128191
READ_ERROR - Takes(s): 219.8, Count: 2392, OPS: 10.9, Avg(us): 91601, Min(us): 41056, Max(us): 124159, 50th(us): 97855, 90th(us): 107199, 95th(us): 109439, 99th(us): 113407, 99.9th(us): 120063, 99.99th(us): 124159
TOTAL  - Takes(s): 219.9, Count: 12715, OPS: 57.8, Avg(us): 69254, Min(us): 42272, Max(us): 133247, 50th(us): 57183, 90th(us): 103359, 95th(us): 106367, 99th(us): 110975, 99.9th(us): 115455, 99.99th(us): 128191
UPDATE - Takes(s): 219.9, Count: 7594, OPS: 34.5, Avg(us): 54656, Min(us): 42272, Max(us): 83711, 50th(us): 54271, 90th(us): 60479, 95th(us): 62719, 99th(us): 67455, 99.9th(us): 75903, 99.99th(us): 82111
READ   - Takes(s): 229.9, Count: 5379, OPS: 23.4, Avg(us): 90855, Min(us): 43008, Max(us): 133247, 50th(us): 97791, 90th(us): 107135, 95th(us): 109375, 99th(us): 112831, 99.9th(us): 120063, 99.99th(us): 128191
READ_ERROR - Takes(s): 229.8, Count: 2468, OPS: 10.7, Avg(us): 91654, Min(us): 41056, Max(us): 124159, 50th(us): 97791, 90th(us): 107199, 95th(us): 109375, 99th(us): 113151, 99.9th(us): 120063, 99.99th(us): 124159
TOTAL  - Takes(s): 229.9, Count: 13325, OPS: 57.9, Avg(us): 69302, Min(us): 42272, Max(us): 133247, 50th(us): 57215, 90th(us): 103359, 95th(us): 106303, 99th(us): 110911, 99.9th(us): 115455, 99.99th(us): 128191
UPDATE - Takes(s): 229.9, Count: 7946, OPS: 34.6, Avg(us): 54712, Min(us): 42272, Max(us): 83711, 50th(us): 54335, 90th(us): 60575, 95th(us): 62783, 99th(us): 67519, 99.9th(us): 75903, 99.99th(us): 82111
READ   - Takes(s): 239.9, Count: 5644, OPS: 23.5, Avg(us): 90833, Min(us): 42336, Max(us): 133247, 50th(us): 97855, 90th(us): 107135, 95th(us): 109375, 99th(us): 112831, 99.9th(us): 119935, 99.99th(us): 128191
READ_ERROR - Takes(s): 239.8, Count: 2559, OPS: 10.7, Avg(us): 91679, Min(us): 41056, Max(us): 124159, 50th(us): 97855, 90th(us): 107199, 95th(us): 109375, 99th(us): 113023, 99.9th(us): 119871, 99.99th(us): 124159
TOTAL  - Takes(s): 239.9, Count: 13921, OPS: 58.0, Avg(us): 69312, Min(us): 42272, Max(us): 133247, 50th(us): 57151, 90th(us): 103423, 95th(us): 106367, 99th(us): 110911, 99.9th(us): 115263, 99.99th(us): 128191
UPDATE - Takes(s): 239.9, Count: 8277, OPS: 34.5, Avg(us): 54637, Min(us): 42272, Max(us): 83711, 50th(us): 54271, 90th(us): 60447, 95th(us): 62687, 99th(us): 67391, 99.9th(us): 75903, 99.99th(us): 82111
READ   - Takes(s): 249.9, Count: 5907, OPS: 23.6, Avg(us): 90701, Min(us): 42336, Max(us): 133247, 50th(us): 97855, 90th(us): 107135, 95th(us): 109375, 99th(us): 112703, 99.9th(us): 119935, 99.99th(us): 128191
READ_ERROR - Takes(s): 249.8, Count: 2647, OPS: 10.6, Avg(us): 91708, Min(us): 41056, Max(us): 124159, 50th(us): 97855, 90th(us): 107199, 95th(us): 109375, 99th(us): 113023, 99.9th(us): 119871, 99.99th(us): 124159
TOTAL  - Takes(s): 249.9, Count: 14540, OPS: 58.2, Avg(us): 69243, Min(us): 42176, Max(us): 133247, 50th(us): 57023, 90th(us): 103423, 95th(us): 106367, 99th(us): 110911, 99.9th(us): 115007, 99.99th(us): 128191
UPDATE - Takes(s): 249.9, Count: 8633, OPS: 34.5, Avg(us): 54560, Min(us): 42176, Max(us): 83711, 50th(us): 54207, 90th(us): 60255, 95th(us): 62591, 99th(us): 67263, 99.9th(us): 75519, 99.99th(us): 82111
READ   - Takes(s): 259.9, Count: 6158, OPS: 23.7, Avg(us): 90632, Min(us): 41920, Max(us): 133247, 50th(us): 97727, 90th(us): 107071, 95th(us): 109311, 99th(us): 112703, 99.9th(us): 119935, 99.99th(us): 128191
READ_ERROR - Takes(s): 259.8, Count: 2735, OPS: 10.5, Avg(us): 91732, Min(us): 41056, Max(us): 124159, 50th(us): 97919, 90th(us): 107199, 95th(us): 109375, 99th(us): 113151, 99.9th(us): 119871, 99.99th(us): 124159
TOTAL  - Takes(s): 259.9, Count: 15151, OPS: 58.3, Avg(us): 69206, Min(us): 41920, Max(us): 133247, 50th(us): 57023, 90th(us): 103359, 95th(us): 106303, 99th(us): 110911, 99.9th(us): 115007, 99.99th(us): 125951
UPDATE - Takes(s): 259.9, Count: 8993, OPS: 34.6, Avg(us): 54535, Min(us): 42176, Max(us): 83711, 50th(us): 54207, 90th(us): 60255, 95th(us): 62559, 99th(us): 67199, 99.9th(us): 75519, 99.99th(us): 82111
READ   - Takes(s): 269.9, Count: 6406, OPS: 23.7, Avg(us): 90616, Min(us): 41920, Max(us): 133247, 50th(us): 97727, 90th(us): 107007, 95th(us): 109247, 99th(us): 112703, 99.9th(us): 119935, 99.99th(us): 128191
READ_ERROR - Takes(s): 269.8, Count: 2835, OPS: 10.5, Avg(us): 91769, Min(us): 41056, Max(us): 124159, 50th(us): 97919, 90th(us): 107391, 95th(us): 109439, 99th(us): 113023, 99.9th(us): 119871, 99.99th(us): 124159
TOTAL  - Takes(s): 269.9, Count: 15737, OPS: 58.3, Avg(us): 69236, Min(us): 41920, Max(us): 133247, 50th(us): 57055, 90th(us): 103359, 95th(us): 106303, 99th(us): 110911, 99.9th(us): 114815, 99.99th(us): 125951
UPDATE - Takes(s): 269.9, Count: 9331, OPS: 34.6, Avg(us): 54559, Min(us): 42176, Max(us): 83711, 50th(us): 54239, 90th(us): 60287, 95th(us): 62527, 99th(us): 67135, 99.9th(us): 75519, 99.99th(us): 82111
READ   - Takes(s): 279.9, Count: 6647, OPS: 23.7, Avg(us): 90640, Min(us): 41920, Max(us): 133247, 50th(us): 97791, 90th(us): 107071, 95th(us): 109247, 99th(us): 112703, 99.9th(us): 119295, 99.99th(us): 128191
READ_ERROR - Takes(s): 279.8, Count: 2914, OPS: 10.4, Avg(us): 91703, Min(us): 41056, Max(us): 124159, 50th(us): 97855, 90th(us): 107391, 95th(us): 109375, 99th(us): 113023, 99.9th(us): 119871, 99.99th(us): 124159
TOTAL  - Takes(s): 279.9, Count: 16353, OPS: 58.4, Avg(us): 69246, Min(us): 41920, Max(us): 133247, 50th(us): 57087, 90th(us): 103359, 95th(us): 106303, 99th(us): 110847, 99.9th(us): 114815, 99.99th(us): 125951
UPDATE - Takes(s): 279.9, Count: 9706, OPS: 34.7, Avg(us): 54594, Min(us): 42176, Max(us): 83711, 50th(us): 54271, 90th(us): 60383, 95th(us): 62559, 99th(us): 67135, 99.9th(us): 75327, 99.99th(us): 82111
READ   - Takes(s): 289.9, Count: 6918, OPS: 23.9, Avg(us): 90684, Min(us): 41920, Max(us): 133247, 50th(us): 97855, 90th(us): 107007, 95th(us): 109247, 99th(us): 112703, 99.9th(us): 119295, 99.99th(us): 128191
READ_ERROR - Takes(s): 289.8, Count: 2991, OPS: 10.3, Avg(us): 91702, Min(us): 41056, Max(us): 124159, 50th(us): 97855, 90th(us): 107327, 95th(us): 109311, 99th(us): 112959, 99.9th(us): 119871, 99.99th(us): 124159
TOTAL  - Takes(s): 289.9, Count: 16959, OPS: 58.5, Avg(us): 69300, Min(us): 41920, Max(us): 133247, 50th(us): 57087, 90th(us): 103423, 95th(us): 106303, 99th(us): 110847, 99.9th(us): 114495, 99.99th(us): 125951
UPDATE - Takes(s): 289.9, Count: 10041, OPS: 34.6, Avg(us): 54566, Min(us): 41920, Max(us): 83711, 50th(us): 54239, 90th(us): 60319, 95th(us): 62559, 99th(us): 67135, 99.9th(us): 75327, 99.99th(us): 82111
READ   - Takes(s): 299.9, Count: 7175, OPS: 23.9, Avg(us): 90682, Min(us): 41920, Max(us): 133247, 50th(us): 97791, 90th(us): 106943, 95th(us): 109247, 99th(us): 112703, 99.9th(us): 119295, 99.99th(us): 128191
READ_ERROR - Takes(s): 299.8, Count: 3073, OPS: 10.2, Avg(us): 91703, Min(us): 41056, Max(us): 124159, 50th(us): 97855, 90th(us): 107263, 95th(us): 109311, 99th(us): 113023, 99.9th(us): 119871, 99.99th(us): 124159
TOTAL  - Takes(s): 299.9, Count: 17576, OPS: 58.6, Avg(us): 69285, Min(us): 41920, Max(us): 133247, 50th(us): 57087, 90th(us): 103359, 95th(us): 106239, 99th(us): 110847, 99.9th(us): 114815, 99.99th(us): 125951
UPDATE - Takes(s): 299.9, Count: 10401, OPS: 34.7, Avg(us): 54525, Min(us): 41920, Max(us): 83711, 50th(us): 54207, 90th(us): 60255, 95th(us): 62495, 99th(us): 67071, 99.9th(us): 75327, 99.99th(us): 82111
READ   - Takes(s): 309.9, Count: 7428, OPS: 24.0, Avg(us): 90699, Min(us): 41920, Max(us): 133247, 50th(us): 97727, 90th(us): 107007, 95th(us): 109311, 99th(us): 112895, 99.9th(us): 119295, 99.99th(us): 128191
READ_ERROR - Takes(s): 309.8, Count: 3150, OPS: 10.2, Avg(us): 91687, Min(us): 41056, Max(us): 124159, 50th(us): 97855, 90th(us): 107199, 95th(us): 109375, 99th(us): 113023, 99.9th(us): 119871, 99.99th(us): 124159
TOTAL  - Takes(s): 309.9, Count: 18183, OPS: 58.7, Avg(us): 69337, Min(us): 41920, Max(us): 133247, 50th(us): 57151, 90th(us): 103359, 95th(us): 106239, 99th(us): 110911, 99.9th(us): 115903, 99.99th(us): 125951
UPDATE - Takes(s): 309.9, Count: 10755, OPS: 34.7, Avg(us): 54583, Min(us): 41920, Max(us): 83711, 50th(us): 54239, 90th(us): 60415, 95th(us): 62591, 99th(us): 67135, 99.9th(us): 75263, 99.99th(us): 82111
READ   - Takes(s): 319.9, Count: 7701, OPS: 24.1, Avg(us): 90736, Min(us): 41920, Max(us): 133247, 50th(us): 97727, 90th(us): 107007, 95th(us): 109247, 99th(us): 112831, 99.9th(us): 118335, 99.99th(us): 128191
READ_ERROR - Takes(s): 319.8, Count: 3228, OPS: 10.1, Avg(us): 91691, Min(us): 41056, Max(us): 124159, 50th(us): 97791, 90th(us): 107199, 95th(us): 109311, 99th(us): 112959, 99.9th(us): 119871, 99.99th(us): 124159
TOTAL  - Takes(s): 319.9, Count: 18777, OPS: 58.7, Avg(us): 69423, Min(us): 41920, Max(us): 133247, 50th(us): 57215, 90th(us): 103359, 95th(us): 106239, 99th(us): 110911, 99.9th(us): 115455, 99.99th(us): 125951
UPDATE - Takes(s): 319.9, Count: 11076, OPS: 34.6, Avg(us): 54605, Min(us): 41920, Max(us): 83711, 50th(us): 54271, 90th(us): 60415, 95th(us): 62591, 99th(us): 67135, 99.9th(us): 75263, 99.99th(us): 82111
READ   - Takes(s): 329.9, Count: 7974, OPS: 24.2, Avg(us): 90692, Min(us): 41920, Max(us): 133247, 50th(us): 97663, 90th(us): 106943, 95th(us): 109247, 99th(us): 112703, 99.9th(us): 118335, 99.99th(us): 128191
READ_ERROR - Takes(s): 329.8, Count: 3297, OPS: 10.0, Avg(us): 91658, Min(us): 41056, Max(us): 124159, 50th(us): 97791, 90th(us): 107135, 95th(us): 109311, 99th(us): 112895, 99.9th(us): 119871, 99.99th(us): 124159
TOTAL  - Takes(s): 329.9, Count: 19397, OPS: 58.8, Avg(us): 69462, Min(us): 41920, Max(us): 133247, 50th(us): 57279, 90th(us): 103359, 95th(us): 106239, 99th(us): 110911, 99.9th(us): 115455, 99.99th(us): 125951
UPDATE - Takes(s): 329.9, Count: 11423, OPS: 34.6, Avg(us): 54642, Min(us): 41920, Max(us): 83711, 50th(us): 54335, 90th(us): 60447, 95th(us): 62623, 99th(us): 67135, 99.9th(us): 75263, 99.99th(us): 82111
READ   - Takes(s): 339.9, Count: 8231, OPS: 24.2, Avg(us): 90804, Min(us): 41056, Max(us): 133247, 50th(us): 97727, 90th(us): 107007, 95th(us): 109247, 99th(us): 112895, 99.9th(us): 120063, 99.99th(us): 128191
READ_ERROR - Takes(s): 339.8, Count: 3385, OPS: 10.0, Avg(us): 91654, Min(us): 41056, Max(us): 124159, 50th(us): 97791, 90th(us): 107135, 95th(us): 109311, 99th(us): 112895, 99.9th(us): 119871, 99.99th(us): 124159
TOTAL  - Takes(s): 339.9, Count: 19972, OPS: 58.8, Avg(us): 69565, Min(us): 41056, Max(us): 133247, 50th(us): 57343, 90th(us): 103423, 95th(us): 106303, 99th(us): 110975, 99.9th(us): 116735, 99.99th(us): 125951
UPDATE - Takes(s): 339.9, Count: 11741, OPS: 34.5, Avg(us): 54676, Min(us): 41920, Max(us): 83711, 50th(us): 54335, 90th(us): 60543, 95th(us): 62719, 99th(us): 67199, 99.9th(us): 73343, 99.99th(us): 82111
READ   - Takes(s): 349.9, Count: 8482, OPS: 24.2, Avg(us): 90891, Min(us): 41056, Max(us): 133247, 50th(us): 97727, 90th(us): 107071, 95th(us): 109311, 99th(us): 113215, 99.9th(us): 128127, 99.99th(us): 132991
READ_ERROR - Takes(s): 349.8, Count: 3453, OPS: 9.9, Avg(us): 91695, Min(us): 41056, Max(us): 132095, 50th(us): 97791, 90th(us): 107199, 95th(us): 109311, 99th(us): 113023, 99.9th(us): 120063, 99.99th(us): 132095
TOTAL  - Takes(s): 349.9, Count: 20576, OPS: 58.8, Avg(us): 69640, Min(us): 41056, Max(us): 133247, 50th(us): 57407, 90th(us): 103423, 95th(us): 106367, 99th(us): 111103, 99.9th(us): 119295, 99.99th(us): 132863
UPDATE - Takes(s): 349.9, Count: 12094, OPS: 34.6, Avg(us): 54736, Min(us): 41920, Max(us): 84159, 50th(us): 54399, 90th(us): 60639, 95th(us): 62879, 99th(us): 67519, 99.9th(us): 75519, 99.99th(us): 83711
READ   - Takes(s): 359.9, Count: 8771, OPS: 24.4, Avg(us): 90932, Min(us): 41056, Max(us): 133247, 50th(us): 97727, 90th(us): 107071, 95th(us): 109311, 99th(us): 113215, 99.9th(us): 125951, 99.99th(us): 132991
READ_ERROR - Takes(s): 359.8, Count: 3518, OPS: 9.8, Avg(us): 91725, Min(us): 41056, Max(us): 132095, 50th(us): 97791, 90th(us): 107199, 95th(us): 109311, 99th(us): 113023, 99.9th(us): 119871, 99.99th(us): 132095
TOTAL  - Takes(s): 359.9, Count: 21180, OPS: 58.8, Avg(us): 69733, Min(us): 41056, Max(us): 133247, 50th(us): 57471, 90th(us): 103423, 95th(us): 106303, 99th(us): 111039, 99.9th(us): 119295, 99.99th(us): 132863
UPDATE - Takes(s): 359.9, Count: 12409, OPS: 34.5, Avg(us): 54749, Min(us): 41920, Max(us): 84159, 50th(us): 54399, 90th(us): 60639, 95th(us): 62879, 99th(us): 67455, 99.9th(us): 75519, 99.99th(us): 83711
READ   - Takes(s): 369.9, Count: 9023, OPS: 24.4, Avg(us): 90945, Min(us): 41056, Max(us): 133247, 50th(us): 97727, 90th(us): 107135, 95th(us): 109375, 99th(us): 113215, 99.9th(us): 125951, 99.99th(us): 132991
READ_ERROR - Takes(s): 369.8, Count: 3594, OPS: 9.7, Avg(us): 91717, Min(us): 41056, Max(us): 132095, 50th(us): 97791, 90th(us): 107199, 95th(us): 109311, 99th(us): 113151, 99.9th(us): 119871, 99.99th(us): 132095
TOTAL  - Takes(s): 369.9, Count: 21786, OPS: 58.9, Avg(us): 69760, Min(us): 40992, Max(us): 133247, 50th(us): 57535, 90th(us): 103423, 95th(us): 106367, 99th(us): 111103, 99.9th(us): 118719, 99.99th(us): 132863
UPDATE - Takes(s): 369.9, Count: 12763, OPS: 34.5, Avg(us): 54784, Min(us): 40992, Max(us): 84159, 50th(us): 54431, 90th(us): 60735, 95th(us): 62943, 99th(us): 67455, 99.9th(us): 75455, 99.99th(us): 83711
READ   - Takes(s): 379.9, Count: 9290, OPS: 24.5, Avg(us): 91033, Min(us): 41056, Max(us): 133247, 50th(us): 97727, 90th(us): 107199, 95th(us): 109375, 99th(us): 113343, 99.9th(us): 125951, 99.99th(us): 132991
READ_ERROR - Takes(s): 379.8, Count: 3669, OPS: 9.7, Avg(us): 91776, Min(us): 41056, Max(us): 132095, 50th(us): 97791, 90th(us): 107199, 95th(us): 109311, 99th(us): 113215, 99.9th(us): 119871, 99.99th(us): 132095
TOTAL  - Takes(s): 379.9, Count: 22375, OPS: 58.9, Avg(us): 69845, Min(us): 40992, Max(us): 133247, 50th(us): 57567, 90th(us): 103487, 95th(us): 106431, 99th(us): 111167, 99.9th(us): 118719, 99.99th(us): 132863
UPDATE - Takes(s): 379.9, Count: 13085, OPS: 34.4, Avg(us): 54803, Min(us): 40992, Max(us): 84159, 50th(us): 54463, 90th(us): 60767, 95th(us): 62975, 99th(us): 67455, 99.9th(us): 75455, 99.99th(us): 83711
READ   - Takes(s): 389.9, Count: 9536, OPS: 24.5, Avg(us): 91062, Min(us): 41056, Max(us): 133247, 50th(us): 97791, 90th(us): 107199, 95th(us): 109375, 99th(us): 113215, 99.9th(us): 124287, 99.99th(us): 132991
READ_ERROR - Takes(s): 389.8, Count: 3753, OPS: 9.6, Avg(us): 91803, Min(us): 41056, Max(us): 132095, 50th(us): 97855, 90th(us): 107199, 95th(us): 109311, 99th(us): 113151, 99.9th(us): 119871, 99.99th(us): 132095
TOTAL  - Takes(s): 389.9, Count: 22973, OPS: 58.9, Avg(us): 69865, Min(us): 40992, Max(us): 133247, 50th(us): 57599, 90th(us): 103487, 95th(us): 106431, 99th(us): 111167, 99.9th(us): 118527, 99.99th(us): 132863
UPDATE - Takes(s): 389.9, Count: 13437, OPS: 34.5, Avg(us): 54821, Min(us): 40992, Max(us): 84159, 50th(us): 54463, 90th(us): 60799, 95th(us): 63007, 99th(us): 67455, 99.9th(us): 75455, 99.99th(us): 83711
READ   - Takes(s): 399.9, Count: 9815, OPS: 24.5, Avg(us): 91080, Min(us): 41056, Max(us): 133247, 50th(us): 97791, 90th(us): 107199, 95th(us): 109375, 99th(us): 113151, 99.9th(us): 124287, 99.99th(us): 132991
READ_ERROR - Takes(s): 399.8, Count: 3819, OPS: 9.6, Avg(us): 91794, Min(us): 41056, Max(us): 132095, 50th(us): 97855, 90th(us): 107199, 95th(us): 109311, 99th(us): 113151, 99.9th(us): 119871, 99.99th(us): 132095
TOTAL  - Takes(s): 399.9, Count: 23582, OPS: 59.0, Avg(us): 69922, Min(us): 40992, Max(us): 133247, 50th(us): 57631, 90th(us): 103487, 95th(us): 106431, 99th(us): 111103, 99.9th(us): 118335, 99.99th(us): 132863
UPDATE - Takes(s): 399.9, Count: 13767, OPS: 34.4, Avg(us): 54838, Min(us): 40992, Max(us): 84159, 50th(us): 54495, 90th(us): 60799, 95th(us): 63007, 99th(us): 67455, 99.9th(us): 75327, 99.99th(us): 83711
READ   - Takes(s): 409.9, Count: 10078, OPS: 24.6, Avg(us): 91072, Min(us): 41056, Max(us): 133247, 50th(us): 97791, 90th(us): 107199, 95th(us): 109375, 99th(us): 113215, 99.9th(us): 124287, 99.99th(us): 132991
READ_ERROR - Takes(s): 409.8, Count: 3910, OPS: 9.5, Avg(us): 91757, Min(us): 41056, Max(us): 132095, 50th(us): 97855, 90th(us): 107199, 95th(us): 109375, 99th(us): 113215, 99.9th(us): 119871, 99.99th(us): 132095
TOTAL  - Takes(s): 409.9, Count: 24167, OPS: 59.0, Avg(us): 69961, Min(us): 40992, Max(us): 133247, 50th(us): 57663, 90th(us): 103487, 95th(us): 106431, 99th(us): 111167, 99.9th(us): 118335, 99.99th(us): 132863
UPDATE - Takes(s): 409.9, Count: 14089, OPS: 34.4, Avg(us): 54860, Min(us): 40992, Max(us): 84159, 50th(us): 54527, 90th(us): 60799, 95th(us): 63039, 99th(us): 67519, 99.9th(us): 75327, 99.99th(us): 83711
READ   - Takes(s): 419.9, Count: 10353, OPS: 24.7, Avg(us): 91048, Min(us): 41056, Max(us): 133247, 50th(us): 97727, 90th(us): 107135, 95th(us): 109375, 99th(us): 113215, 99.9th(us): 124287, 99.99th(us): 132991
READ_ERROR - Takes(s): 419.8, Count: 3982, OPS: 9.5, Avg(us): 91707, Min(us): 41056, Max(us): 132095, 50th(us): 97791, 90th(us): 107199, 95th(us): 109311, 99th(us): 113151, 99.9th(us): 119871, 99.99th(us): 132095
TOTAL  - Takes(s): 419.9, Count: 24783, OPS: 59.0, Avg(us): 69975, Min(us): 40992, Max(us): 133247, 50th(us): 57663, 90th(us): 103487, 95th(us): 106431, 99th(us): 111167, 99.9th(us): 118271, 99.99th(us): 132863
UPDATE - Takes(s): 419.9, Count: 14430, OPS: 34.4, Avg(us): 54856, Min(us): 40992, Max(us): 84159, 50th(us): 54527, 90th(us): 60799, 95th(us): 63039, 99th(us): 67519, 99.9th(us): 75327, 99.99th(us): 83711
READ   - Takes(s): 429.9, Count: 10633, OPS: 24.7, Avg(us): 91025, Min(us): 41056, Max(us): 133247, 50th(us): 97727, 90th(us): 107135, 95th(us): 109311, 99th(us): 113151, 99.9th(us): 124031, 99.99th(us): 132991
READ_ERROR - Takes(s): 429.8, Count: 4045, OPS: 9.4, Avg(us): 91670, Min(us): 41056, Max(us): 132095, 50th(us): 97791, 90th(us): 107199, 95th(us): 109311, 99th(us): 113151, 99.9th(us): 119871, 99.99th(us): 132095
TOTAL  - Takes(s): 429.9, Count: 25412, OPS: 59.1, Avg(us): 69991, Min(us): 40992, Max(us): 133247, 50th(us): 57663, 90th(us): 103487, 95th(us): 106431, 99th(us): 111103, 99.9th(us): 118271, 99.99th(us): 132095
UPDATE - Takes(s): 429.9, Count: 14779, OPS: 34.4, Avg(us): 54857, Min(us): 40992, Max(us): 84159, 50th(us): 54495, 90th(us): 60831, 95th(us): 63071, 99th(us): 67519, 99.9th(us): 75263, 99.99th(us): 83711
READ   - Takes(s): 439.9, Count: 10918, OPS: 24.8, Avg(us): 90962, Min(us): 41056, Max(us): 133247, 50th(us): 97727, 90th(us): 107071, 95th(us): 109311, 99th(us): 113151, 99.9th(us): 124031, 99.99th(us): 132991
READ_ERROR - Takes(s): 439.8, Count: 4113, OPS: 9.4, Avg(us): 91661, Min(us): 41056, Max(us): 132095, 50th(us): 97791, 90th(us): 107135, 95th(us): 109311, 99th(us): 113151, 99.9th(us): 119871, 99.99th(us): 132095
TOTAL  - Takes(s): 439.9, Count: 26043, OPS: 59.2, Avg(us): 69981, Min(us): 40992, Max(us): 133247, 50th(us): 57663, 90th(us): 103423, 95th(us): 106431, 99th(us): 111103, 99.9th(us): 118143, 99.99th(us): 132095
UPDATE - Takes(s): 439.9, Count: 15125, OPS: 34.4, Avg(us): 54836, Min(us): 40992, Max(us): 84159, 50th(us): 54495, 90th(us): 60799, 95th(us): 63071, 99th(us): 67519, 99.9th(us): 75263, 99.99th(us): 82111
READ   - Takes(s): 449.9, Count: 11203, OPS: 24.9, Avg(us): 91034, Min(us): 41056, Max(us): 133247, 50th(us): 97727, 90th(us): 107071, 95th(us): 109311, 99th(us): 113151, 99.9th(us): 124031, 99.99th(us): 132991
READ_ERROR - Takes(s): 449.8, Count: 4186, OPS: 9.3, Avg(us): 91628, Min(us): 41056, Max(us): 132095, 50th(us): 97791, 90th(us): 107071, 95th(us): 109311, 99th(us): 113151, 99.9th(us): 119871, 99.99th(us): 132095
TOTAL  - Takes(s): 449.9, Count: 26632, OPS: 59.2, Avg(us): 70059, Min(us): 40992, Max(us): 133247, 50th(us): 57695, 90th(us): 103487, 95th(us): 106431, 99th(us): 111103, 99.9th(us): 118079, 99.99th(us): 132095
UPDATE - Takes(s): 449.9, Count: 15429, OPS: 34.3, Avg(us): 54829, Min(us): 40992, Max(us): 84159, 50th(us): 54495, 90th(us): 60799, 95th(us): 63039, 99th(us): 67519, 99.9th(us): 75263, 99.99th(us): 82111
READ   - Takes(s): 459.9, Count: 11485, OPS: 25.0, Avg(us): 91014, Min(us): 41056, Max(us): 133247, 50th(us): 97663, 90th(us): 107135, 95th(us): 109247, 99th(us): 113151, 99.9th(us): 124031, 99.99th(us): 132991
READ_ERROR - Takes(s): 459.8, Count: 4257, OPS: 9.3, Avg(us): 91650, Min(us): 41056, Max(us): 132095, 50th(us): 97791, 90th(us): 107071, 95th(us): 109247, 99th(us): 113023, 99.9th(us): 119871, 99.99th(us): 132095
TOTAL  - Takes(s): 459.9, Count: 27244, OPS: 59.2, Avg(us): 70086, Min(us): 40992, Max(us): 133247, 50th(us): 57727, 90th(us): 103487, 95th(us): 106431, 99th(us): 111103, 99.9th(us): 118079, 99.99th(us): 132095
UPDATE - Takes(s): 459.9, Count: 15759, OPS: 34.3, Avg(us): 54833, Min(us): 40992, Max(us): 84159, 50th(us): 54495, 90th(us): 60831, 95th(us): 63103, 99th(us): 67583, 99.9th(us): 73343, 99.99th(us): 82111
READ   - Takes(s): 469.9, Count: 11765, OPS: 25.0, Avg(us): 91014, Min(us): 41056, Max(us): 133247, 50th(us): 97663, 90th(us): 107071, 95th(us): 109247, 99th(us): 113087, 99.9th(us): 123903, 99.99th(us): 132991
READ_ERROR - Takes(s): 469.8, Count: 4324, OPS: 9.2, Avg(us): 91643, Min(us): 41056, Max(us): 132095, 50th(us): 97791, 90th(us): 107007, 95th(us): 109247, 99th(us): 113023, 99.9th(us): 119871, 99.99th(us): 132095
TOTAL  - Takes(s): 469.9, Count: 27862, OPS: 59.3, Avg(us): 70105, Min(us): 40992, Max(us): 133247, 50th(us): 57727, 90th(us): 103487, 95th(us): 106431, 99th(us): 111103, 99.9th(us): 118079, 99.99th(us): 132095
UPDATE - Takes(s): 469.9, Count: 16097, OPS: 34.3, Avg(us): 54823, Min(us): 40992, Max(us): 84159, 50th(us): 54495, 90th(us): 60831, 95th(us): 63039, 99th(us): 67519, 99.9th(us): 73343, 99.99th(us): 82111
READ   - Takes(s): 479.9, Count: 12041, OPS: 25.1, Avg(us): 90992, Min(us): 41056, Max(us): 133247, 50th(us): 97599, 90th(us): 107071, 95th(us): 109247, 99th(us): 113087, 99.9th(us): 123903, 99.99th(us): 132991
READ_ERROR - Takes(s): 479.8, Count: 4395, OPS: 9.2, Avg(us): 91665, Min(us): 41056, Max(us): 132095, 50th(us): 97791, 90th(us): 107007, 95th(us): 109247, 99th(us): 113023, 99.9th(us): 119871, 99.99th(us): 132095
TOTAL  - Takes(s): 479.9, Count: 28471, OPS: 59.3, Avg(us): 70125, Min(us): 40992, Max(us): 133247, 50th(us): 57759, 90th(us): 103487, 95th(us): 106431, 99th(us): 111103, 99.9th(us): 118079, 99.99th(us): 132095
UPDATE - Takes(s): 479.9, Count: 16430, OPS: 34.2, Avg(us): 54833, Min(us): 40992, Max(us): 84159, 50th(us): 54495, 90th(us): 60895, 95th(us): 63167, 99th(us): 67583, 99.9th(us): 73343, 99.99th(us): 82111
READ   - Takes(s): 489.9, Count: 12318, OPS: 25.1, Avg(us): 90973, Min(us): 41056, Max(us): 133247, 50th(us): 97599, 90th(us): 107007, 95th(us): 109183, 99th(us): 113023, 99.9th(us): 123903, 99.99th(us): 132991
READ_ERROR - Takes(s): 489.8, Count: 4465, OPS: 9.1, Avg(us): 91656, Min(us): 41056, Max(us): 132095, 50th(us): 97791, 90th(us): 107007, 95th(us): 109247, 99th(us): 113023, 99.9th(us): 119871, 99.99th(us): 132095
TOTAL  - Takes(s): 489.9, Count: 29092, OPS: 59.4, Avg(us): 70133, Min(us): 40992, Max(us): 133247, 50th(us): 57759, 90th(us): 103487, 95th(us): 106367, 99th(us): 111039, 99.9th(us): 118079, 99.99th(us): 132095
UPDATE - Takes(s): 489.9, Count: 16774, OPS: 34.2, Avg(us): 54830, Min(us): 40992, Max(us): 84159, 50th(us): 54495, 90th(us): 60863, 95th(us): 63135, 99th(us): 67519, 99.9th(us): 72767, 99.99th(us): 82111
READ   - Takes(s): 499.9, Count: 12601, OPS: 25.2, Avg(us): 90946, Min(us): 41056, Max(us): 133247, 50th(us): 97535, 90th(us): 107007, 95th(us): 109183, 99th(us): 112959, 99.9th(us): 123903, 99.99th(us): 132991
READ_ERROR - Takes(s): 499.8, Count: 4519, OPS: 9.0, Avg(us): 91649, Min(us): 41056, Max(us): 132095, 50th(us): 97791, 90th(us): 107007, 95th(us): 109247, 99th(us): 113023, 99.9th(us): 119167, 99.99th(us): 132095
TOTAL  - Takes(s): 499.9, Count: 29728, OPS: 59.5, Avg(us): 70143, Min(us): 40992, Max(us): 133247, 50th(us): 57791, 90th(us): 103423, 95th(us): 106367, 99th(us): 111039, 99.9th(us): 118015, 99.99th(us): 132095
UPDATE - Takes(s): 499.9, Count: 17127, OPS: 34.3, Avg(us): 54838, Min(us): 40992, Max(us): 84159, 50th(us): 54495, 90th(us): 60895, 95th(us): 63135, 99th(us): 67519, 99.9th(us): 75263, 99.99th(us): 82111
READ   - Takes(s): 509.9, Count: 12864, OPS: 25.2, Avg(us): 90905, Min(us): 41056, Max(us): 133247, 50th(us): 97471, 90th(us): 106943, 95th(us): 109119, 99th(us): 112959, 99.9th(us): 123903, 99.99th(us): 132991
READ_ERROR - Takes(s): 509.8, Count: 4579, OPS: 9.0, Avg(us): 91545, Min(us): 41056, Max(us): 132095, 50th(us): 97663, 90th(us): 106943, 95th(us): 109247, 99th(us): 113023, 99.9th(us): 119167, 99.99th(us): 132095
TOTAL  - Takes(s): 509.9, Count: 30387, OPS: 59.6, Avg(us): 70105, Min(us): 40992, Max(us): 133247, 50th(us): 57791, 90th(us): 103423, 95th(us): 106303, 99th(us): 111039, 99.9th(us): 118015, 99.99th(us): 132095
UPDATE - Takes(s): 509.9, Count: 17523, OPS: 34.4, Avg(us): 54835, Min(us): 40992, Max(us): 84159, 50th(us): 54495, 90th(us): 60895, 95th(us): 63135, 99th(us): 67519, 99.9th(us): 73343, 99.99th(us): 82111
READ   - Takes(s): 519.9, Count: 13151, OPS: 25.3, Avg(us): 90866, Min(us): 41056, Max(us): 133247, 50th(us): 97471, 90th(us): 106879, 95th(us): 109119, 99th(us): 112959, 99.9th(us): 123903, 99.99th(us): 132991
READ_ERROR - Takes(s): 519.8, Count: 4635, OPS: 8.9, Avg(us): 91524, Min(us): 41056, Max(us): 132095, 50th(us): 97663, 90th(us): 106943, 95th(us): 109183, 99th(us): 113023, 99.9th(us): 119167, 99.99th(us): 132095
TOTAL  - Takes(s): 519.9, Count: 31025, OPS: 59.7, Avg(us): 70109, Min(us): 40992, Max(us): 133247, 50th(us): 57823, 90th(us): 103423, 95th(us): 106303, 99th(us): 110975, 99.9th(us): 117247, 99.99th(us): 132095
UPDATE - Takes(s): 519.9, Count: 17874, OPS: 34.4, Avg(us): 54836, Min(us): 40992, Max(us): 84159, 50th(us): 54495, 90th(us): 60927, 95th(us): 63167, 99th(us): 67519, 99.9th(us): 73343, 99.99th(us): 82111
READ   - Takes(s): 529.9, Count: 13447, OPS: 25.4, Avg(us): 90916, Min(us): 41056, Max(us): 133247, 50th(us): 97471, 90th(us): 106879, 95th(us): 109119, 99th(us): 113023, 99.9th(us): 123903, 99.99th(us): 132991
READ_ERROR - Takes(s): 529.8, Count: 4691, OPS: 8.9, Avg(us): 91530, Min(us): 41056, Max(us): 132095, 50th(us): 97727, 90th(us): 106943, 95th(us): 109183, 99th(us): 113023, 99.9th(us): 119167, 99.99th(us): 132095
TOTAL  - Takes(s): 529.9, Count: 31636, OPS: 59.7, Avg(us): 70171, Min(us): 40992, Max(us): 133247, 50th(us): 57823, 90th(us): 103423, 95th(us): 106367, 99th(us): 111039, 99.9th(us): 116863, 99.99th(us): 132095
UPDATE - Takes(s): 529.9, Count: 18189, OPS: 34.3, Avg(us): 54835, Min(us): 40992, Max(us): 84159, 50th(us): 54495, 90th(us): 60959, 95th(us): 63167, 99th(us): 67519, 99.9th(us): 73343, 99.99th(us): 82111
READ   - Takes(s): 539.9, Count: 13725, OPS: 25.4, Avg(us): 90892, Min(us): 41056, Max(us): 133247, 50th(us): 97471, 90th(us): 106879, 95th(us): 109119, 99th(us): 113023, 99.9th(us): 123903, 99.99th(us): 132991
READ_ERROR - Takes(s): 539.8, Count: 4757, OPS: 8.8, Avg(us): 91541, Min(us): 41056, Max(us): 132095, 50th(us): 97727, 90th(us): 106943, 95th(us): 109247, 99th(us): 113023, 99.9th(us): 119167, 99.99th(us): 132095
TOTAL  - Takes(s): 539.9, Count: 32265, OPS: 59.8, Avg(us): 70169, Min(us): 40992, Max(us): 133247, 50th(us): 57823, 90th(us): 103423, 95th(us): 106303, 99th(us): 110975, 99.9th(us): 116863, 99.99th(us): 132095
UPDATE - Takes(s): 539.9, Count: 18540, OPS: 34.3, Avg(us): 54827, Min(us): 40992, Max(us): 84159, 50th(us): 54463, 90th(us): 60927, 95th(us): 63167, 99th(us): 67519, 99.9th(us): 72767, 99.99th(us): 82111
READ   - Takes(s): 549.9, Count: 14012, OPS: 25.5, Avg(us): 90863, Min(us): 41056, Max(us): 133247, 50th(us): 97471, 90th(us): 106879, 95th(us): 109119, 99th(us): 112959, 99.9th(us): 123903, 99.99th(us): 132991
READ_ERROR - Takes(s): 549.8, Count: 4817, OPS: 8.8, Avg(us): 91558, Min(us): 41056, Max(us): 132095, 50th(us): 97727, 90th(us): 106943, 95th(us): 109247, 99th(us): 113023, 99.9th(us): 119167, 99.99th(us): 132095
TOTAL  - Takes(s): 549.9, Count: 32892, OPS: 59.8, Avg(us): 70178, Min(us): 40992, Max(us): 133247, 50th(us): 57855, 90th(us): 103423, 95th(us): 106303, 99th(us): 110975, 99.9th(us): 116735, 99.99th(us): 132095
UPDATE - Takes(s): 549.9, Count: 18880, OPS: 34.3, Avg(us): 54826, Min(us): 40992, Max(us): 84159, 50th(us): 54463, 90th(us): 60927, 95th(us): 63135, 99th(us): 67519, 99.9th(us): 72767, 99.99th(us): 82111
READ   - Takes(s): 559.9, Count: 14305, OPS: 25.5, Avg(us): 90857, Min(us): 41056, Max(us): 133247, 50th(us): 97471, 90th(us): 106815, 95th(us): 109119, 99th(us): 112959, 99.9th(us): 123903, 99.99th(us): 132991
READ_ERROR - Takes(s): 559.8, Count: 4868, OPS: 8.7, Avg(us): 91523, Min(us): 41056, Max(us): 132095, 50th(us): 97727, 90th(us): 106943, 95th(us): 109183, 99th(us): 113023, 99.9th(us): 119167, 99.99th(us): 132095
TOTAL  - Takes(s): 559.9, Count: 33535, OPS: 59.9, Avg(us): 70195, Min(us): 40992, Max(us): 133247, 50th(us): 57855, 90th(us): 103359, 95th(us): 106303, 99th(us): 110911, 99.9th(us): 116671, 99.99th(us): 132095
UPDATE - Takes(s): 559.9, Count: 19230, OPS: 34.3, Avg(us): 54825, Min(us): 40992, Max(us): 84159, 50th(us): 54495, 90th(us): 60927, 95th(us): 63167, 99th(us): 67519, 99.9th(us): 72767, 99.99th(us): 82111
READ   - Takes(s): 569.9, Count: 14613, OPS: 25.6, Avg(us): 90860, Min(us): 41056, Max(us): 133247, 50th(us): 97471, 90th(us): 106815, 95th(us): 109119, 99th(us): 112895, 99.9th(us): 123839, 99.99th(us): 132991
READ_ERROR - Takes(s): 569.8, Count: 4919, OPS: 8.6, Avg(us): 91456, Min(us): 41056, Max(us): 132095, 50th(us): 97663, 90th(us): 106943, 95th(us): 109183, 99th(us): 113023, 99.9th(us): 119167, 99.99th(us): 132095
TOTAL  - Takes(s): 569.9, Count: 34164, OPS: 59.9, Avg(us): 70236, Min(us): 40992, Max(us): 133247, 50th(us): 57887, 90th(us): 103359, 95th(us): 106303, 99th(us): 110911, 99.9th(us): 116735, 99.99th(us): 132095
UPDATE - Takes(s): 569.9, Count: 19551, OPS: 34.3, Avg(us): 54821, Min(us): 40992, Max(us): 84159, 50th(us): 54495, 90th(us): 60895, 95th(us): 63135, 99th(us): 67519, 99.9th(us): 72703, 99.99th(us): 82111
READ   - Takes(s): 579.9, Count: 14903, OPS: 25.7, Avg(us): 90844, Min(us): 41056, Max(us): 133247, 50th(us): 97407, 90th(us): 106815, 95th(us): 109055, 99th(us): 112831, 99.9th(us): 123839, 99.99th(us): 132991
READ_ERROR - Takes(s): 579.8, Count: 4983, OPS: 8.6, Avg(us): 91426, Min(us): 41056, Max(us): 132095, 50th(us): 97663, 90th(us): 106943, 95th(us): 109119, 99th(us): 113023, 99.9th(us): 119167, 99.99th(us): 132095
TOTAL  - Takes(s): 579.9, Count: 34794, OPS: 60.0, Avg(us): 70233, Min(us): 40992, Max(us): 133247, 50th(us): 57855, 90th(us): 103359, 95th(us): 106303, 99th(us): 110911, 99.9th(us): 116671, 99.99th(us): 132095
UPDATE - Takes(s): 579.9, Count: 19891, OPS: 34.3, Avg(us): 54791, Min(us): 40992, Max(us): 84159, 50th(us): 54463, 90th(us): 60831, 95th(us): 63103, 99th(us): 67455, 99.9th(us): 72703, 99.99th(us): 82111
READ   - Takes(s): 589.9, Count: 15184, OPS: 25.7, Avg(us): 90810, Min(us): 41056, Max(us): 133247, 50th(us): 97407, 90th(us): 106815, 95th(us): 109055, 99th(us): 112767, 99.9th(us): 123839, 99.99th(us): 132863
READ_ERROR - Takes(s): 589.8, Count: 5047, OPS: 8.6, Avg(us): 91373, Min(us): 41056, Max(us): 132095, 50th(us): 97663, 90th(us): 106943, 95th(us): 109119, 99th(us): 113023, 99.9th(us): 119167, 99.99th(us): 124159
TOTAL  - Takes(s): 589.9, Count: 35447, OPS: 60.1, Avg(us): 70193, Min(us): 40992, Max(us): 133247, 50th(us): 57791, 90th(us): 103295, 95th(us): 106239, 99th(us): 110911, 99.9th(us): 116671, 99.99th(us): 131967
UPDATE - Takes(s): 589.9, Count: 20263, OPS: 34.3, Avg(us): 54743, Min(us): 40992, Max(us): 84159, 50th(us): 54399, 90th(us): 60767, 95th(us): 63007, 99th(us): 67455, 99.9th(us): 72703, 99.99th(us): 82111
READ   - Takes(s): 599.9, Count: 15485, OPS: 25.8, Avg(us): 90797, Min(us): 41056, Max(us): 133247, 50th(us): 97407, 90th(us): 106815, 95th(us): 109055, 99th(us): 112767, 99.9th(us): 123839, 99.99th(us): 132863
READ_ERROR - Takes(s): 599.8, Count: 5112, OPS: 8.5, Avg(us): 91386, Min(us): 41056, Max(us): 132095, 50th(us): 97663, 90th(us): 106943, 95th(us): 109119, 99th(us): 113023, 99.9th(us): 119167, 99.99th(us): 124159
TOTAL  - Takes(s): 599.9, Count: 36072, OPS: 60.1, Avg(us): 70197, Min(us): 40992, Max(us): 133247, 50th(us): 57759, 90th(us): 103295, 95th(us): 106239, 99th(us): 110911, 99.9th(us): 116671, 99.99th(us): 131967
UPDATE - Takes(s): 599.9, Count: 20587, OPS: 34.3, Avg(us): 54701, Min(us): 40992, Max(us): 84159, 50th(us): 54367, 90th(us): 60735, 95th(us): 62975, 99th(us): 67391, 99.9th(us): 72703, 99.99th(us): 82111
READ   - Takes(s): 609.9, Count: 15781, OPS: 25.9, Avg(us): 90799, Min(us): 41056, Max(us): 133247, 50th(us): 97407, 90th(us): 106815, 95th(us): 109055, 99th(us): 112703, 99.9th(us): 122751, 99.99th(us): 132863
READ_ERROR - Takes(s): 609.8, Count: 5177, OPS: 8.5, Avg(us): 91408, Min(us): 41056, Max(us): 132095, 50th(us): 97663, 90th(us): 106943, 95th(us): 109119, 99th(us): 113023, 99.9th(us): 119167, 99.99th(us): 124159
TOTAL  - Takes(s): 609.9, Count: 36694, OPS: 60.2, Avg(us): 70206, Min(us): 40992, Max(us): 133247, 50th(us): 57727, 90th(us): 103295, 95th(us): 106239, 99th(us): 110911, 99.9th(us): 116479, 99.99th(us): 131967
UPDATE - Takes(s): 609.9, Count: 20913, OPS: 34.3, Avg(us): 54666, Min(us): 40992, Max(us): 84159, 50th(us): 54335, 90th(us): 60671, 95th(us): 62911, 99th(us): 67391, 99.9th(us): 72703, 99.99th(us): 82111
READ   - Takes(s): 619.9, Count: 16072, OPS: 25.9, Avg(us): 90764, Min(us): 41056, Max(us): 133247, 50th(us): 97407, 90th(us): 106815, 95th(us): 109055, 99th(us): 112767, 99.9th(us): 122751, 99.99th(us): 132863
READ_ERROR - Takes(s): 619.8, Count: 5228, OPS: 8.4, Avg(us): 91404, Min(us): 41056, Max(us): 132095, 50th(us): 97663, 90th(us): 106943, 95th(us): 109183, 99th(us): 113023, 99.9th(us): 119167, 99.99th(us): 124159
TOTAL  - Takes(s): 619.9, Count: 37358, OPS: 60.3, Avg(us): 70174, Min(us): 40992, Max(us): 133247, 50th(us): 57695, 90th(us): 103359, 95th(us): 106303, 99th(us): 110911, 99.9th(us): 116479, 99.99th(us): 131967
UPDATE - Takes(s): 619.9, Count: 21286, OPS: 34.3, Avg(us): 54628, Min(us): 40992, Max(us): 84159, 50th(us): 54303, 90th(us): 60607, 95th(us): 62879, 99th(us): 67263, 99.9th(us): 72703, 99.99th(us): 82111
READ   - Takes(s): 629.9, Count: 16381, OPS: 26.0, Avg(us): 90753, Min(us): 41056, Max(us): 133247, 50th(us): 97407, 90th(us): 106815, 95th(us): 109055, 99th(us): 112703, 99.9th(us): 122751, 99.99th(us): 132863
READ_ERROR - Takes(s): 629.8, Count: 5284, OPS: 8.4, Avg(us): 91360, Min(us): 41056, Max(us): 132095, 50th(us): 97663, 90th(us): 106943, 95th(us): 109183, 99th(us): 113023, 99.9th(us): 119167, 99.99th(us): 124159
TOTAL  - Takes(s): 629.9, Count: 37994, OPS: 60.3, Avg(us): 70184, Min(us): 40992, Max(us): 133247, 50th(us): 57663, 90th(us): 103359, 95th(us): 106239, 99th(us): 110911, 99.9th(us): 116415, 99.99th(us): 131967
UPDATE - Takes(s): 629.9, Count: 21613, OPS: 34.3, Avg(us): 54594, Min(us): 40992, Max(us): 84159, 50th(us): 54271, 90th(us): 60543, 95th(us): 62815, 99th(us): 67263, 99.9th(us): 72447, 99.99th(us): 82111
READ   - Takes(s): 639.9, Count: 16674, OPS: 26.1, Avg(us): 90702, Min(us): 41056, Max(us): 133247, 50th(us): 97471, 90th(us): 106815, 95th(us): 109055, 99th(us): 112703, 99.9th(us): 122047, 99.99th(us): 132863
READ_ERROR - Takes(s): 639.8, Count: 5337, OPS: 8.3, Avg(us): 91331, Min(us): 41056, Max(us): 132095, 50th(us): 97663, 90th(us): 106943, 95th(us): 109247, 99th(us): 113023, 99.9th(us): 119167, 99.99th(us): 124159
TOTAL  - Takes(s): 639.9, Count: 38652, OPS: 60.4, Avg(us): 70161, Min(us): 40992, Max(us): 133247, 50th(us): 57631, 90th(us): 103359, 95th(us): 106239, 99th(us): 110911, 99.9th(us): 116223, 99.99th(us): 131967
UPDATE - Takes(s): 639.9, Count: 21978, OPS: 34.3, Avg(us): 54578, Min(us): 40992, Max(us): 84159, 50th(us): 54239, 90th(us): 60543, 95th(us): 62815, 99th(us): 67263, 99.9th(us): 72447, 99.99th(us): 82111
READ   - Takes(s): 649.9, Count: 16967, OPS: 26.1, Avg(us): 90634, Min(us): 41056, Max(us): 133247, 50th(us): 97407, 90th(us): 106815, 95th(us): 109055, 99th(us): 112703, 99.9th(us): 122047, 99.99th(us): 132863
READ_ERROR - Takes(s): 649.8, Count: 5383, OPS: 8.3, Avg(us): 91300, Min(us): 41056, Max(us): 132095, 50th(us): 97599, 90th(us): 106943, 95th(us): 109183, 99th(us): 112959, 99.9th(us): 119167, 99.99th(us): 124159
TOTAL  - Takes(s): 649.9, Count: 39323, OPS: 60.5, Avg(us): 70135, Min(us): 40992, Max(us): 133247, 50th(us): 57631, 90th(us): 103295, 95th(us): 106239, 99th(us): 110911, 99.9th(us): 116223, 99.99th(us): 131967
UPDATE - Takes(s): 649.9, Count: 22356, OPS: 34.4, Avg(us): 54578, Min(us): 40992, Max(us): 84159, 50th(us): 54239, 90th(us): 60543, 95th(us): 62847, 99th(us): 67327, 99.9th(us): 72575, 99.99th(us): 82111
READ   - Takes(s): 659.9, Count: 17266, OPS: 26.2, Avg(us): 90623, Min(us): 41056, Max(us): 133247, 50th(us): 97343, 90th(us): 106751, 95th(us): 109055, 99th(us): 112703, 99.9th(us): 122047, 99.99th(us): 132863
READ_ERROR - Takes(s): 659.8, Count: 5441, OPS: 8.2, Avg(us): 91303, Min(us): 41056, Max(us): 132095, 50th(us): 97663, 90th(us): 106943, 95th(us): 109183, 99th(us): 112959, 99.9th(us): 119167, 99.99th(us): 124159
TOTAL  - Takes(s): 659.9, Count: 39940, OPS: 60.5, Avg(us): 70170, Min(us): 40992, Max(us): 133247, 50th(us): 57695, 90th(us): 103295, 95th(us): 106239, 99th(us): 110911, 99.9th(us): 116223, 99.99th(us): 131967
UPDATE - Takes(s): 659.9, Count: 22674, OPS: 34.4, Avg(us): 54595, Min(us): 40992, Max(us): 84159, 50th(us): 54271, 90th(us): 60575, 95th(us): 62879, 99th(us): 67391, 99.9th(us): 72447, 99.99th(us): 82111
READ   - Takes(s): 669.9, Count: 17574, OPS: 26.2, Avg(us): 90625, Min(us): 41056, Max(us): 133247, 50th(us): 97343, 90th(us): 106751, 95th(us): 108991, 99th(us): 112703, 99.9th(us): 120255, 99.99th(us): 132863
READ_ERROR - Takes(s): 669.8, Count: 5489, OPS: 8.2, Avg(us): 91314, Min(us): 41056, Max(us): 132095, 50th(us): 97663, 90th(us): 106943, 95th(us): 109183, 99th(us): 112895, 99.9th(us): 119167, 99.99th(us): 124159
TOTAL  - Takes(s): 669.9, Count: 40570, OPS: 60.6, Avg(us): 70203, Min(us): 40992, Max(us): 133247, 50th(us): 57695, 90th(us): 103295, 95th(us): 106239, 99th(us): 110911, 99.9th(us): 116095, 99.99th(us): 131967
UPDATE - Takes(s): 669.9, Count: 22996, OPS: 34.3, Avg(us): 54596, Min(us): 40992, Max(us): 84159, 50th(us): 54271, 90th(us): 60575, 95th(us): 62879, 99th(us): 67391, 99.9th(us): 72447, 99.99th(us): 82111
READ   - Takes(s): 679.9, Count: 17866, OPS: 26.3, Avg(us): 90575, Min(us): 41056, Max(us): 133247, 50th(us): 97279, 90th(us): 106751, 95th(us): 108991, 99th(us): 112703, 99.9th(us): 120255, 99.99th(us): 132863
READ_ERROR - Takes(s): 679.8, Count: 5536, OPS: 8.1, Avg(us): 91305, Min(us): 41056, Max(us): 132095, 50th(us): 97663, 90th(us): 106943, 95th(us): 109183, 99th(us): 112895, 99.9th(us): 118975, 99.99th(us): 124159
TOTAL  - Takes(s): 679.9, Count: 41230, OPS: 60.6, Avg(us): 70189, Min(us): 40992, Max(us): 133247, 50th(us): 57695, 90th(us): 103295, 95th(us): 106239, 99th(us): 110911, 99.9th(us): 116223, 99.99th(us): 131967
UPDATE - Takes(s): 679.9, Count: 23364, OPS: 34.4, Avg(us): 54600, Min(us): 40992, Max(us): 84159, 50th(us): 54271, 90th(us): 60575, 95th(us): 62911, 99th(us): 67391, 99.9th(us): 72447, 99.99th(us): 82111
READ   - Takes(s): 689.9, Count: 18167, OPS: 26.3, Avg(us): 90588, Min(us): 41056, Max(us): 133247, 50th(us): 97279, 90th(us): 106751, 95th(us): 108991, 99th(us): 112639, 99.9th(us): 120255, 99.99th(us): 132863
READ_ERROR - Takes(s): 689.8, Count: 5590, OPS: 8.1, Avg(us): 91304, Min(us): 41056, Max(us): 132095, 50th(us): 97599, 90th(us): 106879, 95th(us): 109183, 99th(us): 112895, 99.9th(us): 118975, 99.99th(us): 124159
TOTAL  - Takes(s): 689.9, Count: 41853, OPS: 60.7, Avg(us): 70220, Min(us): 40992, Max(us): 133247, 50th(us): 57695, 90th(us): 103295, 95th(us): 106239, 99th(us): 110847, 99.9th(us): 116095, 99.99th(us): 131967
UPDATE - Takes(s): 689.9, Count: 23686, OPS: 34.3, Avg(us): 54599, Min(us): 40992, Max(us): 84159, 50th(us): 54271, 90th(us): 60575, 95th(us): 62911, 99th(us): 67391, 99.9th(us): 72447, 99.99th(us): 82111
READ   - Takes(s): 699.9, Count: 18467, OPS: 26.4, Avg(us): 90598, Min(us): 41056, Max(us): 133247, 50th(us): 97279, 90th(us): 106687, 95th(us): 108991, 99th(us): 112639, 99.9th(us): 120255, 99.99th(us): 132863
READ_ERROR - Takes(s): 699.8, Count: 5649, OPS: 8.1, Avg(us): 91292, Min(us): 41056, Max(us): 132095, 50th(us): 97663, 90th(us): 106879, 95th(us): 109119, 99th(us): 112895, 99.9th(us): 118975, 99.99th(us): 124159
TOTAL  - Takes(s): 699.9, Count: 42471, OPS: 60.7, Avg(us): 70248, Min(us): 40992, Max(us): 133247, 50th(us): 57727, 90th(us): 103295, 95th(us): 106239, 99th(us): 110847, 99.9th(us): 116095, 99.99th(us): 131967
UPDATE - Takes(s): 699.9, Count: 24004, OPS: 34.3, Avg(us): 54592, Min(us): 40992, Max(us): 84159, 50th(us): 54239, 90th(us): 60575, 95th(us): 62911, 99th(us): 67391, 99.9th(us): 72447, 99.99th(us): 82111
READ   - Takes(s): 709.9, Count: 18767, OPS: 26.4, Avg(us): 90572, Min(us): 41056, Max(us): 133247, 50th(us): 97279, 90th(us): 106687, 95th(us): 108991, 99th(us): 112575, 99.9th(us): 120063, 99.99th(us): 132863
READ_ERROR - Takes(s): 709.8, Count: 5708, OPS: 8.0, Avg(us): 91297, Min(us): 41056, Max(us): 132095, 50th(us): 97663, 90th(us): 106879, 95th(us): 109119, 99th(us): 112895, 99.9th(us): 118975, 99.99th(us): 124159
TOTAL  - Takes(s): 709.9, Count: 43113, OPS: 60.7, Avg(us): 70237, Min(us): 40992, Max(us): 133247, 50th(us): 57695, 90th(us): 103295, 95th(us): 106239, 99th(us): 110847, 99.9th(us): 115967, 99.99th(us): 131967
UPDATE - Takes(s): 709.9, Count: 24346, OPS: 34.3, Avg(us): 54562, Min(us): 40992, Max(us): 84159, 50th(us): 54239, 90th(us): 60543, 95th(us): 62879, 99th(us): 67327, 99.9th(us): 72447, 99.99th(us): 82111
READ   - Takes(s): 719.9, Count: 19062, OPS: 26.5, Avg(us): 90570, Min(us): 41056, Max(us): 133247, 50th(us): 97343, 90th(us): 106751, 95th(us): 108991, 99th(us): 112639, 99.9th(us): 120063, 99.99th(us): 132863
READ_ERROR - Takes(s): 719.8, Count: 5757, OPS: 8.0, Avg(us): 91294, Min(us): 41056, Max(us): 132095, 50th(us): 97663, 90th(us): 106879, 95th(us): 109119, 99th(us): 112895, 99.9th(us): 119167, 99.99th(us): 124159
TOTAL  - Takes(s): 719.9, Count: 43767, OPS: 60.8, Avg(us): 70226, Min(us): 40992, Max(us): 133247, 50th(us): 57663, 90th(us): 103295, 95th(us): 106239, 99th(us): 110847, 99.9th(us): 116095, 99.99th(us): 131967
UPDATE - Takes(s): 719.9, Count: 24705, OPS: 34.3, Avg(us): 54530, Min(us): 40992, Max(us): 84159, 50th(us): 54207, 90th(us): 60511, 95th(us): 62815, 99th(us): 67327, 99.9th(us): 71999, 99.99th(us): 82111
**********************************************
Run finished, takes 12m7.983062769s
READ   - Takes(s): 727.9, Count: 19258, OPS: 26.5, Avg(us): 90534, Min(us): 41056, Max(us): 133247, 50th(us): 97343, 90th(us): 106751, 95th(us): 108991, 99th(us): 112639, 99.9th(us): 120063, 99.99th(us): 132863
READ_ERROR - Takes(s): 727.8, Count: 5796, OPS: 8.0, Avg(us): 91313, Min(us): 41056, Max(us): 132095, 50th(us): 97663, 90th(us): 106879, 95th(us): 109119, 99th(us): 112895, 99.9th(us): 119167, 99.99th(us): 124159
TOTAL  - Takes(s): 727.9, Count: 44204, OPS: 60.7, Avg(us): 70203, Min(us): 40992, Max(us): 133247, 50th(us): 57631, 90th(us): 103295, 95th(us): 106239, 99th(us): 110847, 99.9th(us): 116095, 99.99th(us): 131967
UPDATE - Takes(s): 727.9, Count: 24946, OPS: 34.3, Avg(us): 54508, Min(us): 40992, Max(us): 84159, 50th(us): 54175, 90th(us): 60479, 95th(us): 62783, 99th(us): 67263, 99.9th(us): 71999, 99.99th(us): 82111
