Now loading data using DB:  etcd
core
Using request distribution 'uniform' a keyrange of [0 99999]
***************** properties *****************
"etcd.dial_timeout"="1s"
"insertproportion"="0"
"command"="run"
"updateproportion"="0.5"
"requestdistribution"="uniform"
"workload"="core"
"dotransactions"="true"
"recordcount"="100000"
"operationcount"="50000"
"scanproportion"="0"
"threadcount"="5"
"docollectingdata"="false"
"readallfields"="true"
"readproportion"="0.5"
"etcd.endpoints"="192.168.37.11:2379"
**********************************************
READ   - Takes(s): 9.9, Count: 178, OPS: 17.9, Avg(us): 108291, Min(us): 51872, Max(us): 134143, 50th(us): 115967, 90th(us): 123775, 95th(us): 126847, 99th(us): 128575, 99.9th(us): 134143, 99.99th(us): 134143
READ_ERROR - Takes(s): 9.8, Count: 120, OPS: 12.2, Avg(us): 105594, Min(us): 55296, Max(us): 130495, 50th(us): 113279, 90th(us): 121727, 95th(us): 122431, 99th(us): 128319, 99.9th(us): 130495, 99.99th(us): 130495
TOTAL  - Takes(s): 9.9, Count: 464, OPS: 46.7, Avg(us): 79577, Min(us): 51552, Max(us): 134143, 50th(us): 64447, 90th(us): 120063, 95th(us): 123263, 99th(us): 127871, 99.9th(us): 134143, 99.99th(us): 134143
UPDATE - Takes(s): 9.9, Count: 286, OPS: 28.8, Avg(us): 61706, Min(us): 51552, Max(us): 91071, 50th(us): 61887, 90th(us): 65855, 95th(us): 67135, 99th(us): 70079, 99.9th(us): 91071, 99.99th(us): 91071
READ   - Takes(s): 19.9, Count: 347, OPS: 17.4, Avg(us): 109679, Min(us): 51872, Max(us): 141951, 50th(us): 115839, 90th(us): 125567, 95th(us): 128575, 99th(us): 134143, 99.9th(us): 141951, 99.99th(us): 141951
READ_ERROR - Takes(s): 19.8, Count: 231, OPS: 11.7, Avg(us): 105316, Min(us): 54336, Max(us): 133375, 50th(us): 113919, 90th(us): 122431, 95th(us): 124799, 99th(us): 130495, 99.9th(us): 133375, 99.99th(us): 133375
TOTAL  - Takes(s): 19.9, Count: 945, OPS: 47.4, Avg(us): 79947, Min(us): 51552, Max(us): 141951, 50th(us): 64927, 90th(us): 120447, 95th(us): 123711, 99th(us): 130687, 99.9th(us): 134655, 99.99th(us): 141951
UPDATE - Takes(s): 19.9, Count: 598, OPS: 30.0, Avg(us): 62694, Min(us): 51552, Max(us): 91071, 50th(us): 62719, 90th(us): 67583, 95th(us): 69183, 99th(us): 81919, 99.9th(us): 88127, 99.99th(us): 91071
READ   - Takes(s): 29.9, Count: 522, OPS: 17.4, Avg(us): 110046, Min(us): 51872, Max(us): 141951, 50th(us): 116095, 90th(us): 126847, 95th(us): 129215, 99th(us): 133503, 99.9th(us): 134655, 99.99th(us): 141951
READ_ERROR - Takes(s): 29.8, Count: 339, OPS: 11.4, Avg(us): 107698, Min(us): 54336, Max(us): 135423, 50th(us): 115391, 90th(us): 125311, 95th(us): 127551, 99th(us): 131967, 99.9th(us): 135423, 99.99th(us): 135423
TOTAL  - Takes(s): 29.9, Count: 1407, OPS: 47.0, Avg(us): 80409, Min(us): 51424, Max(us): 141951, 50th(us): 65247, 90th(us): 121151, 95th(us): 125183, 99th(us): 130751, 99.9th(us): 134655, 99.99th(us): 141951
UPDATE - Takes(s): 29.9, Count: 885, OPS: 29.6, Avg(us): 62928, Min(us): 51424, Max(us): 91071, 50th(us): 62943, 90th(us): 67903, 95th(us): 69503, 99th(us): 73471, 99.9th(us): 88127, 99.99th(us): 91071
READ   - Takes(s): 39.9, Count: 686, OPS: 17.2, Avg(us): 109892, Min(us): 51872, Max(us): 141951, 50th(us): 116799, 90th(us): 126655, 95th(us): 129215, 99th(us): 132095, 99.9th(us): 134655, 99.99th(us): 141951
READ_ERROR - Takes(s): 39.8, Count: 464, OPS: 11.7, Avg(us): 109113, Min(us): 54336, Max(us): 135423, 50th(us): 116543, 90th(us): 125823, 95th(us): 128063, 99th(us): 131199, 99.9th(us): 135423, 99.99th(us): 135423
TOTAL  - Takes(s): 39.9, Count: 1857, OPS: 46.5, Avg(us): 80255, Min(us): 51424, Max(us): 141951, 50th(us): 65151, 90th(us): 121471, 95th(us): 125183, 99th(us): 130687, 99.9th(us): 134527, 99.99th(us): 141951
UPDATE - Takes(s): 39.9, Count: 1171, OPS: 29.3, Avg(us): 62892, Min(us): 51424, Max(us): 91071, 50th(us): 62879, 90th(us): 67647, 95th(us): 69183, 99th(us): 71807, 99.9th(us): 88127, 99.99th(us): 91071
READ   - Takes(s): 49.9, Count: 869, OPS: 17.4, Avg(us): 110435, Min(us): 51872, Max(us): 141951, 50th(us): 116735, 90th(us): 126207, 95th(us): 128639, 99th(us): 132095, 99.9th(us): 134655, 99.99th(us): 141951
READ_ERROR - Takes(s): 49.8, Count: 568, OPS: 11.4, Avg(us): 109130, Min(us): 54112, Max(us): 135423, 50th(us): 116543, 90th(us): 125375, 95th(us): 128127, 99th(us): 131839, 99.9th(us): 133375, 99.99th(us): 135423
TOTAL  - Takes(s): 49.9, Count: 2326, OPS: 46.6, Avg(us): 80671, Min(us): 51424, Max(us): 141951, 50th(us): 65375, 90th(us): 121151, 95th(us): 124735, 99th(us): 130687, 99.9th(us): 134527, 99.99th(us): 141951
UPDATE - Takes(s): 49.9, Count: 1457, OPS: 29.2, Avg(us): 62920, Min(us): 51424, Max(us): 91071, 50th(us): 62975, 90th(us): 67711, 95th(us): 69055, 99th(us): 71807, 99.9th(us): 88127, 99.99th(us): 91071
READ   - Takes(s): 59.9, Count: 1047, OPS: 17.5, Avg(us): 110530, Min(us): 51872, Max(us): 141951, 50th(us): 116863, 90th(us): 126399, 95th(us): 129023, 99th(us): 132095, 99.9th(us): 134655, 99.99th(us): 141951
READ_ERROR - Takes(s): 59.8, Count: 672, OPS: 11.2, Avg(us): 108886, Min(us): 54112, Max(us): 135423, 50th(us): 115967, 90th(us): 125247, 95th(us): 127487, 99th(us): 131839, 99.9th(us): 133375, 99.99th(us): 135423
TOTAL  - Takes(s): 59.9, Count: 2811, OPS: 46.9, Avg(us): 80629, Min(us): 51424, Max(us): 141951, 50th(us): 65279, 90th(us): 121343, 95th(us): 124735, 99th(us): 130431, 99.9th(us): 134271, 99.99th(us): 141951
UPDATE - Takes(s): 59.9, Count: 1764, OPS: 29.4, Avg(us): 62882, Min(us): 51424, Max(us): 91071, 50th(us): 62943, 90th(us): 67583, 95th(us): 68927, 99th(us): 71807, 99.9th(us): 85887, 99.99th(us): 91071
READ   - Takes(s): 69.9, Count: 1225, OPS: 17.5, Avg(us): 110438, Min(us): 51872, Max(us): 141951, 50th(us): 116735, 90th(us): 126079, 95th(us): 128575, 99th(us): 131967, 99.9th(us): 134655, 99.99th(us): 141951
READ_ERROR - Takes(s): 69.8, Count: 803, OPS: 11.5, Avg(us): 109825, Min(us): 54112, Max(us): 135423, 50th(us): 116415, 90th(us): 125183, 95th(us): 127487, 99th(us): 131711, 99.9th(us): 133375, 99.99th(us): 135423
TOTAL  - Takes(s): 69.9, Count: 3234, OPS: 46.2, Avg(us): 80866, Min(us): 51424, Max(us): 141951, 50th(us): 65311, 90th(us): 121279, 95th(us): 124607, 99th(us): 130303, 99.9th(us): 134271, 99.99th(us): 141951
UPDATE - Takes(s): 69.9, Count: 2009, OPS: 28.7, Avg(us): 62835, Min(us): 51424, Max(us): 91071, 50th(us): 62943, 90th(us): 67455, 95th(us): 68735, 99th(us): 71807, 99.9th(us): 85887, 99.99th(us): 91071
READ   - Takes(s): 79.9, Count: 1421, OPS: 17.8, Avg(us): 110651, Min(us): 51872, Max(us): 141951, 50th(us): 116671, 90th(us): 125887, 95th(us): 128447, 99th(us): 131967, 99.9th(us): 134655, 99.99th(us): 141951
READ_ERROR - Takes(s): 79.8, Count: 907, OPS: 11.4, Avg(us): 109887, Min(us): 52512, Max(us): 135423, 50th(us): 116415, 90th(us): 125119, 95th(us): 127359, 99th(us): 131583, 99.9th(us): 133375, 99.99th(us): 135423
TOTAL  - Takes(s): 79.9, Count: 3699, OPS: 46.3, Avg(us): 81160, Min(us): 51424, Max(us): 141951, 50th(us): 65311, 90th(us): 121343, 95th(us): 124607, 99th(us): 130303, 99.9th(us): 134271, 99.99th(us): 141951
UPDATE - Takes(s): 79.9, Count: 2278, OPS: 28.5, Avg(us): 62763, Min(us): 51424, Max(us): 91071, 50th(us): 62879, 90th(us): 67327, 95th(us): 68607, 99th(us): 71743, 99.9th(us): 85887, 99.99th(us): 91071
READ   - Takes(s): 89.9, Count: 1599, OPS: 17.8, Avg(us): 110573, Min(us): 51808, Max(us): 141951, 50th(us): 116607, 90th(us): 125631, 95th(us): 128255, 99th(us): 131583, 99.9th(us): 134527, 99.99th(us): 141951
READ_ERROR - Takes(s): 89.8, Count: 1011, OPS: 11.3, Avg(us): 109569, Min(us): 52512, Max(us): 135423, 50th(us): 116351, 90th(us): 125055, 95th(us): 127103, 99th(us): 131583, 99.9th(us): 133375, 99.99th(us): 135423
TOTAL  - Takes(s): 89.9, Count: 4182, OPS: 46.5, Avg(us): 81040, Min(us): 51424, Max(us): 141951, 50th(us): 65279, 90th(us): 121343, 95th(us): 124415, 99th(us): 130175, 99.9th(us): 134271, 99.99th(us): 141951
UPDATE - Takes(s): 89.9, Count: 2583, OPS: 28.7, Avg(us): 62758, Min(us): 51424, Max(us): 91071, 50th(us): 62847, 90th(us): 67327, 95th(us): 68735, 99th(us): 71743, 99.9th(us): 85439, 99.99th(us): 91071
READ   - Takes(s): 99.9, Count: 1788, OPS: 17.9, Avg(us): 110876, Min(us): 51808, Max(us): 151807, 50th(us): 116735, 90th(us): 125759, 95th(us): 128383, 99th(us): 132095, 99.9th(us): 141951, 99.99th(us): 151807
READ_ERROR - Takes(s): 99.8, Count: 1114, OPS: 11.2, Avg(us): 109848, Min(us): 52512, Max(us): 138751, 50th(us): 116479, 90th(us): 125119, 95th(us): 127359, 99th(us): 131839, 99.9th(us): 137599, 99.99th(us): 138751
TOTAL  - Takes(s): 99.9, Count: 4639, OPS: 46.4, Avg(us): 81334, Min(us): 51424, Max(us): 151807, 50th(us): 65311, 90th(us): 121535, 95th(us): 124479, 99th(us): 130559, 99.9th(us): 135295, 99.99th(us): 151807
UPDATE - Takes(s): 99.9, Count: 2851, OPS: 28.5, Avg(us): 62806, Min(us): 51424, Max(us): 91071, 50th(us): 62815, 90th(us): 67327, 95th(us): 68799, 99th(us): 72895, 99.9th(us): 85887, 99.99th(us): 91071
READ   - Takes(s): 109.9, Count: 1976, OPS: 18.0, Avg(us): 110849, Min(us): 51808, Max(us): 151807, 50th(us): 116735, 90th(us): 125631, 95th(us): 128255, 99th(us): 132095, 99.9th(us): 141951, 99.99th(us): 151807
READ_ERROR - Takes(s): 109.8, Count: 1200, OPS: 10.9, Avg(us): 110158, Min(us): 52512, Max(us): 138751, 50th(us): 116543, 90th(us): 125247, 95th(us): 127615, 99th(us): 131839, 99.9th(us): 137599, 99.99th(us): 138751
TOTAL  - Takes(s): 109.9, Count: 5132, OPS: 46.7, Avg(us): 81330, Min(us): 51424, Max(us): 151807, 50th(us): 65375, 90th(us): 121535, 95th(us): 124479, 99th(us): 130303, 99.9th(us): 135679, 99.99th(us): 142719
UPDATE - Takes(s): 109.9, Count: 3156, OPS: 28.7, Avg(us): 62848, Min(us): 51424, Max(us): 91071, 50th(us): 62847, 90th(us): 67455, 95th(us): 68799, 99th(us): 72767, 99.9th(us): 85887, 99.99th(us): 91071
READ   - Takes(s): 119.9, Count: 2160, OPS: 18.0, Avg(us): 110940, Min(us): 51808, Max(us): 151807, 50th(us): 116799, 90th(us): 125567, 95th(us): 128255, 99th(us): 132095, 99.9th(us): 141951, 99.99th(us): 151807
READ_ERROR - Takes(s): 119.8, Count: 1293, OPS: 10.8, Avg(us): 110242, Min(us): 52512, Max(us): 138751, 50th(us): 116671, 90th(us): 125247, 95th(us): 127807, 99th(us): 131839, 99.9th(us): 137599, 99.99th(us): 138751
TOTAL  - Takes(s): 119.9, Count: 5620, OPS: 46.9, Avg(us): 81346, Min(us): 51424, Max(us): 151807, 50th(us): 65375, 90th(us): 121471, 95th(us): 124479, 99th(us): 130303, 99.9th(us): 135679, 99.99th(us): 142719
UPDATE - Takes(s): 119.9, Count: 3460, OPS: 28.8, Avg(us): 62871, Min(us): 51424, Max(us): 91071, 50th(us): 62879, 90th(us): 67519, 95th(us): 68927, 99th(us): 73279, 99.9th(us): 86975, 99.99th(us): 91071
READ   - Takes(s): 129.9, Count: 2346, OPS: 18.1, Avg(us): 111014, Min(us): 51808, Max(us): 151807, 50th(us): 116735, 90th(us): 125567, 95th(us): 128255, 99th(us): 132095, 99.9th(us): 141951, 99.99th(us): 151807
READ_ERROR - Takes(s): 129.8, Count: 1389, OPS: 10.7, Avg(us): 110464, Min(us): 52512, Max(us): 138751, 50th(us): 116671, 90th(us): 125247, 95th(us): 127743, 99th(us): 131839, 99.9th(us): 137599, 99.99th(us): 138751
TOTAL  - Takes(s): 129.9, Count: 6097, OPS: 46.9, Avg(us): 81383, Min(us): 49632, Max(us): 151807, 50th(us): 65343, 90th(us): 121343, 95th(us): 124479, 99th(us): 130175, 99.9th(us): 135679, 99.99th(us): 142719
UPDATE - Takes(s): 129.9, Count: 3751, OPS: 28.9, Avg(us): 62851, Min(us): 49632, Max(us): 91071, 50th(us): 62879, 90th(us): 67455, 95th(us): 68799, 99th(us): 73087, 99.9th(us): 85887, 99.99th(us): 91071
READ   - Takes(s): 139.9, Count: 2523, OPS: 18.0, Avg(us): 110947, Min(us): 51808, Max(us): 151807, 50th(us): 116735, 90th(us): 125567, 95th(us): 128127, 99th(us): 132223, 99.9th(us): 140031, 99.99th(us): 151807
READ_ERROR - Takes(s): 139.8, Count: 1488, OPS: 10.6, Avg(us): 110268, Min(us): 52512, Max(us): 138751, 50th(us): 116671, 90th(us): 125247, 95th(us): 127551, 99th(us): 131711, 99.9th(us): 137599, 99.99th(us): 138751
TOTAL  - Takes(s): 139.9, Count: 6591, OPS: 47.1, Avg(us): 81271, Min(us): 49632, Max(us): 151807, 50th(us): 65343, 90th(us): 121407, 95th(us): 124479, 99th(us): 130175, 99.9th(us): 135807, 99.99th(us): 142719
UPDATE - Takes(s): 139.9, Count: 4068, OPS: 29.1, Avg(us): 62866, Min(us): 49632, Max(us): 91071, 50th(us): 62911, 90th(us): 67455, 95th(us): 68799, 99th(us): 73087, 99.9th(us): 85887, 99.99th(us): 91071
READ   - Takes(s): 149.9, Count: 2731, OPS: 18.2, Avg(us): 110908, Min(us): 51808, Max(us): 151807, 50th(us): 116607, 90th(us): 125503, 95th(us): 127935, 99th(us): 132095, 99.9th(us): 140031, 99.99th(us): 151807
READ_ERROR - Takes(s): 149.8, Count: 1578, OPS: 10.5, Avg(us): 110251, Min(us): 52512, Max(us): 138751, 50th(us): 116671, 90th(us): 125247, 95th(us): 127679, 99th(us): 131711, 99.9th(us): 136063, 99.99th(us): 138751
TOTAL  - Takes(s): 149.9, Count: 7069, OPS: 47.1, Avg(us): 81421, Min(us): 49632, Max(us): 151807, 50th(us): 65407, 90th(us): 121343, 95th(us): 124415, 99th(us): 129983, 99.9th(us): 135807, 99.99th(us): 142719
UPDATE - Takes(s): 149.9, Count: 4338, OPS: 28.9, Avg(us): 62857, Min(us): 49632, Max(us): 91071, 50th(us): 62911, 90th(us): 67391, 95th(us): 68735, 99th(us): 73087, 99.9th(us): 86975, 99.99th(us): 91071
READ   - Takes(s): 159.9, Count: 2934, OPS: 18.3, Avg(us): 110911, Min(us): 51808, Max(us): 151807, 50th(us): 116735, 90th(us): 125503, 95th(us): 128127, 99th(us): 132095, 99.9th(us): 140031, 99.99th(us): 151807
READ_ERROR - Takes(s): 159.8, Count: 1654, OPS: 10.3, Avg(us): 110285, Min(us): 52512, Max(us): 138751, 50th(us): 116735, 90th(us): 125247, 95th(us): 127551, 99th(us): 131711, 99.9th(us): 137215, 99.99th(us): 138751
TOTAL  - Takes(s): 159.9, Count: 7580, OPS: 47.4, Avg(us): 81431, Min(us): 49632, Max(us): 151807, 50th(us): 65311, 90th(us): 121343, 95th(us): 124415, 99th(us): 130175, 99.9th(us): 135807, 99.99th(us): 142719
UPDATE - Takes(s): 159.9, Count: 4646, OPS: 29.0, Avg(us): 62813, Min(us): 49632, Max(us): 91071, 50th(us): 62911, 90th(us): 67327, 95th(us): 68735, 99th(us): 73023, 99.9th(us): 85887, 99.99th(us): 91071
READ   - Takes(s): 169.9, Count: 3127, OPS: 18.4, Avg(us): 110754, Min(us): 51808, Max(us): 151807, 50th(us): 116735, 90th(us): 125375, 95th(us): 127871, 99th(us): 132095, 99.9th(us): 140031, 99.99th(us): 151807
READ_ERROR - Takes(s): 169.8, Count: 1751, OPS: 10.3, Avg(us): 110224, Min(us): 52512, Max(us): 138751, 50th(us): 116671, 90th(us): 125247, 95th(us): 127487, 99th(us): 131711, 99.9th(us): 137215, 99.99th(us): 138751
TOTAL  - Takes(s): 169.9, Count: 8068, OPS: 47.5, Avg(us): 81396, Min(us): 49632, Max(us): 151807, 50th(us): 65311, 90th(us): 121279, 95th(us): 124415, 99th(us): 129983, 99.9th(us): 135807, 99.99th(us): 142719
UPDATE - Takes(s): 169.9, Count: 4941, OPS: 29.1, Avg(us): 62816, Min(us): 49632, Max(us): 91071, 50th(us): 62943, 90th(us): 67327, 95th(us): 68607, 99th(us): 72895, 99.9th(us): 85887, 99.99th(us): 91071
READ   - Takes(s): 179.9, Count: 3334, OPS: 18.5, Avg(us): 110775, Min(us): 51808, Max(us): 151807, 50th(us): 116735, 90th(us): 125311, 95th(us): 127679, 99th(us): 131967, 99.9th(us): 140031, 99.99th(us): 151807
READ_ERROR - Takes(s): 179.8, Count: 1835, OPS: 10.2, Avg(us): 110263, Min(us): 52512, Max(us): 138751, 50th(us): 116735, 90th(us): 125247, 95th(us): 127551, 99th(us): 131711, 99.9th(us): 137215, 99.99th(us): 138751
TOTAL  - Takes(s): 179.9, Count: 8556, OPS: 47.6, Avg(us): 81488, Min(us): 49632, Max(us): 151807, 50th(us): 65311, 90th(us): 121343, 95th(us): 124415, 99th(us): 129791, 99.9th(us): 135679, 99.99th(us): 142719
UPDATE - Takes(s): 179.9, Count: 5222, OPS: 29.0, Avg(us): 62790, Min(us): 49632, Max(us): 91071, 50th(us): 62911, 90th(us): 67263, 95th(us): 68543, 99th(us): 72895, 99.9th(us): 86975, 99.99th(us): 88255
READ   - Takes(s): 189.9, Count: 3531, OPS: 18.6, Avg(us): 110881, Min(us): 51808, Max(us): 151807, 50th(us): 116799, 90th(us): 125311, 95th(us): 127743, 99th(us): 131967, 99.9th(us): 138367, 99.99th(us): 151807
READ_ERROR - Takes(s): 189.8, Count: 1916, OPS: 10.1, Avg(us): 110352, Min(us): 52512, Max(us): 138751, 50th(us): 116735, 90th(us): 125311, 95th(us): 127551, 99th(us): 131711, 99.9th(us): 137215, 99.99th(us): 138751
TOTAL  - Takes(s): 189.9, Count: 9055, OPS: 47.7, Avg(us): 81514, Min(us): 49632, Max(us): 151807, 50th(us): 65279, 90th(us): 121407, 95th(us): 124415, 99th(us): 129919, 99.9th(us): 135679, 99.99th(us): 142719
UPDATE - Takes(s): 189.9, Count: 5524, OPS: 29.1, Avg(us): 62743, Min(us): 49632, Max(us): 91071, 50th(us): 62879, 90th(us): 67199, 95th(us): 68415, 99th(us): 72767, 99.9th(us): 85887, 99.99th(us): 88255
READ   - Takes(s): 199.9, Count: 3738, OPS: 18.7, Avg(us): 111006, Min(us): 51808, Max(us): 151807, 50th(us): 116799, 90th(us): 125247, 95th(us): 127743, 99th(us): 131711, 99.9th(us): 138367, 99.99th(us): 151807
READ_ERROR - Takes(s): 199.8, Count: 1999, OPS: 10.0, Avg(us): 110417, Min(us): 52512, Max(us): 138751, 50th(us): 116735, 90th(us): 125311, 95th(us): 127551, 99th(us): 131711, 99.9th(us): 137215, 99.99th(us): 138751
TOTAL  - Takes(s): 199.9, Count: 9544, OPS: 47.7, Avg(us): 81618, Min(us): 49632, Max(us): 151807, 50th(us): 65279, 90th(us): 121407, 95th(us): 124415, 99th(us): 129791, 99.9th(us): 135551, 99.99th(us): 142719
UPDATE - Takes(s): 199.9, Count: 5806, OPS: 29.0, Avg(us): 62698, Min(us): 49632, Max(us): 91071, 50th(us): 62847, 90th(us): 67135, 95th(us): 68351, 99th(us): 72639, 99.9th(us): 85887, 99.99th(us): 88255
READ   - Takes(s): 209.9, Count: 3928, OPS: 18.7, Avg(us): 110946, Min(us): 51808, Max(us): 151807, 50th(us): 116799, 90th(us): 125183, 95th(us): 127679, 99th(us): 131583, 99.9th(us): 138367, 99.99th(us): 151807
READ_ERROR - Takes(s): 209.8, Count: 2097, OPS: 10.0, Avg(us): 110376, Min(us): 52512, Max(us): 138751, 50th(us): 116735, 90th(us): 125247, 95th(us): 127487, 99th(us): 131583, 99.9th(us): 137215, 99.99th(us): 138751
TOTAL  - Takes(s): 209.9, Count: 10029, OPS: 47.8, Avg(us): 81577, Min(us): 49632, Max(us): 151807, 50th(us): 65279, 90th(us): 121343, 95th(us): 124351, 99th(us): 129727, 99.9th(us): 135551, 99.99th(us): 142719
UPDATE - Takes(s): 209.9, Count: 6101, OPS: 29.1, Avg(us): 62668, Min(us): 49632, Max(us): 91071, 50th(us): 62815, 90th(us): 67135, 95th(us): 68287, 99th(us): 72255, 99.9th(us): 85887, 99.99th(us): 88255
READ   - Takes(s): 219.9, Count: 4114, OPS: 18.7, Avg(us): 111076, Min(us): 51808, Max(us): 151807, 50th(us): 116863, 90th(us): 125311, 95th(us): 127743, 99th(us): 131711, 99.9th(us): 138367, 99.99th(us): 151807
READ_ERROR - Takes(s): 219.8, Count: 2185, OPS: 9.9, Avg(us): 110213, Min(us): 52512, Max(us): 138751, 50th(us): 116735, 90th(us): 125375, 95th(us): 127551, 99th(us): 131711, 99.9th(us): 137599, 99.99th(us): 138751
TOTAL  - Takes(s): 219.9, Count: 10525, OPS: 47.9, Avg(us): 81582, Min(us): 49632, Max(us): 151807, 50th(us): 65247, 90th(us): 121471, 95th(us): 124479, 99th(us): 129791, 99.9th(us): 135295, 99.99th(us): 142719
UPDATE - Takes(s): 219.9, Count: 6411, OPS: 29.1, Avg(us): 62656, Min(us): 49632, Max(us): 91071, 50th(us): 62815, 90th(us): 67071, 95th(us): 68223, 99th(us): 72191, 99.9th(us): 85887, 99.99th(us): 88255
READ   - Takes(s): 229.9, Count: 4310, OPS: 18.7, Avg(us): 111057, Min(us): 51808, Max(us): 151807, 50th(us): 116863, 90th(us): 125247, 95th(us): 127679, 99th(us): 131583, 99.9th(us): 138367, 99.99th(us): 151807
READ_ERROR - Takes(s): 229.8, Count: 2274, OPS: 9.9, Avg(us): 110163, Min(us): 52512, Max(us): 138751, 50th(us): 116735, 90th(us): 125311, 95th(us): 127551, 99th(us): 131583, 99.9th(us): 137599, 99.99th(us): 138751
TOTAL  - Takes(s): 229.9, Count: 11023, OPS: 47.9, Avg(us): 81563, Min(us): 49632, Max(us): 151807, 50th(us): 65215, 90th(us): 121471, 95th(us): 124479, 99th(us): 129727, 99.9th(us): 135295, 99.99th(us): 142719
UPDATE - Takes(s): 229.9, Count: 6713, OPS: 29.2, Avg(us): 62626, Min(us): 49632, Max(us): 91071, 50th(us): 62783, 90th(us): 67071, 95th(us): 68159, 99th(us): 72127, 99.9th(us): 85439, 99.99th(us): 88255
READ   - Takes(s): 239.9, Count: 4527, OPS: 18.9, Avg(us): 111041, Min(us): 51808, Max(us): 151807, 50th(us): 116863, 90th(us): 125183, 95th(us): 127615, 99th(us): 131583, 99.9th(us): 140031, 99.99th(us): 151807
READ_ERROR - Takes(s): 239.8, Count: 2348, OPS: 9.8, Avg(us): 110222, Min(us): 52512, Max(us): 138751, 50th(us): 116735, 90th(us): 125375, 95th(us): 127743, 99th(us): 131711, 99.9th(us): 137599, 99.99th(us): 138751
TOTAL  - Takes(s): 239.9, Count: 11524, OPS: 48.0, Avg(us): 81633, Min(us): 49632, Max(us): 151807, 50th(us): 65247, 90th(us): 121407, 95th(us): 124415, 99th(us): 129663, 99.9th(us): 135551, 99.99th(us): 145663
UPDATE - Takes(s): 239.9, Count: 6997, OPS: 29.2, Avg(us): 62607, Min(us): 49632, Max(us): 91071, 50th(us): 62783, 90th(us): 67007, 95th(us): 68159, 99th(us): 71935, 99.9th(us): 85439, 99.99th(us): 88255
READ   - Takes(s): 249.9, Count: 4722, OPS: 18.9, Avg(us): 110984, Min(us): 51808, Max(us): 151807, 50th(us): 116863, 90th(us): 125247, 95th(us): 127615, 99th(us): 131583, 99.9th(us): 140031, 99.99th(us): 151807
READ_ERROR - Takes(s): 249.8, Count: 2433, OPS: 9.7, Avg(us): 110322, Min(us): 52512, Max(us): 138751, 50th(us): 116863, 90th(us): 125375, 95th(us): 127743, 99th(us): 131839, 99.9th(us): 137599, 99.99th(us): 138751
TOTAL  - Takes(s): 249.9, Count: 12023, OPS: 48.1, Avg(us): 81611, Min(us): 49632, Max(us): 151807, 50th(us): 65247, 90th(us): 121471, 95th(us): 124479, 99th(us): 129663, 99.9th(us): 135551, 99.99th(us): 145663
UPDATE - Takes(s): 249.9, Count: 7301, OPS: 29.2, Avg(us): 62615, Min(us): 49632, Max(us): 91071, 50th(us): 62783, 90th(us): 67007, 95th(us): 68095, 99th(us): 71871, 99.9th(us): 85439, 99.99th(us): 88255
READ   - Takes(s): 259.9, Count: 4936, OPS: 19.0, Avg(us): 110918, Min(us): 51808, Max(us): 151807, 50th(us): 116863, 90th(us): 125183, 95th(us): 127615, 99th(us): 131583, 99.9th(us): 140031, 99.99th(us): 151807
READ_ERROR - Takes(s): 259.8, Count: 2500, OPS: 9.6, Avg(us): 110382, Min(us): 52512, Max(us): 138751, 50th(us): 116863, 90th(us): 125503, 95th(us): 127743, 99th(us): 131711, 99.9th(us): 137599, 99.99th(us): 138751
TOTAL  - Takes(s): 259.9, Count: 12540, OPS: 48.2, Avg(us): 81624, Min(us): 49632, Max(us): 151807, 50th(us): 65247, 90th(us): 121471, 95th(us): 124479, 99th(us): 129663, 99.9th(us): 135295, 99.99th(us): 145663
UPDATE - Takes(s): 259.9, Count: 7604, OPS: 29.3, Avg(us): 62608, Min(us): 49632, Max(us): 91071, 50th(us): 62783, 90th(us): 66943, 95th(us): 68095, 99th(us): 71871, 99.9th(us): 84735, 99.99th(us): 88255
READ   - Takes(s): 269.9, Count: 5136, OPS: 19.0, Avg(us): 110983, Min(us): 51808, Max(us): 151807, 50th(us): 116927, 90th(us): 125183, 95th(us): 127615, 99th(us): 131583, 99.9th(us): 140031, 99.99th(us): 145663
READ_ERROR - Takes(s): 269.8, Count: 2590, OPS: 9.6, Avg(us): 110391, Min(us): 52512, Max(us): 138751, 50th(us): 116863, 90th(us): 125439, 95th(us): 127807, 99th(us): 131711, 99.9th(us): 137215, 99.99th(us): 138751
TOTAL  - Takes(s): 269.9, Count: 13020, OPS: 48.2, Avg(us): 81685, Min(us): 49632, Max(us): 151807, 50th(us): 65247, 90th(us): 121471, 95th(us): 124479, 99th(us): 129663, 99.9th(us): 135295, 99.99th(us): 145663
UPDATE - Takes(s): 269.9, Count: 7884, OPS: 29.2, Avg(us): 62599, Min(us): 49632, Max(us): 91071, 50th(us): 62783, 90th(us): 66943, 95th(us): 68095, 99th(us): 71807, 99.9th(us): 84735, 99.99th(us): 88255
READ   - Takes(s): 279.9, Count: 5347, OPS: 19.1, Avg(us): 110965, Min(us): 51808, Max(us): 151807, 50th(us): 116927, 90th(us): 125311, 95th(us): 127743, 99th(us): 131583, 99.9th(us): 140031, 99.99th(us): 145663
READ_ERROR - Takes(s): 279.8, Count: 2657, OPS: 9.5, Avg(us): 110448, Min(us): 52512, Max(us): 138751, 50th(us): 116863, 90th(us): 125375, 95th(us): 127743, 99th(us): 131711, 99.9th(us): 137215, 99.99th(us): 138751
TOTAL  - Takes(s): 279.9, Count: 13539, OPS: 48.4, Avg(us): 81705, Min(us): 49632, Max(us): 151807, 50th(us): 65247, 90th(us): 121471, 95th(us): 124543, 99th(us): 129791, 99.9th(us): 134911, 99.99th(us): 145663
UPDATE - Takes(s): 279.9, Count: 8192, OPS: 29.3, Avg(us): 62607, Min(us): 49632, Max(us): 91071, 50th(us): 62783, 90th(us): 66943, 95th(us): 68095, 99th(us): 71743, 99.9th(us): 84735, 99.99th(us): 88255
READ   - Takes(s): 289.9, Count: 5570, OPS: 19.2, Avg(us): 111000, Min(us): 51808, Max(us): 151807, 50th(us): 116927, 90th(us): 125311, 95th(us): 127743, 99th(us): 131583, 99.9th(us): 138367, 99.99th(us): 145663
READ_ERROR - Takes(s): 289.8, Count: 2725, OPS: 9.4, Avg(us): 110568, Min(us): 52512, Max(us): 138751, 50th(us): 116927, 90th(us): 125375, 95th(us): 127743, 99th(us): 131711, 99.9th(us): 137215, 99.99th(us): 138751
TOTAL  - Takes(s): 289.9, Count: 14037, OPS: 48.4, Avg(us): 81816, Min(us): 49632, Max(us): 151807, 50th(us): 65279, 90th(us): 121535, 95th(us): 124543, 99th(us): 129727, 99.9th(us): 134911, 99.99th(us): 145663
UPDATE - Takes(s): 289.9, Count: 8467, OPS: 29.2, Avg(us): 62618, Min(us): 49632, Max(us): 91071, 50th(us): 62815, 90th(us): 66943, 95th(us): 68095, 99th(us): 71679, 99.9th(us): 84735, 99.99th(us): 88255
READ   - Takes(s): 299.9, Count: 5767, OPS: 19.2, Avg(us): 110992, Min(us): 51808, Max(us): 151807, 50th(us): 116863, 90th(us): 125311, 95th(us): 127743, 99th(us): 131583, 99.9th(us): 138367, 99.99th(us): 145663
READ_ERROR - Takes(s): 299.8, Count: 2809, OPS: 9.4, Avg(us): 110650, Min(us): 52512, Max(us): 138751, 50th(us): 116927, 90th(us): 125439, 95th(us): 127807, 99th(us): 131711, 99.9th(us): 137215, 99.99th(us): 138751
TOTAL  - Takes(s): 299.9, Count: 14528, OPS: 48.4, Avg(us): 81829, Min(us): 49632, Max(us): 151807, 50th(us): 65311, 90th(us): 121535, 95th(us): 124543, 99th(us): 129791, 99.9th(us): 134911, 99.99th(us): 145663
UPDATE - Takes(s): 299.9, Count: 8761, OPS: 29.2, Avg(us): 62633, Min(us): 49632, Max(us): 91071, 50th(us): 62815, 90th(us): 66943, 95th(us): 68095, 99th(us): 71743, 99.9th(us): 84287, 99.99th(us): 88255
READ   - Takes(s): 309.9, Count: 5975, OPS: 19.3, Avg(us): 111097, Min(us): 51808, Max(us): 151807, 50th(us): 116927, 90th(us): 125375, 95th(us): 127743, 99th(us): 131583, 99.9th(us): 138367, 99.99th(us): 145663
READ_ERROR - Takes(s): 309.8, Count: 2877, OPS: 9.3, Avg(us): 110765, Min(us): 52512, Max(us): 138751, 50th(us): 116991, 90th(us): 125439, 95th(us): 127807, 99th(us): 131711, 99.9th(us): 137215, 99.99th(us): 138751
TOTAL  - Takes(s): 309.9, Count: 15030, OPS: 48.5, Avg(us): 81906, Min(us): 49632, Max(us): 151807, 50th(us): 65343, 90th(us): 121535, 95th(us): 124543, 99th(us): 129791, 99.9th(us): 135167, 99.99th(us): 145535
UPDATE - Takes(s): 309.9, Count: 9055, OPS: 29.2, Avg(us): 62645, Min(us): 49632, Max(us): 91071, 50th(us): 62815, 90th(us): 67007, 95th(us): 68095, 99th(us): 71807, 99.9th(us): 84287, 99.99th(us): 88255
READ   - Takes(s): 319.9, Count: 6205, OPS: 19.4, Avg(us): 111076, Min(us): 51808, Max(us): 151807, 50th(us): 116927, 90th(us): 125375, 95th(us): 127743, 99th(us): 131583, 99.9th(us): 138367, 99.99th(us): 145663
READ_ERROR - Takes(s): 319.8, Count: 2938, OPS: 9.2, Avg(us): 110782, Min(us): 52512, Max(us): 138751, 50th(us): 116991, 90th(us): 125439, 95th(us): 127807, 99th(us): 131711, 99.9th(us): 137215, 99.99th(us): 138751
TOTAL  - Takes(s): 319.9, Count: 15544, OPS: 48.6, Avg(us): 81961, Min(us): 49632, Max(us): 151807, 50th(us): 65343, 90th(us): 121535, 95th(us): 124607, 99th(us): 129663, 99.9th(us): 134911, 99.99th(us): 145535
UPDATE - Takes(s): 319.9, Count: 9339, OPS: 29.2, Avg(us): 62616, Min(us): 49632, Max(us): 91071, 50th(us): 62783, 90th(us): 66943, 95th(us): 68095, 99th(us): 71743, 99.9th(us): 84287, 99.99th(us): 88255
READ   - Takes(s): 329.9, Count: 6419, OPS: 19.5, Avg(us): 111194, Min(us): 51808, Max(us): 151807, 50th(us): 116991, 90th(us): 125439, 95th(us): 127807, 99th(us): 131455, 99.9th(us): 138367, 99.99th(us): 145663
READ_ERROR - Takes(s): 329.8, Count: 3010, OPS: 9.1, Avg(us): 110863, Min(us): 52512, Max(us): 138751, 50th(us): 117055, 90th(us): 125503, 95th(us): 127807, 99th(us): 131711, 99.9th(us): 137215, 99.99th(us): 138751
TOTAL  - Takes(s): 329.9, Count: 16036, OPS: 48.6, Avg(us): 82062, Min(us): 49632, Max(us): 151807, 50th(us): 65343, 90th(us): 121663, 95th(us): 124671, 99th(us): 129663, 99.9th(us): 134911, 99.99th(us): 145535
UPDATE - Takes(s): 329.9, Count: 9617, OPS: 29.1, Avg(us): 62618, Min(us): 49632, Max(us): 91071, 50th(us): 62783, 90th(us): 66943, 95th(us): 68095, 99th(us): 71743, 99.9th(us): 83903, 99.99th(us): 88255
READ   - Takes(s): 339.9, Count: 6634, OPS: 19.5, Avg(us): 111105, Min(us): 51808, Max(us): 151807, 50th(us): 116927, 90th(us): 125439, 95th(us): 127871, 99th(us): 131455, 99.9th(us): 137343, 99.99th(us): 145663
READ_ERROR - Takes(s): 339.8, Count: 3079, OPS: 9.1, Avg(us): 110903, Min(us): 52384, Max(us): 138751, 50th(us): 117119, 90th(us): 125503, 95th(us): 127807, 99th(us): 131583, 99.9th(us): 137215, 99.99th(us): 138751
TOTAL  - Takes(s): 339.9, Count: 16551, OPS: 48.7, Avg(us): 82061, Min(us): 49632, Max(us): 151807, 50th(us): 65375, 90th(us): 121663, 95th(us): 124671, 99th(us): 129663, 99.9th(us): 134911, 99.99th(us): 145535
UPDATE - Takes(s): 339.9, Count: 9917, OPS: 29.2, Avg(us): 62631, Min(us): 49632, Max(us): 91071, 50th(us): 62815, 90th(us): 66943, 95th(us): 68095, 99th(us): 71679, 99.9th(us): 83903, 99.99th(us): 88255
READ   - Takes(s): 349.9, Count: 6841, OPS: 19.5, Avg(us): 111079, Min(us): 51808, Max(us): 151807, 50th(us): 116927, 90th(us): 125439, 95th(us): 127871, 99th(us): 131583, 99.9th(us): 137343, 99.99th(us): 145663
READ_ERROR - Takes(s): 349.8, Count: 3145, OPS: 9.0, Avg(us): 110832, Min(us): 52384, Max(us): 138751, 50th(us): 117119, 90th(us): 125503, 95th(us): 127807, 99th(us): 131711, 99.9th(us): 137215, 99.99th(us): 138751
TOTAL  - Takes(s): 349.9, Count: 17075, OPS: 48.8, Avg(us): 82049, Min(us): 49632, Max(us): 151807, 50th(us): 65407, 90th(us): 121663, 95th(us): 124671, 99th(us): 129791, 99.9th(us): 134911, 99.99th(us): 145535
UPDATE - Takes(s): 349.9, Count: 10234, OPS: 29.2, Avg(us): 62644, Min(us): 49632, Max(us): 91071, 50th(us): 62815, 90th(us): 67007, 95th(us): 68095, 99th(us): 71679, 99.9th(us): 83903, 99.99th(us): 88255
READ   - Takes(s): 359.9, Count: 7049, OPS: 19.6, Avg(us): 111031, Min(us): 51808, Max(us): 151807, 50th(us): 116927, 90th(us): 125503, 95th(us): 127935, 99th(us): 131583, 99.9th(us): 137343, 99.99th(us): 145663
READ_ERROR - Takes(s): 359.8, Count: 3212, OPS: 8.9, Avg(us): 110859, Min(us): 52384, Max(us): 138751, 50th(us): 117055, 90th(us): 125503, 95th(us): 127807, 99th(us): 131711, 99.9th(us): 137215, 99.99th(us): 138751
TOTAL  - Takes(s): 359.9, Count: 17597, OPS: 48.9, Avg(us): 82031, Min(us): 49632, Max(us): 151807, 50th(us): 65407, 90th(us): 121663, 95th(us): 124671, 99th(us): 129791, 99.9th(us): 134911, 99.99th(us): 145535
UPDATE - Takes(s): 359.9, Count: 10548, OPS: 29.3, Avg(us): 62652, Min(us): 49632, Max(us): 91071, 50th(us): 62847, 90th(us): 67007, 95th(us): 68095, 99th(us): 71743, 99.9th(us): 83903, 99.99th(us): 88255
READ   - Takes(s): 369.9, Count: 7275, OPS: 19.7, Avg(us): 111037, Min(us): 51808, Max(us): 155903, 50th(us): 116927, 90th(us): 125503, 95th(us): 127999, 99th(us): 131583, 99.9th(us): 141951, 99.99th(us): 151807
READ_ERROR - Takes(s): 369.8, Count: 3268, OPS: 8.8, Avg(us): 110876, Min(us): 52384, Max(us): 144127, 50th(us): 117119, 90th(us): 125503, 95th(us): 127807, 99th(us): 131711, 99.9th(us): 137599, 99.99th(us): 144127
TOTAL  - Takes(s): 369.9, Count: 18114, OPS: 49.0, Avg(us): 82107, Min(us): 49632, Max(us): 155903, 50th(us): 65407, 90th(us): 121663, 95th(us): 124735, 99th(us): 129919, 99.9th(us): 135807, 99.99th(us): 147071
UPDATE - Takes(s): 369.9, Count: 10839, OPS: 29.3, Avg(us): 62690, Min(us): 49632, Max(us): 94655, 50th(us): 62847, 90th(us): 67007, 95th(us): 68159, 99th(us): 72127, 99.9th(us): 85887, 99.99th(us): 92031
READ   - Takes(s): 379.9, Count: 7508, OPS: 19.8, Avg(us): 111016, Min(us): 51808, Max(us): 155903, 50th(us): 116927, 90th(us): 125503, 95th(us): 127935, 99th(us): 131583, 99.9th(us): 141055, 99.99th(us): 151807
READ_ERROR - Takes(s): 379.8, Count: 3323, OPS: 8.7, Avg(us): 110848, Min(us): 52384, Max(us): 144127, 50th(us): 117055, 90th(us): 125503, 95th(us): 127807, 99th(us): 131711, 99.9th(us): 137599, 99.99th(us): 144127
TOTAL  - Takes(s): 379.9, Count: 18636, OPS: 49.1, Avg(us): 82164, Min(us): 49632, Max(us): 155903, 50th(us): 65439, 90th(us): 121727, 95th(us): 124671, 99th(us): 129855, 99.9th(us): 135807, 99.99th(us): 147071
UPDATE - Takes(s): 379.9, Count: 11128, OPS: 29.3, Avg(us): 62698, Min(us): 49632, Max(us): 94655, 50th(us): 62847, 90th(us): 67007, 95th(us): 68159, 99th(us): 72063, 99.9th(us): 85887, 99.99th(us): 92031
READ   - Takes(s): 389.9, Count: 7738, OPS: 19.8, Avg(us): 111037, Min(us): 51808, Max(us): 155903, 50th(us): 116927, 90th(us): 125503, 95th(us): 128063, 99th(us): 131583, 99.9th(us): 141055, 99.99th(us): 151807
READ_ERROR - Takes(s): 389.8, Count: 3387, OPS: 8.7, Avg(us): 110931, Min(us): 52384, Max(us): 144127, 50th(us): 117119, 90th(us): 125567, 95th(us): 127871, 99th(us): 131583, 99.9th(us): 137599, 99.99th(us): 144127
TOTAL  - Takes(s): 389.9, Count: 19135, OPS: 49.1, Avg(us): 82249, Min(us): 49632, Max(us): 155903, 50th(us): 65471, 90th(us): 121727, 95th(us): 124735, 99th(us): 129919, 99.9th(us): 135807, 99.99th(us): 147071
UPDATE - Takes(s): 389.9, Count: 11397, OPS: 29.2, Avg(us): 62703, Min(us): 49632, Max(us): 94655, 50th(us): 62847, 90th(us): 67007, 95th(us): 68159, 99th(us): 72127, 99.9th(us): 86975, 99.99th(us): 92991
READ   - Takes(s): 399.9, Count: 7973, OPS: 19.9, Avg(us): 110972, Min(us): 51808, Max(us): 155903, 50th(us): 116863, 90th(us): 125503, 95th(us): 127999, 99th(us): 131583, 99.9th(us): 141055, 99.99th(us): 151807
READ_ERROR - Takes(s): 399.8, Count: 3438, OPS: 8.6, Avg(us): 110912, Min(us): 52384, Max(us): 144127, 50th(us): 117055, 90th(us): 125503, 95th(us): 127871, 99th(us): 131583, 99.9th(us): 137599, 99.99th(us): 144127
TOTAL  - Takes(s): 399.9, Count: 19668, OPS: 49.2, Avg(us): 82271, Min(us): 49632, Max(us): 155903, 50th(us): 65471, 90th(us): 121663, 95th(us): 124735, 99th(us): 129855, 99.9th(us): 135679, 99.99th(us): 147071
UPDATE - Takes(s): 399.9, Count: 11695, OPS: 29.2, Avg(us): 62705, Min(us): 49632, Max(us): 94655, 50th(us): 62879, 90th(us): 67007, 95th(us): 68159, 99th(us): 72127, 99.9th(us): 85887, 99.99th(us): 92991
READ   - Takes(s): 409.9, Count: 8212, OPS: 20.0, Avg(us): 111028, Min(us): 51808, Max(us): 155903, 50th(us): 116927, 90th(us): 125503, 95th(us): 128063, 99th(us): 131583, 99.9th(us): 141055, 99.99th(us): 151807
READ_ERROR - Takes(s): 409.8, Count: 3496, OPS: 8.5, Avg(us): 110932, Min(us): 52384, Max(us): 144127, 50th(us): 117119, 90th(us): 125567, 95th(us): 127871, 99th(us): 131583, 99.9th(us): 137599, 99.99th(us): 144127
TOTAL  - Takes(s): 409.9, Count: 20170, OPS: 49.2, Avg(us): 82385, Min(us): 49632, Max(us): 155903, 50th(us): 65503, 90th(us): 121727, 95th(us): 124799, 99th(us): 129919, 99.9th(us): 135679, 99.99th(us): 147071
UPDATE - Takes(s): 409.9, Count: 11958, OPS: 29.2, Avg(us): 62714, Min(us): 49632, Max(us): 94655, 50th(us): 62879, 90th(us): 67007, 95th(us): 68159, 99th(us): 72127, 99.9th(us): 85887, 99.99th(us): 92991
READ   - Takes(s): 419.9, Count: 8449, OPS: 20.1, Avg(us): 111046, Min(us): 51808, Max(us): 155903, 50th(us): 116927, 90th(us): 125567, 95th(us): 128063, 99th(us): 131583, 99.9th(us): 141055, 99.99th(us): 151807
READ_ERROR - Takes(s): 419.8, Count: 3547, OPS: 8.4, Avg(us): 110993, Min(us): 52384, Max(us): 144127, 50th(us): 117119, 90th(us): 125567, 95th(us): 127935, 99th(us): 131711, 99.9th(us): 137215, 99.99th(us): 144127
TOTAL  - Takes(s): 419.9, Count: 20684, OPS: 49.3, Avg(us): 82458, Min(us): 49632, Max(us): 155903, 50th(us): 65535, 90th(us): 121791, 95th(us): 124799, 99th(us): 129919, 99.9th(us): 135807, 99.99th(us): 147071
UPDATE - Takes(s): 419.9, Count: 12235, OPS: 29.1, Avg(us): 62717, Min(us): 49632, Max(us): 94655, 50th(us): 62879, 90th(us): 67071, 95th(us): 68159, 99th(us): 72127, 99.9th(us): 85887, 99.99th(us): 92991
READ   - Takes(s): 429.9, Count: 8674, OPS: 20.2, Avg(us): 111028, Min(us): 51808, Max(us): 155903, 50th(us): 116927, 90th(us): 125567, 95th(us): 128127, 99th(us): 131583, 99.9th(us): 140159, 99.99th(us): 151807
READ_ERROR - Takes(s): 429.8, Count: 3599, OPS: 8.4, Avg(us): 110978, Min(us): 52384, Max(us): 144127, 50th(us): 117119, 90th(us): 125567, 95th(us): 127935, 99th(us): 131711, 99.9th(us): 137215, 99.99th(us): 144127
TOTAL  - Takes(s): 429.9, Count: 21223, OPS: 49.4, Avg(us): 82461, Min(us): 49632, Max(us): 155903, 50th(us): 65535, 90th(us): 121791, 95th(us): 124799, 99th(us): 129983, 99.9th(us): 135807, 99.99th(us): 147071
UPDATE - Takes(s): 429.9, Count: 12549, OPS: 29.2, Avg(us): 62716, Min(us): 49632, Max(us): 94655, 50th(us): 62879, 90th(us): 67071, 95th(us): 68159, 99th(us): 72127, 99.9th(us): 85439, 99.99th(us): 92991
READ   - Takes(s): 439.9, Count: 8896, OPS: 20.2, Avg(us): 111070, Min(us): 51808, Max(us): 155903, 50th(us): 116927, 90th(us): 125567, 95th(us): 128127, 99th(us): 131583, 99.9th(us): 140159, 99.99th(us): 151807
READ_ERROR - Takes(s): 439.8, Count: 3661, OPS: 8.3, Avg(us): 110927, Min(us): 52384, Max(us): 144127, 50th(us): 117119, 90th(us): 125567, 95th(us): 127935, 99th(us): 131711, 99.9th(us): 137215, 99.99th(us): 144127
TOTAL  - Takes(s): 439.9, Count: 21735, OPS: 49.4, Avg(us): 82511, Min(us): 49632, Max(us): 155903, 50th(us): 65599, 90th(us): 121791, 95th(us): 124799, 99th(us): 129983, 99.9th(us): 135807, 99.99th(us): 147071
UPDATE - Takes(s): 439.9, Count: 12839, OPS: 29.2, Avg(us): 62723, Min(us): 49632, Max(us): 94655, 50th(us): 62911, 90th(us): 67071, 95th(us): 68223, 99th(us): 72127, 99.9th(us): 85887, 99.99th(us): 92991
READ   - Takes(s): 449.9, Count: 9134, OPS: 20.3, Avg(us): 111020, Min(us): 51808, Max(us): 155903, 50th(us): 116927, 90th(us): 125567, 95th(us): 128063, 99th(us): 131583, 99.9th(us): 140159, 99.99th(us): 151807
READ_ERROR - Takes(s): 449.8, Count: 3716, OPS: 8.3, Avg(us): 110911, Min(us): 52384, Max(us): 144127, 50th(us): 117055, 90th(us): 125567, 95th(us): 127935, 99th(us): 131711, 99.9th(us): 137215, 99.99th(us): 144127
TOTAL  - Takes(s): 449.9, Count: 22263, OPS: 49.5, Avg(us): 82531, Min(us): 49632, Max(us): 155903, 50th(us): 65599, 90th(us): 121855, 95th(us): 124799, 99th(us): 129919, 99.9th(us): 135807, 99.99th(us): 147071
UPDATE - Takes(s): 449.9, Count: 13129, OPS: 29.2, Avg(us): 62711, Min(us): 49632, Max(us): 94655, 50th(us): 62879, 90th(us): 67071, 95th(us): 68159, 99th(us): 72063, 99.9th(us): 85887, 99.99th(us): 92991
READ   - Takes(s): 459.9, Count: 9374, OPS: 20.4, Avg(us): 111053, Min(us): 51808, Max(us): 155903, 50th(us): 116927, 90th(us): 125503, 95th(us): 128063, 99th(us): 131583, 99.9th(us): 140159, 99.99th(us): 151807
READ_ERROR - Takes(s): 459.8, Count: 3773, OPS: 8.2, Avg(us): 110909, Min(us): 52384, Max(us): 144127, 50th(us): 117055, 90th(us): 125503, 95th(us): 127871, 99th(us): 131583, 99.9th(us): 137215, 99.99th(us): 144127
TOTAL  - Takes(s): 459.9, Count: 22769, OPS: 49.5, Avg(us): 82607, Min(us): 49632, Max(us): 155903, 50th(us): 65599, 90th(us): 121791, 95th(us): 124799, 99th(us): 129919, 99.9th(us): 135679, 99.99th(us): 147071
UPDATE - Takes(s): 459.9, Count: 13395, OPS: 29.1, Avg(us): 62701, Min(us): 49632, Max(us): 94655, 50th(us): 62879, 90th(us): 67071, 95th(us): 68159, 99th(us): 72063, 99.9th(us): 86975, 99.99th(us): 92991
READ   - Takes(s): 469.9, Count: 9621, OPS: 20.5, Avg(us): 111054, Min(us): 51808, Max(us): 155903, 50th(us): 116927, 90th(us): 125567, 95th(us): 128063, 99th(us): 131583, 99.9th(us): 140031, 99.99th(us): 151807
READ_ERROR - Takes(s): 469.8, Count: 3825, OPS: 8.1, Avg(us): 110897, Min(us): 52384, Max(us): 144127, 50th(us): 117055, 90th(us): 125503, 95th(us): 127871, 99th(us): 131583, 99.9th(us): 137215, 99.99th(us): 144127
TOTAL  - Takes(s): 469.9, Count: 23288, OPS: 49.6, Avg(us): 82676, Min(us): 49632, Max(us): 155903, 50th(us): 65599, 90th(us): 121855, 95th(us): 124799, 99th(us): 129919, 99.9th(us): 135679, 99.99th(us): 147071
UPDATE - Takes(s): 469.9, Count: 13667, OPS: 29.1, Avg(us): 62699, Min(us): 49632, Max(us): 94655, 50th(us): 62879, 90th(us): 67071, 95th(us): 68223, 99th(us): 72063, 99.9th(us): 85887, 99.99th(us): 92991
READ   - Takes(s): 479.9, Count: 9855, OPS: 20.5, Avg(us): 111004, Min(us): 51808, Max(us): 155903, 50th(us): 116863, 90th(us): 125503, 95th(us): 127999, 99th(us): 131455, 99.9th(us): 140031, 99.99th(us): 151807
READ_ERROR - Takes(s): 479.8, Count: 3885, OPS: 8.1, Avg(us): 110907, Min(us): 52384, Max(us): 144127, 50th(us): 116991, 90th(us): 125503, 95th(us): 127807, 99th(us): 131583, 99.9th(us): 137215, 99.99th(us): 144127
TOTAL  - Takes(s): 479.9, Count: 23808, OPS: 49.6, Avg(us): 82692, Min(us): 49632, Max(us): 155903, 50th(us): 65599, 90th(us): 121791, 95th(us): 124799, 99th(us): 129919, 99.9th(us): 135551, 99.99th(us): 147071
UPDATE - Takes(s): 479.9, Count: 13953, OPS: 29.1, Avg(us): 62696, Min(us): 49632, Max(us): 95487, 50th(us): 62847, 90th(us): 67071, 95th(us): 68159, 99th(us): 72063, 99.9th(us): 86975, 99.99th(us): 94655
READ   - Takes(s): 489.9, Count: 10105, OPS: 20.6, Avg(us): 110975, Min(us): 51808, Max(us): 155903, 50th(us): 116863, 90th(us): 125503, 95th(us): 127999, 99th(us): 131455, 99.9th(us): 140031, 99.99th(us): 151807
READ_ERROR - Takes(s): 489.8, Count: 3931, OPS: 8.0, Avg(us): 110905, Min(us): 52384, Max(us): 144127, 50th(us): 116991, 90th(us): 125503, 95th(us): 127807, 99th(us): 131583, 99.9th(us): 137215, 99.99th(us): 144127
TOTAL  - Takes(s): 489.9, Count: 24335, OPS: 49.7, Avg(us): 82743, Min(us): 49632, Max(us): 155903, 50th(us): 65599, 90th(us): 121791, 95th(us): 124799, 99th(us): 129855, 99.9th(us): 135551, 99.99th(us): 147071
UPDATE - Takes(s): 489.9, Count: 14230, OPS: 29.0, Avg(us): 62695, Min(us): 49632, Max(us): 95487, 50th(us): 62847, 90th(us): 67071, 95th(us): 68159, 99th(us): 71999, 99.9th(us): 86975, 99.99th(us): 94655
READ   - Takes(s): 499.9, Count: 10344, OPS: 20.7, Avg(us): 110954, Min(us): 51808, Max(us): 155903, 50th(us): 116863, 90th(us): 125503, 95th(us): 127999, 99th(us): 131455, 99.9th(us): 140031, 99.99th(us): 151807
READ_ERROR - Takes(s): 499.8, Count: 3985, OPS: 8.0, Avg(us): 110869, Min(us): 52384, Max(us): 144127, 50th(us): 116927, 90th(us): 125503, 95th(us): 127807, 99th(us): 131583, 99.9th(us): 137215, 99.99th(us): 144127
TOTAL  - Takes(s): 499.9, Count: 24859, OPS: 49.7, Avg(us): 82776, Min(us): 49632, Max(us): 155903, 50th(us): 65663, 90th(us): 121791, 95th(us): 124799, 99th(us): 129791, 99.9th(us): 135551, 99.99th(us): 147071
UPDATE - Takes(s): 499.9, Count: 14515, OPS: 29.0, Avg(us): 62694, Min(us): 49632, Max(us): 95487, 50th(us): 62847, 90th(us): 67071, 95th(us): 68159, 99th(us): 71999, 99.9th(us): 85951, 99.99th(us): 94655
READ   - Takes(s): 509.9, Count: 10591, OPS: 20.8, Avg(us): 110951, Min(us): 51808, Max(us): 155903, 50th(us): 116799, 90th(us): 125503, 95th(us): 127999, 99th(us): 131455, 99.9th(us): 138367, 99.99th(us): 151807
READ_ERROR - Takes(s): 509.8, Count: 4033, OPS: 7.9, Avg(us): 110879, Min(us): 52384, Max(us): 144127, 50th(us): 116927, 90th(us): 125503, 95th(us): 127807, 99th(us): 131583, 99.9th(us): 137215, 99.99th(us): 144127
TOTAL  - Takes(s): 509.9, Count: 25379, OPS: 49.8, Avg(us): 82835, Min(us): 49632, Max(us): 155903, 50th(us): 65663, 90th(us): 121791, 95th(us): 124799, 99th(us): 129791, 99.9th(us): 135551, 99.99th(us): 145663
UPDATE - Takes(s): 509.9, Count: 14788, OPS: 29.0, Avg(us): 62699, Min(us): 49632, Max(us): 95487, 50th(us): 62847, 90th(us): 67071, 95th(us): 68159, 99th(us): 71999, 99.9th(us): 85951, 99.99th(us): 94655
READ   - Takes(s): 519.9, Count: 10834, OPS: 20.8, Avg(us): 110952, Min(us): 51808, Max(us): 155903, 50th(us): 116799, 90th(us): 125503, 95th(us): 127935, 99th(us): 131583, 99.9th(us): 138367, 99.99th(us): 151807
READ_ERROR - Takes(s): 519.8, Count: 4085, OPS: 7.9, Avg(us): 110832, Min(us): 52384, Max(us): 144127, 50th(us): 116927, 90th(us): 125503, 95th(us): 127807, 99th(us): 131583, 99.9th(us): 137215, 99.99th(us): 144127
TOTAL  - Takes(s): 519.9, Count: 25899, OPS: 49.8, Avg(us): 82881, Min(us): 49632, Max(us): 155903, 50th(us): 65663, 90th(us): 121791, 95th(us): 124799, 99th(us): 129791, 99.9th(us): 135295, 99.99th(us): 145663
UPDATE - Takes(s): 519.9, Count: 15065, OPS: 29.0, Avg(us): 62693, Min(us): 49632, Max(us): 95487, 50th(us): 62847, 90th(us): 67071, 95th(us): 68159, 99th(us): 71935, 99.9th(us): 85951, 99.99th(us): 92991
READ   - Takes(s): 529.9, Count: 11073, OPS: 20.9, Avg(us): 110988, Min(us): 51360, Max(us): 155903, 50th(us): 116799, 90th(us): 125503, 95th(us): 127935, 99th(us): 131583, 99.9th(us): 138367, 99.99th(us): 151807
READ_ERROR - Takes(s): 529.8, Count: 4142, OPS: 7.8, Avg(us): 110826, Min(us): 52384, Max(us): 144127, 50th(us): 116927, 90th(us): 125503, 95th(us): 127807, 99th(us): 131583, 99.9th(us): 137215, 99.99th(us): 144127
TOTAL  - Takes(s): 529.9, Count: 26411, OPS: 49.8, Avg(us): 82939, Min(us): 49632, Max(us): 155903, 50th(us): 65727, 90th(us): 121791, 95th(us): 124799, 99th(us): 129791, 99.9th(us): 135295, 99.99th(us): 145663
UPDATE - Takes(s): 529.9, Count: 15338, OPS: 28.9, Avg(us): 62689, Min(us): 49632, Max(us): 95487, 50th(us): 62847, 90th(us): 67071, 95th(us): 68159, 99th(us): 71871, 99.9th(us): 85951, 99.99th(us): 92991
READ   - Takes(s): 539.9, Count: 11297, OPS: 20.9, Avg(us): 110978, Min(us): 51360, Max(us): 155903, 50th(us): 116799, 90th(us): 125439, 95th(us): 127935, 99th(us): 131583, 99.9th(us): 138367, 99.99th(us): 151807
READ_ERROR - Takes(s): 539.8, Count: 4212, OPS: 7.8, Avg(us): 110845, Min(us): 52384, Max(us): 144127, 50th(us): 116927, 90th(us): 125503, 95th(us): 127807, 99th(us): 131583, 99.9th(us): 137215, 99.99th(us): 144127
TOTAL  - Takes(s): 539.9, Count: 26910, OPS: 49.8, Avg(us): 82962, Min(us): 49632, Max(us): 155903, 50th(us): 65727, 90th(us): 121791, 95th(us): 124799, 99th(us): 129791, 99.9th(us): 135295, 99.99th(us): 145663
UPDATE - Takes(s): 539.9, Count: 15613, OPS: 28.9, Avg(us): 62691, Min(us): 49632, Max(us): 95487, 50th(us): 62847, 90th(us): 67071, 95th(us): 68159, 99th(us): 71871, 99.9th(us): 85887, 99.99th(us): 92991
READ   - Takes(s): 549.9, Count: 11533, OPS: 21.0, Avg(us): 110933, Min(us): 51360, Max(us): 155903, 50th(us): 116799, 90th(us): 125439, 95th(us): 127935, 99th(us): 131583, 99.9th(us): 137855, 99.99th(us): 151807
READ_ERROR - Takes(s): 549.8, Count: 4267, OPS: 7.8, Avg(us): 110902, Min(us): 52384, Max(us): 144127, 50th(us): 116927, 90th(us): 125439, 95th(us): 127807, 99th(us): 131583, 99.9th(us): 137215, 99.99th(us): 144127
TOTAL  - Takes(s): 549.9, Count: 27439, OPS: 49.9, Avg(us): 82960, Min(us): 49632, Max(us): 155903, 50th(us): 65727, 90th(us): 121791, 95th(us): 124799, 99th(us): 129727, 99.9th(us): 135295, 99.99th(us): 145663
UPDATE - Takes(s): 549.9, Count: 15906, OPS: 28.9, Avg(us): 62678, Min(us): 49632, Max(us): 95487, 50th(us): 62847, 90th(us): 67071, 95th(us): 68159, 99th(us): 71871, 99.9th(us): 85887, 99.99th(us): 92991
READ   - Takes(s): 559.9, Count: 11771, OPS: 21.0, Avg(us): 110923, Min(us): 51360, Max(us): 155903, 50th(us): 116735, 90th(us): 125439, 95th(us): 127935, 99th(us): 131455, 99.9th(us): 137855, 99.99th(us): 151807
READ_ERROR - Takes(s): 559.8, Count: 4327, OPS: 7.7, Avg(us): 110864, Min(us): 52384, Max(us): 144127, 50th(us): 116863, 90th(us): 125503, 95th(us): 127807, 99th(us): 131583, 99.9th(us): 137215, 99.99th(us): 144127
TOTAL  - Takes(s): 559.9, Count: 27952, OPS: 49.9, Avg(us): 82988, Min(us): 49632, Max(us): 155903, 50th(us): 65727, 90th(us): 121791, 95th(us): 124799, 99th(us): 129727, 99.9th(us): 135167, 99.99th(us): 145663
UPDATE - Takes(s): 559.9, Count: 16181, OPS: 28.9, Avg(us): 62666, Min(us): 49632, Max(us): 95487, 50th(us): 62815, 90th(us): 67007, 95th(us): 68159, 99th(us): 71871, 99.9th(us): 85887, 99.99th(us): 92991
READ   - Takes(s): 569.9, Count: 12003, OPS: 21.1, Avg(us): 110920, Min(us): 51360, Max(us): 155903, 50th(us): 116735, 90th(us): 125439, 95th(us): 127871, 99th(us): 131455, 99.9th(us): 137855, 99.99th(us): 151807
READ_ERROR - Takes(s): 569.8, Count: 4375, OPS: 7.7, Avg(us): 110841, Min(us): 52384, Max(us): 144127, 50th(us): 116863, 90th(us): 125503, 95th(us): 127807, 99th(us): 131583, 99.9th(us): 137215, 99.99th(us): 144127
TOTAL  - Takes(s): 569.9, Count: 28493, OPS: 50.0, Avg(us): 82988, Min(us): 49632, Max(us): 155903, 50th(us): 65727, 90th(us): 121791, 95th(us): 124799, 99th(us): 129727, 99.9th(us): 135167, 99.99th(us): 145663
UPDATE - Takes(s): 569.9, Count: 16490, OPS: 28.9, Avg(us): 62657, Min(us): 49632, Max(us): 95487, 50th(us): 62815, 90th(us): 67007, 95th(us): 68159, 99th(us): 71871, 99.9th(us): 85887, 99.99th(us): 92991
READ   - Takes(s): 579.9, Count: 12242, OPS: 21.1, Avg(us): 110928, Min(us): 51360, Max(us): 155903, 50th(us): 116735, 90th(us): 125375, 95th(us): 127871, 99th(us): 131455, 99.9th(us): 137855, 99.99th(us): 151807
READ_ERROR - Takes(s): 579.8, Count: 4420, OPS: 7.6, Avg(us): 110901, Min(us): 52384, Max(us): 144127, 50th(us): 116863, 90th(us): 125503, 95th(us): 127807, 99th(us): 131583, 99.9th(us): 137215, 99.99th(us): 144127
TOTAL  - Takes(s): 579.9, Count: 29019, OPS: 50.0, Avg(us): 83019, Min(us): 49632, Max(us): 155903, 50th(us): 65727, 90th(us): 121791, 95th(us): 124799, 99th(us): 129663, 99.9th(us): 134911, 99.99th(us): 145663
UPDATE - Takes(s): 579.9, Count: 16777, OPS: 28.9, Avg(us): 62654, Min(us): 49632, Max(us): 95487, 50th(us): 62815, 90th(us): 67007, 95th(us): 68159, 99th(us): 71935, 99.9th(us): 85823, 99.99th(us): 92991
READ   - Takes(s): 589.9, Count: 12475, OPS: 21.1, Avg(us): 110882, Min(us): 51360, Max(us): 155903, 50th(us): 116735, 90th(us): 125375, 95th(us): 127807, 99th(us): 131455, 99.9th(us): 137855, 99.99th(us): 151807
READ_ERROR - Takes(s): 589.8, Count: 4476, OPS: 7.6, Avg(us): 110906, Min(us): 52384, Max(us): 144127, 50th(us): 116863, 90th(us): 125503, 95th(us): 127807, 99th(us): 131455, 99.9th(us): 137215, 99.99th(us): 144127
TOTAL  - Takes(s): 589.9, Count: 29546, OPS: 50.1, Avg(us): 83017, Min(us): 49632, Max(us): 155903, 50th(us): 65727, 90th(us): 121791, 95th(us): 124799, 99th(us): 129663, 99.9th(us): 134911, 99.99th(us): 145663
UPDATE - Takes(s): 589.9, Count: 17071, OPS: 28.9, Avg(us): 62654, Min(us): 49632, Max(us): 95487, 50th(us): 62815, 90th(us): 67007, 95th(us): 68159, 99th(us): 71871, 99.9th(us): 85823, 99.99th(us): 92991
READ   - Takes(s): 599.9, Count: 12720, OPS: 21.2, Avg(us): 110867, Min(us): 50368, Max(us): 155903, 50th(us): 116735, 90th(us): 125375, 95th(us): 127807, 99th(us): 131327, 99.9th(us): 137343, 99.99th(us): 151807
READ_ERROR - Takes(s): 599.8, Count: 4526, OPS: 7.5, Avg(us): 110920, Min(us): 52384, Max(us): 144127, 50th(us): 116863, 90th(us): 125503, 95th(us): 127807, 99th(us): 131455, 99.9th(us): 136447, 99.99th(us): 144127
TOTAL  - Takes(s): 599.9, Count: 30072, OPS: 50.1, Avg(us): 83041, Min(us): 49632, Max(us): 155903, 50th(us): 65727, 90th(us): 121727, 95th(us): 124799, 99th(us): 129663, 99.9th(us): 134911, 99.99th(us): 145663
UPDATE - Takes(s): 599.9, Count: 17352, OPS: 28.9, Avg(us): 62642, Min(us): 49632, Max(us): 95487, 50th(us): 62783, 90th(us): 67007, 95th(us): 68095, 99th(us): 71871, 99.9th(us): 85823, 99.99th(us): 92991
READ   - Takes(s): 609.9, Count: 12968, OPS: 21.3, Avg(us): 110905, Min(us): 50368, Max(us): 155903, 50th(us): 116735, 90th(us): 125375, 95th(us): 127807, 99th(us): 131327, 99.9th(us): 137343, 99.99th(us): 151807
READ_ERROR - Takes(s): 609.8, Count: 4568, OPS: 7.5, Avg(us): 110928, Min(us): 52384, Max(us): 144127, 50th(us): 116863, 90th(us): 125503, 95th(us): 127807, 99th(us): 131583, 99.9th(us): 136447, 99.99th(us): 144127
TOTAL  - Takes(s): 609.9, Count: 30604, OPS: 50.2, Avg(us): 83087, Min(us): 49632, Max(us): 155903, 50th(us): 65727, 90th(us): 121791, 95th(us): 124799, 99th(us): 129663, 99.9th(us): 134783, 99.99th(us): 145663
UPDATE - Takes(s): 609.9, Count: 17636, OPS: 28.9, Avg(us): 62633, Min(us): 49632, Max(us): 95487, 50th(us): 62783, 90th(us): 67007, 95th(us): 68095, 99th(us): 71871, 99.9th(us): 85439, 99.99th(us): 92991
READ   - Takes(s): 619.9, Count: 13224, OPS: 21.3, Avg(us): 110934, Min(us): 50368, Max(us): 155903, 50th(us): 116735, 90th(us): 125375, 95th(us): 127807, 99th(us): 131327, 99.9th(us): 137343, 99.99th(us): 151807
READ_ERROR - Takes(s): 619.8, Count: 4620, OPS: 7.5, Avg(us): 110951, Min(us): 52384, Max(us): 144127, 50th(us): 116863, 90th(us): 125503, 95th(us): 127807, 99th(us): 131583, 99.9th(us): 136447, 99.99th(us): 144127
TOTAL  - Takes(s): 619.9, Count: 31106, OPS: 50.2, Avg(us): 83157, Min(us): 49632, Max(us): 155903, 50th(us): 65727, 90th(us): 121791, 95th(us): 124799, 99th(us): 129663, 99.9th(us): 134783, 99.99th(us): 145663
UPDATE - Takes(s): 619.9, Count: 17882, OPS: 28.8, Avg(us): 62616, Min(us): 49632, Max(us): 95487, 50th(us): 62751, 90th(us): 67007, 95th(us): 68095, 99th(us): 71807, 99.9th(us): 85439, 99.99th(us): 92991
READ   - Takes(s): 629.9, Count: 13474, OPS: 21.4, Avg(us): 110938, Min(us): 50368, Max(us): 155903, 50th(us): 116735, 90th(us): 125439, 95th(us): 127871, 99th(us): 131455, 99.9th(us): 137343, 99.99th(us): 151807
READ_ERROR - Takes(s): 629.8, Count: 4667, OPS: 7.4, Avg(us): 110918, Min(us): 52384, Max(us): 144127, 50th(us): 116863, 90th(us): 125503, 95th(us): 127807, 99th(us): 131583, 99.9th(us): 136447, 99.99th(us): 144127
TOTAL  - Takes(s): 629.9, Count: 31634, OPS: 50.2, Avg(us): 83191, Min(us): 49632, Max(us): 155903, 50th(us): 65727, 90th(us): 121855, 95th(us): 124799, 99th(us): 129727, 99.9th(us): 134911, 99.99th(us): 145663
UPDATE - Takes(s): 629.9, Count: 18160, OPS: 28.8, Avg(us): 62604, Min(us): 49632, Max(us): 95487, 50th(us): 62751, 90th(us): 66943, 95th(us): 68095, 99th(us): 71743, 99.9th(us): 85439, 99.99th(us): 92991
READ   - Takes(s): 639.9, Count: 13722, OPS: 21.4, Avg(us): 110939, Min(us): 50368, Max(us): 155903, 50th(us): 116735, 90th(us): 125375, 95th(us): 127807, 99th(us): 131455, 99.9th(us): 136703, 99.99th(us): 151807
READ_ERROR - Takes(s): 639.8, Count: 4704, OPS: 7.4, Avg(us): 110924, Min(us): 52384, Max(us): 144127, 50th(us): 116863, 90th(us): 125503, 95th(us): 127807, 99th(us): 131583, 99.9th(us): 136447, 99.99th(us): 144127
TOTAL  - Takes(s): 639.9, Count: 32180, OPS: 50.3, Avg(us): 83208, Min(us): 49632, Max(us): 155903, 50th(us): 65727, 90th(us): 121855, 95th(us): 124799, 99th(us): 129727, 99.9th(us): 134911, 99.99th(us): 145663
UPDATE - Takes(s): 639.9, Count: 18458, OPS: 28.8, Avg(us): 62592, Min(us): 49632, Max(us): 95487, 50th(us): 62751, 90th(us): 66943, 95th(us): 68095, 99th(us): 71807, 99.9th(us): 85823, 99.99th(us): 92991
READ   - Takes(s): 649.9, Count: 13965, OPS: 21.5, Avg(us): 110967, Min(us): 50368, Max(us): 155903, 50th(us): 116735, 90th(us): 125375, 95th(us): 127807, 99th(us): 131455, 99.9th(us): 136703, 99.99th(us): 151807
READ_ERROR - Takes(s): 649.8, Count: 4749, OPS: 7.3, Avg(us): 110935, Min(us): 52384, Max(us): 144127, 50th(us): 116863, 90th(us): 125439, 95th(us): 127807, 99th(us): 131583, 99.9th(us): 136447, 99.99th(us): 144127
TOTAL  - Takes(s): 649.9, Count: 32708, OPS: 50.3, Avg(us): 83240, Min(us): 49632, Max(us): 155903, 50th(us): 65727, 90th(us): 121855, 95th(us): 124799, 99th(us): 129663, 99.9th(us): 134911, 99.99th(us): 145663
UPDATE - Takes(s): 649.9, Count: 18743, OPS: 28.8, Avg(us): 62582, Min(us): 49632, Max(us): 95487, 50th(us): 62719, 90th(us): 66943, 95th(us): 68031, 99th(us): 71743, 99.9th(us): 85439, 99.99th(us): 92991
READ   - Takes(s): 659.9, Count: 14203, OPS: 21.5, Avg(us): 110917, Min(us): 50368, Max(us): 155903, 50th(us): 116735, 90th(us): 125375, 95th(us): 127743, 99th(us): 131327, 99.9th(us): 136703, 99.99th(us): 151807
READ_ERROR - Takes(s): 659.8, Count: 4801, OPS: 7.3, Avg(us): 110904, Min(us): 52384, Max(us): 144127, 50th(us): 116863, 90th(us): 125439, 95th(us): 127807, 99th(us): 131583, 99.9th(us): 136447, 99.99th(us): 144127
TOTAL  - Takes(s): 659.9, Count: 33246, OPS: 50.4, Avg(us): 83224, Min(us): 49632, Max(us): 155903, 50th(us): 65727, 90th(us): 121791, 95th(us): 124799, 99th(us): 129663, 99.9th(us): 134911, 99.99th(us): 145663
UPDATE - Takes(s): 659.9, Count: 19043, OPS: 28.9, Avg(us): 62570, Min(us): 49632, Max(us): 95487, 50th(us): 62719, 90th(us): 66943, 95th(us): 68031, 99th(us): 71679, 99.9th(us): 85439, 99.99th(us): 92991
READ   - Takes(s): 669.9, Count: 14450, OPS: 21.6, Avg(us): 110906, Min(us): 50368, Max(us): 155903, 50th(us): 116735, 90th(us): 125375, 95th(us): 127743, 99th(us): 131455, 99.9th(us): 136703, 99.99th(us): 151807
READ_ERROR - Takes(s): 669.8, Count: 4850, OPS: 7.2, Avg(us): 110955, Min(us): 52384, Max(us): 144127, 50th(us): 116863, 90th(us): 125439, 95th(us): 127807, 99th(us): 131583, 99.9th(us): 136447, 99.99th(us): 144127
TOTAL  - Takes(s): 669.9, Count: 33767, OPS: 50.4, Avg(us): 83255, Min(us): 49632, Max(us): 155903, 50th(us): 65727, 90th(us): 121855, 95th(us): 124799, 99th(us): 129663, 99.9th(us): 134783, 99.99th(us): 145663
UPDATE - Takes(s): 669.9, Count: 19317, OPS: 28.8, Avg(us): 62571, Min(us): 49632, Max(us): 95487, 50th(us): 62719, 90th(us): 66943, 95th(us): 68031, 99th(us): 71679, 99.9th(us): 85439, 99.99th(us): 92991
READ   - Takes(s): 679.9, Count: 14692, OPS: 21.6, Avg(us): 110889, Min(us): 50368, Max(us): 155903, 50th(us): 116735, 90th(us): 125375, 95th(us): 127743, 99th(us): 131455, 99.9th(us): 136703, 99.99th(us): 151807
READ_ERROR - Takes(s): 679.8, Count: 4896, OPS: 7.2, Avg(us): 110930, Min(us): 52384, Max(us): 144127, 50th(us): 116863, 90th(us): 125439, 95th(us): 127743, 99th(us): 131455, 99.9th(us): 136447, 99.99th(us): 144127
TOTAL  - Takes(s): 679.9, Count: 34303, OPS: 50.5, Avg(us): 83266, Min(us): 49536, Max(us): 155903, 50th(us): 65727, 90th(us): 121791, 95th(us): 124799, 99th(us): 129663, 99.9th(us): 134783, 99.99th(us): 145663
UPDATE - Takes(s): 679.9, Count: 19611, OPS: 28.8, Avg(us): 62571, Min(us): 49536, Max(us): 95487, 50th(us): 62719, 90th(us): 66943, 95th(us): 68031, 99th(us): 71679, 99.9th(us): 84735, 99.99th(us): 92991
READ   - Takes(s): 689.9, Count: 14925, OPS: 21.6, Avg(us): 110837, Min(us): 50368, Max(us): 155903, 50th(us): 116671, 90th(us): 125311, 95th(us): 127743, 99th(us): 131455, 99.9th(us): 136703, 99.99th(us): 151807
READ_ERROR - Takes(s): 689.8, Count: 4945, OPS: 7.2, Avg(us): 110957, Min(us): 52384, Max(us): 144127, 50th(us): 116863, 90th(us): 125439, 95th(us): 127743, 99th(us): 131455, 99.9th(us): 136447, 99.99th(us): 144127
TOTAL  - Takes(s): 689.9, Count: 34846, OPS: 50.5, Avg(us): 83243, Min(us): 49536, Max(us): 155903, 50th(us): 65727, 90th(us): 121791, 95th(us): 124799, 99th(us): 129663, 99.9th(us): 134783, 99.99th(us): 145663
UPDATE - Takes(s): 689.9, Count: 19921, OPS: 28.9, Avg(us): 62569, Min(us): 49536, Max(us): 95487, 50th(us): 62719, 90th(us): 66943, 95th(us): 68031, 99th(us): 71679, 99.9th(us): 85887, 99.99th(us): 92991
READ   - Takes(s): 699.9, Count: 15160, OPS: 21.7, Avg(us): 110818, Min(us): 50368, Max(us): 155903, 50th(us): 116671, 90th(us): 125311, 95th(us): 127743, 99th(us): 131455, 99.9th(us): 136703, 99.99th(us): 147071
READ_ERROR - Takes(s): 699.8, Count: 4990, OPS: 7.1, Avg(us): 110986, Min(us): 52384, Max(us): 144127, 50th(us): 116863, 90th(us): 125439, 95th(us): 127807, 99th(us): 131455, 99.9th(us): 136447, 99.99th(us): 144127
TOTAL  - Takes(s): 699.9, Count: 35386, OPS: 50.6, Avg(us): 83241, Min(us): 49536, Max(us): 155903, 50th(us): 65727, 90th(us): 121791, 95th(us): 124799, 99th(us): 129663, 99.9th(us): 134783, 99.99th(us): 145535
UPDATE - Takes(s): 699.9, Count: 20226, OPS: 28.9, Avg(us): 62571, Min(us): 49536, Max(us): 95487, 50th(us): 62719, 90th(us): 66943, 95th(us): 68031, 99th(us): 71679, 99.9th(us): 85887, 99.99th(us): 92991
READ   - Takes(s): 709.9, Count: 15408, OPS: 21.7, Avg(us): 110854, Min(us): 50368, Max(us): 155903, 50th(us): 116735, 90th(us): 125375, 95th(us): 127743, 99th(us): 131455, 99.9th(us): 136703, 99.99th(us): 147071
READ_ERROR - Takes(s): 709.8, Count: 5034, OPS: 7.1, Avg(us): 110987, Min(us): 52384, Max(us): 144127, 50th(us): 116863, 90th(us): 125439, 95th(us): 127807, 99th(us): 131583, 99.9th(us): 136447, 99.99th(us): 138751
TOTAL  - Takes(s): 709.9, Count: 35907, OPS: 50.6, Avg(us): 83291, Min(us): 49536, Max(us): 155903, 50th(us): 65727, 90th(us): 121855, 95th(us): 124799, 99th(us): 129727, 99.9th(us): 134783, 99.99th(us): 145535
UPDATE - Takes(s): 709.9, Count: 20499, OPS: 28.9, Avg(us): 62574, Min(us): 49536, Max(us): 95487, 50th(us): 62719, 90th(us): 66943, 95th(us): 68031, 99th(us): 71679, 99.9th(us): 85887, 99.99th(us): 92991
READ   - Takes(s): 719.9, Count: 15662, OPS: 21.8, Avg(us): 110858, Min(us): 50368, Max(us): 155903, 50th(us): 116735, 90th(us): 125311, 95th(us): 127743, 99th(us): 131327, 99.9th(us): 136575, 99.99th(us): 147071
READ_ERROR - Takes(s): 719.8, Count: 5079, OPS: 7.1, Avg(us): 110953, Min(us): 52384, Max(us): 144127, 50th(us): 116863, 90th(us): 125375, 95th(us): 127743, 99th(us): 131455, 99.9th(us): 136447, 99.99th(us): 138751
TOTAL  - Takes(s): 719.9, Count: 36430, OPS: 50.6, Avg(us): 83330, Min(us): 49536, Max(us): 155903, 50th(us): 65791, 90th(us): 121855, 95th(us): 124799, 99th(us): 129727, 99.9th(us): 134783, 99.99th(us): 145535
UPDATE - Takes(s): 719.9, Count: 20768, OPS: 28.8, Avg(us): 62570, Min(us): 49536, Max(us): 95487, 50th(us): 62719, 90th(us): 66943, 95th(us): 68031, 99th(us): 71615, 99.9th(us): 85823, 99.99th(us): 92991
READ   - Takes(s): 729.9, Count: 15904, OPS: 21.8, Avg(us): 110853, Min(us): 50368, Max(us): 155903, 50th(us): 116735, 90th(us): 125375, 95th(us): 127743, 99th(us): 131327, 99.9th(us): 136575, 99.99th(us): 147071
READ_ERROR - Takes(s): 729.8, Count: 5120, OPS: 7.0, Avg(us): 110968, Min(us): 52384, Max(us): 144127, 50th(us): 116927, 90th(us): 125375, 95th(us): 127743, 99th(us): 131455, 99.9th(us): 136447, 99.99th(us): 138751
TOTAL  - Takes(s): 729.9, Count: 36971, OPS: 50.6, Avg(us): 83341, Min(us): 49536, Max(us): 155903, 50th(us): 65791, 90th(us): 121855, 95th(us): 124799, 99th(us): 129663, 99.9th(us): 134655, 99.99th(us): 145535
UPDATE - Takes(s): 729.9, Count: 21067, OPS: 28.9, Avg(us): 62571, Min(us): 49536, Max(us): 95487, 50th(us): 62719, 90th(us): 66943, 95th(us): 68031, 99th(us): 71615, 99.9th(us): 85887, 99.99th(us): 92991
READ   - Takes(s): 739.9, Count: 16146, OPS: 21.8, Avg(us): 110841, Min(us): 50368, Max(us): 155903, 50th(us): 116735, 90th(us): 125311, 95th(us): 127743, 99th(us): 131327, 99.9th(us): 136575, 99.99th(us): 147071
READ_ERROR - Takes(s): 739.8, Count: 5161, OPS: 7.0, Avg(us): 111015, Min(us): 52384, Max(us): 144127, 50th(us): 116927, 90th(us): 125375, 95th(us): 127743, 99th(us): 131455, 99.9th(us): 136447, 99.99th(us): 138751
TOTAL  - Takes(s): 739.9, Count: 37513, OPS: 50.7, Avg(us): 83341, Min(us): 49536, Max(us): 155903, 50th(us): 65791, 90th(us): 121855, 95th(us): 124799, 99th(us): 129663, 99.9th(us): 134655, 99.99th(us): 145535
UPDATE - Takes(s): 739.9, Count: 21367, OPS: 28.9, Avg(us): 62561, Min(us): 49536, Max(us): 95487, 50th(us): 62719, 90th(us): 66943, 95th(us): 68031, 99th(us): 71615, 99.9th(us): 85887, 99.99th(us): 92991
READ   - Takes(s): 749.9, Count: 16401, OPS: 21.9, Avg(us): 110825, Min(us): 50368, Max(us): 155903, 50th(us): 116735, 90th(us): 125311, 95th(us): 127743, 99th(us): 131327, 99.9th(us): 136575, 99.99th(us): 147071
READ_ERROR - Takes(s): 749.8, Count: 5193, OPS: 6.9, Avg(us): 110986, Min(us): 52384, Max(us): 144127, 50th(us): 116863, 90th(us): 125375, 95th(us): 127743, 99th(us): 131455, 99.9th(us): 136447, 99.99th(us): 138751
TOTAL  - Takes(s): 749.9, Count: 38069, OPS: 50.8, Avg(us): 83352, Min(us): 49536, Max(us): 155903, 50th(us): 65727, 90th(us): 121855, 95th(us): 124799, 99th(us): 129663, 99.9th(us): 134655, 99.99th(us): 145535
UPDATE - Takes(s): 749.9, Count: 21668, OPS: 28.9, Avg(us): 62557, Min(us): 49536, Max(us): 95487, 50th(us): 62687, 90th(us): 66943, 95th(us): 68031, 99th(us): 71615, 99.9th(us): 85823, 99.99th(us): 92991
READ   - Takes(s): 759.9, Count: 16648, OPS: 21.9, Avg(us): 110831, Min(us): 49792, Max(us): 155903, 50th(us): 116735, 90th(us): 125311, 95th(us): 127743, 99th(us): 131327, 99.9th(us): 136447, 99.99th(us): 147071
READ_ERROR - Takes(s): 759.8, Count: 5240, OPS: 6.9, Avg(us): 110918, Min(us): 52384, Max(us): 144127, 50th(us): 116863, 90th(us): 125311, 95th(us): 127743, 99th(us): 131455, 99.9th(us): 136447, 99.99th(us): 138751
TOTAL  - Takes(s): 759.9, Count: 38598, OPS: 50.8, Avg(us): 83375, Min(us): 49536, Max(us): 155903, 50th(us): 65727, 90th(us): 121919, 95th(us): 124799, 99th(us): 129663, 99.9th(us): 134655, 99.99th(us): 145535
UPDATE - Takes(s): 759.9, Count: 21950, OPS: 28.9, Avg(us): 62550, Min(us): 49536, Max(us): 95487, 50th(us): 62687, 90th(us): 66879, 95th(us): 67967, 99th(us): 71487, 99.9th(us): 85823, 99.99th(us): 92991
READ   - Takes(s): 769.9, Count: 16895, OPS: 21.9, Avg(us): 110813, Min(us): 49792, Max(us): 155903, 50th(us): 116735, 90th(us): 125311, 95th(us): 127679, 99th(us): 131327, 99.9th(us): 136447, 99.99th(us): 147071
READ_ERROR - Takes(s): 769.8, Count: 5277, OPS: 6.9, Avg(us): 110927, Min(us): 52384, Max(us): 144127, 50th(us): 116863, 90th(us): 125311, 95th(us): 127679, 99th(us): 131455, 99.9th(us): 136447, 99.99th(us): 138751
TOTAL  - Takes(s): 769.9, Count: 39151, OPS: 50.8, Avg(us): 83371, Min(us): 49536, Max(us): 155903, 50th(us): 65727, 90th(us): 121919, 95th(us): 124799, 99th(us): 129663, 99.9th(us): 134655, 99.99th(us): 145535
UPDATE - Takes(s): 769.9, Count: 22256, OPS: 28.9, Avg(us): 62539, Min(us): 49536, Max(us): 95487, 50th(us): 62687, 90th(us): 66879, 95th(us): 67967, 99th(us): 71423, 99.9th(us): 85823, 99.99th(us): 92991
READ   - Takes(s): 779.9, Count: 17128, OPS: 22.0, Avg(us): 110812, Min(us): 49792, Max(us): 155903, 50th(us): 116735, 90th(us): 125311, 95th(us): 127679, 99th(us): 131327, 99.9th(us): 136447, 99.99th(us): 147071
READ_ERROR - Takes(s): 779.8, Count: 5320, OPS: 6.8, Avg(us): 110874, Min(us): 52384, Max(us): 144127, 50th(us): 116863, 90th(us): 125311, 95th(us): 127679, 99th(us): 131455, 99.9th(us): 136447, 99.99th(us): 138751
TOTAL  - Takes(s): 779.9, Count: 39705, OPS: 50.9, Avg(us): 83353, Min(us): 49536, Max(us): 155903, 50th(us): 65727, 90th(us): 121919, 95th(us): 124799, 99th(us): 129599, 99.9th(us): 134527, 99.99th(us): 145535
UPDATE - Takes(s): 779.9, Count: 22577, OPS: 28.9, Avg(us): 62521, Min(us): 49536, Max(us): 95487, 50th(us): 62655, 90th(us): 66879, 95th(us): 67967, 99th(us): 71359, 99.9th(us): 85439, 99.99th(us): 92991
READ   - Takes(s): 789.9, Count: 17392, OPS: 22.0, Avg(us): 110743, Min(us): 49792, Max(us): 155903, 50th(us): 116671, 90th(us): 125311, 95th(us): 127679, 99th(us): 131327, 99.9th(us): 136447, 99.99th(us): 147071
READ_ERROR - Takes(s): 789.8, Count: 5349, OPS: 6.8, Avg(us): 110874, Min(us): 52384, Max(us): 144127, 50th(us): 116863, 90th(us): 125311, 95th(us): 127679, 99th(us): 131455, 99.9th(us): 136447, 99.99th(us): 138751
TOTAL  - Takes(s): 789.9, Count: 40274, OPS: 51.0, Avg(us): 83335, Min(us): 49536, Max(us): 155903, 50th(us): 65727, 90th(us): 121855, 95th(us): 124799, 99th(us): 129599, 99.9th(us): 134527, 99.99th(us): 145535
UPDATE - Takes(s): 789.9, Count: 22882, OPS: 29.0, Avg(us): 62502, Min(us): 49536, Max(us): 95487, 50th(us): 62655, 90th(us): 66879, 95th(us): 67903, 99th(us): 71359, 99.9th(us): 85439, 99.99th(us): 92991
READ   - Takes(s): 799.9, Count: 17642, OPS: 22.1, Avg(us): 110725, Min(us): 49792, Max(us): 155903, 50th(us): 116671, 90th(us): 125247, 95th(us): 127615, 99th(us): 131327, 99.9th(us): 136319, 99.99th(us): 147071
READ_ERROR - Takes(s): 799.8, Count: 5397, OPS: 6.7, Avg(us): 110887, Min(us): 52384, Max(us): 144127, 50th(us): 116863, 90th(us): 125247, 95th(us): 127679, 99th(us): 131455, 99.9th(us): 136447, 99.99th(us): 138751
TOTAL  - Takes(s): 799.9, Count: 40806, OPS: 51.0, Avg(us): 83344, Min(us): 49536, Max(us): 155903, 50th(us): 65727, 90th(us): 121855, 95th(us): 124799, 99th(us): 129599, 99.9th(us): 134527, 99.99th(us): 145535
UPDATE - Takes(s): 799.9, Count: 23164, OPS: 29.0, Avg(us): 62491, Min(us): 49536, Max(us): 95487, 50th(us): 62623, 90th(us): 66879, 95th(us): 67903, 99th(us): 71359, 99.9th(us): 85439, 99.99th(us): 92991
READ   - Takes(s): 809.9, Count: 17888, OPS: 22.1, Avg(us): 110716, Min(us): 49792, Max(us): 155903, 50th(us): 116671, 90th(us): 125247, 95th(us): 127615, 99th(us): 131199, 99.9th(us): 136319, 99.99th(us): 147071
READ_ERROR - Takes(s): 809.8, Count: 5435, OPS: 6.7, Avg(us): 110914, Min(us): 52384, Max(us): 144127, 50th(us): 116863, 90th(us): 125311, 95th(us): 127615, 99th(us): 131455, 99.9th(us): 136447, 99.99th(us): 138751
TOTAL  - Takes(s): 809.9, Count: 41347, OPS: 51.0, Avg(us): 83354, Min(us): 49536, Max(us): 155903, 50th(us): 65727, 90th(us): 121855, 95th(us): 124799, 99th(us): 129535, 99.9th(us): 134527, 99.99th(us): 145535
UPDATE - Takes(s): 809.9, Count: 23459, OPS: 29.0, Avg(us): 62490, Min(us): 49536, Max(us): 95487, 50th(us): 62623, 90th(us): 66879, 95th(us): 67903, 99th(us): 71295, 99.9th(us): 85439, 99.99th(us): 92991
READ   - Takes(s): 819.9, Count: 18121, OPS: 22.1, Avg(us): 110785, Min(us): 49792, Max(us): 155903, 50th(us): 116671, 90th(us): 125311, 95th(us): 127807, 99th(us): 131583, 99.9th(us): 143743, 99.99th(us): 151807
READ_ERROR - Takes(s): 819.8, Count: 5479, OPS: 6.7, Avg(us): 110933, Min(us): 52384, Max(us): 149887, 50th(us): 116863, 90th(us): 125311, 95th(us): 127679, 99th(us): 131583, 99.9th(us): 140159, 99.99th(us): 148095
TOTAL  - Takes(s): 819.9, Count: 41854, OPS: 51.0, Avg(us): 83421, Min(us): 49536, Max(us): 155903, 50th(us): 65791, 90th(us): 121919, 95th(us): 124863, 99th(us): 129791, 99.9th(us): 136703, 99.99th(us): 149759
UPDATE - Takes(s): 819.9, Count: 23733, OPS: 28.9, Avg(us): 62528, Min(us): 49536, Max(us): 95487, 50th(us): 62655, 90th(us): 66943, 95th(us): 68031, 99th(us): 71935, 99.9th(us): 85439, 99.99th(us): 92991
READ   - Takes(s): 829.9, Count: 18373, OPS: 22.1, Avg(us): 110777, Min(us): 49792, Max(us): 155903, 50th(us): 116671, 90th(us): 125311, 95th(us): 127743, 99th(us): 131583, 99.9th(us): 143743, 99.99th(us): 151807
READ_ERROR - Takes(s): 829.8, Count: 5519, OPS: 6.7, Avg(us): 110975, Min(us): 52384, Max(us): 149887, 50th(us): 116863, 90th(us): 125311, 95th(us): 127679, 99th(us): 131583, 99.9th(us): 138751, 99.99th(us): 148095
TOTAL  - Takes(s): 829.9, Count: 42391, OPS: 51.1, Avg(us): 83434, Min(us): 49536, Max(us): 155903, 50th(us): 65791, 90th(us): 121919, 95th(us): 124799, 99th(us): 129727, 99.9th(us): 136703, 99.99th(us): 149759
UPDATE - Takes(s): 829.9, Count: 24018, OPS: 28.9, Avg(us): 62519, Min(us): 49536, Max(us): 95487, 50th(us): 62623, 90th(us): 66943, 95th(us): 68031, 99th(us): 71871, 99.9th(us): 85887, 99.99th(us): 92991
READ   - Takes(s): 839.9, Count: 18617, OPS: 22.2, Avg(us): 110733, Min(us): 49792, Max(us): 155903, 50th(us): 116671, 90th(us): 125311, 95th(us): 127743, 99th(us): 131583, 99.9th(us): 143615, 99.99th(us): 151807
READ_ERROR - Takes(s): 839.8, Count: 5560, OPS: 6.6, Avg(us): 110969, Min(us): 52384, Max(us): 149887, 50th(us): 116863, 90th(us): 125375, 95th(us): 127679, 99th(us): 131583, 99.9th(us): 138751, 99.99th(us): 148095
TOTAL  - Takes(s): 839.9, Count: 42948, OPS: 51.1, Avg(us): 83410, Min(us): 49536, Max(us): 155903, 50th(us): 65727, 90th(us): 121855, 95th(us): 124799, 99th(us): 129727, 99.9th(us): 136575, 99.99th(us): 149759
UPDATE - Takes(s): 839.9, Count: 24331, OPS: 29.0, Avg(us): 62503, Min(us): 49536, Max(us): 95487, 50th(us): 62623, 90th(us): 66879, 95th(us): 67967, 99th(us): 71871, 99.9th(us): 85887, 99.99th(us): 92991
READ   - Takes(s): 849.9, Count: 18858, OPS: 22.2, Avg(us): 110734, Min(us): 49792, Max(us): 155903, 50th(us): 116671, 90th(us): 125311, 95th(us): 127743, 99th(us): 131583, 99.9th(us): 143615, 99.99th(us): 151807
READ_ERROR - Takes(s): 849.8, Count: 5599, OPS: 6.6, Avg(us): 110965, Min(us): 52384, Max(us): 149887, 50th(us): 116863, 90th(us): 125311, 95th(us): 127679, 99th(us): 131583, 99.9th(us): 138751, 99.99th(us): 148095
TOTAL  - Takes(s): 849.9, Count: 43497, OPS: 51.2, Avg(us): 83409, Min(us): 49536, Max(us): 155903, 50th(us): 65727, 90th(us): 121855, 95th(us): 124799, 99th(us): 129727, 99.9th(us): 136575, 99.99th(us): 149759
UPDATE - Takes(s): 849.9, Count: 24639, OPS: 29.0, Avg(us): 62496, Min(us): 49536, Max(us): 95487, 50th(us): 62623, 90th(us): 66879, 95th(us): 67967, 99th(us): 71871, 99.9th(us): 85823, 99.99th(us): 92991
READ   - Takes(s): 859.9, Count: 19104, OPS: 22.2, Avg(us): 110736, Min(us): 49792, Max(us): 155903, 50th(us): 116671, 90th(us): 125311, 95th(us): 127743, 99th(us): 131583, 99.9th(us): 143615, 99.99th(us): 151807
READ_ERROR - Takes(s): 859.8, Count: 5639, OPS: 6.6, Avg(us): 110971, Min(us): 52384, Max(us): 149887, 50th(us): 116863, 90th(us): 125375, 95th(us): 127679, 99th(us): 131583, 99.9th(us): 138751, 99.99th(us): 148095
TOTAL  - Takes(s): 859.9, Count: 44030, OPS: 51.2, Avg(us): 83424, Min(us): 49536, Max(us): 155903, 50th(us): 65727, 90th(us): 121855, 95th(us): 124799, 99th(us): 129727, 99.9th(us): 136447, 99.99th(us): 149759
UPDATE - Takes(s): 859.9, Count: 24926, OPS: 29.0, Avg(us): 62491, Min(us): 49536, Max(us): 95487, 50th(us): 62623, 90th(us): 66879, 95th(us): 67967, 99th(us): 71807, 99.9th(us): 85823, 99.99th(us): 92991
**********************************************
Run finished, takes 14m28.023898177s
READ   - Takes(s): 868.0, Count: 19245, OPS: 22.2, Avg(us): 110673, Min(us): 49792, Max(us): 155903, 50th(us): 116671, 90th(us): 125311, 95th(us): 127743, 99th(us): 131583, 99.9th(us): 143615, 99.99th(us): 151807
READ_ERROR - Takes(s): 867.8, Count: 5664, OPS: 6.5, Avg(us): 110944, Min(us): 52384, Max(us): 149887, 50th(us): 116863, 90th(us): 125375, 95th(us): 127679, 99th(us): 131583, 99.9th(us): 138751, 99.99th(us): 148095
TOTAL  - Takes(s): 868.0, Count: 44336, OPS: 51.1, Avg(us): 83401, Min(us): 49536, Max(us): 155903, 50th(us): 65727, 90th(us): 121855, 95th(us): 124799, 99th(us): 129727, 99.9th(us): 136447, 99.99th(us): 149759
UPDATE - Takes(s): 868.0, Count: 25091, OPS: 28.9, Avg(us): 62482, Min(us): 49536, Max(us): 95487, 50th(us): 62623, 90th(us): 66879, 95th(us): 67967, 99th(us): 71807, 99.9th(us): 85823, 99.99th(us): 92863
