Now loading data using DB:  etcd
core
Using request distribution 'uniform' a keyrange of [0 49999]
***************** properties *****************
"operationcount"="1000000"
"requestdistribution"="uniform"
"threadcount"="1"
"readproportion"="0.5"
"insertproportion"="0"
"etcd.dial_timeout"="1s"
"updateproportion"="0.5"
"command"="load"
"dotransactions"="false"
"recordcount"="50000"
"scanproportion"="0"
"readallfields"="true"
"workload"="core"
"etcd.endpoints"="192.168.37.19:2385"
"docollectingdata"="false"
**********************************************
INSERT - Takes(s): 10.0, Count: 310, OPS: 31.1, Avg(us): 32069, Min(us): 31232, Max(us): 35135, 50th(us): 31839, 90th(us): 32863, 95th(us): 32959, 99th(us): 33247, 99.9th(us): 35135, 99.99th(us): 35135
TOTAL  - Takes(s): 10.0, Count: 310, OPS: 31.1, Avg(us): 32069, Min(us): 31232, Max(us): 35135, 50th(us): 31839, 90th(us): 32863, 95th(us): 32959, 99th(us): 33247, 99.9th(us): 35135, 99.99th(us): 35135
INSERT - Takes(s): 20.0, Count: 621, OPS: 31.1, Avg(us): 32066, Min(us): 31152, Max(us): 35135, 50th(us): 31823, 90th(us): 32895, 95th(us): 33055, 99th(us): 33311, 99.9th(us): 33759, 99.99th(us): 35135
TOTAL  - Takes(s): 20.0, Count: 621, OPS: 31.1, Avg(us): 32066, Min(us): 31152, Max(us): 35135, 50th(us): 31823, 90th(us): 32895, 95th(us): 33055, 99th(us): 33311, 99.9th(us): 33759, 99.99th(us): 35135
INSERT - Takes(s): 30.0, Count: 933, OPS: 31.1, Avg(us): 32035, Min(us): 31152, Max(us): 35135, 50th(us): 31807, 90th(us): 32895, 95th(us): 33023, 99th(us): 33311, 99.9th(us): 33759, 99.99th(us): 35135
TOTAL  - Takes(s): 30.0, Count: 933, OPS: 31.1, Avg(us): 32035, Min(us): 31152, Max(us): 35135, 50th(us): 31807, 90th(us): 32895, 95th(us): 33023, 99th(us): 33311, 99.9th(us): 33759, 99.99th(us): 35135
INSERT - Takes(s): 40.0, Count: 1245, OPS: 31.2, Avg(us): 32016, Min(us): 30928, Max(us): 35135, 50th(us): 31791, 90th(us): 32863, 95th(us): 33023, 99th(us): 33439, 99.9th(us): 34175, 99.99th(us): 35135
TOTAL  - Takes(s): 40.0, Count: 1245, OPS: 31.2, Avg(us): 32016, Min(us): 30928, Max(us): 35135, 50th(us): 31791, 90th(us): 32863, 95th(us): 33023, 99th(us): 33439, 99.9th(us): 34175, 99.99th(us): 35135
INSERT - Takes(s): 50.0, Count: 1557, OPS: 31.2, Avg(us): 32007, Min(us): 30928, Max(us): 35135, 50th(us): 31775, 90th(us): 32863, 95th(us): 33055, 99th(us): 33407, 99.9th(us): 34047, 99.99th(us): 35135
TOTAL  - Takes(s): 50.0, Count: 1557, OPS: 31.2, Avg(us): 32007, Min(us): 30928, Max(us): 35135, 50th(us): 31775, 90th(us): 32863, 95th(us): 33055, 99th(us): 33407, 99.9th(us): 34047, 99.99th(us): 35135
INSERT - Takes(s): 60.0, Count: 1869, OPS: 31.2, Avg(us): 31994, Min(us): 30928, Max(us): 35135, 50th(us): 31759, 90th(us): 32863, 95th(us): 33023, 99th(us): 33343, 99.9th(us): 34175, 99.99th(us): 35135
TOTAL  - Takes(s): 60.0, Count: 1869, OPS: 31.2, Avg(us): 31994, Min(us): 30928, Max(us): 35135, 50th(us): 31759, 90th(us): 32863, 95th(us): 33023, 99th(us): 33343, 99.9th(us): 34175, 99.99th(us): 35135
INSERT - Takes(s): 70.0, Count: 2182, OPS: 31.2, Avg(us): 31984, Min(us): 30928, Max(us): 35135, 50th(us): 31743, 90th(us): 32863, 95th(us): 33023, 99th(us): 33407, 99.9th(us): 34175, 99.99th(us): 35135
TOTAL  - Takes(s): 70.0, Count: 2182, OPS: 31.2, Avg(us): 31984, Min(us): 30928, Max(us): 35135, 50th(us): 31743, 90th(us): 32863, 95th(us): 33023, 99th(us): 33407, 99.9th(us): 34175, 99.99th(us): 35135
INSERT - Takes(s): 80.0, Count: 2494, OPS: 31.2, Avg(us): 31976, Min(us): 30928, Max(us): 35135, 50th(us): 31743, 90th(us): 32863, 95th(us): 32991, 99th(us): 33343, 99.9th(us): 34175, 99.99th(us): 35135
TOTAL  - Takes(s): 80.0, Count: 2494, OPS: 31.2, Avg(us): 31976, Min(us): 30928, Max(us): 35135, 50th(us): 31743, 90th(us): 32863, 95th(us): 32991, 99th(us): 33343, 99.9th(us): 34175, 99.99th(us): 35135
INSERT - Takes(s): 90.0, Count: 2807, OPS: 31.2, Avg(us): 31967, Min(us): 30928, Max(us): 35135, 50th(us): 31727, 90th(us): 32831, 95th(us): 32991, 99th(us): 33343, 99.9th(us): 34079, 99.99th(us): 35135
TOTAL  - Takes(s): 90.0, Count: 2807, OPS: 31.2, Avg(us): 31967, Min(us): 30928, Max(us): 35135, 50th(us): 31727, 90th(us): 32831, 95th(us): 32991, 99th(us): 33343, 99.9th(us): 34079, 99.99th(us): 35135
INSERT - Takes(s): 100.0, Count: 3119, OPS: 31.2, Avg(us): 31964, Min(us): 30928, Max(us): 35135, 50th(us): 31711, 90th(us): 32863, 95th(us): 32991, 99th(us): 33343, 99.9th(us): 34079, 99.99th(us): 35135
TOTAL  - Takes(s): 100.0, Count: 3119, OPS: 31.2, Avg(us): 31964, Min(us): 30928, Max(us): 35135, 50th(us): 31711, 90th(us): 32863, 95th(us): 32991, 99th(us): 33343, 99.9th(us): 34079, 99.99th(us): 35135
INSERT - Takes(s): 110.0, Count: 3431, OPS: 31.2, Avg(us): 31960, Min(us): 30928, Max(us): 37759, 50th(us): 31711, 90th(us): 32831, 95th(us): 32991, 99th(us): 33343, 99.9th(us): 34175, 99.99th(us): 37759
TOTAL  - Takes(s): 110.0, Count: 3431, OPS: 31.2, Avg(us): 31960, Min(us): 30928, Max(us): 37759, 50th(us): 31711, 90th(us): 32831, 95th(us): 32991, 99th(us): 33343, 99.9th(us): 34175, 99.99th(us): 37759
INSERT - Takes(s): 120.0, Count: 3743, OPS: 31.2, Avg(us): 31958, Min(us): 30928, Max(us): 37759, 50th(us): 31711, 90th(us): 32831, 95th(us): 32991, 99th(us): 33343, 99.9th(us): 34079, 99.99th(us): 37759
TOTAL  - Takes(s): 120.0, Count: 3743, OPS: 31.2, Avg(us): 31958, Min(us): 30928, Max(us): 37759, 50th(us): 31711, 90th(us): 32831, 95th(us): 32991, 99th(us): 33343, 99.9th(us): 34079, 99.99th(us): 37759
INSERT - Takes(s): 130.0, Count: 4056, OPS: 31.2, Avg(us): 31957, Min(us): 30928, Max(us): 37759, 50th(us): 31695, 90th(us): 32831, 95th(us): 32991, 99th(us): 33343, 99.9th(us): 34079, 99.99th(us): 37759
TOTAL  - Takes(s): 130.0, Count: 4056, OPS: 31.2, Avg(us): 31957, Min(us): 30928, Max(us): 37759, 50th(us): 31695, 90th(us): 32831, 95th(us): 32991, 99th(us): 33343, 99.9th(us): 34079, 99.99th(us): 37759
INSERT - Takes(s): 140.0, Count: 4368, OPS: 31.2, Avg(us): 31951, Min(us): 30928, Max(us): 37759, 50th(us): 31695, 90th(us): 32799, 95th(us): 32991, 99th(us): 33311, 99.9th(us): 34079, 99.99th(us): 37759
TOTAL  - Takes(s): 140.0, Count: 4368, OPS: 31.2, Avg(us): 31951, Min(us): 30928, Max(us): 37759, 50th(us): 31695, 90th(us): 32799, 95th(us): 32991, 99th(us): 33311, 99.9th(us): 34079, 99.99th(us): 37759
INSERT - Takes(s): 150.0, Count: 4680, OPS: 31.2, Avg(us): 31952, Min(us): 30928, Max(us): 37759, 50th(us): 31695, 90th(us): 32831, 95th(us): 32959, 99th(us): 33311, 99.9th(us): 34047, 99.99th(us): 37759
TOTAL  - Takes(s): 150.0, Count: 4680, OPS: 31.2, Avg(us): 31952, Min(us): 30928, Max(us): 37759, 50th(us): 31695, 90th(us): 32831, 95th(us): 32959, 99th(us): 33311, 99.9th(us): 34047, 99.99th(us): 37759
INSERT - Takes(s): 160.0, Count: 4993, OPS: 31.2, Avg(us): 31948, Min(us): 30928, Max(us): 37759, 50th(us): 31695, 90th(us): 32799, 95th(us): 32959, 99th(us): 33311, 99.9th(us): 34047, 99.99th(us): 37759
TOTAL  - Takes(s): 160.0, Count: 4993, OPS: 31.2, Avg(us): 31948, Min(us): 30928, Max(us): 37759, 50th(us): 31695, 90th(us): 32799, 95th(us): 32959, 99th(us): 33311, 99.9th(us): 34047, 99.99th(us): 37759
INSERT - Takes(s): 170.0, Count: 5306, OPS: 31.2, Avg(us): 31944, Min(us): 30928, Max(us): 37759, 50th(us): 31695, 90th(us): 32799, 95th(us): 32959, 99th(us): 33311, 99.9th(us): 34047, 99.99th(us): 35135
TOTAL  - Takes(s): 170.0, Count: 5306, OPS: 31.2, Avg(us): 31944, Min(us): 30928, Max(us): 37759, 50th(us): 31695, 90th(us): 32799, 95th(us): 32959, 99th(us): 33311, 99.9th(us): 34047, 99.99th(us): 35135
INSERT - Takes(s): 180.0, Count: 5618, OPS: 31.2, Avg(us): 31943, Min(us): 30928, Max(us): 37759, 50th(us): 31679, 90th(us): 32799, 95th(us): 32959, 99th(us): 33311, 99.9th(us): 33983, 99.99th(us): 35135
TOTAL  - Takes(s): 180.0, Count: 5618, OPS: 31.2, Avg(us): 31943, Min(us): 30928, Max(us): 37759, 50th(us): 31679, 90th(us): 32799, 95th(us): 32959, 99th(us): 33311, 99.9th(us): 33983, 99.99th(us): 35135
INSERT - Takes(s): 190.0, Count: 5931, OPS: 31.2, Avg(us): 31939, Min(us): 30928, Max(us): 37759, 50th(us): 31679, 90th(us): 32799, 95th(us): 32959, 99th(us): 33311, 99.9th(us): 33983, 99.99th(us): 35135
TOTAL  - Takes(s): 190.0, Count: 5931, OPS: 31.2, Avg(us): 31939, Min(us): 30928, Max(us): 37759, 50th(us): 31679, 90th(us): 32799, 95th(us): 32959, 99th(us): 33311, 99.9th(us): 33983, 99.99th(us): 35135
INSERT - Takes(s): 200.0, Count: 6244, OPS: 31.2, Avg(us): 31937, Min(us): 30928, Max(us): 37759, 50th(us): 31679, 90th(us): 32799, 95th(us): 32959, 99th(us): 33311, 99.9th(us): 33983, 99.99th(us): 35135
TOTAL  - Takes(s): 200.0, Count: 6244, OPS: 31.2, Avg(us): 31937, Min(us): 30928, Max(us): 37759, 50th(us): 31679, 90th(us): 32799, 95th(us): 32959, 99th(us): 33311, 99.9th(us): 33983, 99.99th(us): 35135
INSERT - Takes(s): 210.0, Count: 6557, OPS: 31.2, Avg(us): 31932, Min(us): 30928, Max(us): 37759, 50th(us): 31679, 90th(us): 32799, 95th(us): 32959, 99th(us): 33311, 99.9th(us): 33951, 99.99th(us): 35135
TOTAL  - Takes(s): 210.0, Count: 6557, OPS: 31.2, Avg(us): 31932, Min(us): 30928, Max(us): 37759, 50th(us): 31679, 90th(us): 32799, 95th(us): 32959, 99th(us): 33311, 99.9th(us): 33951, 99.99th(us): 35135
INSERT - Takes(s): 220.0, Count: 6869, OPS: 31.2, Avg(us): 31931, Min(us): 30928, Max(us): 37759, 50th(us): 31679, 90th(us): 32799, 95th(us): 32959, 99th(us): 33279, 99.9th(us): 33983, 99.99th(us): 35135
TOTAL  - Takes(s): 220.0, Count: 6869, OPS: 31.2, Avg(us): 31931, Min(us): 30928, Max(us): 37759, 50th(us): 31679, 90th(us): 32799, 95th(us): 32959, 99th(us): 33279, 99.9th(us): 33983, 99.99th(us): 35135
INSERT - Takes(s): 230.0, Count: 7181, OPS: 31.2, Avg(us): 31931, Min(us): 30928, Max(us): 37759, 50th(us): 31679, 90th(us): 32799, 95th(us): 32959, 99th(us): 33279, 99.9th(us): 33983, 99.99th(us): 35135
TOTAL  - Takes(s): 230.0, Count: 7181, OPS: 31.2, Avg(us): 31931, Min(us): 30928, Max(us): 37759, 50th(us): 31679, 90th(us): 32799, 95th(us): 32959, 99th(us): 33279, 99.9th(us): 33983, 99.99th(us): 35135
INSERT - Takes(s): 240.0, Count: 7494, OPS: 31.2, Avg(us): 31928, Min(us): 30928, Max(us): 37759, 50th(us): 31679, 90th(us): 32799, 95th(us): 32959, 99th(us): 33279, 99.9th(us): 33983, 99.99th(us): 35135
TOTAL  - Takes(s): 240.0, Count: 7494, OPS: 31.2, Avg(us): 31928, Min(us): 30928, Max(us): 37759, 50th(us): 31679, 90th(us): 32799, 95th(us): 32959, 99th(us): 33279, 99.9th(us): 33983, 99.99th(us): 35135
INSERT - Takes(s): 250.0, Count: 7807, OPS: 31.2, Avg(us): 31928, Min(us): 30928, Max(us): 37759, 50th(us): 31663, 90th(us): 32799, 95th(us): 32959, 99th(us): 33279, 99.9th(us): 33951, 99.99th(us): 35135
TOTAL  - Takes(s): 250.0, Count: 7807, OPS: 31.2, Avg(us): 31928, Min(us): 30928, Max(us): 37759, 50th(us): 31663, 90th(us): 32799, 95th(us): 32959, 99th(us): 33279, 99.9th(us): 33951, 99.99th(us): 35135
INSERT - Takes(s): 260.0, Count: 8119, OPS: 31.2, Avg(us): 31927, Min(us): 30928, Max(us): 37759, 50th(us): 31663, 90th(us): 32799, 95th(us): 32959, 99th(us): 33279, 99.9th(us): 34047, 99.99th(us): 35135
TOTAL  - Takes(s): 260.0, Count: 8119, OPS: 31.2, Avg(us): 31927, Min(us): 30928, Max(us): 37759, 50th(us): 31663, 90th(us): 32799, 95th(us): 32959, 99th(us): 33279, 99.9th(us): 34047, 99.99th(us): 35135
INSERT - Takes(s): 270.0, Count: 8432, OPS: 31.2, Avg(us): 31924, Min(us): 30928, Max(us): 37759, 50th(us): 31663, 90th(us): 32799, 95th(us): 32959, 99th(us): 33279, 99.9th(us): 34079, 99.99th(us): 35327
TOTAL  - Takes(s): 270.0, Count: 8432, OPS: 31.2, Avg(us): 31924, Min(us): 30928, Max(us): 37759, 50th(us): 31663, 90th(us): 32799, 95th(us): 32959, 99th(us): 33279, 99.9th(us): 34079, 99.99th(us): 35327
INSERT - Takes(s): 280.0, Count: 8745, OPS: 31.2, Avg(us): 31924, Min(us): 30832, Max(us): 37759, 50th(us): 31663, 90th(us): 32799, 95th(us): 32959, 99th(us): 33279, 99.9th(us): 34079, 99.99th(us): 35519
TOTAL  - Takes(s): 280.0, Count: 8745, OPS: 31.2, Avg(us): 31924, Min(us): 30832, Max(us): 37759, 50th(us): 31663, 90th(us): 32799, 95th(us): 32959, 99th(us): 33279, 99.9th(us): 34079, 99.99th(us): 35519
INSERT - Takes(s): 290.0, Count: 9058, OPS: 31.2, Avg(us): 31921, Min(us): 30832, Max(us): 37759, 50th(us): 31663, 90th(us): 32799, 95th(us): 32927, 99th(us): 33279, 99.9th(us): 34079, 99.99th(us): 35519
TOTAL  - Takes(s): 290.0, Count: 9058, OPS: 31.2, Avg(us): 31921, Min(us): 30832, Max(us): 37759, 50th(us): 31663, 90th(us): 32799, 95th(us): 32927, 99th(us): 33279, 99.9th(us): 34079, 99.99th(us): 35519
INSERT - Takes(s): 300.0, Count: 9370, OPS: 31.2, Avg(us): 31921, Min(us): 30832, Max(us): 37759, 50th(us): 31663, 90th(us): 32799, 95th(us): 32927, 99th(us): 33279, 99.9th(us): 34079, 99.99th(us): 35519
TOTAL  - Takes(s): 300.0, Count: 9370, OPS: 31.2, Avg(us): 31921, Min(us): 30832, Max(us): 37759, 50th(us): 31663, 90th(us): 32799, 95th(us): 32927, 99th(us): 33279, 99.9th(us): 34079, 99.99th(us): 35519
INSERT - Takes(s): 310.0, Count: 9683, OPS: 31.2, Avg(us): 31920, Min(us): 30832, Max(us): 37759, 50th(us): 31663, 90th(us): 32799, 95th(us): 32927, 99th(us): 33279, 99.9th(us): 34047, 99.99th(us): 35519
TOTAL  - Takes(s): 310.0, Count: 9683, OPS: 31.2, Avg(us): 31920, Min(us): 30832, Max(us): 37759, 50th(us): 31663, 90th(us): 32799, 95th(us): 32927, 99th(us): 33279, 99.9th(us): 34047, 99.99th(us): 35519
INSERT - Takes(s): 320.0, Count: 9996, OPS: 31.2, Avg(us): 31918, Min(us): 30832, Max(us): 37759, 50th(us): 31663, 90th(us): 32799, 95th(us): 32927, 99th(us): 33279, 99.9th(us): 34079, 99.99th(us): 35519
TOTAL  - Takes(s): 320.0, Count: 9996, OPS: 31.2, Avg(us): 31918, Min(us): 30832, Max(us): 37759, 50th(us): 31663, 90th(us): 32799, 95th(us): 32927, 99th(us): 33279, 99.9th(us): 34079, 99.99th(us): 35519
INSERT - Takes(s): 330.0, Count: 10308, OPS: 31.2, Avg(us): 31918, Min(us): 30784, Max(us): 37759, 50th(us): 31663, 90th(us): 32799, 95th(us): 32927, 99th(us): 33279, 99.9th(us): 34079, 99.99th(us): 35519
TOTAL  - Takes(s): 330.0, Count: 10308, OPS: 31.2, Avg(us): 31918, Min(us): 30784, Max(us): 37759, 50th(us): 31663, 90th(us): 32799, 95th(us): 32927, 99th(us): 33279, 99.9th(us): 34079, 99.99th(us): 35519
INSERT - Takes(s): 340.0, Count: 10622, OPS: 31.2, Avg(us): 31914, Min(us): 30784, Max(us): 37759, 50th(us): 31647, 90th(us): 32767, 95th(us): 32927, 99th(us): 33279, 99.9th(us): 34047, 99.99th(us): 35519
TOTAL  - Takes(s): 340.0, Count: 10622, OPS: 31.2, Avg(us): 31914, Min(us): 30784, Max(us): 37759, 50th(us): 31647, 90th(us): 32767, 95th(us): 32927, 99th(us): 33279, 99.9th(us): 34047, 99.99th(us): 35519
INSERT - Takes(s): 350.0, Count: 10935, OPS: 31.2, Avg(us): 31912, Min(us): 30784, Max(us): 37759, 50th(us): 31647, 90th(us): 32767, 95th(us): 32927, 99th(us): 33247, 99.9th(us): 34047, 99.99th(us): 35519
TOTAL  - Takes(s): 350.0, Count: 10935, OPS: 31.2, Avg(us): 31912, Min(us): 30784, Max(us): 37759, 50th(us): 31647, 90th(us): 32767, 95th(us): 32927, 99th(us): 33247, 99.9th(us): 34047, 99.99th(us): 35519
INSERT - Takes(s): 360.0, Count: 11249, OPS: 31.3, Avg(us): 31909, Min(us): 30784, Max(us): 37759, 50th(us): 31647, 90th(us): 32767, 95th(us): 32927, 99th(us): 33247, 99.9th(us): 34047, 99.99th(us): 35519
TOTAL  - Takes(s): 360.0, Count: 11249, OPS: 31.3, Avg(us): 31909, Min(us): 30784, Max(us): 37759, 50th(us): 31647, 90th(us): 32767, 95th(us): 32927, 99th(us): 33247, 99.9th(us): 34047, 99.99th(us): 35519
INSERT - Takes(s): 370.0, Count: 11562, OPS: 31.3, Avg(us): 31906, Min(us): 30784, Max(us): 37759, 50th(us): 31647, 90th(us): 32767, 95th(us): 32927, 99th(us): 33247, 99.9th(us): 33983, 99.99th(us): 35519
TOTAL  - Takes(s): 370.0, Count: 11562, OPS: 31.3, Avg(us): 31906, Min(us): 30784, Max(us): 37759, 50th(us): 31647, 90th(us): 32767, 95th(us): 32927, 99th(us): 33247, 99.9th(us): 33983, 99.99th(us): 35519
INSERT - Takes(s): 380.0, Count: 11875, OPS: 31.3, Avg(us): 31904, Min(us): 30784, Max(us): 37759, 50th(us): 31647, 90th(us): 32767, 95th(us): 32927, 99th(us): 33247, 99.9th(us): 33983, 99.99th(us): 35519
TOTAL  - Takes(s): 380.0, Count: 11875, OPS: 31.3, Avg(us): 31904, Min(us): 30784, Max(us): 37759, 50th(us): 31647, 90th(us): 32767, 95th(us): 32927, 99th(us): 33247, 99.9th(us): 33983, 99.99th(us): 35519
INSERT - Takes(s): 390.0, Count: 12189, OPS: 31.3, Avg(us): 31902, Min(us): 30784, Max(us): 37759, 50th(us): 31647, 90th(us): 32767, 95th(us): 32927, 99th(us): 33247, 99.9th(us): 33983, 99.99th(us): 35519
TOTAL  - Takes(s): 390.0, Count: 12189, OPS: 31.3, Avg(us): 31902, Min(us): 30784, Max(us): 37759, 50th(us): 31647, 90th(us): 32767, 95th(us): 32927, 99th(us): 33247, 99.9th(us): 33983, 99.99th(us): 35519
INSERT - Takes(s): 400.0, Count: 12502, OPS: 31.3, Avg(us): 31901, Min(us): 30784, Max(us): 37759, 50th(us): 31647, 90th(us): 32751, 95th(us): 32927, 99th(us): 33247, 99.9th(us): 33951, 99.99th(us): 35519
TOTAL  - Takes(s): 400.0, Count: 12502, OPS: 31.3, Avg(us): 31901, Min(us): 30784, Max(us): 37759, 50th(us): 31647, 90th(us): 32751, 95th(us): 32927, 99th(us): 33247, 99.9th(us): 33951, 99.99th(us): 35519
INSERT - Takes(s): 410.0, Count: 12814, OPS: 31.3, Avg(us): 31902, Min(us): 30784, Max(us): 37759, 50th(us): 31647, 90th(us): 32767, 95th(us): 32927, 99th(us): 33247, 99.9th(us): 33951, 99.99th(us): 35519
TOTAL  - Takes(s): 410.0, Count: 12814, OPS: 31.3, Avg(us): 31902, Min(us): 30784, Max(us): 37759, 50th(us): 31647, 90th(us): 32767, 95th(us): 32927, 99th(us): 33247, 99.9th(us): 33951, 99.99th(us): 35519
INSERT - Takes(s): 420.0, Count: 13127, OPS: 31.3, Avg(us): 31901, Min(us): 30784, Max(us): 37759, 50th(us): 31647, 90th(us): 32751, 95th(us): 32927, 99th(us): 33247, 99.9th(us): 33951, 99.99th(us): 35519
TOTAL  - Takes(s): 420.0, Count: 13127, OPS: 31.3, Avg(us): 31901, Min(us): 30784, Max(us): 37759, 50th(us): 31647, 90th(us): 32751, 95th(us): 32927, 99th(us): 33247, 99.9th(us): 33951, 99.99th(us): 35519
INSERT - Takes(s): 430.0, Count: 13439, OPS: 31.3, Avg(us): 31902, Min(us): 30784, Max(us): 37759, 50th(us): 31647, 90th(us): 32767, 95th(us): 32927, 99th(us): 33247, 99.9th(us): 33951, 99.99th(us): 35519
TOTAL  - Takes(s): 430.0, Count: 13439, OPS: 31.3, Avg(us): 31902, Min(us): 30784, Max(us): 37759, 50th(us): 31647, 90th(us): 32767, 95th(us): 32927, 99th(us): 33247, 99.9th(us): 33951, 99.99th(us): 35519
INSERT - Takes(s): 440.0, Count: 13752, OPS: 31.3, Avg(us): 31901, Min(us): 30784, Max(us): 37759, 50th(us): 31647, 90th(us): 32767, 95th(us): 32927, 99th(us): 33247, 99.9th(us): 33951, 99.99th(us): 35519
TOTAL  - Takes(s): 440.0, Count: 13752, OPS: 31.3, Avg(us): 31901, Min(us): 30784, Max(us): 37759, 50th(us): 31647, 90th(us): 32767, 95th(us): 32927, 99th(us): 33247, 99.9th(us): 33951, 99.99th(us): 35519
INSERT - Takes(s): 450.0, Count: 14065, OPS: 31.3, Avg(us): 31900, Min(us): 30784, Max(us): 37759, 50th(us): 31647, 90th(us): 32751, 95th(us): 32927, 99th(us): 33247, 99.9th(us): 33951, 99.99th(us): 36031
TOTAL  - Takes(s): 450.0, Count: 14065, OPS: 31.3, Avg(us): 31900, Min(us): 30784, Max(us): 37759, 50th(us): 31647, 90th(us): 32751, 95th(us): 32927, 99th(us): 33247, 99.9th(us): 33951, 99.99th(us): 36031
INSERT - Takes(s): 460.0, Count: 14378, OPS: 31.3, Avg(us): 31899, Min(us): 30784, Max(us): 37759, 50th(us): 31647, 90th(us): 32751, 95th(us): 32927, 99th(us): 33247, 99.9th(us): 33983, 99.99th(us): 36479
TOTAL  - Takes(s): 460.0, Count: 14378, OPS: 31.3, Avg(us): 31899, Min(us): 30784, Max(us): 37759, 50th(us): 31647, 90th(us): 32751, 95th(us): 32927, 99th(us): 33247, 99.9th(us): 33983, 99.99th(us): 36479
INSERT - Takes(s): 470.0, Count: 14692, OPS: 31.3, Avg(us): 31896, Min(us): 30784, Max(us): 37759, 50th(us): 31647, 90th(us): 32751, 95th(us): 32927, 99th(us): 33247, 99.9th(us): 33951, 99.99th(us): 36479
TOTAL  - Takes(s): 470.0, Count: 14692, OPS: 31.3, Avg(us): 31896, Min(us): 30784, Max(us): 37759, 50th(us): 31647, 90th(us): 32751, 95th(us): 32927, 99th(us): 33247, 99.9th(us): 33951, 99.99th(us): 36479
INSERT - Takes(s): 480.0, Count: 15005, OPS: 31.3, Avg(us): 31895, Min(us): 30784, Max(us): 37759, 50th(us): 31647, 90th(us): 32751, 95th(us): 32927, 99th(us): 33247, 99.9th(us): 33951, 99.99th(us): 36031
TOTAL  - Takes(s): 480.0, Count: 15005, OPS: 31.3, Avg(us): 31895, Min(us): 30784, Max(us): 37759, 50th(us): 31647, 90th(us): 32751, 95th(us): 32927, 99th(us): 33247, 99.9th(us): 33951, 99.99th(us): 36031
INSERT - Takes(s): 490.0, Count: 15319, OPS: 31.3, Avg(us): 31893, Min(us): 30784, Max(us): 37759, 50th(us): 31647, 90th(us): 32751, 95th(us): 32927, 99th(us): 33247, 99.9th(us): 33951, 99.99th(us): 36031
TOTAL  - Takes(s): 490.0, Count: 15319, OPS: 31.3, Avg(us): 31893, Min(us): 30784, Max(us): 37759, 50th(us): 31647, 90th(us): 32751, 95th(us): 32927, 99th(us): 33247, 99.9th(us): 33951, 99.99th(us): 36031
INSERT - Takes(s): 500.0, Count: 15632, OPS: 31.3, Avg(us): 31892, Min(us): 30784, Max(us): 40991, 50th(us): 31631, 90th(us): 32751, 95th(us): 32927, 99th(us): 33247, 99.9th(us): 33951, 99.99th(us): 36479
TOTAL  - Takes(s): 500.0, Count: 15632, OPS: 31.3, Avg(us): 31892, Min(us): 30784, Max(us): 40991, 50th(us): 31631, 90th(us): 32751, 95th(us): 32927, 99th(us): 33247, 99.9th(us): 33951, 99.99th(us): 36479
INSERT - Takes(s): 510.0, Count: 15944, OPS: 31.3, Avg(us): 31893, Min(us): 30784, Max(us): 40991, 50th(us): 31631, 90th(us): 32751, 95th(us): 32927, 99th(us): 33247, 99.9th(us): 33983, 99.99th(us): 36479
TOTAL  - Takes(s): 510.0, Count: 15944, OPS: 31.3, Avg(us): 31893, Min(us): 30784, Max(us): 40991, 50th(us): 31631, 90th(us): 32751, 95th(us): 32927, 99th(us): 33247, 99.9th(us): 33983, 99.99th(us): 36479
INSERT - Takes(s): 520.0, Count: 16256, OPS: 31.3, Avg(us): 31894, Min(us): 30784, Max(us): 40991, 50th(us): 31647, 90th(us): 32751, 95th(us): 32927, 99th(us): 33247, 99.9th(us): 33983, 99.99th(us): 36479
TOTAL  - Takes(s): 520.0, Count: 16256, OPS: 31.3, Avg(us): 31894, Min(us): 30784, Max(us): 40991, 50th(us): 31647, 90th(us): 32751, 95th(us): 32927, 99th(us): 33247, 99.9th(us): 33983, 99.99th(us): 36479
INSERT - Takes(s): 530.0, Count: 16568, OPS: 31.3, Avg(us): 31894, Min(us): 30784, Max(us): 40991, 50th(us): 31647, 90th(us): 32751, 95th(us): 32927, 99th(us): 33247, 99.9th(us): 33983, 99.99th(us): 36479
TOTAL  - Takes(s): 530.0, Count: 16568, OPS: 31.3, Avg(us): 31894, Min(us): 30784, Max(us): 40991, 50th(us): 31647, 90th(us): 32751, 95th(us): 32927, 99th(us): 33247, 99.9th(us): 33983, 99.99th(us): 36479
INSERT - Takes(s): 540.0, Count: 16881, OPS: 31.3, Avg(us): 31895, Min(us): 30784, Max(us): 40991, 50th(us): 31647, 90th(us): 32751, 95th(us): 32927, 99th(us): 33247, 99.9th(us): 33983, 99.99th(us): 36479
TOTAL  - Takes(s): 540.0, Count: 16881, OPS: 31.3, Avg(us): 31895, Min(us): 30784, Max(us): 40991, 50th(us): 31647, 90th(us): 32751, 95th(us): 32927, 99th(us): 33247, 99.9th(us): 33983, 99.99th(us): 36479
INSERT - Takes(s): 550.0, Count: 17193, OPS: 31.3, Avg(us): 31894, Min(us): 30784, Max(us): 40991, 50th(us): 31647, 90th(us): 32751, 95th(us): 32927, 99th(us): 33247, 99.9th(us): 33983, 99.99th(us): 36479
TOTAL  - Takes(s): 550.0, Count: 17193, OPS: 31.3, Avg(us): 31894, Min(us): 30784, Max(us): 40991, 50th(us): 31647, 90th(us): 32751, 95th(us): 32927, 99th(us): 33247, 99.9th(us): 33983, 99.99th(us): 36479
INSERT - Takes(s): 560.0, Count: 17506, OPS: 31.3, Avg(us): 31895, Min(us): 30784, Max(us): 40991, 50th(us): 31647, 90th(us): 32751, 95th(us): 32927, 99th(us): 33247, 99.9th(us): 33983, 99.99th(us): 36479
TOTAL  - Takes(s): 560.0, Count: 17506, OPS: 31.3, Avg(us): 31895, Min(us): 30784, Max(us): 40991, 50th(us): 31647, 90th(us): 32751, 95th(us): 32927, 99th(us): 33247, 99.9th(us): 33983, 99.99th(us): 36479
INSERT - Takes(s): 570.0, Count: 17820, OPS: 31.3, Avg(us): 31893, Min(us): 30784, Max(us): 40991, 50th(us): 31647, 90th(us): 32751, 95th(us): 32927, 99th(us): 33247, 99.9th(us): 33983, 99.99th(us): 36479
TOTAL  - Takes(s): 570.0, Count: 17820, OPS: 31.3, Avg(us): 31893, Min(us): 30784, Max(us): 40991, 50th(us): 31647, 90th(us): 32751, 95th(us): 32927, 99th(us): 33247, 99.9th(us): 33983, 99.99th(us): 36479
INSERT - Takes(s): 580.0, Count: 18133, OPS: 31.3, Avg(us): 31891, Min(us): 30784, Max(us): 40991, 50th(us): 31647, 90th(us): 32751, 95th(us): 32927, 99th(us): 33247, 99.9th(us): 33983, 99.99th(us): 36479
TOTAL  - Takes(s): 580.0, Count: 18133, OPS: 31.3, Avg(us): 31891, Min(us): 30784, Max(us): 40991, 50th(us): 31647, 90th(us): 32751, 95th(us): 32927, 99th(us): 33247, 99.9th(us): 33983, 99.99th(us): 36479
INSERT - Takes(s): 590.0, Count: 18446, OPS: 31.3, Avg(us): 31890, Min(us): 30784, Max(us): 40991, 50th(us): 31631, 90th(us): 32751, 95th(us): 32927, 99th(us): 33247, 99.9th(us): 33983, 99.99th(us): 36479
TOTAL  - Takes(s): 590.0, Count: 18446, OPS: 31.3, Avg(us): 31890, Min(us): 30784, Max(us): 40991, 50th(us): 31631, 90th(us): 32751, 95th(us): 32927, 99th(us): 33247, 99.9th(us): 33983, 99.99th(us): 36479
INSERT - Takes(s): 600.0, Count: 18760, OPS: 31.3, Avg(us): 31889, Min(us): 30784, Max(us): 40991, 50th(us): 31631, 90th(us): 32735, 95th(us): 32895, 99th(us): 33247, 99.9th(us): 33951, 99.99th(us): 36479
TOTAL  - Takes(s): 600.0, Count: 18760, OPS: 31.3, Avg(us): 31889, Min(us): 30784, Max(us): 40991, 50th(us): 31631, 90th(us): 32735, 95th(us): 32895, 99th(us): 33247, 99.9th(us): 33951, 99.99th(us): 36479
INSERT - Takes(s): 610.0, Count: 19073, OPS: 31.3, Avg(us): 31888, Min(us): 30784, Max(us): 40991, 50th(us): 31631, 90th(us): 32735, 95th(us): 32895, 99th(us): 33247, 99.9th(us): 33951, 99.99th(us): 36479
TOTAL  - Takes(s): 610.0, Count: 19073, OPS: 31.3, Avg(us): 31888, Min(us): 30784, Max(us): 40991, 50th(us): 31631, 90th(us): 32735, 95th(us): 32895, 99th(us): 33247, 99.9th(us): 33951, 99.99th(us): 36479
INSERT - Takes(s): 620.0, Count: 19386, OPS: 31.3, Avg(us): 31887, Min(us): 30784, Max(us): 40991, 50th(us): 31631, 90th(us): 32735, 95th(us): 32895, 99th(us): 33247, 99.9th(us): 33983, 99.99th(us): 37759
TOTAL  - Takes(s): 620.0, Count: 19386, OPS: 31.3, Avg(us): 31887, Min(us): 30784, Max(us): 40991, 50th(us): 31631, 90th(us): 32735, 95th(us): 32895, 99th(us): 33247, 99.9th(us): 33983, 99.99th(us): 37759
INSERT - Takes(s): 630.0, Count: 19700, OPS: 31.3, Avg(us): 31886, Min(us): 30784, Max(us): 40991, 50th(us): 31631, 90th(us): 32735, 95th(us): 32895, 99th(us): 33247, 99.9th(us): 33951, 99.99th(us): 37759
TOTAL  - Takes(s): 630.0, Count: 19700, OPS: 31.3, Avg(us): 31886, Min(us): 30784, Max(us): 40991, 50th(us): 31631, 90th(us): 32735, 95th(us): 32895, 99th(us): 33247, 99.9th(us): 33951, 99.99th(us): 37759
INSERT - Takes(s): 640.0, Count: 20013, OPS: 31.3, Avg(us): 31884, Min(us): 30784, Max(us): 40991, 50th(us): 31631, 90th(us): 32735, 95th(us): 32895, 99th(us): 33247, 99.9th(us): 33951, 99.99th(us): 37759
TOTAL  - Takes(s): 640.0, Count: 20013, OPS: 31.3, Avg(us): 31884, Min(us): 30784, Max(us): 40991, 50th(us): 31631, 90th(us): 32735, 95th(us): 32895, 99th(us): 33247, 99.9th(us): 33951, 99.99th(us): 37759
INSERT - Takes(s): 650.0, Count: 20327, OPS: 31.3, Avg(us): 31883, Min(us): 30784, Max(us): 40991, 50th(us): 31631, 90th(us): 32735, 95th(us): 32895, 99th(us): 33247, 99.9th(us): 33983, 99.99th(us): 37759
TOTAL  - Takes(s): 650.0, Count: 20327, OPS: 31.3, Avg(us): 31883, Min(us): 30784, Max(us): 40991, 50th(us): 31631, 90th(us): 32735, 95th(us): 32895, 99th(us): 33247, 99.9th(us): 33983, 99.99th(us): 37759
INSERT - Takes(s): 660.0, Count: 20640, OPS: 31.3, Avg(us): 31882, Min(us): 30784, Max(us): 40991, 50th(us): 31631, 90th(us): 32735, 95th(us): 32895, 99th(us): 33247, 99.9th(us): 33951, 99.99th(us): 37759
TOTAL  - Takes(s): 660.0, Count: 20640, OPS: 31.3, Avg(us): 31882, Min(us): 30784, Max(us): 40991, 50th(us): 31631, 90th(us): 32735, 95th(us): 32895, 99th(us): 33247, 99.9th(us): 33951, 99.99th(us): 37759
INSERT - Takes(s): 670.0, Count: 20953, OPS: 31.3, Avg(us): 31881, Min(us): 30784, Max(us): 40991, 50th(us): 31631, 90th(us): 32735, 95th(us): 32895, 99th(us): 33247, 99.9th(us): 33951, 99.99th(us): 37759
TOTAL  - Takes(s): 670.0, Count: 20953, OPS: 31.3, Avg(us): 31881, Min(us): 30784, Max(us): 40991, 50th(us): 31631, 90th(us): 32735, 95th(us): 32895, 99th(us): 33247, 99.9th(us): 33951, 99.99th(us): 37759
INSERT - Takes(s): 680.0, Count: 21266, OPS: 31.3, Avg(us): 31881, Min(us): 30784, Max(us): 40991, 50th(us): 31631, 90th(us): 32735, 95th(us): 32895, 99th(us): 33247, 99.9th(us): 33951, 99.99th(us): 37759
TOTAL  - Takes(s): 680.0, Count: 21266, OPS: 31.3, Avg(us): 31881, Min(us): 30784, Max(us): 40991, 50th(us): 31631, 90th(us): 32735, 95th(us): 32895, 99th(us): 33247, 99.9th(us): 33951, 99.99th(us): 37759
INSERT - Takes(s): 690.0, Count: 21579, OPS: 31.3, Avg(us): 31881, Min(us): 30784, Max(us): 40991, 50th(us): 31631, 90th(us): 32735, 95th(us): 32895, 99th(us): 33247, 99.9th(us): 33951, 99.99th(us): 37759
TOTAL  - Takes(s): 690.0, Count: 21579, OPS: 31.3, Avg(us): 31881, Min(us): 30784, Max(us): 40991, 50th(us): 31631, 90th(us): 32735, 95th(us): 32895, 99th(us): 33247, 99.9th(us): 33951, 99.99th(us): 37759
INSERT - Takes(s): 700.0, Count: 21892, OPS: 31.3, Avg(us): 31881, Min(us): 30784, Max(us): 40991, 50th(us): 31631, 90th(us): 32735, 95th(us): 32895, 99th(us): 33247, 99.9th(us): 33951, 99.99th(us): 37759
TOTAL  - Takes(s): 700.0, Count: 21892, OPS: 31.3, Avg(us): 31881, Min(us): 30784, Max(us): 40991, 50th(us): 31631, 90th(us): 32735, 95th(us): 32895, 99th(us): 33247, 99.9th(us): 33951, 99.99th(us): 37759
INSERT - Takes(s): 710.0, Count: 22204, OPS: 31.3, Avg(us): 31882, Min(us): 30784, Max(us): 40991, 50th(us): 31631, 90th(us): 32735, 95th(us): 32895, 99th(us): 33247, 99.9th(us): 33951, 99.99th(us): 37759
TOTAL  - Takes(s): 710.0, Count: 22204, OPS: 31.3, Avg(us): 31882, Min(us): 30784, Max(us): 40991, 50th(us): 31631, 90th(us): 32735, 95th(us): 32895, 99th(us): 33247, 99.9th(us): 33951, 99.99th(us): 37759
INSERT - Takes(s): 720.0, Count: 22516, OPS: 31.3, Avg(us): 31883, Min(us): 30784, Max(us): 40991, 50th(us): 31631, 90th(us): 32735, 95th(us): 32895, 99th(us): 33247, 99.9th(us): 33951, 99.99th(us): 37759
TOTAL  - Takes(s): 720.0, Count: 22516, OPS: 31.3, Avg(us): 31883, Min(us): 30784, Max(us): 40991, 50th(us): 31631, 90th(us): 32735, 95th(us): 32895, 99th(us): 33247, 99.9th(us): 33951, 99.99th(us): 37759
INSERT - Takes(s): 730.0, Count: 22829, OPS: 31.3, Avg(us): 31883, Min(us): 30784, Max(us): 40991, 50th(us): 31631, 90th(us): 32735, 95th(us): 32895, 99th(us): 33247, 99.9th(us): 33951, 99.99th(us): 37759
TOTAL  - Takes(s): 730.0, Count: 22829, OPS: 31.3, Avg(us): 31883, Min(us): 30784, Max(us): 40991, 50th(us): 31631, 90th(us): 32735, 95th(us): 32895, 99th(us): 33247, 99.9th(us): 33951, 99.99th(us): 37759
INSERT - Takes(s): 740.0, Count: 23142, OPS: 31.3, Avg(us): 31883, Min(us): 30784, Max(us): 40991, 50th(us): 31631, 90th(us): 32735, 95th(us): 32895, 99th(us): 33247, 99.9th(us): 33951, 99.99th(us): 37759
TOTAL  - Takes(s): 740.0, Count: 23142, OPS: 31.3, Avg(us): 31883, Min(us): 30784, Max(us): 40991, 50th(us): 31631, 90th(us): 32735, 95th(us): 32895, 99th(us): 33247, 99.9th(us): 33951, 99.99th(us): 37759
INSERT - Takes(s): 750.0, Count: 23455, OPS: 31.3, Avg(us): 31882, Min(us): 30784, Max(us): 40991, 50th(us): 31631, 90th(us): 32735, 95th(us): 32895, 99th(us): 33247, 99.9th(us): 33951, 99.99th(us): 37759
TOTAL  - Takes(s): 750.0, Count: 23455, OPS: 31.3, Avg(us): 31882, Min(us): 30784, Max(us): 40991, 50th(us): 31631, 90th(us): 32735, 95th(us): 32895, 99th(us): 33247, 99.9th(us): 33951, 99.99th(us): 37759
INSERT - Takes(s): 760.0, Count: 23769, OPS: 31.3, Avg(us): 31881, Min(us): 30768, Max(us): 40991, 50th(us): 31631, 90th(us): 32735, 95th(us): 32895, 99th(us): 33247, 99.9th(us): 33951, 99.99th(us): 37759
TOTAL  - Takes(s): 760.0, Count: 23769, OPS: 31.3, Avg(us): 31881, Min(us): 30768, Max(us): 40991, 50th(us): 31631, 90th(us): 32735, 95th(us): 32895, 99th(us): 33247, 99.9th(us): 33951, 99.99th(us): 37759
INSERT - Takes(s): 770.0, Count: 24081, OPS: 31.3, Avg(us): 31880, Min(us): 30768, Max(us): 40991, 50th(us): 31631, 90th(us): 32735, 95th(us): 32895, 99th(us): 33247, 99.9th(us): 33951, 99.99th(us): 37759
TOTAL  - Takes(s): 770.0, Count: 24081, OPS: 31.3, Avg(us): 31880, Min(us): 30768, Max(us): 40991, 50th(us): 31631, 90th(us): 32735, 95th(us): 32895, 99th(us): 33247, 99.9th(us): 33951, 99.99th(us): 37759
INSERT - Takes(s): 780.0, Count: 24395, OPS: 31.3, Avg(us): 31879, Min(us): 30768, Max(us): 40991, 50th(us): 31631, 90th(us): 32735, 95th(us): 32895, 99th(us): 33247, 99.9th(us): 33951, 99.99th(us): 37759
TOTAL  - Takes(s): 780.0, Count: 24395, OPS: 31.3, Avg(us): 31879, Min(us): 30768, Max(us): 40991, 50th(us): 31631, 90th(us): 32735, 95th(us): 32895, 99th(us): 33247, 99.9th(us): 33951, 99.99th(us): 37759
INSERT - Takes(s): 790.0, Count: 24707, OPS: 31.3, Avg(us): 31880, Min(us): 30768, Max(us): 40991, 50th(us): 31631, 90th(us): 32735, 95th(us): 32895, 99th(us): 33247, 99.9th(us): 33951, 99.99th(us): 39295
TOTAL  - Takes(s): 790.0, Count: 24707, OPS: 31.3, Avg(us): 31880, Min(us): 30768, Max(us): 40991, 50th(us): 31631, 90th(us): 32735, 95th(us): 32895, 99th(us): 33247, 99.9th(us): 33951, 99.99th(us): 39295
INSERT - Takes(s): 800.0, Count: 25021, OPS: 31.3, Avg(us): 31879, Min(us): 30768, Max(us): 40991, 50th(us): 31631, 90th(us): 32735, 95th(us): 32895, 99th(us): 33247, 99.9th(us): 33951, 99.99th(us): 37759
TOTAL  - Takes(s): 800.0, Count: 25021, OPS: 31.3, Avg(us): 31879, Min(us): 30768, Max(us): 40991, 50th(us): 31631, 90th(us): 32735, 95th(us): 32895, 99th(us): 33247, 99.9th(us): 33951, 99.99th(us): 37759
INSERT - Takes(s): 810.0, Count: 25334, OPS: 31.3, Avg(us): 31879, Min(us): 30768, Max(us): 40991, 50th(us): 31631, 90th(us): 32735, 95th(us): 32895, 99th(us): 33247, 99.9th(us): 33951, 99.99th(us): 37759
TOTAL  - Takes(s): 810.0, Count: 25334, OPS: 31.3, Avg(us): 31879, Min(us): 30768, Max(us): 40991, 50th(us): 31631, 90th(us): 32735, 95th(us): 32895, 99th(us): 33247, 99.9th(us): 33951, 99.99th(us): 37759
INSERT - Takes(s): 820.0, Count: 25647, OPS: 31.3, Avg(us): 31879, Min(us): 30768, Max(us): 40991, 50th(us): 31631, 90th(us): 32735, 95th(us): 32895, 99th(us): 33247, 99.9th(us): 33951, 99.99th(us): 37759
TOTAL  - Takes(s): 820.0, Count: 25647, OPS: 31.3, Avg(us): 31879, Min(us): 30768, Max(us): 40991, 50th(us): 31631, 90th(us): 32735, 95th(us): 32895, 99th(us): 33247, 99.9th(us): 33951, 99.99th(us): 37759
INSERT - Takes(s): 830.0, Count: 25960, OPS: 31.3, Avg(us): 31877, Min(us): 30768, Max(us): 40991, 50th(us): 31631, 90th(us): 32719, 95th(us): 32895, 99th(us): 33215, 99.9th(us): 33951, 99.99th(us): 37759
TOTAL  - Takes(s): 830.0, Count: 25960, OPS: 31.3, Avg(us): 31877, Min(us): 30768, Max(us): 40991, 50th(us): 31631, 90th(us): 32719, 95th(us): 32895, 99th(us): 33215, 99.9th(us): 33951, 99.99th(us): 37759
INSERT - Takes(s): 840.0, Count: 26274, OPS: 31.3, Avg(us): 31876, Min(us): 30768, Max(us): 40991, 50th(us): 31631, 90th(us): 32719, 95th(us): 32895, 99th(us): 33215, 99.9th(us): 33951, 99.99th(us): 37759
TOTAL  - Takes(s): 840.0, Count: 26274, OPS: 31.3, Avg(us): 31876, Min(us): 30768, Max(us): 40991, 50th(us): 31631, 90th(us): 32719, 95th(us): 32895, 99th(us): 33215, 99.9th(us): 33951, 99.99th(us): 37759
INSERT - Takes(s): 850.0, Count: 26587, OPS: 31.3, Avg(us): 31876, Min(us): 30768, Max(us): 40991, 50th(us): 31631, 90th(us): 32719, 95th(us): 32895, 99th(us): 33215, 99.9th(us): 33951, 99.99th(us): 37759
TOTAL  - Takes(s): 850.0, Count: 26587, OPS: 31.3, Avg(us): 31876, Min(us): 30768, Max(us): 40991, 50th(us): 31631, 90th(us): 32719, 95th(us): 32895, 99th(us): 33215, 99.9th(us): 33951, 99.99th(us): 37759
INSERT - Takes(s): 860.0, Count: 26901, OPS: 31.3, Avg(us): 31875, Min(us): 30768, Max(us): 40991, 50th(us): 31631, 90th(us): 32719, 95th(us): 32895, 99th(us): 33215, 99.9th(us): 33951, 99.99th(us): 37759
TOTAL  - Takes(s): 860.0, Count: 26901, OPS: 31.3, Avg(us): 31875, Min(us): 30768, Max(us): 40991, 50th(us): 31631, 90th(us): 32719, 95th(us): 32895, 99th(us): 33215, 99.9th(us): 33951, 99.99th(us): 37759
INSERT - Takes(s): 870.0, Count: 27214, OPS: 31.3, Avg(us): 31875, Min(us): 30768, Max(us): 40991, 50th(us): 31631, 90th(us): 32719, 95th(us): 32895, 99th(us): 33215, 99.9th(us): 33951, 99.99th(us): 37759
TOTAL  - Takes(s): 870.0, Count: 27214, OPS: 31.3, Avg(us): 31875, Min(us): 30768, Max(us): 40991, 50th(us): 31631, 90th(us): 32719, 95th(us): 32895, 99th(us): 33215, 99.9th(us): 33951, 99.99th(us): 37759
INSERT - Takes(s): 880.0, Count: 27528, OPS: 31.3, Avg(us): 31874, Min(us): 30768, Max(us): 40991, 50th(us): 31631, 90th(us): 32719, 95th(us): 32895, 99th(us): 33215, 99.9th(us): 33951, 99.99th(us): 37759
TOTAL  - Takes(s): 880.0, Count: 27528, OPS: 31.3, Avg(us): 31874, Min(us): 30768, Max(us): 40991, 50th(us): 31631, 90th(us): 32719, 95th(us): 32895, 99th(us): 33215, 99.9th(us): 33951, 99.99th(us): 37759
INSERT - Takes(s): 890.0, Count: 27841, OPS: 31.3, Avg(us): 31873, Min(us): 30768, Max(us): 40991, 50th(us): 31631, 90th(us): 32719, 95th(us): 32895, 99th(us): 33215, 99.9th(us): 33951, 99.99th(us): 37759
TOTAL  - Takes(s): 890.0, Count: 27841, OPS: 31.3, Avg(us): 31873, Min(us): 30768, Max(us): 40991, 50th(us): 31631, 90th(us): 32719, 95th(us): 32895, 99th(us): 33215, 99.9th(us): 33951, 99.99th(us): 37759
INSERT - Takes(s): 900.0, Count: 28154, OPS: 31.3, Avg(us): 31872, Min(us): 30768, Max(us): 40991, 50th(us): 31631, 90th(us): 32719, 95th(us): 32895, 99th(us): 33215, 99.9th(us): 33951, 99.99th(us): 37759
TOTAL  - Takes(s): 900.0, Count: 28154, OPS: 31.3, Avg(us): 31872, Min(us): 30768, Max(us): 40991, 50th(us): 31631, 90th(us): 32719, 95th(us): 32895, 99th(us): 33215, 99.9th(us): 33951, 99.99th(us): 37759
INSERT - Takes(s): 910.0, Count: 28467, OPS: 31.3, Avg(us): 31872, Min(us): 30768, Max(us): 42047, 50th(us): 31631, 90th(us): 32719, 95th(us): 32895, 99th(us): 33215, 99.9th(us): 33951, 99.99th(us): 39295
TOTAL  - Takes(s): 910.0, Count: 28467, OPS: 31.3, Avg(us): 31872, Min(us): 30768, Max(us): 42047, 50th(us): 31631, 90th(us): 32719, 95th(us): 32895, 99th(us): 33215, 99.9th(us): 33951, 99.99th(us): 39295
INSERT - Takes(s): 920.0, Count: 28780, OPS: 31.3, Avg(us): 31872, Min(us): 30768, Max(us): 42047, 50th(us): 31631, 90th(us): 32719, 95th(us): 32895, 99th(us): 33215, 99.9th(us): 33951, 99.99th(us): 39295
TOTAL  - Takes(s): 920.0, Count: 28780, OPS: 31.3, Avg(us): 31872, Min(us): 30768, Max(us): 42047, 50th(us): 31631, 90th(us): 32719, 95th(us): 32895, 99th(us): 33215, 99.9th(us): 33951, 99.99th(us): 39295
INSERT - Takes(s): 930.0, Count: 29093, OPS: 31.3, Avg(us): 31872, Min(us): 30768, Max(us): 42047, 50th(us): 31631, 90th(us): 32719, 95th(us): 32895, 99th(us): 33215, 99.9th(us): 33951, 99.99th(us): 39295
TOTAL  - Takes(s): 930.0, Count: 29093, OPS: 31.3, Avg(us): 31872, Min(us): 30768, Max(us): 42047, 50th(us): 31631, 90th(us): 32719, 95th(us): 32895, 99th(us): 33215, 99.9th(us): 33951, 99.99th(us): 39295
INSERT - Takes(s): 940.0, Count: 29406, OPS: 31.3, Avg(us): 31872, Min(us): 30768, Max(us): 42047, 50th(us): 31631, 90th(us): 32719, 95th(us): 32895, 99th(us): 33215, 99.9th(us): 33951, 99.99th(us): 39295
TOTAL  - Takes(s): 940.0, Count: 29406, OPS: 31.3, Avg(us): 31872, Min(us): 30768, Max(us): 42047, 50th(us): 31631, 90th(us): 32719, 95th(us): 32895, 99th(us): 33215, 99.9th(us): 33951, 99.99th(us): 39295
INSERT - Takes(s): 950.0, Count: 29718, OPS: 31.3, Avg(us): 31873, Min(us): 30768, Max(us): 42047, 50th(us): 31631, 90th(us): 32719, 95th(us): 32895, 99th(us): 33215, 99.9th(us): 33951, 99.99th(us): 39295
TOTAL  - Takes(s): 950.0, Count: 29718, OPS: 31.3, Avg(us): 31873, Min(us): 30768, Max(us): 42047, 50th(us): 31631, 90th(us): 32719, 95th(us): 32895, 99th(us): 33215, 99.9th(us): 33951, 99.99th(us): 39295
INSERT - Takes(s): 960.0, Count: 30031, OPS: 31.3, Avg(us): 31873, Min(us): 30768, Max(us): 42047, 50th(us): 31631, 90th(us): 32719, 95th(us): 32895, 99th(us): 33215, 99.9th(us): 33951, 99.99th(us): 39295
TOTAL  - Takes(s): 960.0, Count: 30031, OPS: 31.3, Avg(us): 31873, Min(us): 30768, Max(us): 42047, 50th(us): 31631, 90th(us): 32719, 95th(us): 32895, 99th(us): 33215, 99.9th(us): 33951, 99.99th(us): 39295
INSERT - Takes(s): 970.0, Count: 30343, OPS: 31.3, Avg(us): 31873, Min(us): 30768, Max(us): 42047, 50th(us): 31631, 90th(us): 32719, 95th(us): 32895, 99th(us): 33215, 99.9th(us): 33951, 99.99th(us): 39295
TOTAL  - Takes(s): 970.0, Count: 30343, OPS: 31.3, Avg(us): 31873, Min(us): 30768, Max(us): 42047, 50th(us): 31631, 90th(us): 32719, 95th(us): 32895, 99th(us): 33215, 99.9th(us): 33951, 99.99th(us): 39295
INSERT - Takes(s): 980.0, Count: 30656, OPS: 31.3, Avg(us): 31873, Min(us): 30768, Max(us): 42047, 50th(us): 31631, 90th(us): 32719, 95th(us): 32895, 99th(us): 33215, 99.9th(us): 33919, 99.99th(us): 39295
TOTAL  - Takes(s): 980.0, Count: 30656, OPS: 31.3, Avg(us): 31873, Min(us): 30768, Max(us): 42047, 50th(us): 31631, 90th(us): 32719, 95th(us): 32895, 99th(us): 33215, 99.9th(us): 33919, 99.99th(us): 39295
INSERT - Takes(s): 990.0, Count: 30969, OPS: 31.3, Avg(us): 31873, Min(us): 30768, Max(us): 42047, 50th(us): 31631, 90th(us): 32719, 95th(us): 32895, 99th(us): 33215, 99.9th(us): 33919, 99.99th(us): 39295
TOTAL  - Takes(s): 990.0, Count: 30969, OPS: 31.3, Avg(us): 31873, Min(us): 30768, Max(us): 42047, 50th(us): 31631, 90th(us): 32719, 95th(us): 32895, 99th(us): 33215, 99.9th(us): 33919, 99.99th(us): 39295
INSERT - Takes(s): 1000.0, Count: 31283, OPS: 31.3, Avg(us): 31872, Min(us): 30768, Max(us): 42047, 50th(us): 31631, 90th(us): 32719, 95th(us): 32895, 99th(us): 33215, 99.9th(us): 33919, 99.99th(us): 39295
TOTAL  - Takes(s): 1000.0, Count: 31283, OPS: 31.3, Avg(us): 31872, Min(us): 30768, Max(us): 42047, 50th(us): 31631, 90th(us): 32719, 95th(us): 32895, 99th(us): 33215, 99.9th(us): 33919, 99.99th(us): 39295
INSERT - Takes(s): 1010.0, Count: 31596, OPS: 31.3, Avg(us): 31871, Min(us): 30768, Max(us): 42047, 50th(us): 31631, 90th(us): 32719, 95th(us): 32895, 99th(us): 33215, 99.9th(us): 33887, 99.99th(us): 39295
TOTAL  - Takes(s): 1010.0, Count: 31596, OPS: 31.3, Avg(us): 31871, Min(us): 30768, Max(us): 42047, 50th(us): 31631, 90th(us): 32719, 95th(us): 32895, 99th(us): 33215, 99.9th(us): 33887, 99.99th(us): 39295
INSERT - Takes(s): 1020.0, Count: 31910, OPS: 31.3, Avg(us): 31871, Min(us): 30768, Max(us): 42047, 50th(us): 31631, 90th(us): 32719, 95th(us): 32895, 99th(us): 33215, 99.9th(us): 33887, 99.99th(us): 39295
TOTAL  - Takes(s): 1020.0, Count: 31910, OPS: 31.3, Avg(us): 31871, Min(us): 30768, Max(us): 42047, 50th(us): 31631, 90th(us): 32719, 95th(us): 32895, 99th(us): 33215, 99.9th(us): 33887, 99.99th(us): 39295
INSERT - Takes(s): 1030.0, Count: 32222, OPS: 31.3, Avg(us): 31871, Min(us): 30768, Max(us): 42047, 50th(us): 31631, 90th(us): 32719, 95th(us): 32895, 99th(us): 33215, 99.9th(us): 33919, 99.99th(us): 40703
TOTAL  - Takes(s): 1030.0, Count: 32222, OPS: 31.3, Avg(us): 31871, Min(us): 30768, Max(us): 42047, 50th(us): 31631, 90th(us): 32719, 95th(us): 32895, 99th(us): 33215, 99.9th(us): 33919, 99.99th(us): 40703
INSERT - Takes(s): 1040.0, Count: 32535, OPS: 31.3, Avg(us): 31871, Min(us): 30768, Max(us): 42047, 50th(us): 31631, 90th(us): 32719, 95th(us): 32895, 99th(us): 33215, 99.9th(us): 33919, 99.99th(us): 40703
TOTAL  - Takes(s): 1040.0, Count: 32535, OPS: 31.3, Avg(us): 31871, Min(us): 30768, Max(us): 42047, 50th(us): 31631, 90th(us): 32719, 95th(us): 32895, 99th(us): 33215, 99.9th(us): 33919, 99.99th(us): 40703
INSERT - Takes(s): 1050.0, Count: 32847, OPS: 31.3, Avg(us): 31872, Min(us): 30768, Max(us): 42047, 50th(us): 31631, 90th(us): 32719, 95th(us): 32895, 99th(us): 33215, 99.9th(us): 33919, 99.99th(us): 40703
TOTAL  - Takes(s): 1050.0, Count: 32847, OPS: 31.3, Avg(us): 31872, Min(us): 30768, Max(us): 42047, 50th(us): 31631, 90th(us): 32719, 95th(us): 32895, 99th(us): 33215, 99.9th(us): 33919, 99.99th(us): 40703
INSERT - Takes(s): 1060.0, Count: 33159, OPS: 31.3, Avg(us): 31873, Min(us): 30768, Max(us): 42047, 50th(us): 31631, 90th(us): 32719, 95th(us): 32895, 99th(us): 33215, 99.9th(us): 33919, 99.99th(us): 40703
TOTAL  - Takes(s): 1060.0, Count: 33159, OPS: 31.3, Avg(us): 31873, Min(us): 30768, Max(us): 42047, 50th(us): 31631, 90th(us): 32719, 95th(us): 32895, 99th(us): 33215, 99.9th(us): 33919, 99.99th(us): 40703
INSERT - Takes(s): 1070.0, Count: 33472, OPS: 31.3, Avg(us): 31873, Min(us): 30768, Max(us): 42047, 50th(us): 31631, 90th(us): 32719, 95th(us): 32895, 99th(us): 33215, 99.9th(us): 33919, 99.99th(us): 40703
TOTAL  - Takes(s): 1070.0, Count: 33472, OPS: 31.3, Avg(us): 31873, Min(us): 30768, Max(us): 42047, 50th(us): 31631, 90th(us): 32719, 95th(us): 32895, 99th(us): 33215, 99.9th(us): 33919, 99.99th(us): 40703
INSERT - Takes(s): 1080.0, Count: 33783, OPS: 31.3, Avg(us): 31874, Min(us): 30768, Max(us): 42047, 50th(us): 31631, 90th(us): 32719, 95th(us): 32895, 99th(us): 33215, 99.9th(us): 33919, 99.99th(us): 40703
TOTAL  - Takes(s): 1080.0, Count: 33783, OPS: 31.3, Avg(us): 31874, Min(us): 30768, Max(us): 42047, 50th(us): 31631, 90th(us): 32719, 95th(us): 32895, 99th(us): 33215, 99.9th(us): 33919, 99.99th(us): 40703
INSERT - Takes(s): 1090.0, Count: 34095, OPS: 31.3, Avg(us): 31875, Min(us): 30768, Max(us): 42079, 50th(us): 31631, 90th(us): 32719, 95th(us): 32895, 99th(us): 33215, 99.9th(us): 33919, 99.99th(us): 40703
TOTAL  - Takes(s): 1090.0, Count: 34095, OPS: 31.3, Avg(us): 31875, Min(us): 30768, Max(us): 42079, 50th(us): 31631, 90th(us): 32719, 95th(us): 32895, 99th(us): 33215, 99.9th(us): 33919, 99.99th(us): 40703
INSERT - Takes(s): 1100.0, Count: 34408, OPS: 31.3, Avg(us): 31875, Min(us): 30768, Max(us): 42079, 50th(us): 31631, 90th(us): 32719, 95th(us): 32895, 99th(us): 33247, 99.9th(us): 33919, 99.99th(us): 40703
TOTAL  - Takes(s): 1100.0, Count: 34408, OPS: 31.3, Avg(us): 31875, Min(us): 30768, Max(us): 42079, 50th(us): 31631, 90th(us): 32719, 95th(us): 32895, 99th(us): 33247, 99.9th(us): 33919, 99.99th(us): 40703
INSERT - Takes(s): 1110.0, Count: 34722, OPS: 31.3, Avg(us): 31874, Min(us): 30768, Max(us): 42079, 50th(us): 31631, 90th(us): 32719, 95th(us): 32895, 99th(us): 33215, 99.9th(us): 33919, 99.99th(us): 40703
TOTAL  - Takes(s): 1110.0, Count: 34722, OPS: 31.3, Avg(us): 31874, Min(us): 30768, Max(us): 42079, 50th(us): 31631, 90th(us): 32719, 95th(us): 32895, 99th(us): 33215, 99.9th(us): 33919, 99.99th(us): 40703
INSERT - Takes(s): 1120.0, Count: 35035, OPS: 31.3, Avg(us): 31874, Min(us): 30768, Max(us): 42079, 50th(us): 31631, 90th(us): 32719, 95th(us): 32895, 99th(us): 33215, 99.9th(us): 33919, 99.99th(us): 40703
TOTAL  - Takes(s): 1120.0, Count: 35035, OPS: 31.3, Avg(us): 31874, Min(us): 30768, Max(us): 42079, 50th(us): 31631, 90th(us): 32719, 95th(us): 32895, 99th(us): 33215, 99.9th(us): 33919, 99.99th(us): 40703
INSERT - Takes(s): 1130.0, Count: 35348, OPS: 31.3, Avg(us): 31874, Min(us): 30768, Max(us): 42079, 50th(us): 31631, 90th(us): 32719, 95th(us): 32895, 99th(us): 33215, 99.9th(us): 33919, 99.99th(us): 40703
TOTAL  - Takes(s): 1130.0, Count: 35348, OPS: 31.3, Avg(us): 31874, Min(us): 30768, Max(us): 42079, 50th(us): 31631, 90th(us): 32719, 95th(us): 32895, 99th(us): 33215, 99.9th(us): 33919, 99.99th(us): 40703
INSERT - Takes(s): 1140.0, Count: 35661, OPS: 31.3, Avg(us): 31874, Min(us): 30768, Max(us): 42079, 50th(us): 31631, 90th(us): 32719, 95th(us): 32895, 99th(us): 33215, 99.9th(us): 33919, 99.99th(us): 40703
TOTAL  - Takes(s): 1140.0, Count: 35661, OPS: 31.3, Avg(us): 31874, Min(us): 30768, Max(us): 42079, 50th(us): 31631, 90th(us): 32719, 95th(us): 32895, 99th(us): 33215, 99.9th(us): 33919, 99.99th(us): 40703
INSERT - Takes(s): 1150.0, Count: 35973, OPS: 31.3, Avg(us): 31874, Min(us): 30768, Max(us): 42079, 50th(us): 31631, 90th(us): 32719, 95th(us): 32895, 99th(us): 33215, 99.9th(us): 33951, 99.99th(us): 40703
TOTAL  - Takes(s): 1150.0, Count: 35973, OPS: 31.3, Avg(us): 31874, Min(us): 30768, Max(us): 42079, 50th(us): 31631, 90th(us): 32719, 95th(us): 32895, 99th(us): 33215, 99.9th(us): 33951, 99.99th(us): 40703
INSERT - Takes(s): 1160.0, Count: 36285, OPS: 31.3, Avg(us): 31875, Min(us): 30768, Max(us): 42079, 50th(us): 31631, 90th(us): 32719, 95th(us): 32895, 99th(us): 33215, 99.9th(us): 33951, 99.99th(us): 40703
TOTAL  - Takes(s): 1160.0, Count: 36285, OPS: 31.3, Avg(us): 31875, Min(us): 30768, Max(us): 42079, 50th(us): 31631, 90th(us): 32719, 95th(us): 32895, 99th(us): 33215, 99.9th(us): 33951, 99.99th(us): 40703
INSERT - Takes(s): 1170.0, Count: 36598, OPS: 31.3, Avg(us): 31875, Min(us): 30768, Max(us): 42079, 50th(us): 31631, 90th(us): 32719, 95th(us): 32895, 99th(us): 33215, 99.9th(us): 33951, 99.99th(us): 40703
TOTAL  - Takes(s): 1170.0, Count: 36598, OPS: 31.3, Avg(us): 31875, Min(us): 30768, Max(us): 42079, 50th(us): 31631, 90th(us): 32719, 95th(us): 32895, 99th(us): 33215, 99.9th(us): 33951, 99.99th(us): 40703
INSERT - Takes(s): 1180.0, Count: 36910, OPS: 31.3, Avg(us): 31876, Min(us): 30768, Max(us): 42079, 50th(us): 31631, 90th(us): 32719, 95th(us): 32895, 99th(us): 33215, 99.9th(us): 33951, 99.99th(us): 40703
TOTAL  - Takes(s): 1180.0, Count: 36910, OPS: 31.3, Avg(us): 31876, Min(us): 30768, Max(us): 42079, 50th(us): 31631, 90th(us): 32719, 95th(us): 32895, 99th(us): 33215, 99.9th(us): 33951, 99.99th(us): 40703
INSERT - Takes(s): 1190.0, Count: 37222, OPS: 31.3, Avg(us): 31876, Min(us): 30768, Max(us): 42079, 50th(us): 31631, 90th(us): 32719, 95th(us): 32895, 99th(us): 33215, 99.9th(us): 33951, 99.99th(us): 40703
TOTAL  - Takes(s): 1190.0, Count: 37222, OPS: 31.3, Avg(us): 31876, Min(us): 30768, Max(us): 42079, 50th(us): 31631, 90th(us): 32719, 95th(us): 32895, 99th(us): 33215, 99.9th(us): 33951, 99.99th(us): 40703
INSERT - Takes(s): 1200.0, Count: 37535, OPS: 31.3, Avg(us): 31876, Min(us): 30768, Max(us): 42079, 50th(us): 31631, 90th(us): 32719, 95th(us): 32895, 99th(us): 33215, 99.9th(us): 33951, 99.99th(us): 40703
TOTAL  - Takes(s): 1200.0, Count: 37535, OPS: 31.3, Avg(us): 31876, Min(us): 30768, Max(us): 42079, 50th(us): 31631, 90th(us): 32719, 95th(us): 32895, 99th(us): 33215, 99.9th(us): 33951, 99.99th(us): 40703
INSERT - Takes(s): 1210.0, Count: 37848, OPS: 31.3, Avg(us): 31876, Min(us): 30768, Max(us): 42079, 50th(us): 31631, 90th(us): 32719, 95th(us): 32895, 99th(us): 33215, 99.9th(us): 33951, 99.99th(us): 40703
TOTAL  - Takes(s): 1210.0, Count: 37848, OPS: 31.3, Avg(us): 31876, Min(us): 30768, Max(us): 42079, 50th(us): 31631, 90th(us): 32719, 95th(us): 32895, 99th(us): 33215, 99.9th(us): 33951, 99.99th(us): 40703
INSERT - Takes(s): 1220.0, Count: 38160, OPS: 31.3, Avg(us): 31876, Min(us): 30768, Max(us): 42079, 50th(us): 31631, 90th(us): 32719, 95th(us): 32895, 99th(us): 33215, 99.9th(us): 33983, 99.99th(us): 40703
TOTAL  - Takes(s): 1220.0, Count: 38160, OPS: 31.3, Avg(us): 31876, Min(us): 30768, Max(us): 42079, 50th(us): 31631, 90th(us): 32719, 95th(us): 32895, 99th(us): 33215, 99.9th(us): 33983, 99.99th(us): 40703
INSERT - Takes(s): 1230.0, Count: 38472, OPS: 31.3, Avg(us): 31877, Min(us): 30768, Max(us): 42079, 50th(us): 31631, 90th(us): 32719, 95th(us): 32895, 99th(us): 33215, 99.9th(us): 33983, 99.99th(us): 40703
TOTAL  - Takes(s): 1230.0, Count: 38472, OPS: 31.3, Avg(us): 31877, Min(us): 30768, Max(us): 42079, 50th(us): 31631, 90th(us): 32719, 95th(us): 32895, 99th(us): 33215, 99.9th(us): 33983, 99.99th(us): 40703
INSERT - Takes(s): 1240.0, Count: 38785, OPS: 31.3, Avg(us): 31877, Min(us): 30768, Max(us): 42079, 50th(us): 31631, 90th(us): 32719, 95th(us): 32895, 99th(us): 33215, 99.9th(us): 33951, 99.99th(us): 40703
TOTAL  - Takes(s): 1240.0, Count: 38785, OPS: 31.3, Avg(us): 31877, Min(us): 30768, Max(us): 42079, 50th(us): 31631, 90th(us): 32719, 95th(us): 32895, 99th(us): 33215, 99.9th(us): 33951, 99.99th(us): 40703
INSERT - Takes(s): 1250.0, Count: 39097, OPS: 31.3, Avg(us): 31878, Min(us): 30768, Max(us): 42079, 50th(us): 31631, 90th(us): 32719, 95th(us): 32895, 99th(us): 33215, 99.9th(us): 33951, 99.99th(us): 40703
TOTAL  - Takes(s): 1250.0, Count: 39097, OPS: 31.3, Avg(us): 31878, Min(us): 30768, Max(us): 42079, 50th(us): 31631, 90th(us): 32719, 95th(us): 32895, 99th(us): 33215, 99.9th(us): 33951, 99.99th(us): 40703
INSERT - Takes(s): 1260.0, Count: 39409, OPS: 31.3, Avg(us): 31878, Min(us): 30768, Max(us): 42079, 50th(us): 31631, 90th(us): 32719, 95th(us): 32895, 99th(us): 33215, 99.9th(us): 33951, 99.99th(us): 40703
TOTAL  - Takes(s): 1260.0, Count: 39409, OPS: 31.3, Avg(us): 31878, Min(us): 30768, Max(us): 42079, 50th(us): 31631, 90th(us): 32719, 95th(us): 32895, 99th(us): 33215, 99.9th(us): 33951, 99.99th(us): 40703
INSERT - Takes(s): 1270.0, Count: 39722, OPS: 31.3, Avg(us): 31878, Min(us): 30768, Max(us): 42079, 50th(us): 31631, 90th(us): 32719, 95th(us): 32895, 99th(us): 33247, 99.9th(us): 33951, 99.99th(us): 40703
TOTAL  - Takes(s): 1270.0, Count: 39722, OPS: 31.3, Avg(us): 31878, Min(us): 30768, Max(us): 42079, 50th(us): 31631, 90th(us): 32719, 95th(us): 32895, 99th(us): 33247, 99.9th(us): 33951, 99.99th(us): 40703
INSERT - Takes(s): 1280.0, Count: 40034, OPS: 31.3, Avg(us): 31879, Min(us): 30768, Max(us): 42079, 50th(us): 31631, 90th(us): 32719, 95th(us): 32895, 99th(us): 33247, 99.9th(us): 33983, 99.99th(us): 40703
TOTAL  - Takes(s): 1280.0, Count: 40034, OPS: 31.3, Avg(us): 31879, Min(us): 30768, Max(us): 42079, 50th(us): 31631, 90th(us): 32719, 95th(us): 32895, 99th(us): 33247, 99.9th(us): 33983, 99.99th(us): 40703
INSERT - Takes(s): 1290.0, Count: 40348, OPS: 31.3, Avg(us): 31878, Min(us): 30768, Max(us): 42079, 50th(us): 31631, 90th(us): 32719, 95th(us): 32895, 99th(us): 33247, 99.9th(us): 33983, 99.99th(us): 40703
TOTAL  - Takes(s): 1290.0, Count: 40348, OPS: 31.3, Avg(us): 31878, Min(us): 30768, Max(us): 42079, 50th(us): 31631, 90th(us): 32719, 95th(us): 32895, 99th(us): 33247, 99.9th(us): 33983, 99.99th(us): 40703
INSERT - Takes(s): 1300.0, Count: 40661, OPS: 31.3, Avg(us): 31878, Min(us): 30768, Max(us): 43199, 50th(us): 31631, 90th(us): 32719, 95th(us): 32895, 99th(us): 33215, 99.9th(us): 33983, 99.99th(us): 40703
TOTAL  - Takes(s): 1300.0, Count: 40661, OPS: 31.3, Avg(us): 31878, Min(us): 30768, Max(us): 43199, 50th(us): 31631, 90th(us): 32719, 95th(us): 32895, 99th(us): 33215, 99.9th(us): 33983, 99.99th(us): 40703
INSERT - Takes(s): 1310.0, Count: 40974, OPS: 31.3, Avg(us): 31877, Min(us): 30768, Max(us): 43199, 50th(us): 31631, 90th(us): 32719, 95th(us): 32895, 99th(us): 33215, 99.9th(us): 34015, 99.99th(us): 40703
TOTAL  - Takes(s): 1310.0, Count: 40974, OPS: 31.3, Avg(us): 31877, Min(us): 30768, Max(us): 43199, 50th(us): 31631, 90th(us): 32719, 95th(us): 32895, 99th(us): 33215, 99.9th(us): 34015, 99.99th(us): 40703
INSERT - Takes(s): 1320.0, Count: 41287, OPS: 31.3, Avg(us): 31878, Min(us): 30768, Max(us): 43199, 50th(us): 31631, 90th(us): 32719, 95th(us): 32895, 99th(us): 33247, 99.9th(us): 34015, 99.99th(us): 40703
TOTAL  - Takes(s): 1320.0, Count: 41287, OPS: 31.3, Avg(us): 31878, Min(us): 30768, Max(us): 43199, 50th(us): 31631, 90th(us): 32719, 95th(us): 32895, 99th(us): 33247, 99.9th(us): 34015, 99.99th(us): 40703
INSERT - Takes(s): 1330.0, Count: 41599, OPS: 31.3, Avg(us): 31878, Min(us): 30768, Max(us): 43199, 50th(us): 31631, 90th(us): 32719, 95th(us): 32895, 99th(us): 33247, 99.9th(us): 33983, 99.99th(us): 40703
TOTAL  - Takes(s): 1330.0, Count: 41599, OPS: 31.3, Avg(us): 31878, Min(us): 30768, Max(us): 43199, 50th(us): 31631, 90th(us): 32719, 95th(us): 32895, 99th(us): 33247, 99.9th(us): 33983, 99.99th(us): 40703
INSERT - Takes(s): 1340.0, Count: 41911, OPS: 31.3, Avg(us): 31878, Min(us): 30768, Max(us): 43903, 50th(us): 31631, 90th(us): 32719, 95th(us): 32895, 99th(us): 33247, 99.9th(us): 34015, 99.99th(us): 40991
TOTAL  - Takes(s): 1340.0, Count: 41911, OPS: 31.3, Avg(us): 31878, Min(us): 30768, Max(us): 43903, 50th(us): 31631, 90th(us): 32719, 95th(us): 32895, 99th(us): 33247, 99.9th(us): 34015, 99.99th(us): 40991
INSERT - Takes(s): 1350.0, Count: 42223, OPS: 31.3, Avg(us): 31879, Min(us): 30768, Max(us): 43903, 50th(us): 31631, 90th(us): 32719, 95th(us): 32895, 99th(us): 33247, 99.9th(us): 34015, 99.99th(us): 40991
TOTAL  - Takes(s): 1350.0, Count: 42223, OPS: 31.3, Avg(us): 31879, Min(us): 30768, Max(us): 43903, 50th(us): 31631, 90th(us): 32719, 95th(us): 32895, 99th(us): 33247, 99.9th(us): 34015, 99.99th(us): 40991
INSERT - Takes(s): 1360.0, Count: 42536, OPS: 31.3, Avg(us): 31879, Min(us): 30768, Max(us): 43903, 50th(us): 31631, 90th(us): 32719, 95th(us): 32895, 99th(us): 33247, 99.9th(us): 34015, 99.99th(us): 40991
TOTAL  - Takes(s): 1360.0, Count: 42536, OPS: 31.3, Avg(us): 31879, Min(us): 30768, Max(us): 43903, 50th(us): 31631, 90th(us): 32719, 95th(us): 32895, 99th(us): 33247, 99.9th(us): 34015, 99.99th(us): 40991
INSERT - Takes(s): 1370.0, Count: 42849, OPS: 31.3, Avg(us): 31879, Min(us): 30768, Max(us): 43903, 50th(us): 31631, 90th(us): 32719, 95th(us): 32895, 99th(us): 33247, 99.9th(us): 34015, 99.99th(us): 40991
TOTAL  - Takes(s): 1370.0, Count: 42849, OPS: 31.3, Avg(us): 31879, Min(us): 30768, Max(us): 43903, 50th(us): 31631, 90th(us): 32719, 95th(us): 32895, 99th(us): 33247, 99.9th(us): 34015, 99.99th(us): 40991
INSERT - Takes(s): 1380.0, Count: 43161, OPS: 31.3, Avg(us): 31879, Min(us): 30768, Max(us): 43903, 50th(us): 31631, 90th(us): 32719, 95th(us): 32895, 99th(us): 33247, 99.9th(us): 34015, 99.99th(us): 40991
TOTAL  - Takes(s): 1380.0, Count: 43161, OPS: 31.3, Avg(us): 31879, Min(us): 30768, Max(us): 43903, 50th(us): 31631, 90th(us): 32719, 95th(us): 32895, 99th(us): 33247, 99.9th(us): 34015, 99.99th(us): 40991
INSERT - Takes(s): 1390.0, Count: 43475, OPS: 31.3, Avg(us): 31878, Min(us): 30768, Max(us): 43903, 50th(us): 31631, 90th(us): 32719, 95th(us): 32895, 99th(us): 33247, 99.9th(us): 34015, 99.99th(us): 40991
TOTAL  - Takes(s): 1390.0, Count: 43475, OPS: 31.3, Avg(us): 31878, Min(us): 30768, Max(us): 43903, 50th(us): 31631, 90th(us): 32719, 95th(us): 32895, 99th(us): 33247, 99.9th(us): 34015, 99.99th(us): 40991
INSERT - Takes(s): 1400.0, Count: 43788, OPS: 31.3, Avg(us): 31878, Min(us): 30768, Max(us): 45791, 50th(us): 31631, 90th(us): 32719, 95th(us): 32895, 99th(us): 33247, 99.9th(us): 34015, 99.99th(us): 42047
TOTAL  - Takes(s): 1400.0, Count: 43788, OPS: 31.3, Avg(us): 31878, Min(us): 30768, Max(us): 45791, 50th(us): 31631, 90th(us): 32719, 95th(us): 32895, 99th(us): 33247, 99.9th(us): 34015, 99.99th(us): 42047
INSERT - Takes(s): 1410.0, Count: 44101, OPS: 31.3, Avg(us): 31878, Min(us): 30768, Max(us): 45791, 50th(us): 31631, 90th(us): 32719, 95th(us): 32895, 99th(us): 33247, 99.9th(us): 34015, 99.99th(us): 42047
TOTAL  - Takes(s): 1410.0, Count: 44101, OPS: 31.3, Avg(us): 31878, Min(us): 30768, Max(us): 45791, 50th(us): 31631, 90th(us): 32719, 95th(us): 32895, 99th(us): 33247, 99.9th(us): 34015, 99.99th(us): 42047
INSERT - Takes(s): 1420.0, Count: 44415, OPS: 31.3, Avg(us): 31877, Min(us): 30768, Max(us): 45791, 50th(us): 31631, 90th(us): 32719, 95th(us): 32895, 99th(us): 33247, 99.9th(us): 34015, 99.99th(us): 42047
TOTAL  - Takes(s): 1420.0, Count: 44415, OPS: 31.3, Avg(us): 31877, Min(us): 30768, Max(us): 45791, 50th(us): 31631, 90th(us): 32719, 95th(us): 32895, 99th(us): 33247, 99.9th(us): 34015, 99.99th(us): 42047
INSERT - Takes(s): 1430.0, Count: 44728, OPS: 31.3, Avg(us): 31877, Min(us): 30768, Max(us): 45791, 50th(us): 31631, 90th(us): 32719, 95th(us): 32895, 99th(us): 33247, 99.9th(us): 34015, 99.99th(us): 42047
TOTAL  - Takes(s): 1430.0, Count: 44728, OPS: 31.3, Avg(us): 31877, Min(us): 30768, Max(us): 45791, 50th(us): 31631, 90th(us): 32719, 95th(us): 32895, 99th(us): 33247, 99.9th(us): 34015, 99.99th(us): 42047
INSERT - Takes(s): 1440.0, Count: 45042, OPS: 31.3, Avg(us): 31876, Min(us): 30768, Max(us): 45791, 50th(us): 31631, 90th(us): 32719, 95th(us): 32895, 99th(us): 33247, 99.9th(us): 34015, 99.99th(us): 40991
TOTAL  - Takes(s): 1440.0, Count: 45042, OPS: 31.3, Avg(us): 31876, Min(us): 30768, Max(us): 45791, 50th(us): 31631, 90th(us): 32719, 95th(us): 32895, 99th(us): 33247, 99.9th(us): 34015, 99.99th(us): 40991
INSERT - Takes(s): 1450.0, Count: 45356, OPS: 31.3, Avg(us): 31875, Min(us): 30768, Max(us): 45791, 50th(us): 31631, 90th(us): 32719, 95th(us): 32895, 99th(us): 33247, 99.9th(us): 34015, 99.99th(us): 40991
TOTAL  - Takes(s): 1450.0, Count: 45356, OPS: 31.3, Avg(us): 31875, Min(us): 30768, Max(us): 45791, 50th(us): 31631, 90th(us): 32719, 95th(us): 32895, 99th(us): 33247, 99.9th(us): 34015, 99.99th(us): 40991
INSERT - Takes(s): 1460.0, Count: 45669, OPS: 31.3, Avg(us): 31875, Min(us): 30768, Max(us): 45791, 50th(us): 31631, 90th(us): 32719, 95th(us): 32895, 99th(us): 33247, 99.9th(us): 34015, 99.99th(us): 40991
TOTAL  - Takes(s): 1460.0, Count: 45669, OPS: 31.3, Avg(us): 31875, Min(us): 30768, Max(us): 45791, 50th(us): 31631, 90th(us): 32719, 95th(us): 32895, 99th(us): 33247, 99.9th(us): 34015, 99.99th(us): 40991
INSERT - Takes(s): 1470.0, Count: 45982, OPS: 31.3, Avg(us): 31875, Min(us): 30768, Max(us): 45791, 50th(us): 31631, 90th(us): 32719, 95th(us): 32895, 99th(us): 33247, 99.9th(us): 34015, 99.99th(us): 40991
TOTAL  - Takes(s): 1470.0, Count: 45982, OPS: 31.3, Avg(us): 31875, Min(us): 30768, Max(us): 45791, 50th(us): 31631, 90th(us): 32719, 95th(us): 32895, 99th(us): 33247, 99.9th(us): 34015, 99.99th(us): 40991
INSERT - Takes(s): 1480.0, Count: 46296, OPS: 31.3, Avg(us): 31874, Min(us): 30768, Max(us): 45791, 50th(us): 31631, 90th(us): 32719, 95th(us): 32895, 99th(us): 33247, 99.9th(us): 34015, 99.99th(us): 40991
TOTAL  - Takes(s): 1480.0, Count: 46296, OPS: 31.3, Avg(us): 31874, Min(us): 30768, Max(us): 45791, 50th(us): 31631, 90th(us): 32719, 95th(us): 32895, 99th(us): 33247, 99.9th(us): 34015, 99.99th(us): 40991
INSERT - Takes(s): 1490.0, Count: 46610, OPS: 31.3, Avg(us): 31874, Min(us): 30768, Max(us): 45791, 50th(us): 31631, 90th(us): 32719, 95th(us): 32895, 99th(us): 33247, 99.9th(us): 34015, 99.99th(us): 40991
TOTAL  - Takes(s): 1490.0, Count: 46610, OPS: 31.3, Avg(us): 31874, Min(us): 30768, Max(us): 45791, 50th(us): 31631, 90th(us): 32719, 95th(us): 32895, 99th(us): 33247, 99.9th(us): 34015, 99.99th(us): 40991
INSERT - Takes(s): 1500.0, Count: 46923, OPS: 31.3, Avg(us): 31873, Min(us): 30768, Max(us): 45791, 50th(us): 31631, 90th(us): 32719, 95th(us): 32895, 99th(us): 33215, 99.9th(us): 34015, 99.99th(us): 40991
TOTAL  - Takes(s): 1500.0, Count: 46923, OPS: 31.3, Avg(us): 31873, Min(us): 30768, Max(us): 45791, 50th(us): 31631, 90th(us): 32719, 95th(us): 32895, 99th(us): 33215, 99.9th(us): 34015, 99.99th(us): 40991
INSERT - Takes(s): 1510.0, Count: 47236, OPS: 31.3, Avg(us): 31873, Min(us): 30768, Max(us): 45791, 50th(us): 31631, 90th(us): 32719, 95th(us): 32895, 99th(us): 33215, 99.9th(us): 34015, 99.99th(us): 40991
TOTAL  - Takes(s): 1510.0, Count: 47236, OPS: 31.3, Avg(us): 31873, Min(us): 30768, Max(us): 45791, 50th(us): 31631, 90th(us): 32719, 95th(us): 32895, 99th(us): 33215, 99.9th(us): 34015, 99.99th(us): 40991
INSERT - Takes(s): 1520.0, Count: 47550, OPS: 31.3, Avg(us): 31872, Min(us): 30768, Max(us): 45791, 50th(us): 31631, 90th(us): 32719, 95th(us): 32895, 99th(us): 33215, 99.9th(us): 34015, 99.99th(us): 40991
TOTAL  - Takes(s): 1520.0, Count: 47550, OPS: 31.3, Avg(us): 31872, Min(us): 30768, Max(us): 45791, 50th(us): 31631, 90th(us): 32719, 95th(us): 32895, 99th(us): 33215, 99.9th(us): 34015, 99.99th(us): 40991
INSERT - Takes(s): 1530.0, Count: 47863, OPS: 31.3, Avg(us): 31872, Min(us): 30768, Max(us): 45791, 50th(us): 31631, 90th(us): 32719, 95th(us): 32895, 99th(us): 33215, 99.9th(us): 34015, 99.99th(us): 40991
TOTAL  - Takes(s): 1530.0, Count: 47863, OPS: 31.3, Avg(us): 31872, Min(us): 30768, Max(us): 45791, 50th(us): 31631, 90th(us): 32719, 95th(us): 32895, 99th(us): 33215, 99.9th(us): 34015, 99.99th(us): 40991
INSERT - Takes(s): 1540.0, Count: 48177, OPS: 31.3, Avg(us): 31872, Min(us): 30768, Max(us): 45791, 50th(us): 31631, 90th(us): 32719, 95th(us): 32895, 99th(us): 33215, 99.9th(us): 34015, 99.99th(us): 40991
TOTAL  - Takes(s): 1540.0, Count: 48177, OPS: 31.3, Avg(us): 31872, Min(us): 30768, Max(us): 45791, 50th(us): 31631, 90th(us): 32719, 95th(us): 32895, 99th(us): 33215, 99.9th(us): 34015, 99.99th(us): 40991
INSERT - Takes(s): 1550.0, Count: 48490, OPS: 31.3, Avg(us): 31871, Min(us): 30768, Max(us): 45791, 50th(us): 31631, 90th(us): 32719, 95th(us): 32895, 99th(us): 33215, 99.9th(us): 34015, 99.99th(us): 40991
TOTAL  - Takes(s): 1550.0, Count: 48490, OPS: 31.3, Avg(us): 31871, Min(us): 30768, Max(us): 45791, 50th(us): 31631, 90th(us): 32719, 95th(us): 32895, 99th(us): 33215, 99.9th(us): 34015, 99.99th(us): 40991
INSERT - Takes(s): 1560.0, Count: 48804, OPS: 31.3, Avg(us): 31871, Min(us): 30768, Max(us): 45791, 50th(us): 31631, 90th(us): 32719, 95th(us): 32895, 99th(us): 33215, 99.9th(us): 34015, 99.99th(us): 40991
TOTAL  - Takes(s): 1560.0, Count: 48804, OPS: 31.3, Avg(us): 31871, Min(us): 30768, Max(us): 45791, 50th(us): 31631, 90th(us): 32719, 95th(us): 32895, 99th(us): 33215, 99.9th(us): 34015, 99.99th(us): 40991
INSERT - Takes(s): 1570.0, Count: 49117, OPS: 31.3, Avg(us): 31870, Min(us): 30768, Max(us): 45791, 50th(us): 31631, 90th(us): 32719, 95th(us): 32895, 99th(us): 33215, 99.9th(us): 34015, 99.99th(us): 40991
TOTAL  - Takes(s): 1570.0, Count: 49117, OPS: 31.3, Avg(us): 31870, Min(us): 30768, Max(us): 45791, 50th(us): 31631, 90th(us): 32719, 95th(us): 32895, 99th(us): 33215, 99.9th(us): 34015, 99.99th(us): 40991
INSERT - Takes(s): 1580.0, Count: 49431, OPS: 31.3, Avg(us): 31870, Min(us): 30768, Max(us): 45791, 50th(us): 31631, 90th(us): 32719, 95th(us): 32895, 99th(us): 33215, 99.9th(us): 34015, 99.99th(us): 40991
TOTAL  - Takes(s): 1580.0, Count: 49431, OPS: 31.3, Avg(us): 31870, Min(us): 30768, Max(us): 45791, 50th(us): 31631, 90th(us): 32719, 95th(us): 32895, 99th(us): 33215, 99.9th(us): 34015, 99.99th(us): 40991
INSERT - Takes(s): 1590.0, Count: 49744, OPS: 31.3, Avg(us): 31870, Min(us): 30768, Max(us): 45791, 50th(us): 31631, 90th(us): 32719, 95th(us): 32895, 99th(us): 33215, 99.9th(us): 34015, 99.99th(us): 40991
TOTAL  - Takes(s): 1590.0, Count: 49744, OPS: 31.3, Avg(us): 31870, Min(us): 30768, Max(us): 45791, 50th(us): 31631, 90th(us): 32719, 95th(us): 32895, 99th(us): 33215, 99.9th(us): 34015, 99.99th(us): 40991
**********************************************
Run finished, takes 26m38.144935717s
INSERT - Takes(s): 1598.1, Count: 50000, OPS: 31.3, Avg(us): 31869, Min(us): 30768, Max(us): 45791, 50th(us): 31631, 90th(us): 32719, 95th(us): 32895, 99th(us): 33215, 99.9th(us): 34015, 99.99th(us): 40991
TOTAL  - Takes(s): 1598.1, Count: 50000, OPS: 31.3, Avg(us): 31869, Min(us): 30768, Max(us): 45791, 50th(us): 31631, 90th(us): 32719, 95th(us): 32895, 99th(us): 33215, 99.9th(us): 34015, 99.99th(us): 40991
