Now loading data using DB:  etcd
core
Using request distribution 'uniform' a keyrange of [0 49999]
***************** properties *****************
"docollectingdata"="false"
"etcd.endpoints"="192.168.37.15:2387"
"threadcount"="1"
"updateproportion"="0.5"
"command"="load"
"dotransactions"="false"
"readallfields"="true"
"readproportion"="0.5"
"scanproportion"="0"
"insertproportion"="0"
"recordcount"="50000"
"operationcount"="1000000"
"workload"="core"
"etcd.dial_timeout"="1s"
"requestdistribution"="uniform"
**********************************************
INSERT - Takes(s): 10.0, Count: 224, OPS: 22.5, Avg(us): 44440, Min(us): 43744, Max(us): 46879, 50th(us): 44255, 90th(us): 45087, 95th(us): 45183, 99th(us): 45471, 99.9th(us): 46879, 99.99th(us): 46879
TOTAL  - Takes(s): 10.0, Count: 224, OPS: 22.5, Avg(us): 44440, Min(us): 43744, Max(us): 46879, 50th(us): 44255, 90th(us): 45087, 95th(us): 45183, 99th(us): 45471, 99.9th(us): 46879, 99.99th(us): 46879
INSERT - Takes(s): 20.0, Count: 448, OPS: 22.5, Avg(us): 44455, Min(us): 43744, Max(us): 46879, 50th(us): 44287, 90th(us): 45119, 95th(us): 45183, 99th(us): 45439, 99.9th(us): 46879, 99.99th(us): 46879
TOTAL  - Takes(s): 20.0, Count: 448, OPS: 22.4, Avg(us): 44455, Min(us): 43744, Max(us): 46879, 50th(us): 44287, 90th(us): 45119, 95th(us): 45183, 99th(us): 45439, 99.9th(us): 46879, 99.99th(us): 46879
INSERT - Takes(s): 30.0, Count: 673, OPS: 22.5, Avg(us): 44466, Min(us): 43744, Max(us): 46879, 50th(us): 44287, 90th(us): 45119, 95th(us): 45215, 99th(us): 45407, 99.9th(us): 45727, 99.99th(us): 46879
TOTAL  - Takes(s): 30.0, Count: 673, OPS: 22.5, Avg(us): 44466, Min(us): 43744, Max(us): 46879, 50th(us): 44287, 90th(us): 45119, 95th(us): 45215, 99th(us): 45407, 99.9th(us): 45727, 99.99th(us): 46879
INSERT - Takes(s): 40.0, Count: 897, OPS: 22.5, Avg(us): 44476, Min(us): 43744, Max(us): 46879, 50th(us): 44287, 90th(us): 45119, 95th(us): 45215, 99th(us): 45407, 99.9th(us): 45759, 99.99th(us): 46879
TOTAL  - Takes(s): 40.0, Count: 897, OPS: 22.4, Avg(us): 44476, Min(us): 43744, Max(us): 46879, 50th(us): 44287, 90th(us): 45119, 95th(us): 45215, 99th(us): 45407, 99.9th(us): 45759, 99.99th(us): 46879
INSERT - Takes(s): 50.0, Count: 1121, OPS: 22.4, Avg(us): 44477, Min(us): 43744, Max(us): 46879, 50th(us): 44287, 90th(us): 45119, 95th(us): 45215, 99th(us): 45375, 99.9th(us): 45759, 99.99th(us): 46879
TOTAL  - Takes(s): 50.0, Count: 1121, OPS: 22.4, Avg(us): 44477, Min(us): 43744, Max(us): 46879, 50th(us): 44287, 90th(us): 45119, 95th(us): 45215, 99th(us): 45375, 99.9th(us): 45759, 99.99th(us): 46879
INSERT - Takes(s): 60.0, Count: 1345, OPS: 22.4, Avg(us): 44490, Min(us): 43584, Max(us): 46879, 50th(us): 44319, 90th(us): 45151, 95th(us): 45247, 99th(us): 45407, 99.9th(us): 45759, 99.99th(us): 46879
TOTAL  - Takes(s): 60.0, Count: 1345, OPS: 22.4, Avg(us): 44490, Min(us): 43584, Max(us): 46879, 50th(us): 44319, 90th(us): 45151, 95th(us): 45247, 99th(us): 45407, 99.9th(us): 45759, 99.99th(us): 46879
INSERT - Takes(s): 70.0, Count: 1569, OPS: 22.4, Avg(us): 44498, Min(us): 43584, Max(us): 46879, 50th(us): 44319, 90th(us): 45151, 95th(us): 45247, 99th(us): 45407, 99.9th(us): 45759, 99.99th(us): 46879
TOTAL  - Takes(s): 70.0, Count: 1569, OPS: 22.4, Avg(us): 44498, Min(us): 43584, Max(us): 46879, 50th(us): 44319, 90th(us): 45151, 95th(us): 45247, 99th(us): 45407, 99.9th(us): 45759, 99.99th(us): 46879
INSERT - Takes(s): 80.0, Count: 1794, OPS: 22.4, Avg(us): 44494, Min(us): 43584, Max(us): 46879, 50th(us): 44319, 90th(us): 45151, 95th(us): 45215, 99th(us): 45407, 99.9th(us): 45759, 99.99th(us): 46879
TOTAL  - Takes(s): 80.0, Count: 1794, OPS: 22.4, Avg(us): 44494, Min(us): 43584, Max(us): 46879, 50th(us): 44319, 90th(us): 45151, 95th(us): 45215, 99th(us): 45407, 99.9th(us): 45759, 99.99th(us): 46879
INSERT - Takes(s): 90.0, Count: 2018, OPS: 22.4, Avg(us): 44490, Min(us): 43584, Max(us): 46879, 50th(us): 44319, 90th(us): 45151, 95th(us): 45215, 99th(us): 45407, 99.9th(us): 45759, 99.99th(us): 46879
TOTAL  - Takes(s): 90.0, Count: 2018, OPS: 22.4, Avg(us): 44490, Min(us): 43584, Max(us): 46879, 50th(us): 44319, 90th(us): 45151, 95th(us): 45215, 99th(us): 45407, 99.9th(us): 45759, 99.99th(us): 46879
INSERT - Takes(s): 100.0, Count: 2243, OPS: 22.4, Avg(us): 44489, Min(us): 43584, Max(us): 46879, 50th(us): 44319, 90th(us): 45119, 95th(us): 45215, 99th(us): 45407, 99.9th(us): 45855, 99.99th(us): 46879
TOTAL  - Takes(s): 100.0, Count: 2243, OPS: 22.4, Avg(us): 44489, Min(us): 43584, Max(us): 46879, 50th(us): 44319, 90th(us): 45119, 95th(us): 45215, 99th(us): 45407, 99.9th(us): 45855, 99.99th(us): 46879
INSERT - Takes(s): 110.0, Count: 2467, OPS: 22.4, Avg(us): 44487, Min(us): 43584, Max(us): 46879, 50th(us): 44319, 90th(us): 45119, 95th(us): 45215, 99th(us): 45375, 99.9th(us): 45855, 99.99th(us): 46879
TOTAL  - Takes(s): 110.0, Count: 2467, OPS: 22.4, Avg(us): 44487, Min(us): 43584, Max(us): 46879, 50th(us): 44319, 90th(us): 45119, 95th(us): 45215, 99th(us): 45375, 99.9th(us): 45855, 99.99th(us): 46879
INSERT - Takes(s): 120.0, Count: 2691, OPS: 22.4, Avg(us): 44485, Min(us): 43584, Max(us): 46879, 50th(us): 44319, 90th(us): 45119, 95th(us): 45215, 99th(us): 45375, 99.9th(us): 45855, 99.99th(us): 46879
TOTAL  - Takes(s): 120.0, Count: 2691, OPS: 22.4, Avg(us): 44485, Min(us): 43584, Max(us): 46879, 50th(us): 44319, 90th(us): 45119, 95th(us): 45215, 99th(us): 45375, 99.9th(us): 45855, 99.99th(us): 46879
INSERT - Takes(s): 130.0, Count: 2916, OPS: 22.4, Avg(us): 44485, Min(us): 43584, Max(us): 46879, 50th(us): 44319, 90th(us): 45119, 95th(us): 45215, 99th(us): 45407, 99.9th(us): 45855, 99.99th(us): 46879
TOTAL  - Takes(s): 130.0, Count: 2916, OPS: 22.4, Avg(us): 44485, Min(us): 43584, Max(us): 46879, 50th(us): 44319, 90th(us): 45119, 95th(us): 45215, 99th(us): 45407, 99.9th(us): 45855, 99.99th(us): 46879
INSERT - Takes(s): 140.0, Count: 3140, OPS: 22.4, Avg(us): 44484, Min(us): 43584, Max(us): 46879, 50th(us): 44319, 90th(us): 45119, 95th(us): 45215, 99th(us): 45407, 99.9th(us): 45855, 99.99th(us): 46879
TOTAL  - Takes(s): 140.0, Count: 3140, OPS: 22.4, Avg(us): 44484, Min(us): 43584, Max(us): 46879, 50th(us): 44319, 90th(us): 45119, 95th(us): 45215, 99th(us): 45407, 99.9th(us): 45855, 99.99th(us): 46879
INSERT - Takes(s): 150.0, Count: 3365, OPS: 22.4, Avg(us): 44483, Min(us): 43584, Max(us): 46879, 50th(us): 44319, 90th(us): 45119, 95th(us): 45215, 99th(us): 45375, 99.9th(us): 45855, 99.99th(us): 46879
TOTAL  - Takes(s): 150.0, Count: 3365, OPS: 22.4, Avg(us): 44483, Min(us): 43584, Max(us): 46879, 50th(us): 44319, 90th(us): 45119, 95th(us): 45215, 99th(us): 45375, 99.9th(us): 45855, 99.99th(us): 46879
INSERT - Takes(s): 160.0, Count: 3589, OPS: 22.4, Avg(us): 44483, Min(us): 43584, Max(us): 46879, 50th(us): 44319, 90th(us): 45119, 95th(us): 45215, 99th(us): 45375, 99.9th(us): 45759, 99.99th(us): 46879
TOTAL  - Takes(s): 160.0, Count: 3589, OPS: 22.4, Avg(us): 44483, Min(us): 43584, Max(us): 46879, 50th(us): 44319, 90th(us): 45119, 95th(us): 45215, 99th(us): 45375, 99.9th(us): 45759, 99.99th(us): 46879
INSERT - Takes(s): 170.0, Count: 3813, OPS: 22.4, Avg(us): 44481, Min(us): 43584, Max(us): 46879, 50th(us): 44319, 90th(us): 45119, 95th(us): 45215, 99th(us): 45375, 99.9th(us): 45759, 99.99th(us): 46879
TOTAL  - Takes(s): 170.0, Count: 3813, OPS: 22.4, Avg(us): 44481, Min(us): 43584, Max(us): 46879, 50th(us): 44319, 90th(us): 45119, 95th(us): 45215, 99th(us): 45375, 99.9th(us): 45759, 99.99th(us): 46879
INSERT - Takes(s): 180.0, Count: 4038, OPS: 22.4, Avg(us): 44478, Min(us): 43584, Max(us): 46879, 50th(us): 44319, 90th(us): 45119, 95th(us): 45215, 99th(us): 45375, 99.9th(us): 45759, 99.99th(us): 46879
TOTAL  - Takes(s): 180.0, Count: 4038, OPS: 22.4, Avg(us): 44478, Min(us): 43584, Max(us): 46879, 50th(us): 44319, 90th(us): 45119, 95th(us): 45215, 99th(us): 45375, 99.9th(us): 45759, 99.99th(us): 46879
INSERT - Takes(s): 190.0, Count: 4262, OPS: 22.4, Avg(us): 44477, Min(us): 43584, Max(us): 46879, 50th(us): 44319, 90th(us): 45119, 95th(us): 45215, 99th(us): 45375, 99.9th(us): 45855, 99.99th(us): 46879
TOTAL  - Takes(s): 190.0, Count: 4262, OPS: 22.4, Avg(us): 44477, Min(us): 43584, Max(us): 46879, 50th(us): 44319, 90th(us): 45119, 95th(us): 45215, 99th(us): 45375, 99.9th(us): 45855, 99.99th(us): 46879
INSERT - Takes(s): 200.0, Count: 4487, OPS: 22.4, Avg(us): 44477, Min(us): 43584, Max(us): 46879, 50th(us): 44319, 90th(us): 45119, 95th(us): 45215, 99th(us): 45375, 99.9th(us): 45855, 99.99th(us): 46879
TOTAL  - Takes(s): 200.0, Count: 4487, OPS: 22.4, Avg(us): 44477, Min(us): 43584, Max(us): 46879, 50th(us): 44319, 90th(us): 45119, 95th(us): 45215, 99th(us): 45375, 99.9th(us): 45855, 99.99th(us): 46879
INSERT - Takes(s): 210.0, Count: 4711, OPS: 22.4, Avg(us): 44476, Min(us): 43584, Max(us): 46879, 50th(us): 44319, 90th(us): 45119, 95th(us): 45215, 99th(us): 45375, 99.9th(us): 45759, 99.99th(us): 46879
TOTAL  - Takes(s): 210.0, Count: 4711, OPS: 22.4, Avg(us): 44476, Min(us): 43584, Max(us): 46879, 50th(us): 44319, 90th(us): 45119, 95th(us): 45215, 99th(us): 45375, 99.9th(us): 45759, 99.99th(us): 46879
INSERT - Takes(s): 220.0, Count: 4936, OPS: 22.4, Avg(us): 44475, Min(us): 43584, Max(us): 46879, 50th(us): 44319, 90th(us): 45119, 95th(us): 45215, 99th(us): 45343, 99.9th(us): 45759, 99.99th(us): 46879
TOTAL  - Takes(s): 220.0, Count: 4936, OPS: 22.4, Avg(us): 44475, Min(us): 43584, Max(us): 46879, 50th(us): 44319, 90th(us): 45119, 95th(us): 45215, 99th(us): 45343, 99.9th(us): 45759, 99.99th(us): 46879
INSERT - Takes(s): 230.0, Count: 5160, OPS: 22.4, Avg(us): 44475, Min(us): 43584, Max(us): 46879, 50th(us): 44287, 90th(us): 45119, 95th(us): 45215, 99th(us): 45375, 99.9th(us): 45759, 99.99th(us): 46047
TOTAL  - Takes(s): 230.0, Count: 5160, OPS: 22.4, Avg(us): 44475, Min(us): 43584, Max(us): 46879, 50th(us): 44287, 90th(us): 45119, 95th(us): 45215, 99th(us): 45375, 99.9th(us): 45759, 99.99th(us): 46047
INSERT - Takes(s): 240.0, Count: 5385, OPS: 22.4, Avg(us): 44473, Min(us): 43584, Max(us): 46879, 50th(us): 44287, 90th(us): 45119, 95th(us): 45215, 99th(us): 45375, 99.9th(us): 45759, 99.99th(us): 46047
TOTAL  - Takes(s): 240.0, Count: 5385, OPS: 22.4, Avg(us): 44473, Min(us): 43584, Max(us): 46879, 50th(us): 44287, 90th(us): 45119, 95th(us): 45215, 99th(us): 45375, 99.9th(us): 45759, 99.99th(us): 46047
INSERT - Takes(s): 250.0, Count: 5609, OPS: 22.4, Avg(us): 44472, Min(us): 43584, Max(us): 46879, 50th(us): 44287, 90th(us): 45119, 95th(us): 45215, 99th(us): 45375, 99.9th(us): 45759, 99.99th(us): 46047
TOTAL  - Takes(s): 250.0, Count: 5609, OPS: 22.4, Avg(us): 44472, Min(us): 43584, Max(us): 46879, 50th(us): 44287, 90th(us): 45119, 95th(us): 45215, 99th(us): 45375, 99.9th(us): 45759, 99.99th(us): 46047
INSERT - Takes(s): 260.0, Count: 5834, OPS: 22.4, Avg(us): 44473, Min(us): 43584, Max(us): 51743, 50th(us): 44287, 90th(us): 45119, 95th(us): 45215, 99th(us): 45375, 99.9th(us): 45855, 99.99th(us): 46879
TOTAL  - Takes(s): 260.0, Count: 5834, OPS: 22.4, Avg(us): 44473, Min(us): 43584, Max(us): 51743, 50th(us): 44287, 90th(us): 45119, 95th(us): 45215, 99th(us): 45375, 99.9th(us): 45855, 99.99th(us): 46879
INSERT - Takes(s): 270.0, Count: 6058, OPS: 22.4, Avg(us): 44473, Min(us): 43584, Max(us): 51743, 50th(us): 44287, 90th(us): 45119, 95th(us): 45215, 99th(us): 45343, 99.9th(us): 45855, 99.99th(us): 46879
TOTAL  - Takes(s): 270.0, Count: 6058, OPS: 22.4, Avg(us): 44473, Min(us): 43584, Max(us): 51743, 50th(us): 44287, 90th(us): 45119, 95th(us): 45215, 99th(us): 45343, 99.9th(us): 45855, 99.99th(us): 46879
INSERT - Takes(s): 280.0, Count: 6282, OPS: 22.4, Avg(us): 44473, Min(us): 43584, Max(us): 51743, 50th(us): 44287, 90th(us): 45119, 95th(us): 45215, 99th(us): 45343, 99.9th(us): 45855, 99.99th(us): 46879
TOTAL  - Takes(s): 280.0, Count: 6282, OPS: 22.4, Avg(us): 44473, Min(us): 43584, Max(us): 51743, 50th(us): 44287, 90th(us): 45119, 95th(us): 45215, 99th(us): 45343, 99.9th(us): 45855, 99.99th(us): 46879
INSERT - Takes(s): 290.0, Count: 6507, OPS: 22.4, Avg(us): 44473, Min(us): 43584, Max(us): 51743, 50th(us): 44287, 90th(us): 45119, 95th(us): 45215, 99th(us): 45343, 99.9th(us): 45823, 99.99th(us): 46879
TOTAL  - Takes(s): 290.0, Count: 6507, OPS: 22.4, Avg(us): 44473, Min(us): 43584, Max(us): 51743, 50th(us): 44287, 90th(us): 45119, 95th(us): 45215, 99th(us): 45343, 99.9th(us): 45823, 99.99th(us): 46879
INSERT - Takes(s): 300.0, Count: 6731, OPS: 22.4, Avg(us): 44472, Min(us): 43584, Max(us): 51743, 50th(us): 44287, 90th(us): 45119, 95th(us): 45215, 99th(us): 45375, 99.9th(us): 45823, 99.99th(us): 46879
TOTAL  - Takes(s): 300.0, Count: 6731, OPS: 22.4, Avg(us): 44472, Min(us): 43584, Max(us): 51743, 50th(us): 44287, 90th(us): 45119, 95th(us): 45215, 99th(us): 45375, 99.9th(us): 45823, 99.99th(us): 46879
INSERT - Takes(s): 310.0, Count: 6956, OPS: 22.4, Avg(us): 44472, Min(us): 43584, Max(us): 51743, 50th(us): 44287, 90th(us): 45119, 95th(us): 45215, 99th(us): 45375, 99.9th(us): 45823, 99.99th(us): 46879
TOTAL  - Takes(s): 310.0, Count: 6956, OPS: 22.4, Avg(us): 44472, Min(us): 43584, Max(us): 51743, 50th(us): 44287, 90th(us): 45119, 95th(us): 45215, 99th(us): 45375, 99.9th(us): 45823, 99.99th(us): 46879
INSERT - Takes(s): 320.0, Count: 7180, OPS: 22.4, Avg(us): 44472, Min(us): 43584, Max(us): 51743, 50th(us): 44287, 90th(us): 45119, 95th(us): 45215, 99th(us): 45375, 99.9th(us): 45823, 99.99th(us): 46879
TOTAL  - Takes(s): 320.0, Count: 7180, OPS: 22.4, Avg(us): 44472, Min(us): 43584, Max(us): 51743, 50th(us): 44287, 90th(us): 45119, 95th(us): 45215, 99th(us): 45375, 99.9th(us): 45823, 99.99th(us): 46879
INSERT - Takes(s): 330.0, Count: 7404, OPS: 22.4, Avg(us): 44472, Min(us): 43584, Max(us): 51743, 50th(us): 44287, 90th(us): 45119, 95th(us): 45215, 99th(us): 45375, 99.9th(us): 45855, 99.99th(us): 48223
TOTAL  - Takes(s): 330.0, Count: 7404, OPS: 22.4, Avg(us): 44472, Min(us): 43584, Max(us): 51743, 50th(us): 44287, 90th(us): 45119, 95th(us): 45215, 99th(us): 45375, 99.9th(us): 45855, 99.99th(us): 48223
INSERT - Takes(s): 340.0, Count: 7629, OPS: 22.4, Avg(us): 44472, Min(us): 43584, Max(us): 51743, 50th(us): 44287, 90th(us): 45119, 95th(us): 45183, 99th(us): 45375, 99.9th(us): 45823, 99.99th(us): 48223
TOTAL  - Takes(s): 340.0, Count: 7629, OPS: 22.4, Avg(us): 44472, Min(us): 43584, Max(us): 51743, 50th(us): 44287, 90th(us): 45119, 95th(us): 45183, 99th(us): 45375, 99.9th(us): 45823, 99.99th(us): 48223
INSERT - Takes(s): 350.0, Count: 7853, OPS: 22.4, Avg(us): 44472, Min(us): 43584, Max(us): 51743, 50th(us): 44287, 90th(us): 45087, 95th(us): 45183, 99th(us): 45375, 99.9th(us): 45823, 99.99th(us): 48223
TOTAL  - Takes(s): 350.0, Count: 7853, OPS: 22.4, Avg(us): 44472, Min(us): 43584, Max(us): 51743, 50th(us): 44287, 90th(us): 45087, 95th(us): 45183, 99th(us): 45375, 99.9th(us): 45823, 99.99th(us): 48223
INSERT - Takes(s): 360.0, Count: 8078, OPS: 22.4, Avg(us): 44472, Min(us): 43584, Max(us): 51743, 50th(us): 44287, 90th(us): 45087, 95th(us): 45183, 99th(us): 45375, 99.9th(us): 45823, 99.99th(us): 48223
TOTAL  - Takes(s): 360.0, Count: 8078, OPS: 22.4, Avg(us): 44472, Min(us): 43584, Max(us): 51743, 50th(us): 44287, 90th(us): 45087, 95th(us): 45183, 99th(us): 45375, 99.9th(us): 45823, 99.99th(us): 48223
INSERT - Takes(s): 370.0, Count: 8302, OPS: 22.4, Avg(us): 44473, Min(us): 43584, Max(us): 51743, 50th(us): 44287, 90th(us): 45087, 95th(us): 45183, 99th(us): 45375, 99.9th(us): 45855, 99.99th(us): 48223
TOTAL  - Takes(s): 370.0, Count: 8302, OPS: 22.4, Avg(us): 44473, Min(us): 43584, Max(us): 51743, 50th(us): 44287, 90th(us): 45087, 95th(us): 45183, 99th(us): 45375, 99.9th(us): 45855, 99.99th(us): 48223
INSERT - Takes(s): 380.0, Count: 8526, OPS: 22.4, Avg(us): 44473, Min(us): 43584, Max(us): 51743, 50th(us): 44287, 90th(us): 45087, 95th(us): 45183, 99th(us): 45375, 99.9th(us): 45823, 99.99th(us): 48223
TOTAL  - Takes(s): 380.0, Count: 8526, OPS: 22.4, Avg(us): 44473, Min(us): 43584, Max(us): 51743, 50th(us): 44287, 90th(us): 45087, 95th(us): 45183, 99th(us): 45375, 99.9th(us): 45823, 99.99th(us): 48223
INSERT - Takes(s): 390.0, Count: 8751, OPS: 22.4, Avg(us): 44473, Min(us): 43584, Max(us): 51743, 50th(us): 44287, 90th(us): 45087, 95th(us): 45183, 99th(us): 45375, 99.9th(us): 45823, 99.99th(us): 48223
TOTAL  - Takes(s): 390.0, Count: 8751, OPS: 22.4, Avg(us): 44473, Min(us): 43584, Max(us): 51743, 50th(us): 44287, 90th(us): 45087, 95th(us): 45183, 99th(us): 45375, 99.9th(us): 45823, 99.99th(us): 48223
INSERT - Takes(s): 400.0, Count: 8975, OPS: 22.4, Avg(us): 44473, Min(us): 43584, Max(us): 51743, 50th(us): 44287, 90th(us): 45087, 95th(us): 45183, 99th(us): 45375, 99.9th(us): 45823, 99.99th(us): 48223
TOTAL  - Takes(s): 400.0, Count: 8975, OPS: 22.4, Avg(us): 44473, Min(us): 43584, Max(us): 51743, 50th(us): 44287, 90th(us): 45087, 95th(us): 45183, 99th(us): 45375, 99.9th(us): 45823, 99.99th(us): 48223
INSERT - Takes(s): 410.0, Count: 9199, OPS: 22.4, Avg(us): 44474, Min(us): 43584, Max(us): 51743, 50th(us): 44287, 90th(us): 45119, 95th(us): 45183, 99th(us): 45375, 99.9th(us): 45855, 99.99th(us): 48223
TOTAL  - Takes(s): 410.0, Count: 9199, OPS: 22.4, Avg(us): 44474, Min(us): 43584, Max(us): 51743, 50th(us): 44287, 90th(us): 45119, 95th(us): 45183, 99th(us): 45375, 99.9th(us): 45855, 99.99th(us): 48223
INSERT - Takes(s): 420.0, Count: 9424, OPS: 22.4, Avg(us): 44473, Min(us): 43584, Max(us): 51743, 50th(us): 44287, 90th(us): 45119, 95th(us): 45183, 99th(us): 45375, 99.9th(us): 45855, 99.99th(us): 48223
TOTAL  - Takes(s): 420.0, Count: 9424, OPS: 22.4, Avg(us): 44473, Min(us): 43584, Max(us): 51743, 50th(us): 44287, 90th(us): 45119, 95th(us): 45183, 99th(us): 45375, 99.9th(us): 45855, 99.99th(us): 48223
INSERT - Takes(s): 430.0, Count: 9648, OPS: 22.4, Avg(us): 44473, Min(us): 43584, Max(us): 51743, 50th(us): 44287, 90th(us): 45087, 95th(us): 45183, 99th(us): 45375, 99.9th(us): 45823, 99.99th(us): 48223
TOTAL  - Takes(s): 430.0, Count: 9648, OPS: 22.4, Avg(us): 44473, Min(us): 43584, Max(us): 51743, 50th(us): 44287, 90th(us): 45087, 95th(us): 45183, 99th(us): 45375, 99.9th(us): 45823, 99.99th(us): 48223
INSERT - Takes(s): 440.0, Count: 9873, OPS: 22.4, Avg(us): 44473, Min(us): 43584, Max(us): 51743, 50th(us): 44287, 90th(us): 45119, 95th(us): 45183, 99th(us): 45375, 99.9th(us): 45823, 99.99th(us): 48223
TOTAL  - Takes(s): 440.0, Count: 9873, OPS: 22.4, Avg(us): 44473, Min(us): 43584, Max(us): 51743, 50th(us): 44287, 90th(us): 45119, 95th(us): 45183, 99th(us): 45375, 99.9th(us): 45823, 99.99th(us): 48223
INSERT - Takes(s): 450.0, Count: 10097, OPS: 22.4, Avg(us): 44473, Min(us): 43584, Max(us): 51743, 50th(us): 44287, 90th(us): 45119, 95th(us): 45183, 99th(us): 45375, 99.9th(us): 45823, 99.99th(us): 48223
TOTAL  - Takes(s): 450.0, Count: 10097, OPS: 22.4, Avg(us): 44473, Min(us): 43584, Max(us): 51743, 50th(us): 44287, 90th(us): 45119, 95th(us): 45183, 99th(us): 45375, 99.9th(us): 45823, 99.99th(us): 48223
INSERT - Takes(s): 460.0, Count: 10322, OPS: 22.4, Avg(us): 44472, Min(us): 43584, Max(us): 51743, 50th(us): 44287, 90th(us): 45119, 95th(us): 45183, 99th(us): 45375, 99.9th(us): 45855, 99.99th(us): 48223
TOTAL  - Takes(s): 460.0, Count: 10322, OPS: 22.4, Avg(us): 44472, Min(us): 43584, Max(us): 51743, 50th(us): 44287, 90th(us): 45119, 95th(us): 45183, 99th(us): 45375, 99.9th(us): 45855, 99.99th(us): 48223
INSERT - Takes(s): 470.0, Count: 10546, OPS: 22.4, Avg(us): 44472, Min(us): 43584, Max(us): 51743, 50th(us): 44287, 90th(us): 45087, 95th(us): 45183, 99th(us): 45375, 99.9th(us): 45823, 99.99th(us): 48223
TOTAL  - Takes(s): 470.0, Count: 10546, OPS: 22.4, Avg(us): 44472, Min(us): 43584, Max(us): 51743, 50th(us): 44287, 90th(us): 45087, 95th(us): 45183, 99th(us): 45375, 99.9th(us): 45823, 99.99th(us): 48223
INSERT - Takes(s): 480.0, Count: 10771, OPS: 22.4, Avg(us): 44472, Min(us): 43584, Max(us): 51743, 50th(us): 44287, 90th(us): 45087, 95th(us): 45183, 99th(us): 45375, 99.9th(us): 45855, 99.99th(us): 49055
TOTAL  - Takes(s): 480.0, Count: 10771, OPS: 22.4, Avg(us): 44472, Min(us): 43584, Max(us): 51743, 50th(us): 44287, 90th(us): 45087, 95th(us): 45183, 99th(us): 45375, 99.9th(us): 45855, 99.99th(us): 49055
INSERT - Takes(s): 490.0, Count: 10995, OPS: 22.4, Avg(us): 44472, Min(us): 43584, Max(us): 51743, 50th(us): 44287, 90th(us): 45087, 95th(us): 45183, 99th(us): 45375, 99.9th(us): 45855, 99.99th(us): 49055
TOTAL  - Takes(s): 490.0, Count: 10995, OPS: 22.4, Avg(us): 44472, Min(us): 43584, Max(us): 51743, 50th(us): 44287, 90th(us): 45087, 95th(us): 45183, 99th(us): 45375, 99.9th(us): 45855, 99.99th(us): 49055
INSERT - Takes(s): 500.0, Count: 11219, OPS: 22.4, Avg(us): 44472, Min(us): 43584, Max(us): 51743, 50th(us): 44287, 90th(us): 45087, 95th(us): 45183, 99th(us): 45375, 99.9th(us): 45855, 99.99th(us): 49055
TOTAL  - Takes(s): 500.0, Count: 11219, OPS: 22.4, Avg(us): 44472, Min(us): 43584, Max(us): 51743, 50th(us): 44287, 90th(us): 45087, 95th(us): 45183, 99th(us): 45375, 99.9th(us): 45855, 99.99th(us): 49055
INSERT - Takes(s): 510.0, Count: 11444, OPS: 22.4, Avg(us): 44472, Min(us): 43584, Max(us): 51743, 50th(us): 44287, 90th(us): 45087, 95th(us): 45183, 99th(us): 45375, 99.9th(us): 45855, 99.99th(us): 49055
TOTAL  - Takes(s): 510.0, Count: 11444, OPS: 22.4, Avg(us): 44472, Min(us): 43584, Max(us): 51743, 50th(us): 44287, 90th(us): 45087, 95th(us): 45183, 99th(us): 45375, 99.9th(us): 45855, 99.99th(us): 49055
INSERT - Takes(s): 520.0, Count: 11668, OPS: 22.4, Avg(us): 44471, Min(us): 43584, Max(us): 51743, 50th(us): 44287, 90th(us): 45087, 95th(us): 45183, 99th(us): 45375, 99.9th(us): 45823, 99.99th(us): 49055
TOTAL  - Takes(s): 520.0, Count: 11668, OPS: 22.4, Avg(us): 44471, Min(us): 43584, Max(us): 51743, 50th(us): 44287, 90th(us): 45087, 95th(us): 45183, 99th(us): 45375, 99.9th(us): 45823, 99.99th(us): 49055
INSERT - Takes(s): 530.0, Count: 11893, OPS: 22.4, Avg(us): 44471, Min(us): 43584, Max(us): 51743, 50th(us): 44287, 90th(us): 45087, 95th(us): 45183, 99th(us): 45375, 99.9th(us): 45823, 99.99th(us): 49055
TOTAL  - Takes(s): 530.0, Count: 11893, OPS: 22.4, Avg(us): 44471, Min(us): 43584, Max(us): 51743, 50th(us): 44287, 90th(us): 45087, 95th(us): 45183, 99th(us): 45375, 99.9th(us): 45823, 99.99th(us): 49055
INSERT - Takes(s): 540.0, Count: 12118, OPS: 22.4, Avg(us): 44470, Min(us): 43584, Max(us): 51743, 50th(us): 44287, 90th(us): 45087, 95th(us): 45183, 99th(us): 45375, 99.9th(us): 45823, 99.99th(us): 49055
TOTAL  - Takes(s): 540.0, Count: 12118, OPS: 22.4, Avg(us): 44470, Min(us): 43584, Max(us): 51743, 50th(us): 44287, 90th(us): 45087, 95th(us): 45183, 99th(us): 45375, 99.9th(us): 45823, 99.99th(us): 49055
INSERT - Takes(s): 550.0, Count: 12342, OPS: 22.4, Avg(us): 44471, Min(us): 43584, Max(us): 51743, 50th(us): 44287, 90th(us): 45087, 95th(us): 45183, 99th(us): 45375, 99.9th(us): 45855, 99.99th(us): 51039
TOTAL  - Takes(s): 550.0, Count: 12342, OPS: 22.4, Avg(us): 44471, Min(us): 43584, Max(us): 51743, 50th(us): 44287, 90th(us): 45087, 95th(us): 45183, 99th(us): 45375, 99.9th(us): 45855, 99.99th(us): 51039
INSERT - Takes(s): 560.0, Count: 12566, OPS: 22.4, Avg(us): 44471, Min(us): 43584, Max(us): 51743, 50th(us): 44287, 90th(us): 45087, 95th(us): 45183, 99th(us): 45375, 99.9th(us): 45855, 99.99th(us): 51039
TOTAL  - Takes(s): 560.0, Count: 12566, OPS: 22.4, Avg(us): 44471, Min(us): 43584, Max(us): 51743, 50th(us): 44287, 90th(us): 45087, 95th(us): 45183, 99th(us): 45375, 99.9th(us): 45855, 99.99th(us): 51039
INSERT - Takes(s): 570.0, Count: 12791, OPS: 22.4, Avg(us): 44471, Min(us): 43584, Max(us): 51743, 50th(us): 44287, 90th(us): 45087, 95th(us): 45183, 99th(us): 45375, 99.9th(us): 45855, 99.99th(us): 51039
TOTAL  - Takes(s): 570.0, Count: 12791, OPS: 22.4, Avg(us): 44471, Min(us): 43584, Max(us): 51743, 50th(us): 44287, 90th(us): 45087, 95th(us): 45183, 99th(us): 45375, 99.9th(us): 45855, 99.99th(us): 51039
INSERT - Takes(s): 580.0, Count: 13015, OPS: 22.4, Avg(us): 44470, Min(us): 43584, Max(us): 51743, 50th(us): 44287, 90th(us): 45087, 95th(us): 45183, 99th(us): 45375, 99.9th(us): 45855, 99.99th(us): 51039
TOTAL  - Takes(s): 580.0, Count: 13015, OPS: 22.4, Avg(us): 44470, Min(us): 43584, Max(us): 51743, 50th(us): 44287, 90th(us): 45087, 95th(us): 45183, 99th(us): 45375, 99.9th(us): 45855, 99.99th(us): 51039
INSERT - Takes(s): 590.0, Count: 13240, OPS: 22.4, Avg(us): 44470, Min(us): 43584, Max(us): 51743, 50th(us): 44287, 90th(us): 45087, 95th(us): 45183, 99th(us): 45375, 99.9th(us): 45855, 99.99th(us): 51039
TOTAL  - Takes(s): 590.0, Count: 13240, OPS: 22.4, Avg(us): 44470, Min(us): 43584, Max(us): 51743, 50th(us): 44287, 90th(us): 45087, 95th(us): 45183, 99th(us): 45375, 99.9th(us): 45855, 99.99th(us): 51039
INSERT - Takes(s): 600.0, Count: 13464, OPS: 22.4, Avg(us): 44469, Min(us): 43584, Max(us): 51743, 50th(us): 44287, 90th(us): 45087, 95th(us): 45183, 99th(us): 45375, 99.9th(us): 45855, 99.99th(us): 51039
TOTAL  - Takes(s): 600.0, Count: 13464, OPS: 22.4, Avg(us): 44469, Min(us): 43584, Max(us): 51743, 50th(us): 44287, 90th(us): 45087, 95th(us): 45183, 99th(us): 45375, 99.9th(us): 45855, 99.99th(us): 51039
INSERT - Takes(s): 610.0, Count: 13689, OPS: 22.4, Avg(us): 44467, Min(us): 43584, Max(us): 51743, 50th(us): 44287, 90th(us): 45087, 95th(us): 45183, 99th(us): 45375, 99.9th(us): 45855, 99.99th(us): 51039
TOTAL  - Takes(s): 610.0, Count: 13689, OPS: 22.4, Avg(us): 44467, Min(us): 43584, Max(us): 51743, 50th(us): 44287, 90th(us): 45087, 95th(us): 45183, 99th(us): 45375, 99.9th(us): 45855, 99.99th(us): 51039
INSERT - Takes(s): 620.0, Count: 13914, OPS: 22.4, Avg(us): 44467, Min(us): 43584, Max(us): 51743, 50th(us): 44287, 90th(us): 45087, 95th(us): 45183, 99th(us): 45375, 99.9th(us): 45855, 99.99th(us): 51039
TOTAL  - Takes(s): 620.0, Count: 13914, OPS: 22.4, Avg(us): 44467, Min(us): 43584, Max(us): 51743, 50th(us): 44287, 90th(us): 45087, 95th(us): 45183, 99th(us): 45375, 99.9th(us): 45855, 99.99th(us): 51039
INSERT - Takes(s): 630.0, Count: 14138, OPS: 22.4, Avg(us): 44466, Min(us): 43584, Max(us): 51743, 50th(us): 44287, 90th(us): 45087, 95th(us): 45183, 99th(us): 45375, 99.9th(us): 45855, 99.99th(us): 51039
TOTAL  - Takes(s): 630.0, Count: 14138, OPS: 22.4, Avg(us): 44466, Min(us): 43584, Max(us): 51743, 50th(us): 44287, 90th(us): 45087, 95th(us): 45183, 99th(us): 45375, 99.9th(us): 45855, 99.99th(us): 51039
INSERT - Takes(s): 640.0, Count: 14363, OPS: 22.4, Avg(us): 44466, Min(us): 43584, Max(us): 51743, 50th(us): 44287, 90th(us): 45087, 95th(us): 45183, 99th(us): 45375, 99.9th(us): 45855, 99.99th(us): 51039
TOTAL  - Takes(s): 640.0, Count: 14363, OPS: 22.4, Avg(us): 44466, Min(us): 43584, Max(us): 51743, 50th(us): 44287, 90th(us): 45087, 95th(us): 45183, 99th(us): 45375, 99.9th(us): 45855, 99.99th(us): 51039
INSERT - Takes(s): 650.0, Count: 14587, OPS: 22.4, Avg(us): 44466, Min(us): 43584, Max(us): 51743, 50th(us): 44287, 90th(us): 45087, 95th(us): 45183, 99th(us): 45375, 99.9th(us): 45823, 99.99th(us): 51039
TOTAL  - Takes(s): 650.0, Count: 14587, OPS: 22.4, Avg(us): 44466, Min(us): 43584, Max(us): 51743, 50th(us): 44287, 90th(us): 45087, 95th(us): 45183, 99th(us): 45375, 99.9th(us): 45823, 99.99th(us): 51039
INSERT - Takes(s): 660.0, Count: 14812, OPS: 22.4, Avg(us): 44466, Min(us): 43584, Max(us): 51743, 50th(us): 44287, 90th(us): 45087, 95th(us): 45183, 99th(us): 45375, 99.9th(us): 45823, 99.99th(us): 51039
TOTAL  - Takes(s): 660.0, Count: 14812, OPS: 22.4, Avg(us): 44466, Min(us): 43584, Max(us): 51743, 50th(us): 44287, 90th(us): 45087, 95th(us): 45183, 99th(us): 45375, 99.9th(us): 45823, 99.99th(us): 51039
INSERT - Takes(s): 670.0, Count: 15036, OPS: 22.4, Avg(us): 44466, Min(us): 43584, Max(us): 51743, 50th(us): 44287, 90th(us): 45087, 95th(us): 45183, 99th(us): 45375, 99.9th(us): 45823, 99.99th(us): 49055
TOTAL  - Takes(s): 670.0, Count: 15036, OPS: 22.4, Avg(us): 44466, Min(us): 43584, Max(us): 51743, 50th(us): 44287, 90th(us): 45087, 95th(us): 45183, 99th(us): 45375, 99.9th(us): 45823, 99.99th(us): 49055
INSERT - Takes(s): 680.0, Count: 15261, OPS: 22.4, Avg(us): 44466, Min(us): 43584, Max(us): 51743, 50th(us): 44287, 90th(us): 45087, 95th(us): 45183, 99th(us): 45375, 99.9th(us): 45823, 99.99th(us): 49055
TOTAL  - Takes(s): 680.0, Count: 15261, OPS: 22.4, Avg(us): 44466, Min(us): 43584, Max(us): 51743, 50th(us): 44287, 90th(us): 45087, 95th(us): 45183, 99th(us): 45375, 99.9th(us): 45823, 99.99th(us): 49055
INSERT - Takes(s): 690.0, Count: 15485, OPS: 22.4, Avg(us): 44465, Min(us): 43584, Max(us): 51743, 50th(us): 44287, 90th(us): 45087, 95th(us): 45183, 99th(us): 45375, 99.9th(us): 45823, 99.99th(us): 49055
TOTAL  - Takes(s): 690.0, Count: 15485, OPS: 22.4, Avg(us): 44465, Min(us): 43584, Max(us): 51743, 50th(us): 44287, 90th(us): 45087, 95th(us): 45183, 99th(us): 45375, 99.9th(us): 45823, 99.99th(us): 49055
INSERT - Takes(s): 700.0, Count: 15710, OPS: 22.4, Avg(us): 44464, Min(us): 43584, Max(us): 51743, 50th(us): 44287, 90th(us): 45087, 95th(us): 45183, 99th(us): 45375, 99.9th(us): 45791, 99.99th(us): 49055
TOTAL  - Takes(s): 700.0, Count: 15710, OPS: 22.4, Avg(us): 44464, Min(us): 43584, Max(us): 51743, 50th(us): 44287, 90th(us): 45087, 95th(us): 45183, 99th(us): 45375, 99.9th(us): 45791, 99.99th(us): 49055
INSERT - Takes(s): 710.0, Count: 15935, OPS: 22.4, Avg(us): 44464, Min(us): 43584, Max(us): 51743, 50th(us): 44287, 90th(us): 45087, 95th(us): 45183, 99th(us): 45375, 99.9th(us): 45823, 99.99th(us): 49055
TOTAL  - Takes(s): 710.0, Count: 15935, OPS: 22.4, Avg(us): 44464, Min(us): 43584, Max(us): 51743, 50th(us): 44287, 90th(us): 45087, 95th(us): 45183, 99th(us): 45375, 99.9th(us): 45823, 99.99th(us): 49055
INSERT - Takes(s): 720.0, Count: 16160, OPS: 22.4, Avg(us): 44463, Min(us): 43584, Max(us): 51743, 50th(us): 44287, 90th(us): 45087, 95th(us): 45183, 99th(us): 45375, 99.9th(us): 45855, 99.99th(us): 49055
TOTAL  - Takes(s): 720.0, Count: 16160, OPS: 22.4, Avg(us): 44463, Min(us): 43584, Max(us): 51743, 50th(us): 44287, 90th(us): 45087, 95th(us): 45183, 99th(us): 45375, 99.9th(us): 45855, 99.99th(us): 49055
INSERT - Takes(s): 730.0, Count: 16385, OPS: 22.4, Avg(us): 44461, Min(us): 43584, Max(us): 51743, 50th(us): 44287, 90th(us): 45087, 95th(us): 45183, 99th(us): 45375, 99.9th(us): 45855, 99.99th(us): 49055
TOTAL  - Takes(s): 730.0, Count: 16385, OPS: 22.4, Avg(us): 44461, Min(us): 43584, Max(us): 51743, 50th(us): 44287, 90th(us): 45087, 95th(us): 45183, 99th(us): 45375, 99.9th(us): 45855, 99.99th(us): 49055
INSERT - Takes(s): 740.0, Count: 16610, OPS: 22.4, Avg(us): 44459, Min(us): 43584, Max(us): 51743, 50th(us): 44287, 90th(us): 45087, 95th(us): 45183, 99th(us): 45375, 99.9th(us): 45855, 99.99th(us): 49055
TOTAL  - Takes(s): 740.0, Count: 16610, OPS: 22.4, Avg(us): 44459, Min(us): 43584, Max(us): 51743, 50th(us): 44287, 90th(us): 45087, 95th(us): 45183, 99th(us): 45375, 99.9th(us): 45855, 99.99th(us): 49055
INSERT - Takes(s): 750.0, Count: 16835, OPS: 22.4, Avg(us): 44458, Min(us): 43584, Max(us): 51743, 50th(us): 44287, 90th(us): 45087, 95th(us): 45183, 99th(us): 45375, 99.9th(us): 45855, 99.99th(us): 49055
TOTAL  - Takes(s): 750.0, Count: 16835, OPS: 22.4, Avg(us): 44458, Min(us): 43584, Max(us): 51743, 50th(us): 44287, 90th(us): 45087, 95th(us): 45183, 99th(us): 45375, 99.9th(us): 45855, 99.99th(us): 49055
INSERT - Takes(s): 760.0, Count: 17059, OPS: 22.4, Avg(us): 44458, Min(us): 43584, Max(us): 51743, 50th(us): 44287, 90th(us): 45087, 95th(us): 45183, 99th(us): 45375, 99.9th(us): 45855, 99.99th(us): 49727
TOTAL  - Takes(s): 760.0, Count: 17059, OPS: 22.4, Avg(us): 44458, Min(us): 43584, Max(us): 51743, 50th(us): 44287, 90th(us): 45087, 95th(us): 45183, 99th(us): 45375, 99.9th(us): 45855, 99.99th(us): 49727
INSERT - Takes(s): 770.0, Count: 17284, OPS: 22.4, Avg(us): 44458, Min(us): 43584, Max(us): 51743, 50th(us): 44287, 90th(us): 45087, 95th(us): 45183, 99th(us): 45375, 99.9th(us): 45855, 99.99th(us): 49727
TOTAL  - Takes(s): 770.0, Count: 17284, OPS: 22.4, Avg(us): 44458, Min(us): 43584, Max(us): 51743, 50th(us): 44287, 90th(us): 45087, 95th(us): 45183, 99th(us): 45375, 99.9th(us): 45855, 99.99th(us): 49727
INSERT - Takes(s): 780.0, Count: 17508, OPS: 22.4, Avg(us): 44458, Min(us): 43584, Max(us): 51743, 50th(us): 44287, 90th(us): 45087, 95th(us): 45183, 99th(us): 45375, 99.9th(us): 45855, 99.99th(us): 49727
TOTAL  - Takes(s): 780.0, Count: 17508, OPS: 22.4, Avg(us): 44458, Min(us): 43584, Max(us): 51743, 50th(us): 44287, 90th(us): 45087, 95th(us): 45183, 99th(us): 45375, 99.9th(us): 45855, 99.99th(us): 49727
INSERT - Takes(s): 790.0, Count: 17732, OPS: 22.4, Avg(us): 44459, Min(us): 43584, Max(us): 51743, 50th(us): 44287, 90th(us): 45087, 95th(us): 45183, 99th(us): 45375, 99.9th(us): 45887, 99.99th(us): 51039
TOTAL  - Takes(s): 790.0, Count: 17732, OPS: 22.4, Avg(us): 44459, Min(us): 43584, Max(us): 51743, 50th(us): 44287, 90th(us): 45087, 95th(us): 45183, 99th(us): 45375, 99.9th(us): 45887, 99.99th(us): 51039
INSERT - Takes(s): 800.0, Count: 17957, OPS: 22.4, Avg(us): 44459, Min(us): 43584, Max(us): 51743, 50th(us): 44287, 90th(us): 45087, 95th(us): 45183, 99th(us): 45375, 99.9th(us): 45887, 99.99th(us): 51039
TOTAL  - Takes(s): 800.0, Count: 17957, OPS: 22.4, Avg(us): 44459, Min(us): 43584, Max(us): 51743, 50th(us): 44287, 90th(us): 45087, 95th(us): 45183, 99th(us): 45375, 99.9th(us): 45887, 99.99th(us): 51039
INSERT - Takes(s): 810.0, Count: 18181, OPS: 22.4, Avg(us): 44459, Min(us): 43584, Max(us): 51743, 50th(us): 44287, 90th(us): 45087, 95th(us): 45183, 99th(us): 45375, 99.9th(us): 45887, 99.99th(us): 51039
TOTAL  - Takes(s): 810.0, Count: 18181, OPS: 22.4, Avg(us): 44459, Min(us): 43584, Max(us): 51743, 50th(us): 44287, 90th(us): 45087, 95th(us): 45183, 99th(us): 45375, 99.9th(us): 45887, 99.99th(us): 51039
INSERT - Takes(s): 820.0, Count: 18406, OPS: 22.4, Avg(us): 44459, Min(us): 43584, Max(us): 51743, 50th(us): 44287, 90th(us): 45087, 95th(us): 45183, 99th(us): 45375, 99.9th(us): 45887, 99.99th(us): 51039
TOTAL  - Takes(s): 820.0, Count: 18406, OPS: 22.4, Avg(us): 44459, Min(us): 43584, Max(us): 51743, 50th(us): 44287, 90th(us): 45087, 95th(us): 45183, 99th(us): 45375, 99.9th(us): 45887, 99.99th(us): 51039
INSERT - Takes(s): 830.0, Count: 18630, OPS: 22.4, Avg(us): 44459, Min(us): 43584, Max(us): 51743, 50th(us): 44287, 90th(us): 45087, 95th(us): 45183, 99th(us): 45375, 99.9th(us): 45887, 99.99th(us): 51039
TOTAL  - Takes(s): 830.0, Count: 18630, OPS: 22.4, Avg(us): 44459, Min(us): 43584, Max(us): 51743, 50th(us): 44287, 90th(us): 45087, 95th(us): 45183, 99th(us): 45375, 99.9th(us): 45887, 99.99th(us): 51039
INSERT - Takes(s): 840.0, Count: 18855, OPS: 22.4, Avg(us): 44459, Min(us): 43584, Max(us): 51743, 50th(us): 44287, 90th(us): 45087, 95th(us): 45183, 99th(us): 45375, 99.9th(us): 45887, 99.99th(us): 51039
TOTAL  - Takes(s): 840.0, Count: 18855, OPS: 22.4, Avg(us): 44459, Min(us): 43584, Max(us): 51743, 50th(us): 44287, 90th(us): 45087, 95th(us): 45183, 99th(us): 45375, 99.9th(us): 45887, 99.99th(us): 51039
INSERT - Takes(s): 850.0, Count: 19079, OPS: 22.4, Avg(us): 44459, Min(us): 43584, Max(us): 51743, 50th(us): 44287, 90th(us): 45087, 95th(us): 45183, 99th(us): 45375, 99.9th(us): 45887, 99.99th(us): 51039
TOTAL  - Takes(s): 850.0, Count: 19079, OPS: 22.4, Avg(us): 44459, Min(us): 43584, Max(us): 51743, 50th(us): 44287, 90th(us): 45087, 95th(us): 45183, 99th(us): 45375, 99.9th(us): 45887, 99.99th(us): 51039
INSERT - Takes(s): 860.0, Count: 19304, OPS: 22.4, Avg(us): 44459, Min(us): 43584, Max(us): 51743, 50th(us): 44287, 90th(us): 45087, 95th(us): 45183, 99th(us): 45375, 99.9th(us): 45887, 99.99th(us): 51039
TOTAL  - Takes(s): 860.0, Count: 19304, OPS: 22.4, Avg(us): 44459, Min(us): 43584, Max(us): 51743, 50th(us): 44287, 90th(us): 45087, 95th(us): 45183, 99th(us): 45375, 99.9th(us): 45887, 99.99th(us): 51039
INSERT - Takes(s): 870.0, Count: 19528, OPS: 22.4, Avg(us): 44459, Min(us): 43584, Max(us): 51743, 50th(us): 44287, 90th(us): 45087, 95th(us): 45183, 99th(us): 45375, 99.9th(us): 45855, 99.99th(us): 51039
TOTAL  - Takes(s): 870.0, Count: 19528, OPS: 22.4, Avg(us): 44459, Min(us): 43584, Max(us): 51743, 50th(us): 44287, 90th(us): 45087, 95th(us): 45183, 99th(us): 45375, 99.9th(us): 45855, 99.99th(us): 51039
INSERT - Takes(s): 880.0, Count: 19753, OPS: 22.4, Avg(us): 44459, Min(us): 43584, Max(us): 51743, 50th(us): 44287, 90th(us): 45087, 95th(us): 45183, 99th(us): 45375, 99.9th(us): 45855, 99.99th(us): 51039
TOTAL  - Takes(s): 880.0, Count: 19753, OPS: 22.4, Avg(us): 44459, Min(us): 43584, Max(us): 51743, 50th(us): 44287, 90th(us): 45087, 95th(us): 45183, 99th(us): 45375, 99.9th(us): 45855, 99.99th(us): 51039
INSERT - Takes(s): 890.0, Count: 19977, OPS: 22.4, Avg(us): 44459, Min(us): 43584, Max(us): 51743, 50th(us): 44287, 90th(us): 45087, 95th(us): 45183, 99th(us): 45375, 99.9th(us): 45855, 99.99th(us): 51039
TOTAL  - Takes(s): 890.0, Count: 19977, OPS: 22.4, Avg(us): 44459, Min(us): 43584, Max(us): 51743, 50th(us): 44287, 90th(us): 45087, 95th(us): 45183, 99th(us): 45375, 99.9th(us): 45855, 99.99th(us): 51039
INSERT - Takes(s): 900.0, Count: 20202, OPS: 22.4, Avg(us): 44458, Min(us): 43584, Max(us): 51743, 50th(us): 44287, 90th(us): 45087, 95th(us): 45183, 99th(us): 45375, 99.9th(us): 45887, 99.99th(us): 51039
TOTAL  - Takes(s): 900.0, Count: 20202, OPS: 22.4, Avg(us): 44458, Min(us): 43584, Max(us): 51743, 50th(us): 44287, 90th(us): 45087, 95th(us): 45183, 99th(us): 45375, 99.9th(us): 45887, 99.99th(us): 51039
INSERT - Takes(s): 910.0, Count: 20427, OPS: 22.4, Avg(us): 44457, Min(us): 43584, Max(us): 51743, 50th(us): 44287, 90th(us): 45087, 95th(us): 45183, 99th(us): 45375, 99.9th(us): 45887, 99.99th(us): 51039
TOTAL  - Takes(s): 910.0, Count: 20427, OPS: 22.4, Avg(us): 44457, Min(us): 43584, Max(us): 51743, 50th(us): 44287, 90th(us): 45087, 95th(us): 45183, 99th(us): 45375, 99.9th(us): 45887, 99.99th(us): 51039
INSERT - Takes(s): 920.0, Count: 20652, OPS: 22.4, Avg(us): 44456, Min(us): 43584, Max(us): 51743, 50th(us): 44287, 90th(us): 45087, 95th(us): 45183, 99th(us): 45375, 99.9th(us): 45855, 99.99th(us): 51039
TOTAL  - Takes(s): 920.0, Count: 20652, OPS: 22.4, Avg(us): 44456, Min(us): 43584, Max(us): 51743, 50th(us): 44287, 90th(us): 45087, 95th(us): 45183, 99th(us): 45375, 99.9th(us): 45855, 99.99th(us): 51039
INSERT - Takes(s): 930.0, Count: 20877, OPS: 22.4, Avg(us): 44455, Min(us): 43584, Max(us): 51743, 50th(us): 44287, 90th(us): 45087, 95th(us): 45183, 99th(us): 45375, 99.9th(us): 45855, 99.99th(us): 51039
TOTAL  - Takes(s): 930.0, Count: 20877, OPS: 22.4, Avg(us): 44455, Min(us): 43584, Max(us): 51743, 50th(us): 44287, 90th(us): 45087, 95th(us): 45183, 99th(us): 45375, 99.9th(us): 45855, 99.99th(us): 51039
INSERT - Takes(s): 940.0, Count: 21101, OPS: 22.4, Avg(us): 44454, Min(us): 43584, Max(us): 51743, 50th(us): 44287, 90th(us): 45087, 95th(us): 45183, 99th(us): 45375, 99.9th(us): 45855, 99.99th(us): 51039
TOTAL  - Takes(s): 940.0, Count: 21101, OPS: 22.4, Avg(us): 44454, Min(us): 43584, Max(us): 51743, 50th(us): 44287, 90th(us): 45087, 95th(us): 45183, 99th(us): 45375, 99.9th(us): 45855, 99.99th(us): 51039
INSERT - Takes(s): 950.0, Count: 21326, OPS: 22.4, Avg(us): 44454, Min(us): 43584, Max(us): 51743, 50th(us): 44287, 90th(us): 45087, 95th(us): 45183, 99th(us): 45375, 99.9th(us): 45887, 99.99th(us): 51039
TOTAL  - Takes(s): 950.0, Count: 21326, OPS: 22.4, Avg(us): 44454, Min(us): 43584, Max(us): 51743, 50th(us): 44287, 90th(us): 45087, 95th(us): 45183, 99th(us): 45375, 99.9th(us): 45887, 99.99th(us): 51039
INSERT - Takes(s): 960.0, Count: 21551, OPS: 22.5, Avg(us): 44453, Min(us): 43584, Max(us): 51743, 50th(us): 44287, 90th(us): 45087, 95th(us): 45183, 99th(us): 45375, 99.9th(us): 45855, 99.99th(us): 51039
TOTAL  - Takes(s): 960.0, Count: 21551, OPS: 22.5, Avg(us): 44453, Min(us): 43584, Max(us): 51743, 50th(us): 44287, 90th(us): 45087, 95th(us): 45183, 99th(us): 45375, 99.9th(us): 45855, 99.99th(us): 51039
INSERT - Takes(s): 970.0, Count: 21776, OPS: 22.5, Avg(us): 44452, Min(us): 43584, Max(us): 51743, 50th(us): 44287, 90th(us): 45087, 95th(us): 45183, 99th(us): 45375, 99.9th(us): 45855, 99.99th(us): 51039
TOTAL  - Takes(s): 970.0, Count: 21776, OPS: 22.5, Avg(us): 44452, Min(us): 43584, Max(us): 51743, 50th(us): 44287, 90th(us): 45087, 95th(us): 45183, 99th(us): 45375, 99.9th(us): 45855, 99.99th(us): 51039
INSERT - Takes(s): 980.0, Count: 22001, OPS: 22.5, Avg(us): 44452, Min(us): 43584, Max(us): 51743, 50th(us): 44287, 90th(us): 45087, 95th(us): 45183, 99th(us): 45375, 99.9th(us): 45887, 99.99th(us): 51039
TOTAL  - Takes(s): 980.0, Count: 22001, OPS: 22.5, Avg(us): 44452, Min(us): 43584, Max(us): 51743, 50th(us): 44287, 90th(us): 45087, 95th(us): 45183, 99th(us): 45375, 99.9th(us): 45887, 99.99th(us): 51039
INSERT - Takes(s): 990.0, Count: 22225, OPS: 22.5, Avg(us): 44451, Min(us): 43584, Max(us): 51743, 50th(us): 44287, 90th(us): 45087, 95th(us): 45183, 99th(us): 45375, 99.9th(us): 45887, 99.99th(us): 51039
TOTAL  - Takes(s): 990.0, Count: 22225, OPS: 22.5, Avg(us): 44451, Min(us): 43584, Max(us): 51743, 50th(us): 44287, 90th(us): 45087, 95th(us): 45183, 99th(us): 45375, 99.9th(us): 45887, 99.99th(us): 51039
INSERT - Takes(s): 1000.0, Count: 22450, OPS: 22.5, Avg(us): 44451, Min(us): 43584, Max(us): 51743, 50th(us): 44287, 90th(us): 45087, 95th(us): 45183, 99th(us): 45375, 99.9th(us): 45887, 99.99th(us): 51039
TOTAL  - Takes(s): 1000.0, Count: 22450, OPS: 22.5, Avg(us): 44451, Min(us): 43584, Max(us): 51743, 50th(us): 44287, 90th(us): 45087, 95th(us): 45183, 99th(us): 45375, 99.9th(us): 45887, 99.99th(us): 51039
INSERT - Takes(s): 1010.0, Count: 22675, OPS: 22.5, Avg(us): 44450, Min(us): 43520, Max(us): 51743, 50th(us): 44287, 90th(us): 45087, 95th(us): 45183, 99th(us): 45375, 99.9th(us): 45855, 99.99th(us): 51039
TOTAL  - Takes(s): 1010.0, Count: 22675, OPS: 22.5, Avg(us): 44450, Min(us): 43520, Max(us): 51743, 50th(us): 44287, 90th(us): 45087, 95th(us): 45183, 99th(us): 45375, 99.9th(us): 45855, 99.99th(us): 51039
INSERT - Takes(s): 1020.0, Count: 22900, OPS: 22.5, Avg(us): 44449, Min(us): 43520, Max(us): 51743, 50th(us): 44287, 90th(us): 45087, 95th(us): 45183, 99th(us): 45375, 99.9th(us): 45855, 99.99th(us): 51039
TOTAL  - Takes(s): 1020.0, Count: 22900, OPS: 22.5, Avg(us): 44449, Min(us): 43520, Max(us): 51743, 50th(us): 44287, 90th(us): 45087, 95th(us): 45183, 99th(us): 45375, 99.9th(us): 45855, 99.99th(us): 51039
INSERT - Takes(s): 1030.0, Count: 23125, OPS: 22.5, Avg(us): 44449, Min(us): 43520, Max(us): 51743, 50th(us): 44287, 90th(us): 45087, 95th(us): 45183, 99th(us): 45375, 99.9th(us): 45855, 99.99th(us): 51039
TOTAL  - Takes(s): 1030.0, Count: 23125, OPS: 22.5, Avg(us): 44449, Min(us): 43520, Max(us): 51743, 50th(us): 44287, 90th(us): 45087, 95th(us): 45183, 99th(us): 45375, 99.9th(us): 45855, 99.99th(us): 51039
INSERT - Takes(s): 1040.0, Count: 23350, OPS: 22.5, Avg(us): 44448, Min(us): 43520, Max(us): 51743, 50th(us): 44287, 90th(us): 45087, 95th(us): 45183, 99th(us): 45375, 99.9th(us): 45855, 99.99th(us): 51039
TOTAL  - Takes(s): 1040.0, Count: 23350, OPS: 22.5, Avg(us): 44448, Min(us): 43520, Max(us): 51743, 50th(us): 44287, 90th(us): 45087, 95th(us): 45183, 99th(us): 45375, 99.9th(us): 45855, 99.99th(us): 51039
INSERT - Takes(s): 1050.0, Count: 23574, OPS: 22.5, Avg(us): 44448, Min(us): 43520, Max(us): 51743, 50th(us): 44287, 90th(us): 45087, 95th(us): 45183, 99th(us): 45375, 99.9th(us): 45887, 99.99th(us): 51103
TOTAL  - Takes(s): 1050.0, Count: 23574, OPS: 22.5, Avg(us): 44448, Min(us): 43520, Max(us): 51743, 50th(us): 44287, 90th(us): 45087, 95th(us): 45183, 99th(us): 45375, 99.9th(us): 45887, 99.99th(us): 51103
INSERT - Takes(s): 1060.0, Count: 23799, OPS: 22.5, Avg(us): 44448, Min(us): 43520, Max(us): 51743, 50th(us): 44287, 90th(us): 45087, 95th(us): 45183, 99th(us): 45375, 99.9th(us): 45887, 99.99th(us): 51103
TOTAL  - Takes(s): 1060.0, Count: 23799, OPS: 22.5, Avg(us): 44448, Min(us): 43520, Max(us): 51743, 50th(us): 44287, 90th(us): 45087, 95th(us): 45183, 99th(us): 45375, 99.9th(us): 45887, 99.99th(us): 51103
INSERT - Takes(s): 1070.0, Count: 24024, OPS: 22.5, Avg(us): 44447, Min(us): 43520, Max(us): 51743, 50th(us): 44287, 90th(us): 45087, 95th(us): 45183, 99th(us): 45375, 99.9th(us): 45887, 99.99th(us): 51103
TOTAL  - Takes(s): 1070.0, Count: 24024, OPS: 22.5, Avg(us): 44447, Min(us): 43520, Max(us): 51743, 50th(us): 44287, 90th(us): 45087, 95th(us): 45183, 99th(us): 45375, 99.9th(us): 45887, 99.99th(us): 51103
INSERT - Takes(s): 1080.0, Count: 24248, OPS: 22.5, Avg(us): 44447, Min(us): 43520, Max(us): 51743, 50th(us): 44287, 90th(us): 45087, 95th(us): 45151, 99th(us): 45375, 99.9th(us): 45919, 99.99th(us): 51103
TOTAL  - Takes(s): 1080.0, Count: 24248, OPS: 22.5, Avg(us): 44447, Min(us): 43520, Max(us): 51743, 50th(us): 44287, 90th(us): 45087, 95th(us): 45151, 99th(us): 45375, 99.9th(us): 45919, 99.99th(us): 51103
INSERT - Takes(s): 1090.0, Count: 24473, OPS: 22.5, Avg(us): 44446, Min(us): 43520, Max(us): 51743, 50th(us): 44287, 90th(us): 45087, 95th(us): 45151, 99th(us): 45375, 99.9th(us): 45919, 99.99th(us): 51103
TOTAL  - Takes(s): 1090.0, Count: 24473, OPS: 22.5, Avg(us): 44446, Min(us): 43520, Max(us): 51743, 50th(us): 44287, 90th(us): 45087, 95th(us): 45151, 99th(us): 45375, 99.9th(us): 45919, 99.99th(us): 51103
INSERT - Takes(s): 1100.0, Count: 24698, OPS: 22.5, Avg(us): 44445, Min(us): 43520, Max(us): 51743, 50th(us): 44287, 90th(us): 45087, 95th(us): 45151, 99th(us): 45375, 99.9th(us): 45887, 99.99th(us): 51103
TOTAL  - Takes(s): 1100.0, Count: 24698, OPS: 22.5, Avg(us): 44445, Min(us): 43520, Max(us): 51743, 50th(us): 44287, 90th(us): 45087, 95th(us): 45151, 99th(us): 45375, 99.9th(us): 45887, 99.99th(us): 51103
INSERT - Takes(s): 1110.0, Count: 24923, OPS: 22.5, Avg(us): 44445, Min(us): 43520, Max(us): 51743, 50th(us): 44287, 90th(us): 45087, 95th(us): 45151, 99th(us): 45375, 99.9th(us): 45887, 99.99th(us): 51103
TOTAL  - Takes(s): 1110.0, Count: 24923, OPS: 22.5, Avg(us): 44445, Min(us): 43520, Max(us): 51743, 50th(us): 44287, 90th(us): 45087, 95th(us): 45151, 99th(us): 45375, 99.9th(us): 45887, 99.99th(us): 51103
INSERT - Takes(s): 1120.0, Count: 25148, OPS: 22.5, Avg(us): 44445, Min(us): 43520, Max(us): 51743, 50th(us): 44287, 90th(us): 45087, 95th(us): 45151, 99th(us): 45375, 99.9th(us): 45887, 99.99th(us): 51039
TOTAL  - Takes(s): 1120.0, Count: 25147, OPS: 22.5, Avg(us): 44445, Min(us): 43520, Max(us): 51743, 50th(us): 44287, 90th(us): 45087, 95th(us): 45151, 99th(us): 45375, 99.9th(us): 45887, 99.99th(us): 51039
INSERT - Takes(s): 1130.0, Count: 25372, OPS: 22.5, Avg(us): 44445, Min(us): 43520, Max(us): 51743, 50th(us): 44287, 90th(us): 45087, 95th(us): 45151, 99th(us): 45375, 99.9th(us): 45887, 99.99th(us): 51039
TOTAL  - Takes(s): 1130.0, Count: 25372, OPS: 22.5, Avg(us): 44445, Min(us): 43520, Max(us): 51743, 50th(us): 44287, 90th(us): 45087, 95th(us): 45151, 99th(us): 45375, 99.9th(us): 45887, 99.99th(us): 51039
INSERT - Takes(s): 1140.0, Count: 25596, OPS: 22.5, Avg(us): 44445, Min(us): 43520, Max(us): 51743, 50th(us): 44287, 90th(us): 45087, 95th(us): 45151, 99th(us): 45375, 99.9th(us): 45951, 99.99th(us): 51039
TOTAL  - Takes(s): 1140.0, Count: 25596, OPS: 22.5, Avg(us): 44445, Min(us): 43520, Max(us): 51743, 50th(us): 44287, 90th(us): 45087, 95th(us): 45151, 99th(us): 45375, 99.9th(us): 45951, 99.99th(us): 51039
INSERT - Takes(s): 1150.0, Count: 25821, OPS: 22.5, Avg(us): 44445, Min(us): 43520, Max(us): 51743, 50th(us): 44287, 90th(us): 45087, 95th(us): 45151, 99th(us): 45375, 99.9th(us): 45951, 99.99th(us): 51039
TOTAL  - Takes(s): 1150.0, Count: 25821, OPS: 22.5, Avg(us): 44445, Min(us): 43520, Max(us): 51743, 50th(us): 44287, 90th(us): 45087, 95th(us): 45151, 99th(us): 45375, 99.9th(us): 45951, 99.99th(us): 51039
INSERT - Takes(s): 1160.0, Count: 26045, OPS: 22.5, Avg(us): 44446, Min(us): 43520, Max(us): 51743, 50th(us): 44287, 90th(us): 45087, 95th(us): 45151, 99th(us): 45375, 99.9th(us): 45951, 99.99th(us): 51039
TOTAL  - Takes(s): 1160.0, Count: 26045, OPS: 22.5, Avg(us): 44446, Min(us): 43520, Max(us): 51743, 50th(us): 44287, 90th(us): 45087, 95th(us): 45151, 99th(us): 45375, 99.9th(us): 45951, 99.99th(us): 51039
INSERT - Takes(s): 1170.0, Count: 26270, OPS: 22.5, Avg(us): 44446, Min(us): 43520, Max(us): 51743, 50th(us): 44287, 90th(us): 45087, 95th(us): 45151, 99th(us): 45375, 99.9th(us): 45951, 99.99th(us): 51039
TOTAL  - Takes(s): 1170.0, Count: 26270, OPS: 22.5, Avg(us): 44446, Min(us): 43520, Max(us): 51743, 50th(us): 44287, 90th(us): 45087, 95th(us): 45151, 99th(us): 45375, 99.9th(us): 45951, 99.99th(us): 51039
INSERT - Takes(s): 1180.0, Count: 26494, OPS: 22.5, Avg(us): 44446, Min(us): 43520, Max(us): 51743, 50th(us): 44287, 90th(us): 45087, 95th(us): 45151, 99th(us): 45375, 99.9th(us): 45951, 99.99th(us): 51039
TOTAL  - Takes(s): 1180.0, Count: 26494, OPS: 22.5, Avg(us): 44446, Min(us): 43520, Max(us): 51743, 50th(us): 44287, 90th(us): 45087, 95th(us): 45151, 99th(us): 45375, 99.9th(us): 45951, 99.99th(us): 51039
INSERT - Takes(s): 1190.0, Count: 26719, OPS: 22.5, Avg(us): 44446, Min(us): 43520, Max(us): 51743, 50th(us): 44287, 90th(us): 45087, 95th(us): 45151, 99th(us): 45375, 99.9th(us): 45951, 99.99th(us): 51039
TOTAL  - Takes(s): 1190.0, Count: 26719, OPS: 22.5, Avg(us): 44446, Min(us): 43520, Max(us): 51743, 50th(us): 44287, 90th(us): 45087, 95th(us): 45151, 99th(us): 45375, 99.9th(us): 45951, 99.99th(us): 51039
INSERT - Takes(s): 1200.0, Count: 26943, OPS: 22.5, Avg(us): 44446, Min(us): 43520, Max(us): 51743, 50th(us): 44287, 90th(us): 45087, 95th(us): 45151, 99th(us): 45375, 99.9th(us): 45983, 99.99th(us): 51039
TOTAL  - Takes(s): 1200.0, Count: 26943, OPS: 22.5, Avg(us): 44446, Min(us): 43520, Max(us): 51743, 50th(us): 44287, 90th(us): 45087, 95th(us): 45151, 99th(us): 45375, 99.9th(us): 45983, 99.99th(us): 51039
INSERT - Takes(s): 1210.0, Count: 27168, OPS: 22.5, Avg(us): 44446, Min(us): 43520, Max(us): 51743, 50th(us): 44287, 90th(us): 45087, 95th(us): 45151, 99th(us): 45375, 99.9th(us): 45983, 99.99th(us): 51039
TOTAL  - Takes(s): 1210.0, Count: 27168, OPS: 22.5, Avg(us): 44446, Min(us): 43520, Max(us): 51743, 50th(us): 44287, 90th(us): 45087, 95th(us): 45151, 99th(us): 45375, 99.9th(us): 45983, 99.99th(us): 51039
INSERT - Takes(s): 1220.0, Count: 27392, OPS: 22.5, Avg(us): 44446, Min(us): 43520, Max(us): 51743, 50th(us): 44287, 90th(us): 45087, 95th(us): 45151, 99th(us): 45375, 99.9th(us): 45983, 99.99th(us): 51039
TOTAL  - Takes(s): 1220.0, Count: 27392, OPS: 22.5, Avg(us): 44446, Min(us): 43520, Max(us): 51743, 50th(us): 44287, 90th(us): 45087, 95th(us): 45151, 99th(us): 45375, 99.9th(us): 45983, 99.99th(us): 51039
INSERT - Takes(s): 1230.0, Count: 27616, OPS: 22.5, Avg(us): 44447, Min(us): 43520, Max(us): 51743, 50th(us): 44287, 90th(us): 45087, 95th(us): 45151, 99th(us): 45375, 99.9th(us): 45983, 99.99th(us): 51039
TOTAL  - Takes(s): 1230.0, Count: 27616, OPS: 22.5, Avg(us): 44447, Min(us): 43520, Max(us): 51743, 50th(us): 44287, 90th(us): 45087, 95th(us): 45151, 99th(us): 45375, 99.9th(us): 45983, 99.99th(us): 51039
INSERT - Takes(s): 1240.0, Count: 27841, OPS: 22.5, Avg(us): 44447, Min(us): 43520, Max(us): 51743, 50th(us): 44287, 90th(us): 45087, 95th(us): 45151, 99th(us): 45375, 99.9th(us): 45983, 99.99th(us): 51039
TOTAL  - Takes(s): 1240.0, Count: 27841, OPS: 22.5, Avg(us): 44447, Min(us): 43520, Max(us): 51743, 50th(us): 44287, 90th(us): 45087, 95th(us): 45151, 99th(us): 45375, 99.9th(us): 45983, 99.99th(us): 51039
INSERT - Takes(s): 1250.0, Count: 28065, OPS: 22.5, Avg(us): 44447, Min(us): 43520, Max(us): 51743, 50th(us): 44287, 90th(us): 45087, 95th(us): 45151, 99th(us): 45375, 99.9th(us): 45983, 99.99th(us): 51039
TOTAL  - Takes(s): 1250.0, Count: 28065, OPS: 22.5, Avg(us): 44447, Min(us): 43520, Max(us): 51743, 50th(us): 44287, 90th(us): 45087, 95th(us): 45151, 99th(us): 45375, 99.9th(us): 45983, 99.99th(us): 51039
INSERT - Takes(s): 1260.0, Count: 28290, OPS: 22.5, Avg(us): 44447, Min(us): 43520, Max(us): 51743, 50th(us): 44287, 90th(us): 45087, 95th(us): 45151, 99th(us): 45375, 99.9th(us): 45983, 99.99th(us): 51039
TOTAL  - Takes(s): 1260.0, Count: 28290, OPS: 22.5, Avg(us): 44447, Min(us): 43520, Max(us): 51743, 50th(us): 44287, 90th(us): 45087, 95th(us): 45151, 99th(us): 45375, 99.9th(us): 45983, 99.99th(us): 51039
INSERT - Takes(s): 1270.0, Count: 28514, OPS: 22.5, Avg(us): 44447, Min(us): 43520, Max(us): 51743, 50th(us): 44287, 90th(us): 45087, 95th(us): 45151, 99th(us): 45375, 99.9th(us): 45951, 99.99th(us): 51039
TOTAL  - Takes(s): 1270.0, Count: 28514, OPS: 22.5, Avg(us): 44447, Min(us): 43520, Max(us): 51743, 50th(us): 44287, 90th(us): 45087, 95th(us): 45151, 99th(us): 45375, 99.9th(us): 45951, 99.99th(us): 51039
INSERT - Takes(s): 1280.0, Count: 28739, OPS: 22.5, Avg(us): 44447, Min(us): 43520, Max(us): 52607, 50th(us): 44287, 90th(us): 45087, 95th(us): 45151, 99th(us): 45375, 99.9th(us): 45983, 99.99th(us): 51103
TOTAL  - Takes(s): 1280.0, Count: 28739, OPS: 22.5, Avg(us): 44447, Min(us): 43520, Max(us): 52607, 50th(us): 44287, 90th(us): 45087, 95th(us): 45151, 99th(us): 45375, 99.9th(us): 45983, 99.99th(us): 51103
INSERT - Takes(s): 1290.0, Count: 28964, OPS: 22.5, Avg(us): 44446, Min(us): 43520, Max(us): 52607, 50th(us): 44287, 90th(us): 45087, 95th(us): 45151, 99th(us): 45375, 99.9th(us): 45983, 99.99th(us): 51103
TOTAL  - Takes(s): 1290.0, Count: 28964, OPS: 22.5, Avg(us): 44446, Min(us): 43520, Max(us): 52607, 50th(us): 44287, 90th(us): 45087, 95th(us): 45151, 99th(us): 45375, 99.9th(us): 45983, 99.99th(us): 51103
INSERT - Takes(s): 1300.0, Count: 29189, OPS: 22.5, Avg(us): 44446, Min(us): 43520, Max(us): 52607, 50th(us): 44287, 90th(us): 45087, 95th(us): 45151, 99th(us): 45375, 99.9th(us): 45983, 99.99th(us): 51103
TOTAL  - Takes(s): 1300.0, Count: 29189, OPS: 22.5, Avg(us): 44446, Min(us): 43520, Max(us): 52607, 50th(us): 44287, 90th(us): 45087, 95th(us): 45151, 99th(us): 45375, 99.9th(us): 45983, 99.99th(us): 51103
INSERT - Takes(s): 1310.0, Count: 29413, OPS: 22.5, Avg(us): 44446, Min(us): 43520, Max(us): 52607, 50th(us): 44287, 90th(us): 45087, 95th(us): 45151, 99th(us): 45375, 99.9th(us): 45983, 99.99th(us): 51103
TOTAL  - Takes(s): 1310.0, Count: 29413, OPS: 22.5, Avg(us): 44446, Min(us): 43520, Max(us): 52607, 50th(us): 44287, 90th(us): 45087, 95th(us): 45151, 99th(us): 45375, 99.9th(us): 45983, 99.99th(us): 51103
INSERT - Takes(s): 1320.0, Count: 29638, OPS: 22.5, Avg(us): 44445, Min(us): 43520, Max(us): 52607, 50th(us): 44287, 90th(us): 45087, 95th(us): 45151, 99th(us): 45375, 99.9th(us): 45983, 99.99th(us): 51103
TOTAL  - Takes(s): 1320.0, Count: 29638, OPS: 22.5, Avg(us): 44445, Min(us): 43520, Max(us): 52607, 50th(us): 44287, 90th(us): 45087, 95th(us): 45151, 99th(us): 45375, 99.9th(us): 45983, 99.99th(us): 51103
INSERT - Takes(s): 1330.0, Count: 29863, OPS: 22.5, Avg(us): 44445, Min(us): 43520, Max(us): 52607, 50th(us): 44287, 90th(us): 45087, 95th(us): 45151, 99th(us): 45375, 99.9th(us): 45983, 99.99th(us): 51103
TOTAL  - Takes(s): 1330.0, Count: 29863, OPS: 22.5, Avg(us): 44445, Min(us): 43520, Max(us): 52607, 50th(us): 44287, 90th(us): 45087, 95th(us): 45151, 99th(us): 45375, 99.9th(us): 45983, 99.99th(us): 51103
INSERT - Takes(s): 1340.0, Count: 30088, OPS: 22.5, Avg(us): 44445, Min(us): 43520, Max(us): 52607, 50th(us): 44287, 90th(us): 45087, 95th(us): 45151, 99th(us): 45375, 99.9th(us): 45983, 99.99th(us): 51103
TOTAL  - Takes(s): 1340.0, Count: 30088, OPS: 22.5, Avg(us): 44445, Min(us): 43520, Max(us): 52607, 50th(us): 44287, 90th(us): 45087, 95th(us): 45151, 99th(us): 45375, 99.9th(us): 45983, 99.99th(us): 51103
INSERT - Takes(s): 1350.0, Count: 30312, OPS: 22.5, Avg(us): 44445, Min(us): 43520, Max(us): 52607, 50th(us): 44287, 90th(us): 45087, 95th(us): 45151, 99th(us): 45375, 99.9th(us): 45983, 99.99th(us): 51103
TOTAL  - Takes(s): 1350.0, Count: 30312, OPS: 22.5, Avg(us): 44445, Min(us): 43520, Max(us): 52607, 50th(us): 44287, 90th(us): 45087, 95th(us): 45151, 99th(us): 45375, 99.9th(us): 45983, 99.99th(us): 51103
INSERT - Takes(s): 1360.0, Count: 30537, OPS: 22.5, Avg(us): 44445, Min(us): 43520, Max(us): 52607, 50th(us): 44287, 90th(us): 45087, 95th(us): 45151, 99th(us): 45375, 99.9th(us): 45951, 99.99th(us): 51103
TOTAL  - Takes(s): 1360.0, Count: 30537, OPS: 22.5, Avg(us): 44445, Min(us): 43520, Max(us): 52607, 50th(us): 44287, 90th(us): 45087, 95th(us): 45151, 99th(us): 45375, 99.9th(us): 45951, 99.99th(us): 51103
INSERT - Takes(s): 1370.0, Count: 30761, OPS: 22.5, Avg(us): 44445, Min(us): 43520, Max(us): 52607, 50th(us): 44287, 90th(us): 45087, 95th(us): 45151, 99th(us): 45375, 99.9th(us): 45951, 99.99th(us): 51103
TOTAL  - Takes(s): 1370.0, Count: 30761, OPS: 22.5, Avg(us): 44445, Min(us): 43520, Max(us): 52607, 50th(us): 44287, 90th(us): 45087, 95th(us): 45151, 99th(us): 45375, 99.9th(us): 45951, 99.99th(us): 51103
INSERT - Takes(s): 1380.0, Count: 30985, OPS: 22.5, Avg(us): 44445, Min(us): 43520, Max(us): 52607, 50th(us): 44287, 90th(us): 45087, 95th(us): 45151, 99th(us): 45375, 99.9th(us): 45951, 99.99th(us): 51103
TOTAL  - Takes(s): 1380.0, Count: 30985, OPS: 22.5, Avg(us): 44445, Min(us): 43520, Max(us): 52607, 50th(us): 44287, 90th(us): 45087, 95th(us): 45151, 99th(us): 45375, 99.9th(us): 45951, 99.99th(us): 51103
INSERT - Takes(s): 1390.0, Count: 31210, OPS: 22.5, Avg(us): 44445, Min(us): 43520, Max(us): 52607, 50th(us): 44287, 90th(us): 45087, 95th(us): 45151, 99th(us): 45375, 99.9th(us): 45951, 99.99th(us): 51103
TOTAL  - Takes(s): 1390.0, Count: 31210, OPS: 22.5, Avg(us): 44445, Min(us): 43520, Max(us): 52607, 50th(us): 44287, 90th(us): 45087, 95th(us): 45151, 99th(us): 45375, 99.9th(us): 45951, 99.99th(us): 51103
INSERT - Takes(s): 1400.0, Count: 31434, OPS: 22.5, Avg(us): 44445, Min(us): 43520, Max(us): 52607, 50th(us): 44287, 90th(us): 45087, 95th(us): 45151, 99th(us): 45375, 99.9th(us): 45951, 99.99th(us): 51103
TOTAL  - Takes(s): 1400.0, Count: 31434, OPS: 22.5, Avg(us): 44445, Min(us): 43520, Max(us): 52607, 50th(us): 44287, 90th(us): 45087, 95th(us): 45151, 99th(us): 45375, 99.9th(us): 45951, 99.99th(us): 51103
INSERT - Takes(s): 1410.0, Count: 31659, OPS: 22.5, Avg(us): 44446, Min(us): 43520, Max(us): 52607, 50th(us): 44287, 90th(us): 45087, 95th(us): 45151, 99th(us): 45375, 99.9th(us): 45951, 99.99th(us): 51103
TOTAL  - Takes(s): 1410.0, Count: 31659, OPS: 22.5, Avg(us): 44446, Min(us): 43520, Max(us): 52607, 50th(us): 44287, 90th(us): 45087, 95th(us): 45151, 99th(us): 45375, 99.9th(us): 45951, 99.99th(us): 51103
INSERT - Takes(s): 1420.0, Count: 31883, OPS: 22.5, Avg(us): 44446, Min(us): 43520, Max(us): 52607, 50th(us): 44287, 90th(us): 45087, 95th(us): 45151, 99th(us): 45375, 99.9th(us): 45951, 99.99th(us): 51103
TOTAL  - Takes(s): 1420.0, Count: 31883, OPS: 22.5, Avg(us): 44446, Min(us): 43520, Max(us): 52607, 50th(us): 44287, 90th(us): 45087, 95th(us): 45151, 99th(us): 45375, 99.9th(us): 45951, 99.99th(us): 51103
INSERT - Takes(s): 1430.0, Count: 32107, OPS: 22.5, Avg(us): 44446, Min(us): 43520, Max(us): 52607, 50th(us): 44287, 90th(us): 45087, 95th(us): 45151, 99th(us): 45375, 99.9th(us): 45951, 99.99th(us): 51103
TOTAL  - Takes(s): 1430.0, Count: 32107, OPS: 22.5, Avg(us): 44446, Min(us): 43520, Max(us): 52607, 50th(us): 44287, 90th(us): 45087, 95th(us): 45151, 99th(us): 45375, 99.9th(us): 45951, 99.99th(us): 51103
INSERT - Takes(s): 1440.0, Count: 32332, OPS: 22.5, Avg(us): 44446, Min(us): 43520, Max(us): 52607, 50th(us): 44287, 90th(us): 45087, 95th(us): 45151, 99th(us): 45375, 99.9th(us): 45951, 99.99th(us): 51103
TOTAL  - Takes(s): 1440.0, Count: 32332, OPS: 22.5, Avg(us): 44446, Min(us): 43520, Max(us): 52607, 50th(us): 44287, 90th(us): 45087, 95th(us): 45151, 99th(us): 45375, 99.9th(us): 45951, 99.99th(us): 51103
INSERT - Takes(s): 1450.0, Count: 32557, OPS: 22.5, Avg(us): 44445, Min(us): 43520, Max(us): 52607, 50th(us): 44287, 90th(us): 45087, 95th(us): 45151, 99th(us): 45375, 99.9th(us): 45951, 99.99th(us): 51103
TOTAL  - Takes(s): 1450.0, Count: 32557, OPS: 22.5, Avg(us): 44445, Min(us): 43520, Max(us): 52607, 50th(us): 44287, 90th(us): 45087, 95th(us): 45151, 99th(us): 45375, 99.9th(us): 45951, 99.99th(us): 51103
INSERT - Takes(s): 1460.0, Count: 32782, OPS: 22.5, Avg(us): 44445, Min(us): 43520, Max(us): 52607, 50th(us): 44287, 90th(us): 45087, 95th(us): 45151, 99th(us): 45375, 99.9th(us): 45951, 99.99th(us): 51103
TOTAL  - Takes(s): 1460.0, Count: 32782, OPS: 22.5, Avg(us): 44445, Min(us): 43520, Max(us): 52607, 50th(us): 44287, 90th(us): 45087, 95th(us): 45151, 99th(us): 45375, 99.9th(us): 45951, 99.99th(us): 51103
INSERT - Takes(s): 1470.0, Count: 33007, OPS: 22.5, Avg(us): 44444, Min(us): 43520, Max(us): 52607, 50th(us): 44287, 90th(us): 45087, 95th(us): 45151, 99th(us): 45375, 99.9th(us): 45951, 99.99th(us): 51103
TOTAL  - Takes(s): 1470.0, Count: 33007, OPS: 22.5, Avg(us): 44444, Min(us): 43520, Max(us): 52607, 50th(us): 44287, 90th(us): 45087, 95th(us): 45151, 99th(us): 45375, 99.9th(us): 45951, 99.99th(us): 51103
INSERT - Takes(s): 1480.0, Count: 33232, OPS: 22.5, Avg(us): 44444, Min(us): 43520, Max(us): 52607, 50th(us): 44287, 90th(us): 45087, 95th(us): 45151, 99th(us): 45375, 99.9th(us): 45951, 99.99th(us): 51103
TOTAL  - Takes(s): 1480.0, Count: 33232, OPS: 22.5, Avg(us): 44444, Min(us): 43520, Max(us): 52607, 50th(us): 44287, 90th(us): 45087, 95th(us): 45151, 99th(us): 45375, 99.9th(us): 45951, 99.99th(us): 51103
INSERT - Takes(s): 1490.0, Count: 33456, OPS: 22.5, Avg(us): 44444, Min(us): 43520, Max(us): 52607, 50th(us): 44287, 90th(us): 45087, 95th(us): 45151, 99th(us): 45375, 99.9th(us): 45951, 99.99th(us): 51103
TOTAL  - Takes(s): 1490.0, Count: 33456, OPS: 22.5, Avg(us): 44444, Min(us): 43520, Max(us): 52607, 50th(us): 44287, 90th(us): 45087, 95th(us): 45151, 99th(us): 45375, 99.9th(us): 45951, 99.99th(us): 51103
INSERT - Takes(s): 1500.0, Count: 33681, OPS: 22.5, Avg(us): 44444, Min(us): 43520, Max(us): 52607, 50th(us): 44287, 90th(us): 45087, 95th(us): 45151, 99th(us): 45375, 99.9th(us): 45951, 99.99th(us): 51103
TOTAL  - Takes(s): 1500.0, Count: 33681, OPS: 22.5, Avg(us): 44444, Min(us): 43520, Max(us): 52607, 50th(us): 44287, 90th(us): 45087, 95th(us): 45151, 99th(us): 45375, 99.9th(us): 45951, 99.99th(us): 51103
INSERT - Takes(s): 1510.0, Count: 33905, OPS: 22.5, Avg(us): 44444, Min(us): 43520, Max(us): 52607, 50th(us): 44287, 90th(us): 45087, 95th(us): 45151, 99th(us): 45375, 99.9th(us): 45951, 99.99th(us): 51103
TOTAL  - Takes(s): 1510.0, Count: 33905, OPS: 22.5, Avg(us): 44444, Min(us): 43520, Max(us): 52607, 50th(us): 44287, 90th(us): 45087, 95th(us): 45151, 99th(us): 45375, 99.9th(us): 45951, 99.99th(us): 51103
INSERT - Takes(s): 1520.0, Count: 34130, OPS: 22.5, Avg(us): 44444, Min(us): 43520, Max(us): 52607, 50th(us): 44287, 90th(us): 45087, 95th(us): 45151, 99th(us): 45375, 99.9th(us): 45951, 99.99th(us): 51103
TOTAL  - Takes(s): 1520.0, Count: 34130, OPS: 22.5, Avg(us): 44444, Min(us): 43520, Max(us): 52607, 50th(us): 44287, 90th(us): 45087, 95th(us): 45151, 99th(us): 45375, 99.9th(us): 45951, 99.99th(us): 51103
INSERT - Takes(s): 1530.0, Count: 34354, OPS: 22.5, Avg(us): 44444, Min(us): 43520, Max(us): 52607, 50th(us): 44287, 90th(us): 45087, 95th(us): 45151, 99th(us): 45375, 99.9th(us): 45951, 99.99th(us): 51103
TOTAL  - Takes(s): 1530.0, Count: 34354, OPS: 22.5, Avg(us): 44444, Min(us): 43520, Max(us): 52607, 50th(us): 44287, 90th(us): 45087, 95th(us): 45151, 99th(us): 45375, 99.9th(us): 45951, 99.99th(us): 51103
INSERT - Takes(s): 1540.0, Count: 34578, OPS: 22.5, Avg(us): 44445, Min(us): 43520, Max(us): 52607, 50th(us): 44287, 90th(us): 45087, 95th(us): 45151, 99th(us): 45375, 99.9th(us): 45951, 99.99th(us): 51103
TOTAL  - Takes(s): 1540.0, Count: 34578, OPS: 22.5, Avg(us): 44445, Min(us): 43520, Max(us): 52607, 50th(us): 44287, 90th(us): 45087, 95th(us): 45151, 99th(us): 45375, 99.9th(us): 45951, 99.99th(us): 51103
INSERT - Takes(s): 1550.0, Count: 34803, OPS: 22.5, Avg(us): 44445, Min(us): 43520, Max(us): 52607, 50th(us): 44287, 90th(us): 45087, 95th(us): 45151, 99th(us): 45375, 99.9th(us): 45951, 99.99th(us): 51103
TOTAL  - Takes(s): 1550.0, Count: 34803, OPS: 22.5, Avg(us): 44445, Min(us): 43520, Max(us): 52607, 50th(us): 44287, 90th(us): 45087, 95th(us): 45151, 99th(us): 45375, 99.9th(us): 45951, 99.99th(us): 51103
INSERT - Takes(s): 1560.0, Count: 35028, OPS: 22.5, Avg(us): 44444, Min(us): 43520, Max(us): 52607, 50th(us): 44287, 90th(us): 45087, 95th(us): 45151, 99th(us): 45375, 99.9th(us): 45951, 99.99th(us): 51039
TOTAL  - Takes(s): 1560.0, Count: 35028, OPS: 22.5, Avg(us): 44444, Min(us): 43520, Max(us): 52607, 50th(us): 44287, 90th(us): 45087, 95th(us): 45151, 99th(us): 45375, 99.9th(us): 45951, 99.99th(us): 51039
INSERT - Takes(s): 1570.0, Count: 35252, OPS: 22.5, Avg(us): 44444, Min(us): 43520, Max(us): 52607, 50th(us): 44287, 90th(us): 45087, 95th(us): 45151, 99th(us): 45375, 99.9th(us): 45951, 99.99th(us): 51039
TOTAL  - Takes(s): 1570.0, Count: 35252, OPS: 22.5, Avg(us): 44444, Min(us): 43520, Max(us): 52607, 50th(us): 44287, 90th(us): 45087, 95th(us): 45151, 99th(us): 45375, 99.9th(us): 45951, 99.99th(us): 51039
INSERT - Takes(s): 1580.0, Count: 35477, OPS: 22.5, Avg(us): 44444, Min(us): 43520, Max(us): 52607, 50th(us): 44287, 90th(us): 45087, 95th(us): 45151, 99th(us): 45375, 99.9th(us): 45951, 99.99th(us): 51039
TOTAL  - Takes(s): 1580.0, Count: 35477, OPS: 22.5, Avg(us): 44444, Min(us): 43520, Max(us): 52607, 50th(us): 44287, 90th(us): 45087, 95th(us): 45151, 99th(us): 45375, 99.9th(us): 45951, 99.99th(us): 51039
INSERT - Takes(s): 1590.0, Count: 35702, OPS: 22.5, Avg(us): 44444, Min(us): 43520, Max(us): 52607, 50th(us): 44287, 90th(us): 45087, 95th(us): 45151, 99th(us): 45375, 99.9th(us): 45951, 99.99th(us): 51039
TOTAL  - Takes(s): 1590.0, Count: 35702, OPS: 22.5, Avg(us): 44444, Min(us): 43520, Max(us): 52607, 50th(us): 44287, 90th(us): 45087, 95th(us): 45151, 99th(us): 45375, 99.9th(us): 45951, 99.99th(us): 51039
INSERT - Takes(s): 1600.0, Count: 35927, OPS: 22.5, Avg(us): 44443, Min(us): 43520, Max(us): 52607, 50th(us): 44287, 90th(us): 45087, 95th(us): 45151, 99th(us): 45375, 99.9th(us): 45951, 99.99th(us): 51039
TOTAL  - Takes(s): 1600.0, Count: 35927, OPS: 22.5, Avg(us): 44443, Min(us): 43520, Max(us): 52607, 50th(us): 44287, 90th(us): 45087, 95th(us): 45151, 99th(us): 45375, 99.9th(us): 45951, 99.99th(us): 51039
INSERT - Takes(s): 1610.0, Count: 36151, OPS: 22.5, Avg(us): 44443, Min(us): 43520, Max(us): 52607, 50th(us): 44287, 90th(us): 45087, 95th(us): 45151, 99th(us): 45375, 99.9th(us): 45951, 99.99th(us): 51039
TOTAL  - Takes(s): 1610.0, Count: 36151, OPS: 22.5, Avg(us): 44443, Min(us): 43520, Max(us): 52607, 50th(us): 44287, 90th(us): 45087, 95th(us): 45151, 99th(us): 45375, 99.9th(us): 45951, 99.99th(us): 51039
INSERT - Takes(s): 1620.0, Count: 36376, OPS: 22.5, Avg(us): 44443, Min(us): 43520, Max(us): 52607, 50th(us): 44287, 90th(us): 45087, 95th(us): 45151, 99th(us): 45375, 99.9th(us): 45951, 99.99th(us): 51039
TOTAL  - Takes(s): 1620.0, Count: 36376, OPS: 22.5, Avg(us): 44443, Min(us): 43520, Max(us): 52607, 50th(us): 44287, 90th(us): 45087, 95th(us): 45151, 99th(us): 45375, 99.9th(us): 45951, 99.99th(us): 51039
INSERT - Takes(s): 1630.0, Count: 36600, OPS: 22.5, Avg(us): 44443, Min(us): 43520, Max(us): 52607, 50th(us): 44287, 90th(us): 45087, 95th(us): 45151, 99th(us): 45375, 99.9th(us): 45951, 99.99th(us): 51039
TOTAL  - Takes(s): 1630.0, Count: 36600, OPS: 22.5, Avg(us): 44443, Min(us): 43520, Max(us): 52607, 50th(us): 44287, 90th(us): 45087, 95th(us): 45151, 99th(us): 45375, 99.9th(us): 45951, 99.99th(us): 51039
INSERT - Takes(s): 1640.0, Count: 36825, OPS: 22.5, Avg(us): 44443, Min(us): 43520, Max(us): 52607, 50th(us): 44287, 90th(us): 45087, 95th(us): 45151, 99th(us): 45375, 99.9th(us): 45951, 99.99th(us): 51039
TOTAL  - Takes(s): 1640.0, Count: 36825, OPS: 22.5, Avg(us): 44443, Min(us): 43520, Max(us): 52607, 50th(us): 44287, 90th(us): 45087, 95th(us): 45151, 99th(us): 45375, 99.9th(us): 45951, 99.99th(us): 51039
INSERT - Takes(s): 1650.0, Count: 37049, OPS: 22.5, Avg(us): 44444, Min(us): 43520, Max(us): 52607, 50th(us): 44287, 90th(us): 45087, 95th(us): 45151, 99th(us): 45375, 99.9th(us): 45951, 99.99th(us): 51039
TOTAL  - Takes(s): 1650.0, Count: 37049, OPS: 22.5, Avg(us): 44444, Min(us): 43520, Max(us): 52607, 50th(us): 44287, 90th(us): 45087, 95th(us): 45151, 99th(us): 45375, 99.9th(us): 45951, 99.99th(us): 51039
INSERT - Takes(s): 1660.0, Count: 37273, OPS: 22.5, Avg(us): 44444, Min(us): 43520, Max(us): 52607, 50th(us): 44287, 90th(us): 45087, 95th(us): 45151, 99th(us): 45375, 99.9th(us): 45983, 99.99th(us): 51103
TOTAL  - Takes(s): 1660.0, Count: 37273, OPS: 22.5, Avg(us): 44444, Min(us): 43520, Max(us): 52607, 50th(us): 44287, 90th(us): 45087, 95th(us): 45151, 99th(us): 45375, 99.9th(us): 45983, 99.99th(us): 51103
INSERT - Takes(s): 1670.0, Count: 37498, OPS: 22.5, Avg(us): 44444, Min(us): 43520, Max(us): 52607, 50th(us): 44287, 90th(us): 45087, 95th(us): 45151, 99th(us): 45375, 99.9th(us): 45983, 99.99th(us): 51103
TOTAL  - Takes(s): 1670.0, Count: 37498, OPS: 22.5, Avg(us): 44444, Min(us): 43520, Max(us): 52607, 50th(us): 44287, 90th(us): 45087, 95th(us): 45151, 99th(us): 45375, 99.9th(us): 45983, 99.99th(us): 51103
INSERT - Takes(s): 1680.0, Count: 37722, OPS: 22.5, Avg(us): 44444, Min(us): 43520, Max(us): 52607, 50th(us): 44287, 90th(us): 45087, 95th(us): 45151, 99th(us): 45375, 99.9th(us): 45951, 99.99th(us): 51103
TOTAL  - Takes(s): 1680.0, Count: 37722, OPS: 22.5, Avg(us): 44444, Min(us): 43520, Max(us): 52607, 50th(us): 44287, 90th(us): 45087, 95th(us): 45151, 99th(us): 45375, 99.9th(us): 45951, 99.99th(us): 51103
INSERT - Takes(s): 1690.0, Count: 37947, OPS: 22.5, Avg(us): 44444, Min(us): 43520, Max(us): 52607, 50th(us): 44287, 90th(us): 45087, 95th(us): 45151, 99th(us): 45375, 99.9th(us): 45951, 99.99th(us): 51103
TOTAL  - Takes(s): 1690.0, Count: 37947, OPS: 22.5, Avg(us): 44444, Min(us): 43520, Max(us): 52607, 50th(us): 44287, 90th(us): 45087, 95th(us): 45151, 99th(us): 45375, 99.9th(us): 45951, 99.99th(us): 51103
INSERT - Takes(s): 1700.0, Count: 38172, OPS: 22.5, Avg(us): 44444, Min(us): 43520, Max(us): 52607, 50th(us): 44287, 90th(us): 45087, 95th(us): 45151, 99th(us): 45375, 99.9th(us): 45951, 99.99th(us): 51103
TOTAL  - Takes(s): 1700.0, Count: 38172, OPS: 22.5, Avg(us): 44444, Min(us): 43520, Max(us): 52607, 50th(us): 44287, 90th(us): 45087, 95th(us): 45151, 99th(us): 45375, 99.9th(us): 45951, 99.99th(us): 51103
INSERT - Takes(s): 1710.0, Count: 38396, OPS: 22.5, Avg(us): 44444, Min(us): 43520, Max(us): 52607, 50th(us): 44287, 90th(us): 45087, 95th(us): 45151, 99th(us): 45375, 99.9th(us): 45951, 99.99th(us): 51103
TOTAL  - Takes(s): 1710.0, Count: 38396, OPS: 22.5, Avg(us): 44444, Min(us): 43520, Max(us): 52607, 50th(us): 44287, 90th(us): 45087, 95th(us): 45151, 99th(us): 45375, 99.9th(us): 45951, 99.99th(us): 51103
INSERT - Takes(s): 1720.0, Count: 38621, OPS: 22.5, Avg(us): 44444, Min(us): 43520, Max(us): 52607, 50th(us): 44287, 90th(us): 45087, 95th(us): 45151, 99th(us): 45375, 99.9th(us): 45951, 99.99th(us): 51103
TOTAL  - Takes(s): 1720.0, Count: 38621, OPS: 22.5, Avg(us): 44444, Min(us): 43520, Max(us): 52607, 50th(us): 44287, 90th(us): 45087, 95th(us): 45151, 99th(us): 45375, 99.9th(us): 45951, 99.99th(us): 51103
INSERT - Takes(s): 1730.0, Count: 38845, OPS: 22.5, Avg(us): 44444, Min(us): 43520, Max(us): 52607, 50th(us): 44287, 90th(us): 45087, 95th(us): 45151, 99th(us): 45375, 99.9th(us): 45983, 99.99th(us): 51199
TOTAL  - Takes(s): 1730.0, Count: 38845, OPS: 22.5, Avg(us): 44444, Min(us): 43520, Max(us): 52607, 50th(us): 44287, 90th(us): 45087, 95th(us): 45151, 99th(us): 45375, 99.9th(us): 45983, 99.99th(us): 51199
INSERT - Takes(s): 1740.0, Count: 39070, OPS: 22.5, Avg(us): 44444, Min(us): 43520, Max(us): 52607, 50th(us): 44287, 90th(us): 45087, 95th(us): 45151, 99th(us): 45375, 99.9th(us): 45983, 99.99th(us): 51199
TOTAL  - Takes(s): 1740.0, Count: 39070, OPS: 22.5, Avg(us): 44444, Min(us): 43520, Max(us): 52607, 50th(us): 44287, 90th(us): 45087, 95th(us): 45151, 99th(us): 45375, 99.9th(us): 45983, 99.99th(us): 51199
INSERT - Takes(s): 1750.0, Count: 39294, OPS: 22.5, Avg(us): 44444, Min(us): 43520, Max(us): 52607, 50th(us): 44287, 90th(us): 45087, 95th(us): 45151, 99th(us): 45375, 99.9th(us): 45983, 99.99th(us): 51199
TOTAL  - Takes(s): 1750.0, Count: 39294, OPS: 22.5, Avg(us): 44444, Min(us): 43520, Max(us): 52607, 50th(us): 44287, 90th(us): 45087, 95th(us): 45151, 99th(us): 45375, 99.9th(us): 45983, 99.99th(us): 51199
INSERT - Takes(s): 1760.0, Count: 39518, OPS: 22.5, Avg(us): 44445, Min(us): 43520, Max(us): 52607, 50th(us): 44287, 90th(us): 45087, 95th(us): 45151, 99th(us): 45375, 99.9th(us): 45983, 99.99th(us): 51199
TOTAL  - Takes(s): 1760.0, Count: 39518, OPS: 22.5, Avg(us): 44445, Min(us): 43520, Max(us): 52607, 50th(us): 44287, 90th(us): 45087, 95th(us): 45151, 99th(us): 45375, 99.9th(us): 45983, 99.99th(us): 51199
INSERT - Takes(s): 1770.0, Count: 39743, OPS: 22.5, Avg(us): 44445, Min(us): 43520, Max(us): 52607, 50th(us): 44287, 90th(us): 45087, 95th(us): 45151, 99th(us): 45375, 99.9th(us): 45983, 99.99th(us): 51199
TOTAL  - Takes(s): 1770.0, Count: 39743, OPS: 22.5, Avg(us): 44445, Min(us): 43520, Max(us): 52607, 50th(us): 44287, 90th(us): 45087, 95th(us): 45151, 99th(us): 45375, 99.9th(us): 45983, 99.99th(us): 51199
INSERT - Takes(s): 1780.0, Count: 39967, OPS: 22.5, Avg(us): 44445, Min(us): 43520, Max(us): 52607, 50th(us): 44287, 90th(us): 45087, 95th(us): 45151, 99th(us): 45375, 99.9th(us): 45983, 99.99th(us): 51199
TOTAL  - Takes(s): 1780.0, Count: 39967, OPS: 22.5, Avg(us): 44445, Min(us): 43520, Max(us): 52607, 50th(us): 44287, 90th(us): 45087, 95th(us): 45151, 99th(us): 45375, 99.9th(us): 45983, 99.99th(us): 51199
INSERT - Takes(s): 1790.0, Count: 40192, OPS: 22.5, Avg(us): 44445, Min(us): 43520, Max(us): 52607, 50th(us): 44287, 90th(us): 45087, 95th(us): 45151, 99th(us): 45375, 99.9th(us): 45983, 99.99th(us): 51199
TOTAL  - Takes(s): 1790.0, Count: 40192, OPS: 22.5, Avg(us): 44445, Min(us): 43520, Max(us): 52607, 50th(us): 44287, 90th(us): 45087, 95th(us): 45151, 99th(us): 45375, 99.9th(us): 45983, 99.99th(us): 51199
INSERT - Takes(s): 1800.0, Count: 40416, OPS: 22.5, Avg(us): 44445, Min(us): 43520, Max(us): 52607, 50th(us): 44287, 90th(us): 45087, 95th(us): 45151, 99th(us): 45375, 99.9th(us): 46015, 99.99th(us): 51199
TOTAL  - Takes(s): 1800.0, Count: 40416, OPS: 22.5, Avg(us): 44445, Min(us): 43520, Max(us): 52607, 50th(us): 44287, 90th(us): 45087, 95th(us): 45151, 99th(us): 45375, 99.9th(us): 46015, 99.99th(us): 51199
INSERT - Takes(s): 1810.0, Count: 40640, OPS: 22.5, Avg(us): 44446, Min(us): 43520, Max(us): 52607, 50th(us): 44287, 90th(us): 45087, 95th(us): 45183, 99th(us): 45375, 99.9th(us): 45983, 99.99th(us): 51199
TOTAL  - Takes(s): 1810.0, Count: 40640, OPS: 22.5, Avg(us): 44446, Min(us): 43520, Max(us): 52607, 50th(us): 44287, 90th(us): 45087, 95th(us): 45183, 99th(us): 45375, 99.9th(us): 45983, 99.99th(us): 51199
INSERT - Takes(s): 1820.0, Count: 40865, OPS: 22.5, Avg(us): 44446, Min(us): 43520, Max(us): 52607, 50th(us): 44287, 90th(us): 45087, 95th(us): 45183, 99th(us): 45375, 99.9th(us): 45983, 99.99th(us): 51199
TOTAL  - Takes(s): 1820.0, Count: 40865, OPS: 22.5, Avg(us): 44446, Min(us): 43520, Max(us): 52607, 50th(us): 44287, 90th(us): 45087, 95th(us): 45183, 99th(us): 45375, 99.9th(us): 45983, 99.99th(us): 51199
INSERT - Takes(s): 1830.0, Count: 41089, OPS: 22.5, Avg(us): 44446, Min(us): 43520, Max(us): 52607, 50th(us): 44287, 90th(us): 45087, 95th(us): 45183, 99th(us): 45375, 99.9th(us): 45983, 99.99th(us): 51199
TOTAL  - Takes(s): 1830.0, Count: 41089, OPS: 22.5, Avg(us): 44446, Min(us): 43520, Max(us): 52607, 50th(us): 44287, 90th(us): 45087, 95th(us): 45183, 99th(us): 45375, 99.9th(us): 45983, 99.99th(us): 51199
INSERT - Takes(s): 1840.0, Count: 41313, OPS: 22.5, Avg(us): 44446, Min(us): 43520, Max(us): 52607, 50th(us): 44287, 90th(us): 45087, 95th(us): 45183, 99th(us): 45375, 99.9th(us): 45983, 99.99th(us): 51199
TOTAL  - Takes(s): 1840.0, Count: 41313, OPS: 22.5, Avg(us): 44446, Min(us): 43520, Max(us): 52607, 50th(us): 44287, 90th(us): 45087, 95th(us): 45183, 99th(us): 45375, 99.9th(us): 45983, 99.99th(us): 51199
INSERT - Takes(s): 1850.0, Count: 41538, OPS: 22.5, Avg(us): 44446, Min(us): 43520, Max(us): 52607, 50th(us): 44287, 90th(us): 45087, 95th(us): 45183, 99th(us): 45375, 99.9th(us): 45983, 99.99th(us): 51199
TOTAL  - Takes(s): 1850.0, Count: 41538, OPS: 22.5, Avg(us): 44446, Min(us): 43520, Max(us): 52607, 50th(us): 44287, 90th(us): 45087, 95th(us): 45183, 99th(us): 45375, 99.9th(us): 45983, 99.99th(us): 51199
INSERT - Takes(s): 1860.0, Count: 41762, OPS: 22.5, Avg(us): 44446, Min(us): 43520, Max(us): 52607, 50th(us): 44287, 90th(us): 45087, 95th(us): 45183, 99th(us): 45375, 99.9th(us): 45983, 99.99th(us): 51199
TOTAL  - Takes(s): 1860.0, Count: 41762, OPS: 22.5, Avg(us): 44446, Min(us): 43520, Max(us): 52607, 50th(us): 44287, 90th(us): 45087, 95th(us): 45183, 99th(us): 45375, 99.9th(us): 45983, 99.99th(us): 51199
INSERT - Takes(s): 1870.0, Count: 41987, OPS: 22.5, Avg(us): 44446, Min(us): 43520, Max(us): 52607, 50th(us): 44287, 90th(us): 45087, 95th(us): 45183, 99th(us): 45375, 99.9th(us): 45983, 99.99th(us): 51199
TOTAL  - Takes(s): 1870.0, Count: 41987, OPS: 22.5, Avg(us): 44446, Min(us): 43520, Max(us): 52607, 50th(us): 44287, 90th(us): 45087, 95th(us): 45183, 99th(us): 45375, 99.9th(us): 45983, 99.99th(us): 51199
INSERT - Takes(s): 1880.0, Count: 42211, OPS: 22.5, Avg(us): 44446, Min(us): 43520, Max(us): 52607, 50th(us): 44287, 90th(us): 45087, 95th(us): 45183, 99th(us): 45375, 99.9th(us): 45983, 99.99th(us): 51199
TOTAL  - Takes(s): 1880.0, Count: 42211, OPS: 22.5, Avg(us): 44446, Min(us): 43520, Max(us): 52607, 50th(us): 44287, 90th(us): 45087, 95th(us): 45183, 99th(us): 45375, 99.9th(us): 45983, 99.99th(us): 51199
INSERT - Takes(s): 1890.0, Count: 42436, OPS: 22.5, Avg(us): 44446, Min(us): 43520, Max(us): 52607, 50th(us): 44287, 90th(us): 45087, 95th(us): 45183, 99th(us): 45375, 99.9th(us): 45983, 99.99th(us): 51199
TOTAL  - Takes(s): 1890.0, Count: 42436, OPS: 22.5, Avg(us): 44446, Min(us): 43520, Max(us): 52607, 50th(us): 44287, 90th(us): 45087, 95th(us): 45183, 99th(us): 45375, 99.9th(us): 45983, 99.99th(us): 51199
INSERT - Takes(s): 1900.0, Count: 42660, OPS: 22.5, Avg(us): 44446, Min(us): 43520, Max(us): 52607, 50th(us): 44287, 90th(us): 45087, 95th(us): 45183, 99th(us): 45375, 99.9th(us): 45983, 99.99th(us): 51199
TOTAL  - Takes(s): 1900.0, Count: 42660, OPS: 22.5, Avg(us): 44446, Min(us): 43520, Max(us): 52607, 50th(us): 44287, 90th(us): 45087, 95th(us): 45183, 99th(us): 45375, 99.9th(us): 45983, 99.99th(us): 51199
INSERT - Takes(s): 1910.0, Count: 42885, OPS: 22.5, Avg(us): 44447, Min(us): 43520, Max(us): 52607, 50th(us): 44287, 90th(us): 45087, 95th(us): 45183, 99th(us): 45375, 99.9th(us): 45983, 99.99th(us): 51199
TOTAL  - Takes(s): 1910.0, Count: 42885, OPS: 22.5, Avg(us): 44447, Min(us): 43520, Max(us): 52607, 50th(us): 44287, 90th(us): 45087, 95th(us): 45183, 99th(us): 45375, 99.9th(us): 45983, 99.99th(us): 51199
INSERT - Takes(s): 1920.0, Count: 43109, OPS: 22.5, Avg(us): 44447, Min(us): 43520, Max(us): 52607, 50th(us): 44287, 90th(us): 45087, 95th(us): 45183, 99th(us): 45375, 99.9th(us): 45983, 99.99th(us): 51199
TOTAL  - Takes(s): 1920.0, Count: 43109, OPS: 22.5, Avg(us): 44447, Min(us): 43520, Max(us): 52607, 50th(us): 44287, 90th(us): 45087, 95th(us): 45183, 99th(us): 45375, 99.9th(us): 45983, 99.99th(us): 51199
INSERT - Takes(s): 1930.0, Count: 43333, OPS: 22.5, Avg(us): 44447, Min(us): 43520, Max(us): 52607, 50th(us): 44287, 90th(us): 45087, 95th(us): 45183, 99th(us): 45375, 99.9th(us): 45983, 99.99th(us): 51199
TOTAL  - Takes(s): 1930.0, Count: 43333, OPS: 22.5, Avg(us): 44447, Min(us): 43520, Max(us): 52607, 50th(us): 44287, 90th(us): 45087, 95th(us): 45183, 99th(us): 45375, 99.9th(us): 45983, 99.99th(us): 51199
INSERT - Takes(s): 1940.0, Count: 43558, OPS: 22.5, Avg(us): 44447, Min(us): 43520, Max(us): 52607, 50th(us): 44287, 90th(us): 45087, 95th(us): 45183, 99th(us): 45375, 99.9th(us): 45983, 99.99th(us): 51199
TOTAL  - Takes(s): 1940.0, Count: 43558, OPS: 22.5, Avg(us): 44447, Min(us): 43520, Max(us): 52607, 50th(us): 44287, 90th(us): 45087, 95th(us): 45183, 99th(us): 45375, 99.9th(us): 45983, 99.99th(us): 51199
INSERT - Takes(s): 1950.0, Count: 43782, OPS: 22.5, Avg(us): 44447, Min(us): 43520, Max(us): 52607, 50th(us): 44287, 90th(us): 45087, 95th(us): 45183, 99th(us): 45375, 99.9th(us): 45983, 99.99th(us): 51199
TOTAL  - Takes(s): 1950.0, Count: 43782, OPS: 22.5, Avg(us): 44447, Min(us): 43520, Max(us): 52607, 50th(us): 44287, 90th(us): 45087, 95th(us): 45183, 99th(us): 45375, 99.9th(us): 45983, 99.99th(us): 51199
INSERT - Takes(s): 1960.0, Count: 44006, OPS: 22.5, Avg(us): 44447, Min(us): 43520, Max(us): 52607, 50th(us): 44287, 90th(us): 45087, 95th(us): 45183, 99th(us): 45375, 99.9th(us): 45983, 99.99th(us): 51199
TOTAL  - Takes(s): 1960.0, Count: 44006, OPS: 22.5, Avg(us): 44447, Min(us): 43520, Max(us): 52607, 50th(us): 44287, 90th(us): 45087, 95th(us): 45183, 99th(us): 45375, 99.9th(us): 45983, 99.99th(us): 51199
INSERT - Takes(s): 1970.0, Count: 44231, OPS: 22.5, Avg(us): 44448, Min(us): 43520, Max(us): 52607, 50th(us): 44287, 90th(us): 45087, 95th(us): 45183, 99th(us): 45375, 99.9th(us): 45983, 99.99th(us): 51199
TOTAL  - Takes(s): 1970.0, Count: 44231, OPS: 22.5, Avg(us): 44448, Min(us): 43520, Max(us): 52607, 50th(us): 44287, 90th(us): 45087, 95th(us): 45183, 99th(us): 45375, 99.9th(us): 45983, 99.99th(us): 51199
INSERT - Takes(s): 1980.0, Count: 44456, OPS: 22.5, Avg(us): 44447, Min(us): 43520, Max(us): 52607, 50th(us): 44287, 90th(us): 45087, 95th(us): 45183, 99th(us): 45375, 99.9th(us): 45983, 99.99th(us): 51199
TOTAL  - Takes(s): 1980.0, Count: 44456, OPS: 22.5, Avg(us): 44447, Min(us): 43520, Max(us): 52607, 50th(us): 44287, 90th(us): 45087, 95th(us): 45183, 99th(us): 45375, 99.9th(us): 45983, 99.99th(us): 51199
INSERT - Takes(s): 1990.0, Count: 44680, OPS: 22.5, Avg(us): 44447, Min(us): 43520, Max(us): 52607, 50th(us): 44287, 90th(us): 45087, 95th(us): 45183, 99th(us): 45375, 99.9th(us): 45983, 99.99th(us): 51199
TOTAL  - Takes(s): 1990.0, Count: 44680, OPS: 22.5, Avg(us): 44447, Min(us): 43520, Max(us): 52607, 50th(us): 44287, 90th(us): 45087, 95th(us): 45183, 99th(us): 45375, 99.9th(us): 45983, 99.99th(us): 51199
INSERT - Takes(s): 2000.0, Count: 44905, OPS: 22.5, Avg(us): 44447, Min(us): 43520, Max(us): 52607, 50th(us): 44287, 90th(us): 45087, 95th(us): 45183, 99th(us): 45375, 99.9th(us): 45983, 99.99th(us): 51199
TOTAL  - Takes(s): 2000.0, Count: 44905, OPS: 22.5, Avg(us): 44447, Min(us): 43520, Max(us): 52607, 50th(us): 44287, 90th(us): 45087, 95th(us): 45183, 99th(us): 45375, 99.9th(us): 45983, 99.99th(us): 51199
INSERT - Takes(s): 2010.0, Count: 45130, OPS: 22.5, Avg(us): 44446, Min(us): 43520, Max(us): 52607, 50th(us): 44287, 90th(us): 45087, 95th(us): 45183, 99th(us): 45375, 99.9th(us): 45983, 99.99th(us): 51103
TOTAL  - Takes(s): 2010.0, Count: 45130, OPS: 22.5, Avg(us): 44446, Min(us): 43520, Max(us): 52607, 50th(us): 44287, 90th(us): 45087, 95th(us): 45183, 99th(us): 45375, 99.9th(us): 45983, 99.99th(us): 51103
INSERT - Takes(s): 2020.0, Count: 45355, OPS: 22.5, Avg(us): 44446, Min(us): 43520, Max(us): 52607, 50th(us): 44287, 90th(us): 45087, 95th(us): 45183, 99th(us): 45375, 99.9th(us): 45983, 99.99th(us): 51103
TOTAL  - Takes(s): 2020.0, Count: 45355, OPS: 22.5, Avg(us): 44446, Min(us): 43520, Max(us): 52607, 50th(us): 44287, 90th(us): 45087, 95th(us): 45183, 99th(us): 45375, 99.9th(us): 45983, 99.99th(us): 51103
INSERT - Takes(s): 2030.0, Count: 45580, OPS: 22.5, Avg(us): 44446, Min(us): 43520, Max(us): 52607, 50th(us): 44287, 90th(us): 45087, 95th(us): 45183, 99th(us): 45375, 99.9th(us): 45983, 99.99th(us): 51103
TOTAL  - Takes(s): 2030.0, Count: 45580, OPS: 22.5, Avg(us): 44446, Min(us): 43520, Max(us): 52607, 50th(us): 44287, 90th(us): 45087, 95th(us): 45183, 99th(us): 45375, 99.9th(us): 45983, 99.99th(us): 51103
INSERT - Takes(s): 2040.0, Count: 45804, OPS: 22.5, Avg(us): 44445, Min(us): 43520, Max(us): 52607, 50th(us): 44287, 90th(us): 45087, 95th(us): 45183, 99th(us): 45375, 99.9th(us): 45983, 99.99th(us): 51103
TOTAL  - Takes(s): 2040.0, Count: 45804, OPS: 22.5, Avg(us): 44445, Min(us): 43520, Max(us): 52607, 50th(us): 44287, 90th(us): 45087, 95th(us): 45183, 99th(us): 45375, 99.9th(us): 45983, 99.99th(us): 51103
INSERT - Takes(s): 2050.0, Count: 46029, OPS: 22.5, Avg(us): 44445, Min(us): 43520, Max(us): 52607, 50th(us): 44287, 90th(us): 45087, 95th(us): 45183, 99th(us): 45375, 99.9th(us): 45983, 99.99th(us): 51103
TOTAL  - Takes(s): 2050.0, Count: 46029, OPS: 22.5, Avg(us): 44445, Min(us): 43520, Max(us): 52607, 50th(us): 44287, 90th(us): 45087, 95th(us): 45183, 99th(us): 45375, 99.9th(us): 45983, 99.99th(us): 51103
INSERT - Takes(s): 2060.0, Count: 46254, OPS: 22.5, Avg(us): 44445, Min(us): 43520, Max(us): 52607, 50th(us): 44287, 90th(us): 45087, 95th(us): 45183, 99th(us): 45375, 99.9th(us): 45983, 99.99th(us): 51103
TOTAL  - Takes(s): 2060.0, Count: 46254, OPS: 22.5, Avg(us): 44445, Min(us): 43520, Max(us): 52607, 50th(us): 44287, 90th(us): 45087, 95th(us): 45183, 99th(us): 45375, 99.9th(us): 45983, 99.99th(us): 51103
INSERT - Takes(s): 2070.0, Count: 46479, OPS: 22.5, Avg(us): 44445, Min(us): 43520, Max(us): 52607, 50th(us): 44287, 90th(us): 45087, 95th(us): 45183, 99th(us): 45375, 99.9th(us): 45983, 99.99th(us): 51103
TOTAL  - Takes(s): 2070.0, Count: 46479, OPS: 22.5, Avg(us): 44445, Min(us): 43520, Max(us): 52607, 50th(us): 44287, 90th(us): 45087, 95th(us): 45183, 99th(us): 45375, 99.9th(us): 45983, 99.99th(us): 51103
INSERT - Takes(s): 2080.0, Count: 46704, OPS: 22.5, Avg(us): 44444, Min(us): 43520, Max(us): 52607, 50th(us): 44287, 90th(us): 45087, 95th(us): 45183, 99th(us): 45375, 99.9th(us): 45983, 99.99th(us): 51103
TOTAL  - Takes(s): 2080.0, Count: 46704, OPS: 22.5, Avg(us): 44444, Min(us): 43520, Max(us): 52607, 50th(us): 44287, 90th(us): 45087, 95th(us): 45183, 99th(us): 45375, 99.9th(us): 45983, 99.99th(us): 51103
INSERT - Takes(s): 2090.0, Count: 46929, OPS: 22.5, Avg(us): 44444, Min(us): 43520, Max(us): 52607, 50th(us): 44287, 90th(us): 45087, 95th(us): 45183, 99th(us): 45375, 99.9th(us): 45983, 99.99th(us): 51103
TOTAL  - Takes(s): 2090.0, Count: 46929, OPS: 22.5, Avg(us): 44444, Min(us): 43520, Max(us): 52607, 50th(us): 44287, 90th(us): 45087, 95th(us): 45183, 99th(us): 45375, 99.9th(us): 45983, 99.99th(us): 51103
INSERT - Takes(s): 2100.0, Count: 47154, OPS: 22.5, Avg(us): 44443, Min(us): 43520, Max(us): 52607, 50th(us): 44287, 90th(us): 45087, 95th(us): 45183, 99th(us): 45375, 99.9th(us): 45983, 99.99th(us): 51103
TOTAL  - Takes(s): 2100.0, Count: 47154, OPS: 22.5, Avg(us): 44443, Min(us): 43520, Max(us): 52607, 50th(us): 44287, 90th(us): 45087, 95th(us): 45183, 99th(us): 45375, 99.9th(us): 45983, 99.99th(us): 51103
INSERT - Takes(s): 2110.0, Count: 47379, OPS: 22.5, Avg(us): 44443, Min(us): 43520, Max(us): 52607, 50th(us): 44287, 90th(us): 45087, 95th(us): 45183, 99th(us): 45375, 99.9th(us): 46015, 99.99th(us): 51103
TOTAL  - Takes(s): 2110.0, Count: 47379, OPS: 22.5, Avg(us): 44443, Min(us): 43520, Max(us): 52607, 50th(us): 44287, 90th(us): 45087, 95th(us): 45183, 99th(us): 45375, 99.9th(us): 46015, 99.99th(us): 51103
INSERT - Takes(s): 2120.0, Count: 47603, OPS: 22.5, Avg(us): 44443, Min(us): 43520, Max(us): 52607, 50th(us): 44287, 90th(us): 45087, 95th(us): 45183, 99th(us): 45375, 99.9th(us): 46015, 99.99th(us): 51103
TOTAL  - Takes(s): 2120.0, Count: 47603, OPS: 22.5, Avg(us): 44443, Min(us): 43520, Max(us): 52607, 50th(us): 44287, 90th(us): 45087, 95th(us): 45183, 99th(us): 45375, 99.9th(us): 46015, 99.99th(us): 51103
INSERT - Takes(s): 2130.0, Count: 47827, OPS: 22.5, Avg(us): 44444, Min(us): 43520, Max(us): 52607, 50th(us): 44287, 90th(us): 45087, 95th(us): 45183, 99th(us): 45375, 99.9th(us): 46015, 99.99th(us): 51103
TOTAL  - Takes(s): 2130.0, Count: 47827, OPS: 22.5, Avg(us): 44444, Min(us): 43520, Max(us): 52607, 50th(us): 44287, 90th(us): 45087, 95th(us): 45183, 99th(us): 45375, 99.9th(us): 46015, 99.99th(us): 51103
INSERT - Takes(s): 2140.0, Count: 48052, OPS: 22.5, Avg(us): 44444, Min(us): 43520, Max(us): 52607, 50th(us): 44287, 90th(us): 45087, 95th(us): 45183, 99th(us): 45375, 99.9th(us): 46015, 99.99th(us): 51103
TOTAL  - Takes(s): 2140.0, Count: 48052, OPS: 22.5, Avg(us): 44444, Min(us): 43520, Max(us): 52607, 50th(us): 44287, 90th(us): 45087, 95th(us): 45183, 99th(us): 45375, 99.9th(us): 46015, 99.99th(us): 51103
INSERT - Takes(s): 2150.0, Count: 48276, OPS: 22.5, Avg(us): 44444, Min(us): 43520, Max(us): 52607, 50th(us): 44287, 90th(us): 45087, 95th(us): 45183, 99th(us): 45375, 99.9th(us): 46047, 99.99th(us): 51103
TOTAL  - Takes(s): 2150.0, Count: 48276, OPS: 22.5, Avg(us): 44444, Min(us): 43520, Max(us): 52607, 50th(us): 44287, 90th(us): 45087, 95th(us): 45183, 99th(us): 45375, 99.9th(us): 46047, 99.99th(us): 51103
INSERT - Takes(s): 2160.0, Count: 48500, OPS: 22.5, Avg(us): 44444, Min(us): 43520, Max(us): 52607, 50th(us): 44287, 90th(us): 45087, 95th(us): 45183, 99th(us): 45375, 99.9th(us): 46047, 99.99th(us): 51103
TOTAL  - Takes(s): 2160.0, Count: 48500, OPS: 22.5, Avg(us): 44444, Min(us): 43520, Max(us): 52607, 50th(us): 44287, 90th(us): 45087, 95th(us): 45183, 99th(us): 45375, 99.9th(us): 46047, 99.99th(us): 51103
INSERT - Takes(s): 2170.0, Count: 48724, OPS: 22.5, Avg(us): 44445, Min(us): 43520, Max(us): 52607, 50th(us): 44287, 90th(us): 45087, 95th(us): 45183, 99th(us): 45375, 99.9th(us): 46047, 99.99th(us): 51103
TOTAL  - Takes(s): 2170.0, Count: 48724, OPS: 22.5, Avg(us): 44445, Min(us): 43520, Max(us): 52607, 50th(us): 44287, 90th(us): 45087, 95th(us): 45183, 99th(us): 45375, 99.9th(us): 46047, 99.99th(us): 51103
INSERT - Takes(s): 2180.0, Count: 48949, OPS: 22.5, Avg(us): 44445, Min(us): 43520, Max(us): 52607, 50th(us): 44287, 90th(us): 45087, 95th(us): 45183, 99th(us): 45375, 99.9th(us): 46047, 99.99th(us): 51103
TOTAL  - Takes(s): 2180.0, Count: 48949, OPS: 22.5, Avg(us): 44445, Min(us): 43520, Max(us): 52607, 50th(us): 44287, 90th(us): 45087, 95th(us): 45183, 99th(us): 45375, 99.9th(us): 46047, 99.99th(us): 51103
INSERT - Takes(s): 2190.0, Count: 49173, OPS: 22.5, Avg(us): 44445, Min(us): 43520, Max(us): 52607, 50th(us): 44287, 90th(us): 45087, 95th(us): 45183, 99th(us): 45375, 99.9th(us): 46047, 99.99th(us): 51103
TOTAL  - Takes(s): 2190.0, Count: 49173, OPS: 22.5, Avg(us): 44445, Min(us): 43520, Max(us): 52607, 50th(us): 44287, 90th(us): 45087, 95th(us): 45183, 99th(us): 45375, 99.9th(us): 46047, 99.99th(us): 51103
INSERT - Takes(s): 2200.0, Count: 49397, OPS: 22.5, Avg(us): 44445, Min(us): 43520, Max(us): 52607, 50th(us): 44287, 90th(us): 45087, 95th(us): 45183, 99th(us): 45375, 99.9th(us): 46047, 99.99th(us): 51103
TOTAL  - Takes(s): 2200.0, Count: 49397, OPS: 22.5, Avg(us): 44445, Min(us): 43520, Max(us): 52607, 50th(us): 44287, 90th(us): 45087, 95th(us): 45183, 99th(us): 45375, 99.9th(us): 46047, 99.99th(us): 51103
INSERT - Takes(s): 2210.0, Count: 49622, OPS: 22.5, Avg(us): 44445, Min(us): 43520, Max(us): 52607, 50th(us): 44287, 90th(us): 45087, 95th(us): 45183, 99th(us): 45375, 99.9th(us): 46047, 99.99th(us): 51103
TOTAL  - Takes(s): 2210.0, Count: 49622, OPS: 22.5, Avg(us): 44445, Min(us): 43520, Max(us): 52607, 50th(us): 44287, 90th(us): 45087, 95th(us): 45183, 99th(us): 45375, 99.9th(us): 46047, 99.99th(us): 51103
INSERT - Takes(s): 2220.0, Count: 49846, OPS: 22.5, Avg(us): 44446, Min(us): 43520, Max(us): 52607, 50th(us): 44287, 90th(us): 45087, 95th(us): 45183, 99th(us): 45375, 99.9th(us): 46047, 99.99th(us): 51103
TOTAL  - Takes(s): 2220.0, Count: 49846, OPS: 22.5, Avg(us): 44446, Min(us): 43520, Max(us): 52607, 50th(us): 44287, 90th(us): 45087, 95th(us): 45183, 99th(us): 45375, 99.9th(us): 46047, 99.99th(us): 51103
**********************************************
Run finished, takes 37m6.839553887s
INSERT - Takes(s): 2226.8, Count: 50000, OPS: 22.5, Avg(us): 44446, Min(us): 43520, Max(us): 52607, 50th(us): 44287, 90th(us): 45087, 95th(us): 45183, 99th(us): 45375, 99.9th(us): 46047, 99.99th(us): 51103
TOTAL  - Takes(s): 2226.8, Count: 50000, OPS: 22.5, Avg(us): 44446, Min(us): 43520, Max(us): 52607, 50th(us): 44287, 90th(us): 45087, 95th(us): 45183, 99th(us): 45375, 99.9th(us): 46047, 99.99th(us): 51103
