Now loading data using DB:  etcd
core
Using request distribution 'uniform' a keyrange of [0 49999]
***************** properties *****************
"workload"="core"
"readallfields"="true"
"readproportion"="0.5"
"dotransactions"="false"
"operationcount"="1000000"
"updateproportion"="0.5"
"threadcount"="1"
"recordcount"="50000"
"insertproportion"="0"
"etcd.dial_timeout"="1s"
"requestdistribution"="uniform"
"etcd.endpoints"="192.168.37.17:2385"
"docollectingdata"="false"
"command"="load"
"scanproportion"="0"
**********************************************
INSERT - Takes(s): 10.0, Count: 362, OPS: 36.3, Avg(us): 27489, Min(us): 25680, Max(us): 36415, 50th(us): 26879, 90th(us): 29807, 95th(us): 32559, 99th(us): 34239, 99.9th(us): 36415, 99.99th(us): 36415
TOTAL  - Takes(s): 10.0, Count: 362, OPS: 36.3, Avg(us): 27489, Min(us): 25680, Max(us): 36415, 50th(us): 26879, 90th(us): 29807, 95th(us): 32559, 99th(us): 34239, 99.9th(us): 36415, 99.99th(us): 36415
INSERT - Takes(s): 20.0, Count: 726, OPS: 36.4, Avg(us): 27438, Min(us): 25648, Max(us): 36415, 50th(us): 26863, 90th(us): 29599, 95th(us): 32831, 99th(us): 34495, 99.9th(us): 36287, 99.99th(us): 36415
TOTAL  - Takes(s): 20.0, Count: 726, OPS: 36.4, Avg(us): 27438, Min(us): 25648, Max(us): 36415, 50th(us): 26863, 90th(us): 29599, 95th(us): 32831, 99th(us): 34495, 99.9th(us): 36287, 99.99th(us): 36415
INSERT - Takes(s): 30.0, Count: 1089, OPS: 36.3, Avg(us): 27437, Min(us): 25648, Max(us): 38463, 50th(us): 26879, 90th(us): 29551, 95th(us): 32591, 99th(us): 34623, 99.9th(us): 36415, 99.99th(us): 38463
TOTAL  - Takes(s): 30.0, Count: 1089, OPS: 36.3, Avg(us): 27437, Min(us): 25648, Max(us): 38463, 50th(us): 26879, 90th(us): 29551, 95th(us): 32591, 99th(us): 34623, 99.9th(us): 36415, 99.99th(us): 38463
INSERT - Takes(s): 40.0, Count: 1450, OPS: 36.3, Avg(us): 27481, Min(us): 25648, Max(us): 38463, 50th(us): 26911, 90th(us): 29663, 95th(us): 32719, 99th(us): 34751, 99.9th(us): 37727, 99.99th(us): 38463
TOTAL  - Takes(s): 40.0, Count: 1450, OPS: 36.3, Avg(us): 27481, Min(us): 25648, Max(us): 38463, 50th(us): 26911, 90th(us): 29663, 95th(us): 32719, 99th(us): 34751, 99.9th(us): 37727, 99.99th(us): 38463
INSERT - Takes(s): 50.0, Count: 1812, OPS: 36.3, Avg(us): 27498, Min(us): 25648, Max(us): 38463, 50th(us): 26927, 90th(us): 29663, 95th(us): 32543, 99th(us): 34623, 99.9th(us): 37407, 99.99th(us): 38463
TOTAL  - Takes(s): 50.0, Count: 1812, OPS: 36.3, Avg(us): 27498, Min(us): 25648, Max(us): 38463, 50th(us): 26927, 90th(us): 29663, 95th(us): 32543, 99th(us): 34623, 99.9th(us): 37407, 99.99th(us): 38463
INSERT - Takes(s): 60.0, Count: 2173, OPS: 36.2, Avg(us): 27511, Min(us): 25648, Max(us): 38463, 50th(us): 26927, 90th(us): 29695, 95th(us): 32527, 99th(us): 34751, 99.9th(us): 37695, 99.99th(us): 38463
TOTAL  - Takes(s): 60.0, Count: 2173, OPS: 36.2, Avg(us): 27511, Min(us): 25648, Max(us): 38463, 50th(us): 26927, 90th(us): 29695, 95th(us): 32527, 99th(us): 34751, 99.9th(us): 37695, 99.99th(us): 38463
INSERT - Takes(s): 70.0, Count: 2534, OPS: 36.2, Avg(us): 27528, Min(us): 25648, Max(us): 38463, 50th(us): 26959, 90th(us): 29695, 95th(us): 32511, 99th(us): 34751, 99.9th(us): 37407, 99.99th(us): 38463
TOTAL  - Takes(s): 70.0, Count: 2534, OPS: 36.2, Avg(us): 27528, Min(us): 25648, Max(us): 38463, 50th(us): 26959, 90th(us): 29695, 95th(us): 32511, 99th(us): 34751, 99.9th(us): 37407, 99.99th(us): 38463
INSERT - Takes(s): 80.0, Count: 2896, OPS: 36.2, Avg(us): 27528, Min(us): 25648, Max(us): 38463, 50th(us): 26943, 90th(us): 29743, 95th(us): 32511, 99th(us): 34751, 99.9th(us): 37695, 99.99th(us): 38463
TOTAL  - Takes(s): 80.0, Count: 2896, OPS: 36.2, Avg(us): 27528, Min(us): 25648, Max(us): 38463, 50th(us): 26943, 90th(us): 29743, 95th(us): 32511, 99th(us): 34751, 99.9th(us): 37695, 99.99th(us): 38463
INSERT - Takes(s): 90.0, Count: 3260, OPS: 36.2, Avg(us): 27510, Min(us): 25648, Max(us): 38463, 50th(us): 26943, 90th(us): 29695, 95th(us): 32527, 99th(us): 34751, 99.9th(us): 37695, 99.99th(us): 38463
TOTAL  - Takes(s): 90.0, Count: 3260, OPS: 36.2, Avg(us): 27510, Min(us): 25648, Max(us): 38463, 50th(us): 26943, 90th(us): 29695, 95th(us): 32527, 99th(us): 34751, 99.9th(us): 37695, 99.99th(us): 38463
INSERT - Takes(s): 100.0, Count: 3625, OPS: 36.3, Avg(us): 27493, Min(us): 25616, Max(us): 38463, 50th(us): 26927, 90th(us): 29631, 95th(us): 32511, 99th(us): 34911, 99.9th(us): 37407, 99.99th(us): 38463
TOTAL  - Takes(s): 100.0, Count: 3625, OPS: 36.3, Avg(us): 27493, Min(us): 25616, Max(us): 38463, 50th(us): 26927, 90th(us): 29631, 95th(us): 32511, 99th(us): 34911, 99.9th(us): 37407, 99.99th(us): 38463
INSERT - Takes(s): 110.0, Count: 3990, OPS: 36.3, Avg(us): 27475, Min(us): 25584, Max(us): 38463, 50th(us): 26927, 90th(us): 29583, 95th(us): 32447, 99th(us): 34783, 99.9th(us): 37407, 99.99th(us): 38463
TOTAL  - Takes(s): 110.0, Count: 3990, OPS: 36.3, Avg(us): 27475, Min(us): 25584, Max(us): 38463, 50th(us): 26927, 90th(us): 29583, 95th(us): 32447, 99th(us): 34783, 99.9th(us): 37407, 99.99th(us): 38463
INSERT - Takes(s): 120.0, Count: 4355, OPS: 36.3, Avg(us): 27462, Min(us): 25520, Max(us): 38463, 50th(us): 26911, 90th(us): 29583, 95th(us): 32351, 99th(us): 34783, 99.9th(us): 37439, 99.99th(us): 38463
TOTAL  - Takes(s): 120.0, Count: 4355, OPS: 36.3, Avg(us): 27462, Min(us): 25520, Max(us): 38463, 50th(us): 26911, 90th(us): 29583, 95th(us): 32351, 99th(us): 34783, 99.9th(us): 37439, 99.99th(us): 38463
INSERT - Takes(s): 130.0, Count: 4719, OPS: 36.3, Avg(us): 27455, Min(us): 25312, Max(us): 38463, 50th(us): 26911, 90th(us): 29583, 95th(us): 32303, 99th(us): 34751, 99.9th(us): 37407, 99.99th(us): 38463
TOTAL  - Takes(s): 130.0, Count: 4719, OPS: 36.3, Avg(us): 27455, Min(us): 25312, Max(us): 38463, 50th(us): 26911, 90th(us): 29583, 95th(us): 32303, 99th(us): 34751, 99.9th(us): 37407, 99.99th(us): 38463
INSERT - Takes(s): 140.0, Count: 5079, OPS: 36.3, Avg(us): 27471, Min(us): 25312, Max(us): 38463, 50th(us): 26927, 90th(us): 29599, 95th(us): 32287, 99th(us): 34911, 99.9th(us): 37407, 99.99th(us): 37727
TOTAL  - Takes(s): 140.0, Count: 5079, OPS: 36.3, Avg(us): 27471, Min(us): 25312, Max(us): 38463, 50th(us): 26927, 90th(us): 29599, 95th(us): 32287, 99th(us): 34911, 99.9th(us): 37407, 99.99th(us): 37727
INSERT - Takes(s): 150.0, Count: 5440, OPS: 36.3, Avg(us): 27480, Min(us): 25312, Max(us): 38815, 50th(us): 26927, 90th(us): 29631, 95th(us): 32335, 99th(us): 34911, 99.9th(us): 37439, 99.99th(us): 38463
TOTAL  - Takes(s): 150.0, Count: 5440, OPS: 36.3, Avg(us): 27480, Min(us): 25312, Max(us): 38815, 50th(us): 26927, 90th(us): 29631, 95th(us): 32335, 99th(us): 34911, 99.9th(us): 37439, 99.99th(us): 38463
INSERT - Takes(s): 160.0, Count: 5803, OPS: 36.3, Avg(us): 27476, Min(us): 25312, Max(us): 38815, 50th(us): 26927, 90th(us): 29631, 95th(us): 32303, 99th(us): 34911, 99.9th(us): 37407, 99.99th(us): 38463
TOTAL  - Takes(s): 160.0, Count: 5803, OPS: 36.3, Avg(us): 27476, Min(us): 25312, Max(us): 38815, 50th(us): 26927, 90th(us): 29631, 95th(us): 32303, 99th(us): 34911, 99.9th(us): 37407, 99.99th(us): 38463
INSERT - Takes(s): 170.0, Count: 6165, OPS: 36.3, Avg(us): 27479, Min(us): 25312, Max(us): 38815, 50th(us): 26927, 90th(us): 29647, 95th(us): 32335, 99th(us): 35007, 99.9th(us): 37407, 99.99th(us): 38463
TOTAL  - Takes(s): 170.0, Count: 6165, OPS: 36.3, Avg(us): 27479, Min(us): 25312, Max(us): 38815, 50th(us): 26927, 90th(us): 29647, 95th(us): 32335, 99th(us): 35007, 99.9th(us): 37407, 99.99th(us): 38463
INSERT - Takes(s): 180.0, Count: 6532, OPS: 36.3, Avg(us): 27466, Min(us): 25312, Max(us): 38815, 50th(us): 26911, 90th(us): 29631, 95th(us): 32271, 99th(us): 34943, 99.9th(us): 37279, 99.99th(us): 38463
TOTAL  - Takes(s): 180.0, Count: 6532, OPS: 36.3, Avg(us): 27466, Min(us): 25312, Max(us): 38815, 50th(us): 26911, 90th(us): 29631, 95th(us): 32271, 99th(us): 34943, 99.9th(us): 37279, 99.99th(us): 38463
INSERT - Takes(s): 190.0, Count: 6897, OPS: 36.3, Avg(us): 27456, Min(us): 25312, Max(us): 38815, 50th(us): 26911, 90th(us): 29599, 95th(us): 32207, 99th(us): 34847, 99.9th(us): 37279, 99.99th(us): 38463
TOTAL  - Takes(s): 190.0, Count: 6897, OPS: 36.3, Avg(us): 27456, Min(us): 25312, Max(us): 38815, 50th(us): 26911, 90th(us): 29599, 95th(us): 32207, 99th(us): 34847, 99.9th(us): 37279, 99.99th(us): 38463
INSERT - Takes(s): 200.0, Count: 7260, OPS: 36.3, Avg(us): 27455, Min(us): 25312, Max(us): 38815, 50th(us): 26911, 90th(us): 29599, 95th(us): 32207, 99th(us): 34943, 99.9th(us): 37407, 99.99th(us): 38463
TOTAL  - Takes(s): 200.0, Count: 7260, OPS: 36.3, Avg(us): 27455, Min(us): 25312, Max(us): 38815, 50th(us): 26911, 90th(us): 29599, 95th(us): 32207, 99th(us): 34943, 99.9th(us): 37407, 99.99th(us): 38463
INSERT - Takes(s): 210.0, Count: 7621, OPS: 36.3, Avg(us): 27463, Min(us): 25312, Max(us): 38815, 50th(us): 26911, 90th(us): 29615, 95th(us): 32207, 99th(us): 34943, 99.9th(us): 37279, 99.99th(us): 38463
TOTAL  - Takes(s): 210.0, Count: 7621, OPS: 36.3, Avg(us): 27463, Min(us): 25312, Max(us): 38815, 50th(us): 26911, 90th(us): 29615, 95th(us): 32207, 99th(us): 34943, 99.9th(us): 37279, 99.99th(us): 38463
INSERT - Takes(s): 220.0, Count: 7982, OPS: 36.3, Avg(us): 27467, Min(us): 25312, Max(us): 38815, 50th(us): 26927, 90th(us): 29631, 95th(us): 32143, 99th(us): 35007, 99.9th(us): 37311, 99.99th(us): 38463
TOTAL  - Takes(s): 220.0, Count: 7982, OPS: 36.3, Avg(us): 27467, Min(us): 25312, Max(us): 38815, 50th(us): 26927, 90th(us): 29631, 95th(us): 32143, 99th(us): 35007, 99.9th(us): 37311, 99.99th(us): 38463
INSERT - Takes(s): 230.0, Count: 8347, OPS: 36.3, Avg(us): 27462, Min(us): 25312, Max(us): 38815, 50th(us): 26911, 90th(us): 29615, 95th(us): 32159, 99th(us): 35039, 99.9th(us): 37311, 99.99th(us): 38463
TOTAL  - Takes(s): 230.0, Count: 8347, OPS: 36.3, Avg(us): 27462, Min(us): 25312, Max(us): 38815, 50th(us): 26911, 90th(us): 29615, 95th(us): 32159, 99th(us): 35039, 99.9th(us): 37311, 99.99th(us): 38463
INSERT - Takes(s): 240.0, Count: 8711, OPS: 36.3, Avg(us): 27460, Min(us): 25312, Max(us): 38815, 50th(us): 26911, 90th(us): 29631, 95th(us): 32143, 99th(us): 35007, 99.9th(us): 37279, 99.99th(us): 38463
TOTAL  - Takes(s): 240.0, Count: 8711, OPS: 36.3, Avg(us): 27460, Min(us): 25312, Max(us): 38815, 50th(us): 26911, 90th(us): 29631, 95th(us): 32143, 99th(us): 35007, 99.9th(us): 37279, 99.99th(us): 38463
INSERT - Takes(s): 250.0, Count: 9076, OPS: 36.3, Avg(us): 27453, Min(us): 25312, Max(us): 38815, 50th(us): 26911, 90th(us): 29599, 95th(us): 32159, 99th(us): 34943, 99.9th(us): 37279, 99.99th(us): 38463
TOTAL  - Takes(s): 250.0, Count: 9076, OPS: 36.3, Avg(us): 27453, Min(us): 25312, Max(us): 38815, 50th(us): 26911, 90th(us): 29599, 95th(us): 32159, 99th(us): 34943, 99.9th(us): 37279, 99.99th(us): 38463
INSERT - Takes(s): 260.0, Count: 9440, OPS: 36.3, Avg(us): 27448, Min(us): 25312, Max(us): 38815, 50th(us): 26911, 90th(us): 29599, 95th(us): 32127, 99th(us): 34943, 99.9th(us): 37279, 99.99th(us): 38463
TOTAL  - Takes(s): 260.0, Count: 9440, OPS: 36.3, Avg(us): 27448, Min(us): 25312, Max(us): 38815, 50th(us): 26911, 90th(us): 29599, 95th(us): 32127, 99th(us): 34943, 99.9th(us): 37279, 99.99th(us): 38463
INSERT - Takes(s): 270.0, Count: 9805, OPS: 36.3, Avg(us): 27444, Min(us): 25312, Max(us): 38815, 50th(us): 26911, 90th(us): 29599, 95th(us): 32095, 99th(us): 34911, 99.9th(us): 37247, 99.99th(us): 38463
TOTAL  - Takes(s): 270.0, Count: 9805, OPS: 36.3, Avg(us): 27444, Min(us): 25312, Max(us): 38815, 50th(us): 26911, 90th(us): 29599, 95th(us): 32095, 99th(us): 34911, 99.9th(us): 37247, 99.99th(us): 38463
INSERT - Takes(s): 280.0, Count: 10164, OPS: 36.3, Avg(us): 27456, Min(us): 25312, Max(us): 38815, 50th(us): 26911, 90th(us): 29615, 95th(us): 32159, 99th(us): 34943, 99.9th(us): 37247, 99.99th(us): 38463
TOTAL  - Takes(s): 280.0, Count: 10164, OPS: 36.3, Avg(us): 27456, Min(us): 25312, Max(us): 38815, 50th(us): 26911, 90th(us): 29615, 95th(us): 32159, 99th(us): 34943, 99.9th(us): 37247, 99.99th(us): 38463
INSERT - Takes(s): 290.0, Count: 10523, OPS: 36.3, Avg(us): 27467, Min(us): 25312, Max(us): 43679, 50th(us): 26927, 90th(us): 29631, 95th(us): 32191, 99th(us): 35039, 99.9th(us): 37279, 99.99th(us): 38815
TOTAL  - Takes(s): 290.0, Count: 10523, OPS: 36.3, Avg(us): 27467, Min(us): 25312, Max(us): 43679, 50th(us): 26927, 90th(us): 29631, 95th(us): 32191, 99th(us): 35039, 99.9th(us): 37279, 99.99th(us): 38815
INSERT - Takes(s): 300.0, Count: 10887, OPS: 36.3, Avg(us): 27462, Min(us): 25312, Max(us): 43679, 50th(us): 26927, 90th(us): 29631, 95th(us): 32175, 99th(us): 35007, 99.9th(us): 37279, 99.99th(us): 38815
TOTAL  - Takes(s): 300.0, Count: 10887, OPS: 36.3, Avg(us): 27462, Min(us): 25312, Max(us): 43679, 50th(us): 26927, 90th(us): 29631, 95th(us): 32175, 99th(us): 35007, 99.9th(us): 37279, 99.99th(us): 38815
INSERT - Takes(s): 310.0, Count: 11250, OPS: 36.3, Avg(us): 27463, Min(us): 25312, Max(us): 43679, 50th(us): 26911, 90th(us): 29647, 95th(us): 32223, 99th(us): 35007, 99.9th(us): 37279, 99.99th(us): 38815
TOTAL  - Takes(s): 310.0, Count: 11250, OPS: 36.3, Avg(us): 27463, Min(us): 25312, Max(us): 43679, 50th(us): 26911, 90th(us): 29647, 95th(us): 32223, 99th(us): 35007, 99.9th(us): 37279, 99.99th(us): 38815
INSERT - Takes(s): 320.0, Count: 11614, OPS: 36.3, Avg(us): 27461, Min(us): 25312, Max(us): 43679, 50th(us): 26911, 90th(us): 29647, 95th(us): 32207, 99th(us): 34975, 99.9th(us): 37247, 99.99th(us): 38815
TOTAL  - Takes(s): 320.0, Count: 11614, OPS: 36.3, Avg(us): 27461, Min(us): 25312, Max(us): 43679, 50th(us): 26911, 90th(us): 29647, 95th(us): 32207, 99th(us): 34975, 99.9th(us): 37247, 99.99th(us): 38815
INSERT - Takes(s): 330.0, Count: 11980, OPS: 36.3, Avg(us): 27454, Min(us): 25312, Max(us): 43679, 50th(us): 26911, 90th(us): 29631, 95th(us): 32175, 99th(us): 34943, 99.9th(us): 37247, 99.99th(us): 38815
TOTAL  - Takes(s): 330.0, Count: 11980, OPS: 36.3, Avg(us): 27454, Min(us): 25312, Max(us): 43679, 50th(us): 26911, 90th(us): 29631, 95th(us): 32175, 99th(us): 34943, 99.9th(us): 37247, 99.99th(us): 38815
INSERT - Takes(s): 340.0, Count: 12343, OPS: 36.3, Avg(us): 27454, Min(us): 25312, Max(us): 43679, 50th(us): 26911, 90th(us): 29631, 95th(us): 32175, 99th(us): 34975, 99.9th(us): 37247, 99.99th(us): 38815
TOTAL  - Takes(s): 340.0, Count: 12343, OPS: 36.3, Avg(us): 27454, Min(us): 25312, Max(us): 43679, 50th(us): 26911, 90th(us): 29631, 95th(us): 32175, 99th(us): 34975, 99.9th(us): 37247, 99.99th(us): 38815
INSERT - Takes(s): 350.0, Count: 12707, OPS: 36.3, Avg(us): 27452, Min(us): 25312, Max(us): 43679, 50th(us): 26911, 90th(us): 29631, 95th(us): 32159, 99th(us): 34975, 99.9th(us): 37183, 99.99th(us): 38815
TOTAL  - Takes(s): 350.0, Count: 12707, OPS: 36.3, Avg(us): 27452, Min(us): 25312, Max(us): 43679, 50th(us): 26911, 90th(us): 29631, 95th(us): 32159, 99th(us): 34975, 99.9th(us): 37183, 99.99th(us): 38815
INSERT - Takes(s): 360.0, Count: 13069, OPS: 36.3, Avg(us): 27456, Min(us): 25312, Max(us): 43679, 50th(us): 26911, 90th(us): 29631, 95th(us): 32191, 99th(us): 34943, 99.9th(us): 37183, 99.99th(us): 38815
TOTAL  - Takes(s): 360.0, Count: 13069, OPS: 36.3, Avg(us): 27456, Min(us): 25312, Max(us): 43679, 50th(us): 26911, 90th(us): 29631, 95th(us): 32191, 99th(us): 34943, 99.9th(us): 37183, 99.99th(us): 38815
INSERT - Takes(s): 370.0, Count: 13430, OPS: 36.3, Avg(us): 27458, Min(us): 25312, Max(us): 43679, 50th(us): 26911, 90th(us): 29631, 95th(us): 32207, 99th(us): 34975, 99.9th(us): 37183, 99.99th(us): 38815
TOTAL  - Takes(s): 370.0, Count: 13430, OPS: 36.3, Avg(us): 27458, Min(us): 25312, Max(us): 43679, 50th(us): 26911, 90th(us): 29631, 95th(us): 32207, 99th(us): 34975, 99.9th(us): 37183, 99.99th(us): 38815
INSERT - Takes(s): 380.0, Count: 13792, OPS: 36.3, Avg(us): 27461, Min(us): 25312, Max(us): 43679, 50th(us): 26911, 90th(us): 29631, 95th(us): 32207, 99th(us): 34975, 99.9th(us): 37151, 99.99th(us): 38815
TOTAL  - Takes(s): 380.0, Count: 13792, OPS: 36.3, Avg(us): 27461, Min(us): 25312, Max(us): 43679, 50th(us): 26911, 90th(us): 29631, 95th(us): 32207, 99th(us): 34975, 99.9th(us): 37151, 99.99th(us): 38815
INSERT - Takes(s): 390.0, Count: 14157, OPS: 36.3, Avg(us): 27457, Min(us): 25312, Max(us): 43679, 50th(us): 26911, 90th(us): 29615, 95th(us): 32207, 99th(us): 34943, 99.9th(us): 37151, 99.99th(us): 38815
TOTAL  - Takes(s): 390.0, Count: 14157, OPS: 36.3, Avg(us): 27457, Min(us): 25312, Max(us): 43679, 50th(us): 26911, 90th(us): 29615, 95th(us): 32207, 99th(us): 34943, 99.9th(us): 37151, 99.99th(us): 38815
INSERT - Takes(s): 400.0, Count: 14521, OPS: 36.3, Avg(us): 27455, Min(us): 25312, Max(us): 43679, 50th(us): 26911, 90th(us): 29615, 95th(us): 32207, 99th(us): 34943, 99.9th(us): 37151, 99.99th(us): 39391
TOTAL  - Takes(s): 400.0, Count: 14521, OPS: 36.3, Avg(us): 27455, Min(us): 25312, Max(us): 43679, 50th(us): 26911, 90th(us): 29615, 95th(us): 32207, 99th(us): 34943, 99.9th(us): 37151, 99.99th(us): 39391
INSERT - Takes(s): 410.0, Count: 14887, OPS: 36.3, Avg(us): 27450, Min(us): 25312, Max(us): 43679, 50th(us): 26911, 90th(us): 29599, 95th(us): 32175, 99th(us): 34943, 99.9th(us): 37151, 99.99th(us): 39391
TOTAL  - Takes(s): 410.0, Count: 14887, OPS: 36.3, Avg(us): 27450, Min(us): 25312, Max(us): 43679, 50th(us): 26911, 90th(us): 29599, 95th(us): 32175, 99th(us): 34943, 99.9th(us): 37151, 99.99th(us): 39391
INSERT - Takes(s): 420.0, Count: 15250, OPS: 36.3, Avg(us): 27448, Min(us): 25312, Max(us): 43679, 50th(us): 26911, 90th(us): 29599, 95th(us): 32191, 99th(us): 34943, 99.9th(us): 37151, 99.99th(us): 38815
TOTAL  - Takes(s): 420.0, Count: 15250, OPS: 36.3, Avg(us): 27448, Min(us): 25312, Max(us): 43679, 50th(us): 26911, 90th(us): 29599, 95th(us): 32191, 99th(us): 34943, 99.9th(us): 37151, 99.99th(us): 38815
INSERT - Takes(s): 430.0, Count: 15614, OPS: 36.3, Avg(us): 27448, Min(us): 25312, Max(us): 43679, 50th(us): 26911, 90th(us): 29599, 95th(us): 32207, 99th(us): 34943, 99.9th(us): 37087, 99.99th(us): 38815
TOTAL  - Takes(s): 430.0, Count: 15614, OPS: 36.3, Avg(us): 27448, Min(us): 25312, Max(us): 43679, 50th(us): 26911, 90th(us): 29599, 95th(us): 32207, 99th(us): 34943, 99.9th(us): 37087, 99.99th(us): 38815
INSERT - Takes(s): 440.0, Count: 15977, OPS: 36.3, Avg(us): 27449, Min(us): 25312, Max(us): 43679, 50th(us): 26911, 90th(us): 29583, 95th(us): 32207, 99th(us): 34975, 99.9th(us): 37151, 99.99th(us): 38815
TOTAL  - Takes(s): 440.0, Count: 15977, OPS: 36.3, Avg(us): 27449, Min(us): 25312, Max(us): 43679, 50th(us): 26911, 90th(us): 29583, 95th(us): 32207, 99th(us): 34975, 99.9th(us): 37151, 99.99th(us): 38815
INSERT - Takes(s): 450.0, Count: 16339, OPS: 36.3, Avg(us): 27450, Min(us): 25312, Max(us): 43679, 50th(us): 26911, 90th(us): 29583, 95th(us): 32175, 99th(us): 34943, 99.9th(us): 37151, 99.99th(us): 38815
TOTAL  - Takes(s): 450.0, Count: 16339, OPS: 36.3, Avg(us): 27450, Min(us): 25312, Max(us): 43679, 50th(us): 26911, 90th(us): 29583, 95th(us): 32175, 99th(us): 34943, 99.9th(us): 37151, 99.99th(us): 38815
INSERT - Takes(s): 460.0, Count: 16702, OPS: 36.3, Avg(us): 27451, Min(us): 25312, Max(us): 43679, 50th(us): 26911, 90th(us): 29583, 95th(us): 32191, 99th(us): 34943, 99.9th(us): 37151, 99.99th(us): 39391
TOTAL  - Takes(s): 460.0, Count: 16702, OPS: 36.3, Avg(us): 27451, Min(us): 25312, Max(us): 43679, 50th(us): 26911, 90th(us): 29583, 95th(us): 32191, 99th(us): 34943, 99.9th(us): 37151, 99.99th(us): 39391
INSERT - Takes(s): 470.0, Count: 17065, OPS: 36.3, Avg(us): 27451, Min(us): 25312, Max(us): 43679, 50th(us): 26911, 90th(us): 29583, 95th(us): 32175, 99th(us): 34943, 99.9th(us): 37151, 99.99th(us): 39391
TOTAL  - Takes(s): 470.0, Count: 17065, OPS: 36.3, Avg(us): 27451, Min(us): 25312, Max(us): 43679, 50th(us): 26911, 90th(us): 29583, 95th(us): 32175, 99th(us): 34943, 99.9th(us): 37151, 99.99th(us): 39391
INSERT - Takes(s): 480.0, Count: 17428, OPS: 36.3, Avg(us): 27451, Min(us): 25312, Max(us): 43679, 50th(us): 26911, 90th(us): 29583, 95th(us): 32207, 99th(us): 34975, 99.9th(us): 37151, 99.99th(us): 39391
TOTAL  - Takes(s): 480.0, Count: 17428, OPS: 36.3, Avg(us): 27451, Min(us): 25312, Max(us): 43679, 50th(us): 26911, 90th(us): 29583, 95th(us): 32207, 99th(us): 34975, 99.9th(us): 37151, 99.99th(us): 39391
INSERT - Takes(s): 490.0, Count: 17793, OPS: 36.3, Avg(us): 27448, Min(us): 25312, Max(us): 43679, 50th(us): 26911, 90th(us): 29583, 95th(us): 32207, 99th(us): 34943, 99.9th(us): 37087, 99.99th(us): 39391
TOTAL  - Takes(s): 490.0, Count: 17793, OPS: 36.3, Avg(us): 27448, Min(us): 25312, Max(us): 43679, 50th(us): 26911, 90th(us): 29583, 95th(us): 32207, 99th(us): 34943, 99.9th(us): 37087, 99.99th(us): 39391
INSERT - Takes(s): 500.0, Count: 18156, OPS: 36.3, Avg(us): 27447, Min(us): 25312, Max(us): 43679, 50th(us): 26911, 90th(us): 29583, 95th(us): 32191, 99th(us): 34943, 99.9th(us): 37087, 99.99th(us): 39391
TOTAL  - Takes(s): 500.0, Count: 18156, OPS: 36.3, Avg(us): 27447, Min(us): 25312, Max(us): 43679, 50th(us): 26911, 90th(us): 29583, 95th(us): 32191, 99th(us): 34943, 99.9th(us): 37087, 99.99th(us): 39391
INSERT - Takes(s): 510.0, Count: 18518, OPS: 36.3, Avg(us): 27449, Min(us): 25312, Max(us): 43679, 50th(us): 26911, 90th(us): 29599, 95th(us): 32207, 99th(us): 34943, 99.9th(us): 37087, 99.99th(us): 39391
TOTAL  - Takes(s): 510.0, Count: 18518, OPS: 36.3, Avg(us): 27449, Min(us): 25312, Max(us): 43679, 50th(us): 26911, 90th(us): 29599, 95th(us): 32207, 99th(us): 34943, 99.9th(us): 37087, 99.99th(us): 39391
INSERT - Takes(s): 520.0, Count: 18878, OPS: 36.3, Avg(us): 27454, Min(us): 25312, Max(us): 43679, 50th(us): 26911, 90th(us): 29599, 95th(us): 32207, 99th(us): 34943, 99.9th(us): 37087, 99.99th(us): 39391
TOTAL  - Takes(s): 520.0, Count: 18878, OPS: 36.3, Avg(us): 27454, Min(us): 25312, Max(us): 43679, 50th(us): 26911, 90th(us): 29599, 95th(us): 32207, 99th(us): 34943, 99.9th(us): 37087, 99.99th(us): 39391
INSERT - Takes(s): 530.0, Count: 19241, OPS: 36.3, Avg(us): 27454, Min(us): 25312, Max(us): 43679, 50th(us): 26911, 90th(us): 29599, 95th(us): 32207, 99th(us): 34943, 99.9th(us): 37087, 99.99th(us): 39391
TOTAL  - Takes(s): 530.0, Count: 19241, OPS: 36.3, Avg(us): 27454, Min(us): 25312, Max(us): 43679, 50th(us): 26911, 90th(us): 29599, 95th(us): 32207, 99th(us): 34943, 99.9th(us): 37087, 99.99th(us): 39391
INSERT - Takes(s): 540.0, Count: 19605, OPS: 36.3, Avg(us): 27453, Min(us): 25312, Max(us): 43679, 50th(us): 26911, 90th(us): 29599, 95th(us): 32191, 99th(us): 34943, 99.9th(us): 37087, 99.99th(us): 39391
TOTAL  - Takes(s): 540.0, Count: 19605, OPS: 36.3, Avg(us): 27453, Min(us): 25312, Max(us): 43679, 50th(us): 26911, 90th(us): 29599, 95th(us): 32191, 99th(us): 34943, 99.9th(us): 37087, 99.99th(us): 39391
INSERT - Takes(s): 550.0, Count: 19968, OPS: 36.3, Avg(us): 27453, Min(us): 25312, Max(us): 43679, 50th(us): 26911, 90th(us): 29599, 95th(us): 32175, 99th(us): 34911, 99.9th(us): 37087, 99.99th(us): 39391
TOTAL  - Takes(s): 550.0, Count: 19968, OPS: 36.3, Avg(us): 27453, Min(us): 25312, Max(us): 43679, 50th(us): 26911, 90th(us): 29599, 95th(us): 32175, 99th(us): 34911, 99.9th(us): 37087, 99.99th(us): 39391
INSERT - Takes(s): 560.0, Count: 20332, OPS: 36.3, Avg(us): 27452, Min(us): 25312, Max(us): 43679, 50th(us): 26911, 90th(us): 29599, 95th(us): 32159, 99th(us): 34943, 99.9th(us): 37087, 99.99th(us): 39391
TOTAL  - Takes(s): 560.0, Count: 20332, OPS: 36.3, Avg(us): 27452, Min(us): 25312, Max(us): 43679, 50th(us): 26911, 90th(us): 29599, 95th(us): 32159, 99th(us): 34943, 99.9th(us): 37087, 99.99th(us): 39391
INSERT - Takes(s): 570.0, Count: 20696, OPS: 36.3, Avg(us): 27451, Min(us): 25312, Max(us): 43679, 50th(us): 26911, 90th(us): 29599, 95th(us): 32159, 99th(us): 34911, 99.9th(us): 37055, 99.99th(us): 39391
TOTAL  - Takes(s): 570.0, Count: 20696, OPS: 36.3, Avg(us): 27451, Min(us): 25312, Max(us): 43679, 50th(us): 26911, 90th(us): 29599, 95th(us): 32159, 99th(us): 34911, 99.9th(us): 37055, 99.99th(us): 39391
INSERT - Takes(s): 580.0, Count: 21060, OPS: 36.3, Avg(us): 27449, Min(us): 25312, Max(us): 43679, 50th(us): 26911, 90th(us): 29599, 95th(us): 32159, 99th(us): 34911, 99.9th(us): 37087, 99.99th(us): 39391
TOTAL  - Takes(s): 580.0, Count: 21060, OPS: 36.3, Avg(us): 27449, Min(us): 25312, Max(us): 43679, 50th(us): 26911, 90th(us): 29599, 95th(us): 32159, 99th(us): 34911, 99.9th(us): 37087, 99.99th(us): 39391
INSERT - Takes(s): 590.0, Count: 21426, OPS: 36.3, Avg(us): 27445, Min(us): 25312, Max(us): 43679, 50th(us): 26911, 90th(us): 29583, 95th(us): 32159, 99th(us): 34911, 99.9th(us): 37087, 99.99th(us): 39391
TOTAL  - Takes(s): 590.0, Count: 21426, OPS: 36.3, Avg(us): 27445, Min(us): 25312, Max(us): 43679, 50th(us): 26911, 90th(us): 29583, 95th(us): 32159, 99th(us): 34911, 99.9th(us): 37087, 99.99th(us): 39391
INSERT - Takes(s): 600.0, Count: 21791, OPS: 36.3, Avg(us): 27444, Min(us): 25312, Max(us): 43679, 50th(us): 26911, 90th(us): 29583, 95th(us): 32159, 99th(us): 34911, 99.9th(us): 37087, 99.99th(us): 39391
TOTAL  - Takes(s): 600.0, Count: 21791, OPS: 36.3, Avg(us): 27444, Min(us): 25312, Max(us): 43679, 50th(us): 26911, 90th(us): 29583, 95th(us): 32159, 99th(us): 34911, 99.9th(us): 37087, 99.99th(us): 39391
INSERT - Takes(s): 610.0, Count: 22153, OPS: 36.3, Avg(us): 27444, Min(us): 25312, Max(us): 43679, 50th(us): 26911, 90th(us): 29583, 95th(us): 32159, 99th(us): 34911, 99.9th(us): 37087, 99.99th(us): 39391
TOTAL  - Takes(s): 610.0, Count: 22153, OPS: 36.3, Avg(us): 27444, Min(us): 25312, Max(us): 43679, 50th(us): 26911, 90th(us): 29583, 95th(us): 32159, 99th(us): 34911, 99.9th(us): 37087, 99.99th(us): 39391
INSERT - Takes(s): 620.0, Count: 22518, OPS: 36.3, Avg(us): 27443, Min(us): 25312, Max(us): 43679, 50th(us): 26911, 90th(us): 29583, 95th(us): 32159, 99th(us): 34911, 99.9th(us): 37087, 99.99th(us): 39391
TOTAL  - Takes(s): 620.0, Count: 22518, OPS: 36.3, Avg(us): 27443, Min(us): 25312, Max(us): 43679, 50th(us): 26911, 90th(us): 29583, 95th(us): 32159, 99th(us): 34911, 99.9th(us): 37087, 99.99th(us): 39391
INSERT - Takes(s): 630.0, Count: 22882, OPS: 36.3, Avg(us): 27442, Min(us): 25312, Max(us): 43679, 50th(us): 26911, 90th(us): 29583, 95th(us): 32159, 99th(us): 34911, 99.9th(us): 37087, 99.99th(us): 39391
TOTAL  - Takes(s): 630.0, Count: 22882, OPS: 36.3, Avg(us): 27442, Min(us): 25312, Max(us): 43679, 50th(us): 26911, 90th(us): 29583, 95th(us): 32159, 99th(us): 34911, 99.9th(us): 37087, 99.99th(us): 39391
INSERT - Takes(s): 640.0, Count: 23245, OPS: 36.3, Avg(us): 27442, Min(us): 25312, Max(us): 43679, 50th(us): 26911, 90th(us): 29583, 95th(us): 32159, 99th(us): 34943, 99.9th(us): 37087, 99.99th(us): 39391
TOTAL  - Takes(s): 640.0, Count: 23245, OPS: 36.3, Avg(us): 27442, Min(us): 25312, Max(us): 43679, 50th(us): 26911, 90th(us): 29583, 95th(us): 32159, 99th(us): 34943, 99.9th(us): 37087, 99.99th(us): 39391
INSERT - Takes(s): 650.0, Count: 23604, OPS: 36.3, Avg(us): 27446, Min(us): 25312, Max(us): 43679, 50th(us): 26911, 90th(us): 29583, 95th(us): 32175, 99th(us): 34911, 99.9th(us): 37055, 99.99th(us): 39391
TOTAL  - Takes(s): 650.0, Count: 23604, OPS: 36.3, Avg(us): 27446, Min(us): 25312, Max(us): 43679, 50th(us): 26911, 90th(us): 29583, 95th(us): 32175, 99th(us): 34911, 99.9th(us): 37055, 99.99th(us): 39391
INSERT - Takes(s): 660.0, Count: 23965, OPS: 36.3, Avg(us): 27449, Min(us): 25312, Max(us): 43679, 50th(us): 26911, 90th(us): 29599, 95th(us): 32175, 99th(us): 34911, 99.9th(us): 37055, 99.99th(us): 39391
TOTAL  - Takes(s): 660.0, Count: 23965, OPS: 36.3, Avg(us): 27449, Min(us): 25312, Max(us): 43679, 50th(us): 26911, 90th(us): 29599, 95th(us): 32175, 99th(us): 34911, 99.9th(us): 37055, 99.99th(us): 39391
INSERT - Takes(s): 670.0, Count: 24329, OPS: 36.3, Avg(us): 27448, Min(us): 25312, Max(us): 43679, 50th(us): 26911, 90th(us): 29583, 95th(us): 32175, 99th(us): 34911, 99.9th(us): 37055, 99.99th(us): 39391
TOTAL  - Takes(s): 670.0, Count: 24329, OPS: 36.3, Avg(us): 27448, Min(us): 25312, Max(us): 43679, 50th(us): 26911, 90th(us): 29583, 95th(us): 32175, 99th(us): 34911, 99.9th(us): 37055, 99.99th(us): 39391
INSERT - Takes(s): 680.0, Count: 24693, OPS: 36.3, Avg(us): 27447, Min(us): 25312, Max(us): 43679, 50th(us): 26911, 90th(us): 29583, 95th(us): 32175, 99th(us): 34911, 99.9th(us): 36959, 99.99th(us): 39391
TOTAL  - Takes(s): 680.0, Count: 24693, OPS: 36.3, Avg(us): 27447, Min(us): 25312, Max(us): 43679, 50th(us): 26911, 90th(us): 29583, 95th(us): 32175, 99th(us): 34911, 99.9th(us): 36959, 99.99th(us): 39391
INSERT - Takes(s): 690.0, Count: 25057, OPS: 36.3, Avg(us): 27446, Min(us): 25312, Max(us): 43679, 50th(us): 26911, 90th(us): 29583, 95th(us): 32175, 99th(us): 34911, 99.9th(us): 36959, 99.99th(us): 38815
TOTAL  - Takes(s): 690.0, Count: 25057, OPS: 36.3, Avg(us): 27446, Min(us): 25312, Max(us): 43679, 50th(us): 26911, 90th(us): 29583, 95th(us): 32175, 99th(us): 34911, 99.9th(us): 36959, 99.99th(us): 38815
INSERT - Takes(s): 700.0, Count: 25421, OPS: 36.3, Avg(us): 27445, Min(us): 25312, Max(us): 43679, 50th(us): 26911, 90th(us): 29583, 95th(us): 32175, 99th(us): 34911, 99.9th(us): 36959, 99.99th(us): 38815
TOTAL  - Takes(s): 700.0, Count: 25421, OPS: 36.3, Avg(us): 27445, Min(us): 25312, Max(us): 43679, 50th(us): 26911, 90th(us): 29583, 95th(us): 32175, 99th(us): 34911, 99.9th(us): 36959, 99.99th(us): 38815
INSERT - Takes(s): 710.0, Count: 25786, OPS: 36.3, Avg(us): 27444, Min(us): 25312, Max(us): 43679, 50th(us): 26911, 90th(us): 29583, 95th(us): 32191, 99th(us): 34879, 99.9th(us): 36959, 99.99th(us): 38815
TOTAL  - Takes(s): 710.0, Count: 25786, OPS: 36.3, Avg(us): 27444, Min(us): 25312, Max(us): 43679, 50th(us): 26911, 90th(us): 29583, 95th(us): 32191, 99th(us): 34879, 99.9th(us): 36959, 99.99th(us): 38815
INSERT - Takes(s): 720.0, Count: 26149, OPS: 36.3, Avg(us): 27444, Min(us): 25312, Max(us): 43679, 50th(us): 26911, 90th(us): 29583, 95th(us): 32207, 99th(us): 34879, 99.9th(us): 36959, 99.99th(us): 38815
TOTAL  - Takes(s): 720.0, Count: 26149, OPS: 36.3, Avg(us): 27444, Min(us): 25312, Max(us): 43679, 50th(us): 26911, 90th(us): 29583, 95th(us): 32207, 99th(us): 34879, 99.9th(us): 36959, 99.99th(us): 38815
INSERT - Takes(s): 730.0, Count: 26515, OPS: 36.3, Avg(us): 27441, Min(us): 25312, Max(us): 43679, 50th(us): 26911, 90th(us): 29567, 95th(us): 32191, 99th(us): 34847, 99.9th(us): 36895, 99.99th(us): 38815
TOTAL  - Takes(s): 730.0, Count: 26515, OPS: 36.3, Avg(us): 27441, Min(us): 25312, Max(us): 43679, 50th(us): 26911, 90th(us): 29567, 95th(us): 32191, 99th(us): 34847, 99.9th(us): 36895, 99.99th(us): 38815
INSERT - Takes(s): 740.0, Count: 26875, OPS: 36.3, Avg(us): 27443, Min(us): 25312, Max(us): 43679, 50th(us): 26911, 90th(us): 29583, 95th(us): 32207, 99th(us): 34879, 99.9th(us): 36959, 99.99th(us): 39391
TOTAL  - Takes(s): 740.0, Count: 26875, OPS: 36.3, Avg(us): 27443, Min(us): 25312, Max(us): 43679, 50th(us): 26911, 90th(us): 29583, 95th(us): 32207, 99th(us): 34879, 99.9th(us): 36959, 99.99th(us): 39391
INSERT - Takes(s): 750.0, Count: 27240, OPS: 36.3, Avg(us): 27441, Min(us): 25312, Max(us): 43679, 50th(us): 26911, 90th(us): 29583, 95th(us): 32207, 99th(us): 34879, 99.9th(us): 36959, 99.99th(us): 39391
TOTAL  - Takes(s): 750.0, Count: 27240, OPS: 36.3, Avg(us): 27441, Min(us): 25312, Max(us): 43679, 50th(us): 26911, 90th(us): 29583, 95th(us): 32207, 99th(us): 34879, 99.9th(us): 36959, 99.99th(us): 39391
INSERT - Takes(s): 760.0, Count: 27603, OPS: 36.3, Avg(us): 27442, Min(us): 25312, Max(us): 43679, 50th(us): 26911, 90th(us): 29583, 95th(us): 32207, 99th(us): 34879, 99.9th(us): 36959, 99.99th(us): 39743
TOTAL  - Takes(s): 760.0, Count: 27603, OPS: 36.3, Avg(us): 27442, Min(us): 25312, Max(us): 43679, 50th(us): 26911, 90th(us): 29583, 95th(us): 32207, 99th(us): 34879, 99.9th(us): 36959, 99.99th(us): 39743
INSERT - Takes(s): 770.0, Count: 27962, OPS: 36.3, Avg(us): 27446, Min(us): 25312, Max(us): 43679, 50th(us): 26911, 90th(us): 29583, 95th(us): 32207, 99th(us): 34911, 99.9th(us): 36959, 99.99th(us): 39743
TOTAL  - Takes(s): 770.0, Count: 27962, OPS: 36.3, Avg(us): 27446, Min(us): 25312, Max(us): 43679, 50th(us): 26911, 90th(us): 29583, 95th(us): 32207, 99th(us): 34911, 99.9th(us): 36959, 99.99th(us): 39743
INSERT - Takes(s): 780.0, Count: 28327, OPS: 36.3, Avg(us): 27445, Min(us): 25312, Max(us): 43679, 50th(us): 26911, 90th(us): 29583, 95th(us): 32207, 99th(us): 34911, 99.9th(us): 36959, 99.99th(us): 39743
TOTAL  - Takes(s): 780.0, Count: 28327, OPS: 36.3, Avg(us): 27445, Min(us): 25312, Max(us): 43679, 50th(us): 26911, 90th(us): 29583, 95th(us): 32207, 99th(us): 34911, 99.9th(us): 36959, 99.99th(us): 39743
INSERT - Takes(s): 790.0, Count: 28691, OPS: 36.3, Avg(us): 27443, Min(us): 25312, Max(us): 43679, 50th(us): 26911, 90th(us): 29583, 95th(us): 32207, 99th(us): 34911, 99.9th(us): 36959, 99.99th(us): 39743
TOTAL  - Takes(s): 790.0, Count: 28691, OPS: 36.3, Avg(us): 27443, Min(us): 25312, Max(us): 43679, 50th(us): 26911, 90th(us): 29583, 95th(us): 32207, 99th(us): 34911, 99.9th(us): 36959, 99.99th(us): 39743
INSERT - Takes(s): 800.0, Count: 29054, OPS: 36.3, Avg(us): 27443, Min(us): 25312, Max(us): 43679, 50th(us): 26911, 90th(us): 29583, 95th(us): 32223, 99th(us): 34879, 99.9th(us): 36959, 99.99th(us): 39743
TOTAL  - Takes(s): 800.0, Count: 29054, OPS: 36.3, Avg(us): 27443, Min(us): 25312, Max(us): 43679, 50th(us): 26911, 90th(us): 29583, 95th(us): 32223, 99th(us): 34879, 99.9th(us): 36959, 99.99th(us): 39743
INSERT - Takes(s): 810.0, Count: 29418, OPS: 36.3, Avg(us): 27442, Min(us): 25312, Max(us): 43679, 50th(us): 26911, 90th(us): 29583, 95th(us): 32223, 99th(us): 34879, 99.9th(us): 36959, 99.99th(us): 39743
TOTAL  - Takes(s): 810.0, Count: 29418, OPS: 36.3, Avg(us): 27442, Min(us): 25312, Max(us): 43679, 50th(us): 26911, 90th(us): 29583, 95th(us): 32223, 99th(us): 34879, 99.9th(us): 36959, 99.99th(us): 39743
INSERT - Takes(s): 820.0, Count: 29782, OPS: 36.3, Avg(us): 27442, Min(us): 25312, Max(us): 43679, 50th(us): 26911, 90th(us): 29583, 95th(us): 32207, 99th(us): 34879, 99.9th(us): 36895, 99.99th(us): 39743
TOTAL  - Takes(s): 820.0, Count: 29782, OPS: 36.3, Avg(us): 27442, Min(us): 25312, Max(us): 43679, 50th(us): 26911, 90th(us): 29583, 95th(us): 32207, 99th(us): 34879, 99.9th(us): 36895, 99.99th(us): 39743
INSERT - Takes(s): 830.0, Count: 30148, OPS: 36.3, Avg(us): 27439, Min(us): 25312, Max(us): 43679, 50th(us): 26911, 90th(us): 29567, 95th(us): 32207, 99th(us): 34847, 99.9th(us): 36895, 99.99th(us): 39743
TOTAL  - Takes(s): 830.0, Count: 30148, OPS: 36.3, Avg(us): 27439, Min(us): 25312, Max(us): 43679, 50th(us): 26911, 90th(us): 29567, 95th(us): 32207, 99th(us): 34847, 99.9th(us): 36895, 99.99th(us): 39743
INSERT - Takes(s): 840.0, Count: 30513, OPS: 36.3, Avg(us): 27438, Min(us): 25312, Max(us): 43679, 50th(us): 26911, 90th(us): 29567, 95th(us): 32191, 99th(us): 34879, 99.9th(us): 36895, 99.99th(us): 39743
TOTAL  - Takes(s): 840.0, Count: 30513, OPS: 36.3, Avg(us): 27438, Min(us): 25312, Max(us): 43679, 50th(us): 26911, 90th(us): 29567, 95th(us): 32191, 99th(us): 34879, 99.9th(us): 36895, 99.99th(us): 39743
INSERT - Takes(s): 850.0, Count: 30878, OPS: 36.3, Avg(us): 27437, Min(us): 25312, Max(us): 43679, 50th(us): 26911, 90th(us): 29567, 95th(us): 32175, 99th(us): 34879, 99.9th(us): 36895, 99.99th(us): 39743
TOTAL  - Takes(s): 850.0, Count: 30878, OPS: 36.3, Avg(us): 27437, Min(us): 25312, Max(us): 43679, 50th(us): 26911, 90th(us): 29567, 95th(us): 32175, 99th(us): 34879, 99.9th(us): 36895, 99.99th(us): 39743
INSERT - Takes(s): 860.0, Count: 31239, OPS: 36.3, Avg(us): 27438, Min(us): 25312, Max(us): 43679, 50th(us): 26911, 90th(us): 29567, 95th(us): 32175, 99th(us): 34879, 99.9th(us): 36895, 99.99th(us): 39743
TOTAL  - Takes(s): 860.0, Count: 31239, OPS: 36.3, Avg(us): 27438, Min(us): 25312, Max(us): 43679, 50th(us): 26911, 90th(us): 29567, 95th(us): 32175, 99th(us): 34879, 99.9th(us): 36895, 99.99th(us): 39743
INSERT - Takes(s): 870.0, Count: 31603, OPS: 36.3, Avg(us): 27438, Min(us): 25312, Max(us): 43711, 50th(us): 26911, 90th(us): 29567, 95th(us): 32175, 99th(us): 34879, 99.9th(us): 36895, 99.99th(us): 42399
TOTAL  - Takes(s): 870.0, Count: 31603, OPS: 36.3, Avg(us): 27438, Min(us): 25312, Max(us): 43711, 50th(us): 26911, 90th(us): 29567, 95th(us): 32175, 99th(us): 34879, 99.9th(us): 36895, 99.99th(us): 42399
INSERT - Takes(s): 880.0, Count: 31967, OPS: 36.3, Avg(us): 27438, Min(us): 25312, Max(us): 43711, 50th(us): 26911, 90th(us): 29567, 95th(us): 32175, 99th(us): 34879, 99.9th(us): 36895, 99.99th(us): 42399
TOTAL  - Takes(s): 880.0, Count: 31967, OPS: 36.3, Avg(us): 27438, Min(us): 25312, Max(us): 43711, 50th(us): 26911, 90th(us): 29567, 95th(us): 32175, 99th(us): 34879, 99.9th(us): 36895, 99.99th(us): 42399
INSERT - Takes(s): 890.0, Count: 32328, OPS: 36.3, Avg(us): 27439, Min(us): 25312, Max(us): 43711, 50th(us): 26911, 90th(us): 29583, 95th(us): 32175, 99th(us): 34879, 99.9th(us): 36959, 99.99th(us): 42399
TOTAL  - Takes(s): 890.0, Count: 32328, OPS: 36.3, Avg(us): 27439, Min(us): 25312, Max(us): 43711, 50th(us): 26911, 90th(us): 29583, 95th(us): 32175, 99th(us): 34879, 99.9th(us): 36959, 99.99th(us): 42399
INSERT - Takes(s): 900.0, Count: 32692, OPS: 36.3, Avg(us): 27438, Min(us): 25312, Max(us): 43711, 50th(us): 26911, 90th(us): 29583, 95th(us): 32175, 99th(us): 34879, 99.9th(us): 36895, 99.99th(us): 42399
TOTAL  - Takes(s): 900.0, Count: 32692, OPS: 36.3, Avg(us): 27438, Min(us): 25312, Max(us): 43711, 50th(us): 26911, 90th(us): 29583, 95th(us): 32175, 99th(us): 34879, 99.9th(us): 36895, 99.99th(us): 42399
INSERT - Takes(s): 910.0, Count: 33056, OPS: 36.3, Avg(us): 27438, Min(us): 25312, Max(us): 43711, 50th(us): 26911, 90th(us): 29567, 95th(us): 32175, 99th(us): 34879, 99.9th(us): 36959, 99.99th(us): 42399
TOTAL  - Takes(s): 910.0, Count: 33056, OPS: 36.3, Avg(us): 27438, Min(us): 25312, Max(us): 43711, 50th(us): 26911, 90th(us): 29567, 95th(us): 32175, 99th(us): 34879, 99.9th(us): 36959, 99.99th(us): 42399
INSERT - Takes(s): 920.0, Count: 33420, OPS: 36.3, Avg(us): 27437, Min(us): 25312, Max(us): 43711, 50th(us): 26911, 90th(us): 29567, 95th(us): 32175, 99th(us): 34879, 99.9th(us): 36959, 99.99th(us): 42399
TOTAL  - Takes(s): 920.0, Count: 33420, OPS: 36.3, Avg(us): 27437, Min(us): 25312, Max(us): 43711, 50th(us): 26911, 90th(us): 29567, 95th(us): 32175, 99th(us): 34879, 99.9th(us): 36959, 99.99th(us): 42399
INSERT - Takes(s): 930.0, Count: 33781, OPS: 36.3, Avg(us): 27439, Min(us): 25312, Max(us): 43711, 50th(us): 26911, 90th(us): 29567, 95th(us): 32175, 99th(us): 34911, 99.9th(us): 36895, 99.99th(us): 42399
TOTAL  - Takes(s): 930.0, Count: 33781, OPS: 36.3, Avg(us): 27439, Min(us): 25312, Max(us): 43711, 50th(us): 26911, 90th(us): 29567, 95th(us): 32175, 99th(us): 34911, 99.9th(us): 36895, 99.99th(us): 42399
INSERT - Takes(s): 940.0, Count: 34146, OPS: 36.3, Avg(us): 27438, Min(us): 25312, Max(us): 43711, 50th(us): 26911, 90th(us): 29567, 95th(us): 32175, 99th(us): 34879, 99.9th(us): 36895, 99.99th(us): 42399
TOTAL  - Takes(s): 940.0, Count: 34146, OPS: 36.3, Avg(us): 27438, Min(us): 25312, Max(us): 43711, 50th(us): 26911, 90th(us): 29567, 95th(us): 32175, 99th(us): 34879, 99.9th(us): 36895, 99.99th(us): 42399
INSERT - Takes(s): 950.0, Count: 34507, OPS: 36.3, Avg(us): 27439, Min(us): 25312, Max(us): 43711, 50th(us): 26911, 90th(us): 29583, 95th(us): 32159, 99th(us): 34911, 99.9th(us): 36895, 99.99th(us): 42399
TOTAL  - Takes(s): 950.0, Count: 34507, OPS: 36.3, Avg(us): 27439, Min(us): 25312, Max(us): 43711, 50th(us): 26911, 90th(us): 29583, 95th(us): 32159, 99th(us): 34911, 99.9th(us): 36895, 99.99th(us): 42399
INSERT - Takes(s): 960.0, Count: 34869, OPS: 36.3, Avg(us): 27440, Min(us): 25312, Max(us): 43711, 50th(us): 26911, 90th(us): 29583, 95th(us): 32159, 99th(us): 34911, 99.9th(us): 36959, 99.99th(us): 42399
TOTAL  - Takes(s): 960.0, Count: 34869, OPS: 36.3, Avg(us): 27440, Min(us): 25312, Max(us): 43711, 50th(us): 26911, 90th(us): 29583, 95th(us): 32159, 99th(us): 34911, 99.9th(us): 36959, 99.99th(us): 42399
INSERT - Takes(s): 970.0, Count: 35232, OPS: 36.3, Avg(us): 27440, Min(us): 25312, Max(us): 45311, 50th(us): 26911, 90th(us): 29567, 95th(us): 32159, 99th(us): 34911, 99.9th(us): 36959, 99.99th(us): 42399
TOTAL  - Takes(s): 970.0, Count: 35232, OPS: 36.3, Avg(us): 27440, Min(us): 25312, Max(us): 45311, 50th(us): 26911, 90th(us): 29567, 95th(us): 32159, 99th(us): 34911, 99.9th(us): 36959, 99.99th(us): 42399
INSERT - Takes(s): 980.0, Count: 35597, OPS: 36.3, Avg(us): 27439, Min(us): 25312, Max(us): 45311, 50th(us): 26911, 90th(us): 29567, 95th(us): 32159, 99th(us): 34879, 99.9th(us): 36959, 99.99th(us): 42399
TOTAL  - Takes(s): 980.0, Count: 35597, OPS: 36.3, Avg(us): 27439, Min(us): 25312, Max(us): 45311, 50th(us): 26911, 90th(us): 29567, 95th(us): 32159, 99th(us): 34879, 99.9th(us): 36959, 99.99th(us): 42399
INSERT - Takes(s): 990.0, Count: 35961, OPS: 36.3, Avg(us): 27439, Min(us): 25312, Max(us): 45311, 50th(us): 26911, 90th(us): 29567, 95th(us): 32175, 99th(us): 34879, 99.9th(us): 36959, 99.99th(us): 42399
TOTAL  - Takes(s): 990.0, Count: 35961, OPS: 36.3, Avg(us): 27439, Min(us): 25312, Max(us): 45311, 50th(us): 26911, 90th(us): 29567, 95th(us): 32175, 99th(us): 34879, 99.9th(us): 36959, 99.99th(us): 42399
INSERT - Takes(s): 1000.0, Count: 36324, OPS: 36.3, Avg(us): 27438, Min(us): 25312, Max(us): 45311, 50th(us): 26911, 90th(us): 29567, 95th(us): 32175, 99th(us): 34911, 99.9th(us): 36959, 99.99th(us): 42399
TOTAL  - Takes(s): 1000.0, Count: 36324, OPS: 36.3, Avg(us): 27438, Min(us): 25312, Max(us): 45311, 50th(us): 26911, 90th(us): 29567, 95th(us): 32175, 99th(us): 34911, 99.9th(us): 36959, 99.99th(us): 42399
INSERT - Takes(s): 1010.0, Count: 36689, OPS: 36.3, Avg(us): 27437, Min(us): 25312, Max(us): 45311, 50th(us): 26911, 90th(us): 29567, 95th(us): 32175, 99th(us): 34879, 99.9th(us): 36895, 99.99th(us): 42399
TOTAL  - Takes(s): 1010.0, Count: 36689, OPS: 36.3, Avg(us): 27437, Min(us): 25312, Max(us): 45311, 50th(us): 26911, 90th(us): 29567, 95th(us): 32175, 99th(us): 34879, 99.9th(us): 36895, 99.99th(us): 42399
INSERT - Takes(s): 1020.0, Count: 37051, OPS: 36.3, Avg(us): 27438, Min(us): 25312, Max(us): 45311, 50th(us): 26911, 90th(us): 29567, 95th(us): 32175, 99th(us): 34879, 99.9th(us): 36895, 99.99th(us): 42399
TOTAL  - Takes(s): 1020.0, Count: 37051, OPS: 36.3, Avg(us): 27438, Min(us): 25312, Max(us): 45311, 50th(us): 26911, 90th(us): 29567, 95th(us): 32175, 99th(us): 34879, 99.9th(us): 36895, 99.99th(us): 42399
INSERT - Takes(s): 1030.0, Count: 37413, OPS: 36.3, Avg(us): 27440, Min(us): 25312, Max(us): 45311, 50th(us): 26911, 90th(us): 29567, 95th(us): 32175, 99th(us): 34879, 99.9th(us): 36959, 99.99th(us): 42527
TOTAL  - Takes(s): 1030.0, Count: 37413, OPS: 36.3, Avg(us): 27440, Min(us): 25312, Max(us): 45311, 50th(us): 26911, 90th(us): 29567, 95th(us): 32175, 99th(us): 34879, 99.9th(us): 36959, 99.99th(us): 42527
INSERT - Takes(s): 1040.0, Count: 37772, OPS: 36.3, Avg(us): 27442, Min(us): 25312, Max(us): 45311, 50th(us): 26911, 90th(us): 29567, 95th(us): 32191, 99th(us): 34911, 99.9th(us): 36959, 99.99th(us): 42527
TOTAL  - Takes(s): 1040.0, Count: 37772, OPS: 36.3, Avg(us): 27442, Min(us): 25312, Max(us): 45311, 50th(us): 26911, 90th(us): 29567, 95th(us): 32191, 99th(us): 34911, 99.9th(us): 36959, 99.99th(us): 42527
INSERT - Takes(s): 1050.0, Count: 38135, OPS: 36.3, Avg(us): 27443, Min(us): 25312, Max(us): 45311, 50th(us): 26911, 90th(us): 29567, 95th(us): 32207, 99th(us): 34911, 99.9th(us): 36959, 99.99th(us): 42527
TOTAL  - Takes(s): 1050.0, Count: 38135, OPS: 36.3, Avg(us): 27443, Min(us): 25312, Max(us): 45311, 50th(us): 26911, 90th(us): 29567, 95th(us): 32207, 99th(us): 34911, 99.9th(us): 36959, 99.99th(us): 42527
INSERT - Takes(s): 1060.0, Count: 38499, OPS: 36.3, Avg(us): 27442, Min(us): 25312, Max(us): 45311, 50th(us): 26911, 90th(us): 29567, 95th(us): 32207, 99th(us): 34879, 99.9th(us): 36959, 99.99th(us): 42527
TOTAL  - Takes(s): 1060.0, Count: 38499, OPS: 36.3, Avg(us): 27442, Min(us): 25312, Max(us): 45311, 50th(us): 26911, 90th(us): 29567, 95th(us): 32207, 99th(us): 34879, 99.9th(us): 36959, 99.99th(us): 42527
INSERT - Takes(s): 1070.0, Count: 38863, OPS: 36.3, Avg(us): 27442, Min(us): 25312, Max(us): 45311, 50th(us): 26911, 90th(us): 29567, 95th(us): 32207, 99th(us): 34879, 99.9th(us): 36959, 99.99th(us): 42527
TOTAL  - Takes(s): 1070.0, Count: 38863, OPS: 36.3, Avg(us): 27442, Min(us): 25312, Max(us): 45311, 50th(us): 26911, 90th(us): 29567, 95th(us): 32207, 99th(us): 34879, 99.9th(us): 36959, 99.99th(us): 42527
INSERT - Takes(s): 1080.0, Count: 39227, OPS: 36.3, Avg(us): 27441, Min(us): 25312, Max(us): 45311, 50th(us): 26911, 90th(us): 29567, 95th(us): 32207, 99th(us): 34879, 99.9th(us): 36959, 99.99th(us): 42527
TOTAL  - Takes(s): 1080.0, Count: 39227, OPS: 36.3, Avg(us): 27441, Min(us): 25312, Max(us): 45311, 50th(us): 26911, 90th(us): 29567, 95th(us): 32207, 99th(us): 34879, 99.9th(us): 36959, 99.99th(us): 42527
INSERT - Takes(s): 1090.0, Count: 39591, OPS: 36.3, Avg(us): 27441, Min(us): 25312, Max(us): 45311, 50th(us): 26911, 90th(us): 29567, 95th(us): 32191, 99th(us): 34911, 99.9th(us): 36959, 99.99th(us): 42527
TOTAL  - Takes(s): 1090.0, Count: 39591, OPS: 36.3, Avg(us): 27441, Min(us): 25312, Max(us): 45311, 50th(us): 26911, 90th(us): 29567, 95th(us): 32191, 99th(us): 34911, 99.9th(us): 36959, 99.99th(us): 42527
INSERT - Takes(s): 1100.0, Count: 39955, OPS: 36.3, Avg(us): 27440, Min(us): 25312, Max(us): 45311, 50th(us): 26911, 90th(us): 29567, 95th(us): 32191, 99th(us): 34879, 99.9th(us): 36991, 99.99th(us): 42527
TOTAL  - Takes(s): 1100.0, Count: 39955, OPS: 36.3, Avg(us): 27440, Min(us): 25312, Max(us): 45311, 50th(us): 26911, 90th(us): 29567, 95th(us): 32191, 99th(us): 34879, 99.9th(us): 36991, 99.99th(us): 42527
INSERT - Takes(s): 1110.0, Count: 40317, OPS: 36.3, Avg(us): 27440, Min(us): 25312, Max(us): 45311, 50th(us): 26911, 90th(us): 29567, 95th(us): 32207, 99th(us): 34911, 99.9th(us): 36991, 99.99th(us): 42527
TOTAL  - Takes(s): 1110.0, Count: 40317, OPS: 36.3, Avg(us): 27440, Min(us): 25312, Max(us): 45311, 50th(us): 26911, 90th(us): 29567, 95th(us): 32207, 99th(us): 34911, 99.9th(us): 36991, 99.99th(us): 42527
INSERT - Takes(s): 1120.0, Count: 40682, OPS: 36.3, Avg(us): 27439, Min(us): 25312, Max(us): 45311, 50th(us): 26911, 90th(us): 29567, 95th(us): 32191, 99th(us): 34911, 99.9th(us): 36959, 99.99th(us): 42527
TOTAL  - Takes(s): 1120.0, Count: 40682, OPS: 36.3, Avg(us): 27439, Min(us): 25312, Max(us): 45311, 50th(us): 26911, 90th(us): 29567, 95th(us): 32191, 99th(us): 34911, 99.9th(us): 36959, 99.99th(us): 42527
INSERT - Takes(s): 1130.0, Count: 41044, OPS: 36.3, Avg(us): 27440, Min(us): 25312, Max(us): 45311, 50th(us): 26911, 90th(us): 29567, 95th(us): 32191, 99th(us): 34911, 99.9th(us): 36959, 99.99th(us): 42527
TOTAL  - Takes(s): 1130.0, Count: 41044, OPS: 36.3, Avg(us): 27440, Min(us): 25312, Max(us): 45311, 50th(us): 26911, 90th(us): 29567, 95th(us): 32191, 99th(us): 34911, 99.9th(us): 36959, 99.99th(us): 42527
INSERT - Takes(s): 1140.0, Count: 41405, OPS: 36.3, Avg(us): 27442, Min(us): 25312, Max(us): 45311, 50th(us): 26911, 90th(us): 29567, 95th(us): 32207, 99th(us): 34911, 99.9th(us): 36959, 99.99th(us): 42527
TOTAL  - Takes(s): 1140.0, Count: 41405, OPS: 36.3, Avg(us): 27442, Min(us): 25312, Max(us): 45311, 50th(us): 26911, 90th(us): 29567, 95th(us): 32207, 99th(us): 34911, 99.9th(us): 36959, 99.99th(us): 42527
INSERT - Takes(s): 1150.0, Count: 41769, OPS: 36.3, Avg(us): 27441, Min(us): 25312, Max(us): 45311, 50th(us): 26911, 90th(us): 29567, 95th(us): 32207, 99th(us): 34943, 99.9th(us): 36959, 99.99th(us): 42527
TOTAL  - Takes(s): 1150.0, Count: 41769, OPS: 36.3, Avg(us): 27441, Min(us): 25312, Max(us): 45311, 50th(us): 26911, 90th(us): 29567, 95th(us): 32207, 99th(us): 34943, 99.9th(us): 36959, 99.99th(us): 42527
INSERT - Takes(s): 1160.0, Count: 42133, OPS: 36.3, Avg(us): 27441, Min(us): 25312, Max(us): 45311, 50th(us): 26911, 90th(us): 29567, 95th(us): 32207, 99th(us): 34943, 99.9th(us): 36959, 99.99th(us): 42527
TOTAL  - Takes(s): 1160.0, Count: 42133, OPS: 36.3, Avg(us): 27441, Min(us): 25312, Max(us): 45311, 50th(us): 26911, 90th(us): 29567, 95th(us): 32207, 99th(us): 34943, 99.9th(us): 36959, 99.99th(us): 42527
INSERT - Takes(s): 1170.0, Count: 42499, OPS: 36.3, Avg(us): 27439, Min(us): 25312, Max(us): 45311, 50th(us): 26911, 90th(us): 29567, 95th(us): 32207, 99th(us): 34911, 99.9th(us): 36959, 99.99th(us): 42527
TOTAL  - Takes(s): 1170.0, Count: 42499, OPS: 36.3, Avg(us): 27439, Min(us): 25312, Max(us): 45311, 50th(us): 26911, 90th(us): 29567, 95th(us): 32207, 99th(us): 34911, 99.9th(us): 36959, 99.99th(us): 42527
INSERT - Takes(s): 1180.0, Count: 42863, OPS: 36.3, Avg(us): 27439, Min(us): 25312, Max(us): 45311, 50th(us): 26895, 90th(us): 29567, 95th(us): 32207, 99th(us): 34911, 99.9th(us): 36959, 99.99th(us): 42527
TOTAL  - Takes(s): 1180.0, Count: 42863, OPS: 36.3, Avg(us): 27439, Min(us): 25312, Max(us): 45311, 50th(us): 26895, 90th(us): 29567, 95th(us): 32207, 99th(us): 34911, 99.9th(us): 36959, 99.99th(us): 42527
INSERT - Takes(s): 1190.0, Count: 43228, OPS: 36.3, Avg(us): 27437, Min(us): 25312, Max(us): 45311, 50th(us): 26895, 90th(us): 29567, 95th(us): 32207, 99th(us): 34911, 99.9th(us): 36959, 99.99th(us): 42527
TOTAL  - Takes(s): 1190.0, Count: 43228, OPS: 36.3, Avg(us): 27437, Min(us): 25312, Max(us): 45311, 50th(us): 26895, 90th(us): 29567, 95th(us): 32207, 99th(us): 34911, 99.9th(us): 36959, 99.99th(us): 42527
INSERT - Takes(s): 1200.0, Count: 43593, OPS: 36.3, Avg(us): 27436, Min(us): 25312, Max(us): 45311, 50th(us): 26895, 90th(us): 29551, 95th(us): 32191, 99th(us): 34911, 99.9th(us): 36895, 99.99th(us): 42527
TOTAL  - Takes(s): 1200.0, Count: 43593, OPS: 36.3, Avg(us): 27436, Min(us): 25312, Max(us): 45311, 50th(us): 26895, 90th(us): 29551, 95th(us): 32191, 99th(us): 34911, 99.9th(us): 36895, 99.99th(us): 42527
INSERT - Takes(s): 1210.0, Count: 43956, OPS: 36.3, Avg(us): 27437, Min(us): 25264, Max(us): 45311, 50th(us): 26895, 90th(us): 29551, 95th(us): 32207, 99th(us): 34911, 99.9th(us): 36895, 99.99th(us): 42527
TOTAL  - Takes(s): 1210.0, Count: 43956, OPS: 36.3, Avg(us): 27437, Min(us): 25264, Max(us): 45311, 50th(us): 26895, 90th(us): 29551, 95th(us): 32207, 99th(us): 34911, 99.9th(us): 36895, 99.99th(us): 42527
INSERT - Takes(s): 1220.0, Count: 44320, OPS: 36.3, Avg(us): 27436, Min(us): 25264, Max(us): 45311, 50th(us): 26895, 90th(us): 29551, 95th(us): 32191, 99th(us): 34911, 99.9th(us): 36895, 99.99th(us): 42527
TOTAL  - Takes(s): 1220.0, Count: 44320, OPS: 36.3, Avg(us): 27436, Min(us): 25264, Max(us): 45311, 50th(us): 26895, 90th(us): 29551, 95th(us): 32191, 99th(us): 34911, 99.9th(us): 36895, 99.99th(us): 42527
INSERT - Takes(s): 1230.0, Count: 44683, OPS: 36.3, Avg(us): 27436, Min(us): 25264, Max(us): 45311, 50th(us): 26895, 90th(us): 29551, 95th(us): 32191, 99th(us): 34911, 99.9th(us): 36895, 99.99th(us): 42527
TOTAL  - Takes(s): 1230.0, Count: 44683, OPS: 36.3, Avg(us): 27436, Min(us): 25264, Max(us): 45311, 50th(us): 26895, 90th(us): 29551, 95th(us): 32191, 99th(us): 34911, 99.9th(us): 36895, 99.99th(us): 42527
INSERT - Takes(s): 1240.0, Count: 45046, OPS: 36.3, Avg(us): 27436, Min(us): 25264, Max(us): 45311, 50th(us): 26895, 90th(us): 29551, 95th(us): 32175, 99th(us): 34911, 99.9th(us): 36959, 99.99th(us): 42399
TOTAL  - Takes(s): 1240.0, Count: 45046, OPS: 36.3, Avg(us): 27436, Min(us): 25264, Max(us): 45311, 50th(us): 26895, 90th(us): 29551, 95th(us): 32175, 99th(us): 34911, 99.9th(us): 36959, 99.99th(us): 42399
INSERT - Takes(s): 1250.0, Count: 45409, OPS: 36.3, Avg(us): 27437, Min(us): 25264, Max(us): 45311, 50th(us): 26895, 90th(us): 29551, 95th(us): 32175, 99th(us): 34911, 99.9th(us): 36959, 99.99th(us): 42399
TOTAL  - Takes(s): 1250.0, Count: 45409, OPS: 36.3, Avg(us): 27437, Min(us): 25264, Max(us): 45311, 50th(us): 26895, 90th(us): 29551, 95th(us): 32175, 99th(us): 34911, 99.9th(us): 36959, 99.99th(us): 42399
INSERT - Takes(s): 1260.0, Count: 45774, OPS: 36.3, Avg(us): 27436, Min(us): 25264, Max(us): 45311, 50th(us): 26895, 90th(us): 29551, 95th(us): 32175, 99th(us): 34911, 99.9th(us): 36895, 99.99th(us): 42399
TOTAL  - Takes(s): 1260.0, Count: 45774, OPS: 36.3, Avg(us): 27436, Min(us): 25264, Max(us): 45311, 50th(us): 26895, 90th(us): 29551, 95th(us): 32175, 99th(us): 34911, 99.9th(us): 36895, 99.99th(us): 42399
INSERT - Takes(s): 1270.0, Count: 46140, OPS: 36.3, Avg(us): 27434, Min(us): 25264, Max(us): 45311, 50th(us): 26895, 90th(us): 29551, 95th(us): 32175, 99th(us): 34911, 99.9th(us): 36895, 99.99th(us): 42399
TOTAL  - Takes(s): 1270.0, Count: 46140, OPS: 36.3, Avg(us): 27434, Min(us): 25264, Max(us): 45311, 50th(us): 26895, 90th(us): 29551, 95th(us): 32175, 99th(us): 34911, 99.9th(us): 36895, 99.99th(us): 42399
INSERT - Takes(s): 1280.0, Count: 46506, OPS: 36.3, Avg(us): 27432, Min(us): 25264, Max(us): 45311, 50th(us): 26895, 90th(us): 29551, 95th(us): 32175, 99th(us): 34911, 99.9th(us): 36895, 99.99th(us): 42527
TOTAL  - Takes(s): 1280.0, Count: 46506, OPS: 36.3, Avg(us): 27432, Min(us): 25264, Max(us): 45311, 50th(us): 26895, 90th(us): 29551, 95th(us): 32175, 99th(us): 34911, 99.9th(us): 36895, 99.99th(us): 42527
INSERT - Takes(s): 1290.0, Count: 46871, OPS: 36.3, Avg(us): 27431, Min(us): 25264, Max(us): 45311, 50th(us): 26895, 90th(us): 29535, 95th(us): 32175, 99th(us): 34911, 99.9th(us): 36895, 99.99th(us): 42527
TOTAL  - Takes(s): 1290.0, Count: 46871, OPS: 36.3, Avg(us): 27431, Min(us): 25264, Max(us): 45311, 50th(us): 26895, 90th(us): 29535, 95th(us): 32175, 99th(us): 34911, 99.9th(us): 36895, 99.99th(us): 42527
INSERT - Takes(s): 1300.0, Count: 47237, OPS: 36.3, Avg(us): 27430, Min(us): 25264, Max(us): 45311, 50th(us): 26879, 90th(us): 29535, 95th(us): 32175, 99th(us): 34911, 99.9th(us): 36959, 99.99th(us): 42527
TOTAL  - Takes(s): 1300.0, Count: 47237, OPS: 36.3, Avg(us): 27430, Min(us): 25264, Max(us): 45311, 50th(us): 26879, 90th(us): 29535, 95th(us): 32175, 99th(us): 34911, 99.9th(us): 36959, 99.99th(us): 42527
INSERT - Takes(s): 1310.0, Count: 47601, OPS: 36.3, Avg(us): 27429, Min(us): 25264, Max(us): 45311, 50th(us): 26879, 90th(us): 29535, 95th(us): 32175, 99th(us): 34911, 99.9th(us): 36895, 99.99th(us): 42527
TOTAL  - Takes(s): 1310.0, Count: 47601, OPS: 36.3, Avg(us): 27429, Min(us): 25264, Max(us): 45311, 50th(us): 26879, 90th(us): 29535, 95th(us): 32175, 99th(us): 34911, 99.9th(us): 36895, 99.99th(us): 42527
INSERT - Takes(s): 1320.0, Count: 47965, OPS: 36.3, Avg(us): 27429, Min(us): 25264, Max(us): 45311, 50th(us): 26879, 90th(us): 29535, 95th(us): 32175, 99th(us): 34911, 99.9th(us): 36959, 99.99th(us): 42527
TOTAL  - Takes(s): 1320.0, Count: 47965, OPS: 36.3, Avg(us): 27429, Min(us): 25264, Max(us): 45311, 50th(us): 26879, 90th(us): 29535, 95th(us): 32175, 99th(us): 34911, 99.9th(us): 36959, 99.99th(us): 42527
INSERT - Takes(s): 1330.0, Count: 48324, OPS: 36.3, Avg(us): 27431, Min(us): 25264, Max(us): 45311, 50th(us): 26879, 90th(us): 29535, 95th(us): 32175, 99th(us): 34911, 99.9th(us): 36959, 99.99th(us): 42527
TOTAL  - Takes(s): 1330.0, Count: 48324, OPS: 36.3, Avg(us): 27431, Min(us): 25264, Max(us): 45311, 50th(us): 26879, 90th(us): 29535, 95th(us): 32175, 99th(us): 34911, 99.9th(us): 36959, 99.99th(us): 42527
INSERT - Takes(s): 1340.0, Count: 48685, OPS: 36.3, Avg(us): 27433, Min(us): 25264, Max(us): 45311, 50th(us): 26879, 90th(us): 29535, 95th(us): 32191, 99th(us): 34911, 99.9th(us): 36959, 99.99th(us): 42527
TOTAL  - Takes(s): 1340.0, Count: 48685, OPS: 36.3, Avg(us): 27433, Min(us): 25264, Max(us): 45311, 50th(us): 26879, 90th(us): 29535, 95th(us): 32191, 99th(us): 34911, 99.9th(us): 36959, 99.99th(us): 42527
INSERT - Takes(s): 1350.0, Count: 49047, OPS: 36.3, Avg(us): 27434, Min(us): 25264, Max(us): 45311, 50th(us): 26879, 90th(us): 29535, 95th(us): 32191, 99th(us): 34911, 99.9th(us): 36959, 99.99th(us): 42527
TOTAL  - Takes(s): 1350.0, Count: 49047, OPS: 36.3, Avg(us): 27434, Min(us): 25264, Max(us): 45311, 50th(us): 26879, 90th(us): 29535, 95th(us): 32191, 99th(us): 34911, 99.9th(us): 36959, 99.99th(us): 42527
INSERT - Takes(s): 1360.0, Count: 49412, OPS: 36.3, Avg(us): 27432, Min(us): 25264, Max(us): 45311, 50th(us): 26879, 90th(us): 29535, 95th(us): 32175, 99th(us): 34911, 99.9th(us): 36959, 99.99th(us): 42527
TOTAL  - Takes(s): 1360.0, Count: 49412, OPS: 36.3, Avg(us): 27432, Min(us): 25264, Max(us): 45311, 50th(us): 26879, 90th(us): 29535, 95th(us): 32175, 99th(us): 34911, 99.9th(us): 36959, 99.99th(us): 42527
INSERT - Takes(s): 1370.0, Count: 49776, OPS: 36.3, Avg(us): 27432, Min(us): 25264, Max(us): 45311, 50th(us): 26879, 90th(us): 29535, 95th(us): 32191, 99th(us): 34911, 99.9th(us): 36895, 99.99th(us): 42527
TOTAL  - Takes(s): 1370.0, Count: 49776, OPS: 36.3, Avg(us): 27432, Min(us): 25264, Max(us): 45311, 50th(us): 26879, 90th(us): 29535, 95th(us): 32191, 99th(us): 34911, 99.9th(us): 36895, 99.99th(us): 42527
**********************************************
Run finished, takes 22m56.124738568s
INSERT - Takes(s): 1376.1, Count: 50000, OPS: 36.3, Avg(us): 27432, Min(us): 25264, Max(us): 45311, 50th(us): 26879, 90th(us): 29535, 95th(us): 32191, 99th(us): 34911, 99.9th(us): 36895, 99.99th(us): 42527
TOTAL  - Takes(s): 1376.1, Count: 50000, OPS: 36.3, Avg(us): 27432, Min(us): 25264, Max(us): 45311, 50th(us): 26879, 90th(us): 29535, 95th(us): 32191, 99th(us): 34911, 99.9th(us): 36895, 99.99th(us): 42527
